Log file open, 12/09/18 16:45:01
LogWindows: Failed to load 'aqProf.dll' (GetLastError=126)
LogWindows: File 'aqProf.dll' does not exist
LogWindows: Failed to load 'VSPerf140.dll' (GetLastError=126)
LogWindows: File 'VSPerf140.dll' does not exist
LogWindows: Failed to load 'VtuneApi.dll' (GetLastError=126)
LogWindows: File 'VtuneApi.dll' does not exist
LogWindows: Failed to load 'VtuneApi32e.dll' (GetLastError=126)
LogWindows: File 'VtuneApi32e.dll' does not exist
LogInit: Display: Running engine for game: SushiShop
LogPlatformFile: Not using cached read wrapper
LogTaskGraph: Started task graph with 5 named threads and 23 total threads with 3 sets of task threads.
LogStats: Stats thread started at 0.281118
LogD3D11RHI: Loaded GFSDK_Aftermath_Lib.x64.dll
LogICUInternationalization: Display: ICU TimeZone Detection - Raw Offset: -8:00, Platform Override: ''
LogPluginManager: Mounting plugin Paper2D
LogPluginManager: Mounting plugin AISupport
LogPluginManager: Mounting plugin LightPropagationVolume
LogPluginManager: Mounting plugin CLionSourceCodeAccess
LogPluginManager: Mounting plugin CodeLiteSourceCodeAccess
LogPluginManager: Mounting plugin GitSourceControl
LogPluginManager: Mounting plugin KDevelopSourceCodeAccess
LogPluginManager: Mounting plugin NullSourceCodeAccess
LogPluginManager: Mounting plugin PerforceSourceControl
LogPluginManager: Mounting plugin SubversionSourceControl
LogPluginManager: Mounting plugin UObjectPlugin
LogPluginManager: Mounting plugin VisualStudioCodeSourceCodeAccess
LogPluginManager: Mounting plugin VisualStudioSourceCodeAccess
LogPluginManager: Mounting plugin XCodeSourceCodeAccess
LogPluginManager: Mounting plugin AssetManagerEditor
LogPluginManager: Mounting plugin CryptoKeys
LogPluginManager: Mounting plugin DataValidation
LogPluginManager: Mounting plugin FacialAnimation
LogPluginManager: Mounting plugin GameplayTagsEditor
LogPluginManager: Mounting plugin MacGraphicsSwitching
LogPluginManager: Mounting plugin MeshEditor
LogPluginManager: Mounting plugin MobileLauncherProfileWizard
LogPluginManager: Mounting plugin PluginBrowser
LogPluginManager: Mounting plugin SpeedTreeImporter
LogPluginManager: Mounting plugin DatasmithContent
LogPluginManager: Mounting plugin AlembicImporter
LogPluginManager: Mounting plugin AppleImageUtils
LogPluginManager: Mounting plugin AppleVision
LogPluginManager: Mounting plugin BackChannel
LogPluginManager: Mounting plugin BlueprintStats
LogPluginManager: Mounting plugin CharacterAI
LogPluginManager: Mounting plugin GeometryCache
LogPluginManager: Mounting plugin HTML5Networking
LogPluginManager: Mounting plugin ProxyLODPlugin
LogPluginManager: Mounting plugin MagicLeap
LogPluginManager: Mounting plugin MagicLeapEmulator
LogPluginManager: Mounting plugin MagicLeapMedia
LogPluginManager: Mounting plugin AndroidMedia
LogPluginManager: Mounting plugin AvfMedia
LogPluginManager: Mounting plugin ImgMedia
LogPluginManager: Mounting plugin LinearTimecode
LogPluginManager: Mounting plugin MediaCompositing
LogPluginManager: Mounting plugin MediaPlayerEditor
LogPluginManager: Mounting plugin WmfMedia
LogPluginManager: Mounting plugin TcpMessaging
LogPluginManager: Mounting plugin UdpMessaging
LogPluginManager: Mounting plugin ActorSequence
LogPluginManager: Mounting plugin LevelSequenceEditor
LogPluginManager: Mounting plugin MatineeToLevelSequence
LogPluginManager: Mounting plugin NetcodeUnitTest
LogPluginManager: Mounting plugin NUTUnrealEngine4
LogPluginManager: Mounting plugin OnlineSubsystemGooglePlay
LogPluginManager: Mounting plugin OnlineSubsystemIOS
LogPluginManager: Mounting plugin OnlineSubsystem
LogPluginManager: Mounting plugin OnlineSubsystemNull
LogPluginManager: Mounting plugin OnlineSubsystemUtils
LogPluginManager: Mounting plugin LauncherChunkInstaller
LogPluginManager: Mounting plugin AndroidDeviceProfileSelector
LogPluginManager: Mounting plugin AndroidMoviePlayer
LogPluginManager: Mounting plugin AndroidPermission
LogPluginManager: Mounting plugin ApexDestruction
LogPluginManager: Mounting plugin AppleMoviePlayer
LogPluginManager: Mounting plugin ArchVisCharacter
LogPluginManager: Mounting plugin AudioCapture
LogPluginManager: Mounting plugin CableComponent
LogPluginManager: Mounting plugin CustomMeshComponent
LogPluginManager: Mounting plugin EditableMesh
LogPluginManager: Mounting plugin ExampleDeviceProfileSelector
LogPluginManager: Mounting plugin GoogleCloudMessaging
LogPluginManager: Mounting plugin ImmediatePhysics
LogPluginManager: Mounting plugin IOSDeviceProfileSelector
LogPluginManager: Mounting plugin LinuxDeviceProfileSelector
LogPluginManager: Mounting plugin LocationServicesBPLibrary
LogPluginManager: Mounting plugin MobilePatchingUtils
LogPluginManager: Mounting plugin OculusAudio
LogPluginManager: Mounting plugin OculusVR
LogPluginManager: Plugin shader directory ../../../Engine/Plugins/Runtime/Oculus/OculusVR/Shaders found
LogPluginManager: Mapping shader source directory ../../../Engine/Plugins/Runtime/Oculus/OculusVR/Shaders to virtual directory /Plugin/OculusVR
LogPluginManager: Mounting plugin PhysXVehicles
LogPluginManager: Mounting plugin ProceduralMeshComponent
LogPluginManager: Mounting plugin RuntimePhysXCooking
LogPluginManager: Mounting plugin SoundVisualizations
LogPluginManager: Mounting plugin SteamVR
LogPluginManager: Mounting plugin WindowsMoviePlayer
LogStreaming: Display: Took  0.102s to configure plugins.
LogInit: Using libcurl 7.55.1-DEV
LogInit:  - built for x86_64-pc-win32
LogInit:  - supports SSL with OpenSSL/1.0.2h
LogInit:  - supports HTTP deflate (compression) using libz 1.2.8
LogInit:  - other features:
LogInit:      CURL_VERSION_SSL
LogInit:      CURL_VERSION_LIBZ
LogInit:      CURL_VERSION_IPV6
LogInit:      CURL_VERSION_ASYNCHDNS
LogInit:      CURL_VERSION_LARGEFILE
LogInit:      CURL_VERSION_IDN
LogInit:  CurlRequestOptions (configurable via config and command line):
LogInit:  - bVerifyPeer = false  - Libcurl will NOT verify peer certificate
LogInit:  - bUseHttpProxy = false  - Libcurl will NOT use HTTP proxy
LogInit:  - bDontReuseConnections = false  - Libcurl will reuse connections
LogInit:  - CertBundlePath = nullptr  - Libcurl will use whatever was configured at build time.
LogInit:  - MaxHostConnections = 16  - Libcurl will limit the number of connections to a host
LogInit:  - LocalHostAddr = Default
LogInit:  - BufferSize = 65536
LogInit: WinSock: version 1.1 (2.2), MaxSocks=32767, MaxUdp=65467
LogInit: Build: ++UE4+Release-4.20-CL-4369336
LogInit: Engine Version: 4.20.3-4369336+++UE4+Release-4.20
LogInit: Compatible Engine Version: 4.20.0-4212847+++UE4+Release-4.20
LogInit: Net CL: 4212847
LogInit: OS: Windows 10 (), CPU: Intel(R) Core(TM) i7-8550U CPU @ 1.80GHz, GPU: Intel(R) UHD Graphics 620
LogInit: Compiled (64-bit): Sep 17 2018 12:26:19
LogInit: Compiled with Visual C++: 19.13.26129.00
LogInit: Build Configuration: Development
LogInit: Branch Name: ++UE4+Release-4.20
LogInit: Command Line:  
LogInit: Base Directory: C:/Program Files/Epic Games/UE_4.20/Engine/Binaries/Win64/
LogInit: Installed Engine Build: 1
LogDevObjectVersion: Number of dev versions registered: 20
LogDevObjectVersion:   Dev-Blueprints (B0D832E4-1F89-4F0D-ACCF-7EB736FD4AA2): 10
LogDevObjectVersion:   Dev-Build (E1C64328-A22C-4D53-A36C-8E866417BD8C): 0
LogDevObjectVersion:   Dev-Core (375EC13C-06E4-48FB-B500-84F0262A717E): 2
LogDevObjectVersion:   Dev-Editor (E4B068ED-F494-42E9-A231-DA0B2E46BB41): 24
LogDevObjectVersion:   Dev-Framework (CFFC743F-43B0-4480-9391-14DF171D2073): 34
LogDevObjectVersion:   Dev-Mobile (B02B49B5-BB20-44E9-A304-32B752E40360): 2
LogDevObjectVersion:   Dev-Networking (A4E4105C-59A1-49B5-A7C5-40C4547EDFEE): 0
LogDevObjectVersion:   Dev-Online (39C831C9-5AE6-47DC-9A44-9C173E1C8E7C): 0
LogDevObjectVersion:   Dev-Physics (78F01B33-EBEA-4F98-B9B4-84EACCB95AA2): 0
LogDevObjectVersion:   Dev-Platform (6631380F-2D4D-43E0-8009-CF276956A95A): 0
LogDevObjectVersion:   Dev-Rendering (12F88B9F-8875-4AFC-A67C-D90C383ABD29): 26
LogDevObjectVersion:   Dev-Sequencer (7B5AE74C-D270-4C10-A958-57980B212A5A): 9
LogDevObjectVersion:   Dev-VR (D7296918-1DD6-4BDD-9DE2-64A83CC13884): 2
LogDevObjectVersion:   Dev-LoadTimes (C2A15278-BFE7-4AFE-6C17-90FF531DF755): 1
LogDevObjectVersion:   Private-Geometry (6EACA3D4-40EC-4CC1-B786-8BED09428FC5): 3
LogDevObjectVersion:   Dev-AnimPhys (29E575DD-E0A3-4627-9D10-D276232CDCEA): 17
LogDevObjectVersion:   Dev-ReflectionCapture (6B266CEC-1EC7-4B8F-A30B-E4D90942FC07): 1
LogDevObjectVersion:   Dev-Automation (0DF73D61-A23F-47EA-B727-89E90C41499A): 1
LogDevObjectVersion:   FortniteMain (601D1886-AC64-4F84-AA16-D3DE0DEAC7D6): 12
LogDevObjectVersion:   Dev-Enterprise (9DFFBCD6-494F-0158-E221-12823C92A888): 1
LogStreaming: Display: Took  0.001s to delete old logs.
LogInit: Presizing for max 8388607 objects, including 0 objects not considered by GC, pre-allocating 0 bytes for permanent pool.
LogInit: Object subsystem initialized
[2018.12.10-00.45.01:749][  0]LogInit: Selected Device Profile: [Windows]
[2018.12.10-00.45.01:749][  0]LogInit: Applying CVar settings loaded from the selected device profile: [Windows]
[2018.12.10-00.45.01:760][  0]LogHAL: Display: Platform has ~ 16 GB [17091371008 / 17179869184 / 16], which maps to Larger [LargestMinGB=32, LargerMinGB=12, DefaultMinGB=8, SmallerMinGB=6, SmallestMinGB=0)
[2018.12.10-00.45.01:760][  0]LogInit: Setting Device Profile CVar: [[r.Vulkan.UseRealUBs:1]]
[2018.12.10-00.45.01:760][  0]LogInit: Going up to parent DeviceProfile []
[2018.12.10-00.45.01:761][  0]LogInit: Computer: DESKTOP-2QNA1SC
[2018.12.10-00.45.01:761][  0]LogInit: User: darkm
[2018.12.10-00.45.01:761][  0]LogInit: CPU Page size=4096, Cores=4
[2018.12.10-00.45.01:761][  0]LogInit: High frequency timer resolution =10.000000 MHz
[2018.12.10-00.45.01:761][  0]LogMemory: Memory total: Physical=15.9GB (16GB approx)
[2018.12.10-00.45.01:761][  0]LogMemory: Platform Memory Stats for Windows
[2018.12.10-00.45.01:761][  0]LogMemory: Process Physical Memory: 101.69 MB used, 101.69 MB peak
[2018.12.10-00.45.01:761][  0]LogMemory: Process Virtual Memory: 91.15 MB used, 91.15 MB peak
[2018.12.10-00.45.01:761][  0]LogMemory: Physical Memory: 5394.40 MB used,  10905.20 MB free, 16299.60 MB total
[2018.12.10-00.45.01:761][  0]LogMemory: Virtual Memory: 4646.76 MB used,  10905.20 MB free, 134217728.00 MB total
[2018.12.10-00.45.01:779][  0]LogInit: Using OS detected language (en-US).
[2018.12.10-00.45.01:779][  0]LogInit: Using OS detected locale (en-US).
[2018.12.10-00.45.01:780][  0]LogTextLocalizationManager: No specific localization for 'en-US' exists, so the 'en' localization will be used.
[2018.12.10-00.45.02:109][  0]LogStreaming: Display: Took  0.330s to InitEngineTextLocalization.
[2018.12.10-00.45.02:110][  0]LogInit: Setting process to per monitor DPI aware
[2018.12.10-00.45.02:138][  0]LogSlate: New Slate User Created.  User Index 0, Is Virtual User: 0
[2018.12.10-00.45.02:138][  0]LogSlate: Slate User Registered.  User Index 0, Is Virtual User: 0
[2018.12.10-00.45.02:328][  0]LogHMD: Failed to initialize OpenVR with code 110
[2018.12.10-00.45.02:328][  0]LogD3D11RHI: D3D11 adapters:
[2018.12.10-00.45.02:369][  0]LogD3D11RHI:    0. 'Radeon 500 Series' (Feature Level 11_0)
[2018.12.10-00.45.02:369][  0]LogD3D11RHI:       2029/0/8149 MB DedicatedVideo/DedicatedSystem/SharedSystem, Outputs:1, VendorId:0x1002
[2018.12.10-00.45.02:383][  0]LogD3D11RHI:    1. 'Intel(R) UHD Graphics 620' (Feature Level 11_0)
[2018.12.10-00.45.02:383][  0]LogD3D11RHI:       128/0/8149 MB DedicatedVideo/DedicatedSystem/SharedSystem, Outputs:0, VendorId:0x8086
[2018.12.10-00.45.02:385][  0]LogD3D11RHI:    2. 'Microsoft Basic Render Driver' (Feature Level 11_0)
[2018.12.10-00.45.02:385][  0]LogD3D11RHI:       0/0/8149 MB DedicatedVideo/DedicatedSystem/SharedSystem, Outputs:0, VendorId:0x1414
[2018.12.10-00.45.02:385][  0]LogD3D11RHI: Chosen D3D11 Adapter: 0
[2018.12.10-00.45.02:392][  0]LogD3D11RHI: Creating new Direct3DDevice
[2018.12.10-00.45.02:392][  0]LogD3D11RHI:     GPU DeviceId: 0x699f (for the marketing name, search the web for "GPU Device Id")
[2018.12.10-00.45.02:392][  0]LogWindows: EnumDisplayDevices:
[2018.12.10-00.45.02:392][  0]LogWindows:    0. 'Intel(R) UHD Graphics 620' (P:1 D:1)
[2018.12.10-00.45.02:393][  0]LogWindows:    1. 'Intel(R) UHD Graphics 620' (P:0 D:0)
[2018.12.10-00.45.02:393][  0]LogWindows:    2. 'Intel(R) UHD Graphics 620' (P:0 D:0)
[2018.12.10-00.45.02:393][  0]LogWindows: DebugString: PrimaryIsNotTheChoosenAdapter PrimaryIsNotTheChoosenAdapter PrimaryIsNotTheChoosenAdapter FoundDriverCount:0 
[2018.12.10-00.45.02:393][  0]LogD3D11RHI:     Adapter Name: Radeon 500 Series
[2018.12.10-00.45.02:393][  0]LogD3D11RHI:   Driver Version: Unknown (internal:Unknown, unified:Unknown)
[2018.12.10-00.45.02:393][  0]LogD3D11RHI:      Driver Date: Unknown
[2018.12.10-00.45.02:393][  0]LogRHI: Texture pool is 1420 MB (70% of 2029 MB)
[2018.12.10-00.45.02:444][  0]LogD3D11RHI: Async texture creation enabled
[2018.12.10-00.45.02:454][  0]LogD3D11RHI: GPU Timing Frequency: 25.000000 (Debug: 2 1)
[2018.12.10-00.45.02:455][  0]LogShaderCompilers: Guid format shader working directory is -26 characters bigger than the processId version (../../../../../../Users/darkm/Documents/GitHub/SushiShop/SushiShop 4.19/Intermediate/Shaders/WorkingDirectory/13416/).
[2018.12.10-00.45.02:455][  0]LogShaderCompilers: Cleaned the shader compiler working directory 'C:/Users/darkm/AppData/Local/Temp/UnrealShaderWorkingDir/965A4DE94D3F7F12E87E46A2E93DDE95/'.
[2018.12.10-00.45.02:733][  0]LogTemp: Display: Loaded TP AllDesktopTargetPlatform
[2018.12.10-00.45.02:748][  0]LogTemp: Display: Loaded TP MacClientTargetPlatform
[2018.12.10-00.45.02:763][  0]LogTemp: Display: Loaded TP MacNoEditorTargetPlatform
[2018.12.10-00.45.02:781][  0]LogTemp: Display: Loaded TP MacServerTargetPlatform
[2018.12.10-00.45.02:796][  0]LogTemp: Display: Loaded TP MacTargetPlatform
[2018.12.10-00.45.02:812][  0]LogTemp: Display: Loaded TP WindowsClientTargetPlatform
[2018.12.10-00.45.02:829][  0]LogTemp: Display: Loaded TP WindowsNoEditorTargetPlatform
[2018.12.10-00.45.02:845][  0]LogTemp: Display: Loaded TP WindowsServerTargetPlatform
[2018.12.10-00.45.02:851][  0]LogTemp: Display: Loaded TP WindowsTargetPlatform
[2018.12.10-00.45.02:932][  0]LogTemp: Display: Loaded TP AndroidTargetPlatform
[2018.12.10-00.45.02:932][  0]LogTemp: Display: Loaded TP AndroidTargetPlatform
[2018.12.10-00.45.02:932][  0]LogTemp: Display: Loaded TP AndroidTargetPlatform
[2018.12.10-00.45.02:932][  0]LogTemp: Display: Loaded TP AndroidTargetPlatform
[2018.12.10-00.45.02:932][  0]LogTemp: Display: Loaded TP AndroidTargetPlatform
[2018.12.10-00.45.02:932][  0]LogTemp: Display: Loaded TP AndroidTargetPlatform
[2018.12.10-00.45.02:932][  0]LogTemp: Display: Loaded TP AndroidTargetPlatform
[2018.12.10-00.45.02:932][  0]LogTemp: Display: Loaded TP AndroidTargetPlatform
[2018.12.10-00.45.02:932][  0]LogTemp: Display: Loaded TP AndroidTargetPlatform
[2018.12.10-00.45.02:932][  0]LogTemp: Display: Loaded TP AndroidTargetPlatform
[2018.12.10-00.45.02:932][  0]LogTemp: Display: Loaded TP AndroidTargetPlatform
[2018.12.10-00.45.02:932][  0]LogTemp: Display: Loaded TP AndroidTargetPlatform
[2018.12.10-00.45.02:932][  0]LogTemp: Display: Loaded TP AndroidTargetPlatform
[2018.12.10-00.45.02:932][  0]LogTemp: Display: Loaded TP AndroidTargetPlatform
[2018.12.10-00.45.02:932][  0]LogTemp: Display: Loaded TP AndroidTargetPlatform
[2018.12.10-00.45.02:932][  0]LogTemp: Display: Loaded TP AndroidTargetPlatform
[2018.12.10-00.45.02:932][  0]LogTemp: Display: Loaded TP AndroidTargetPlatform
[2018.12.10-00.45.02:932][  0]LogTemp: Display: Loaded TP AndroidTargetPlatform
[2018.12.10-00.45.02:934][  0]LogTemp: Display: Loaded TP HTML5TargetPlatform
[2018.12.10-00.45.02:998][  0]LogTemp: Display: Loaded TP IOSTargetPlatform
[2018.12.10-00.45.02:998][  0]LogTemp: Display: Loaded TP IOSTargetPlatform
[2018.12.10-00.45.03:023][  0]LogTemp: Display: Loaded TP TVOSTargetPlatform
[2018.12.10-00.45.03:023][  0]LogTemp: Display: Loaded TP TVOSTargetPlatform
[2018.12.10-00.45.03:038][  0]LogTemp: Display: Loaded TP LinuxClientTargetPlatform
[2018.12.10-00.45.03:052][  0]LogTemp: Display: Loaded TP LinuxNoEditorTargetPlatform
[2018.12.10-00.45.03:066][  0]LogTemp: Display: Loaded TP LinuxServerTargetPlatform
[2018.12.10-00.45.03:082][  0]LogTemp: Display: Loaded TP LinuxTargetPlatform
[2018.12.10-00.45.03:090][  0]LogTemp: Display: Loaded TP LuminTargetPlatform
[2018.12.10-00.45.03:090][  0]LogTargetPlatformManager: Display: Building Assets For Windows
[2018.12.10-00.45.03:156][  0]LogXGEController: Cleaning working directory: C:/Users/darkm/AppData/Local/Temp/UnrealXGEWorkingDir/
[2018.12.10-00.45.03:156][  0]LogXGEController: Cannot use XGE Controller as Incredibuild is not installed on this machine.
[2018.12.10-00.45.03:156][  0]LogShaderCompilers: Cannot use XGE Shader Compiler as Incredibuild is not installed on this machine.
[2018.12.10-00.45.03:156][  0]LogShaderCompilers: Display: Using Local Shader Compiler.
[2018.12.10-00.45.03:838][  0]LogDerivedDataCache: Display: Max Cache Size: 512 MB
[2018.12.10-00.45.03:886][  0]LogDerivedDataCache: Loaded boot cache 0.05s 73MB C:/Users/darkm/AppData/Local/UnrealEngine/4.20/DerivedDataCache/Boot.ddc.
[2018.12.10-00.45.03:886][  0]LogDerivedDataCache: Display: Loaded Boot cache: C:/Users/darkm/AppData/Local/UnrealEngine/4.20/DerivedDataCache/Boot.ddc
[2018.12.10-00.45.03:886][  0]LogDerivedDataCache: FDerivedDataBackendGraph:  Pak pak cache file ../../../../../../Users/darkm/Documents/GitHub/SushiShop/SushiShop 4.19/DerivedDataCache/DDC.ddp not found, will not use a pak cache.
[2018.12.10-00.45.03:886][  0]LogDerivedDataCache: Unable to find inner node Pak for hierarchical cache Hierarchy.
[2018.12.10-00.45.03:886][  0]LogDerivedDataCache: FDerivedDataBackendGraph:  CompressedPak pak cache file ../../../../../../Users/darkm/Documents/GitHub/SushiShop/SushiShop 4.19/DerivedDataCache/Compressed.ddp not found, will not use a pak cache.
[2018.12.10-00.45.03:886][  0]LogDerivedDataCache: Unable to find inner node CompressedPak for hierarchical cache Hierarchy.
[2018.12.10-00.45.03:898][  0]LogDerivedDataCache: Display: Pak cache opened for reading ../../../Engine/DerivedDataCache/Compressed.ddp.
[2018.12.10-00.45.03:910][  0]LogDerivedDataCache: Using Local data cache path C:/Users/darkm/AppData/Local/UnrealEngine/Common/DerivedDataCache: Writable
[2018.12.10-00.45.03:910][  0]LogDerivedDataCache: Shared data cache path not found in *engine.ini, will not use an Shared cache.
[2018.12.10-00.45.03:910][  0]LogDerivedDataCache: Unable to find inner node Shared for hierarchical cache Hierarchy.
[2018.12.10-00.45.03:912][  0]LogMaterial: Verifying Global Shaders for PCD3D_SM5
[2018.12.10-00.45.05:451][  0]LogSlate: Using FreeType 2.6.0
[2018.12.10-00.45.05:451][  0]LogSlate: SlateFontServices - WITH_FREETYPE: 1, WITH_HARFBUZZ: 1
[2018.12.10-00.45.05:521][  0]LogShaderCompilers: Display: Shaders left to compile 1953
[2018.12.10-00.45.05:521][  0]LogShaderCompilers: Display: Shaders left to compile 1952
[2018.12.10-00.45.05:521][  0]LogShaderCompilers: Display: Shaders left to compile 1951
[2018.12.10-00.45.05:521][  0]LogShaderCompilers: Display: Shaders left to compile 1950
[2018.12.10-00.45.05:521][  0]LogShaderCompilers: Display: Shaders left to compile 1949
[2018.12.10-00.45.05:521][  0]LogAssetRegistry: FAssetRegistry took 0.0268 seconds to start up
[2018.12.10-00.45.06:010][  0]LogShaderCompilers: Display: Shaders left to compile 1948
[2018.12.10-00.45.06:010][  0]LogShaderCompilers: Display: Shaders left to compile 1947
[2018.12.10-00.45.06:010][  0]LogInit: Selected Device Profile: [Windows]
[2018.12.10-00.45.06:095][  0]LogShaderCompilers: Display: Shaders left to compile 1946
[2018.12.10-00.45.06:095][  0]LogShaderCompilers: Display: Shaders left to compile 1945
[2018.12.10-00.45.06:095][  0]LogShaderCompilers: Display: Shaders left to compile 1944
[2018.12.10-00.45.06:095][  0]LogSimplygon: Simplygon DLL not present - disabling.
[2018.12.10-00.45.06:102][  0]LogMeshReduction: Using SimplygonSwarm for distributed automatic mesh merging
[2018.12.10-00.45.06:102][  0]LogMeshReduction: Using ProxyLODMeshReduction for automatic mesh merging
[2018.12.10-00.45.06:102][  0]LogMeshReduction: Using QuadricMeshReduction for automatic static mesh reduction
[2018.12.10-00.45.06:102][  0]LogMeshReduction: No automatic skeletal mesh reduction module available
[2018.12.10-00.45.06:276][  0]LogShaderCompilers: Display: Shaders left to compile 1943
[2018.12.10-00.45.06:276][  0]LogShaderCompilers: Display: Shaders left to compile 1942
[2018.12.10-00.45.06:276][  0]LogShaderCompilers: Display: Shaders left to compile 1941
[2018.12.10-00.45.06:276][  0]LogShaderCompilers: Display: Shaders left to compile 1940
[2018.12.10-00.45.06:276][  0]LogShaderCompilers: Display: Shaders left to compile 1939
[2018.12.10-00.45.06:276][  0]LogMeshUtilities: Finished distance field build in 0.0s - 14x8x8 distance field, 4528 triangles, Range [-0.1, 0.6], MatineeCam_SM
[2018.12.10-00.45.06:276][  0]LogMaterial: Display: Missing cached shader map for material MatineeCam_mat, compiling. 
[2018.12.10-00.45.06:369][  0]LogShaderCompilers: Display: Shaders left to compile 1938
[2018.12.10-00.45.06:369][  0]LogShaderCompilers: Display: Shaders left to compile 1937
[2018.12.10-00.45.06:369][  0]LogShaderCompilers: Display: Shaders left to compile 1936
[2018.12.10-00.45.06:369][  0]LogShaderCompilers: Display: Shaders left to compile 1935
[2018.12.10-00.45.06:370][  0]LogShaderCompilers: Display: Shaders left to compile 1934
[2018.12.10-00.45.06:370][  0]LogNetVersion: SushiShop 1.0.0, NetCL: 4212847, EngineNetVer: 5, GameNetVer: 0 (Checksum: 1470877702)
[2018.12.10-00.45.06:420][  0]LogShaderCompilers: Display: Shaders left to compile 1955
[2018.12.10-00.45.06:420][  0]LogMaterial: Display: Missing cached shader map for material HelpActorMaterial, compiling. 
[2018.12.10-00.45.06:722][  0]LogShaderCompilers: Display: Shaders left to compile 1954
[2018.12.10-00.45.06:722][  0]LogShaderCompilers: Display: Shaders left to compile 1953
[2018.12.10-00.45.06:722][  0]LogShaderCompilers: Display: Shaders left to compile 1994
[2018.12.10-00.45.06:722][  0]LogNavigation: Error: [/Script/Engine.NavigationSystem] found in the DefaultEngine.ini file. This class has been moved. Please rename that section to [/Script/NavigationSystem.NavigationSystemV1]
[2018.12.10-00.45.06:771][  0]LogMaterial: Display: Missing cached shader map for material DefaultTextMaterialOpaque, compiling. 
[2018.12.10-00.45.06:906][  0]LogShaderCompilers: Display: Shaders left to compile 1993
[2018.12.10-00.45.06:906][  0]LogShaderCompilers: Display: Shaders left to compile 2037
[2018.12.10-00.45.06:906][  0]LogMaterial: Display: Missing cached shader map for material BaseFlattenMaterial, compiling. 
[2018.12.10-00.45.07:054][  0]LogMaterial: Display: Missing cached shader map for material Xray, compiling. 
[2018.12.10-00.45.07:076][  0]LogShaderCompilers: Display: Shaders left to compile 2095
[2018.12.10-00.45.07:076][  0]LogMaterial: Display: Missing cached shader map for material Main, compiling. 
[2018.12.10-00.45.07:168][  0]LogShaderCompilers: Display: Shaders left to compile 2127
[2018.12.10-00.45.07:168][  0]LogMaterial: Display: Missing cached shader map for material TranslucentTransformGizmoMaterial, compiling. 
[2018.12.10-00.45.07:189][  0]LogMaterial: Display: Missing cached shader map for material TransformGizmoMaterial, compiling. 
[2018.12.10-00.45.07:252][  0]LogShaderCompilers: Display: Shaders left to compile 2142
[2018.12.10-00.45.07:252][  0]LogShaderCompilers: Display: Shaders left to compile 2141
[2018.12.10-00.45.07:252][  0]LogMaterial: Display: Missing cached shader map for material CineMat, compiling. 
[2018.12.10-00.45.07:410][  0]LogShaderCompilers: Display: Shaders left to compile 2199
[2018.12.10-00.45.07:410][  0]LogShaderCompilers: Display: Shaders left to compile 2198
[2018.12.10-00.45.07:410][  0]LogShaderCompilers: Display: Shaders left to compile 2197
[2018.12.10-00.45.07:410][  0]LogMaterial: Display: Missing cached shader map for material M_SimpleOpaque, compiling. 
[2018.12.10-00.45.07:478][  0]LogMaterial: Display: Missing cached shader map for material M_SimpleTranslucent, compiling. 
[2018.12.10-00.45.07:678][  0]LogShaderCompilers: Display: Shaders left to compile 2227
[2018.12.10-00.45.07:678][  0]LogShaderCompilers: Display: Shaders left to compile 2226
[2018.12.10-00.45.07:678][  0]LogMaterial: Display: Missing cached shader map for material Widget3DPassThrough, compiling. 
[2018.12.10-00.45.07:692][  0]LogShaderCompilers: Display: Shaders left to compile 2256
[2018.12.10-00.45.07:692][  0]LogMaterial: Display: Missing cached shader map for material Widget3DPassThrough, compiling. 
[2018.12.10-00.45.07:728][  0]LogShaderCompilers: Display: Shaders left to compile 2266
[2018.12.10-00.45.07:728][  0]LogShaderCompilers: Display: Shaders left to compile 2265
[2018.12.10-00.45.07:728][  0]LogShaderCompilers: Display: Shaders left to compile 2277
[2018.12.10-00.45.07:728][  0]LogMaterial: Display: Missing cached shader map for material Widget3DPassThrough, compiling. 
[2018.12.10-00.45.07:749][  0]LogMaterial: Display: Missing cached shader map for material Widget3DPassThrough, compiling. 
[2018.12.10-00.45.07:771][  0]LogMaterial: Display: Missing cached shader map for material Widget3DPassThrough, compiling. 
[2018.12.10-00.45.07:796][  0]LogMaterial: Display: Missing cached shader map for material Widget3DPassThrough, compiling. 
[2018.12.10-00.45.07:932][  0]LogShaderCompilers: Display: Shaders left to compile 2323
[2018.12.10-00.45.07:932][  0]LogShaderCompilers: Display: Shaders left to compile 2322
[2018.12.10-00.45.07:932][  0]LogMaterial: Display: Missing cached shader map for material SkySphereMaterial, compiling. 
[2018.12.10-00.45.07:956][  0]LogMaterial: Display: Missing cached shader map for material FloorPlaneMaterial, compiling. 
[2018.12.10-00.45.08:115][  0]LogShaderCompilers: Display: Shaders left to compile 2326
[2018.12.10-00.45.08:115][  0]LogShaderCompilers: Display: Shaders left to compile 2356
[2018.12.10-00.45.08:115][  0]LogShaderCompilers: Display: Shaders left to compile 2355
[2018.12.10-00.45.08:115][  0]LogShaderCompilers: Display: Shaders left to compile 2354
[2018.12.10-00.45.08:115][  0]LogMaterial: Display: Missing cached shader map for material LandscapeGizmo_Mat, compiling. 
[2018.12.10-00.45.08:164][  0]LogMaterial: Display: Missing cached shader map for material LandscapeGizmoHeight_Mat, compiling. 
[2018.12.10-00.45.08:235][  0]LogShaderCompilers: Display: Shaders left to compile 2369
[2018.12.10-00.45.08:235][  0]LogShaderCompilers: Display: Shaders left to compile 2427
[2018.12.10-00.45.08:235][  0]LogMaterial: Display: Missing cached shader map for material SplineEditorMeshMat, compiling. 
[2018.12.10-00.45.08:322][  0]LogShaderCompilers: Display: Shaders left to compile 2443
[2018.12.10-00.45.08:322][  0]LogMaterial: Display: Missing cached shader map for material GearVRControllerMaterial, compiling. 
[2018.12.10-00.45.08:544][  0]LogShaderCompilers: Display: Shaders left to compile 2442
[2018.12.10-00.45.08:544][  0]LogShaderCompilers: Display: Shaders left to compile 2463
[2018.12.10-00.45.08:544][  0]LogShaderCompilers: Display: Shaders left to compile 2462
[2018.12.10-00.45.08:544][  0]LogPackageLocalizationCache: Processed 11 localized package path(s) for 2 prioritized culture(s) in 0.191125 seconds
[2018.12.10-00.45.08:553][  0]LogUObjectArray: 38460 objects as part of root set at end of initial load.
[2018.12.10-00.45.08:553][  0]LogUObjectAllocator: 6697288 out of 0 bytes used by permanent object pool.
[2018.12.10-00.45.08:553][  0]LogUObjectArray: CloseDisregardForGC: 0/0 objects in disregard for GC pool
[2018.12.10-00.45.09:752][  0]LogShaderCompilers: Display: Shaders left to compile 2461
[2018.12.10-00.45.09:752][  0]LogShaderCompilers: Display: Shaders left to compile 2460
[2018.12.10-00.45.09:752][  0]LogShaderCompilers: Display: Shaders left to compile 2459
[2018.12.10-00.45.09:752][  0]LogShaderCompilers: Display: Shaders left to compile 2458
[2018.12.10-00.45.09:752][  0]LogShaderCompilers: Display: Shaders left to compile 2457
[2018.12.10-00.45.09:752][  0]LogShaderCompilers: Display: Shaders left to compile 2456
[2018.12.10-00.45.09:752][  0]LogShaderCompilers: Display: Shaders left to compile 2455
[2018.12.10-00.45.09:752][  0]LogShaderCompilers: Display: Shaders left to compile 2454
[2018.12.10-00.45.09:752][  0]LogShaderCompilers: Display: Shaders left to compile 2453
[2018.12.10-00.45.09:752][  0]LogShaderCompilers: Display: Shaders left to compile 2452
[2018.12.10-00.45.09:752][  0]LogShaderCompilers: Display: Shaders left to compile 2451
[2018.12.10-00.45.09:791][  0]LogMaterial: Display: Missing cached shader map for material DefaultSpriteMaterial, compiling. 
[2018.12.10-00.45.09:808][  0]LogMaterial: Display: Missing cached shader map for material DefaultSpriteMaterial, compiling. 
[2018.12.10-00.45.09:908][  0]LogShaderCompilers: Display: Shaders left to compile 2476
[2018.12.10-00.45.09:908][  0]LogMaterial: Display: Missing cached shader map for material BaseColor, compiling. 
[2018.12.10-00.45.09:936][  0]LogMaterial: Display: Missing cached shader map for material CustomDepth, compiling. 
[2018.12.10-00.45.09:997][  0]LogShaderCompilers: Display: Shaders left to compile 2491
[2018.12.10-00.45.09:997][  0]LogMaterial: Display: Missing cached shader map for material CustomStencil, compiling. 
[2018.12.10-00.45.10:012][  0]LogMaterial: Display: Missing cached shader map for material FinalImage, compiling. 
[2018.12.10-00.45.10:026][  0]LogMaterial: Display: Missing cached shader map for material LightingModel, compiling. 
[2018.12.10-00.45.10:040][  0]LogShaderCompilers: Display: Shaders left to compile 2514
[2018.12.10-00.45.10:040][  0]LogMaterial: Display: Missing cached shader map for material MaterialAO, compiling. 
[2018.12.10-00.45.10:061][  0]LogMaterial: Display: Missing cached shader map for material Metallic, compiling. 
[2018.12.10-00.45.10:097][  0]LogMaterial: Display: Missing cached shader map for material Opacity, compiling. 
[2018.12.10-00.45.10:112][  0]LogMaterial: Display: Missing cached shader map for material Roughness, compiling. 
[2018.12.10-00.45.10:132][  0]LogShaderCompilers: Display: Shaders left to compile 2537
[2018.12.10-00.45.10:132][  0]LogMaterial: Display: Missing cached shader map for material SceneColor, compiling. 
[2018.12.10-00.45.10:158][  0]LogMaterial: Display: Missing cached shader map for material SceneDepth, compiling. 
[2018.12.10-00.45.10:185][  0]LogMaterial: Display: Missing cached shader map for material SeparateTranslucencyRGB, compiling. 
[2018.12.10-00.45.10:205][  0]LogMaterial: Display: Missing cached shader map for material SeparateTranslucencyA, compiling. 
[2018.12.10-00.45.10:221][  0]LogMaterial: Display: Missing cached shader map for material Specular, compiling. 
[2018.12.10-00.45.10:238][  0]LogMaterial: Display: Missing cached shader map for material SubsurfaceColor, compiling. 
[2018.12.10-00.45.10:259][  0]LogMaterial: Display: Missing cached shader map for material WorldNormal, compiling. 
[2018.12.10-00.45.10:286][  0]LogMaterial: Display: Missing cached shader map for material AmbientOcclusion, compiling. 
[2018.12.10-00.45.10:319][  0]LogMaterial: Display: Missing cached shader map for material CustomDepthWorldUnits, compiling. 
[2018.12.10-00.45.10:341][  0]LogMaterial: Display: Missing cached shader map for material SceneDepthWorldUnits, compiling. 
[2018.12.10-00.45.10:365][  0]LogMaterial: Display: Missing cached shader map for material PreTonemapHDRColor, compiling. 
[2018.12.10-00.45.10:385][  0]LogMaterial: Display: Missing cached shader map for material PostTonemapHDRColor, compiling. 
[2018.12.10-00.45.10:443][  0]LogTcpMessaging: Initializing TcpMessaging bridge
[2018.12.10-00.45.10:457][  0]LogUdpMessaging: Initializing bridge on interface 0.0.0.0:0 to multicast group 230.0.0.1:6666.
[2018.12.10-00.45.10:605][  0]LogMaterial: Display: Missing cached shader map for material touchController_mat, compiling. 
[2018.12.10-00.45.10:708][  0]LogShaderCompilers: Display: Shaders left to compile 2646
[2018.12.10-00.45.10:708][  0]LogShaderCompilers: Display: Shaders left to compile 2645
[2018.12.10-00.45.10:708][  0]LogMaterial: Display: Missing cached shader map for material PokeAHoleMaterial, compiling. 
[2018.12.10-00.45.10:770][  0]LogMaterial: Display: Missing cached shader map for material DefaultMaterial, compiling. 
[2018.12.10-00.45.10:954][  0]SourceControl: Source control is disabled
[2018.12.10-00.45.10:954][  0]SourceControl: Source control is disabled
[2018.12.10-00.45.10:957][  0]SourceControl: Source control is disabled
[2018.12.10-00.45.10:959][  0]SourceControl: Source control is disabled
[2018.12.10-00.45.11:197][  0]LogAndroidPermission: UAndroidPermissionCallbackProxy::GetInstance
[2018.12.10-00.45.11:416][  0]LogShaderCompilers: Display: Shaders left to compile 2833
[2018.12.10-00.45.11:416][  0]LogOcInput: OculusInput pre-init called
[2018.12.10-00.45.11:472][  0]LogMaterial: Display: Missing cached shader map for material HighResScreenshot, compiling. 
[2018.12.10-00.45.11:500][  0]LogMaterial: Display: Missing cached shader map for material HighResScreenshotMask, compiling. 
[2018.12.10-00.45.11:534][  0]LogMaterial: Display: Missing cached shader map for material HighResScreenshotCaptureRegion, compiling. 
[2018.12.10-00.45.11:572][  0]LogShaderCompilers: Display: Shaders left to compile 2860
[2018.12.10-00.45.11:578][  0]LogEngine: Initializing Engine...
[2018.12.10-00.45.11:579][  0]LogHMD: Failed to initialize OpenVR with code 110
[2018.12.10-00.45.11:585][  0]LogStats: UGameplayTagsManager::ConstructGameplayTagTree: ImportINI prefixes -  0.000 s
[2018.12.10-00.45.11:585][  0]LogStats: UGameplayTagsManager::ConstructGameplayTagTree: Construct from data asset -  0.000 s
[2018.12.10-00.45.11:586][  0]LogStats: UGameplayTagsManager::ConstructGameplayTagTree: ImportINI -  0.000 s
[2018.12.10-00.45.11:586][  0]LogStats: UGameplayTagsManager::ConstructGameplayTagTree: GameplayTagTreeChangedEvent.Broadcast -  0.000 s
[2018.12.10-00.45.11:593][  0]LogShaderCompilers: Display: Shaders left to compile 2867
[2018.12.10-00.45.11:593][  0]LogMaterial: Display: Missing cached shader map for material WireframeMaterial, compiling. Is special engine material.
[2018.12.10-00.45.11:794][  0]LogMeshUtilities: Finished distance field build in 5.2s - 48x48x48 distance field, 528 triangles, Range [-0.6, 1.0], Sphere
[2018.12.10-00.45.11:794][  0]LogShaderCompilers: Display: Shaders left to compile 2866
[2018.12.10-00.45.11:794][  0]LogShaderCompilers: Display: Shaders left to compile 2865
[2018.12.10-00.45.11:794][  0]LogShaderCompilers: Display: Shaders left to compile 2864
[2018.12.10-00.45.11:794][  0]LogMaterial: Display: Missing cached shader map for material LevelColorationLitMaterial, compiling. Is special engine material.
[2018.12.10-00.45.12:279][  0]LogShaderCompilers: Display: Shaders left to compile 3113
[2018.12.10-00.45.12:279][  0]LogShaderCompilers: Display: Shaders left to compile 3112
[2018.12.10-00.45.12:279][  0]LogShaderCompilers: Display: Shaders left to compile 3111
[2018.12.10-00.45.12:279][  0]LogShaderCompilers: Display: Shaders left to compile 3110
[2018.12.10-00.45.12:279][  0]LogShaderCompilers: Display: Shaders left to compile 3109
[2018.12.10-00.45.12:279][  0]LogShaderCompilers: Display: Shaders left to compile 3108
[2018.12.10-00.45.12:279][  0]LogShaderCompilers: Display: Shaders left to compile 3107
[2018.12.10-00.45.12:279][  0]LogShaderCompilers: Display: Shaders left to compile 3106
[2018.12.10-00.45.12:279][  0]LogShaderCompilers: Display: Shaders left to compile 3105
[2018.12.10-00.45.12:279][  0]LogShaderCompilers: Display: Shaders left to compile 3104
[2018.12.10-00.45.12:279][  0]LogShaderCompilers: Display: Shaders left to compile 3869
[2018.12.10-00.45.12:279][  0]LogMaterial: Display: Missing cached shader map for material LevelColorationUnlitMaterial, compiling. Is special engine material.
[2018.12.10-00.45.12:412][  0]LogShaderCompilers: Display: Shaders left to compile 3868
[2018.12.10-00.45.12:412][  0]LogShaderCompilers: Display: Shaders left to compile 3867
[2018.12.10-00.45.12:412][  0]LogShaderCompilers: Display: Shaders left to compile 3866
[2018.12.10-00.45.12:412][  0]LogMaterial: Display: Missing cached shader map for material MAT_LevelColorationLitLightmapUV, compiling. Is special engine material.
[2018.12.10-00.45.12:916][  0]LogShaderCompilers: Display: Shaders left to compile 4081
[2018.12.10-00.45.12:916][  0]LogShaderCompilers: Display: Shaders left to compile 4080
[2018.12.10-00.45.12:916][  0]LogShaderCompilers: Display: Shaders left to compile 4079
[2018.12.10-00.45.12:916][  0]LogShaderCompilers: Display: Shaders left to compile 4078
[2018.12.10-00.45.12:916][  0]LogShaderCompilers: Display: Shaders left to compile 4077
[2018.12.10-00.45.12:917][  0]LogShaderCompilers: Display: Shaders left to compile 4076
[2018.12.10-00.45.12:917][  0]LogShaderCompilers: Display: Shaders left to compile 4075
[2018.12.10-00.45.12:917][  0]LogShaderCompilers: Display: Shaders left to compile 4074
[2018.12.10-00.45.12:917][  0]LogShaderCompilers: Display: Shaders left to compile 4073
[2018.12.10-00.45.12:917][  0]LogShaderCompilers: Display: Shaders left to compile 4072
[2018.12.10-00.45.12:917][  0]LogShaderCompilers: Display: Shaders left to compile 4071
[2018.12.10-00.45.12:917][  0]LogShaderCompilers: Display: Shaders left to compile 4070
[2018.12.10-00.45.12:917][  0]LogShaderCompilers: Display: Shaders left to compile 4069
[2018.12.10-00.45.12:917][  0]LogShaderCompilers: Display: Shaders left to compile 4068
[2018.12.10-00.45.12:923][  0]LogMaterial: Display: Missing cached shader map for material ShadedLevelColorationLitMaterial, compiling. Is special engine material.
[2018.12.10-00.45.13:404][  0]LogShaderCompilers: Display: Shaders left to compile 4833
[2018.12.10-00.45.13:404][  0]LogShaderCompilers: Display: Shaders left to compile 4832
[2018.12.10-00.45.13:404][  0]LogShaderCompilers: Display: Shaders left to compile 4831
[2018.12.10-00.45.13:404][  0]LogShaderCompilers: Display: Shaders left to compile 4830
[2018.12.10-00.45.13:405][  0]LogShaderCompilers: Display: Shaders left to compile 4829
[2018.12.10-00.45.13:405][  0]LogShaderCompilers: Display: Shaders left to compile 4828
[2018.12.10-00.45.13:405][  0]LogMaterial: Display: Missing cached shader map for material ShadedLevelColorationUnlitMateri, compiling. Is special engine material.
[2018.12.10-00.45.13:539][  0]LogMaterial: Display: Missing cached shader map for material VertexColorMaterial, compiling. 
[2018.12.10-00.45.13:651][  0]LogMaterial: Display: Missing cached shader map for material VertexColorViewMode_ColorOnly, compiling. 
[2018.12.10-00.45.13:677][  0]LogMaterial: Display: Missing cached shader map for material VertexColorViewMode_AlphaAsColor, compiling. 
[2018.12.10-00.45.13:697][  0]LogMaterial: Display: Missing cached shader map for material VertexColorViewMode_RedOnly, compiling. 
[2018.12.10-00.45.13:718][  0]LogShaderCompilers: Display: Shaders left to compile 5968
[2018.12.10-00.45.13:718][  0]LogMaterial: Display: Missing cached shader map for material VertexColorViewMode_GreenOnly, compiling. 
[2018.12.10-00.45.13:740][  0]LogMaterial: Display: Missing cached shader map for material VertexColorViewMode_BlueOnly, compiling. 
[2018.12.10-00.45.13:760][  0]LogMaterial: Display: Missing cached shader map for material RemoveSurfaceMaterial, compiling. 
[2018.12.10-00.45.13:771][  0]LogMaterial: Display: Missing cached shader map for material DebugMeshMaterial, compiling. 
[2018.12.10-00.45.13:790][  0]LogMaterial: Display: Missing cached shader map for material M_InvalidLightmapSettings, compiling. 
[2018.12.10-00.45.13:829][  0]LogMaterial: Display: Missing cached shader map for material GizmoMaterial, compiling. 
[2018.12.10-00.45.13:850][  0]LogMaterial: Display: Missing cached shader map for material PhAT_JointLimitMaterial, compiling. 
[2018.12.10-00.45.13:875][  0]LogShaderCompilers: Display: Shaders left to compile 6083
[2018.12.10-00.45.13:875][  0]LogMaterial: Display: Missing cached shader map for material GeomMaterial, compiling. 
[2018.12.10-00.45.13:889][  0]LogMaterial: Display: Missing cached shader map for material EditorBrushMaterial, compiling. 
[2018.12.10-00.45.13:908][  0]LogMaterial: Display: Missing cached shader map for material BoneWeightMaterial, compiling. 
[2018.12.10-00.45.14:007][  0]LogShaderCompilers: Display: Shaders left to compile 6125
[2018.12.10-00.45.14:007][  0]LogMaterial: Display: Missing cached shader map for material ClothMaterial, compiling. 
[2018.12.10-00.45.14:023][  0]LogMaterial: Display: Missing cached shader map for material ClothMaterial_WF, compiling. 
[2018.12.10-00.45.14:046][  0]LogMaterial: Display: Missing cached shader map for material DebugEditorMaterial, compiling. 
[2018.12.10-00.45.14:063][  0]LogMaterial: Display: Missing cached shader map for material PreviewShadowIndicatorMaterial, compiling. 
[2018.12.10-00.45.14:143][  0]LogUObjectGlobals: Warning: Class /Script/Engine.NavigationSystem is not a child class of Class /Script/Engine.NavigationSystemBase
[2018.12.10-00.45.14:156][  0]LogInit: Initializing FReadOnlyCVARCache
[2018.12.10-00.45.14:181][  0]LogShaderCompilers: Display: Shaders left to compile 6295
[2018.12.10-00.45.14:181][  0]LogAIModule: Creating AISystem for world Untitled
[2018.12.10-00.45.14:208][  0]LogInit: XAudio2 using 'Speakers (Logitech G533 Gaming Headset)' : 6 channels at 48 kHz using 16 bits per sample (channel mask 0x3f)
[2018.12.10-00.45.14:249][  0]LogInit: FAudioDevice initialized.
[2018.12.10-00.45.14:249][  0]LogNetVersion: Set ProjectVersion to 1.0.0.0. Version Checksum will be recalculated on next use.
[2018.12.10-00.45.14:351][  0]LogShaderCompilers: Display: Shaders left to compile 6294
[2018.12.10-00.45.14:351][  0]LogDerivedDataCache: Saved boot cache 0.10s 73MB C:/Users/darkm/AppData/Local/UnrealEngine/4.20/DerivedDataCache/Boot.ddc.
[2018.12.10-00.45.14:392][  0]LogInit: Texture streaming: Enabled
[2018.12.10-00.45.14:425][  0]LogEngineSessionManager: EngineSessionManager initialized
[2018.12.10-00.45.14:425][  0]LogEngineSessionManager: EngineSessionManager sent abnormal shutdown report. Type=AbnormalShutdown, SessionId={AE7ADC01-4A6A-9233-1A9D-929B2D28AEA2}
[2018.12.10-00.45.14:458][  0]LogInit: Transaction tracking system initialized
[2018.12.10-00.45.14:507][  0]LogShaderCompilers: Display: Shaders left to compile 6293
[2018.12.10-00.45.14:508][  0]BlueprintLog: New page: Editor Load
[2018.12.10-00.45.14:660][  0]LogShaderCompilers: Display: Shaders left to compile 6292
[2018.12.10-00.45.14:661][  0]LocalizationService: Localization service is disabled
[2018.12.10-00.45.14:812][  0]LogShaderCompilers: Display: Shaders left to compile 6291
[2018.12.10-00.45.14:833][  0]LogMaterial: Display: Missing cached shader map for material Cross_Mat, compiling. 
[2018.12.10-00.45.14:864][  0]LogMaterial: Display: Missing cached shader map for material PhAT_BoneSelectedMaterial, compiling. 
[2018.12.10-00.45.14:886][  0]LogShaderCompilers: Display: Shaders left to compile 6306
[2018.12.10-00.45.14:886][  0]LogMaterial: Display: Missing cached shader map for material PhAT_ElemSelectedMaterial, compiling. 
[2018.12.10-00.45.14:911][  0]LogMaterial: Display: Missing cached shader map for material PhAT_NoCollisionMaterial, compiling. 
[2018.12.10-00.45.14:934][  0]LogMaterial: Display: Missing cached shader map for material PhAT_UnselectedMaterial, compiling. 
[2018.12.10-00.45.14:968][  0]LogMaterial: Display: Missing cached shader map for material Tick_Mat, compiling. 
[2018.12.10-00.45.15:004][  0]LogMaterial: Display: Missing cached shader map for material WidgetGridVertexColorMaterial_Ma, compiling. 
[2018.12.10-00.45.15:031][  0]LogMaterial: Display: Missing cached shader map for material WidgetMaterial, compiling. 
[2018.12.10-00.45.15:054][  0]LogMaterial: Display: Missing cached shader map for material WidgetMaterial_Current, compiling. 
[2018.12.10-00.45.15:079][  0]LogMaterial: Display: Missing cached shader map for material WidgetMaterial_X, compiling. 
[2018.12.10-00.45.15:100][  0]LogMaterial: Display: Missing cached shader map for material WidgetMaterial_Y, compiling. 
[2018.12.10-00.45.15:121][  0]LogMaterial: Display: Missing cached shader map for material WidgetMaterial_Z, compiling. 
[2018.12.10-00.45.15:141][  0]LogMaterial: Display: Missing cached shader map for material WidgetVertexColorMaterial, compiling. 
[2018.12.10-00.45.15:236][  0]LogShaderCompilers: Display: Shaders left to compile 6441
[2018.12.10-00.45.15:236][  0]LogMaterial: Display: Missing cached shader map for material LevelGridMaterial, compiling. 
[2018.12.10-00.45.15:312][  0]LogShaderCompilers: Display: Shaders left to compile 6440
[2018.12.10-00.45.15:312][  0]LogShaderCompilers: Display: Shaders left to compile 6455
[2018.12.10-00.45.15:312][  0]LogMaterial: Display: Missing cached shader map for material BlinkingCaret, compiling. 
[2018.12.10-00.45.15:385][  0]LogMaterial: Display: Missing cached shader map for material M_StreamingPause, compiling. 
[2018.12.10-00.45.15:435][  0]LogCook: Display: Max memory allowance for cook 16384mb min free memory 0mb
[2018.12.10-00.45.15:435][  0]LogCook: Display: Mobile HDR setting 1
[2018.12.10-00.45.15:436][  0]LogGameplayTags: Display: UGameplayTagsManager::DoneAddingNativeTags. DelegateIsBound: 0
[2018.12.10-00.45.15:436][  0]LogStats: UGameplayTagsManager::ConstructGameplayTagTree: ImportINI prefixes -  0.000 s
[2018.12.10-00.45.15:436][  0]LogStats: UGameplayTagsManager::ConstructGameplayTagTree: Construct from data asset -  0.000 s
[2018.12.10-00.45.15:436][  0]LogStats: UGameplayTagsManager::ConstructGameplayTagTree: ImportINI -  0.000 s
[2018.12.10-00.45.15:436][  0]LogStats: UGameplayTagsManager::ConstructGameplayTagTree: GameplayTagTreeChangedEvent.Broadcast -  0.000 s
[2018.12.10-00.45.15:739][  0]LogFileCache: Scanning file cache for directory 'C:/Users/darkm/Documents/GitHub/SushiShop/SushiShop 4.19/Content/' took 0.05s
[2018.12.10-00.45.15:739][  0]LogShaderCompilers: Display: Shaders left to compile 6476
[2018.12.10-00.45.15:739][  0]LogShaderCompilers: Display: Shaders left to compile 6475
[2018.12.10-00.45.15:739][  0]LogShaderCompilers: Display: Shaders left to compile 6474
[2018.12.10-00.45.15:739][  0]SourceControl: Source control is disabled
[2018.12.10-00.45.15:739][  0]Cmd: MAP LOAD FILE="../../../../../../Users/darkm/Documents/GitHub/SushiShop/SushiShop 4.19/Content/SushiShop/Levels/Main.umap" TEMPLATE=0 SHOWPROGRESS=1 FEATURELEVEL=3
[2018.12.10-00.45.15:740][  0]LightingResults: New page: Lighting Build
[2018.12.10-00.45.15:749][  0]MapCheck: New page: Map Check
[2018.12.10-00.45.15:749][  0]LightingResults: New page: Lighting Build
[2018.12.10-00.45.16:210][  0]LogShaderCompilers: Display: Shaders left to compile 6473
[2018.12.10-00.45.16:210][  0]LogShaderCompilers: Display: Shaders left to compile 6472
[2018.12.10-00.45.16:210][  0]LogShaderCompilers: Display: Shaders left to compile 6471
[2018.12.10-00.45.16:210][  0]LogShaderCompilers: Display: Shaders left to compile 6470
[2018.12.10-00.45.16:210][  0]LogShaderCompilers: Display: Shaders left to compile 6469
[2018.12.10-00.45.17:220][  0]LogShaderCompilers: Display: Shaders left to compile 6468
[2018.12.10-00.45.17:220][  0]LogShaderCompilers: Display: Shaders left to compile 6467
[2018.12.10-00.45.17:220][  0]LogShaderCompilers: Display: Shaders left to compile 6466
[2018.12.10-00.45.17:220][  0]LogShaderCompilers: Display: Shaders left to compile 6465
[2018.12.10-00.45.18:304][  0]LogShaderCompilers: Display: Shaders left to compile 6464
[2018.12.10-00.45.18:304][  0]LogMeshUtilities: Finished distance field build in 1.6s - 30x30x30 distance field, 48 triangles, Range [-0.6, 0.6], Cube
[2018.12.10-00.45.18:304][  0]LogShaderCompilers: Display: Shaders left to compile 6463
[2018.12.10-00.45.18:304][  0]LogShaderCompilers: Display: Shaders left to compile 6462
[2018.12.10-00.45.19:435][  0]LogShaderCompilers: Display: Shaders left to compile 6461
[2018.12.10-00.45.19:435][  0]LogShaderCompilers: Display: Shaders left to compile 6460
[2018.12.10-00.45.19:664][  0]LogMaterial: Display: Missing cached shader map for material Unagi_M, compiling. 
[2018.12.10-00.45.19:930][  0]LogMeshUtilities: Discarded distance field for BeamMesh as mesh was not closed!  Assign a two-sided material to fix.
[2018.12.10-00.45.19:930][  0]LogMeshUtilities: Finished distance field build in 0.0s - 8x8x8 distance field, 384 triangles, Range [-0.5, 0.6], BeamMesh
[2018.12.10-00.45.19:930][  0]LogShaderCompilers: Display: Shaders left to compile 6459
[2018.12.10-00.45.19:930][  0]LogShaderCompilers: Display: Shaders left to compile 6458
[2018.12.10-00.45.19:930][  0]LogMaterial: Display: Missing cached shader map for material Tuna_M, compiling. 
[2018.12.10-00.45.20:005][  0]LogMaterial: Display: Missing cached shader map for material Salmon_M, compiling. 
[2018.12.10-00.45.20:173][  0]LogMaterial: Display: Missing cached shader map for material Rice_M, compiling. 
[2018.12.10-00.45.20:252][  0]LogShaderCompilers: Display: Shaders left to compile 6964
[2018.12.10-00.45.20:252][  0]LogMaterial: Display: Missing cached shader map for material BasicShapeMaterial, compiling. 
[2018.12.10-00.45.20:328][  0]LogMaterial: Display: Missing cached shader map for material SushiBoat_M, compiling. 
[2018.12.10-00.45.20:417][  0]LogShaderCompilers: Display: Shaders left to compile 7093
[2018.12.10-00.45.20:417][  0]LogMaterial: Display: Missing cached shader map for material Glass_E, compiling. 
[2018.12.10-00.45.20:457][  0]LogMaterial: Display: Missing cached shader map for material Metal_BrushedSteel, compiling. 
[2018.12.10-00.45.20:524][  0]LogMeshUtilities: Finished distance field build in 0.0s - 8x8x8 distance field, 44 triangles, Range [0.0, 1.0], SushiBoat_SushiBoatSail
[2018.12.10-00.45.20:524][  0]LogMaterial: Display: Missing cached shader map for material Plates_M, compiling. 
[2018.12.10-00.45.20:639][  0]LogMeshUtilities: Finished distance field build in 0.0s - 8x8x8 distance field, 100 triangles, Range [-0.0, 0.4], Plate_Small
[2018.12.10-00.45.20:639][  0]LogMaterial: Display: Missing cached shader map for material Water, compiling. 
[2018.12.10-00.45.20:781][  0]LogShaderCompilers: Display: Shaders left to compile 7254
[2018.12.10-00.45.20:781][  0]LogMeshUtilities: Discarded distance field for TeaCup_TeaCup_Liquid as mesh was not closed!  Assign a two-sided material to fix.
[2018.12.10-00.45.20:781][  0]LogMeshUtilities: Finished distance field build in 0.0s - 8x8x8 distance field, 20 triangles, Range [-0.4, 1.0], TeaCup_TeaCup_Liquid
[2018.12.10-00.45.20:781][  0]LogShaderCompilers: Display: Shaders left to compile 7348
[2018.12.10-00.45.20:782][  0]LogMaterial: Display: Missing cached shader map for material Water, compiling. 
[2018.12.10-00.45.20:893][  0]LogMaterial: Display: Missing cached shader map for material Concrete_M, compiling. 
[2018.12.10-00.45.21:017][  0]LogMaterial: Display: Missing cached shader map for material Sake_Retail_M, compiling. 
[2018.12.10-00.45.21:089][  0]LogMaterial: Display: Missing cached shader map for material Sake_M, compiling. 
[2018.12.10-00.45.21:172][  0]LogMeshUtilities: Finished distance field build in 0.0s - 8x8x8 distance field, 624 triangles, Range [-0.2, 0.4], Sake_Retail_2_Sake_Retail_2
[2018.12.10-00.45.21:172][  0]LogShaderCompilers: Display: Shaders left to compile 7588
[2018.12.10-00.45.21:172][  0]LogShaderCompilers: Display: Shaders left to compile 7587
[2018.12.10-00.45.21:172][  0]LogMaterial: Display: Missing cached shader map for material M_ArcEndpoint, compiling. 
[2018.12.10-00.45.21:255][  0]LogMeshUtilities: Finished distance field build in 0.0s - 8x8x8 distance field, 120 triangles, Range [-0.3, 0.8], Wasabi_Scoop
[2018.12.10-00.45.21:255][  0]LogMaterial: Display: Missing cached shader map for material Wasabi_M, compiling. 
[2018.12.10-00.45.21:298][  0]LogShaderCompilers: Display: Shaders left to compile 7629
[2018.12.10-00.45.21:298][  0]LogMaterial: Display: Missing cached shader map for material Ginger_M, compiling. 
[2018.12.10-00.45.21:493][  0]LogMeshUtilities: Finished distance field build in 0.0s - 8x8x8 distance field, 120 triangles, Range [-0.3, 0.8], Ginger_Scoop
[2018.12.10-00.45.21:493][  0]LogShaderCompilers: Display: Shaders left to compile 7672
[2018.12.10-00.45.21:493][  0]LogShaderCompilers: Display: Shaders left to compile 7671
[2018.12.10-00.45.21:493][  0]LogShaderCompilers: Display: Shaders left to compile 7670
[2018.12.10-00.45.21:493][  0]LogMaterial: Display: Missing cached shader map for material Curtain_M1, compiling. 
[2018.12.10-00.45.21:623][  0]LogMeshUtilities: Finished distance field build in 0.0s - 8x8x8 distance field, 228 triangles, Range [0.0, 0.3], Napkin_Napkin
[2018.12.10-00.45.21:649][  0]LogMaterial: Display: Missing cached shader map for material Knife+Board_M, compiling. 
[2018.12.10-00.45.21:691][  0]LogMaterial: Display: Missing cached shader map for material Marble_Dark_M, compiling. 
[2018.12.10-00.45.21:784][  0]LogShaderCompilers: Display: Shaders left to compile 7823
[2018.12.10-00.45.21:784][  0]LogShaderCompilers: Display: Shaders left to compile 7822
[2018.12.10-00.45.21:784][  0]LogMeshUtilities: Finished distance field build in 0.0s - 8x8x8 distance field, 230 triangles, Range [0.0, 1.0], Knife_Yanagiba
[2018.12.10-00.45.21:784][  0]LogShaderCompilers: Display: Shaders left to compile 7821
[2018.12.10-00.45.21:784][  0]LogMaterial: Display: Missing cached shader map for material BasicAsset01, compiling. 
[2018.12.10-00.45.21:865][  0]LogMaterial: Display: Missing cached shader map for material Metal_BrushedCopper, compiling. 
[2018.12.10-00.45.21:969][  0]LogShaderCompilers: Display: Shaders left to compile 7982
[2018.12.10-00.45.21:969][  0]LogShaderCompilers: Display: Shaders left to compile 7981
[2018.12.10-00.45.21:970][  0]LogShaderCompilers: Display: Shaders left to compile 8049
[2018.12.10-00.45.21:970][  0]LogMaterial: Display: Missing cached shader map for material bamboo_light_Mat, compiling. 
[2018.12.10-00.45.22:058][  0]LogMaterial: Display: Missing cached shader map for material Caustic_Light_M, compiling. 
[2018.12.10-00.45.22:076][  0]LogMaterial: Display: Missing cached shader map for material Bar_M, compiling. 
[2018.12.10-00.45.22:115][  0]LogMaterial: Display: Missing cached shader map for material Cobian_M, compiling. 
[2018.12.10-00.45.22:277][  0]LogMaterial: Display: Missing cached shader map for material Leather_M, compiling. 
[2018.12.10-00.45.22:363][  0]LogMaterial: Display: Missing cached shader map for material M_HandMat, compiling. 
[2018.12.10-00.45.22:432][  0]LogShaderCompilers: Display: Shaders left to compile 8481
[2018.12.10-00.45.22:433][  0]LogMaterial: Display: Missing cached shader map for material M_TeleportPreviews, compiling. 
[2018.12.10-00.45.22:450][  0]LogShaderCompilers: Display: Shaders left to compile 8540
[2018.12.10-00.45.22:450][  0]LogMaterial: Display: Missing cached shader map for material M_SplineArcMat, compiling. 
[2018.12.10-00.45.22:481][  0]LogShaderCompilers: Display: Shaders left to compile 8575
[2018.12.10-00.45.22:481][  0]LogMaterial: Display: Missing cached shader map for material Marble_Light_M, compiling. 
[2018.12.10-00.45.22:572][  0]LogSkeletalMesh: Building Skeletal Mesh Curtain_Large_CurtainLarge_Left...
[2018.12.10-00.45.22:581][  0]LogSkeletalMesh: Built Skeletal Mesh [0.03s] /Game/SushiShop/Assets/Environment/Curtains/LargeCurtain/Curtain_Large.Curtain_Large_CurtainLarge_Left
[2018.12.10-00.45.22:586][  0]LogSkeletalMesh: Building Skeletal Mesh Curtain_Large_CurtainLarge_Right...
[2018.12.10-00.45.22:596][  0]LogSkeletalMesh: Built Skeletal Mesh [0.01s] /Game/SushiShop/Assets/Environment/Curtains/LargeCurtain/Curtain_Large.Curtain_Large_CurtainLarge_Right
[2018.12.10-00.45.22:791][  0]LogMeshUtilities: Finished distance field build in 0.0s - 8x8x8 distance field, 208 triangles, Range [-0.0, 0.7], bar_stool
[2018.12.10-00.45.22:791][  0]LogShaderCompilers: Display: Shaders left to compile 8667
[2018.12.10-00.45.22:982][  0]LogMeshUtilities: Finished distance field build in 0.0s - 8x8x8 distance field, 188 triangles, Range [-0.0, 0.3], Middle_Table_pCube15
[2018.12.10-00.45.22:982][  0]LogShaderCompilers: Display: Shaders left to compile 8666
[2018.12.10-00.45.22:982][  0]LogShaderCompilers: Display: Shaders left to compile 8665
[2018.12.10-00.45.22:983][  0]LogMaterial: Display: Missing cached shader map for material Glass_2_M, compiling. 
[2018.12.10-00.45.23:045][  0]LogMaterial: Display: Missing cached shader map for material Cobian_M, compiling. 
[2018.12.10-00.45.23:216][  0]LogShaderCompilers: Display: Shaders left to compile 8709
[2018.12.10-00.45.23:216][  0]LogShaderCompilers: Display: Shaders left to compile 8708
[2018.12.10-00.45.23:216][  0]LogShaderCompilers: Display: Shaders left to compile 8707
[2018.12.10-00.45.23:216][  0]LogMaterial: Display: Missing cached shader map for material Tile_WoodAndTileOffsetPattern, compiling. 
[2018.12.10-00.45.23:249][  0]LogShaderCompilers: Display: Shaders left to compile 8925
[2018.12.10-00.45.23:249][  0]LogMaterial: Display: Missing cached shader map for material GenericHMDMaterial, compiling. 
[2018.12.10-00.45.23:286][  0]LogMaterial: Display: Missing cached shader map for material Plain_Tiles_M, compiling. 
[2018.12.10-00.45.23:363][  0]LogMaterial: Display: Missing cached shader map for material marble_Mat, compiling. 
[2018.12.10-00.45.23:403][  0]LogShaderCompilers: Display: Shaders left to compile 9079
[2018.12.10-00.45.23:404][  0]LogSkeletalMesh: Building Skeletal Mesh Curtain_Small_CurtainSmall...
[2018.12.10-00.45.23:405][  0]LogSkeletalMesh: Built Skeletal Mesh [0.00s] /Game/SushiShop/Assets/Environment/Curtains/SmallCurtain/Curtain_Small.Curtain_Small_CurtainSmall
[2018.12.10-00.45.23:441][  0]LogAIModule: Creating AISystem for world Main
