Log file open, 03/07/18 16:33:18
LogWindows: Failed to load 'aqProf.dll' (GetLastError=126)
LogWindows: File 'aqProf.dll' does not exist
LogWindows: Failed to load 'VSPerf140.dll' (GetLastError=126)
LogWindows: File 'VSPerf140.dll' does not exist
LogWindows: Failed to load 'VtuneApi.dll' (GetLastError=126)
LogWindows: File 'VtuneApi.dll' does not exist
LogWindows: Failed to load 'VtuneApi32e.dll' (GetLastError=126)
LogWindows: File 'VtuneApi32e.dll' does not exist
LogInit: Display: Running engine for game: SushiShop
LogPlatformFile: Not using cached read wrapper
LogInit: Display: RandInit(-1865606956) SRandInit(-1865606956).
LogTaskGraph: Started task graph with 5 named threads and 14 total threads with 3 sets of task threads.
LogStats: Stats thread started at 0.183774
LogD3D11RHI: Aftermath initialized
LogModuleManager: Display: Found up-to-date module file ../../../Engine/Plugins/2D/Paper2D/Binaries/Win64/UE4Editor-Paper2D.dll (API version 3709383).
LogModuleManager: Display: Found up-to-date module file ../../../Engine/Plugins/2D/Paper2D/Binaries/Win64/UE4Editor-Paper2DEditor.dll (API version 3709383).
LogModuleManager: Display: Found up-to-date module file ../../../Engine/Plugins/2D/Paper2D/Binaries/Win64/UE4Editor-PaperSpriteSheetImporter.dll (API version 3709383).
LogModuleManager: Display: Found up-to-date module file ../../../Engine/Plugins/2D/Paper2D/Binaries/Win64/UE4Editor-PaperTiledImporter.dll (API version 3709383).
LogModuleManager: Display: Found up-to-date module file ../../../Engine/Plugins/2D/Paper2D/Binaries/Win64/UE4Editor-SmartSnapping.dll (API version 3709383).
LogModuleManager: Display: Found up-to-date module file ../../../Engine/Plugins/Blendables/LightPropagationVolume/Binaries/Win64/UE4Editor-LightPropagationVolumeRuntime.dll (API version 3709383).
LogModuleManager: Display: Found up-to-date module file ../../../Engine/Plugins/Blendables/LightPropagationVolume/Binaries/Win64/UE4Editor-LightPropagationVolumeEditor.dll (API version 3709383).
LogModuleManager: Display: Found up-to-date module file ../../../Engine/Plugins/Developer/GitSourceControl/Binaries/Win64/UE4Editor-GitSourceControl.dll (API version 3709383).
LogModuleManager: Display: Found up-to-date module file ../../../Engine/Plugins/Developer/PerforceSourceControl/Binaries/Win64/UE4Editor-PerforceSourceControl.dll (API version 3709383).
LogModuleManager: Display: Found up-to-date module file ../../../Engine/Plugins/Developer/SubversionSourceControl/Binaries/Win64/UE4Editor-SubversionSourceControl.dll (API version 3709383).
LogModuleManager: Display: Found up-to-date module file ../../../Engine/Plugins/Developer/UObjectPlugin/Binaries/Win64/UE4Editor-UObjectPlugin.dll (API version 3709383).
LogModuleManager: Display: Found up-to-date module file ../../../Engine/Plugins/Developer/VisualStudioCodeSourceCodeAccess/Binaries/Win64/UE4Editor-VisualStudioCodeSourceCodeAccess.dll (API version 3709383).
LogModuleManager: Display: Found up-to-date module file ../../../Engine/Plugins/Developer/VisualStudioSourceCodeAccess/Binaries/Win64/UE4Editor-VisualStudioSourceCodeAccess.dll (API version 3709383).
LogModuleManager: Display: Found up-to-date module file ../../../Engine/Plugins/Editor/AssetManagerEditor/Binaries/Win64/UE4Editor-AssetManagerEditor.dll (API version 3709383).
LogModuleManager: Display: Found up-to-date module file ../../../Engine/Plugins/Editor/AudioCapture/Binaries/Win64/UE4Editor-AudioCapture.dll (API version 3709383).
LogModuleManager: Display: Found up-to-date module file ../../../Engine/Plugins/Editor/FacialAnimation/Binaries/Win64/UE4Editor-FacialAnimation.dll (API version 3709383).
LogModuleManager: Display: Found up-to-date module file ../../../Engine/Plugins/Editor/FacialAnimation/Binaries/Win64/UE4Editor-FacialAnimationEditor.dll (API version 3709383).
LogModuleManager: Display: Found up-to-date module file ../../../Engine/Plugins/Editor/GameplayTagsEditor/Binaries/Win64/UE4Editor-GameplayTagsEditor.dll (API version 3709383).
LogModuleManager: Display: Found up-to-date module file ../../../Engine/Plugins/Editor/MobileLauncherProfileWizard/Binaries/Win64/UE4Editor-MobileLauncherProfileWizard.dll (API version 3709383).
LogModuleManager: Display: Found up-to-date module file ../../../Engine/Plugins/Editor/PluginBrowser/Binaries/Win64/UE4Editor-PluginBrowser.dll (API version 3709383).
LogModuleManager: Display: Found up-to-date module file ../../../Engine/Plugins/Editor/SpeedTreeImporter/Binaries/Win64/UE4Editor-SpeedTreeImporter.dll (API version 3709383).
LogModuleManager: Display: Found up-to-date module file ../../../Engine/Plugins/Experimental/AlembicImporter/Binaries/Win64/UE4Editor-AlembicImporter.dll (API version 3709383).
LogModuleManager: Display: Found up-to-date module file ../../../Engine/Plugins/Experimental/AlembicImporter/Binaries/Win64/UE4Editor-AlembicLibrary.dll (API version 3709383).
LogModuleManager: Display: Found up-to-date module file ../../../Engine/Plugins/Experimental/CharacterAI/Binaries/Win64/UE4Editor-CharacterAI.dll (API version 3709383).
LogModuleManager: Display: Found up-to-date module file ../../../Engine/Plugins/Experimental/HTML5Networking/Binaries/Win64/UE4Editor-HTML5Networking.dll (API version 3709383).
LogModuleManager: Display: Found up-to-date module file ../../../Engine/Plugins/Media/AndroidMedia/Binaries/Win64/UE4Editor-AndroidMediaEditor.dll (API version 3709383).
LogModuleManager: Display: Found up-to-date module file ../../../Engine/Plugins/Media/AndroidMedia/Binaries/Win64/UE4Editor-AndroidMediaFactory.dll (API version 3709383).
LogModuleManager: Display: Found up-to-date module file ../../../Engine/Plugins/Media/AvfMedia/Binaries/Win64/UE4Editor-AvfMediaEditor.dll (API version 3709383).
LogModuleManager: Display: Found up-to-date module file ../../../Engine/Plugins/Media/AvfMedia/Binaries/Win64/UE4Editor-AvfMediaFactory.dll (API version 3709383).
LogModuleManager: Display: Found up-to-date module file ../../../Engine/Plugins/Media/AvfMedia/Binaries/Win64/UE4Editor-AvfMediaFactory.dll (API version 3709383).
LogModuleManager: Display: Found up-to-date module file ../../../Engine/Plugins/Media/ImgMedia/Binaries/Win64/UE4Editor-ImgMedia.dll (API version 3709383).
LogModuleManager: Display: Found up-to-date module file ../../../Engine/Plugins/Media/ImgMedia/Binaries/Win64/UE4Editor-ImgMediaEditor.dll (API version 3709383).
LogModuleManager: Display: Found up-to-date module file ../../../Engine/Plugins/Media/ImgMedia/Binaries/Win64/UE4Editor-ImgMediaFactory.dll (API version 3709383).
LogModuleManager: Display: Found up-to-date module file ../../../Engine/Plugins/Media/ImgMedia/Binaries/Win64/UE4Editor-ImgMediaFactory.dll (API version 3709383).
LogModuleManager: Display: Found up-to-date module file ../../../Engine/Plugins/Media/ImgMedia/Binaries/Win64/UE4Editor-OpenExrWrapper.dll (API version 3709383).
LogModuleManager: Display: Found up-to-date module file ../../../Engine/Plugins/Media/MediaCompositing/Binaries/Win64/UE4Editor-MediaCompositing.dll (API version 3709383).
LogModuleManager: Display: Found up-to-date module file ../../../Engine/Plugins/Media/MediaCompositing/Binaries/Win64/UE4Editor-MediaCompositingEditor.dll (API version 3709383).
LogModuleManager: Display: Found up-to-date module file ../../../Engine/Plugins/Media/MediaPlayerEditor/Binaries/Win64/UE4Editor-MediaPlayerEditor.dll (API version 3709383).
LogModuleManager: Display: Found up-to-date module file ../../../Engine/Plugins/Media/WmfMedia/Binaries/Win64/UE4Editor-WmfMedia.dll (API version 3709383).
LogModuleManager: Display: Found up-to-date module file ../../../Engine/Plugins/Media/WmfMedia/Binaries/Win64/UE4Editor-WmfMediaEditor.dll (API version 3709383).
LogModuleManager: Display: Found up-to-date module file ../../../Engine/Plugins/Media/WmfMedia/Binaries/Win64/UE4Editor-WmfMediaFactory.dll (API version 3709383).
LogModuleManager: Display: Found up-to-date module file ../../../Engine/Plugins/Media/WmfMedia/Binaries/Win64/UE4Editor-WmfMediaFactory.dll (API version 3709383).
LogModuleManager: Display: Found up-to-date module file ../../../Engine/Plugins/Messaging/TcpMessaging/Binaries/Win64/UE4Editor-TcpMessaging.dll (API version 3709383).
LogModuleManager: Display: Found up-to-date module file ../../../Engine/Plugins/Messaging/UdpMessaging/Binaries/Win64/UE4Editor-UdpMessaging.dll (API version 3709383).
LogModuleManager: Display: Found up-to-date module file ../../../Engine/Plugins/MovieScene/ActorSequence/Binaries/Win64/UE4Editor-ActorSequence.dll (API version 3709383).
LogModuleManager: Display: Found up-to-date module file ../../../Engine/Plugins/MovieScene/LevelSequenceEditor/Binaries/Win64/UE4Editor-LevelSequenceEditor.dll (API version 3709383).
LogModuleManager: Display: Found up-to-date module file ../../../Engine/Plugins/MovieScene/MatineeToLevelSequence/Binaries/Win64/UE4Editor-MatineeToLevelSequence.dll (API version 3709383).
LogModuleManager: Display: Found up-to-date module file ../../../Engine/Plugins/Online/OnlineSubsystem/Binaries/Win64/UE4Editor-OnlineSubsystem.dll (API version 3709383).
LogModuleManager: Display: Found up-to-date module file ../../../Engine/Plugins/Runtime/AndroidPermission/Binaries/Win64/UE4Editor-AndroidPermission.dll (API version 3709383).
LogModuleManager: Display: Found up-to-date module file ../../../Engine/Plugins/Online/OnlineSubsystemNull/Binaries/Win64/UE4Editor-OnlineSubsystemNull.dll (API version 3709383).
LogModuleManager: Display: Found up-to-date module file ../../../Engine/Plugins/Online/OnlineSubsystemUtils/Binaries/Win64/UE4Editor-OnlineSubsystemUtils.dll (API version 3709383).
LogModuleManager: Display: Found up-to-date module file ../../../Engine/Plugins/Online/OnlineSubsystemUtils/Binaries/Win64/UE4Editor-OnlineBlueprintSupport.dll (API version 3709383).
LogModuleManager: Display: Found up-to-date module file ../../../Engine/Plugins/Runtime/AndroidDeviceProfileSelector/Binaries/Win64/UE4Editor-AndroidDeviceProfileSelector.dll (API version 3709383).
LogModuleManager: Display: Found up-to-date module file ../../../Engine/Plugins/Runtime/AppleARKit/Binaries/Win64/UE4Editor-AppleARKit.dll (API version 3709383).
LogModuleManager: Display: Found up-to-date module file ../../../Engine/Plugins/Runtime/ArchVisCharacter/Binaries/Win64/UE4Editor-ArchVisCharacter.dll (API version 3709383).
LogModuleManager: Display: Found up-to-date module file ../../../Engine/Plugins/Runtime/CableComponent/Binaries/Win64/UE4Editor-CableComponent.dll (API version 3709383).
LogModuleManager: Display: Found up-to-date module file ../../../Engine/Plugins/Runtime/CustomMeshComponent/Binaries/Win64/UE4Editor-CustomMeshComponent.dll (API version 3709383).
LogModuleManager: Display: Found up-to-date module file ../../../Engine/Plugins/Runtime/ExampleDeviceProfileSelector/Binaries/Win64/UE4Editor-ExampleDeviceProfileSelector.dll (API version 3709383).
LogModuleManager: Display: Found up-to-date module file ../../../Engine/Plugins/Runtime/ImmediatePhysics/Binaries/Win64/UE4Editor-ImmediatePhysics.dll (API version 3709383).
LogModuleManager: Display: Found up-to-date module file ../../../Engine/Plugins/Runtime/ImmediatePhysics/Binaries/Win64/UE4Editor-ImmediatePhysicsEditor.dll (API version 3709383).
LogModuleManager: Display: Found up-to-date module file ../../../Engine/Plugins/Runtime/LocationServicesBPLibrary/Binaries/Win64/UE4Editor-LocationServicesBPLibrary.dll (API version 3709383).
LogModuleManager: Display: Found up-to-date module file ../../../Engine/Plugins/Runtime/MobilePatchingUtils/Binaries/Win64/UE4Editor-MobilePatchingUtils.dll (API version 3709383).
LogModuleManager: Display: Found up-to-date module file ../../../Engine/Plugins/Runtime/Oculus/OculusVR/Binaries/Win64/UE4Editor-OculusHMD.dll (API version 3709383).
LogModuleManager: Display: Found up-to-date module file ../../../Engine/Plugins/Runtime/Oculus/OculusVR/Binaries/Win64/UE4Editor-OculusInput.dll (API version 3709383).
LogModuleManager: Display: Found up-to-date module file ../../../Engine/Plugins/Runtime/Oculus/OculusVR/Binaries/Win64/UE4Editor-OculusEditor.dll (API version 3709383).
LogModuleManager: Display: Found up-to-date module file ../../../Engine/Plugins/Runtime/PhysXVehicles/Binaries/Win64/UE4Editor-PhysXVehicles.dll (API version 3709383).
LogModuleManager: Display: Found up-to-date module file ../../../Engine/Plugins/Runtime/PhysXVehicles/Binaries/Win64/UE4Editor-PhysXVehiclesEditor.dll (API version 3709383).
LogModuleManager: Display: Found up-to-date module file ../../../Engine/Plugins/Runtime/ProceduralMeshComponent/Binaries/Win64/UE4Editor-ProceduralMeshComponent.dll (API version 3709383).
LogModuleManager: Display: Found up-to-date module file ../../../Engine/Plugins/Runtime/ProceduralMeshComponent/Binaries/Win64/UE4Editor-ProceduralMeshComponentEditor.dll (API version 3709383).
LogModuleManager: Display: Found up-to-date module file ../../../Engine/Plugins/Runtime/RuntimePhysXCooking/Binaries/Win64/UE4Editor-RuntimePhysXCooking.dll (API version 3709383).
LogModuleManager: Display: Found up-to-date module file ../../../Engine/Plugins/Runtime/Steam/SteamVR/Binaries/Win64/UE4Editor-SteamVR.dll (API version 3709383).
LogModuleManager: Display: Found up-to-date module file ../../../Engine/Plugins/Runtime/Steam/SteamVR/Binaries/Win64/UE4Editor-SteamVRController.dll (API version 3709383).
LogModuleManager: Display: Found up-to-date module file ../../../Engine/Plugins/Runtime/WindowsMoviePlayer/Binaries/Win64/UE4Editor-WindowsMoviePlayer.dll (API version 3709383).
LogPluginManager: Mounting plugin Paper2D
LogPluginManager: Mounting plugin LightPropagationVolume
LogPluginManager: Mounting plugin CodeLiteSourceCodeAccess
LogPluginManager: Mounting plugin GitSourceControl
LogPluginManager: Mounting plugin KDevelopSourceCodeAccess
LogPluginManager: Mounting plugin NullSourceCodeAccess
LogPluginManager: Mounting plugin PerforceSourceControl
LogPluginManager: Mounting plugin SubversionSourceControl
LogPluginManager: Mounting plugin UObjectPlugin
LogPluginManager: Mounting plugin VisualStudioCodeSourceCodeAccess
LogPluginManager: Mounting plugin VisualStudioSourceCodeAccess
LogPluginManager: Mounting plugin XCodeSourceCodeAccess
LogPluginManager: Mounting plugin AssetManagerEditor
LogPluginManager: Mounting plugin AudioCapture
LogPluginManager: Mounting plugin FacialAnimation
LogPluginManager: Mounting plugin GameplayTagsEditor
LogPluginManager: Mounting plugin MobileLauncherProfileWizard
LogPluginManager: Mounting plugin PluginBrowser
LogPluginManager: Mounting plugin SpeedTreeImporter
LogPluginManager: Mounting plugin AlembicImporter
LogPluginManager: Mounting plugin CharacterAI
LogPluginManager: Mounting plugin HTML5Networking
LogPluginManager: Mounting plugin AndroidMedia
LogPluginManager: Mounting plugin AvfMedia
LogPluginManager: Mounting plugin ImgMedia
LogPluginManager: Mounting plugin MediaCompositing
LogPluginManager: Mounting plugin MediaPlayerEditor
LogPluginManager: Mounting plugin WmfMedia
LogPluginManager: Mounting plugin TcpMessaging
LogPluginManager: Mounting plugin UdpMessaging
LogPluginManager: Mounting plugin ActorSequence
LogPluginManager: Mounting plugin LevelSequenceEditor
LogPluginManager: Mounting plugin MatineeToLevelSequence
LogPluginManager: Mounting plugin OnlineSubsystemGooglePlay
LogPluginManager: Mounting plugin OnlineSubsystemIOS
LogPluginManager: Mounting plugin OnlineSubsystem
LogPluginManager: Mounting plugin OnlineSubsystemNull
LogPluginManager: Mounting plugin OnlineSubsystemUtils
LogPluginManager: Mounting plugin AndroidDeviceProfileSelector
LogPluginManager: Mounting plugin AndroidMoviePlayer
LogPluginManager: Mounting plugin AndroidPermission
LogPluginManager: Mounting plugin AppleARKit
LogPluginManager: Mounting plugin AppleMoviePlayer
LogPluginManager: Mounting plugin ArchVisCharacter
LogPluginManager: Mounting plugin CableComponent
LogPluginManager: Mounting plugin CustomMeshComponent
LogPluginManager: Mounting plugin ExampleDeviceProfileSelector
LogPluginManager: Mounting plugin GoogleCloudMessaging
LogPluginManager: Mounting plugin ImmediatePhysics
LogPluginManager: Mounting plugin IOSDeviceProfileSelector
LogPluginManager: Mounting plugin LinuxDeviceProfileSelector
LogPluginManager: Mounting plugin LocationServicesBPLibrary
LogPluginManager: Mounting plugin MobilePatchingUtils
LogPluginManager: Mounting plugin OculusVR
LogPluginManager: Plugin shader directory ../../../Engine/Plugins/Runtime/Oculus/OculusVR/Shaders found
LogPluginManager: Mapping shader source directory ../../../Engine/Plugins/Runtime/Oculus/OculusVR/Shaders to virtual directory /Plugin/OculusVR
LogPluginManager: Mounting plugin PhysXVehicles
LogPluginManager: Mounting plugin ProceduralMeshComponent
LogPluginManager: Mounting plugin RuntimePhysXCooking
LogPluginManager: Mounting plugin SteamVR
LogPluginManager: Mounting plugin WindowsMoviePlayer
LogInit: Using libcurl 7.47.1
LogInit:  - built for x86_64-pc-win32
LogInit:  - supports SSL with OpenSSL/1.0.2g
LogInit:  - supports HTTP deflate (compression) using libz 1.2.8
LogInit:  - other features:
LogInit:      CURL_VERSION_SSL
LogInit:      CURL_VERSION_LIBZ
LogInit:      CURL_VERSION_IPV6
LogInit:      CURL_VERSION_ASYNCHDNS
LogInit:      CURL_VERSION_LARGEFILE
LogInit:      CURL_VERSION_IDN
LogInit:  CurlRequestOptions (configurable via config and command line):
LogInit:  - bVerifyPeer = false  - Libcurl will NOT verify peer certificate
LogInit:  - bUseHttpProxy = false  - Libcurl will NOT use HTTP proxy
LogInit:  - bDontReuseConnections = false  - Libcurl will reuse connections
LogInit:  - CertBundlePath = nullptr  - Libcurl will use whatever was configured at build time.
LogInit: Build: ++UE4+Release-4.18-CL-3832480
LogInit: Engine Version: 4.18.3-3832480+++UE4+Release-4.18
LogInit: Compatible Engine Version: 4.18.0-3709383+++UE4+Release-4.18
LogInit: Net CL: 3709383
LogDevObjectVersion: Number of dev versions registered: 16
LogDevObjectVersion:   Dev-Blueprints (B0D832E4-1F89-4F0D-ACCF-7EB736FD4AA2): 10
LogDevObjectVersion:   Dev-Build (E1C64328-A22C-4D53-A36C-8E866417BD8C): 0
LogDevObjectVersion:   Dev-Core (375EC13C-06E4-48FB-B500-84F0262A717E): 2
LogDevObjectVersion:   Dev-Editor (E4B068ED-F494-42E9-A231-DA0B2E46BB41): 20
LogDevObjectVersion:   Dev-Framework (CFFC743F-43B0-4480-9391-14DF171D2073): 30
LogDevObjectVersion:   Dev-Mobile (B02B49B5-BB20-44E9-A304-32B752E40360): 0
LogDevObjectVersion:   Dev-Networking (A4E4105C-59A1-49B5-A7C5-40C4547EDFEE): 0
LogDevObjectVersion:   Dev-Online (39C831C9-5AE6-47DC-9A44-9C173E1C8E7C): 0
LogDevObjectVersion:   Dev-Physics (78F01B33-EBEA-4F98-B9B4-84EACCB95AA2): 0
LogDevObjectVersion:   Dev-Platform (6631380F-2D4D-43E0-8009-CF276956A95A): 0
LogDevObjectVersion:   Dev-Rendering (12F88B9F-8875-4AFC-A67C-D90C383ABD29): 20
LogDevObjectVersion:   Dev-Sequencer (7B5AE74C-D270-4C10-A958-57980B212A5A): 4
LogDevObjectVersion:   Dev-VR (D7296918-1DD6-4BDD-9DE2-64A83CC13884): 0
LogDevObjectVersion:   Dev-LoadTimes (C2A15278-BFE7-4AFE-6C17-90FF531DF755): 1
LogDevObjectVersion:   Private-Geometry (6EACA3D4-40EC-4CC1-B786-8BED09428FC5): 1
LogDevObjectVersion:   Dev-AnimPhys (29E575DD-E0A3-4627-9D10-D276232CDCEA): 12
LogInit: Compiled (64-bit): Jan 12 2018 02:04:55
LogInit: Compiled with Visual C++: 19.00.24215.01
LogInit: Build Configuration: Development
LogInit: Branch Name: ++UE4+Release-4.18
LogInit: Command line: 
LogInit: Base directory: C:/Program Files/Epic Games/UE_4.18/Engine/Binaries/Win64/
LogInit: Installed Engine Build: 1
LogInit: Presizing for max 8388607 objects, including 0 objects not considered by GC, pre-allocating 0 bytes for permanent pool.
LogInit: Object subsystem initialized
[2018.03.08-00.33.19:069][  0]LogInit: Selected Device Profile: [Windows]
[2018.03.08-00.33.19:069][  0]LogInit: Applying CVar settings loaded from the selected device profile: [Windows]
[2018.03.08-00.33.19:081][  0]LogInit: Computer: DESKTOP-2QNA1SC
[2018.03.08-00.33.19:081][  0]LogInit: User: darkm
[2018.03.08-00.33.19:081][  0]LogInit: CPU Page size=4096, Cores=4
[2018.03.08-00.33.19:081][  0]LogInit: High frequency timer resolution =1.945311 MHz
[2018.03.08-00.33.19:081][  0]LogMemory: Memory total: Physical=15.9GB (16GB approx)
[2018.03.08-00.33.19:081][  0]LogMemory: Platform Memory Stats for Windows
[2018.03.08-00.33.19:081][  0]LogMemory: Process Physical Memory: 272.76 MB used, 272.76 MB peak
[2018.03.08-00.33.19:081][  0]LogMemory: Process Virtual Memory: 269.87 MB used, 269.87 MB peak
[2018.03.08-00.33.19:081][  0]LogMemory: Physical Memory: 6347.12 MB used,  9952.48 MB free, 16299.60 MB total
[2018.03.08-00.33.19:081][  0]LogMemory: Virtual Memory: 682.23 MB used,  9952.48 MB free, 134217728.00 MB total
[2018.03.08-00.33.19:228][  0]LogInit: Using OS detected language (en-US).
[2018.03.08-00.33.19:228][  0]LogInit: Using OS detected locale (en-US).
[2018.03.08-00.33.19:230][  0]LogTextLocalizationManager: No specific localization for 'en-US' exists, so the 'en' localization will be used.
[2018.03.08-00.33.19:642][  0]LogInit: Setting process to per monitor DPI aware
[2018.03.08-00.33.19:913][  0]LogD3D11RHI: D3D11 adapters:
[2018.03.08-00.33.19:926][  0]LogD3D11RHI:    0. 'Intel(R) UHD Graphics 620' (Feature Level 11_0)
[2018.03.08-00.33.19:926][  0]LogD3D11RHI:       128/0/8149 MB DedicatedVideo/DedicatedSystem/SharedSystem, Outputs:1, VendorId:0x8086
[2018.03.08-00.33.20:205][  0]LogD3D11RHI:    1. 'Radeon 500 Series' (Feature Level 11_0)
[2018.03.08-00.33.20:205][  0]LogD3D11RHI:       1995/0/8149 MB DedicatedVideo/DedicatedSystem/SharedSystem, Outputs:0, VendorId:0x1002
[2018.03.08-00.33.20:207][  0]LogD3D11RHI:    2. 'Microsoft Basic Render Driver' (Feature Level 11_0)
[2018.03.08-00.33.20:207][  0]LogD3D11RHI:       0/0/8149 MB DedicatedVideo/DedicatedSystem/SharedSystem, Outputs:0, VendorId:0x1414
[2018.03.08-00.33.20:207][  0]LogD3D11RHI: Chosen D3D11 Adapter: 1
[2018.03.08-00.33.20:214][  0]LogD3D11RHI: Creating new Direct3DDevice
[2018.03.08-00.33.20:214][  0]LogD3D11RHI:     GPU DeviceId: 0x699f (for the marketing name, search the web for "GPU Device Id")
[2018.03.08-00.33.20:214][  0]LogWindows: EnumDisplayDevices:
[2018.03.08-00.33.20:214][  0]LogWindows:    0. 'Intel(R) UHD Graphics 620' (P:1 D:1)
[2018.03.08-00.33.20:215][  0]LogWindows:    1. 'Intel(R) UHD Graphics 620' (P:0 D:0)
[2018.03.08-00.33.20:215][  0]LogWindows:    2. 'Intel(R) UHD Graphics 620' (P:0 D:0)
[2018.03.08-00.33.20:215][  0]LogWindows:    3. 'Radeon 500 Series' (P:0 D:0)
[2018.03.08-00.33.20:215][  0]LogWindows:    4. 'Radeon 500 Series' (P:0 D:0)
[2018.03.08-00.33.20:215][  0]LogWindows:    5. 'Radeon 500 Series' (P:0 D:0)
[2018.03.08-00.33.20:215][  0]LogWindows:    6. 'Radeon 500 Series' (P:0 D:0)
[2018.03.08-00.33.20:215][  0]LogWindows:    7. 'Radeon 500 Series' (P:0 D:0)
[2018.03.08-00.33.20:216][  0]LogWindows:    8. 'Radeon 500 Series' (P:0 D:0)
[2018.03.08-00.33.20:216][  0]LogWindows:    9. 'Radeon 500 Series' (P:0 D:0)
[2018.03.08-00.33.20:216][  0]LogWindows:    10. 'Radeon 500 Series' (P:0 D:0)
[2018.03.08-00.33.20:216][  0]LogWindows:    11. 'Radeon 500 Series' (P:0 D:0)
[2018.03.08-00.33.20:216][  0]LogWindows:    12. 'Radeon 500 Series' (P:0 D:0)
[2018.03.08-00.33.20:216][  0]LogWindows:    13. 'Radeon 500 Series' (P:0 D:0)
[2018.03.08-00.33.20:216][  0]LogWindows:    14. 'Radeon 500 Series' (P:0 D:0)
[2018.03.08-00.33.20:216][  0]LogWindows:    15. 'Radeon 500 Series' (P:0 D:0)
[2018.03.08-00.33.20:217][  0]LogWindows:    16. 'Radeon 500 Series' (P:0 D:0)
[2018.03.08-00.33.20:217][  0]LogWindows:    17. 'Radeon 500 Series' (P:0 D:0)
[2018.03.08-00.33.20:217][  0]LogWindows:    18. 'Radeon 500 Series' (P:0 D:0)
[2018.03.08-00.33.20:217][  0]LogWindows: DebugString: GetVideoDriverDetailsInvalid PrimaryIsNotTheChoosenAdapter GetVideoDriverDetailsInvalid PrimaryIsNotTheChoosenAdapter GetVideoDriverDetailsInvalid PrimaryIsNotTheChoosenAdapter GetVideoDriverDetailsInvalid PrimaryIsNotTheChoosenAdapter GetVideoDriverDetailsInvalid PrimaryIsNotTheChoosenAdapter GetVideoDriverDetailsInvalid PrimaryIsNotTheChoosenAdapter GetVideoDriverDetailsInvalid PrimaryIsNotTheChoosenAdapter GetVideoDriverDetailsInvalid PrimaryIsNotTheChoosenAdapter GetVideoDriverDetailsInvalid PrimaryIsNotTheChoosenAdapter GetVideoDriverDetailsInvalid PrimaryIsNotTheChoosenAdapter GetVideoDriverDetailsInvalid PrimaryIsNotTheChoosenAdapter GetVideoDriverDetailsInvalid PrimaryIsNotTheChoosenAdapter GetVideoDriverDetailsInvalid PrimaryIsNotTheChoosenAdapter GetVideoDriverDetailsInvalid PrimaryIsNotTheChoosenAdapter GetVideoDriverDetailsInvalid PrimaryIsNotTheChoosenAdapter GetVideoDriverDetailsInvalid PrimaryIsNotTheChoosenAdapter GetVideoDriverDetailsInvalid PrimaryIsNotTheChoosenAdapter GetVideoDriverDetailsInvalid PrimaryIsNotTheChoosenAdapter GetVideoDriverDetailsInvalid PrimaryIsNotTheChoosenAdapter FoundDriverCount:0 
[2018.03.08-00.33.20:217][  0]LogD3D11RHI:     Adapter Name: Radeon 500 Series
[2018.03.08-00.33.20:217][  0]LogD3D11RHI:   Driver Version: Unknown (internal:Unknown, unified:Unknown)
[2018.03.08-00.33.20:217][  0]LogD3D11RHI:      Driver Date: Unknown
[2018.03.08-00.33.20:217][  0]LogRHI: Texture pool is 1396 MB (70% of 1995 MB)
[2018.03.08-00.33.20:259][  0]LogD3D11RHI: Async texture creation enabled
[2018.03.08-00.33.20:273][  0]LogD3D11RHI: GPU Timing Frequency: 25.000000 (Debug: 2 1)
[2018.03.08-00.33.20:274][  0]LogShaderCompilers: Guid format shader working directory is -20 characters bigger than the processId version (../../../../../../Users/darkm/Documents/GitHub/SushiShop/SushiShop/Intermediate/Shaders/WorkingDirectory/1476/).
[2018.03.08-00.33.20:274][  0]LogShaderCompilers: Cleaned the shader compiler working directory 'C:/Users/darkm/AppData/Local/Temp/UnrealShaderWorkingDir/36D6740945F34C6BB7D824B4413A654F/'.
[2018.03.08-00.33.20:274][  0]LogShaderCompilers: Display: Using Local Shader Compiler.
[2018.03.08-00.33.21:165][  0]LogTemp: Display: Loaded TP AllDesktopTargetPlatform
[2018.03.08-00.33.21:220][  0]LogTemp: Display: Loaded TP MacClientTargetPlatform
[2018.03.08-00.33.21:274][  0]LogTemp: Display: Loaded TP MacNoEditorTargetPlatform
[2018.03.08-00.33.21:326][  0]LogTemp: Display: Loaded TP MacServerTargetPlatform
[2018.03.08-00.33.21:376][  0]LogTemp: Display: Loaded TP MacTargetPlatform
[2018.03.08-00.33.21:428][  0]LogTemp: Display: Loaded TP WindowsClientTargetPlatform
[2018.03.08-00.33.21:480][  0]LogTemp: Display: Loaded TP WindowsNoEditorTargetPlatform
[2018.03.08-00.33.21:531][  0]LogTemp: Display: Loaded TP WindowsServerTargetPlatform
[2018.03.08-00.33.21:575][  0]LogTemp: Display: Loaded TP WindowsTargetPlatform
[2018.03.08-00.33.21:626][  0]LogTemp: Display: Loaded TP AndroidTargetPlatform
[2018.03.08-00.33.21:677][  0]LogTemp: Display: Loaded TP Android_ASTCTargetPlatform
[2018.03.08-00.33.21:728][  0]LogTemp: Display: Loaded TP Android_ATCTargetPlatform
[2018.03.08-00.33.21:780][  0]LogTemp: Display: Loaded TP Android_DXTTargetPlatform
[2018.03.08-00.33.21:830][  0]LogTemp: Display: Loaded TP Android_ETC1TargetPlatform
[2018.03.08-00.33.21:881][  0]LogTemp: Display: Loaded TP Android_ETC2TargetPlatform
[2018.03.08-00.33.21:981][  0]LogTemp: Display: Loaded TP Android_MultiTargetPlatform
[2018.03.08-00.33.21:981][  0]LogTemp: Display: Loaded TP Android_PVRTCTargetPlatform
[2018.03.08-00.33.22:019][  0]LogTemp: Display: Loaded TP HTML5TargetPlatform
[2018.03.08-00.33.22:106][  0]LogTemp: Display: Loaded TP IOSTargetPlatform
[2018.03.08-00.33.22:131][  0]LogTemp: Display: Loaded TP TVOSTargetPlatform
[2018.03.08-00.33.22:180][  0]LogTemp: Display: Loaded TP LinuxClientTargetPlatform
[2018.03.08-00.33.22:229][  0]LogTemp: Display: Loaded TP LinuxNoEditorTargetPlatform
[2018.03.08-00.33.22:280][  0]LogTemp: Display: Loaded TP LinuxServerTargetPlatform
[2018.03.08-00.33.22:329][  0]LogTemp: Display: Loaded TP LinuxTargetPlatform
[2018.03.08-00.33.22:329][  0]LogTargetPlatformManager: Display: Building Assets For Windows
[2018.03.08-00.33.22:762][  0]LogDerivedDataCache: Display: Max Cache Size: 512 MB
[2018.03.08-00.33.22:841][  0]LogDerivedDataCache: Loaded boot cache 0.08s 96MB C:/Users/darkm/AppData/Local/UnrealEngine/4.18/DerivedDataCache/Boot.ddc.
[2018.03.08-00.33.22:841][  0]LogDerivedDataCache: Display: Loaded Boot cache: C:/Users/darkm/AppData/Local/UnrealEngine/4.18/DerivedDataCache/Boot.ddc
[2018.03.08-00.33.22:841][  0]LogDerivedDataCache: FDerivedDataBackendGraph:  Pak pak cache file ../../../../../../Users/darkm/Documents/GitHub/SushiShop/SushiShop/DerivedDataCache/DDC.ddp not found, will not use a pak cache.
[2018.03.08-00.33.22:841][  0]LogDerivedDataCache: Unable to find inner node Pak for hierarchical cache Hierarchy.
[2018.03.08-00.33.22:841][  0]LogDerivedDataCache: FDerivedDataBackendGraph:  CompressedPak pak cache file ../../../../../../Users/darkm/Documents/GitHub/SushiShop/SushiShop/DerivedDataCache/Compressed.ddp not found, will not use a pak cache.
[2018.03.08-00.33.22:841][  0]LogDerivedDataCache: Unable to find inner node CompressedPak for hierarchical cache Hierarchy.
[2018.03.08-00.33.22:858][  0]LogDerivedDataCache: Display: Pak cache opened for reading ../../../Engine/DerivedDataCache/Compressed.ddp.
[2018.03.08-00.33.22:871][  0]LogDerivedDataCache: Using Local data cache path C:/Users/darkm/AppData/Local/UnrealEngine/Common/DerivedDataCache: Writable
[2018.03.08-00.33.22:882][  0]LogMaterial: Verifying Global Shaders for PCD3D_SM5
[2018.03.08-00.33.22:882][  0]LogSlate: Using Freetype 2.6.0
[2018.03.08-00.33.22:883][  0]LogSlate: SlateFontCache - WITH_FREETYPE: 1, WITH_HARFBUZZ: 1
[2018.03.08-00.33.22:883][  0]LogSlate: SlateFontCache - WITH_FREETYPE: 1, WITH_HARFBUZZ: 1
[2018.03.08-00.33.23:216][  0]LogInit: Selected Device Profile: [Windows]
[2018.03.08-00.33.23:540][  0]LogSimplygon: Simplygon DLL not present - disabling.
[2018.03.08-00.33.23:580][  0]LogMeshReduction: Using SimplygonSwarm for distributed automatic mesh merging
[2018.03.08-00.33.23:580][  0]LogMeshReduction: Using QuadricMeshReduction for automatic static mesh reduction
[2018.03.08-00.33.23:580][  0]LogMeshReduction: No automatic skeletal mesh reduction module available
[2018.03.08-00.33.23:580][  0]LogMeshReduction: No automatic mesh merging module available
[2018.03.08-00.33.23:580][  0]LogMeshMerging: No automatic mesh merging module available
[2018.03.08-00.33.23:600][  0]LogNetVersion: SushiShop , NetCL: 3709383, EngineNetVer: 2, GameNetVer: 0 (Checksum: 2343829258)
[2018.03.08-00.33.23:765][  0]LogAssetRegistry: FAssetRegistry took 0.0260 seconds to start up
[2018.03.08-00.33.24:278][  0]LogPackageLocalizationCache: Processed 7 localized package path(s) for 2 prioritized culture(s) in 0.070716 seconds
[2018.03.08-00.33.24:283][  0]LogUObjectArray: 35870 objects as part of root set at end of initial load.
[2018.03.08-00.33.24:283][  0]LogUObjectAllocator: 7363704 out of 0 bytes used by permanent object pool.
[2018.03.08-00.33.24:283][  0]LogUObjectArray: CloseDisregardForGC: 0/0 objects in disregard for GC pool
[2018.03.08-00.33.24:338][  0]LogInit: WinSock: version 1.1 (2.2), MaxSocks=32767, MaxUdp=65467
[2018.03.08-00.33.26:909][  0]LogTcpMessaging: Initializing TcpMessaging bridge
[2018.03.08-00.33.26:945][  0]LogUdpMessaging: Initializing bridge on interface 0.0.0.0:0 to multicast group 230.0.0.1:6666.
[2018.03.08-00.33.27:542][  0]LogMaterial: Missing cached shader map for material BaseColor, compiling. 
[2018.03.08-00.33.27:543][  0]LogMaterial: Warning: C:\Program Files\Epic Games\UE_4.18\Engine\Content\BufferVisualization\BaseColor.uasset: Failed to compile Material for platform PCD3D_SM5, Default Material will be used in game.
[2018.03.08-00.33.27:543][  0]LogMaterial: 	(Node SceneTexture) GBuffer scene textures not available with forward shading.
[2018.03.08-00.33.27:564][  0]LogMaterial: Uniform references updated for custom material expression Custom.
[2018.03.08-00.33.27:575][  0]LogMaterial: Missing cached shader map for material LightingModel, compiling. 
[2018.03.08-00.33.27:575][  0]LogMaterial: Warning: C:\Program Files\Epic Games\UE_4.18\Engine\Content\BufferVisualization\LightingModel.uasset: Failed to compile Material for platform PCD3D_SM5, Default Material will be used in game.
[2018.03.08-00.33.27:575][  0]LogMaterial: 	(Node SceneTexture) GBuffer scene textures not available with forward shading.
[2018.03.08-00.33.27:578][  0]LogMaterial: Missing cached shader map for material MaterialAO, compiling. 
[2018.03.08-00.33.27:579][  0]LogMaterial: Warning: C:\Program Files\Epic Games\UE_4.18\Engine\Content\BufferVisualization\MaterialAO.uasset: Failed to compile Material for platform PCD3D_SM5, Default Material will be used in game.
[2018.03.08-00.33.27:579][  0]LogMaterial: 	(Node SceneTexture) GBuffer scene textures not available with forward shading.
[2018.03.08-00.33.27:581][  0]LogMaterial: Missing cached shader map for material Metallic, compiling. 
[2018.03.08-00.33.27:582][  0]LogMaterial: Warning: C:\Program Files\Epic Games\UE_4.18\Engine\Content\BufferVisualization\Metallic.uasset: Failed to compile Material for platform PCD3D_SM5, Default Material will be used in game.
[2018.03.08-00.33.27:582][  0]LogMaterial: 	(Node SceneTexture) GBuffer scene textures not available with forward shading.
[2018.03.08-00.33.27:584][  0]LogMaterial: Missing cached shader map for material Opacity, compiling. 
[2018.03.08-00.33.27:584][  0]LogMaterial: Warning: C:\Program Files\Epic Games\UE_4.18\Engine\Content\BufferVisualization\Opacity.uasset: Failed to compile Material for platform PCD3D_SM5, Default Material will be used in game.
[2018.03.08-00.33.27:584][  0]LogMaterial: 	(Node SceneTexture) GBuffer scene textures not available with forward shading.
[2018.03.08-00.33.27:587][  0]LogMaterial: Missing cached shader map for material Roughness, compiling. 
[2018.03.08-00.33.27:587][  0]LogMaterial: Warning: C:\Program Files\Epic Games\UE_4.18\Engine\Content\BufferVisualization\Roughness.uasset: Failed to compile Material for platform PCD3D_SM5, Default Material will be used in game.
[2018.03.08-00.33.27:587][  0]LogMaterial: 	(Node SceneTexture) GBuffer scene textures not available with forward shading.
[2018.03.08-00.33.27:605][  0]LogMaterial: Missing cached shader map for material Specular, compiling. 
[2018.03.08-00.33.27:605][  0]LogMaterial: Warning: C:\Program Files\Epic Games\UE_4.18\Engine\Content\BufferVisualization\Specular.uasset: Failed to compile Material for platform PCD3D_SM5, Default Material will be used in game.
[2018.03.08-00.33.27:605][  0]LogMaterial: 	(Node SceneTexture) GBuffer scene textures not available with forward shading.
[2018.03.08-00.33.27:608][  0]LogMaterial: Missing cached shader map for material SubsurfaceColor, compiling. 
[2018.03.08-00.33.27:608][  0]LogMaterial: Warning: C:\Program Files\Epic Games\UE_4.18\Engine\Content\BufferVisualization\SubsurfaceColor.uasset: Failed to compile Material for platform PCD3D_SM5, Default Material will be used in game.
[2018.03.08-00.33.27:608][  0]LogMaterial: 	(Node SceneTexture) GBuffer scene textures not available with forward shading.
[2018.03.08-00.33.27:611][  0]LogMaterial: Missing cached shader map for material WorldNormal, compiling. 
[2018.03.08-00.33.27:611][  0]LogMaterial: Warning: C:\Program Files\Epic Games\UE_4.18\Engine\Content\BufferVisualization\WorldNormal.uasset: Failed to compile Material for platform PCD3D_SM5, Default Material will be used in game.
[2018.03.08-00.33.27:611][  0]LogMaterial: 	(Node SceneTexture) GBuffer scene textures not available with forward shading.
[2018.03.08-00.33.27:949][  0]SourceControl: Source control is disabled
[2018.03.08-00.33.27:949][  0]SourceControl: Source control is disabled
[2018.03.08-00.33.27:995][  0]SourceControl: Source control is disabled
[2018.03.08-00.33.28:037][  0]SourceControl: Source control is disabled
[2018.03.08-00.33.28:732][  0]LogAndroidPermission: UAndroidPermissionCallbackProxy::GetInstance
[2018.03.08-00.33.28:966][  0]LogOcInput: OculusInput pre-init called
[2018.03.08-00.33.29:232][  0]LogEngine: Initializing Engine...
[2018.03.08-00.33.29:235][  0]LogHMD: Failed to initialize OpenVR with code 110
[2018.03.08-00.33.29:437][  0]LogStats: UGameplayTagsManager::ConstructGameplayTagTree: Construct from data asset -  0.000 s
[2018.03.08-00.33.29:437][  0]LogStats: UGameplayTagsManager::ConstructGameplayTagTree: GameplayTagTreeChangedEvent.Broadcast -  0.000 s
[2018.03.08-00.33.29:568][  0]LogAIModule: Creating AISystem for world Untitled
[2018.03.08-00.33.29:576][  0]LogInit: XAudio2 using 'Speakers (Realtek High Definition Audio(SST))' : 2 channels at 48 kHz using 32 bits per sample (channel mask 0x3)
[2018.03.08-00.33.29:633][  0]LogInit: FAudioDevice initialized.
[2018.03.08-00.33.29:737][  0]LogDerivedDataCache: Saved boot cache 0.10s 96MB C:/Users/darkm/AppData/Local/UnrealEngine/4.18/DerivedDataCache/Boot.ddc.
[2018.03.08-00.33.29:747][  0]LogInit: Texture streaming: Enabled
[2018.03.08-00.33.29:838][  0]LogEngineSessionManager: EngineSessionManager initialized
[2018.03.08-00.33.29:838][  0]LogEngineSessionManager: EngineSessionManager sent abnormal shutdown report. Type=Crashed, SessionId={4355D698-4CC6-35DD-6AFB-88B89FB59B17}
[2018.03.08-00.33.29:965][  0]LogInit: Transaction tracking system initialized
[2018.03.08-00.33.30:265][  0]BlueprintLog: New page: Editor Load
[2018.03.08-00.33.31:127][  0]LocalizationService: Localization service is disabled
[2018.03.08-00.33.31:838][  0]LogConsoleResponse: Display: 
[2018.03.08-00.33.32:026][  0]LogCook: Display: Max memory allowance for cook 16384mb min free memory 0mb
[2018.03.08-00.33.32:026][  0]LogCook: Display: Mobile HDR setting 1
[2018.03.08-00.33.32:027][  0]LogGameplayTags: Display: UGameplayTagsManager::DoneAddingNativeTags. DelegateIsBound: 0
[2018.03.08-00.33.32:270][  0]LogFileCache: Scanning file cache for directory 'C:/Users/darkm/Documents/GitHub/SushiShop/SushiShop/Content/' took 0.01s
[2018.03.08-00.33.33:120][  0]SourceControl: Source control is disabled
[2018.03.08-00.33.33:188][  0]LogWindowsTextInputMethodSystem: Display: IME system now deactivated.
[2018.03.08-00.33.33:189][  0]LogWindowsTextInputMethodSystem: Display: IME system now deactivated.
[2018.03.08-00.33.33:219][  0]LogSlate: Took 0.000160 seconds to synchronously load lazily loaded font '../../../Engine/Content/Slate/Fonts/Roboto-Regular.ttf' (155K)
[2018.03.08-00.33.35:971][  0]LogWindowsTextInputMethodSystem: Display: IME system now deactivated.
[2018.03.08-00.33.35:971][  0]LogWindowsTextInputMethodSystem: Display: IME system now deactivated.
[2018.03.08-00.33.35:975][  0]LogWindowsTextInputMethodSystem: Display: IME system now deactivated.
[2018.03.08-00.33.35:976][  0]LogWindowsTextInputMethodSystem: Display: IME system now deactivated.
[2018.03.08-00.33.35:983][  0]Cmd: MAP LOAD FILE="../../../../../../Users/darkm/Documents/GitHub/SushiShop/SushiShop/Content/VirtualRealityBP/Maps/StartupMap.umap" TEMPLATE=0 SHOWPROGRESS=1 FEATURELEVEL=3
[2018.03.08-00.33.35:984][  0]LightingResults: New page: Lighting Build
[2018.03.08-00.33.36:037][  0]MapCheck: New page: Map Check
[2018.03.08-00.33.36:037][  0]LightingResults: New page: Lighting Build
[2018.03.08-00.33.36:160][  0]LogAIModule: Creating AISystem for world StartupMap
[2018.03.08-00.33.36:169][  0]LogEditorServer: Finished looking for orphan Actors (0.000 secs)
[2018.03.08-00.33.36:182][  0]Cmd: MAP CHECKDEP NOCLEARLOG
[2018.03.08-00.33.36:271][  0]MapCheck: Map check complete: 0 Error(s), 0 Warning(s), took 89.321ms to complete.
[2018.03.08-00.33.36:271][  0]LogFileHelpers: Loading map 'StartupMap' took 0.288
[2018.03.08-00.33.36:421][  0]LogStats: Warning: MetaData mismatch. Did you assign a stat to two groups? New //STATGROUP_Threads//SplashScreenThread///Thread_190c_0///####STATCAT_Advanced#### old //STATGROUP_Threads//SplashScreenThread///Thread_3880_0///####STATCAT_Advanced####
[2018.03.08-00.33.36:421][  0]LogCollectionManager: Loaded 0 collections in 0.001456 seconds
[2018.03.08-00.33.36:502][  0]LogFileCache: Scanning file cache for directory 'C:/Users/darkm/Documents/GitHub/SushiShop/SushiShop/Saved/Collections/' took 0.01s
[2018.03.08-00.33.36:502][  0]LogFileCache: Scanning file cache for directory 'C:/Users/darkm/Documents/GitHub/SushiShop/SushiShop/Content/Developers/darkm/Collections/' took 0.01s
[2018.03.08-00.33.36:502][  0]LogFileCache: Scanning file cache for directory 'C:/Users/darkm/Documents/GitHub/SushiShop/SushiShop/Content/Collections/' took 0.01s
[2018.03.08-00.33.36:502][  0]LogCollectionManager: Rebuilt the GUID cache for 0 collections in 0.000000 seconds
[2018.03.08-00.33.36:510][  0]LogContentBrowser: Native class hierarchy populated in 0.0080 seconds. Added 2364 classes and 521 folders.
[2018.03.08-00.33.36:575][  0]LogContentBrowser: Native class hierarchy updated for 'WidgetCarousel' in 0.0002 seconds. Added 0 classes and 0 folders.
[2018.03.08-00.33.36:609][  0]LogContentBrowser: Native class hierarchy updated for 'AddContentDialog' in 0.0003 seconds. Added 0 classes and 0 folders.
[2018.03.08-00.33.36:628][  0]LogSlate: Took 0.000164 seconds to synchronously load lazily loaded font '../../../Engine/Content/Slate/Fonts/Roboto-Bold.ttf' (160K)
[2018.03.08-00.33.36:629][  0]LogSlate: Took 0.000125 seconds to synchronously load lazily loaded font '../../../Engine/Content/Editor/Slate/Fonts/FontAwesome.ttf' (139K)
[2018.03.08-00.33.36:739][  0]LogRenderer: Reallocating scene render targets to support 928x456 Format 26 NumSamples 1 (Frame:1).
[2018.03.08-00.33.37:107][  0]LogContentBrowser: Native class hierarchy updated for 'HierarchicalLODOutliner' in 0.0002 seconds. Added 1 classes and 2 folders.
[2018.03.08-00.33.37:107][  0]LogLoad: (Engine Initialization) Total time: 19.97 seconds
[2018.03.08-00.33.37:107][  0]LogLoad: (Engine Initialization) Total Blueprint compile time: 0.00 seconds
[2018.03.08-00.33.37:108][  0]LogExternalProfiler: No external profilers were discovered.  External profiling features will not be available.
[2018.03.08-00.33.37:466][  0]LogContentStreaming: Texture pool size now 1000 MB
[2018.03.08-00.33.37:488][  0]LogSlate: Took 0.000206 seconds to synchronously load lazily loaded font '../../../Engine/Content/Slate/Fonts/Roboto-Light.ttf' (159K)
[2018.03.08-00.33.37:784][  1]LogAssetRegistry: Asset discovery search completed in 14.0415 seconds
[2018.03.08-00.33.37:786][  1]LogCollectionManager: Rebuilt the object cache for 0 collections in 0.000000 seconds (found 0 objects)
[2018.03.08-00.33.37:786][  1]LogCollectionManager: Fixed up redirectors for 0 collections in 0.000033 seconds (updated 0 objects)
[2018.03.08-00.33.38:450][  3]LogSlate: Took 0.000155 seconds to synchronously load lazily loaded font '../../../Engine/Content/Slate/Fonts/Roboto-Light.ttf' (159K)
[2018.03.08-00.34.51:338][442]LogSlate: Took 0.000162 seconds to synchronously load lazily loaded font '../../../Engine/Content/Slate/Fonts/Roboto-Light.ttf' (159K)
[2018.03.08-00.34.52:328][442]LogAIModule: Creating AISystem for world Shop_Main
[2018.03.08-00.34.52:336][442]LogScript: Warning: Attempted to access index 0 from array SushiStruct of length 0!
	Salmon_C /Game/SushiShop/Shop_Main.Shop_Main:PersistentLevel.Salmon_2
	Function /Game/SushiShop/Assets/Pickup_Items/Pickup_M.Pickup_M_C:UserConstructionScript:0137
[2018.03.08-00.34.52:336][442]LogScript: Warning: Accessed None reading structure IngredientName_2_012ADE8641A99411B752A29314B90D82
	Salmon_C /Game/SushiShop/Shop_Main.Shop_Main:PersistentLevel.Salmon_2
	Function /Game/SushiShop/Assets/Pickup_Items/Pickup_M.Pickup_M_C:UserConstructionScript:0137
[2018.03.08-00.34.52:336][442]LogScript: Warning: Attempted to access index 0 from array SushiStruct of length 0!
	Salmon_C /Game/SushiShop/Shop_Main.Shop_Main:PersistentLevel.Salmon_2
	Function /Game/SushiShop/Assets/Pickup_Items/Pickup_M.Pickup_M_C:UserConstructionScript:015F
[2018.03.08-00.34.52:336][442]LogScript: Warning: Accessed None reading structure Material_5_C6C2C2BF4998FBAB77ED6A9A0597DF4E
	Salmon_C /Game/SushiShop/Shop_Main.Shop_Main:PersistentLevel.Salmon_2
	Function /Game/SushiShop/Assets/Pickup_Items/Pickup_M.Pickup_M_C:UserConstructionScript:015F
[2018.03.08-00.34.52:337][442]LogScript: Warning: Attempted to access index 5 from array SushiStruct of length 0!
	Salmon_C /Game/SushiShop/Shop_Main.Shop_Main:PersistentLevel.Tuna
	Function /Game/SushiShop/Assets/Pickup_Items/Pickup_M.Pickup_M_C:UserConstructionScript:0137
[2018.03.08-00.34.52:337][442]LogScript: Warning: Accessed None reading structure IngredientName_2_012ADE8641A99411B752A29314B90D82
	Salmon_C /Game/SushiShop/Shop_Main.Shop_Main:PersistentLevel.Tuna
	Function /Game/SushiShop/Assets/Pickup_Items/Pickup_M.Pickup_M_C:UserConstructionScript:0137
[2018.03.08-00.34.52:337][442]LogScript: Warning: Attempted to access index 5 from array SushiStruct of length 0!
	Salmon_C /Game/SushiShop/Shop_Main.Shop_Main:PersistentLevel.Tuna
	Function /Game/SushiShop/Assets/Pickup_Items/Pickup_M.Pickup_M_C:UserConstructionScript:015F
[2018.03.08-00.34.52:337][442]LogScript: Warning: Accessed None reading structure Material_5_C6C2C2BF4998FBAB77ED6A9A0597DF4E
	Salmon_C /Game/SushiShop/Shop_Main.Shop_Main:PersistentLevel.Tuna
	Function /Game/SushiShop/Assets/Pickup_Items/Pickup_M.Pickup_M_C:UserConstructionScript:015F
[2018.03.08-00.34.52:381][442]Cmd: MAP LOAD FILE="../../../../../../Users/darkm/Documents/GitHub/SushiShop/SushiShop/Content/SushiShop/Shop_Main.umap" TEMPLATE=0 SHOWPROGRESS=1 FEATURELEVEL=3
[2018.03.08-00.34.52:382][442]LightingResults: New page: Lighting Build
[2018.03.08-00.34.52:383][442]LoadErrors: New page: Loading map: Shop_Main.umap
[2018.03.08-00.34.52:384][442]MapCheck: New page: Map Check
[2018.03.08-00.34.52:384][442]LightingResults: New page: Lighting Build
[2018.03.08-00.34.52:421][442]LogScript: Warning: Attempted to access index 0 from array SushiStruct of length 0!
	Salmon_C /Game/SushiShop/Shop_Main.Shop_Main:PersistentLevel.Salmon_2
	Function /Game/SushiShop/Assets/Pickup_Items/Pickup_M.Pickup_M_C:UserConstructionScript:0137
[2018.03.08-00.34.52:421][442]LogScript: Warning: Accessed None reading structure IngredientName_2_012ADE8641A99411B752A29314B90D82
	Salmon_C /Game/SushiShop/Shop_Main.Shop_Main:PersistentLevel.Salmon_2
	Function /Game/SushiShop/Assets/Pickup_Items/Pickup_M.Pickup_M_C:UserConstructionScript:0137
[2018.03.08-00.34.52:421][442]LogScript: Warning: Attempted to access index 0 from array SushiStruct of length 0!
	Salmon_C /Game/SushiShop/Shop_Main.Shop_Main:PersistentLevel.Salmon_2
	Function /Game/SushiShop/Assets/Pickup_Items/Pickup_M.Pickup_M_C:UserConstructionScript:015F
[2018.03.08-00.34.52:422][442]LogScript: Warning: Accessed None reading structure Material_5_C6C2C2BF4998FBAB77ED6A9A0597DF4E
	Salmon_C /Game/SushiShop/Shop_Main.Shop_Main:PersistentLevel.Salmon_2
	Function /Game/SushiShop/Assets/Pickup_Items/Pickup_M.Pickup_M_C:UserConstructionScript:015F
[2018.03.08-00.34.52:422][442]LogScript: Warning: Attempted to access index 5 from array SushiStruct of length 0!
	Salmon_C /Game/SushiShop/Shop_Main.Shop_Main:PersistentLevel.Tuna
	Function /Game/SushiShop/Assets/Pickup_Items/Pickup_M.Pickup_M_C:UserConstructionScript:0137
[2018.03.08-00.34.52:422][442]LogScript: Warning: Accessed None reading structure IngredientName_2_012ADE8641A99411B752A29314B90D82
	Salmon_C /Game/SushiShop/Shop_Main.Shop_Main:PersistentLevel.Tuna
	Function /Game/SushiShop/Assets/Pickup_Items/Pickup_M.Pickup_M_C:UserConstructionScript:0137
[2018.03.08-00.34.52:423][442]LogScript: Warning: Attempted to access index 5 from array SushiStruct of length 0!
	Salmon_C /Game/SushiShop/Shop_Main.Shop_Main:PersistentLevel.Tuna
	Function /Game/SushiShop/Assets/Pickup_Items/Pickup_M.Pickup_M_C:UserConstructionScript:015F
[2018.03.08-00.34.52:423][442]LogScript: Warning: Accessed None reading structure Material_5_C6C2C2BF4998FBAB77ED6A9A0597DF4E
	Salmon_C /Game/SushiShop/Shop_Main.Shop_Main:PersistentLevel.Tuna
	Function /Game/SushiShop/Assets/Pickup_Items/Pickup_M.Pickup_M_C:UserConstructionScript:015F
[2018.03.08-00.34.52:437][442]LogEditorServer: Finished looking for orphan Actors (0.000 secs)
[2018.03.08-00.34.52:527][442]Cmd: MAP CHECKDEP NOCLEARLOG
[2018.03.08-00.34.52:604][442]MapCheck: Map check complete: 0 Error(s), 0 Warning(s), took 76.135ms to complete.
[2018.03.08-00.34.52:605][442]LogFileHelpers: Loading map 'Shop_Main' took 0.224
[2018.03.08-00.44.41:079][569]LogSlate: Took 0.000308 seconds to synchronously load lazily loaded font '../../../Engine/Content/Slate/Fonts/Roboto-Regular.ttf' (155K)
[2018.03.08-00.44.41:225][569]LogContentBrowser: Native class hierarchy updated for 'BlueprintGraph' in 0.0011 seconds. Added 116 classes and 0 folders.
[2018.03.08-00.44.42:263][569]LogSlate: Took 0.000393 seconds to synchronously load lazily loaded font '../../../Engine/Content/Editor/Slate/Fonts/Roboto-BoldCondensed.ttf' (158K)
[2018.03.08-00.44.49:033][692]LogSlate: Took 0.000257 seconds to synchronously load lazily loaded font '../../../Engine/Content/Editor/Slate/Fonts/Roboto-Italic.ttf' (157K)
[2018.03.08-00.48.31:292][798]LogTemp: Repeating last play command: Simulate
[2018.03.08-00.48.31:383][798]LogPlayLevel: PlayLevel: No blueprints needed recompiling
[2018.03.08-00.48.31:384][798]PIE: New page: SIE session: Shop_Main (Mar 7, 2018, 8:48:31 AM)
[2018.03.08-00.48.31:384][798]LogPlayLevel: Creating play world package: /Game/SushiShop/UEDPIE_0_Shop_Main
[2018.03.08-00.48.31:389][798]LogPlayLevel: PIE: StaticDuplicateObject took: (0.004522s)
[2018.03.08-00.48.31:389][798]LogAIModule: Creating AISystem for world Shop_Main
[2018.03.08-00.48.31:390][798]LogPlayLevel: PIE: World Init took: (0.001047s)
[2018.03.08-00.48.31:390][798]LogPlayLevel: PIE: Created PIE world by copying editor world from /Game/SushiShop/Shop_Main.Shop_Main to /Game/SushiShop/UEDPIE_0_Shop_Main.Shop_Main (0.005997s)
[2018.03.08-00.48.31:425][798]LogInit: XAudio2 using 'Speakers (Realtek High Definition Audio(SST))' : 2 channels at 48 kHz using 32 bits per sample (channel mask 0x3)
[2018.03.08-00.48.31:451][798]LogInit: FAudioDevice initialized.
[2018.03.08-00.48.31:523][798]LogUObjectGlobals: Warning: Failed to find object 'Class None.'
[2018.03.08-00.48.31:523][798]LogLoad: Game class is 'GameModeBase'
[2018.03.08-00.48.31:527][798]LogWorld: Bringing World /Game/SushiShop/UEDPIE_0_Shop_Main.Shop_Main up for play (max tick rate 60) at 2018.03.07-16.48.31
[2018.03.08-00.48.31:528][798]LogWorld: Bringing up level for play took: 0.003813
[2018.03.08-00.48.31:528][798]LogGameMode: FindPlayerStart: PATHS NOT DEFINED or NO PLAYERSTART with positive rating
[2018.03.08-00.48.31:590][798]LogContentBrowser: Native class hierarchy updated for 'MovieSceneCapture' in 0.0004 seconds. Added 11 classes and 0 folders.
[2018.03.08-00.48.31:596][798]PIE: Play in editor start time for /Game/SushiShop/UEDPIE_0_Shop_Main 0.212
[2018.03.08-00.48.31:609][798]LogBlueprintUserMessages: [Display_Order_C_0] 0
[2018.03.08-00.48.31:609][798]LogBlueprintUserMessages: [Display_Order_C_0] 3
[2018.03.08-00.48.31:609][798]LogBlueprintUserMessages: [Display_Order_C_0] Order1Checkbox
[2018.03.08-00.48.31:609][798]LogBlueprintUserMessages: [Display_Order_C_0] Order2Checkbox
[2018.03.08-00.48.31:609][798]LogBlueprintUserMessages: [Display_Order_C_0] Tuna
[2018.03.08-00.48.31:609][798]LogBlueprintUserMessages: [Display_Order_C_0] Salmon
[2018.03.08-00.48.31:609][798]LogBlueprintUserMessages: [Display_Order_C_0] Unagi
[2018.03.08-00.48.31:609][798]LogBlueprintUserMessages: [Display_Order_C_0] WhiteTuna
[2018.03.08-00.48.31:609][798]LogBlueprintUserMessages: [Display_Order_C_0] Tuna
[2018.03.08-00.48.31:609][798]LogBlueprintUserMessages: [Display_Order_C_0] Tuna
[2018.03.08-00.48.31:854][804]LogBlueprintUserMessages: [BoatTrigger_2] Food3
[2018.03.08-00.48.31:932][807]LogBlueprintUserMessages: [Display_Order_C_0] Order1Checkbox
[2018.03.08-00.48.31:933][807]LogBlueprintUserMessages: [Display_Order_C_0] Order2Checkbox
[2018.03.08-00.48.31:933][807]LogBlueprintUserMessages: [Display_Order_C_0] Order1Checkbox
[2018.03.08-00.48.31:933][807]LogBlueprintUserMessages: [Display_Order_C_0] Unchecked
[2018.03.08-00.48.31:933][807]LogBlueprintUserMessages: [BoatTrigger_2] Food3
[2018.03.08-00.48.31:933][807]LogBlueprintUserMessages: [BoatTrigger_2] Salmon
[2018.03.08-00.48.31:933][807]LogBlueprintUserMessages: [Display_Order_C_0] Order1Checkbox
[2018.03.08-00.48.31:933][807]LogBlueprintUserMessages: [Display_Order_C_0] Order2Checkbox
[2018.03.08-00.48.31:933][807]LogBlueprintUserMessages: [Display_Order_C_0] Order1Checkbox
[2018.03.08-00.48.31:933][807]LogBlueprintUserMessages: [Display_Order_C_0] Checked
[2018.03.08-00.48.31:934][807]LogBlueprintUserMessages: [BoatTrigger_2] Food3
[2018.03.08-00.48.31:934][807]LogBlueprintUserMessages: [BoatTrigger_2] Salmon
[2018.03.08-00.48.31:934][807]LogBlueprintUserMessages: [BoatTrigger_2] Tuna
[2018.03.08-00.48.57:225][797]LogEditorViewport: Clicking on Actor (LMB): BPP_Ingredient_C (Food2)
[2018.03.08-00.49.00:476][860]LogBlueprintUserMessages: [BoatTrigger_2] Food3
[2018.03.08-00.49.00:476][860]LogBlueprintUserMessages: [BoatTrigger_2] Salmon
[2018.03.08-00.49.00:476][860]LogBlueprintUserMessages: [BoatTrigger_2] Tuna
[2018.03.08-00.49.00:476][860]LogBlueprintUserMessages: [BoatTrigger_2] Food2
[2018.03.08-00.53.05:347][908]LogEditorViewport: Clicking on Actor (LMB): StaticMeshActor (Floor4)
[2018.03.08-01.05.33:392][746]LogScript: Warning: Attempted to access index 0 from array SushiStruct of length 0!
	Salmon_C /Engine/Transient.World_7:PersistentLevel.Salmon_C_0
	Function /Game/SushiShop/Assets/Pickup_Items/Pickup_M.Pickup_M_C:UserConstructionScript:0137
[2018.03.08-01.05.33:392][746]LogScript: Warning: Accessed None reading structure IngredientName_2_012ADE8641A99411B752A29314B90D82
	Salmon_C /Engine/Transient.World_7:PersistentLevel.Salmon_C_0
	Function /Game/SushiShop/Assets/Pickup_Items/Pickup_M.Pickup_M_C:UserConstructionScript:0137
[2018.03.08-01.05.33:392][746]LogScript: Warning: Attempted to access index 0 from array SushiStruct of length 0!
	Salmon_C /Engine/Transient.World_7:PersistentLevel.Salmon_C_0
	Function /Game/SushiShop/Assets/Pickup_Items/Pickup_M.Pickup_M_C:UserConstructionScript:015F
[2018.03.08-01.05.33:392][746]LogScript: Warning: Accessed None reading structure Material_5_C6C2C2BF4998FBAB77ED6A9A0597DF4E
	Salmon_C /Engine/Transient.World_7:PersistentLevel.Salmon_C_0
	Function /Game/SushiShop/Assets/Pickup_Items/Pickup_M.Pickup_M_C:UserConstructionScript:015F
[2018.03.08-01.05.33:394][746]LogScript: Warning: Attempted to access index 0 from array SushiStruct of length 0!
	Pickup_M_C /Engine/Transient.World_8:PersistentLevel.Pickup_M_C_0
	Function /Game/SushiShop/Assets/Pickup_Items/Pickup_M.Pickup_M_C:UserConstructionScript:0137
[2018.03.08-01.05.33:394][746]LogScript: Warning: Accessed None reading structure IngredientName_2_012ADE8641A99411B752A29314B90D82
	Pickup_M_C /Engine/Transient.World_8:PersistentLevel.Pickup_M_C_0
	Function /Game/SushiShop/Assets/Pickup_Items/Pickup_M.Pickup_M_C:UserConstructionScript:0137
[2018.03.08-01.05.33:394][746]LogScript: Warning: Attempted to access index 0 from array SushiStruct of length 0!
	Pickup_M_C /Engine/Transient.World_8:PersistentLevel.Pickup_M_C_0
	Function /Game/SushiShop/Assets/Pickup_Items/Pickup_M.Pickup_M_C:UserConstructionScript:015F
[2018.03.08-01.05.33:394][746]LogScript: Warning: Accessed None reading structure Material_5_C6C2C2BF4998FBAB77ED6A9A0597DF4E
	Pickup_M_C /Engine/Transient.World_8:PersistentLevel.Pickup_M_C_0
	Function /Game/SushiShop/Assets/Pickup_Items/Pickup_M.Pickup_M_C:UserConstructionScript:015F
[2018.03.08-01.05.35:727][801]LogScript: Warning: Attempted to access index 0 from array SushiStruct of length 0!
	Pickup_M_C /Engine/Transient.World_9:PersistentLevel.Pickup_M_C_1
	Function /Game/SushiShop/Assets/Pickup_Items/Pickup_M.Pickup_M_C:UserConstructionScript:0137
[2018.03.08-01.05.35:727][801]LogScript: Warning: Accessed None reading structure IngredientName_2_012ADE8641A99411B752A29314B90D82
	Pickup_M_C /Engine/Transient.World_9:PersistentLevel.Pickup_M_C_1
	Function /Game/SushiShop/Assets/Pickup_Items/Pickup_M.Pickup_M_C:UserConstructionScript:0137
[2018.03.08-01.05.35:727][801]LogScript: Warning: Attempted to access index 0 from array SushiStruct of length 0!
	Pickup_M_C /Engine/Transient.World_9:PersistentLevel.Pickup_M_C_1
	Function /Game/SushiShop/Assets/Pickup_Items/Pickup_M.Pickup_M_C:UserConstructionScript:015F
[2018.03.08-01.05.35:727][801]LogScript: Warning: Accessed None reading structure Material_5_C6C2C2BF4998FBAB77ED6A9A0597DF4E
	Pickup_M_C /Engine/Transient.World_9:PersistentLevel.Pickup_M_C_1
	Function /Game/SushiShop/Assets/Pickup_Items/Pickup_M.Pickup_M_C:UserConstructionScript:015F
[2018.03.08-01.06.57:914][815]LogFileHelpers: Editor autosave (incl. sublevels) for '/Game/SushiShop/Shop_Main' took 0.029
[2018.03.08-01.06.57:923][815]OBJ SavePackage: Generating thumbnails for [1] asset(s) in package [/Game/SushiShop/Assets/Pickup_Items/Pickup_M] ([1] browsable assets)...
[2018.03.08-01.06.57:982][815]OBJ SavePackage:     Rendered thumbnail for [Blueprint /Game/SushiShop/Assets/Pickup_Items/Pickup_M.Pickup_M]
[2018.03.08-01.06.57:982][815]OBJ SavePackage: Finished generating thumbnails for package [/Game/SushiShop/Assets/Pickup_Items/Pickup_M]
[2018.03.08-01.06.58:170][815]LogSavePackage: Save=87.95ms
[2018.03.08-01.06.58:170][815]LogSavePackage: Moving '../../../../../../Users/darkm/Documents/GitHub/SushiShop/SushiShop/Saved/Pickup_M_Auto197E5C3824A84E9C0C3C808A3CE072DD1.tmp' to '../../../../../../Users/darkm/Documents/GitHub/SushiShop/SushiShop/Saved/Autosaves/Game/SushiShop/Assets/Pickup_Items/Pickup_M_Auto1.uasset'
[2018.03.08-01.06.58:178][815]LogSavePackage: Display: Finished SavePackage ../../../../../../Users/darkm/Documents/GitHub/SushiShop/SushiShop/Saved/Autosaves/Game/SushiShop/Assets/Pickup_Items/Pickup_M_Auto1.uasset
[2018.03.08-01.06.58:178][815]LogFileHelpers: Auto-saving content packages took 0.264
[2018.03.08-01.09.48:080][771]LogEditorViewport: Clicking on Actor (LMB): StaticMeshActor (Floor4)
[2018.03.08-01.09.50:195][873]LogEditorViewport: Clicking on Actor (LMB): StaticMeshActor (SushiBar_2-26_Refrigerator)
[2018.03.08-01.09.51:745][949]Cmd: CAMERA ALIGN ACTIVEVIEWPORTONLY
[2018.03.08-01.41.57:111][708]LogEditorViewport: Clicking on Actor (LMB): BP_Boat_C (BP_Boat)
[2018.03.08-01.41.58:042][746]Cmd: CAMERA ALIGN ACTIVEVIEWPORTONLY
[2018.03.08-01.42.07:840][154]LogTemp: Repeating last play command: Simulate
[2018.03.08-01.42.07:876][154]BlueprintLog: New page: Pre-Play auto-recompile
[2018.03.08-01.42.07:906][154]LogPlayLevel: [PlayLevel] Compiling Pickup_M before play...
[2018.03.08-01.42.07:919][154]LogPlayLevel: [PlayLevel]   Compiling Salmon as a dependent...
[2018.03.08-01.42.08:060][154]LogScript: Warning: Attempted to access index 0 from array SushiStruct of length 0!
	Pickup_M_C /Engine/Transient.World_8:PersistentLevel.Pickup_M_C_0
	Function /Game/SushiShop/Assets/Pickup_Items/Pickup_M.Pickup_M_C:UserConstructionScript:0137
[2018.03.08-01.42.08:060][154]LogScript: Warning: Accessed None reading structure IngredientName_2_012ADE8641A99411B752A29314B90D82
	Pickup_M_C /Engine/Transient.World_8:PersistentLevel.Pickup_M_C_0
	Function /Game/SushiShop/Assets/Pickup_Items/Pickup_M.Pickup_M_C:UserConstructionScript:0137
[2018.03.08-01.42.08:060][154]LogScript: Warning: Attempted to access index 0 from array SushiStruct of length 0!
	Pickup_M_C /Engine/Transient.World_8:PersistentLevel.Pickup_M_C_0
	Function /Game/SushiShop/Assets/Pickup_Items/Pickup_M.Pickup_M_C:UserConstructionScript:015F
[2018.03.08-01.42.08:060][154]LogScript: Warning: Accessed None reading structure Material_5_C6C2C2BF4998FBAB77ED6A9A0597DF4E
	Pickup_M_C /Engine/Transient.World_8:PersistentLevel.Pickup_M_C_0
	Function /Game/SushiShop/Assets/Pickup_Items/Pickup_M.Pickup_M_C:UserConstructionScript:015F
[2018.03.08-01.42.08:149][154]LogScript: Warning: Attempted to access index 0 from array SushiStruct of length 0!
	Pickup_M_C /Engine/Transient.World_9:PersistentLevel.Pickup_M_C_1
	Function /Game/SushiShop/Assets/Pickup_Items/Pickup_M.Pickup_M_C:UserConstructionScript:0137
[2018.03.08-01.42.08:149][154]LogScript: Warning: Accessed None reading structure IngredientName_2_012ADE8641A99411B752A29314B90D82
	Pickup_M_C /Engine/Transient.World_9:PersistentLevel.Pickup_M_C_1
	Function /Game/SushiShop/Assets/Pickup_Items/Pickup_M.Pickup_M_C:UserConstructionScript:0137
[2018.03.08-01.42.08:149][154]LogScript: Warning: Attempted to access index 0 from array SushiStruct of length 0!
	Pickup_M_C /Engine/Transient.World_9:PersistentLevel.Pickup_M_C_1
	Function /Game/SushiShop/Assets/Pickup_Items/Pickup_M.Pickup_M_C:UserConstructionScript:015F
[2018.03.08-01.42.08:149][154]LogScript: Warning: Accessed None reading structure Material_5_C6C2C2BF4998FBAB77ED6A9A0597DF4E
	Pickup_M_C /Engine/Transient.World_9:PersistentLevel.Pickup_M_C_1
	Function /Game/SushiShop/Assets/Pickup_Items/Pickup_M.Pickup_M_C:UserConstructionScript:015F
[2018.03.08-01.42.08:231][154]LogScript: Warning: Attempted to access index 0 from array SushiStruct of length 0!
	Salmon_C /Game/SushiShop/Shop_Main.Shop_Main:PersistentLevel.Salmon_2
	Function /Game/SushiShop/Assets/Pickup_Items/Pickup_M.Pickup_M_C:UserConstructionScript:0137
[2018.03.08-01.42.08:231][154]LogScript: Warning: Accessed None reading structure IngredientName_2_012ADE8641A99411B752A29314B90D82
	Salmon_C /Game/SushiShop/Shop_Main.Shop_Main:PersistentLevel.Salmon_2
	Function /Game/SushiShop/Assets/Pickup_Items/Pickup_M.Pickup_M_C:UserConstructionScript:0137
[2018.03.08-01.42.08:231][154]LogScript: Warning: Attempted to access index 0 from array SushiStruct of length 0!
	Salmon_C /Game/SushiShop/Shop_Main.Shop_Main:PersistentLevel.Salmon_2
	Function /Game/SushiShop/Assets/Pickup_Items/Pickup_M.Pickup_M_C:UserConstructionScript:015F
[2018.03.08-01.42.08:231][154]LogScript: Warning: Accessed None reading structure Material_5_C6C2C2BF4998FBAB77ED6A9A0597DF4E
	Salmon_C /Game/SushiShop/Shop_Main.Shop_Main:PersistentLevel.Salmon_2
	Function /Game/SushiShop/Assets/Pickup_Items/Pickup_M.Pickup_M_C:UserConstructionScript:015F
[2018.03.08-01.42.08:311][154]LogScript: Warning: Attempted to access index 5 from array SushiStruct of length 0!
	Salmon_C /Game/SushiShop/Shop_Main.Shop_Main:PersistentLevel.Tuna
	Function /Game/SushiShop/Assets/Pickup_Items/Pickup_M.Pickup_M_C:UserConstructionScript:0137
[2018.03.08-01.42.08:311][154]LogScript: Warning: Accessed None reading structure IngredientName_2_012ADE8641A99411B752A29314B90D82
	Salmon_C /Game/SushiShop/Shop_Main.Shop_Main:PersistentLevel.Tuna
	Function /Game/SushiShop/Assets/Pickup_Items/Pickup_M.Pickup_M_C:UserConstructionScript:0137
[2018.03.08-01.42.08:312][154]LogScript: Warning: Attempted to access index 5 from array SushiStruct of length 0!
	Salmon_C /Game/SushiShop/Shop_Main.Shop_Main:PersistentLevel.Tuna
	Function /Game/SushiShop/Assets/Pickup_Items/Pickup_M.Pickup_M_C:UserConstructionScript:015F
[2018.03.08-01.42.08:312][154]LogScript: Warning: Accessed None reading structure Material_5_C6C2C2BF4998FBAB77ED6A9A0597DF4E
	Salmon_C /Game/SushiShop/Shop_Main.Shop_Main:PersistentLevel.Tuna
	Function /Game/SushiShop/Assets/Pickup_Items/Pickup_M.Pickup_M_C:UserConstructionScript:015F
[2018.03.08-01.42.08:393][154]LogScript: Warning: Attempted to access index 0 from array SushiStruct of length 0!
	Salmon_C /Engine/Transient.World_7:PersistentLevel.Salmon_C_0
	Function /Game/SushiShop/Assets/Pickup_Items/Pickup_M.Pickup_M_C:UserConstructionScript:0137
[2018.03.08-01.42.08:393][154]LogScript: Warning: Accessed None reading structure IngredientName_2_012ADE8641A99411B752A29314B90D82
	Salmon_C /Engine/Transient.World_7:PersistentLevel.Salmon_C_0
	Function /Game/SushiShop/Assets/Pickup_Items/Pickup_M.Pickup_M_C:UserConstructionScript:0137
[2018.03.08-01.42.08:393][154]LogScript: Warning: Attempted to access index 0 from array SushiStruct of length 0!
	Salmon_C /Engine/Transient.World_7:PersistentLevel.Salmon_C_0
	Function /Game/SushiShop/Assets/Pickup_Items/Pickup_M.Pickup_M_C:UserConstructionScript:015F
[2018.03.08-01.42.08:393][154]LogScript: Warning: Accessed None reading structure Material_5_C6C2C2BF4998FBAB77ED6A9A0597DF4E
	Salmon_C /Engine/Transient.World_7:PersistentLevel.Salmon_C_0
	Function /Game/SushiShop/Assets/Pickup_Items/Pickup_M.Pickup_M_C:UserConstructionScript:015F
[2018.03.08-01.42.08:475][154]LogScript: Warning: Attempted to access index 0 from array SushiStruct of length 0!
	Pickup_M_C /Engine/Transient.World_8:PersistentLevel.Pickup_M_C_0
	Function /Game/SushiShop/Assets/Pickup_Items/Pickup_M.Pickup_M_C:UserConstructionScript:0137
[2018.03.08-01.42.08:475][154]LogScript: Warning: Accessed None reading structure IngredientName_2_012ADE8641A99411B752A29314B90D82
	Pickup_M_C /Engine/Transient.World_8:PersistentLevel.Pickup_M_C_0
	Function /Game/SushiShop/Assets/Pickup_Items/Pickup_M.Pickup_M_C:UserConstructionScript:0137
[2018.03.08-01.42.08:475][154]LogScript: Warning: Attempted to access index 0 from array SushiStruct of length 0!
	Pickup_M_C /Engine/Transient.World_8:PersistentLevel.Pickup_M_C_0
	Function /Game/SushiShop/Assets/Pickup_Items/Pickup_M.Pickup_M_C:UserConstructionScript:015F
[2018.03.08-01.42.08:475][154]LogScript: Warning: Accessed None reading structure Material_5_C6C2C2BF4998FBAB77ED6A9A0597DF4E
	Pickup_M_C /Engine/Transient.World_8:PersistentLevel.Pickup_M_C_0
	Function /Game/SushiShop/Assets/Pickup_Items/Pickup_M.Pickup_M_C:UserConstructionScript:015F
[2018.03.08-01.42.08:475][154]LogScript: Warning: Attempted to access index 0 from array SushiStruct of length 0!
	Pickup_M_C /Engine/Transient.World_9:PersistentLevel.Pickup_M_C_1
	Function /Game/SushiShop/Assets/Pickup_Items/Pickup_M.Pickup_M_C:UserConstructionScript:0137
[2018.03.08-01.42.08:475][154]LogScript: Warning: Accessed None reading structure IngredientName_2_012ADE8641A99411B752A29314B90D82
	Pickup_M_C /Engine/Transient.World_9:PersistentLevel.Pickup_M_C_1
	Function /Game/SushiShop/Assets/Pickup_Items/Pickup_M.Pickup_M_C:UserConstructionScript:0137
[2018.03.08-01.42.08:475][154]LogScript: Warning: Attempted to access index 0 from array SushiStruct of length 0!
	Pickup_M_C /Engine/Transient.World_9:PersistentLevel.Pickup_M_C_1
	Function /Game/SushiShop/Assets/Pickup_Items/Pickup_M.Pickup_M_C:UserConstructionScript:015F
[2018.03.08-01.42.08:475][154]LogScript: Warning: Accessed None reading structure Material_5_C6C2C2BF4998FBAB77ED6A9A0597DF4E
	Pickup_M_C /Engine/Transient.World_9:PersistentLevel.Pickup_M_C_1
	Function /Game/SushiShop/Assets/Pickup_Items/Pickup_M.Pickup_M_C:UserConstructionScript:015F
[2018.03.08-01.42.08:475][154]LogScript: Warning: Attempted to access index 0 from array SushiStruct of length 0!
	Pickup_M_C /Engine/Transient.World_8:PersistentLevel.Pickup_M_C_1
	Function /Game/SushiShop/Assets/Pickup_Items/Pickup_M.Pickup_M_C:UserConstructionScript:0137
[2018.03.08-01.42.08:475][154]LogScript: Warning: Accessed None reading structure IngredientName_2_012ADE8641A99411B752A29314B90D82
	Pickup_M_C /Engine/Transient.World_8:PersistentLevel.Pickup_M_C_1
	Function /Game/SushiShop/Assets/Pickup_Items/Pickup_M.Pickup_M_C:UserConstructionScript:0137
[2018.03.08-01.42.08:475][154]LogScript: Warning: Attempted to access index 0 from array SushiStruct of length 0!
	Pickup_M_C /Engine/Transient.World_8:PersistentLevel.Pickup_M_C_1
	Function /Game/SushiShop/Assets/Pickup_Items/Pickup_M.Pickup_M_C:UserConstructionScript:015F
[2018.03.08-01.42.08:475][154]LogScript: Warning: Accessed None reading structure Material_5_C6C2C2BF4998FBAB77ED6A9A0597DF4E
	Pickup_M_C /Engine/Transient.World_8:PersistentLevel.Pickup_M_C_1
	Function /Game/SushiShop/Assets/Pickup_Items/Pickup_M.Pickup_M_C:UserConstructionScript:015F
[2018.03.08-01.42.08:496][154]LogPlayLevel: PlayLevel: Blueprint regeneration took 619 ms (2 blueprints)
[2018.03.08-01.42.08:496][154]PIE: New page: SIE session: Shop_Main (Mar 7, 2018, 9:42:08 AM)
[2018.03.08-01.42.08:496][154]LogPlayLevel: Creating play world package: /Game/SushiShop/UEDPIE_0_Shop_Main
[2018.03.08-01.42.08:499][154]LogPlayLevel: PIE: StaticDuplicateObject took: (0.002837s)
[2018.03.08-01.42.08:500][154]LogAIModule: Creating AISystem for world Shop_Main
[2018.03.08-01.42.08:500][154]LogPlayLevel: PIE: World Init took: (0.000703s)
[2018.03.08-01.42.08:500][154]LogPlayLevel: PIE: Created PIE world by copying editor world from /Game/SushiShop/Shop_Main.Shop_Main to /Game/SushiShop/UEDPIE_0_Shop_Main.Shop_Main (0.003772s)
[2018.03.08-01.42.08:519][154]LogInit: XAudio2 using 'Speakers (Realtek High Definition Audio(SST))' : 2 channels at 48 kHz using 32 bits per sample (channel mask 0x3)
[2018.03.08-01.42.08:532][154]LogInit: FAudioDevice initialized.
[2018.03.08-01.42.08:579][154]LogUObjectGlobals: Warning: Failed to find object 'Class None.'
[2018.03.08-01.42.08:579][154]LogLoad: Game class is 'GameModeBase'
[2018.03.08-01.42.08:582][154]LogWorld: Bringing World /Game/SushiShop/UEDPIE_0_Shop_Main.Shop_Main up for play (max tick rate 0) at 2018.03.07-17.42.08
[2018.03.08-01.42.08:582][154]LogWorld: Bringing up level for play took: 0.002467
[2018.03.08-01.42.08:583][154]LogGameMode: FindPlayerStart: PATHS NOT DEFINED or NO PLAYERSTART with positive rating
[2018.03.08-01.42.08:586][154]PIE: Play in editor start time for /Game/SushiShop/UEDPIE_0_Shop_Main 1.202
[2018.03.08-01.42.08:596][154]LogBlueprintUserMessages: [Display_Order_C_1] 1
[2018.03.08-01.42.08:596][154]LogBlueprintUserMessages: [Display_Order_C_1] 2
[2018.03.08-01.42.08:596][154]LogBlueprintUserMessages: [Display_Order_C_1] Order1Checkbox
[2018.03.08-01.42.08:596][154]LogBlueprintUserMessages: [Display_Order_C_1] Order2Checkbox
[2018.03.08-01.42.08:596][154]LogBlueprintUserMessages: [Display_Order_C_1] Tuna
[2018.03.08-01.42.08:596][154]LogBlueprintUserMessages: [Display_Order_C_1] Salmon
[2018.03.08-01.42.08:596][154]LogBlueprintUserMessages: [Display_Order_C_1] Unagi
[2018.03.08-01.42.08:596][154]LogBlueprintUserMessages: [Display_Order_C_1] WhiteTuna
[2018.03.08-01.42.08:596][154]LogBlueprintUserMessages: [Display_Order_C_1] WhiteTuna
[2018.03.08-01.42.08:596][154]LogBlueprintUserMessages: [Display_Order_C_1] WhiteTuna
[2018.03.08-01.42.08:785][161]LogBlueprintUserMessages: [BoatTrigger_2] Food3
[2018.03.08-01.42.08:857][165]LogBlueprintUserMessages: [Display_Order_C_1] Order1Checkbox
[2018.03.08-01.42.08:857][165]LogBlueprintUserMessages: [Display_Order_C_1] Order2Checkbox
[2018.03.08-01.42.08:857][165]LogBlueprintUserMessages: [Display_Order_C_1] Order1Checkbox
[2018.03.08-01.42.08:857][165]LogBlueprintUserMessages: [Display_Order_C_1] Unchecked
[2018.03.08-01.42.08:857][165]LogBlueprintUserMessages: [BoatTrigger_2] Food3
[2018.03.08-01.42.08:857][165]LogBlueprintUserMessages: [BoatTrigger_2] Salmon
[2018.03.08-01.42.08:857][165]LogBlueprintUserMessages: [Display_Order_C_1] Order1Checkbox
[2018.03.08-01.42.08:857][165]LogBlueprintUserMessages: [Display_Order_C_1] Order2Checkbox
[2018.03.08-01.42.08:857][165]LogBlueprintUserMessages: [Display_Order_C_1] Order1Checkbox
[2018.03.08-01.42.08:858][165]LogBlueprintUserMessages: [Display_Order_C_1] Checked
[2018.03.08-01.42.08:858][165]LogBlueprintUserMessages: [BoatTrigger_2] Food3
[2018.03.08-01.42.08:858][165]LogBlueprintUserMessages: [BoatTrigger_2] Salmon
[2018.03.08-01.42.08:858][165]LogBlueprintUserMessages: [BoatTrigger_2] Tuna
[2018.03.08-01.42.26:505][928]LogEditorViewport: Clicking on Actor (LMB): BPP_Ingredient_C (Food1)
[2018.03.08-01.42.30:066][ 72]LogEditorViewport: Clicking on Actor (LMB): BPP_Ingredient_C (Food2)
[2018.03.08-01.42.32:759][172]LogTemp: Repeating last play command: Simulate
[2018.03.08-01.42.32:825][172]LogPlayLevel: PlayLevel: No blueprints needed recompiling
[2018.03.08-01.42.32:826][172]PIE: New page: SIE session: Shop_Main (Mar 7, 2018, 9:42:32 AM)
[2018.03.08-01.42.32:826][172]LogPlayLevel: Creating play world package: /Game/SushiShop/UEDPIE_0_Shop_Main
[2018.03.08-01.42.32:831][172]LogPlayLevel: PIE: StaticDuplicateObject took: (0.004977s)
[2018.03.08-01.42.32:832][172]LogAIModule: Creating AISystem for world Shop_Main
[2018.03.08-01.42.32:832][172]LogPlayLevel: PIE: World Init took: (0.000909s)
[2018.03.08-01.42.32:832][172]LogPlayLevel: PIE: Created PIE world by copying editor world from /Game/SushiShop/Shop_Main.Shop_Main to /Game/SushiShop/UEDPIE_0_Shop_Main.Shop_Main (0.006270s)
[2018.03.08-01.42.32:866][172]LogInit: XAudio2 using 'Speakers (Realtek High Definition Audio(SST))' : 2 channels at 48 kHz using 32 bits per sample (channel mask 0x3)
[2018.03.08-01.42.32:889][172]LogInit: FAudioDevice initialized.
[2018.03.08-01.42.32:934][172]LogUObjectGlobals: Warning: Failed to find object 'Class None.'
[2018.03.08-01.42.32:934][172]LogLoad: Game class is 'GameModeBase'
[2018.03.08-01.42.32:939][172]LogWorld: Bringing World /Game/SushiShop/UEDPIE_0_Shop_Main.Shop_Main up for play (max tick rate 0) at 2018.03.07-17.42.32
[2018.03.08-01.42.32:940][172]LogWorld: Bringing up level for play took: 0.004869
[2018.03.08-01.42.32:941][172]LogGameMode: FindPlayerStart: PATHS NOT DEFINED or NO PLAYERSTART with positive rating
[2018.03.08-01.42.32:948][172]PIE: Play in editor start time for /Game/SushiShop/UEDPIE_0_Shop_Main -0.437
[2018.03.08-01.42.32:964][172]LogBlueprintUserMessages: [Display_Order_C_2] 1
[2018.03.08-01.42.32:964][172]LogBlueprintUserMessages: [Display_Order_C_2] 2
[2018.03.08-01.42.32:964][172]LogBlueprintUserMessages: [Display_Order_C_2] Order1Checkbox
[2018.03.08-01.42.32:964][172]LogBlueprintUserMessages: [Display_Order_C_2] Order2Checkbox
[2018.03.08-01.42.32:964][172]LogBlueprintUserMessages: [Display_Order_C_2] Tuna
[2018.03.08-01.42.32:964][172]LogBlueprintUserMessages: [Display_Order_C_2] Salmon
[2018.03.08-01.42.32:964][172]LogBlueprintUserMessages: [Display_Order_C_2] Unagi
[2018.03.08-01.42.32:964][172]LogBlueprintUserMessages: [Display_Order_C_2] WhiteTuna
[2018.03.08-01.42.32:964][172]LogBlueprintUserMessages: [Display_Order_C_2] Salmon
[2018.03.08-01.42.32:964][172]LogBlueprintUserMessages: [Display_Order_C_2] Salmon
[2018.03.08-01.42.33:147][180]LogBlueprintUserMessages: [BoatTrigger_2] Food3
[2018.03.08-01.42.33:235][186]LogBlueprintUserMessages: [Display_Order_C_2] Order1Checkbox
[2018.03.08-01.42.33:235][186]LogBlueprintUserMessages: [Display_Order_C_2] Order2Checkbox
[2018.03.08-01.42.33:235][186]LogBlueprintUserMessages: [Display_Order_C_2] Order1Checkbox
[2018.03.08-01.42.33:235][186]LogBlueprintUserMessages: [Display_Order_C_2] Unchecked
[2018.03.08-01.42.33:236][186]LogBlueprintUserMessages: [BoatTrigger_2] Food3
[2018.03.08-01.42.33:236][186]LogBlueprintUserMessages: [BoatTrigger_2] Salmon
[2018.03.08-01.42.33:236][186]LogBlueprintUserMessages: [Display_Order_C_2] Order1Checkbox
[2018.03.08-01.42.33:236][186]LogBlueprintUserMessages: [Display_Order_C_2] Order2Checkbox
[2018.03.08-01.42.33:236][186]LogBlueprintUserMessages: [Display_Order_C_2] Order1Checkbox
[2018.03.08-01.42.33:236][186]LogBlueprintUserMessages: [Display_Order_C_2] Checked
[2018.03.08-01.42.33:236][186]LogBlueprintUserMessages: [BoatTrigger_2] Food3
[2018.03.08-01.42.33:236][186]LogBlueprintUserMessages: [BoatTrigger_2] Salmon
[2018.03.08-01.42.33:236][186]LogBlueprintUserMessages: [BoatTrigger_2] Tuna
[2018.03.08-01.42.41:953][497]LogSavePackage: Save=59.54ms
[2018.03.08-01.42.41:953][497]LogSavePackage: Moving '../../../../../../Users/darkm/Documents/GitHub/SushiShop/SushiShop/Saved/Pickup_MCA5F5A3A41244D1927D22E84A55C608A.tmp' to '../../../../../../Users/darkm/Documents/GitHub/SushiShop/SushiShop/Content/SushiShop/Assets/Pickup_Items/Pickup_M.uasset'
[2018.03.08-01.42.41:958][497]LogSavePackage: Display: Finished SavePackage ../../../../../../Users/darkm/Documents/GitHub/SushiShop/SushiShop/Content/SushiShop/Assets/Pickup_Items/Pickup_M.uasset
[2018.03.08-01.42.42:162][497]LogSavePackage: Save=62.86ms
[2018.03.08-01.42.42:163][497]LogSavePackage: Moving '../../../../../../Users/darkm/Documents/GitHub/SushiShop/SushiShop/Saved/Shop_Main80028A29417EC25DC5EAC3A172A4FE0F.tmp' to '../../../../../../Users/darkm/Documents/GitHub/SushiShop/SushiShop/Content/SushiShop/Shop_Main.umap'
[2018.03.08-01.42.42:166][497]LogSavePackage: Display: Finished SavePackage ../../../../../../Users/darkm/Documents/GitHub/SushiShop/SushiShop/Content/SushiShop/Shop_Main.umap
[2018.03.08-01.42.42:205][497]LogFileHelpers: Saving map 'Shop_Main' took 0.243
[2018.03.08-01.53.40:212][965]LogEditorViewport: Clicking on Actor (LMB): BP_Boat_C (BP_Boat)
[2018.03.08-01.53.41:662][ 10]LogTemp: Repeating last play command: Simulate
[2018.03.08-01.53.41:747][ 10]LogPlayLevel: PlayLevel: No blueprints needed recompiling
[2018.03.08-01.53.41:748][ 10]PIE: New page: SIE session: Shop_Main (Mar 7, 2018, 9:53:41 AM)
[2018.03.08-01.53.41:748][ 10]LogPlayLevel: Creating play world package: /Game/SushiShop/UEDPIE_0_Shop_Main
[2018.03.08-01.53.41:754][ 10]LogPlayLevel: PIE: StaticDuplicateObject took: (0.006088s)
[2018.03.08-01.53.41:755][ 10]LogAIModule: Creating AISystem for world Shop_Main
[2018.03.08-01.53.41:756][ 10]LogPlayLevel: PIE: World Init took: (0.001573s)
[2018.03.08-01.53.41:756][ 10]LogPlayLevel: PIE: Created PIE world by copying editor world from /Game/SushiShop/Shop_Main.Shop_Main to /Game/SushiShop/UEDPIE_0_Shop_Main.Shop_Main (0.008245s)
[2018.03.08-01.53.41:796][ 10]LogInit: XAudio2 using 'Speakers (Realtek High Definition Audio(SST))' : 2 channels at 48 kHz using 32 bits per sample (channel mask 0x3)
[2018.03.08-01.53.41:820][ 10]LogInit: FAudioDevice initialized.
[2018.03.08-01.53.41:864][ 10]LogUObjectGlobals: Warning: Failed to find object 'Class None.'
[2018.03.08-01.53.41:864][ 10]LogLoad: Game class is 'GameModeBase'
[2018.03.08-01.53.41:868][ 10]LogWorld: Bringing World /Game/SushiShop/UEDPIE_0_Shop_Main.Shop_Main up for play (max tick rate 0) at 2018.03.07-17.53.41
[2018.03.08-01.53.41:869][ 10]LogWorld: Bringing up level for play took: 0.004406
[2018.03.08-01.53.41:869][ 10]LogGameMode: FindPlayerStart: PATHS NOT DEFINED or NO PLAYERSTART with positive rating
[2018.03.08-01.53.41:875][ 10]PIE: Play in editor start time for /Game/SushiShop/UEDPIE_0_Shop_Main 0.491
[2018.03.08-01.53.41:890][ 10]LogBlueprintUserMessages: [Display_Order_C_3] 0
[2018.03.08-01.53.41:891][ 10]LogBlueprintUserMessages: [Display_Order_C_3] 3
[2018.03.08-01.53.41:891][ 10]LogBlueprintUserMessages: [Display_Order_C_3] Order1Checkbox
[2018.03.08-01.53.41:891][ 10]LogBlueprintUserMessages: [Display_Order_C_3] Order2Checkbox
[2018.03.08-01.53.41:891][ 10]LogBlueprintUserMessages: [Display_Order_C_3] Tuna
[2018.03.08-01.53.41:891][ 10]LogBlueprintUserMessages: [Display_Order_C_3] Salmon
[2018.03.08-01.53.41:891][ 10]LogBlueprintUserMessages: [Display_Order_C_3] Unagi
[2018.03.08-01.53.41:891][ 10]LogBlueprintUserMessages: [Display_Order_C_3] WhiteTuna
[2018.03.08-01.53.41:891][ 10]LogBlueprintUserMessages: [Display_Order_C_3] Salmon
[2018.03.08-01.53.41:891][ 10]LogBlueprintUserMessages: [Display_Order_C_3] Salmon
[2018.03.08-01.53.42:115][ 16]LogBlueprintUserMessages: [BoatTrigger_2] Food3
[2018.03.08-01.53.42:199][ 23]LogBlueprintUserMessages: [Display_Order_C_3] Order1Checkbox
[2018.03.08-01.53.42:199][ 23]LogBlueprintUserMessages: [Display_Order_C_3] Order2Checkbox
[2018.03.08-01.53.42:199][ 23]LogBlueprintUserMessages: [Display_Order_C_3] Order1Checkbox
[2018.03.08-01.53.42:199][ 23]LogBlueprintUserMessages: [Display_Order_C_3] Unchecked
[2018.03.08-01.53.42:199][ 23]LogBlueprintUserMessages: [BoatTrigger_2] Food3
[2018.03.08-01.53.42:199][ 23]LogBlueprintUserMessages: [BoatTrigger_2] Salmon
[2018.03.08-01.53.42:199][ 23]LogBlueprintUserMessages: [Display_Order_C_3] Order1Checkbox
[2018.03.08-01.53.42:199][ 23]LogBlueprintUserMessages: [Display_Order_C_3] Order2Checkbox
[2018.03.08-01.53.42:200][ 23]LogBlueprintUserMessages: [Display_Order_C_3] Order1Checkbox
[2018.03.08-01.53.42:200][ 23]LogBlueprintUserMessages: [Display_Order_C_3] Checked
[2018.03.08-01.53.42:200][ 23]LogBlueprintUserMessages: [BoatTrigger_2] Food3
[2018.03.08-01.53.42:200][ 23]LogBlueprintUserMessages: [BoatTrigger_2] Salmon
[2018.03.08-01.53.42:200][ 23]LogBlueprintUserMessages: [BoatTrigger_2] Tuna
[2018.03.08-01.53.46:044][170]LogEditorViewport: Clicking on Actor (LMB): BP_Boat_C (BP_Boat)
[2018.03.08-01.53.56:383][627]LogRenderer: Reallocating scene render targets to support 1028x548 Format 26 NumSamples 1 (Frame:1).
[2018.03.08-01.58.03:392][600]LogD3D11RHI: Error: Result failed 
 at D:\Build\++UE4+Release-4.18+Compile\Sync\Engine\Source\Runtime\Windows\D3D11RHI\Private\D3D11Viewport.cpp:289 
 with error DXGI_ERROR_DEVICE_REMOVED DXGI_ERROR_DEVICE_HUNG
[2018.03.08-01.58.03:392][600]LogWindows: Windows GetLastError: The operation completed successfully. (0)
[2018.03.08-01.58.04:259][600]LogWindows: Windows GetLastError: The operation completed successfully. (0)
[2018.03.08-01.58.04:259][600]LogWindows: Error: === Critical error: ===
[2018.03.08-01.58.04:259][600]LogWindows: Error: 
[2018.03.08-01.58.04:259][600]LogWindows: Error: Fatal error: [File:D:\Build\++UE4+Release-4.18+Compile\Sync\Engine\Source\Runtime\RenderCore\Private\RenderingThread.cpp] [Line: 813] 
[2018.03.08-01.58.04:259][600]LogWindows: Error: Rendering thread exception:
[2018.03.08-01.58.04:259][600]LogWindows: Error: Fatal error: [File:D:\Build\++UE4+Release-4.18+Compile\Sync\Engine\Source\Runtime\Windows\D3D11RHI\Private\D3D11Util.cpp] [Line: 182] 
[2018.03.08-01.58.04:259][600]LogWindows: Error: Unreal Engine is exiting due to D3D device being lost. (Error: 0x887A0006 - 'HUNG')
[2018.03.08-01.58.04:259][600]LogWindows: Error: 
[2018.03.08-01.58.04:259][600]LogWindows: Error: 
[2018.03.08-01.58.04:259][600]LogWindows: Error: [Callstack] 0x0000000049D54008 KERNELBASE.dll!UnknownFunction []
[2018.03.08-01.58.04:259][600]LogWindows: Error: [Callstack] 0x000000002B3E76D4 UE4Editor-ApplicationCore.dll!UnknownFunction []
[2018.03.08-01.58.04:259][600]LogWindows: Error: [Callstack] 0x0000000010FA330B UE4Editor-Core.dll!UnknownFunction []
[2018.03.08-01.58.04:259][600]LogWindows: Error: [Callstack] 0x0000000010F347F9 UE4Editor-Core.dll!UnknownFunction []
[2018.03.08-01.58.04:259][600]LogWindows: Error: [Callstack] 0x00000000F79279FF UE4Editor-D3D11RHI.dll!UnknownFunction []
[2018.03.08-01.58.04:259][600]LogWindows: Error: [Callstack] 0x00000000F792BBC0 UE4Editor-D3D11RHI.dll!UnknownFunction []
[2018.03.08-01.58.04:259][600]LogWindows: Error: [Callstack] 0x00000000F790B3FA UE4Editor-D3D11RHI.dll!UnknownFunction []
[2018.03.08-01.58.04:259][600]LogWindows: Error: [Callstack] 0x00000000F790B35E UE4Editor-D3D11RHI.dll!UnknownFunction []
[2018.03.08-01.58.04:259][600]LogWindows: Error: [Callstack] 0x00000000F79183E8 UE4Editor-D3D11RHI.dll!UnknownFunction []
[2018.03.08-01.58.04:259][600]LogWindows: Error: [Callstack] 0x000000002BF0E4F7 UE4Editor-RHI.dll!UnknownFunction []
[2018.03.08-01.58.04:259][600]LogWindows: Error: [Callstack] 0x00000000EA390B45 UE4Editor-SlateRHIRenderer.dll!UnknownFunction []
[2018.03.08-01.58.04:259][600]LogWindows: Error: [Callstack] 0x00000000EA3960A9 UE4Editor-SlateRHIRenderer.dll!UnknownFunction []
[2018.03.08-01.58.04:259][600]LogWindows: Error: [Callstack] 0x0000000010E04845 UE4Editor-Core.dll!UnknownFunction []
[2018.03.08-01.58.04:259][600]LogWindows: Error: [Callstack] 0x0000000010E04E2A UE4Editor-Core.dll!UnknownFunction []
[2018.03.08-01.58.04:259][600]LogWindows: Error: [Callstack] 0x000000002C2B22C4 UE4Editor-RenderCore.dll!UnknownFunction []
[2018.03.08-01.58.04:259][600]LogWindows: Error: [Callstack] 0x000000002C2B32F6 UE4Editor-RenderCore.dll!UnknownFunction []
[2018.03.08-01.58.04:259][600]LogWindows: Error: [Callstack] 0x00000000111A092C UE4Editor-Core.dll!UnknownFunction []
[2018.03.08-01.58.04:259][600]LogWindows: Error: [Callstack] 0x0000000011192563 UE4Editor-Core.dll!UnknownFunction []
[2018.03.08-01.58.04:259][600]LogWindows: Error: [Callstack] 0x000000004B4F1FE4 KERNEL32.DLL!UnknownFunction []
[2018.03.08-01.58.04:259][600]LogWindows: Error: [Callstack] 0x000000004D95EFC1 ntdll.dll!UnknownFunction []
[2018.03.08-01.58.04:259][600]LogWindows: Error: [Callstack] 0x000000004D95EFC1 ntdll.dll!UnknownFunction []
[2018.03.08-01.58.04:259][600]LogWindows: Error: 
[2018.03.08-01.58.04:259][600]LogWindows: Error: 
[2018.03.08-01.58.04:259][600]LogWindows: Error: 
[2018.03.08-01.58.04:260][600]LogWindows: Error: 
[2018.03.08-01.58.04:294][600]LogExit: Executing StaticShutdownAfterError
[2018.03.08-01.58.04:299][600]LogWindows: FPlatformMisc::RequestExit(1)
[2018.03.08-01.58.04:299][600]Log file closed, 03/07/18 17:58:04
