Log file open, 04/24/18 23:19:08
LogWindows: Failed to load 'aqProf.dll' (GetLastError=126)
LogWindows: File 'aqProf.dll' does not exist
LogWindows: Failed to load 'VSPerf140.dll' (GetLastError=126)
LogWindows: File 'VSPerf140.dll' does not exist
LogWindows: Failed to load 'VtuneApi.dll' (GetLastError=126)
LogWindows: File 'VtuneApi.dll' does not exist
LogWindows: Failed to load 'VtuneApi32e.dll' (GetLastError=126)
LogWindows: File 'VtuneApi32e.dll' does not exist
LogInit: Display: Running engine for game: SushiShop
LogPlatformFile: Not using cached read wrapper
LogInit: Display: RandInit(-853222102) SRandInit(-853222102).
LogTaskGraph: Started task graph with 5 named threads and 14 total threads with 3 sets of task threads.
LogStats: Stats thread started at 0.182913
LogD3D11RHI: Aftermath initialized
LogModuleManager: Display: Found up-to-date module file ../../../Engine/Plugins/2D/Paper2D/Binaries/Win64/UE4Editor-Paper2D.dll (API version 3709383).
LogModuleManager: Display: Found up-to-date module file ../../../Engine/Plugins/2D/Paper2D/Binaries/Win64/UE4Editor-Paper2DEditor.dll (API version 3709383).
LogModuleManager: Display: Found up-to-date module file ../../../Engine/Plugins/2D/Paper2D/Binaries/Win64/UE4Editor-PaperSpriteSheetImporter.dll (API version 3709383).
LogModuleManager: Display: Found up-to-date module file ../../../Engine/Plugins/2D/Paper2D/Binaries/Win64/UE4Editor-PaperTiledImporter.dll (API version 3709383).
LogModuleManager: Display: Found up-to-date module file ../../../Engine/Plugins/2D/Paper2D/Binaries/Win64/UE4Editor-SmartSnapping.dll (API version 3709383).
LogModuleManager: Display: Found up-to-date module file ../../../Engine/Plugins/Blendables/LightPropagationVolume/Binaries/Win64/UE4Editor-LightPropagationVolumeRuntime.dll (API version 3709383).
LogModuleManager: Display: Found up-to-date module file ../../../Engine/Plugins/Blendables/LightPropagationVolume/Binaries/Win64/UE4Editor-LightPropagationVolumeEditor.dll (API version 3709383).
LogModuleManager: Display: Found up-to-date module file ../../../Engine/Plugins/Developer/GitSourceControl/Binaries/Win64/UE4Editor-GitSourceControl.dll (API version 3709383).
LogModuleManager: Display: Found up-to-date module file ../../../Engine/Plugins/Developer/PerforceSourceControl/Binaries/Win64/UE4Editor-PerforceSourceControl.dll (API version 3709383).
LogModuleManager: Display: Found up-to-date module file ../../../Engine/Plugins/Developer/SubversionSourceControl/Binaries/Win64/UE4Editor-SubversionSourceControl.dll (API version 3709383).
LogModuleManager: Display: Found up-to-date module file ../../../Engine/Plugins/Developer/UObjectPlugin/Binaries/Win64/UE4Editor-UObjectPlugin.dll (API version 3709383).
LogModuleManager: Display: Found up-to-date module file ../../../Engine/Plugins/Developer/VisualStudioCodeSourceCodeAccess/Binaries/Win64/UE4Editor-VisualStudioCodeSourceCodeAccess.dll (API version 3709383).
LogModuleManager: Display: Found up-to-date module file ../../../Engine/Plugins/Developer/VisualStudioSourceCodeAccess/Binaries/Win64/UE4Editor-VisualStudioSourceCodeAccess.dll (API version 3709383).
LogModuleManager: Display: Found up-to-date module file ../../../Engine/Plugins/Editor/AssetManagerEditor/Binaries/Win64/UE4Editor-AssetManagerEditor.dll (API version 3709383).
LogModuleManager: Display: Found up-to-date module file ../../../Engine/Plugins/Editor/AudioCapture/Binaries/Win64/UE4Editor-AudioCapture.dll (API version 3709383).
LogModuleManager: Display: Found up-to-date module file ../../../Engine/Plugins/Editor/FacialAnimation/Binaries/Win64/UE4Editor-FacialAnimation.dll (API version 3709383).
LogModuleManager: Display: Found up-to-date module file ../../../Engine/Plugins/Editor/FacialAnimation/Binaries/Win64/UE4Editor-FacialAnimationEditor.dll (API version 3709383).
LogModuleManager: Display: Found up-to-date module file ../../../Engine/Plugins/Editor/GameplayTagsEditor/Binaries/Win64/UE4Editor-GameplayTagsEditor.dll (API version 3709383).
LogModuleManager: Display: Found up-to-date module file ../../../Engine/Plugins/Editor/MobileLauncherProfileWizard/Binaries/Win64/UE4Editor-MobileLauncherProfileWizard.dll (API version 3709383).
LogModuleManager: Display: Found up-to-date module file ../../../Engine/Plugins/Editor/PluginBrowser/Binaries/Win64/UE4Editor-PluginBrowser.dll (API version 3709383).
LogModuleManager: Display: Found up-to-date module file ../../../Engine/Plugins/Editor/SpeedTreeImporter/Binaries/Win64/UE4Editor-SpeedTreeImporter.dll (API version 3709383).
LogModuleManager: Display: Found up-to-date module file ../../../Engine/Plugins/Experimental/AlembicImporter/Binaries/Win64/UE4Editor-AlembicImporter.dll (API version 3709383).
LogModuleManager: Display: Found up-to-date module file ../../../Engine/Plugins/Experimental/AlembicImporter/Binaries/Win64/UE4Editor-AlembicLibrary.dll (API version 3709383).
LogModuleManager: Display: Found up-to-date module file ../../../Engine/Plugins/Experimental/CharacterAI/Binaries/Win64/UE4Editor-CharacterAI.dll (API version 3709383).
LogModuleManager: Display: Found up-to-date module file ../../../Engine/Plugins/Experimental/HTML5Networking/Binaries/Win64/UE4Editor-HTML5Networking.dll (API version 3709383).
LogModuleManager: Display: Found up-to-date module file ../../../Engine/Plugins/Media/AndroidMedia/Binaries/Win64/UE4Editor-AndroidMediaEditor.dll (API version 3709383).
LogModuleManager: Display: Found up-to-date module file ../../../Engine/Plugins/Media/AndroidMedia/Binaries/Win64/UE4Editor-AndroidMediaFactory.dll (API version 3709383).
LogModuleManager: Display: Found up-to-date module file ../../../Engine/Plugins/Media/AvfMedia/Binaries/Win64/UE4Editor-AvfMediaEditor.dll (API version 3709383).
LogModuleManager: Display: Found up-to-date module file ../../../Engine/Plugins/Media/AvfMedia/Binaries/Win64/UE4Editor-AvfMediaFactory.dll (API version 3709383).
LogModuleManager: Display: Found up-to-date module file ../../../Engine/Plugins/Media/AvfMedia/Binaries/Win64/UE4Editor-AvfMediaFactory.dll (API version 3709383).
LogModuleManager: Display: Found up-to-date module file ../../../Engine/Plugins/Media/ImgMedia/Binaries/Win64/UE4Editor-ImgMedia.dll (API version 3709383).
LogModuleManager: Display: Found up-to-date module file ../../../Engine/Plugins/Media/ImgMedia/Binaries/Win64/UE4Editor-ImgMediaEditor.dll (API version 3709383).
LogModuleManager: Display: Found up-to-date module file ../../../Engine/Plugins/Media/ImgMedia/Binaries/Win64/UE4Editor-ImgMediaFactory.dll (API version 3709383).
LogModuleManager: Display: Found up-to-date module file ../../../Engine/Plugins/Media/ImgMedia/Binaries/Win64/UE4Editor-ImgMediaFactory.dll (API version 3709383).
LogModuleManager: Display: Found up-to-date module file ../../../Engine/Plugins/Media/ImgMedia/Binaries/Win64/UE4Editor-OpenExrWrapper.dll (API version 3709383).
LogModuleManager: Display: Found up-to-date module file ../../../Engine/Plugins/Media/MediaCompositing/Binaries/Win64/UE4Editor-MediaCompositing.dll (API version 3709383).
LogModuleManager: Display: Found up-to-date module file ../../../Engine/Plugins/Media/MediaCompositing/Binaries/Win64/UE4Editor-MediaCompositingEditor.dll (API version 3709383).
LogModuleManager: Display: Found up-to-date module file ../../../Engine/Plugins/Media/MediaPlayerEditor/Binaries/Win64/UE4Editor-MediaPlayerEditor.dll (API version 3709383).
LogModuleManager: Display: Found up-to-date module file ../../../Engine/Plugins/Media/WmfMedia/Binaries/Win64/UE4Editor-WmfMedia.dll (API version 3709383).
LogModuleManager: Display: Found up-to-date module file ../../../Engine/Plugins/Media/WmfMedia/Binaries/Win64/UE4Editor-WmfMediaEditor.dll (API version 3709383).
LogModuleManager: Display: Found up-to-date module file ../../../Engine/Plugins/Media/WmfMedia/Binaries/Win64/UE4Editor-WmfMediaFactory.dll (API version 3709383).
LogModuleManager: Display: Found up-to-date module file ../../../Engine/Plugins/Media/WmfMedia/Binaries/Win64/UE4Editor-WmfMediaFactory.dll (API version 3709383).
LogModuleManager: Display: Found up-to-date module file ../../../Engine/Plugins/Messaging/TcpMessaging/Binaries/Win64/UE4Editor-TcpMessaging.dll (API version 3709383).
LogModuleManager: Display: Found up-to-date module file ../../../Engine/Plugins/Messaging/UdpMessaging/Binaries/Win64/UE4Editor-UdpMessaging.dll (API version 3709383).
LogModuleManager: Display: Found up-to-date module file ../../../Engine/Plugins/MovieScene/ActorSequence/Binaries/Win64/UE4Editor-ActorSequence.dll (API version 3709383).
LogModuleManager: Display: Found up-to-date module file ../../../Engine/Plugins/MovieScene/LevelSequenceEditor/Binaries/Win64/UE4Editor-LevelSequenceEditor.dll (API version 3709383).
LogModuleManager: Display: Found up-to-date module file ../../../Engine/Plugins/MovieScene/MatineeToLevelSequence/Binaries/Win64/UE4Editor-MatineeToLevelSequence.dll (API version 3709383).
LogModuleManager: Display: Found up-to-date module file ../../../Engine/Plugins/Online/OnlineSubsystem/Binaries/Win64/UE4Editor-OnlineSubsystem.dll (API version 3709383).
LogModuleManager: Display: Found up-to-date module file ../../../Engine/Plugins/Runtime/AndroidPermission/Binaries/Win64/UE4Editor-AndroidPermission.dll (API version 3709383).
LogModuleManager: Display: Found up-to-date module file ../../../Engine/Plugins/Online/OnlineSubsystemNull/Binaries/Win64/UE4Editor-OnlineSubsystemNull.dll (API version 3709383).
LogModuleManager: Display: Found up-to-date module file ../../../Engine/Plugins/Online/OnlineSubsystemUtils/Binaries/Win64/UE4Editor-OnlineSubsystemUtils.dll (API version 3709383).
LogModuleManager: Display: Found up-to-date module file ../../../Engine/Plugins/Online/OnlineSubsystemUtils/Binaries/Win64/UE4Editor-OnlineBlueprintSupport.dll (API version 3709383).
LogModuleManager: Display: Found up-to-date module file ../../../Engine/Plugins/Runtime/AndroidDeviceProfileSelector/Binaries/Win64/UE4Editor-AndroidDeviceProfileSelector.dll (API version 3709383).
LogModuleManager: Display: Found up-to-date module file ../../../Engine/Plugins/Runtime/AppleARKit/Binaries/Win64/UE4Editor-AppleARKit.dll (API version 3709383).
LogModuleManager: Display: Found up-to-date module file ../../../Engine/Plugins/Runtime/ArchVisCharacter/Binaries/Win64/UE4Editor-ArchVisCharacter.dll (API version 3709383).
LogModuleManager: Display: Found up-to-date module file ../../../Engine/Plugins/Runtime/CableComponent/Binaries/Win64/UE4Editor-CableComponent.dll (API version 3709383).
LogModuleManager: Display: Found up-to-date module file ../../../Engine/Plugins/Runtime/CustomMeshComponent/Binaries/Win64/UE4Editor-CustomMeshComponent.dll (API version 3709383).
LogModuleManager: Display: Found up-to-date module file ../../../Engine/Plugins/Runtime/ExampleDeviceProfileSelector/Binaries/Win64/UE4Editor-ExampleDeviceProfileSelector.dll (API version 3709383).
LogModuleManager: Display: Found up-to-date module file ../../../Engine/Plugins/Runtime/ImmediatePhysics/Binaries/Win64/UE4Editor-ImmediatePhysics.dll (API version 3709383).
LogModuleManager: Display: Found up-to-date module file ../../../Engine/Plugins/Runtime/ImmediatePhysics/Binaries/Win64/UE4Editor-ImmediatePhysicsEditor.dll (API version 3709383).
LogModuleManager: Display: Found up-to-date module file ../../../Engine/Plugins/Runtime/LocationServicesBPLibrary/Binaries/Win64/UE4Editor-LocationServicesBPLibrary.dll (API version 3709383).
LogModuleManager: Display: Found up-to-date module file ../../../Engine/Plugins/Runtime/MobilePatchingUtils/Binaries/Win64/UE4Editor-MobilePatchingUtils.dll (API version 3709383).
LogModuleManager: Display: Found up-to-date module file ../../../Engine/Plugins/Runtime/Oculus/OculusVR/Binaries/Win64/UE4Editor-OculusHMD.dll (API version 3709383).
LogModuleManager: Display: Found up-to-date module file ../../../Engine/Plugins/Runtime/Oculus/OculusVR/Binaries/Win64/UE4Editor-OculusInput.dll (API version 3709383).
LogModuleManager: Display: Found up-to-date module file ../../../Engine/Plugins/Runtime/Oculus/OculusVR/Binaries/Win64/UE4Editor-OculusEditor.dll (API version 3709383).
LogModuleManager: Display: Found up-to-date module file ../../../Engine/Plugins/Runtime/PhysXVehicles/Binaries/Win64/UE4Editor-PhysXVehicles.dll (API version 3709383).
LogModuleManager: Display: Found up-to-date module file ../../../Engine/Plugins/Runtime/PhysXVehicles/Binaries/Win64/UE4Editor-PhysXVehiclesEditor.dll (API version 3709383).
LogModuleManager: Display: Found up-to-date module file ../../../Engine/Plugins/Runtime/ProceduralMeshComponent/Binaries/Win64/UE4Editor-ProceduralMeshComponent.dll (API version 3709383).
LogModuleManager: Display: Found up-to-date module file ../../../Engine/Plugins/Runtime/ProceduralMeshComponent/Binaries/Win64/UE4Editor-ProceduralMeshComponentEditor.dll (API version 3709383).
LogModuleManager: Display: Found up-to-date module file ../../../Engine/Plugins/Runtime/RuntimePhysXCooking/Binaries/Win64/UE4Editor-RuntimePhysXCooking.dll (API version 3709383).
LogModuleManager: Display: Found up-to-date module file ../../../Engine/Plugins/Runtime/Steam/SteamVR/Binaries/Win64/UE4Editor-SteamVR.dll (API version 3709383).
LogModuleManager: Display: Found up-to-date module file ../../../Engine/Plugins/Runtime/Steam/SteamVR/Binaries/Win64/UE4Editor-SteamVRController.dll (API version 3709383).
LogModuleManager: Display: Found up-to-date module file ../../../Engine/Plugins/Runtime/WindowsMoviePlayer/Binaries/Win64/UE4Editor-WindowsMoviePlayer.dll (API version 3709383).
LogPluginManager: Mounting plugin Paper2D
LogPluginManager: Mounting plugin LightPropagationVolume
LogPluginManager: Mounting plugin CodeLiteSourceCodeAccess
LogPluginManager: Mounting plugin GitSourceControl
LogPluginManager: Mounting plugin KDevelopSourceCodeAccess
LogPluginManager: Mounting plugin NullSourceCodeAccess
LogPluginManager: Mounting plugin PerforceSourceControl
LogPluginManager: Mounting plugin SubversionSourceControl
LogPluginManager: Mounting plugin UObjectPlugin
LogPluginManager: Mounting plugin VisualStudioCodeSourceCodeAccess
LogPluginManager: Mounting plugin VisualStudioSourceCodeAccess
LogPluginManager: Mounting plugin XCodeSourceCodeAccess
LogPluginManager: Mounting plugin AssetManagerEditor
LogPluginManager: Mounting plugin AudioCapture
LogPluginManager: Mounting plugin FacialAnimation
LogPluginManager: Mounting plugin GameplayTagsEditor
LogPluginManager: Mounting plugin MobileLauncherProfileWizard
LogPluginManager: Mounting plugin PluginBrowser
LogPluginManager: Mounting plugin SpeedTreeImporter
LogPluginManager: Mounting plugin AlembicImporter
LogPluginManager: Mounting plugin CharacterAI
LogPluginManager: Mounting plugin HTML5Networking
LogPluginManager: Mounting plugin AndroidMedia
LogPluginManager: Mounting plugin AvfMedia
LogPluginManager: Mounting plugin ImgMedia
LogPluginManager: Mounting plugin MediaCompositing
LogPluginManager: Mounting plugin MediaPlayerEditor
LogPluginManager: Mounting plugin WmfMedia
LogPluginManager: Mounting plugin TcpMessaging
LogPluginManager: Mounting plugin UdpMessaging
LogPluginManager: Mounting plugin ActorSequence
LogPluginManager: Mounting plugin LevelSequenceEditor
LogPluginManager: Mounting plugin MatineeToLevelSequence
LogPluginManager: Mounting plugin OnlineSubsystemGooglePlay
LogPluginManager: Mounting plugin OnlineSubsystemIOS
LogPluginManager: Mounting plugin OnlineSubsystem
LogPluginManager: Mounting plugin OnlineSubsystemNull
LogPluginManager: Mounting plugin OnlineSubsystemUtils
LogPluginManager: Mounting plugin AndroidDeviceProfileSelector
LogPluginManager: Mounting plugin AndroidMoviePlayer
LogPluginManager: Mounting plugin AndroidPermission
LogPluginManager: Mounting plugin AppleARKit
LogPluginManager: Mounting plugin AppleMoviePlayer
LogPluginManager: Mounting plugin ArchVisCharacter
LogPluginManager: Mounting plugin CableComponent
LogPluginManager: Mounting plugin CustomMeshComponent
LogPluginManager: Mounting plugin ExampleDeviceProfileSelector
LogPluginManager: Mounting plugin GoogleCloudMessaging
LogPluginManager: Mounting plugin ImmediatePhysics
LogPluginManager: Mounting plugin IOSDeviceProfileSelector
LogPluginManager: Mounting plugin LinuxDeviceProfileSelector
LogPluginManager: Mounting plugin LocationServicesBPLibrary
LogPluginManager: Mounting plugin MobilePatchingUtils
LogPluginManager: Mounting plugin OculusVR
LogPluginManager: Plugin shader directory ../../../Engine/Plugins/Runtime/Oculus/OculusVR/Shaders found
LogPluginManager: Mapping shader source directory ../../../Engine/Plugins/Runtime/Oculus/OculusVR/Shaders to virtual directory /Plugin/OculusVR
LogPluginManager: Mounting plugin PhysXVehicles
LogPluginManager: Mounting plugin ProceduralMeshComponent
LogPluginManager: Mounting plugin RuntimePhysXCooking
LogPluginManager: Mounting plugin SteamVR
LogPluginManager: Mounting plugin WindowsMoviePlayer
LogInit: Using libcurl 7.47.1
LogInit:  - built for x86_64-pc-win32
LogInit:  - supports SSL with OpenSSL/1.0.2g
LogInit:  - supports HTTP deflate (compression) using libz 1.2.8
LogInit:  - other features:
LogInit:      CURL_VERSION_SSL
LogInit:      CURL_VERSION_LIBZ
LogInit:      CURL_VERSION_IPV6
LogInit:      CURL_VERSION_ASYNCHDNS
LogInit:      CURL_VERSION_LARGEFILE
LogInit:      CURL_VERSION_IDN
LogInit:  CurlRequestOptions (configurable via config and command line):
LogInit:  - bVerifyPeer = false  - Libcurl will NOT verify peer certificate
LogInit:  - bUseHttpProxy = false  - Libcurl will NOT use HTTP proxy
LogInit:  - bDontReuseConnections = false  - Libcurl will reuse connections
LogInit:  - CertBundlePath = nullptr  - Libcurl will use whatever was configured at build time.
LogInit: Build: ++UE4+Release-4.18-CL-3832480
LogInit: Engine Version: 4.18.3-3832480+++UE4+Release-4.18
LogInit: Compatible Engine Version: 4.18.0-3709383+++UE4+Release-4.18
LogInit: Net CL: 3709383
LogDevObjectVersion: Number of dev versions registered: 16
LogDevObjectVersion:   Dev-Blueprints (B0D832E4-1F89-4F0D-ACCF-7EB736FD4AA2): 10
LogDevObjectVersion:   Dev-Build (E1C64328-A22C-4D53-A36C-8E866417BD8C): 0
LogDevObjectVersion:   Dev-Core (375EC13C-06E4-48FB-B500-84F0262A717E): 2
LogDevObjectVersion:   Dev-Editor (E4B068ED-F494-42E9-A231-DA0B2E46BB41): 20
LogDevObjectVersion:   Dev-Framework (CFFC743F-43B0-4480-9391-14DF171D2073): 30
LogDevObjectVersion:   Dev-Mobile (B02B49B5-BB20-44E9-A304-32B752E40360): 0
LogDevObjectVersion:   Dev-Networking (A4E4105C-59A1-49B5-A7C5-40C4547EDFEE): 0
LogDevObjectVersion:   Dev-Online (39C831C9-5AE6-47DC-9A44-9C173E1C8E7C): 0
LogDevObjectVersion:   Dev-Physics (78F01B33-EBEA-4F98-B9B4-84EACCB95AA2): 0
LogDevObjectVersion:   Dev-Platform (6631380F-2D4D-43E0-8009-CF276956A95A): 0
LogDevObjectVersion:   Dev-Rendering (12F88B9F-8875-4AFC-A67C-D90C383ABD29): 20
LogDevObjectVersion:   Dev-Sequencer (7B5AE74C-D270-4C10-A958-57980B212A5A): 4
LogDevObjectVersion:   Dev-VR (D7296918-1DD6-4BDD-9DE2-64A83CC13884): 0
LogDevObjectVersion:   Dev-LoadTimes (C2A15278-BFE7-4AFE-6C17-90FF531DF755): 1
LogDevObjectVersion:   Private-Geometry (6EACA3D4-40EC-4CC1-B786-8BED09428FC5): 1
LogDevObjectVersion:   Dev-AnimPhys (29E575DD-E0A3-4627-9D10-D276232CDCEA): 12
LogInit: Compiled (64-bit): Jan 12 2018 02:04:55
LogInit: Compiled with Visual C++: 19.00.24215.01
LogInit: Build Configuration: Development
LogInit: Branch Name: ++UE4+Release-4.18
LogInit: Command line: 
LogInit: Base directory: C:/Program Files/Epic Games/UE_4.18/Engine/Binaries/Win64/
LogInit: Installed Engine Build: 1
LogInit: Presizing for max 8388607 objects, including 0 objects not considered by GC, pre-allocating 0 bytes for permanent pool.
LogInit: Object subsystem initialized
[2018.04.25-06.19.09:180][  0]LogInit: Selected Device Profile: [Windows]
[2018.04.25-06.19.09:180][  0]LogInit: Applying CVar settings loaded from the selected device profile: [Windows]
[2018.04.25-06.19.09:195][  0]LogInit: Computer: DESKTOP-2QNA1SC
[2018.04.25-06.19.09:195][  0]LogInit: User: darkm
[2018.04.25-06.19.09:195][  0]LogInit: CPU Page size=4096, Cores=4
[2018.04.25-06.19.09:195][  0]LogInit: High frequency timer resolution =1.945312 MHz
[2018.04.25-06.19.09:196][  0]LogMemory: Memory total: Physical=15.9GB (16GB approx)
[2018.04.25-06.19.09:196][  0]LogMemory: Platform Memory Stats for Windows
[2018.04.25-06.19.09:196][  0]LogMemory: Process Physical Memory: 274.53 MB used, 274.53 MB peak
[2018.04.25-06.19.09:196][  0]LogMemory: Process Virtual Memory: 277.74 MB used, 277.74 MB peak
[2018.04.25-06.19.09:196][  0]LogMemory: Physical Memory: 8346.56 MB used,  7953.04 MB free, 16299.60 MB total
[2018.04.25-06.19.09:196][  0]LogMemory: Virtual Memory: 690.23 MB used,  7953.04 MB free, 134217728.00 MB total
[2018.04.25-06.19.09:368][  0]LogInit: Using OS detected language (en-US).
[2018.04.25-06.19.09:368][  0]LogInit: Using OS detected locale (en-US).
[2018.04.25-06.19.09:373][  0]LogTextLocalizationManager: No specific localization for 'en-US' exists, so the 'en' localization will be used.
[2018.04.25-06.19.09:778][  0]LogInit: Setting process to per monitor DPI aware
[2018.04.25-06.19.10:002][  0]LogD3D11RHI: D3D11 adapters:
[2018.04.25-06.19.10:014][  0]LogD3D11RHI:    0. 'Intel(R) UHD Graphics 620' (Feature Level 11_0)
[2018.04.25-06.19.10:014][  0]LogD3D11RHI:       128/0/8149 MB DedicatedVideo/DedicatedSystem/SharedSystem, Outputs:1, VendorId:0x8086
[2018.04.25-06.19.10:049][  0]LogD3D11RHI:    1. 'Radeon 500 Series' (Feature Level 11_0)
[2018.04.25-06.19.10:049][  0]LogD3D11RHI:       1995/0/8149 MB DedicatedVideo/DedicatedSystem/SharedSystem, Outputs:0, VendorId:0x1002
[2018.04.25-06.19.10:051][  0]LogD3D11RHI:    2. 'Microsoft Basic Render Driver' (Feature Level 11_0)
[2018.04.25-06.19.10:051][  0]LogD3D11RHI:       0/0/8149 MB DedicatedVideo/DedicatedSystem/SharedSystem, Outputs:0, VendorId:0x1414
[2018.04.25-06.19.10:051][  0]LogD3D11RHI: Chosen D3D11 Adapter: 1
[2018.04.25-06.19.10:064][  0]LogD3D11RHI: Creating new Direct3DDevice
[2018.04.25-06.19.10:064][  0]LogD3D11RHI:     GPU DeviceId: 0x699f (for the marketing name, search the web for "GPU Device Id")
[2018.04.25-06.19.10:064][  0]LogWindows: EnumDisplayDevices:
[2018.04.25-06.19.10:064][  0]LogWindows:    0. 'Intel(R) UHD Graphics 620' (P:1 D:1)
[2018.04.25-06.19.10:064][  0]LogWindows:    1. 'Intel(R) UHD Graphics 620' (P:0 D:0)
[2018.04.25-06.19.10:064][  0]LogWindows:    2. 'Intel(R) UHD Graphics 620' (P:0 D:0)
[2018.04.25-06.19.10:064][  0]LogWindows:    3. 'Radeon 500 Series' (P:0 D:0)
[2018.04.25-06.19.10:065][  0]LogWindows:    4. 'Radeon 500 Series' (P:0 D:0)
[2018.04.25-06.19.10:065][  0]LogWindows:    5. 'Radeon 500 Series' (P:0 D:0)
[2018.04.25-06.19.10:065][  0]LogWindows:    6. 'Radeon 500 Series' (P:0 D:0)
[2018.04.25-06.19.10:065][  0]LogWindows:    7. 'Radeon 500 Series' (P:0 D:0)
[2018.04.25-06.19.10:065][  0]LogWindows:    8. 'Radeon 500 Series' (P:0 D:0)
[2018.04.25-06.19.10:065][  0]LogWindows:    9. 'Radeon 500 Series' (P:0 D:0)
[2018.04.25-06.19.10:065][  0]LogWindows:    10. 'Radeon 500 Series' (P:0 D:0)
[2018.04.25-06.19.10:065][  0]LogWindows:    11. 'Radeon 500 Series' (P:0 D:0)
[2018.04.25-06.19.10:066][  0]LogWindows:    12. 'Radeon 500 Series' (P:0 D:0)
[2018.04.25-06.19.10:066][  0]LogWindows:    13. 'Radeon 500 Series' (P:0 D:0)
[2018.04.25-06.19.10:066][  0]LogWindows:    14. 'Radeon 500 Series' (P:0 D:0)
[2018.04.25-06.19.10:066][  0]LogWindows:    15. 'Radeon 500 Series' (P:0 D:0)
[2018.04.25-06.19.10:066][  0]LogWindows:    16. 'Radeon 500 Series' (P:0 D:0)
[2018.04.25-06.19.10:066][  0]LogWindows:    17. 'Radeon 500 Series' (P:0 D:0)
[2018.04.25-06.19.10:066][  0]LogWindows:    18. 'Radeon 500 Series' (P:0 D:0)
[2018.04.25-06.19.10:066][  0]LogWindows: DebugString: GetVideoDriverDetailsInvalid PrimaryIsNotTheChoosenAdapter GetVideoDriverDetailsInvalid PrimaryIsNotTheChoosenAdapter GetVideoDriverDetailsInvalid PrimaryIsNotTheChoosenAdapter GetVideoDriverDetailsInvalid PrimaryIsNotTheChoosenAdapter GetVideoDriverDetailsInvalid PrimaryIsNotTheChoosenAdapter GetVideoDriverDetailsInvalid PrimaryIsNotTheChoosenAdapter GetVideoDriverDetailsInvalid PrimaryIsNotTheChoosenAdapter GetVideoDriverDetailsInvalid PrimaryIsNotTheChoosenAdapter GetVideoDriverDetailsInvalid PrimaryIsNotTheChoosenAdapter GetVideoDriverDetailsInvalid PrimaryIsNotTheChoosenAdapter GetVideoDriverDetailsInvalid PrimaryIsNotTheChoosenAdapter GetVideoDriverDetailsInvalid PrimaryIsNotTheChoosenAdapter GetVideoDriverDetailsInvalid PrimaryIsNotTheChoosenAdapter GetVideoDriverDetailsInvalid PrimaryIsNotTheChoosenAdapter GetVideoDriverDetailsInvalid PrimaryIsNotTheChoosenAdapter GetVideoDriverDetailsInvalid PrimaryIsNotTheChoosenAdapter GetVideoDriverDetailsInvalid PrimaryIsNotTheChoosenAdapter GetVideoDriverDetailsInvalid PrimaryIsNotTheChoosenAdapter GetVideoDriverDetailsInvalid PrimaryIsNotTheChoosenAdapter FoundDriverCount:0 
[2018.04.25-06.19.10:066][  0]LogD3D11RHI:     Adapter Name: Radeon 500 Series
[2018.04.25-06.19.10:066][  0]LogD3D11RHI:   Driver Version: Unknown (internal:Unknown, unified:Unknown)
[2018.04.25-06.19.10:066][  0]LogD3D11RHI:      Driver Date: Unknown
[2018.04.25-06.19.10:066][  0]LogRHI: Texture pool is 1396 MB (70% of 1995 MB)
[2018.04.25-06.19.10:114][  0]LogD3D11RHI: Async texture creation enabled
[2018.04.25-06.19.10:128][  0]LogD3D11RHI: GPU Timing Frequency: 25.000000 (Debug: 2 1)
[2018.04.25-06.19.10:130][  0]LogShaderCompilers: Guid format shader working directory is -21 characters bigger than the processId version (../../../../../../Users/darkm/Documents/GitHub/SushiShop/SushiShop/Intermediate/Shaders/WorkingDirectory/10440/).
[2018.04.25-06.19.10:130][  0]LogShaderCompilers: Cleaned the shader compiler working directory 'C:/Users/darkm/AppData/Local/Temp/UnrealShaderWorkingDir/F2EAD6A24CD63D1F47EA4B84C23E5460/'.
[2018.04.25-06.19.10:130][  0]LogShaderCompilers: Display: Using Local Shader Compiler.
[2018.04.25-06.19.10:934][  0]LogTemp: Display: Loaded TP AllDesktopTargetPlatform
[2018.04.25-06.19.10:986][  0]LogTemp: Display: Loaded TP MacClientTargetPlatform
[2018.04.25-06.19.11:036][  0]LogTemp: Display: Loaded TP MacNoEditorTargetPlatform
[2018.04.25-06.19.11:085][  0]LogTemp: Display: Loaded TP MacServerTargetPlatform
[2018.04.25-06.19.11:135][  0]LogTemp: Display: Loaded TP MacTargetPlatform
[2018.04.25-06.19.11:183][  0]LogTemp: Display: Loaded TP WindowsClientTargetPlatform
[2018.04.25-06.19.11:233][  0]LogTemp: Display: Loaded TP WindowsNoEditorTargetPlatform
[2018.04.25-06.19.11:282][  0]LogTemp: Display: Loaded TP WindowsServerTargetPlatform
[2018.04.25-06.19.11:323][  0]LogTemp: Display: Loaded TP WindowsTargetPlatform
[2018.04.25-06.19.11:371][  0]LogTemp: Display: Loaded TP AndroidTargetPlatform
[2018.04.25-06.19.11:416][  0]LogTemp: Display: Loaded TP Android_ASTCTargetPlatform
[2018.04.25-06.19.11:463][  0]LogTemp: Display: Loaded TP Android_ATCTargetPlatform
[2018.04.25-06.19.11:509][  0]LogTemp: Display: Loaded TP Android_DXTTargetPlatform
[2018.04.25-06.19.11:557][  0]LogTemp: Display: Loaded TP Android_ETC1TargetPlatform
[2018.04.25-06.19.11:603][  0]LogTemp: Display: Loaded TP Android_ETC2TargetPlatform
[2018.04.25-06.19.11:696][  0]LogTemp: Display: Loaded TP Android_MultiTargetPlatform
[2018.04.25-06.19.11:696][  0]LogTemp: Display: Loaded TP Android_PVRTCTargetPlatform
[2018.04.25-06.19.11:733][  0]LogTemp: Display: Loaded TP HTML5TargetPlatform
[2018.04.25-06.19.11:820][  0]LogTemp: Display: Loaded TP IOSTargetPlatform
[2018.04.25-06.19.11:846][  0]LogTemp: Display: Loaded TP TVOSTargetPlatform
[2018.04.25-06.19.11:892][  0]LogTemp: Display: Loaded TP LinuxClientTargetPlatform
[2018.04.25-06.19.11:938][  0]LogTemp: Display: Loaded TP LinuxNoEditorTargetPlatform
[2018.04.25-06.19.11:985][  0]LogTemp: Display: Loaded TP LinuxServerTargetPlatform
[2018.04.25-06.19.12:032][  0]LogTemp: Display: Loaded TP LinuxTargetPlatform
[2018.04.25-06.19.12:032][  0]LogTargetPlatformManager: Display: Building Assets For Windows
[2018.04.25-06.19.12:443][  0]LogDerivedDataCache: Display: Max Cache Size: 512 MB
[2018.04.25-06.19.12:509][  0]LogDerivedDataCache: Loaded boot cache 0.07s 98MB C:/Users/darkm/AppData/Local/UnrealEngine/4.18/DerivedDataCache/Boot.ddc.
[2018.04.25-06.19.12:509][  0]LogDerivedDataCache: Display: Loaded Boot cache: C:/Users/darkm/AppData/Local/UnrealEngine/4.18/DerivedDataCache/Boot.ddc
[2018.04.25-06.19.12:509][  0]LogDerivedDataCache: FDerivedDataBackendGraph:  Pak pak cache file ../../../../../../Users/darkm/Documents/GitHub/SushiShop/SushiShop/DerivedDataCache/DDC.ddp not found, will not use a pak cache.
[2018.04.25-06.19.12:509][  0]LogDerivedDataCache: Unable to find inner node Pak for hierarchical cache Hierarchy.
[2018.04.25-06.19.12:509][  0]LogDerivedDataCache: FDerivedDataBackendGraph:  CompressedPak pak cache file ../../../../../../Users/darkm/Documents/GitHub/SushiShop/SushiShop/DerivedDataCache/Compressed.ddp not found, will not use a pak cache.
[2018.04.25-06.19.12:509][  0]LogDerivedDataCache: Unable to find inner node CompressedPak for hierarchical cache Hierarchy.
[2018.04.25-06.19.12:521][  0]LogDerivedDataCache: Display: Pak cache opened for reading ../../../Engine/DerivedDataCache/Compressed.ddp.
[2018.04.25-06.19.12:533][  0]LogDerivedDataCache: Using Local data cache path C:/Users/darkm/AppData/Local/UnrealEngine/Common/DerivedDataCache: Writable
[2018.04.25-06.19.12:569][  0]LogMaterial: Verifying Global Shaders for PCD3D_SM5
[2018.04.25-06.19.12:569][  0]LogSlate: Using Freetype 2.6.0
[2018.04.25-06.19.12:569][  0]LogSlate: SlateFontCache - WITH_FREETYPE: 1, WITH_HARFBUZZ: 1
[2018.04.25-06.19.12:570][  0]LogSlate: SlateFontCache - WITH_FREETYPE: 1, WITH_HARFBUZZ: 1
[2018.04.25-06.19.12:868][  0]LogInit: Selected Device Profile: [Windows]
[2018.04.25-06.19.13:171][  0]LogSimplygon: Simplygon DLL not present - disabling.
[2018.04.25-06.19.13:209][  0]LogMeshReduction: Using SimplygonSwarm for distributed automatic mesh merging
[2018.04.25-06.19.13:209][  0]LogMeshReduction: Using QuadricMeshReduction for automatic static mesh reduction
[2018.04.25-06.19.13:209][  0]LogMeshReduction: No automatic skeletal mesh reduction module available
[2018.04.25-06.19.13:209][  0]LogMeshReduction: No automatic mesh merging module available
[2018.04.25-06.19.13:209][  0]LogMeshMerging: No automatic mesh merging module available
[2018.04.25-06.19.13:227][  0]LogNetVersion: SushiShop , NetCL: 3709383, EngineNetVer: 2, GameNetVer: 0 (Checksum: 2343829258)
[2018.04.25-06.19.13:389][  0]LogAssetRegistry: FAssetRegistry took 0.0250 seconds to start up
[2018.04.25-06.19.14:024][  0]LogPackageLocalizationCache: Processed 7 localized package path(s) for 2 prioritized culture(s) in 0.077247 seconds
[2018.04.25-06.19.14:029][  0]LogUObjectArray: 35870 objects as part of root set at end of initial load.
[2018.04.25-06.19.14:029][  0]LogUObjectAllocator: 7363704 out of 0 bytes used by permanent object pool.
[2018.04.25-06.19.14:029][  0]LogUObjectArray: CloseDisregardForGC: 0/0 objects in disregard for GC pool
[2018.04.25-06.19.14:083][  0]LogInit: WinSock: version 1.1 (2.2), MaxSocks=32767, MaxUdp=65467
[2018.04.25-06.19.16:811][  0]LogTcpMessaging: Initializing TcpMessaging bridge
[2018.04.25-06.19.16:848][  0]LogUdpMessaging: Initializing bridge on interface 0.0.0.0:0 to multicast group 230.0.0.1:6666.
[2018.04.25-06.19.17:507][  0]LogMaterial: Uniform references updated for custom material expression Custom.
[2018.04.25-06.19.18:000][  0]SourceControl: Source control is disabled
[2018.04.25-06.19.18:000][  0]SourceControl: Source control is disabled
[2018.04.25-06.19.18:050][  0]SourceControl: Source control is disabled
[2018.04.25-06.19.18:098][  0]SourceControl: Source control is disabled
[2018.04.25-06.19.18:824][  0]LogAndroidPermission: UAndroidPermissionCallbackProxy::GetInstance
[2018.04.25-06.19.19:065][  0]LogOcInput: OculusInput pre-init called
[2018.04.25-06.19.19:352][  0]LogEngine: Initializing Engine...
[2018.04.25-06.19.19:354][  0]LogHMD: Failed to initialize OpenVR with code 110
[2018.04.25-06.19.19:729][  0]LogStats: UGameplayTagsManager::ConstructGameplayTagTree: Construct from data asset -  0.000 s
[2018.04.25-06.19.19:730][  0]LogStats: UGameplayTagsManager::ConstructGameplayTagTree: GameplayTagTreeChangedEvent.Broadcast -  0.000 s
[2018.04.25-06.19.19:866][  0]LogAIModule: Creating AISystem for world Untitled
[2018.04.25-06.19.19:876][  0]LogInit: XAudio2 using 'Headphones (TaoTronics TT-BH07 Stereo)' : 2 channels at 44.1 kHz using 16 bits per sample (channel mask 0x3)
[2018.04.25-06.19.19:885][  0]LogInit: FAudioDevice initialized.
[2018.04.25-06.19.19:969][  0]LogDerivedDataCache: Saved boot cache 0.08s 93MB C:/Users/darkm/AppData/Local/UnrealEngine/4.18/DerivedDataCache/Boot.ddc.
[2018.04.25-06.19.19:979][  0]LogInit: Texture streaming: Enabled
[2018.04.25-06.19.20:078][  0]LogEngineSessionManager: EngineSessionManager initialized
[2018.04.25-06.19.20:217][  0]LogInit: Transaction tracking system initialized
[2018.04.25-06.19.20:533][  0]BlueprintLog: New page: Editor Load
[2018.04.25-06.19.21:447][  0]LocalizationService: Localization service is disabled
[2018.04.25-06.19.22:188][  0]LogConsoleResponse: Display: 
[2018.04.25-06.19.22:468][  0]LogCook: Display: Max memory allowance for cook 16384mb min free memory 0mb
[2018.04.25-06.19.22:468][  0]LogCook: Display: Mobile HDR setting 1
[2018.04.25-06.19.22:468][  0]LogGameplayTags: Display: UGameplayTagsManager::DoneAddingNativeTags. DelegateIsBound: 0
[2018.04.25-06.19.23:045][  0]LogFileCache: Scanning file cache for directory 'C:/Users/darkm/Documents/GitHub/SushiShop/SushiShop/Content/' took 0.02s
[2018.04.25-06.19.23:578][  0]SourceControl: Source control is disabled
[2018.04.25-06.19.23:578][  0]Cmd: MAP LOAD FILE="../../../../../../Users/darkm/Documents/GitHub/SushiShop/SushiShop/Content/VirtualRealityBP/Maps/StartupMap.umap" TEMPLATE=0 SHOWPROGRESS=1 FEATURELEVEL=3
[2018.04.25-06.19.23:579][  0]LightingResults: New page: Lighting Build
[2018.04.25-06.19.23:617][  0]MapCheck: New page: Map Check
[2018.04.25-06.19.23:617][  0]LightingResults: New page: Lighting Build
[2018.04.25-06.19.23:821][  0]LogAIModule: Creating AISystem for world StartupMap
[2018.04.25-06.19.23:830][  0]LogEditorServer: Finished looking for orphan Actors (0.000 secs)
[2018.04.25-06.19.23:838][  0]Cmd: MAP CHECKDEP NOCLEARLOG
[2018.04.25-06.19.23:885][  0]MapCheck: Map check complete: 0 Error(s), 0 Warning(s), took 46.777ms to complete.
[2018.04.25-06.19.23:885][  0]LogFileHelpers: Loading map 'StartupMap' took 0.307
[2018.04.25-06.19.23:947][  0]LogWindowsTextInputMethodSystem: Display: IME system now deactivated.
[2018.04.25-06.19.23:947][  0]LogWindowsTextInputMethodSystem: Display: IME system now deactivated.
[2018.04.25-06.19.24:147][  0]LogCollectionManager: Loaded 0 collections in 0.001352 seconds
[2018.04.25-06.19.24:255][  0]LogFileCache: Scanning file cache for directory 'C:/Users/darkm/Documents/GitHub/SushiShop/SushiShop/Saved/Collections/' took 0.01s
[2018.04.25-06.19.24:255][  0]LogFileCache: Scanning file cache for directory 'C:/Users/darkm/Documents/GitHub/SushiShop/SushiShop/Content/Developers/darkm/Collections/' took 0.01s
[2018.04.25-06.19.24:255][  0]LogFileCache: Scanning file cache for directory 'C:/Users/darkm/Documents/GitHub/SushiShop/SushiShop/Content/Collections/' took 0.01s
[2018.04.25-06.19.24:255][  0]LogCollectionManager: Rebuilt the GUID cache for 0 collections in 0.000001 seconds
[2018.04.25-06.19.24:265][  0]LogContentBrowser: Native class hierarchy populated in 0.0077 seconds. Added 2364 classes and 521 folders.
[2018.04.25-06.19.24:338][  0]LogContentBrowser: Native class hierarchy updated for 'WidgetCarousel' in 0.0002 seconds. Added 0 classes and 0 folders.
[2018.04.25-06.19.24:737][  0]LogContentBrowser: Native class hierarchy updated for 'AddContentDialog' in 0.0002 seconds. Added 0 classes and 0 folders.
[2018.04.25-06.19.24:803][  0]LogSlate: Took 0.000146 seconds to synchronously load lazily loaded font '../../../Engine/Content/Slate/Fonts/Roboto-Regular.ttf' (155K)
[2018.04.25-06.19.24:807][  0]LogSlate: Took 0.000160 seconds to synchronously load lazily loaded font '../../../Engine/Content/Slate/Fonts/Roboto-Bold.ttf' (160K)
[2018.04.25-06.19.24:815][  0]LogSlate: Took 0.005951 seconds to synchronously load lazily loaded font '../../../Engine/Content/Editor/Slate/Fonts/FontAwesome.ttf' (139K)
[2018.04.25-06.19.24:909][  0]LogRenderer: Reallocating scene render targets to support 1268x360 Format 26 NumSamples 1 (Frame:1).
[2018.04.25-06.19.25:351][  0]LogContentBrowser: Native class hierarchy updated for 'HierarchicalLODOutliner' in 0.0002 seconds. Added 1 classes and 2 folders.
[2018.04.25-06.19.25:351][  0]LogLoad: (Engine Initialization) Total time: 18.12 seconds
[2018.04.25-06.19.25:352][  0]LogLoad: (Engine Initialization) Total Blueprint compile time: 0.00 seconds
[2018.04.25-06.19.25:352][  0]LogExternalProfiler: No external profilers were discovered.  External profiling features will not be available.
[2018.04.25-06.19.25:396][  0]LogContentStreaming: Texture pool size now 1000 MB
[2018.04.25-06.19.25:454][  0]LogSlate: Took 0.006964 seconds to synchronously load lazily loaded font '../../../Engine/Content/Slate/Fonts/Roboto-Light.ttf' (159K)
[2018.04.25-06.19.25:476][  1]LogAssetRegistry: Asset discovery search completed in 12.1083 seconds
[2018.04.25-06.19.25:478][  1]LogCollectionManager: Rebuilt the object cache for 0 collections in 0.000000 seconds (found 0 objects)
[2018.04.25-06.19.25:478][  1]LogCollectionManager: Fixed up redirectors for 0 collections in 0.000044 seconds (updated 0 objects)
[2018.04.25-06.19.27:175][ 48]LogSlate: Took 0.000142 seconds to synchronously load lazily loaded font '../../../Engine/Content/Slate/Fonts/Roboto-Light.ttf' (159K)
[2018.04.25-06.19.27:513][ 48]LogContentBrowser: Native class hierarchy updated for 'BlueprintGraph' in 0.0005 seconds. Added 116 classes and 0 folders.
[2018.04.25-06.19.28:246][ 48]LogSlate: Took 0.004282 seconds to synchronously load lazily loaded font '../../../Engine/Content/Editor/Slate/Fonts/Roboto-BoldCondensed.ttf' (158K)
[2018.04.25-06.19.28:569][ 49]LogSlate: Took 0.004567 seconds to synchronously load lazily loaded font '../../../Engine/Content/Editor/Slate/Fonts/Roboto-Italic.ttf' (157K)
[2018.04.25-06.19.35:070][424]LogRenderer: Reallocating scene render targets to support 1268x376 Format 26 NumSamples 1 (Frame:157).
[2018.04.25-06.19.35:110][425]LogRenderer: Reallocating scene render targets to support 1268x392 Format 26 NumSamples 1 (Frame:159).
[2018.04.25-06.19.35:153][426]LogRenderer: Reallocating scene render targets to support 1268x408 Format 26 NumSamples 1 (Frame:161).
[2018.04.25-06.19.35:199][427]LogRenderer: Reallocating scene render targets to support 1268x416 Format 26 NumSamples 1 (Frame:163).
[2018.04.25-06.19.35:242][428]LogRenderer: Reallocating scene render targets to support 1268x428 Format 26 NumSamples 1 (Frame:165).
[2018.04.25-06.19.35:282][429]LogRenderer: Reallocating scene render targets to support 1268x440 Format 26 NumSamples 1 (Frame:167).
[2018.04.25-06.19.35:322][430]LogRenderer: Reallocating scene render targets to support 1268x464 Format 26 NumSamples 1 (Frame:169).
[2018.04.25-06.19.35:362][431]LogRenderer: Reallocating scene render targets to support 1268x480 Format 26 NumSamples 1 (Frame:171).
[2018.04.25-06.19.35:403][432]LogRenderer: Reallocating scene render targets to support 1268x484 Format 26 NumSamples 1 (Frame:173).
[2018.04.25-06.19.44:337][806]LogSlate: Took 0.000112 seconds to synchronously load lazily loaded font '../../../Engine/Content/Slate/Fonts/Roboto-Regular.ttf' (155K)
[2018.04.25-06.19.44:839][806]LogTexture: Display: Building textures: SakeBottles_N (BC5, 1024X1024)
[2018.04.25-06.19.44:839][806]LogTexture: Display: Building textures: SakeBottles_AO_R_M (AutoDXT, 1024X1024)
[2018.04.25-06.19.44:840][806]LogTexture: Display: Building textures: SakeBottles_BC (AutoDXT, 1024X1024)
[2018.04.25-06.19.44:840][806]LogTexture: Display: Building textures: HQ_Lightmap1_2 (AutoDXT, 512X512)
[2018.04.25-06.19.44:840][806]LogTexture: Display: Building textures: HQ_Lightmap1_1 (AutoDXT, 1024X1024)
[2018.04.25-06.19.44:842][806]LogTexture: Display: Building textures: LQ_Lightmap_1_2 (DXT1, 512X512)
[2018.04.25-06.19.44:851][806]LogTexture: Display: Building textures: LQ_Lightmap_1_1 (DXT1, 1024X1024)
[2018.04.25-06.19.45:100][806]LogTexture: Display: Building textures: SkyOcclusion1_1 (AutoDXT, 1024X512)
[2018.04.25-06.19.45:100][806]LogTexture: Display: Building textures: SkyOcclusion1_2 (AutoDXT, 512X256)
[2018.04.25-06.19.45:100][806]LogTexture: Display: Building textures: ShadowMapTexture2D_9 (BGRA8, 1024X1024)
[2018.04.25-06.19.45:307][806]LogTexture: Display: Building textures: Curtains_AO_R_M (AutoDXT, 2048X2048)
[2018.04.25-06.19.45:308][806]LogStaticMesh: Building static mesh Booth_Table_polySurface1...
[2018.04.25-06.19.45:315][806]LogStaticMesh: Built static mesh [0.01s] /Game/SushiShop/Assets/Environment/Booth/Table/Booth_Table_polySurface1.Booth_Table_polySurface1
[2018.04.25-06.19.45:329][806]LogStaticMesh: Building static mesh Booth_Table_polySurface2...
[2018.04.25-06.19.45:335][806]LogStaticMesh: Built static mesh [0.01s] /Game/SushiShop/Assets/Environment/Booth/Table/Booth_Table_polySurface2.Booth_Table_polySurface2
[2018.04.25-06.19.45:337][806]LogStaticMesh: Building static mesh Booth_Table_polySurface3...
[2018.04.25-06.19.45:338][806]LogStaticMesh: Built static mesh [0.00s] /Game/SushiShop/Assets/Environment/Booth/Table/Booth_Table_polySurface3.Booth_Table_polySurface3
[2018.04.25-06.19.45:340][806]LogStaticMesh: Building static mesh Booth_Table_polySurface4...
[2018.04.25-06.19.45:347][806]LogStaticMesh: Built static mesh [0.01s] /Game/SushiShop/Assets/Environment/Booth/Table/Booth_Table_polySurface4.Booth_Table_polySurface4
[2018.04.25-06.19.45:507][806]LogMeshUtilities: Finished distance field build in 0.1s - 13x18x8 distance field, 188 triangles, Range [-0.0, 0.4], Booth_Table_polySurface1
[2018.04.25-06.19.45:724][806]LogMeshUtilities: Finished distance field build in 0.0s - 8x8x12 distance field, 188 triangles, Range [-0.0, 0.3], Booth_Table_polySurface4
[2018.04.25-06.19.45:724][806]LogTexture: Display: Building textures: SushiBar_N (BC5, 2048X2048)
[2018.04.25-06.19.45:724][806]LogTexture: Display: Building textures: SushiBar_E (AutoDXT, 2048X2048)
[2018.04.25-06.19.45:724][806]LogMeshUtilities: Finished distance field build in 0.1s - 12x17x8 distance field, 20 triangles, Range [0.0, 0.5], Booth_Table_polySurface3
[2018.04.25-06.19.45:724][806]LogMeshUtilities: Finished distance field build in 0.1s - 8x8x12 distance field, 188 triangles, Range [-0.0, 0.3], Booth_Table_polySurface2
[2018.04.25-06.19.45:826][806]LogTexture: Display: Building textures: SushiBar_BC (AutoDXT, 2048X2048)
[2018.04.25-06.19.45:826][806]LogStaticMesh: Building static mesh CuttingBoard...
[2018.04.25-06.19.45:841][806]LogStaticMesh: Built static mesh [0.02s] /Game/SushiShop/Assets/Props/Utensils/CuttingBoard.CuttingBoard
[2018.04.25-06.19.45:927][806]LogMeshUtilities: Finished distance field build in 0.0s - 8x8x8 distance field, 808 triangles, Range [-0.0, 0.3], CuttingBoard
[2018.04.25-06.19.46:602][806]LogTexture: Display: Building textures: SushiBar_AO_R_M (AutoDXT, 2048X2048)
[2018.04.25-06.19.46:722][806]LogStaticMesh: Building static mesh Knife_Yanagiba...
[2018.04.25-06.19.46:733][806]LogStaticMesh: Built static mesh [0.01s] /Game/SushiShop/Assets/Props/Utensils/Knife_Yanagiba.Knife_Yanagiba
[2018.04.25-06.19.46:769][806]LogStaticMesh: Building static mesh Plate_SmallStack...
[2018.04.25-06.19.46:830][806]LogMeshUtilities: Finished distance field build in 0.0s - 8x8x8 distance field, 230 triangles, Range [0.0, 1.0], Knife_Yanagiba
[2018.04.25-06.19.46:830][806]LogStaticMesh: Built static mesh [0.06s] /Game/SushiShop/Assets/Props/Plates/SmallPlate/Old/Plate_SmallStack.Plate_SmallStack
[2018.04.25-06.19.46:849][806]LogStaticMesh: Building static mesh SushiBar_4-16_Refrigerator...
[2018.04.25-06.19.46:953][806]LogMeshUtilities: Finished distance field build in 0.0s - 8x8x8 distance field, 900 triangles, Range [-0.3, 0.4], Plate_SmallStack
[2018.04.25-06.19.46:953][806]LogStaticMesh: Built static mesh [0.10s] /Game/SushiShop/Assets/Bar/Bar_4_16/SushiBar_4-16_Refrigerator.SushiBar_4-16_Refrigerator
[2018.04.25-06.19.47:144][806]LogStaticMesh: Building static mesh Sake_Bottle_Large...
[2018.04.25-06.19.47:199][806]LogStaticMesh: Built static mesh [0.06s] /Game/SushiShop/Assets/Props/bottles/C_Sake/Sake_Bottle_Large.Sake_Bottle_Large
[2018.04.25-06.19.47:206][806]LogStaticMesh: Building static mesh Sake_Bottle_Small...
[2018.04.25-06.19.47:264][806]LogStaticMesh: Built static mesh [0.06s] /Game/SushiShop/Assets/Props/bottles/C_Sake/Sake_Bottle_Small.Sake_Bottle_Small
[2018.04.25-06.19.47:271][806]LogStaticMesh: Building static mesh Sake_Glass...
[2018.04.25-06.19.47:298][806]LogStaticMesh: Built static mesh [0.03s] /Game/SushiShop/Assets/Props/bottles/C_Sake/Sake_Glass.Sake_Glass
[2018.04.25-06.19.47:360][806]LogTexture: Display: Building textures: KnifeAndBoard_N (BC5, 2048X2048)
[2018.04.25-06.19.47:360][806]LogStaticMesh: Building static mesh SushiBar_4-16_Bar...
[2018.04.25-06.19.47:407][806]LogStaticMesh: Built static mesh [0.05s] /Game/SushiShop/Assets/Bar/Bar_4_16/SushiBar_4-16_Bar.SushiBar_4-16_Bar
[2018.04.25-06.19.47:418][806]LogStaticMesh: Building static mesh SushiBar_4-16_FridgeStand1...
[2018.04.25-06.19.47:464][806]LogStaticMesh: Built static mesh [0.05s] /Game/SushiShop/Assets/Bar/Bar_4_16/SushiBar_4-16_FridgeStand1.SushiBar_4-16_FridgeStand1
[2018.04.25-06.19.47:468][806]LogStaticMesh: Building static mesh SushiBar_4-16_FridgeStand2...
[2018.04.25-06.19.47:518][806]LogStaticMesh: Built static mesh [0.05s] /Game/SushiShop/Assets/Bar/Bar_4_16/SushiBar_4-16_FridgeStand2.SushiBar_4-16_FridgeStand2
[2018.04.25-06.19.47:523][806]LogStaticMesh: Building static mesh SushiBar_4-16_FridgeStand3...
[2018.04.25-06.19.47:560][806]LogTexture: Display: Building textures: KnifeAndBoard_BC (AutoDXT, 2048X2048)
[2018.04.25-06.19.47:560][806]LogStaticMesh: Built static mesh [0.04s] /Game/SushiShop/Assets/Bar/Bar_4_16/SushiBar_4-16_FridgeStand3.SushiBar_4-16_FridgeStand3
[2018.04.25-06.19.47:566][806]LogStaticMesh: Building static mesh SushiBar_4-16_FridgeStand4...
[2018.04.25-06.19.47:602][806]LogMeshUtilities: Finished distance field build in 0.6s - 39x33x9 distance field, 3054 triangles, Range [-0.1, 0.6], SushiBar_4-16_Refrigerator
[2018.04.25-06.19.47:602][806]LogStaticMesh: Built static mesh [0.04s] /Game/SushiShop/Assets/Bar/Bar_4_16/SushiBar_4-16_FridgeStand4.SushiBar_4-16_FridgeStand4
[2018.04.25-06.19.47:617][806]LogStaticMesh: Building static mesh SushiBar_4-16_FridgeStand5...
[2018.04.25-06.19.47:657][806]LogStaticMesh: Built static mesh [0.04s] /Game/SushiShop/Assets/Bar/Bar_4_16/SushiBar_4-16_FridgeStand5.SushiBar_4-16_FridgeStand5
[2018.04.25-06.19.47:662][806]LogStaticMesh: Building static mesh SushiBar_4-16_FridgeStand6...
[2018.04.25-06.19.47:710][806]LogStaticMesh: Built static mesh [0.05s] /Game/SushiShop/Assets/Bar/Bar_4_16/SushiBar_4-16_FridgeStand6.SushiBar_4-16_FridgeStand6
[2018.04.25-06.19.47:715][806]LogStaticMesh: Building static mesh SushiBar_4-16_Water...
[2018.04.25-06.19.47:716][806]LogStaticMesh: Built static mesh [0.00s] /Game/SushiShop/Assets/Bar/Bar_4_16/SushiBar_4-16_Water.SushiBar_4-16_Water
[2018.04.25-06.19.47:962][806]LogMeshUtilities: Finished distance field build in 0.1s - 12x8x8 distance field, 1128 triangles, Range [-0.0, 0.3], SushiBar_4-16_FridgeStand4
[2018.04.25-06.19.48:017][806]LogMaterial: Missing cached shader map for material SushiBoat_M, compiling. 
[2018.04.25-06.19.48:192][806]LogTexture: Display: Building textures: KnifeAndBoard_AO_R_M (AutoDXT, 2048X2048)
[2018.04.25-06.19.48:643][806]LogTexture: Display: Building textures: Curtains_N (AutoDXT, 2048X2048)
[2018.04.25-06.19.48:643][806]LogMaterial: Missing cached shader map for material stainlessSteel_M, compiling. 
[2018.04.25-06.19.48:710][806]LogMaterial: Missing cached shader map for material Glass_2_M, compiling. 
[2018.04.25-06.19.48:856][806]LogMaterial: Missing cached shader map for material Glass_2_M, compiling. 
[2018.04.25-06.19.48:936][806]LogTexture: Display: Building textures: Curtains_BC (AutoDXT, 2048X2048)
[2018.04.25-06.19.48:941][806]LogMaterial: Missing cached shader map for material Cobain, compiling. 
[2018.04.25-06.19.49:066][806]LogMaterial: Missing cached shader map for material emissive_light_m, compiling. 
[2018.04.25-06.19.49:121][806]LogMaterial: Missing cached shader map for material Tile_WoodAndTileOffsetPattern, compiling. 
[2018.04.25-06.19.49:177][806]LogMaterial: Missing cached shader map for material Sake_M, compiling. 
[2018.04.25-06.19.49:221][806]LogMaterial: Missing cached shader map for material Ground_DirtBrownTan, compiling. 
[2018.04.25-06.19.54:668][806]LogMaterial: Missing cached shader map for material Curtain_M, compiling. 
[2018.04.25-06.19.54:989][806]LogMaterial: Missing cached shader map for material Knife+Board_M, compiling. 
[2018.04.25-06.19.55:032][806]LogMaterial: Missing cached shader map for material Bar_M, compiling. 
[2018.04.25-06.19.55:088][806]LogMaterial: Missing cached shader map for material Metal_BrushedCopper, compiling. 
[2018.04.25-06.19.55:453][806]LogMaterial: Missing cached shader map for material Water, compiling. 
[2018.04.25-06.19.55:669][806]LogMaterial: Missing cached shader map for material Water, compiling. 
[2018.04.25-06.19.56:282][806]LogMaterial: Missing cached shader map for material Group1Mat, compiling. 
[2018.04.25-06.19.56:591][806]LogAIModule: Creating AISystem for world Main
[2018.04.25-06.19.56:599][806]LogMaterial: Warning: Material /Game/SushiShop/Materials/Knife+Board_M/Knife+Board_M.Knife+Board_M needed to have new flag set bUsedWithStaticLighting !
[2018.04.25-06.19.56:626][806]LogMaterial: Missing cached shader map for material Knife+Board_M, compiling. 
[2018.04.25-06.19.56:702][806]MapCheck: Warning: Knife+Board_M Material /Game/SushiShop/Materials/Knife+Board_M/Knife+Board_M.Knife+Board_M was missing the usage flag bUsedWithStaticLighting. If the material asset is not re-saved, it may not render correctly when run outside the editor. Fix
[2018.04.25-06.19.56:705][806]LogMaterial: Warning: Material /Game/SushiShop/Materials/Sake_M/Sake_M.Sake_M needed to have new flag set bUsedWithStaticLighting !
[2018.04.25-06.19.56:709][806]LogMaterial: Missing cached shader map for material Sake_M, compiling. 
[2018.04.25-06.19.56:761][806]MapCheck: Warning: Sake_M Material /Game/SushiShop/Materials/Sake_M/Sake_M.Sake_M was missing the usage flag bUsedWithStaticLighting. If the material asset is not re-saved, it may not render correctly when run outside the editor. Fix
[2018.04.25-06.19.56:946][806]Cmd: MAP LOAD FILE="../../../../../../Users/darkm/Documents/GitHub/SushiShop/SushiShop/Content/SushiShop/Levels/Main.umap" TEMPLATE=0 SHOWPROGRESS=1 FEATURELEVEL=3
[2018.04.25-06.19.56:946][806]LightingResults: New page: Lighting Build
[2018.04.25-06.19.56:947][806]LoadErrors: New page: Loading map: Main.umap
[2018.04.25-06.19.56:948][806]MapCheck: New page: Map Check
[2018.04.25-06.19.56:948][806]LightingResults: New page: Lighting Build
[2018.04.25-06.19.56:990][806]LogSkeletalMesh: USkeletalMeshComponent::InitArticulated : Could not find root physics body: '/Game/SushiShop/Levels/Main.Main:PersistentLevel.Curtain_Large_CurtainLarge_Right2_20.SkeletalMeshComponent0'
[2018.04.25-06.19.56:990][806]LogSkeletalMesh: USkeletalMeshComponent::InitArticulated : Could not find root physics body: '/Game/SushiShop/Levels/Main.Main:PersistentLevel.Curtain_Large_CurtainLarge_Left_23.SkeletalMeshComponent0'
[2018.04.25-06.19.57:015][806]LogEditorServer: Finished looking for orphan Actors (0.000 secs)
[2018.04.25-06.19.57:149][806]Cmd: MAP CHECKDEP NOCLEARLOG
[2018.04.25-06.19.57:306][806]MapCheck: Map check complete: 0 Error(s), 0 Warning(s), took 157.411ms to complete.
[2018.04.25-06.19.57:306][806]LogFileHelpers: Loading map 'Main' took 0.361
[2018.04.25-06.19.57:915][816]LogMeshUtilities: Finished distance field build in 0.5s - 48x38x8 distance field, 34 triangles, Range [-0.1, 1.0], SushiBar_4-16_Water
[2018.04.25-06.19.58:056][823]LogMeshUtilities: Finished distance field build in 0.1s - 8x12x8 distance field, 1128 triangles, Range [-0.0, 0.3], SushiBar_4-16_FridgeStand6
[2018.04.25-06.19.58:192][830]LogMeshUtilities: Finished distance field build in 0.0s - 8x12x8 distance field, 1128 triangles, Range [-0.0, 0.3], SushiBar_4-16_FridgeStand5
[2018.04.25-06.19.58:332][836]LogMeshUtilities: Finished distance field build in 0.0s - 12x8x8 distance field, 1128 triangles, Range [-0.0, 0.3], SushiBar_4-16_FridgeStand3
[2018.04.25-06.19.58:457][840]LogMeshUtilities: Finished distance field build in 0.0s - 8x12x8 distance field, 1128 triangles, Range [-0.0, 0.3], SushiBar_4-16_FridgeStand2
[2018.04.25-06.19.58:582][843]LogMeshUtilities: Finished distance field build in 0.0s - 8x12x8 distance field, 1128 triangles, Range [-0.0, 0.3], SushiBar_4-16_FridgeStand1
[2018.04.25-06.20.02:521][924]LogMeshUtilities: Finished distance field build in 3.8s - 64x49x24 distance field, 1572 triangles, Range [-0.1, 0.6], SushiBar_4-16_Bar
[2018.04.25-06.20.02:657][927]LogMeshUtilities: Finished distance field build in 0.0s - 8x8x8 distance field, 608 triangles, Range [-0.1, 0.8], Sake_Glass
[2018.04.25-06.20.02:811][930]LogMeshUtilities: Finished distance field build in 0.0s - 8x8x8 distance field, 1616 triangles, Range [-0.1, 0.6], Sake_Bottle_Small
[2018.04.25-06.20.02:971][933]LogMeshUtilities: Finished distance field build in 0.0s - 8x8x8 distance field, 1728 triangles, Range [-0.0, 0.5], Sake_Bottle_Large
[2018.04.25-06.22.32:870][540]LogWindows: Windows GetLastError: The operation completed successfully. (0)
[2018.04.25-06.22.34:300][540]LogWindows: Error: === Critical error: ===
[2018.04.25-06.22.34:300][540]LogWindows: Error: 
[2018.04.25-06.22.34:300][540]LogWindows: Error: Assertion failed: SetWindowRgn( HWnd, Region, false ) [File:D:\Build\++UE4+Release-4.18+Compile\Sync\Engine\Source\Runtime\ApplicationCore\Private\Windows\WindowsWindow.cpp] [Line: 400] 
[2018.04.25-06.22.34:300][540]LogWindows: Error: 
[2018.04.25-06.22.34:300][540]LogWindows: Error: 
[2018.04.25-06.22.34:300][540]LogWindows: Error: 
[2018.04.25-06.22.34:300][540]LogWindows: Error: [Callstack] 0x000000002D774008 KERNELBASE.dll!UnknownFunction []
[2018.04.25-06.22.34:300][540]LogWindows: Error: [Callstack] 0x0000000082B276D4 UE4Editor-ApplicationCore.dll!UnknownFunction []
[2018.04.25-06.22.34:300][540]LogWindows: Error: [Callstack] 0x0000000081BD330B UE4Editor-Core.dll!UnknownFunction []
[2018.04.25-06.22.34:300][540]LogWindows: Error: [Callstack] 0x0000000081B647F9 UE4Editor-Core.dll!UnknownFunction []
[2018.04.25-06.22.34:300][540]LogWindows: Error: [Callstack] 0x0000000082B24CF3 UE4Editor-ApplicationCore.dll!UnknownFunction []
[2018.04.25-06.22.34:300][540]LogWindows: Error: [Callstack] 0x000000007E190F7D UE4Editor-SlateCore.dll!UnknownFunction []
[2018.04.25-06.22.34:301][540]LogWindows: Error: [Callstack] 0x000000007E446A5D UE4Editor-Slate.dll!UnknownFunction []
[2018.04.25-06.22.34:301][540]LogWindows: Error: [Callstack] 0x000000007E446B13 UE4Editor-Slate.dll!UnknownFunction []
[2018.04.25-06.22.34:301][540]LogWindows: Error: [Callstack] 0x000000007E412D46 UE4Editor-Slate.dll!UnknownFunction []
[2018.04.25-06.22.34:301][540]LogWindows: Error: [Callstack] 0x000000007E447389 UE4Editor-Slate.dll!UnknownFunction []
[2018.04.25-06.22.34:301][540]LogWindows: Error: [Callstack] 0x000000007E414140 UE4Editor-Slate.dll!UnknownFunction []
[2018.04.25-06.22.34:301][540]LogWindows: Error: [Callstack] 0x000000007E46D867 UE4Editor-Slate.dll!UnknownFunction []
[2018.04.25-06.22.34:301][540]LogWindows: Error: [Callstack] 0x000000007E46C953 UE4Editor-Slate.dll!UnknownFunction []
[2018.04.25-06.22.34:301][540]LogWindows: Error: [Callstack] 0x00000000652E69CA UE4Editor-opengl4.exe!UnknownFunction []
[2018.04.25-06.22.34:301][540]LogWindows: Error: [Callstack] 0x00000000652F5430 UE4Editor-opengl4.exe!UnknownFunction []
[2018.04.25-06.22.34:301][540]LogWindows: Error: [Callstack] 0x00000000652F54AA UE4Editor-opengl4.exe!UnknownFunction []
[2018.04.25-06.22.34:301][540]LogWindows: Error: [Callstack] 0x0000000065302379 UE4Editor-opengl4.exe!UnknownFunction []
[2018.04.25-06.22.34:301][540]LogWindows: Error: [Callstack] 0x0000000065303D57 UE4Editor-opengl4.exe!UnknownFunction []
[2018.04.25-06.22.34:301][540]LogWindows: Error: [Callstack] 0x000000002FA61FE4 KERNEL32.DLL!UnknownFunction []
[2018.04.25-06.22.34:301][540]LogWindows: Error: [Callstack] 0x0000000030A7F061 ntdll.dll!UnknownFunction []
[2018.04.25-06.22.34:301][540]LogWindows: Error: [Callstack] 0x0000000030A7F061 ntdll.dll!UnknownFunction []
[2018.04.25-06.22.34:301][540]LogWindows: Error: 
[2018.04.25-06.22.34:333][540]LogExit: Executing StaticShutdownAfterError
[2018.04.25-06.22.34:345][540]LogWindows: FPlatformMisc::RequestExit(1)
[2018.04.25-06.22.34:345][540]Log file closed, 04/24/18 23:22:34
