Log file open, 04/07/18 00:26:44
LogWindows: Failed to load 'aqProf.dll' (GetLastError=126)
LogWindows: File 'aqProf.dll' does not exist
LogWindows: Failed to load 'VSPerf140.dll' (GetLastError=126)
LogWindows: File 'VSPerf140.dll' does not exist
LogWindows: Failed to load 'VtuneApi.dll' (GetLastError=126)
LogWindows: File 'VtuneApi.dll' does not exist
LogWindows: Failed to load 'VtuneApi32e.dll' (GetLastError=126)
LogWindows: File 'VtuneApi32e.dll' does not exist
LogInit: Display: Running engine for game: SushiShop
LogPlatformFile: Not using cached read wrapper
LogInit: Display: RandInit(677517748) SRandInit(677517748).
LogInit: Read version file with build ID '3709383'
LogInit: Overriding engine version to CL 3832480, compatible CL 3709383
LogInit: Registered custom module enumerator with build ID '3709383'
LogTaskGraph: Started task graph with 5 named threads and 14 total threads with 3 sets of task threads.
LogStats: Stats thread started at 0.211841
LogD3D11RHI: Aftermath initialized
LogModuleManager: Display: Found up-to-date module file ../../../Engine/Plugins/2D/Paper2D/Binaries/Win64/UE4Editor-Paper2D.dll (API version 3709383).
LogModuleManager: Display: Found up-to-date module file ../../../Engine/Plugins/2D/Paper2D/Binaries/Win64/UE4Editor-Paper2DEditor.dll (API version 3709383).
LogModuleManager: Display: Found up-to-date module file ../../../Engine/Plugins/2D/Paper2D/Binaries/Win64/UE4Editor-PaperSpriteSheetImporter.dll (API version 3709383).
LogModuleManager: Display: Found up-to-date module file ../../../Engine/Plugins/2D/Paper2D/Binaries/Win64/UE4Editor-PaperTiledImporter.dll (API version 3709383).
LogModuleManager: Display: Found up-to-date module file ../../../Engine/Plugins/2D/Paper2D/Binaries/Win64/UE4Editor-SmartSnapping.dll (API version 3709383).
LogModuleManager: Display: Found up-to-date module file ../../../Engine/Plugins/Blendables/LightPropagationVolume/Binaries/Win64/UE4Editor-LightPropagationVolumeRuntime.dll (API version 3709383).
LogModuleManager: Display: Found up-to-date module file ../../../Engine/Plugins/Blendables/LightPropagationVolume/Binaries/Win64/UE4Editor-LightPropagationVolumeEditor.dll (API version 3709383).
LogModuleManager: Display: Found up-to-date module file ../../../Engine/Plugins/Developer/GitSourceControl/Binaries/Win64/UE4Editor-GitSourceControl.dll (API version 3709383).
LogModuleManager: Display: Found up-to-date module file ../../../Engine/Plugins/Developer/PerforceSourceControl/Binaries/Win64/UE4Editor-PerforceSourceControl.dll (API version 3709383).
LogModuleManager: Display: Found up-to-date module file ../../../Engine/Plugins/Developer/SubversionSourceControl/Binaries/Win64/UE4Editor-SubversionSourceControl.dll (API version 3709383).
LogModuleManager: Display: Found up-to-date module file ../../../Engine/Plugins/Developer/UObjectPlugin/Binaries/Win64/UE4Editor-UObjectPlugin.dll (API version 3709383).
LogModuleManager: Display: Found up-to-date module file ../../../Engine/Plugins/Developer/VisualStudioCodeSourceCodeAccess/Binaries/Win64/UE4Editor-VisualStudioCodeSourceCodeAccess.dll (API version 3709383).
LogModuleManager: Display: Found up-to-date module file ../../../Engine/Plugins/Developer/VisualStudioSourceCodeAccess/Binaries/Win64/UE4Editor-VisualStudioSourceCodeAccess.dll (API version 3709383).
LogModuleManager: Display: Found up-to-date module file ../../../Engine/Plugins/Editor/AssetManagerEditor/Binaries/Win64/UE4Editor-AssetManagerEditor.dll (API version 3709383).
LogModuleManager: Display: Found up-to-date module file ../../../Engine/Plugins/Editor/AudioCapture/Binaries/Win64/UE4Editor-AudioCapture.dll (API version 3709383).
LogModuleManager: Display: Found up-to-date module file ../../../Engine/Plugins/Editor/FacialAnimation/Binaries/Win64/UE4Editor-FacialAnimation.dll (API version 3709383).
LogModuleManager: Display: Found up-to-date module file ../../../Engine/Plugins/Editor/FacialAnimation/Binaries/Win64/UE4Editor-FacialAnimationEditor.dll (API version 3709383).
LogModuleManager: Display: Found up-to-date module file ../../../Engine/Plugins/Editor/GameplayTagsEditor/Binaries/Win64/UE4Editor-GameplayTagsEditor.dll (API version 3709383).
LogModuleManager: Display: Found up-to-date module file ../../../Engine/Plugins/Editor/MobileLauncherProfileWizard/Binaries/Win64/UE4Editor-MobileLauncherProfileWizard.dll (API version 3709383).
LogModuleManager: Display: Found up-to-date module file ../../../Engine/Plugins/Editor/PluginBrowser/Binaries/Win64/UE4Editor-PluginBrowser.dll (API version 3709383).
LogModuleManager: Display: Found up-to-date module file ../../../Engine/Plugins/Editor/SpeedTreeImporter/Binaries/Win64/UE4Editor-SpeedTreeImporter.dll (API version 3709383).
LogModuleManager: Display: Found up-to-date module file ../../../Engine/Plugins/Experimental/AlembicImporter/Binaries/Win64/UE4Editor-AlembicImporter.dll (API version 3709383).
LogModuleManager: Display: Found up-to-date module file ../../../Engine/Plugins/Experimental/AlembicImporter/Binaries/Win64/UE4Editor-AlembicLibrary.dll (API version 3709383).
LogModuleManager: Display: Found up-to-date module file ../../../Engine/Plugins/Experimental/CharacterAI/Binaries/Win64/UE4Editor-CharacterAI.dll (API version 3709383).
LogModuleManager: Display: Found up-to-date module file ../../../Engine/Plugins/Experimental/HTML5Networking/Binaries/Win64/UE4Editor-HTML5Networking.dll (API version 3709383).
LogModuleManager: Display: Found up-to-date module file ../../../Engine/Plugins/Media/AndroidMedia/Binaries/Win64/UE4Editor-AndroidMediaEditor.dll (API version 3709383).
LogModuleManager: Display: Found up-to-date module file ../../../Engine/Plugins/Media/AndroidMedia/Binaries/Win64/UE4Editor-AndroidMediaFactory.dll (API version 3709383).
LogModuleManager: Display: Found up-to-date module file ../../../Engine/Plugins/Media/AvfMedia/Binaries/Win64/UE4Editor-AvfMediaEditor.dll (API version 3709383).
LogModuleManager: Display: Found up-to-date module file ../../../Engine/Plugins/Media/AvfMedia/Binaries/Win64/UE4Editor-AvfMediaFactory.dll (API version 3709383).
LogModuleManager: Display: Found up-to-date module file ../../../Engine/Plugins/Media/AvfMedia/Binaries/Win64/UE4Editor-AvfMediaFactory.dll (API version 3709383).
LogModuleManager: Display: Found up-to-date module file ../../../Engine/Plugins/Media/ImgMedia/Binaries/Win64/UE4Editor-ImgMedia.dll (API version 3709383).
LogModuleManager: Display: Found up-to-date module file ../../../Engine/Plugins/Media/ImgMedia/Binaries/Win64/UE4Editor-ImgMediaEditor.dll (API version 3709383).
LogModuleManager: Display: Found up-to-date module file ../../../Engine/Plugins/Media/ImgMedia/Binaries/Win64/UE4Editor-ImgMediaFactory.dll (API version 3709383).
LogModuleManager: Display: Found up-to-date module file ../../../Engine/Plugins/Media/ImgMedia/Binaries/Win64/UE4Editor-ImgMediaFactory.dll (API version 3709383).
LogModuleManager: Display: Found up-to-date module file ../../../Engine/Plugins/Media/ImgMedia/Binaries/Win64/UE4Editor-OpenExrWrapper.dll (API version 3709383).
LogModuleManager: Display: Found up-to-date module file ../../../Engine/Plugins/Media/MediaCompositing/Binaries/Win64/UE4Editor-MediaCompositing.dll (API version 3709383).
LogModuleManager: Display: Found up-to-date module file ../../../Engine/Plugins/Media/MediaCompositing/Binaries/Win64/UE4Editor-MediaCompositingEditor.dll (API version 3709383).
LogModuleManager: Display: Found up-to-date module file ../../../Engine/Plugins/Media/MediaPlayerEditor/Binaries/Win64/UE4Editor-MediaPlayerEditor.dll (API version 3709383).
LogModuleManager: Display: Found up-to-date module file ../../../Engine/Plugins/Media/WmfMedia/Binaries/Win64/UE4Editor-WmfMedia.dll (API version 3709383).
LogModuleManager: Display: Found up-to-date module file ../../../Engine/Plugins/Media/WmfMedia/Binaries/Win64/UE4Editor-WmfMediaEditor.dll (API version 3709383).
LogModuleManager: Display: Found up-to-date module file ../../../Engine/Plugins/Media/WmfMedia/Binaries/Win64/UE4Editor-WmfMediaFactory.dll (API version 3709383).
LogModuleManager: Display: Found up-to-date module file ../../../Engine/Plugins/Media/WmfMedia/Binaries/Win64/UE4Editor-WmfMediaFactory.dll (API version 3709383).
LogModuleManager: Display: Found up-to-date module file ../../../Engine/Plugins/Messaging/TcpMessaging/Binaries/Win64/UE4Editor-TcpMessaging.dll (API version 3709383).
LogModuleManager: Display: Found up-to-date module file ../../../Engine/Plugins/Messaging/UdpMessaging/Binaries/Win64/UE4Editor-UdpMessaging.dll (API version 3709383).
LogModuleManager: Display: Found up-to-date module file ../../../Engine/Plugins/MovieScene/ActorSequence/Binaries/Win64/UE4Editor-ActorSequence.dll (API version 3709383).
LogModuleManager: Display: Found up-to-date module file ../../../Engine/Plugins/MovieScene/LevelSequenceEditor/Binaries/Win64/UE4Editor-LevelSequenceEditor.dll (API version 3709383).
LogModuleManager: Display: Found up-to-date module file ../../../Engine/Plugins/MovieScene/MatineeToLevelSequence/Binaries/Win64/UE4Editor-MatineeToLevelSequence.dll (API version 3709383).
LogModuleManager: Display: Found up-to-date module file ../../../Engine/Plugins/Online/OnlineSubsystem/Binaries/Win64/UE4Editor-OnlineSubsystem.dll (API version 3709383).
LogModuleManager: Display: Found up-to-date module file ../../../Engine/Plugins/Runtime/AndroidPermission/Binaries/Win64/UE4Editor-AndroidPermission.dll (API version 3709383).
LogModuleManager: Display: Found up-to-date module file ../../../Engine/Plugins/Online/OnlineSubsystemNull/Binaries/Win64/UE4Editor-OnlineSubsystemNull.dll (API version 3709383).
LogModuleManager: Display: Found up-to-date module file ../../../Engine/Plugins/Online/OnlineSubsystemUtils/Binaries/Win64/UE4Editor-OnlineSubsystemUtils.dll (API version 3709383).
LogModuleManager: Display: Found up-to-date module file ../../../Engine/Plugins/Online/OnlineSubsystemUtils/Binaries/Win64/UE4Editor-OnlineBlueprintSupport.dll (API version 3709383).
LogModuleManager: Display: Found up-to-date module file ../../../Engine/Plugins/Runtime/AndroidDeviceProfileSelector/Binaries/Win64/UE4Editor-AndroidDeviceProfileSelector.dll (API version 3709383).
LogModuleManager: Display: Found up-to-date module file ../../../Engine/Plugins/Runtime/AppleARKit/Binaries/Win64/UE4Editor-AppleARKit.dll (API version 3709383).
LogModuleManager: Display: Found up-to-date module file ../../../Engine/Plugins/Runtime/ArchVisCharacter/Binaries/Win64/UE4Editor-ArchVisCharacter.dll (API version 3709383).
LogModuleManager: Display: Found up-to-date module file ../../../Engine/Plugins/Runtime/CableComponent/Binaries/Win64/UE4Editor-CableComponent.dll (API version 3709383).
LogModuleManager: Display: Found up-to-date module file ../../../Engine/Plugins/Runtime/CustomMeshComponent/Binaries/Win64/UE4Editor-CustomMeshComponent.dll (API version 3709383).
LogModuleManager: Display: Found up-to-date module file ../../../Engine/Plugins/Runtime/ExampleDeviceProfileSelector/Binaries/Win64/UE4Editor-ExampleDeviceProfileSelector.dll (API version 3709383).
LogModuleManager: Display: Found up-to-date module file ../../../Engine/Plugins/Runtime/ImmediatePhysics/Binaries/Win64/UE4Editor-ImmediatePhysics.dll (API version 3709383).
LogModuleManager: Display: Found up-to-date module file ../../../Engine/Plugins/Runtime/ImmediatePhysics/Binaries/Win64/UE4Editor-ImmediatePhysicsEditor.dll (API version 3709383).
LogModuleManager: Display: Found up-to-date module file ../../../Engine/Plugins/Runtime/LocationServicesBPLibrary/Binaries/Win64/UE4Editor-LocationServicesBPLibrary.dll (API version 3709383).
LogModuleManager: Display: Found up-to-date module file ../../../Engine/Plugins/Runtime/MobilePatchingUtils/Binaries/Win64/UE4Editor-MobilePatchingUtils.dll (API version 3709383).
LogModuleManager: Display: Found up-to-date module file ../../../Engine/Plugins/Runtime/Oculus/OculusVR/Binaries/Win64/UE4Editor-OculusHMD.dll (API version 3709383).
LogModuleManager: Display: Found up-to-date module file ../../../Engine/Plugins/Runtime/Oculus/OculusVR/Binaries/Win64/UE4Editor-OculusInput.dll (API version 3709383).
LogModuleManager: Display: Found up-to-date module file ../../../Engine/Plugins/Runtime/Oculus/OculusVR/Binaries/Win64/UE4Editor-OculusEditor.dll (API version 3709383).
LogModuleManager: Display: Found up-to-date module file ../../../Engine/Plugins/Runtime/PhysXVehicles/Binaries/Win64/UE4Editor-PhysXVehicles.dll (API version 3709383).
LogModuleManager: Display: Found up-to-date module file ../../../Engine/Plugins/Runtime/PhysXVehicles/Binaries/Win64/UE4Editor-PhysXVehiclesEditor.dll (API version 3709383).
LogModuleManager: Display: Found up-to-date module file ../../../Engine/Plugins/Runtime/ProceduralMeshComponent/Binaries/Win64/UE4Editor-ProceduralMeshComponent.dll (API version 3709383).
LogModuleManager: Display: Found up-to-date module file ../../../Engine/Plugins/Runtime/ProceduralMeshComponent/Binaries/Win64/UE4Editor-ProceduralMeshComponentEditor.dll (API version 3709383).
LogModuleManager: Display: Found up-to-date module file ../../../Engine/Plugins/Runtime/RuntimePhysXCooking/Binaries/Win64/UE4Editor-RuntimePhysXCooking.dll (API version 3709383).
LogModuleManager: Display: Found up-to-date module file ../../../Engine/Plugins/Runtime/Steam/SteamVR/Binaries/Win64/UE4Editor-SteamVR.dll (API version 3709383).
LogModuleManager: Display: Found up-to-date module file ../../../Engine/Plugins/Runtime/Steam/SteamVR/Binaries/Win64/UE4Editor-SteamVRController.dll (API version 3709383).
LogModuleManager: Display: Found up-to-date module file ../../../Engine/Plugins/Runtime/WindowsMoviePlayer/Binaries/Win64/UE4Editor-WindowsMoviePlayer.dll (API version 3709383).
LogPluginManager: Mounting plugin Paper2D
LogPluginManager: Mounting plugin LightPropagationVolume
LogPluginManager: Mounting plugin CodeLiteSourceCodeAccess
LogPluginManager: Mounting plugin GitSourceControl
LogPluginManager: Mounting plugin KDevelopSourceCodeAccess
LogPluginManager: Mounting plugin NullSourceCodeAccess
LogPluginManager: Mounting plugin PerforceSourceControl
LogPluginManager: Mounting plugin SubversionSourceControl
LogPluginManager: Mounting plugin UObjectPlugin
LogPluginManager: Mounting plugin VisualStudioCodeSourceCodeAccess
LogPluginManager: Mounting plugin VisualStudioSourceCodeAccess
LogPluginManager: Mounting plugin XCodeSourceCodeAccess
LogPluginManager: Mounting plugin AssetManagerEditor
LogPluginManager: Mounting plugin AudioCapture
LogPluginManager: Mounting plugin FacialAnimation
LogPluginManager: Mounting plugin GameplayTagsEditor
LogPluginManager: Mounting plugin MobileLauncherProfileWizard
LogPluginManager: Mounting plugin PluginBrowser
LogPluginManager: Mounting plugin SpeedTreeImporter
LogPluginManager: Mounting plugin AlembicImporter
LogPluginManager: Mounting plugin CharacterAI
LogPluginManager: Mounting plugin HTML5Networking
LogPluginManager: Mounting plugin AndroidMedia
LogPluginManager: Mounting plugin AvfMedia
LogPluginManager: Mounting plugin ImgMedia
LogPluginManager: Mounting plugin MediaCompositing
LogPluginManager: Mounting plugin MediaPlayerEditor
LogPluginManager: Mounting plugin WmfMedia
LogPluginManager: Mounting plugin TcpMessaging
LogPluginManager: Mounting plugin UdpMessaging
LogPluginManager: Mounting plugin ActorSequence
LogPluginManager: Mounting plugin LevelSequenceEditor
LogPluginManager: Mounting plugin MatineeToLevelSequence
LogPluginManager: Mounting plugin OnlineSubsystemGooglePlay
LogPluginManager: Mounting plugin OnlineSubsystemIOS
LogPluginManager: Mounting plugin OnlineSubsystem
LogPluginManager: Mounting plugin OnlineSubsystemNull
LogPluginManager: Mounting plugin OnlineSubsystemUtils
LogPluginManager: Mounting plugin AndroidDeviceProfileSelector
LogPluginManager: Mounting plugin AndroidMoviePlayer
LogPluginManager: Mounting plugin AndroidPermission
LogPluginManager: Mounting plugin AppleARKit
LogPluginManager: Mounting plugin AppleMoviePlayer
LogPluginManager: Mounting plugin ArchVisCharacter
LogPluginManager: Mounting plugin CableComponent
LogPluginManager: Mounting plugin CustomMeshComponent
LogPluginManager: Mounting plugin ExampleDeviceProfileSelector
LogPluginManager: Mounting plugin GoogleCloudMessaging
LogPluginManager: Mounting plugin ImmediatePhysics
LogPluginManager: Mounting plugin IOSDeviceProfileSelector
LogPluginManager: Mounting plugin LinuxDeviceProfileSelector
LogPluginManager: Mounting plugin LocationServicesBPLibrary
LogPluginManager: Mounting plugin MobilePatchingUtils
LogPluginManager: Mounting plugin OculusVR
LogPluginManager: Plugin shader directory ../../../Engine/Plugins/Runtime/Oculus/OculusVR/Shaders found
LogPluginManager: Mapping shader source directory ../../../Engine/Plugins/Runtime/Oculus/OculusVR/Shaders to virtual directory /Plugin/OculusVR
LogPluginManager: Mounting plugin PhysXVehicles
LogPluginManager: Mounting plugin ProceduralMeshComponent
LogPluginManager: Mounting plugin RuntimePhysXCooking
LogPluginManager: Mounting plugin SteamVR
LogPluginManager: Mounting plugin WindowsMoviePlayer
LogInit: Using libcurl 7.47.1
LogInit:  - built for x86_64-pc-win32
LogInit:  - supports SSL with OpenSSL/1.0.2g
LogInit:  - supports HTTP deflate (compression) using libz 1.2.8
LogInit:  - other features:
LogInit:      CURL_VERSION_SSL
LogInit:      CURL_VERSION_LIBZ
LogInit:      CURL_VERSION_IPV6
LogInit:      CURL_VERSION_ASYNCHDNS
LogInit:      CURL_VERSION_LARGEFILE
LogInit:      CURL_VERSION_IDN
LogInit:  CurlRequestOptions (configurable via config and command line):
LogInit:  - bVerifyPeer = false  - Libcurl will NOT verify peer certificate
LogInit:  - bUseHttpProxy = false  - Libcurl will NOT use HTTP proxy
LogInit:  - bDontReuseConnections = false  - Libcurl will reuse connections
LogInit:  - CertBundlePath = nullptr  - Libcurl will use whatever was configured at build time.
LogInit: Build: ++UE4+Release-4.18-CL-3832480
LogInit: Engine Version: 4.18.3-3832480+++UE4+Release-4.18
LogInit: Compatible Engine Version: 4.18.0-3709383+++UE4+Release-4.18
LogInit: Net CL: 3709383
LogDevObjectVersion: Number of dev versions registered: 16
LogDevObjectVersion:   Dev-Blueprints (B0D832E4-1F89-4F0D-ACCF-7EB736FD4AA2): 10
LogDevObjectVersion:   Dev-Build (E1C64328-A22C-4D53-A36C-8E866417BD8C): 0
LogDevObjectVersion:   Dev-Core (375EC13C-06E4-48FB-B500-84F0262A717E): 2
LogDevObjectVersion:   Dev-Editor (E4B068ED-F494-42E9-A231-DA0B2E46BB41): 20
LogDevObjectVersion:   Dev-Framework (CFFC743F-43B0-4480-9391-14DF171D2073): 30
LogDevObjectVersion:   Dev-Mobile (B02B49B5-BB20-44E9-A304-32B752E40360): 0
LogDevObjectVersion:   Dev-Networking (A4E4105C-59A1-49B5-A7C5-40C4547EDFEE): 0
LogDevObjectVersion:   Dev-Online (39C831C9-5AE6-47DC-9A44-9C173E1C8E7C): 0
LogDevObjectVersion:   Dev-Physics (78F01B33-EBEA-4F98-B9B4-84EACCB95AA2): 0
LogDevObjectVersion:   Dev-Platform (6631380F-2D4D-43E0-8009-CF276956A95A): 0
LogDevObjectVersion:   Dev-Rendering (12F88B9F-8875-4AFC-A67C-D90C383ABD29): 20
LogDevObjectVersion:   Dev-Sequencer (7B5AE74C-D270-4C10-A958-57980B212A5A): 4
LogDevObjectVersion:   Dev-VR (D7296918-1DD6-4BDD-9DE2-64A83CC13884): 0
LogDevObjectVersion:   Dev-LoadTimes (C2A15278-BFE7-4AFE-6C17-90FF531DF755): 1
LogDevObjectVersion:   Private-Geometry (6EACA3D4-40EC-4CC1-B786-8BED09428FC5): 1
LogDevObjectVersion:   Dev-AnimPhys (29E575DD-E0A3-4627-9D10-D276232CDCEA): 12
LogInit: Compiled (64-bit): Jan 12 2018 02:04:55
LogInit: Compiled with Visual C++: 19.00.24215.01
LogInit: Build Configuration: Development
LogInit: Branch Name: ++UE4+Release-4.18
LogInit: Command line:  
LogInit: Base directory: C:/Program Files/Epic Games/UE_4.18/Engine/Binaries/Win64/
LogInit: Installed Engine Build: 1
LogInit: Presizing for max 8388607 objects, including 0 objects not considered by GC, pre-allocating 0 bytes for permanent pool.
LogInit: Object subsystem initialized
[2018.04.07-07.26.46:473][  0]LogInit: Selected Device Profile: [Windows]
[2018.04.07-07.26.46:473][  0]LogInit: Applying CVar settings loaded from the selected device profile: [Windows]
[2018.04.07-07.26.46:488][  0]LogInit: Computer: DESKTOP-2QNA1SC
[2018.04.07-07.26.46:488][  0]LogInit: User: darkm
[2018.04.07-07.26.46:488][  0]LogInit: CPU Page size=4096, Cores=4
[2018.04.07-07.26.46:488][  0]LogInit: High frequency timer resolution =1.945315 MHz
[2018.04.07-07.26.46:489][  0]LogMemory: Memory total: Physical=15.9GB (16GB approx)
[2018.04.07-07.26.46:489][  0]LogMemory: Platform Memory Stats for Windows
[2018.04.07-07.26.46:489][  0]LogMemory: Process Physical Memory: 273.27 MB used, 273.27 MB peak
[2018.04.07-07.26.46:489][  0]LogMemory: Process Virtual Memory: 273.88 MB used, 273.88 MB peak
[2018.04.07-07.26.46:489][  0]LogMemory: Physical Memory: 7033.56 MB used,  9266.04 MB free, 16299.60 MB total
[2018.04.07-07.26.46:489][  0]LogMemory: Virtual Memory: 686.23 MB used,  9266.04 MB free, 134217728.00 MB total
[2018.04.07-07.26.46:824][  0]LogInit: Using OS detected language (en-US).
[2018.04.07-07.26.46:824][  0]LogInit: Using OS detected locale (en-US).
[2018.04.07-07.26.46:828][  0]LogTextLocalizationManager: No specific localization for 'en-US' exists, so the 'en' localization will be used.
[2018.04.07-07.26.47:261][  0]LogInit: Setting process to per monitor DPI aware
[2018.04.07-07.26.47:599][  0]LogD3D11RHI: D3D11 adapters:
[2018.04.07-07.26.49:029][  0]LogD3D11RHI:    0. 'Radeon 500 Series' (Feature Level 11_0)
[2018.04.07-07.26.49:029][  0]LogD3D11RHI:       1995/0/8149 MB DedicatedVideo/DedicatedSystem/SharedSystem, Outputs:1, VendorId:0x1002
[2018.04.07-07.26.49:216][  0]LogD3D11RHI:    1. 'Intel(R) UHD Graphics 620' (Feature Level 11_0)
[2018.04.07-07.26.49:216][  0]LogD3D11RHI:       128/0/8149 MB DedicatedVideo/DedicatedSystem/SharedSystem, Outputs:0, VendorId:0x8086
[2018.04.07-07.26.49:218][  0]LogD3D11RHI:    2. 'Microsoft Basic Render Driver' (Feature Level 11_0)
[2018.04.07-07.26.49:218][  0]LogD3D11RHI:       0/0/8149 MB DedicatedVideo/DedicatedSystem/SharedSystem, Outputs:0, VendorId:0x1414
[2018.04.07-07.26.49:218][  0]LogD3D11RHI: Chosen D3D11 Adapter: 0
[2018.04.07-07.26.49:226][  0]LogD3D11RHI: Creating new Direct3DDevice
[2018.04.07-07.26.49:227][  0]LogD3D11RHI:     GPU DeviceId: 0x699f (for the marketing name, search the web for "GPU Device Id")
[2018.04.07-07.26.49:227][  0]LogWindows: EnumDisplayDevices:
[2018.04.07-07.26.49:227][  0]LogWindows:    0. 'Intel(R) UHD Graphics 620' (P:1 D:1)
[2018.04.07-07.26.49:227][  0]LogWindows:    1. 'Intel(R) UHD Graphics 620' (P:0 D:0)
[2018.04.07-07.26.49:227][  0]LogWindows:    2. 'Intel(R) UHD Graphics 620' (P:0 D:0)
[2018.04.07-07.26.49:227][  0]LogWindows:    3. 'Radeon 500 Series' (P:0 D:0)
[2018.04.07-07.26.49:227][  0]LogWindows:    4. 'Radeon 500 Series' (P:0 D:0)
[2018.04.07-07.26.49:228][  0]LogWindows:    5. 'Radeon 500 Series' (P:0 D:0)
[2018.04.07-07.26.49:228][  0]LogWindows:    6. 'Radeon 500 Series' (P:0 D:0)
[2018.04.07-07.26.49:228][  0]LogWindows:    7. 'Radeon 500 Series' (P:0 D:0)
[2018.04.07-07.26.49:228][  0]LogWindows:    8. 'Radeon 500 Series' (P:0 D:0)
[2018.04.07-07.26.49:229][  0]LogWindows:    9. 'Radeon 500 Series' (P:0 D:0)
[2018.04.07-07.26.49:230][  0]LogWindows:    10. 'Radeon 500 Series' (P:0 D:0)
[2018.04.07-07.26.49:230][  0]LogWindows:    11. 'Radeon 500 Series' (P:0 D:0)
[2018.04.07-07.26.49:230][  0]LogWindows:    12. 'Radeon 500 Series' (P:0 D:0)
[2018.04.07-07.26.49:230][  0]LogWindows:    13. 'Radeon 500 Series' (P:0 D:0)
[2018.04.07-07.26.49:230][  0]LogWindows:    14. 'Radeon 500 Series' (P:0 D:0)
[2018.04.07-07.26.49:230][  0]LogWindows:    15. 'Radeon 500 Series' (P:0 D:0)
[2018.04.07-07.26.49:231][  0]LogWindows:    16. 'Radeon 500 Series' (P:0 D:0)
[2018.04.07-07.26.49:231][  0]LogWindows:    17. 'Radeon 500 Series' (P:0 D:0)
[2018.04.07-07.26.49:231][  0]LogWindows:    18. 'Radeon 500 Series' (P:0 D:0)
[2018.04.07-07.26.49:231][  0]LogWindows: DebugString: GetVideoDriverDetailsInvalid PrimaryIsNotTheChoosenAdapter GetVideoDriverDetailsInvalid PrimaryIsNotTheChoosenAdapter GetVideoDriverDetailsInvalid PrimaryIsNotTheChoosenAdapter GetVideoDriverDetailsInvalid PrimaryIsNotTheChoosenAdapter GetVideoDriverDetailsInvalid PrimaryIsNotTheChoosenAdapter GetVideoDriverDetailsInvalid PrimaryIsNotTheChoosenAdapter GetVideoDriverDetailsInvalid PrimaryIsNotTheChoosenAdapter GetVideoDriverDetailsInvalid PrimaryIsNotTheChoosenAdapter GetVideoDriverDetailsInvalid PrimaryIsNotTheChoosenAdapter GetVideoDriverDetailsInvalid PrimaryIsNotTheChoosenAdapter GetVideoDriverDetailsInvalid PrimaryIsNotTheChoosenAdapter GetVideoDriverDetailsInvalid PrimaryIsNotTheChoosenAdapter GetVideoDriverDetailsInvalid PrimaryIsNotTheChoosenAdapter GetVideoDriverDetailsInvalid PrimaryIsNotTheChoosenAdapter GetVideoDriverDetailsInvalid PrimaryIsNotTheChoosenAdapter GetVideoDriverDetailsInvalid PrimaryIsNotTheChoosenAdapter GetVideoDriverDetailsInvalid PrimaryIsNotTheChoosenAdapter GetVideoDriverDetailsInvalid PrimaryIsNotTheChoosenAdapter GetVideoDriverDetailsInvalid PrimaryIsNotTheChoosenAdapter FoundDriverCount:0 
[2018.04.07-07.26.49:231][  0]LogD3D11RHI:     Adapter Name: Radeon 500 Series
[2018.04.07-07.26.49:231][  0]LogD3D11RHI:   Driver Version: Unknown (internal:Unknown, unified:Unknown)
[2018.04.07-07.26.49:231][  0]LogD3D11RHI:      Driver Date: Unknown
[2018.04.07-07.26.49:231][  0]LogRHI: Texture pool is 1396 MB (70% of 1995 MB)
[2018.04.07-07.26.49:309][  0]LogD3D11RHI: Async texture creation enabled
[2018.04.07-07.26.49:322][  0]LogD3D11RHI: GPU Timing Frequency: 25.000000 (Debug: 2 1)
[2018.04.07-07.26.49:323][  0]LogShaderCompilers: Guid format shader working directory is -21 characters bigger than the processId version (../../../../../../Users/darkm/Documents/GitHub/SushiShop/SushiShop/Intermediate/Shaders/WorkingDirectory/31168/).
[2018.04.07-07.26.49:323][  0]LogShaderCompilers: Cleaned the shader compiler working directory 'C:/Users/darkm/AppData/Local/Temp/UnrealShaderWorkingDir/9601AF85445DFFA0927BF4B6CBA0F6CD/'.
[2018.04.07-07.26.49:323][  0]LogShaderCompilers: Display: Using Local Shader Compiler.
[2018.04.07-07.26.50:474][  0]LogTemp: Display: Loaded TP AllDesktopTargetPlatform
[2018.04.07-07.26.50:560][  0]LogTemp: Display: Loaded TP MacClientTargetPlatform
[2018.04.07-07.26.50:643][  0]LogTemp: Display: Loaded TP MacNoEditorTargetPlatform
[2018.04.07-07.26.50:733][  0]LogTemp: Display: Loaded TP MacServerTargetPlatform
[2018.04.07-07.26.50:838][  0]LogTemp: Display: Loaded TP MacTargetPlatform
[2018.04.07-07.26.50:937][  0]LogTemp: Display: Loaded TP WindowsClientTargetPlatform
[2018.04.07-07.26.51:036][  0]LogTemp: Display: Loaded TP WindowsNoEditorTargetPlatform
[2018.04.07-07.26.51:150][  0]LogTemp: Display: Loaded TP WindowsServerTargetPlatform
[2018.04.07-07.26.51:250][  0]LogTemp: Display: Loaded TP WindowsTargetPlatform
[2018.04.07-07.26.51:359][  0]LogTemp: Display: Loaded TP Android_ASTCTargetPlatform
[2018.04.07-07.26.51:473][  0]LogTemp: Display: Loaded TP Android_ATCTargetPlatform
[2018.04.07-07.26.51:586][  0]LogTemp: Display: Loaded TP Android_DXTTargetPlatform
[2018.04.07-07.26.51:682][  0]LogTemp: Display: Loaded TP Android_ETC1TargetPlatform
[2018.04.07-07.26.51:779][  0]LogTemp: Display: Loaded TP Android_ETC2TargetPlatform
[2018.04.07-07.26.51:966][  0]LogTemp: Display: Loaded TP Android_MultiTargetPlatform
[2018.04.07-07.26.51:966][  0]LogTemp: Display: Loaded TP Android_PVRTCTargetPlatform
[2018.04.07-07.26.52:069][  0]LogTemp: Display: Loaded TP AndroidTargetPlatform
[2018.04.07-07.26.52:154][  0]LogTemp: Display: Loaded TP HTML5TargetPlatform
[2018.04.07-07.26.52:351][  0]LogTemp: Display: Loaded TP IOSTargetPlatform
[2018.04.07-07.26.52:402][  0]LogTemp: Display: Loaded TP TVOSTargetPlatform
[2018.04.07-07.26.52:487][  0]LogTemp: Display: Loaded TP LinuxClientTargetPlatform
[2018.04.07-07.26.52:568][  0]LogTemp: Display: Loaded TP LinuxNoEditorTargetPlatform
[2018.04.07-07.26.52:649][  0]LogTemp: Display: Loaded TP LinuxServerTargetPlatform
[2018.04.07-07.26.52:728][  0]LogTemp: Display: Loaded TP LinuxTargetPlatform
[2018.04.07-07.26.52:728][  0]LogTargetPlatformManager: Display: Building Assets For Windows
[2018.04.07-07.26.53:605][  0]LogDerivedDataCache: Display: Max Cache Size: 512 MB
[2018.04.07-07.26.53:672][  0]LogDerivedDataCache: Loaded boot cache 0.07s 83MB C:/Users/darkm/AppData/Local/UnrealEngine/4.18/DerivedDataCache/Boot.ddc.
[2018.04.07-07.26.53:672][  0]LogDerivedDataCache: Display: Loaded Boot cache: C:/Users/darkm/AppData/Local/UnrealEngine/4.18/DerivedDataCache/Boot.ddc
[2018.04.07-07.26.53:672][  0]LogDerivedDataCache: FDerivedDataBackendGraph:  Pak pak cache file ../../../../../../Users/darkm/Documents/GitHub/SushiShop/SushiShop/DerivedDataCache/DDC.ddp not found, will not use a pak cache.
[2018.04.07-07.26.53:672][  0]LogDerivedDataCache: Unable to find inner node Pak for hierarchical cache Hierarchy.
[2018.04.07-07.26.53:672][  0]LogDerivedDataCache: FDerivedDataBackendGraph:  CompressedPak pak cache file ../../../../../../Users/darkm/Documents/GitHub/SushiShop/SushiShop/DerivedDataCache/Compressed.ddp not found, will not use a pak cache.
[2018.04.07-07.26.53:672][  0]LogDerivedDataCache: Unable to find inner node CompressedPak for hierarchical cache Hierarchy.
[2018.04.07-07.26.53:686][  0]LogDerivedDataCache: Display: Pak cache opened for reading ../../../Engine/DerivedDataCache/Compressed.ddp.
[2018.04.07-07.26.53:700][  0]LogDerivedDataCache: Using Local data cache path C:/Users/darkm/AppData/Local/UnrealEngine/Common/DerivedDataCache: Writable
[2018.04.07-07.26.53:710][  0]LogMaterial: Verifying Global Shaders for PCD3D_SM5
[2018.04.07-07.26.53:710][  0]LogSlate: Using Freetype 2.6.0
[2018.04.07-07.26.53:711][  0]LogSlate: SlateFontCache - WITH_FREETYPE: 1, WITH_HARFBUZZ: 1
[2018.04.07-07.26.53:711][  0]LogSlate: SlateFontCache - WITH_FREETYPE: 1, WITH_HARFBUZZ: 1
[2018.04.07-07.26.54:050][  0]LogInit: Selected Device Profile: [Windows]
[2018.04.07-07.26.54:575][  0]LogSimplygon: Simplygon DLL not present - disabling.
[2018.04.07-07.26.54:634][  0]LogMeshReduction: Using SimplygonSwarm for distributed automatic mesh merging
[2018.04.07-07.26.54:634][  0]LogMeshReduction: Using QuadricMeshReduction for automatic static mesh reduction
[2018.04.07-07.26.54:634][  0]LogMeshReduction: No automatic skeletal mesh reduction module available
[2018.04.07-07.26.54:635][  0]LogMeshReduction: No automatic mesh merging module available
[2018.04.07-07.26.54:635][  0]LogMeshMerging: No automatic mesh merging module available
[2018.04.07-07.26.54:662][  0]LogNetVersion: SushiShop , NetCL: 3709383, EngineNetVer: 2, GameNetVer: 0 (Checksum: 2343829258)
[2018.04.07-07.26.54:844][  0]LogAssetRegistry: FAssetRegistry took 0.0264 seconds to start up
[2018.04.07-07.26.55:485][  0]LogPackageLocalizationCache: Processed 7 localized package path(s) for 2 prioritized culture(s) in 0.116838 seconds
[2018.04.07-07.26.55:491][  0]LogUObjectArray: 35870 objects as part of root set at end of initial load.
[2018.04.07-07.26.55:491][  0]LogUObjectAllocator: 7363696 out of 0 bytes used by permanent object pool.
[2018.04.07-07.26.55:491][  0]LogUObjectArray: CloseDisregardForGC: 0/0 objects in disregard for GC pool
[2018.04.07-07.26.55:597][  0]LogInit: WinSock: version 1.1 (2.2), MaxSocks=32767, MaxUdp=65467
[2018.04.07-07.27.01:794][  0]LogTcpMessaging: Initializing TcpMessaging bridge
[2018.04.07-07.27.01:850][  0]LogUdpMessaging: Initializing bridge on interface 0.0.0.0:0 to multicast group 230.0.0.1:6666.
[2018.04.07-07.27.02:742][  0]LogMaterial: Missing cached shader map for material BaseColor, compiling. 
[2018.04.07-07.27.02:742][  0]LogMaterial: Warning: C:\Program Files\Epic Games\UE_4.18\Engine\Content\BufferVisualization\BaseColor.uasset: Failed to compile Material for platform PCD3D_SM5, Default Material will be used in game.
[2018.04.07-07.27.02:742][  0]LogMaterial: 	(Node SceneTexture) GBuffer scene textures not available with forward shading.
[2018.04.07-07.27.02:764][  0]LogMaterial: Uniform references updated for custom material expression Custom.
[2018.04.07-07.27.02:773][  0]LogMaterial: Missing cached shader map for material LightingModel, compiling. 
[2018.04.07-07.27.02:773][  0]LogMaterial: Warning: C:\Program Files\Epic Games\UE_4.18\Engine\Content\BufferVisualization\LightingModel.uasset: Failed to compile Material for platform PCD3D_SM5, Default Material will be used in game.
[2018.04.07-07.27.02:773][  0]LogMaterial: 	(Node SceneTexture) GBuffer scene textures not available with forward shading.
[2018.04.07-07.27.02:776][  0]LogMaterial: Missing cached shader map for material MaterialAO, compiling. 
[2018.04.07-07.27.02:776][  0]LogMaterial: Warning: C:\Program Files\Epic Games\UE_4.18\Engine\Content\BufferVisualization\MaterialAO.uasset: Failed to compile Material for platform PCD3D_SM5, Default Material will be used in game.
[2018.04.07-07.27.02:776][  0]LogMaterial: 	(Node SceneTexture) GBuffer scene textures not available with forward shading.
[2018.04.07-07.27.02:779][  0]LogMaterial: Missing cached shader map for material Metallic, compiling. 
[2018.04.07-07.27.02:779][  0]LogMaterial: Warning: C:\Program Files\Epic Games\UE_4.18\Engine\Content\BufferVisualization\Metallic.uasset: Failed to compile Material for platform PCD3D_SM5, Default Material will be used in game.
[2018.04.07-07.27.02:779][  0]LogMaterial: 	(Node SceneTexture) GBuffer scene textures not available with forward shading.
[2018.04.07-07.27.02:781][  0]LogMaterial: Missing cached shader map for material Opacity, compiling. 
[2018.04.07-07.27.02:782][  0]LogMaterial: Warning: C:\Program Files\Epic Games\UE_4.18\Engine\Content\BufferVisualization\Opacity.uasset: Failed to compile Material for platform PCD3D_SM5, Default Material will be used in game.
[2018.04.07-07.27.02:782][  0]LogMaterial: 	(Node SceneTexture) GBuffer scene textures not available with forward shading.
[2018.04.07-07.27.02:786][  0]LogMaterial: Missing cached shader map for material Roughness, compiling. 
[2018.04.07-07.27.02:786][  0]LogMaterial: Warning: C:\Program Files\Epic Games\UE_4.18\Engine\Content\BufferVisualization\Roughness.uasset: Failed to compile Material for platform PCD3D_SM5, Default Material will be used in game.
[2018.04.07-07.27.02:786][  0]LogMaterial: 	(Node SceneTexture) GBuffer scene textures not available with forward shading.
[2018.04.07-07.27.02:803][  0]LogMaterial: Missing cached shader map for material Specular, compiling. 
[2018.04.07-07.27.02:803][  0]LogMaterial: Warning: C:\Program Files\Epic Games\UE_4.18\Engine\Content\BufferVisualization\Specular.uasset: Failed to compile Material for platform PCD3D_SM5, Default Material will be used in game.
[2018.04.07-07.27.02:803][  0]LogMaterial: 	(Node SceneTexture) GBuffer scene textures not available with forward shading.
[2018.04.07-07.27.02:806][  0]LogMaterial: Missing cached shader map for material SubsurfaceColor, compiling. 
[2018.04.07-07.27.02:806][  0]LogMaterial: Warning: C:\Program Files\Epic Games\UE_4.18\Engine\Content\BufferVisualization\SubsurfaceColor.uasset: Failed to compile Material for platform PCD3D_SM5, Default Material will be used in game.
[2018.04.07-07.27.02:806][  0]LogMaterial: 	(Node SceneTexture) GBuffer scene textures not available with forward shading.
[2018.04.07-07.27.02:808][  0]LogMaterial: Missing cached shader map for material WorldNormal, compiling. 
[2018.04.07-07.27.02:808][  0]LogMaterial: Warning: C:\Program Files\Epic Games\UE_4.18\Engine\Content\BufferVisualization\WorldNormal.uasset: Failed to compile Material for platform PCD3D_SM5, Default Material will be used in game.
[2018.04.07-07.27.02:808][  0]LogMaterial: 	(Node SceneTexture) GBuffer scene textures not available with forward shading.
[2018.04.07-07.27.03:290][  0]SourceControl: Source control is disabled
[2018.04.07-07.27.03:290][  0]SourceControl: Source control is disabled
[2018.04.07-07.27.03:372][  0]SourceControl: Source control is disabled
[2018.04.07-07.27.03:456][  0]SourceControl: Source control is disabled
[2018.04.07-07.27.04:596][  0]LogAndroidPermission: UAndroidPermissionCallbackProxy::GetInstance
[2018.04.07-07.27.04:957][  0]LogOcInput: OculusInput pre-init called
[2018.04.07-07.27.05:325][  0]LogEngine: Initializing Engine...
[2018.04.07-07.27.05:327][  0]LogHMD: Failed to initialize OpenVR with code 110
[2018.04.07-07.27.05:530][  0]LogStats: UGameplayTagsManager::ConstructGameplayTagTree: Construct from data asset -  0.000 s
[2018.04.07-07.27.05:530][  0]LogStats: UGameplayTagsManager::ConstructGameplayTagTree: GameplayTagTreeChangedEvent.Broadcast -  0.000 s
[2018.04.07-07.27.05:700][  0]LogAIModule: Creating AISystem for world Untitled
[2018.04.07-07.27.05:724][  0]LogInit: XAudio2 using 'Speakers (Realtek High Definition Audio(SST))' : 2 channels at 48 kHz using 32 bits per sample (channel mask 0x3)
[2018.04.07-07.27.06:489][  0]LogInit: FAudioDevice initialized.
[2018.04.07-07.27.06:590][  0]LogDerivedDataCache: Saved boot cache 0.10s 83MB C:/Users/darkm/AppData/Local/UnrealEngine/4.18/DerivedDataCache/Boot.ddc.
[2018.04.07-07.27.06:601][  0]LogInit: Texture streaming: Enabled
[2018.04.07-07.27.06:762][  0]LogEngineSessionManager: EngineSessionManager initialized
[2018.04.07-07.27.06:926][  0]LogInit: Transaction tracking system initialized
[2018.04.07-07.27.07:350][  0]BlueprintLog: New page: Editor Load
[2018.04.07-07.27.08:653][  0]LocalizationService: Localization service is disabled
[2018.04.07-07.27.09:708][  0]LogConsoleResponse: Display: 
[2018.04.07-07.27.09:912][  0]LogCook: Display: Max memory allowance for cook 16384mb min free memory 0mb
[2018.04.07-07.27.09:912][  0]LogCook: Display: Mobile HDR setting 1
[2018.04.07-07.27.09:912][  0]LogGameplayTags: Display: UGameplayTagsManager::DoneAddingNativeTags. DelegateIsBound: 0
[2018.04.07-07.27.10:650][  0]LogFileCache: Scanning file cache for directory 'C:/Users/darkm/Documents/GitHub/SushiShop/SushiShop/Content/' took 0.03s
[2018.04.07-07.27.11:589][  0]SourceControl: Source control is disabled
[2018.04.07-07.27.11:590][  0]Cmd: MAP LOAD FILE="../../../../../../Users/darkm/Documents/GitHub/SushiShop/SushiShop/Content/VirtualRealityBP/Maps/StartupMap.umap" TEMPLATE=0 SHOWPROGRESS=1 FEATURELEVEL=3
[2018.04.07-07.27.11:590][  0]LightingResults: New page: Lighting Build
[2018.04.07-07.27.11:647][  0]MapCheck: New page: Map Check
[2018.04.07-07.27.11:647][  0]LightingResults: New page: Lighting Build
[2018.04.07-07.27.11:775][  0]LogAIModule: Creating AISystem for world StartupMap
[2018.04.07-07.27.11:781][  0]LogEditorServer: Finished looking for orphan Actors (0.000 secs)
[2018.04.07-07.27.11:790][  0]Cmd: MAP CHECKDEP NOCLEARLOG
[2018.04.07-07.27.11:855][  0]MapCheck: Map check complete: 0 Error(s), 0 Warning(s), took 64.437ms to complete.
[2018.04.07-07.27.11:855][  0]LogFileHelpers: Loading map 'StartupMap' took 0.266
[2018.04.07-07.27.12:131][  0]LogCollectionManager: Loaded 0 collections in 0.002477 seconds
[2018.04.07-07.27.12:226][  0]LogFileCache: Scanning file cache for directory 'C:/Users/darkm/Documents/GitHub/SushiShop/SushiShop/Saved/Collections/' took 0.01s
[2018.04.07-07.27.12:226][  0]LogFileCache: Scanning file cache for directory 'C:/Users/darkm/Documents/GitHub/SushiShop/SushiShop/Content/Developers/darkm/Collections/' took 0.01s
[2018.04.07-07.27.12:226][  0]LogFileCache: Scanning file cache for directory 'C:/Users/darkm/Documents/GitHub/SushiShop/SushiShop/Content/Collections/' took 0.01s
[2018.04.07-07.27.12:226][  0]LogCollectionManager: Rebuilt the GUID cache for 0 collections in 0.000001 seconds
[2018.04.07-07.27.12:235][  0]LogContentBrowser: Native class hierarchy populated in 0.0091 seconds. Added 2364 classes and 521 folders.
[2018.04.07-07.27.12:315][  0]LogContentBrowser: Native class hierarchy updated for 'WidgetCarousel' in 0.0002 seconds. Added 0 classes and 0 folders.
[2018.04.07-07.27.12:355][  0]LogContentBrowser: Native class hierarchy updated for 'AddContentDialog' in 0.0002 seconds. Added 0 classes and 0 folders.
[2018.04.07-07.27.12:372][  0]LogSlate: Took 0.000164 seconds to synchronously load lazily loaded font '../../../Engine/Content/Slate/Fonts/Roboto-Regular.ttf' (155K)
[2018.04.07-07.27.12:376][  0]LogSlate: Took 0.000190 seconds to synchronously load lazily loaded font '../../../Engine/Content/Slate/Fonts/Roboto-Bold.ttf' (160K)
[2018.04.07-07.27.12:377][  0]LogSlate: Took 0.000137 seconds to synchronously load lazily loaded font '../../../Engine/Content/Editor/Slate/Fonts/FontAwesome.ttf' (139K)
[2018.04.07-07.27.12:471][  0]LogRenderer: Reallocating scene render targets to support 888x456 Format 26 NumSamples 1 (Frame:1).
[2018.04.07-07.27.12:869][  0]LogContentBrowser: Native class hierarchy updated for 'HierarchicalLODOutliner' in 0.0002 seconds. Added 1 classes and 2 folders.
[2018.04.07-07.27.12:870][  0]LogLoad: (Engine Initialization) Total time: 29.64 seconds
[2018.04.07-07.27.12:870][  0]LogLoad: (Engine Initialization) Total Blueprint compile time: 0.00 seconds
[2018.04.07-07.27.12:870][  0]LogExternalProfiler: No external profilers were discovered.  External profiling features will not be available.
[2018.04.07-07.27.13:227][  0]LogContentStreaming: Texture pool size now 1000 MB
[2018.04.07-07.27.13:264][  0]LogSlate: Took 0.000139 seconds to synchronously load lazily loaded font '../../../Engine/Content/Slate/Fonts/Roboto-Light.ttf' (159K)
[2018.04.07-07.27.13:549][  1]LogAssetRegistry: Asset discovery search completed in 18.7272 seconds
[2018.04.07-07.27.13:552][  1]LogCollectionManager: Rebuilt the object cache for 0 collections in 0.000001 seconds (found 0 objects)
[2018.04.07-07.27.13:552][  1]LogCollectionManager: Fixed up redirectors for 0 collections in 0.000063 seconds (updated 0 objects)
[2018.04.07-07.30.36:824][832]LogSlate: Took 0.000144 seconds to synchronously load lazily loaded font '../../../Engine/Content/Slate/Fonts/Roboto-Light.ttf' (159K)
[2018.04.07-07.30.37:688][832]LogTexture: Display: Building textures: SkyOcclusion1_1 (AutoDXT, 1024X512)
[2018.04.07-07.30.37:688][832]LogTexture: Display: Building textures: LQ_Lightmap_1_1 (DXT1, 1024X1024)
[2018.04.07-07.30.37:688][832]LogTexture: Display: Building textures: HQ_Lightmap1_1 (AutoDXT, 1024X1024)
[2018.04.07-07.30.38:514][832]LogAIModule: Creating AISystem for world Shop_Main_1
[2018.04.07-07.30.38:551][832]LogSlate: Took 0.000217 seconds to synchronously load lazily loaded font '../../../Engine/Content/Slate/Fonts/Roboto-Regular.ttf' (155K)
[2018.04.07-07.30.38:579][832]Cmd: MAP LOAD FILE="../../../../../../Users/darkm/Documents/GitHub/SushiShop/SushiShop/Content/SushiShop/Levels/Shop_Main_1.umap" TEMPLATE=0 SHOWPROGRESS=1 FEATURELEVEL=3
[2018.04.07-07.30.38:579][832]LightingResults: New page: Lighting Build
[2018.04.07-07.30.38:580][832]LoadErrors: New page: Loading map: Shop_Main_1.umap
[2018.04.07-07.30.38:581][832]MapCheck: New page: Map Check
[2018.04.07-07.30.38:581][832]LightingResults: New page: Lighting Build
[2018.04.07-07.30.38:622][832]LogEditorServer: Finished looking for orphan Actors (0.000 secs)
[2018.04.07-07.30.38:720][832]Cmd: MAP CHECKDEP NOCLEARLOG
[2018.04.07-07.30.38:887][832]MapCheck: Map check complete: 0 Error(s), 0 Warning(s), took 167.158ms to complete.
[2018.04.07-07.30.38:888][832]LogFileHelpers: Loading map 'Shop_Main_1' took 0.310
[2018.04.07-07.30.46:143][234]LogTemp: Repeating last play command: Simulate
[2018.04.07-07.30.46:294][234]LogPlayLevel: PlayLevel: No blueprints needed recompiling
[2018.04.07-07.30.46:294][234]PIE: New page: SIE session: Shop_Main_1 (Apr 6, 2018, 5:30:46 PM)
[2018.04.07-07.30.46:294][234]LogPlayLevel: Creating play world package: /Game/SushiShop/Levels/UEDPIE_0_Shop_Main_1
[2018.04.07-07.30.46:302][234]LogPlayLevel: PIE: StaticDuplicateObject took: (0.007181s)
[2018.04.07-07.30.46:302][234]LogAIModule: Creating AISystem for world Shop_Main_1
[2018.04.07-07.30.46:302][234]LogPlayLevel: PIE: World Init took: (0.000469s)
[2018.04.07-07.30.46:302][234]LogPlayLevel: PIE: Created PIE world by copying editor world from /Game/SushiShop/Levels/Shop_Main_1.Shop_Main_1 to /Game/SushiShop/Levels/UEDPIE_0_Shop_Main_1.Shop_Main_1 (0.007875s)
[2018.04.07-07.30.46:312][234]LogInit: XAudio2 using 'Speakers (Realtek High Definition Audio(SST))' : 2 channels at 48 kHz using 32 bits per sample (channel mask 0x3)
[2018.04.07-07.30.46:326][234]LogInit: FAudioDevice initialized.
[2018.04.07-07.30.46:373][234]LogUObjectGlobals: Warning: Failed to find object 'Class None.'
[2018.04.07-07.30.46:373][234]LogLoad: Game class is 'GameModeBase'
[2018.04.07-07.30.46:378][234]LogWorld: Bringing World /Game/SushiShop/Levels/UEDPIE_0_Shop_Main_1.Shop_Main_1 up for play (max tick rate 60) at 2018.04.07-00.30.46
[2018.04.07-07.30.46:379][234]LogWorld: Bringing up level for play took: 0.004177
[2018.04.07-07.30.46:379][234]LogGameMode: FindPlayerStart: PATHS NOT DEFINED or NO PLAYERSTART with positive rating
[2018.04.07-07.30.46:429][234]LogContentBrowser: Native class hierarchy updated for 'MovieSceneCapture' in 0.0003 seconds. Added 11 classes and 0 folders.
[2018.04.07-07.30.46:432][234]PIE: Play in editor start time for /Game/SushiShop/Levels/UEDPIE_0_Shop_Main_1 0.085
[2018.04.07-07.30.57:947][904]LogEditorViewport: Clicking on Actor (LMB): BP_Boat_C (BP_Boat)
[2018.04.07-07.31.06:103][379]EditorErrors: New page: Actor attachment
[2018.04.07-07.31.12:037][727]Cmd: TRANSACTION UNDO
[2018.04.07-07.31.12:037][727]LogEditorTransaction: Undo Rotate Actors
[2018.04.07-07.31.12:060][727]LogSlate: Took 0.000200 seconds to synchronously load lazily loaded font '../../../Engine/Content/Slate/Fonts/Roboto-Light.ttf' (159K)
[2018.04.07-07.31.25:261][499]Cmd: TRANSACTION UNDO
[2018.04.07-07.31.25:261][499]LogEditorTransaction: Undo Reset Location
[2018.04.07-07.31.52:669][ 13]LogEditorViewport: Clicking on Actor (LMB): StaticMeshActor (overheadBar2)
[2018.04.07-07.31.59:140][337]LogEditorViewport: Clicking on Actor (LMB): StaticMeshActor (wallWithShelves4)
[2018.04.07-07.31.59:559][355]LogEditorViewport: Clicking on Actor (double click): BP_Boat_C (BP_Boat)
[2018.04.07-07.32.31:278][166]LogSavePackage: Save=241.64ms
[2018.04.07-07.32.31:278][166]LogSavePackage: Moving '../../../../../../Users/darkm/Documents/GitHub/SushiShop/SushiShop/Saved/Shop_Main_14E0891B044A744EFB3D6659F2036F221.tmp' to '../../../../../../Users/darkm/Documents/GitHub/SushiShop/SushiShop/Content/SushiShop/Levels/Shop_Main_1.umap'
[2018.04.07-07.32.31:285][166]LogSavePackage: Display: Finished SavePackage ../../../../../../Users/darkm/Documents/GitHub/SushiShop/SushiShop/Content/SushiShop/Levels/Shop_Main_1.umap
[2018.04.07-07.32.31:733][166]LogSavePackage: Save=360.44ms
[2018.04.07-07.32.31:733][166]LogSavePackage: Moving '../../../../../../Users/darkm/Documents/GitHub/SushiShop/SushiShop/Saved/Shop_Main_1_BuiltData342F454F4B793F10D2CAC9B228A21AE9.tmp' to '../../../../../../Users/darkm/Documents/GitHub/SushiShop/SushiShop/Content/SushiShop/Levels/Shop_Main_1_BuiltData.uasset'
[2018.04.07-07.32.31:737][166]LogSavePackage: Display: Finished SavePackage ../../../../../../Users/darkm/Documents/GitHub/SushiShop/SushiShop/Content/SushiShop/Levels/Shop_Main_1_BuiltData.uasset
[2018.04.07-07.32.35:269][310]LogContentBrowser: Native class hierarchy updated for 'BlueprintGraph' in 0.0006 seconds. Added 116 classes and 0 folders.
[2018.04.07-07.36.27:949][155]LogRenderer: Reallocating scene render targets to support 888x548 Format 26 NumSamples 1 (Frame:1).
[2018.04.07-07.36.43:130][ 49]LogRenderer: Reallocating scene render targets to support 892x548 Format 26 NumSamples 1 (Frame:6883).
[2018.04.07-07.36.43:171][ 50]LogRenderer: Reallocating scene render targets to support 896x548 Format 26 NumSamples 1 (Frame:6885).
[2018.04.07-07.36.43:213][ 51]LogRenderer: Reallocating scene render targets to support 928x548 Format 26 NumSamples 1 (Frame:6887).
[2018.04.07-07.36.43:264][ 52]LogRenderer: Reallocating scene render targets to support 952x548 Format 26 NumSamples 1 (Frame:6889).
[2018.04.07-07.36.43:303][ 53]LogRenderer: Reallocating scene render targets to support 964x548 Format 26 NumSamples 1 (Frame:6891).
[2018.04.07-07.36.43:351][ 54]LogRenderer: Reallocating scene render targets to support 968x548 Format 26 NumSamples 1 (Frame:6893).
[2018.04.07-07.36.43:393][ 55]LogRenderer: Reallocating scene render targets to support 980x548 Format 26 NumSamples 1 (Frame:6895).
[2018.04.07-07.36.43:429][ 56]LogRenderer: Reallocating scene render targets to support 988x548 Format 26 NumSamples 1 (Frame:6897).
[2018.04.07-07.36.43:469][ 57]LogRenderer: Reallocating scene render targets to support 992x548 Format 26 NumSamples 1 (Frame:6899).
[2018.04.07-07.36.43:510][ 58]LogRenderer: Reallocating scene render targets to support 1000x548 Format 26 NumSamples 1 (Frame:6901).
[2018.04.07-07.37.33:500][994]Cmd: MODE ROTGRID=0
[2018.04.07-07.38.30:408][217]LogSavePackage: Save=230.74ms
[2018.04.07-07.38.30:408][217]LogSavePackage: Moving '../../../../../../Users/darkm/Documents/GitHub/SushiShop/SushiShop/Saved/Shop_Main_12B3283364C341B2615467DAB08A07626.tmp' to '../../../../../../Users/darkm/Documents/GitHub/SushiShop/SushiShop/Content/SushiShop/Levels/Shop_Main_1.umap'
[2018.04.07-07.38.30:415][217]LogSavePackage: Display: Finished SavePackage ../../../../../../Users/darkm/Documents/GitHub/SushiShop/SushiShop/Content/SushiShop/Levels/Shop_Main_1.umap
[2018.04.07-07.38.30:769][217]LogSavePackage: Save=265.96ms
[2018.04.07-07.38.30:769][217]LogSavePackage: Moving '../../../../../../Users/darkm/Documents/GitHub/SushiShop/SushiShop/Saved/Shop_Main_1_BuiltDataA35B09C54DAD57A3ECE837AC1BCF2EDF.tmp' to '../../../../../../Users/darkm/Documents/GitHub/SushiShop/SushiShop/Content/SushiShop/Levels/Shop_Main_1_BuiltData.uasset'
[2018.04.07-07.38.30:773][217]LogSavePackage: Display: Finished SavePackage ../../../../../../Users/darkm/Documents/GitHub/SushiShop/SushiShop/Content/SushiShop/Levels/Shop_Main_1_BuiltData.uasset
[2018.04.07-07.38.33:356][352]LogSlate: Took 0.000254 seconds to synchronously load lazily loaded font '../../../Engine/Content/Editor/Slate/Fonts/Roboto-Italic.ttf' (157K)
[2018.04.07-07.38.37:637][595]Cmd: EDIT COPY
[2018.04.07-07.38.59:201][708]LogSlate: Took 0.000200 seconds to synchronously load lazily loaded font '../../../Engine/Content/Editor/Slate/Fonts/Roboto-BoldCondensed.ttf' (158K)
[2018.04.07-07.39.04:130][890]LogSavePackage: Save=156.30ms
[2018.04.07-07.39.04:130][890]LogSavePackage: Moving '../../../../../../Users/darkm/Documents/GitHub/SushiShop/SushiShop/Saved/BP_Boat92AD259D4D8CF23464870C99A33730E9.tmp' to '../../../../../../Users/darkm/Documents/GitHub/SushiShop/SushiShop/Content/SushiShop/BluePrints/Scott_Remake/BP_Boat.uasset'
[2018.04.07-07.39.04:136][890]LogSavePackage: Display: Finished SavePackage ../../../../../../Users/darkm/Documents/GitHub/SushiShop/SushiShop/Content/SushiShop/BluePrints/Scott_Remake/BP_Boat.uasset
[2018.04.07-07.39.05:813][933]LogD3D11RHI: Error: Result failed 
 at D:\Build\++UE4+Release-4.18+Compile\Sync\Engine\Source\Runtime\Windows\D3D11RHI\Private\D3D11Viewport.cpp:289 
 with error DXGI_ERROR_DEVICE_REMOVED DXGI_ERROR_DEVICE_HUNG
[2018.04.07-07.39.05:813][933]LogWindows: Windows GetLastError: The operation completed successfully. (0)
[2018.04.07-07.39.07:141][933]LogWindows: Windows GetLastError: The operation completed successfully. (0)
[2018.04.07-07.39.07:141][933]LogWindows: Error: === Critical error: ===
[2018.04.07-07.39.07:141][933]LogWindows: Error: 
[2018.04.07-07.39.07:141][933]LogWindows: Error: Fatal error: [File:D:\Build\++UE4+Release-4.18+Compile\Sync\Engine\Source\Runtime\RenderCore\Private\RenderingThread.cpp] [Line: 813] 
[2018.04.07-07.39.07:141][933]LogWindows: Error: Rendering thread exception:
[2018.04.07-07.39.07:141][933]LogWindows: Error: Fatal error: [File:D:\Build\++UE4+Release-4.18+Compile\Sync\Engine\Source\Runtime\Windows\D3D11RHI\Private\D3D11Util.cpp] [Line: 182] 
[2018.04.07-07.39.07:141][933]LogWindows: Error: Unreal Engine is exiting due to D3D device being lost. (Error: 0x887A0006 - 'HUNG')
[2018.04.07-07.39.07:141][933]LogWindows: Error: 
[2018.04.07-07.39.07:141][933]LogWindows: Error: 
[2018.04.07-07.39.07:141][933]LogWindows: Error: [Callstack] 0x00000000B74D4008 KERNELBASE.dll!UnknownFunction []
[2018.04.07-07.39.07:141][933]LogWindows: Error: [Callstack] 0x000000009C2976D4 UE4Editor-ApplicationCore.dll!UnknownFunction []
[2018.04.07-07.39.07:141][933]LogWindows: Error: [Callstack] 0x000000006167330B UE4Editor-Core.dll!UnknownFunction []
[2018.04.07-07.39.07:141][933]LogWindows: Error: [Callstack] 0x00000000616047F9 UE4Editor-Core.dll!UnknownFunction []
[2018.04.07-07.39.07:141][933]LogWindows: Error: [Callstack] 0x000000006FFE79FF UE4Editor-D3D11RHI.dll!UnknownFunction []
[2018.04.07-07.39.07:141][933]LogWindows: Error: [Callstack] 0x000000006FFEBBC0 UE4Editor-D3D11RHI.dll!UnknownFunction []
[2018.04.07-07.39.07:141][933]LogWindows: Error: [Callstack] 0x000000006FFCB3FA UE4Editor-D3D11RHI.dll!UnknownFunction []
[2018.04.07-07.39.07:141][933]LogWindows: Error: [Callstack] 0x000000006FFCB35E UE4Editor-D3D11RHI.dll!UnknownFunction []
[2018.04.07-07.39.07:141][933]LogWindows: Error: [Callstack] 0x000000006FFD83E8 UE4Editor-D3D11RHI.dll!UnknownFunction []
[2018.04.07-07.39.07:141][933]LogWindows: Error: [Callstack] 0x0000000097B2E4F7 UE4Editor-RHI.dll!UnknownFunction []
[2018.04.07-07.39.07:141][933]LogWindows: Error: [Callstack] 0x0000000071D40B45 UE4Editor-SlateRHIRenderer.dll!UnknownFunction []
[2018.04.07-07.39.07:141][933]LogWindows: Error: [Callstack] 0x0000000071D460A9 UE4Editor-SlateRHIRenderer.dll!UnknownFunction []
[2018.04.07-07.39.07:141][933]LogWindows: Error: [Callstack] 0x00000000614D4845 UE4Editor-Core.dll!UnknownFunction []
[2018.04.07-07.39.07:141][933]LogWindows: Error: [Callstack] 0x00000000614D4E2A UE4Editor-Core.dll!UnknownFunction []
[2018.04.07-07.39.07:141][933]LogWindows: Error: [Callstack] 0x000000009DD722C4 UE4Editor-RenderCore.dll!UnknownFunction []
[2018.04.07-07.39.07:142][933]LogWindows: Error: [Callstack] 0x000000009DD732F6 UE4Editor-RenderCore.dll!UnknownFunction []
[2018.04.07-07.39.07:142][933]LogWindows: Error: [Callstack] 0x000000006187092C UE4Editor-Core.dll!UnknownFunction []
[2018.04.07-07.39.07:142][933]LogWindows: Error: [Callstack] 0x0000000061862563 UE4Editor-Core.dll!UnknownFunction []
[2018.04.07-07.39.07:142][933]LogWindows: Error: [Callstack] 0x00000000B9A61FE4 KERNEL32.DLL!UnknownFunction []
[2018.04.07-07.39.07:142][933]LogWindows: Error: [Callstack] 0x00000000BA34F061 ntdll.dll!UnknownFunction []
[2018.04.07-07.39.07:142][933]LogWindows: Error: [Callstack] 0x00000000BA34F061 ntdll.dll!UnknownFunction []
[2018.04.07-07.39.07:142][933]LogWindows: Error: 
[2018.04.07-07.39.07:142][933]LogWindows: Error: 
[2018.04.07-07.39.07:142][933]LogWindows: Error: 
[2018.04.07-07.39.07:142][933]LogWindows: Error: 
[2018.04.07-07.39.07:168][933]LogExit: Executing StaticShutdownAfterError
[2018.04.07-07.39.07:173][933]LogWindows: FPlatformMisc::RequestExit(1)
[2018.04.07-07.39.07:173][933]Log file closed, 04/07/18 00:39:07
