Log file open, 02/28/18 12:20:15
LogWindows: Failed to load 'aqProf.dll' (GetLastError=126)
LogWindows: File 'aqProf.dll' does not exist
LogWindows: Failed to load 'VSPerf140.dll' (GetLastError=126)
LogWindows: File 'VSPerf140.dll' does not exist
LogWindows: Failed to load 'VtuneApi.dll' (GetLastError=126)
LogWindows: File 'VtuneApi.dll' does not exist
LogWindows: Failed to load 'VtuneApi32e.dll' (GetLastError=126)
LogWindows: File 'VtuneApi32e.dll' does not exist
LogInit: Display: Running engine for game: SushiShop
LogPlatformFile: Not using cached read wrapper
LogInit: Display: RandInit(364062975) SRandInit(364062975).
LogInit: Read version file with build ID '3709383'
LogInit: Overriding engine version to CL 3832480, compatible CL 3709383
LogInit: Registered custom module enumerator with build ID '3709383'
LogTaskGraph: Started task graph with 5 named threads and 14 total threads with 3 sets of task threads.
LogStats: Stats thread started at 0.847890
LogD3D11RHI: Aftermath initialized
LogModuleManager: Display: Found up-to-date module file ../../../Engine/Plugins/2D/Paper2D/Binaries/Win64/UE4Editor-Paper2D.dll (API version 3709383).
LogModuleManager: Display: Found up-to-date module file ../../../Engine/Plugins/2D/Paper2D/Binaries/Win64/UE4Editor-Paper2DEditor.dll (API version 3709383).
LogModuleManager: Display: Found up-to-date module file ../../../Engine/Plugins/2D/Paper2D/Binaries/Win64/UE4Editor-PaperSpriteSheetImporter.dll (API version 3709383).
LogModuleManager: Display: Found up-to-date module file ../../../Engine/Plugins/2D/Paper2D/Binaries/Win64/UE4Editor-PaperTiledImporter.dll (API version 3709383).
LogModuleManager: Display: Found up-to-date module file ../../../Engine/Plugins/2D/Paper2D/Binaries/Win64/UE4Editor-SmartSnapping.dll (API version 3709383).
LogModuleManager: Display: Found up-to-date module file ../../../Engine/Plugins/Blendables/LightPropagationVolume/Binaries/Win64/UE4Editor-LightPropagationVolumeRuntime.dll (API version 3709383).
LogModuleManager: Display: Found up-to-date module file ../../../Engine/Plugins/Blendables/LightPropagationVolume/Binaries/Win64/UE4Editor-LightPropagationVolumeEditor.dll (API version 3709383).
LogModuleManager: Display: Found up-to-date module file ../../../Engine/Plugins/Developer/GitSourceControl/Binaries/Win64/UE4Editor-GitSourceControl.dll (API version 3709383).
LogModuleManager: Display: Found up-to-date module file ../../../Engine/Plugins/Developer/PerforceSourceControl/Binaries/Win64/UE4Editor-PerforceSourceControl.dll (API version 3709383).
LogModuleManager: Display: Found up-to-date module file ../../../Engine/Plugins/Developer/SubversionSourceControl/Binaries/Win64/UE4Editor-SubversionSourceControl.dll (API version 3709383).
LogModuleManager: Display: Found up-to-date module file ../../../Engine/Plugins/Developer/UObjectPlugin/Binaries/Win64/UE4Editor-UObjectPlugin.dll (API version 3709383).
LogModuleManager: Display: Found up-to-date module file ../../../Engine/Plugins/Developer/VisualStudioCodeSourceCodeAccess/Binaries/Win64/UE4Editor-VisualStudioCodeSourceCodeAccess.dll (API version 3709383).
LogModuleManager: Display: Found up-to-date module file ../../../Engine/Plugins/Developer/VisualStudioSourceCodeAccess/Binaries/Win64/UE4Editor-VisualStudioSourceCodeAccess.dll (API version 3709383).
LogModuleManager: Display: Found up-to-date module file ../../../Engine/Plugins/Editor/AssetManagerEditor/Binaries/Win64/UE4Editor-AssetManagerEditor.dll (API version 3709383).
LogModuleManager: Display: Found up-to-date module file ../../../Engine/Plugins/Editor/AudioCapture/Binaries/Win64/UE4Editor-AudioCapture.dll (API version 3709383).
LogModuleManager: Display: Found up-to-date module file ../../../Engine/Plugins/Editor/FacialAnimation/Binaries/Win64/UE4Editor-FacialAnimation.dll (API version 3709383).
LogModuleManager: Display: Found up-to-date module file ../../../Engine/Plugins/Editor/FacialAnimation/Binaries/Win64/UE4Editor-FacialAnimationEditor.dll (API version 3709383).
LogModuleManager: Display: Found up-to-date module file ../../../Engine/Plugins/Editor/GameplayTagsEditor/Binaries/Win64/UE4Editor-GameplayTagsEditor.dll (API version 3709383).
LogModuleManager: Display: Found up-to-date module file ../../../Engine/Plugins/Editor/MobileLauncherProfileWizard/Binaries/Win64/UE4Editor-MobileLauncherProfileWizard.dll (API version 3709383).
LogModuleManager: Display: Found up-to-date module file ../../../Engine/Plugins/Editor/PluginBrowser/Binaries/Win64/UE4Editor-PluginBrowser.dll (API version 3709383).
LogModuleManager: Display: Found up-to-date module file ../../../Engine/Plugins/Editor/SpeedTreeImporter/Binaries/Win64/UE4Editor-SpeedTreeImporter.dll (API version 3709383).
LogModuleManager: Display: Found up-to-date module file ../../../Engine/Plugins/Experimental/AlembicImporter/Binaries/Win64/UE4Editor-AlembicImporter.dll (API version 3709383).
LogModuleManager: Display: Found up-to-date module file ../../../Engine/Plugins/Experimental/AlembicImporter/Binaries/Win64/UE4Editor-AlembicLibrary.dll (API version 3709383).
LogModuleManager: Display: Found up-to-date module file ../../../Engine/Plugins/Experimental/CharacterAI/Binaries/Win64/UE4Editor-CharacterAI.dll (API version 3709383).
LogModuleManager: Display: Found up-to-date module file ../../../Engine/Plugins/Experimental/HTML5Networking/Binaries/Win64/UE4Editor-HTML5Networking.dll (API version 3709383).
LogModuleManager: Display: Found up-to-date module file ../../../Engine/Plugins/Media/AndroidMedia/Binaries/Win64/UE4Editor-AndroidMediaEditor.dll (API version 3709383).
LogModuleManager: Display: Found up-to-date module file ../../../Engine/Plugins/Media/AndroidMedia/Binaries/Win64/UE4Editor-AndroidMediaFactory.dll (API version 3709383).
LogModuleManager: Display: Found up-to-date module file ../../../Engine/Plugins/Media/AvfMedia/Binaries/Win64/UE4Editor-AvfMediaEditor.dll (API version 3709383).
LogModuleManager: Display: Found up-to-date module file ../../../Engine/Plugins/Media/AvfMedia/Binaries/Win64/UE4Editor-AvfMediaFactory.dll (API version 3709383).
LogModuleManager: Display: Found up-to-date module file ../../../Engine/Plugins/Media/AvfMedia/Binaries/Win64/UE4Editor-AvfMediaFactory.dll (API version 3709383).
LogModuleManager: Display: Found up-to-date module file ../../../Engine/Plugins/Media/ImgMedia/Binaries/Win64/UE4Editor-ImgMedia.dll (API version 3709383).
LogModuleManager: Display: Found up-to-date module file ../../../Engine/Plugins/Media/ImgMedia/Binaries/Win64/UE4Editor-ImgMediaEditor.dll (API version 3709383).
LogModuleManager: Display: Found up-to-date module file ../../../Engine/Plugins/Media/ImgMedia/Binaries/Win64/UE4Editor-ImgMediaFactory.dll (API version 3709383).
LogModuleManager: Display: Found up-to-date module file ../../../Engine/Plugins/Media/ImgMedia/Binaries/Win64/UE4Editor-ImgMediaFactory.dll (API version 3709383).
LogModuleManager: Display: Found up-to-date module file ../../../Engine/Plugins/Media/ImgMedia/Binaries/Win64/UE4Editor-OpenExrWrapper.dll (API version 3709383).
LogModuleManager: Display: Found up-to-date module file ../../../Engine/Plugins/Media/MediaCompositing/Binaries/Win64/UE4Editor-MediaCompositing.dll (API version 3709383).
LogModuleManager: Display: Found up-to-date module file ../../../Engine/Plugins/Media/MediaCompositing/Binaries/Win64/UE4Editor-MediaCompositingEditor.dll (API version 3709383).
LogModuleManager: Display: Found up-to-date module file ../../../Engine/Plugins/Media/MediaPlayerEditor/Binaries/Win64/UE4Editor-MediaPlayerEditor.dll (API version 3709383).
LogModuleManager: Display: Found up-to-date module file ../../../Engine/Plugins/Media/WmfMedia/Binaries/Win64/UE4Editor-WmfMedia.dll (API version 3709383).
LogModuleManager: Display: Found up-to-date module file ../../../Engine/Plugins/Media/WmfMedia/Binaries/Win64/UE4Editor-WmfMediaEditor.dll (API version 3709383).
LogModuleManager: Display: Found up-to-date module file ../../../Engine/Plugins/Media/WmfMedia/Binaries/Win64/UE4Editor-WmfMediaFactory.dll (API version 3709383).
LogModuleManager: Display: Found up-to-date module file ../../../Engine/Plugins/Media/WmfMedia/Binaries/Win64/UE4Editor-WmfMediaFactory.dll (API version 3709383).
LogModuleManager: Display: Found up-to-date module file ../../../Engine/Plugins/Messaging/TcpMessaging/Binaries/Win64/UE4Editor-TcpMessaging.dll (API version 3709383).
LogModuleManager: Display: Found up-to-date module file ../../../Engine/Plugins/Messaging/UdpMessaging/Binaries/Win64/UE4Editor-UdpMessaging.dll (API version 3709383).
LogModuleManager: Display: Found up-to-date module file ../../../Engine/Plugins/MovieScene/ActorSequence/Binaries/Win64/UE4Editor-ActorSequence.dll (API version 3709383).
LogModuleManager: Display: Found up-to-date module file ../../../Engine/Plugins/MovieScene/LevelSequenceEditor/Binaries/Win64/UE4Editor-LevelSequenceEditor.dll (API version 3709383).
LogModuleManager: Display: Found up-to-date module file ../../../Engine/Plugins/MovieScene/MatineeToLevelSequence/Binaries/Win64/UE4Editor-MatineeToLevelSequence.dll (API version 3709383).
LogModuleManager: Display: Found up-to-date module file ../../../Engine/Plugins/Online/OnlineSubsystem/Binaries/Win64/UE4Editor-OnlineSubsystem.dll (API version 3709383).
LogModuleManager: Display: Found up-to-date module file ../../../Engine/Plugins/Runtime/AndroidPermission/Binaries/Win64/UE4Editor-AndroidPermission.dll (API version 3709383).
LogModuleManager: Display: Found up-to-date module file ../../../Engine/Plugins/Online/OnlineSubsystemNull/Binaries/Win64/UE4Editor-OnlineSubsystemNull.dll (API version 3709383).
LogModuleManager: Display: Found up-to-date module file ../../../Engine/Plugins/Online/OnlineSubsystemUtils/Binaries/Win64/UE4Editor-OnlineSubsystemUtils.dll (API version 3709383).
LogModuleManager: Display: Found up-to-date module file ../../../Engine/Plugins/Online/OnlineSubsystemUtils/Binaries/Win64/UE4Editor-OnlineBlueprintSupport.dll (API version 3709383).
LogModuleManager: Display: Found up-to-date module file ../../../Engine/Plugins/Runtime/AndroidDeviceProfileSelector/Binaries/Win64/UE4Editor-AndroidDeviceProfileSelector.dll (API version 3709383).
LogModuleManager: Display: Found up-to-date module file ../../../Engine/Plugins/Runtime/AppleARKit/Binaries/Win64/UE4Editor-AppleARKit.dll (API version 3709383).
LogModuleManager: Display: Found up-to-date module file ../../../Engine/Plugins/Runtime/ArchVisCharacter/Binaries/Win64/UE4Editor-ArchVisCharacter.dll (API version 3709383).
LogModuleManager: Display: Found up-to-date module file ../../../Engine/Plugins/Runtime/CableComponent/Binaries/Win64/UE4Editor-CableComponent.dll (API version 3709383).
LogModuleManager: Display: Found up-to-date module file ../../../Engine/Plugins/Runtime/CustomMeshComponent/Binaries/Win64/UE4Editor-CustomMeshComponent.dll (API version 3709383).
LogModuleManager: Display: Found up-to-date module file ../../../Engine/Plugins/Runtime/ExampleDeviceProfileSelector/Binaries/Win64/UE4Editor-ExampleDeviceProfileSelector.dll (API version 3709383).
LogModuleManager: Display: Found up-to-date module file ../../../Engine/Plugins/Runtime/ImmediatePhysics/Binaries/Win64/UE4Editor-ImmediatePhysics.dll (API version 3709383).
LogModuleManager: Display: Found up-to-date module file ../../../Engine/Plugins/Runtime/ImmediatePhysics/Binaries/Win64/UE4Editor-ImmediatePhysicsEditor.dll (API version 3709383).
LogModuleManager: Display: Found up-to-date module file ../../../Engine/Plugins/Runtime/LocationServicesBPLibrary/Binaries/Win64/UE4Editor-LocationServicesBPLibrary.dll (API version 3709383).
LogModuleManager: Display: Found up-to-date module file ../../../Engine/Plugins/Runtime/MobilePatchingUtils/Binaries/Win64/UE4Editor-MobilePatchingUtils.dll (API version 3709383).
LogModuleManager: Display: Found up-to-date module file ../../../Engine/Plugins/Runtime/Oculus/OculusVR/Binaries/Win64/UE4Editor-OculusHMD.dll (API version 3709383).
LogModuleManager: Display: Found up-to-date module file ../../../Engine/Plugins/Runtime/Oculus/OculusVR/Binaries/Win64/UE4Editor-OculusInput.dll (API version 3709383).
LogModuleManager: Display: Found up-to-date module file ../../../Engine/Plugins/Runtime/Oculus/OculusVR/Binaries/Win64/UE4Editor-OculusEditor.dll (API version 3709383).
LogModuleManager: Display: Found up-to-date module file ../../../Engine/Plugins/Runtime/PhysXVehicles/Binaries/Win64/UE4Editor-PhysXVehicles.dll (API version 3709383).
LogModuleManager: Display: Found up-to-date module file ../../../Engine/Plugins/Runtime/PhysXVehicles/Binaries/Win64/UE4Editor-PhysXVehiclesEditor.dll (API version 3709383).
LogModuleManager: Display: Found up-to-date module file ../../../Engine/Plugins/Runtime/ProceduralMeshComponent/Binaries/Win64/UE4Editor-ProceduralMeshComponent.dll (API version 3709383).
LogModuleManager: Display: Found up-to-date module file ../../../Engine/Plugins/Runtime/ProceduralMeshComponent/Binaries/Win64/UE4Editor-ProceduralMeshComponentEditor.dll (API version 3709383).
LogModuleManager: Display: Found up-to-date module file ../../../Engine/Plugins/Runtime/RuntimePhysXCooking/Binaries/Win64/UE4Editor-RuntimePhysXCooking.dll (API version 3709383).
LogModuleManager: Display: Found up-to-date module file ../../../Engine/Plugins/Runtime/Steam/SteamVR/Binaries/Win64/UE4Editor-SteamVR.dll (API version 3709383).
LogModuleManager: Display: Found up-to-date module file ../../../Engine/Plugins/Runtime/Steam/SteamVR/Binaries/Win64/UE4Editor-SteamVRController.dll (API version 3709383).
LogModuleManager: Display: Found up-to-date module file ../../../Engine/Plugins/Runtime/WindowsMoviePlayer/Binaries/Win64/UE4Editor-WindowsMoviePlayer.dll (API version 3709383).
LogPluginManager: Mounting plugin Paper2D
LogPluginManager: Mounting plugin LightPropagationVolume
LogPluginManager: Mounting plugin CodeLiteSourceCodeAccess
LogPluginManager: Mounting plugin GitSourceControl
LogPluginManager: Mounting plugin KDevelopSourceCodeAccess
LogPluginManager: Mounting plugin NullSourceCodeAccess
LogPluginManager: Mounting plugin PerforceSourceControl
LogPluginManager: Mounting plugin SubversionSourceControl
LogPluginManager: Mounting plugin UObjectPlugin
LogPluginManager: Mounting plugin VisualStudioCodeSourceCodeAccess
LogPluginManager: Mounting plugin VisualStudioSourceCodeAccess
LogPluginManager: Mounting plugin XCodeSourceCodeAccess
LogPluginManager: Mounting plugin AssetManagerEditor
LogPluginManager: Mounting plugin AudioCapture
LogPluginManager: Mounting plugin FacialAnimation
LogPluginManager: Mounting plugin GameplayTagsEditor
LogPluginManager: Mounting plugin MobileLauncherProfileWizard
LogPluginManager: Mounting plugin PluginBrowser
LogPluginManager: Mounting plugin SpeedTreeImporter
LogPluginManager: Mounting plugin AlembicImporter
LogPluginManager: Mounting plugin CharacterAI
LogPluginManager: Mounting plugin HTML5Networking
LogPluginManager: Mounting plugin AndroidMedia
LogPluginManager: Mounting plugin AvfMedia
LogPluginManager: Mounting plugin ImgMedia
LogPluginManager: Mounting plugin MediaCompositing
LogPluginManager: Mounting plugin MediaPlayerEditor
LogPluginManager: Mounting plugin WmfMedia
LogPluginManager: Mounting plugin TcpMessaging
LogPluginManager: Mounting plugin UdpMessaging
LogPluginManager: Mounting plugin ActorSequence
LogPluginManager: Mounting plugin LevelSequenceEditor
LogPluginManager: Mounting plugin MatineeToLevelSequence
LogPluginManager: Mounting plugin OnlineSubsystemGooglePlay
LogPluginManager: Mounting plugin OnlineSubsystemIOS
LogPluginManager: Mounting plugin OnlineSubsystem
LogPluginManager: Mounting plugin OnlineSubsystemNull
LogPluginManager: Mounting plugin OnlineSubsystemUtils
LogPluginManager: Mounting plugin AndroidDeviceProfileSelector
LogPluginManager: Mounting plugin AndroidMoviePlayer
LogPluginManager: Mounting plugin AndroidPermission
LogPluginManager: Mounting plugin AppleARKit
LogPluginManager: Mounting plugin AppleMoviePlayer
LogPluginManager: Mounting plugin ArchVisCharacter
LogPluginManager: Mounting plugin CableComponent
LogPluginManager: Mounting plugin CustomMeshComponent
LogPluginManager: Mounting plugin ExampleDeviceProfileSelector
LogPluginManager: Mounting plugin GoogleCloudMessaging
LogPluginManager: Mounting plugin ImmediatePhysics
LogPluginManager: Mounting plugin IOSDeviceProfileSelector
LogPluginManager: Mounting plugin LinuxDeviceProfileSelector
LogPluginManager: Mounting plugin LocationServicesBPLibrary
LogPluginManager: Mounting plugin MobilePatchingUtils
LogPluginManager: Mounting plugin OculusVR
LogPluginManager: Plugin shader directory ../../../Engine/Plugins/Runtime/Oculus/OculusVR/Shaders found
LogPluginManager: Mapping shader source directory ../../../Engine/Plugins/Runtime/Oculus/OculusVR/Shaders to virtual directory /Plugin/OculusVR
LogPluginManager: Mounting plugin PhysXVehicles
LogPluginManager: Mounting plugin ProceduralMeshComponent
LogPluginManager: Mounting plugin RuntimePhysXCooking
LogPluginManager: Mounting plugin SteamVR
LogPluginManager: Mounting plugin WindowsMoviePlayer
LogInit: Using libcurl 7.47.1
LogInit:  - built for x86_64-pc-win32
LogInit:  - supports SSL with OpenSSL/1.0.2g
LogInit:  - supports HTTP deflate (compression) using libz 1.2.8
LogInit:  - other features:
LogInit:      CURL_VERSION_SSL
LogInit:      CURL_VERSION_LIBZ
LogInit:      CURL_VERSION_IPV6
LogInit:      CURL_VERSION_ASYNCHDNS
LogInit:      CURL_VERSION_LARGEFILE
LogInit:      CURL_VERSION_IDN
LogInit:  CurlRequestOptions (configurable via config and command line):
LogInit:  - bVerifyPeer = false  - Libcurl will NOT verify peer certificate
LogInit:  - bUseHttpProxy = false  - Libcurl will NOT use HTTP proxy
LogInit:  - bDontReuseConnections = false  - Libcurl will reuse connections
LogInit:  - CertBundlePath = nullptr  - Libcurl will use whatever was configured at build time.
LogInit: Build: ++UE4+Release-4.18-CL-3832480
LogInit: Engine Version: 4.18.3-3832480+++UE4+Release-4.18
LogInit: Compatible Engine Version: 4.18.0-3709383+++UE4+Release-4.18
LogInit: Net CL: 3709383
LogDevObjectVersion: Number of dev versions registered: 16
LogDevObjectVersion:   Dev-Blueprints (B0D832E4-1F89-4F0D-ACCF-7EB736FD4AA2): 10
LogDevObjectVersion:   Dev-Build (E1C64328-A22C-4D53-A36C-8E866417BD8C): 0
LogDevObjectVersion:   Dev-Core (375EC13C-06E4-48FB-B500-84F0262A717E): 2
LogDevObjectVersion:   Dev-Editor (E4B068ED-F494-42E9-A231-DA0B2E46BB41): 20
LogDevObjectVersion:   Dev-Framework (CFFC743F-43B0-4480-9391-14DF171D2073): 30
LogDevObjectVersion:   Dev-Mobile (B02B49B5-BB20-44E9-A304-32B752E40360): 0
LogDevObjectVersion:   Dev-Networking (A4E4105C-59A1-49B5-A7C5-40C4547EDFEE): 0
LogDevObjectVersion:   Dev-Online (39C831C9-5AE6-47DC-9A44-9C173E1C8E7C): 0
LogDevObjectVersion:   Dev-Physics (78F01B33-EBEA-4F98-B9B4-84EACCB95AA2): 0
LogDevObjectVersion:   Dev-Platform (6631380F-2D4D-43E0-8009-CF276956A95A): 0
LogDevObjectVersion:   Dev-Rendering (12F88B9F-8875-4AFC-A67C-D90C383ABD29): 20
LogDevObjectVersion:   Dev-Sequencer (7B5AE74C-D270-4C10-A958-57980B212A5A): 4
LogDevObjectVersion:   Dev-VR (D7296918-1DD6-4BDD-9DE2-64A83CC13884): 0
LogDevObjectVersion:   Dev-LoadTimes (C2A15278-BFE7-4AFE-6C17-90FF531DF755): 1
LogDevObjectVersion:   Private-Geometry (6EACA3D4-40EC-4CC1-B786-8BED09428FC5): 1
LogDevObjectVersion:   Dev-AnimPhys (29E575DD-E0A3-4627-9D10-D276232CDCEA): 12
LogInit: Compiled (64-bit): Jan 12 2018 02:04:55
LogInit: Compiled with Visual C++: 19.00.24215.01
LogInit: Build Configuration: Development
LogInit: Branch Name: ++UE4+Release-4.18
LogInit: Command line:  
LogInit: Base directory: C:/Program Files/Epic Games/UE_4.18/Engine/Binaries/Win64/
LogInit: Installed Engine Build: 1
LogInit: Presizing for max 8388607 objects, including 0 objects not considered by GC, pre-allocating 0 bytes for permanent pool.
LogInit: Object subsystem initialized
[2018.02.28-20.20.18:322][  0]LogInit: Selected Device Profile: [Windows]
[2018.02.28-20.20.18:322][  0]LogInit: Applying CVar settings loaded from the selected device profile: [Windows]
[2018.02.28-20.20.18:373][  0]LogInit: Computer: DESKTOP-2QNA1SC
[2018.02.28-20.20.18:373][  0]LogInit: User: darkm
[2018.02.28-20.20.18:373][  0]LogInit: CPU Page size=4096, Cores=4
[2018.02.28-20.20.18:373][  0]LogInit: High frequency timer resolution =1.945312 MHz
[2018.02.28-20.20.18:373][  0]LogMemory: Memory total: Physical=15.9GB (16GB approx)
[2018.02.28-20.20.18:373][  0]LogMemory: Platform Memory Stats for Windows
[2018.02.28-20.20.18:373][  0]LogMemory: Process Physical Memory: 273.29 MB used, 273.29 MB peak
[2018.02.28-20.20.18:373][  0]LogMemory: Process Virtual Memory: 264.88 MB used, 264.88 MB peak
[2018.02.28-20.20.18:374][  0]LogMemory: Physical Memory: 4683.17 MB used,  11616.43 MB free, 16299.60 MB total
[2018.02.28-20.20.18:374][  0]LogMemory: Virtual Memory: 677.27 MB used,  11616.43 MB free, 134217728.00 MB total
[2018.02.28-20.20.19:098][  0]LogInit: Using OS detected language (en-US).
[2018.02.28-20.20.19:098][  0]LogInit: Using OS detected locale (en-US).
[2018.02.28-20.20.19:245][  0]LogTextLocalizationManager: No specific localization for 'en-US' exists, so the 'en' localization will be used.
[2018.02.28-20.20.20:246][  0]LogInit: Setting process to per monitor DPI aware
[2018.02.28-20.20.24:328][  0]LogD3D11RHI: D3D11 adapters:
[2018.02.28-20.20.24:345][  0]LogD3D11RHI:    0. 'Intel(R) UHD Graphics 620' (Feature Level 11_0)
[2018.02.28-20.20.24:345][  0]LogD3D11RHI:       128/0/8149 MB DedicatedVideo/DedicatedSystem/SharedSystem, Outputs:1, VendorId:0x8086
[2018.02.28-20.20.25:737][  0]LogD3D11RHI:    1. 'Radeon 500 Series' (Feature Level 11_0)
[2018.02.28-20.20.25:737][  0]LogD3D11RHI:       1995/0/8149 MB DedicatedVideo/DedicatedSystem/SharedSystem, Outputs:0, VendorId:0x1002
[2018.02.28-20.20.25:741][  0]LogD3D11RHI:    2. 'Microsoft Basic Render Driver' (Feature Level 11_0)
[2018.02.28-20.20.25:741][  0]LogD3D11RHI:       0/0/8149 MB DedicatedVideo/DedicatedSystem/SharedSystem, Outputs:0, VendorId:0x1414
[2018.02.28-20.20.25:741][  0]LogD3D11RHI: Chosen D3D11 Adapter: 1
[2018.02.28-20.20.25:754][  0]LogD3D11RHI: Creating new Direct3DDevice
[2018.02.28-20.20.25:754][  0]LogD3D11RHI:     GPU DeviceId: 0x699f (for the marketing name, search the web for "GPU Device Id")
[2018.02.28-20.20.25:755][  0]LogWindows: EnumDisplayDevices:
[2018.02.28-20.20.25:755][  0]LogWindows:    0. 'Intel(R) UHD Graphics 620' (P:1 D:1)
[2018.02.28-20.20.25:755][  0]LogWindows:    1. 'Intel(R) UHD Graphics 620' (P:0 D:0)
[2018.02.28-20.20.25:755][  0]LogWindows:    2. 'Intel(R) UHD Graphics 620' (P:0 D:0)
[2018.02.28-20.20.25:756][  0]LogWindows:    3. 'Radeon 500 Series' (P:0 D:0)
[2018.02.28-20.20.25:756][  0]LogWindows:    4. 'Radeon 500 Series' (P:0 D:0)
[2018.02.28-20.20.25:756][  0]LogWindows:    5. 'Radeon 500 Series' (P:0 D:0)
[2018.02.28-20.20.25:757][  0]LogWindows:    6. 'Radeon 500 Series' (P:0 D:0)
[2018.02.28-20.20.25:757][  0]LogWindows:    7. 'Radeon 500 Series' (P:0 D:0)
[2018.02.28-20.20.25:757][  0]LogWindows:    8. 'Radeon 500 Series' (P:0 D:0)
[2018.02.28-20.20.25:757][  0]LogWindows:    9. 'Radeon 500 Series' (P:0 D:0)
[2018.02.28-20.20.25:758][  0]LogWindows:    10. 'Radeon 500 Series' (P:0 D:0)
[2018.02.28-20.20.25:758][  0]LogWindows:    11. 'Radeon 500 Series' (P:0 D:0)
[2018.02.28-20.20.25:759][  0]LogWindows:    12. 'Radeon 500 Series' (P:0 D:0)
[2018.02.28-20.20.25:759][  0]LogWindows:    13. 'Radeon 500 Series' (P:0 D:0)
[2018.02.28-20.20.25:760][  0]LogWindows:    14. 'Radeon 500 Series' (P:0 D:0)
[2018.02.28-20.20.25:760][  0]LogWindows:    15. 'Radeon 500 Series' (P:0 D:0)
[2018.02.28-20.20.25:761][  0]LogWindows:    16. 'Radeon 500 Series' (P:0 D:0)
[2018.02.28-20.20.25:761][  0]LogWindows:    17. 'Radeon 500 Series' (P:0 D:0)
[2018.02.28-20.20.25:761][  0]LogWindows:    18. 'Radeon 500 Series' (P:0 D:0)
[2018.02.28-20.20.25:762][  0]LogWindows: DebugString: GetVideoDriverDetailsInvalid PrimaryIsNotTheChoosenAdapter GetVideoDriverDetailsInvalid PrimaryIsNotTheChoosenAdapter GetVideoDriverDetailsInvalid PrimaryIsNotTheChoosenAdapter GetVideoDriverDetailsInvalid PrimaryIsNotTheChoosenAdapter GetVideoDriverDetailsInvalid PrimaryIsNotTheChoosenAdapter GetVideoDriverDetailsInvalid PrimaryIsNotTheChoosenAdapter GetVideoDriverDetailsInvalid PrimaryIsNotTheChoosenAdapter GetVideoDriverDetailsInvalid PrimaryIsNotTheChoosenAdapter GetVideoDriverDetailsInvalid PrimaryIsNotTheChoosenAdapter GetVideoDriverDetailsInvalid PrimaryIsNotTheChoosenAdapter GetVideoDriverDetailsInvalid PrimaryIsNotTheChoosenAdapter GetVideoDriverDetailsInvalid PrimaryIsNotTheChoosenAdapter GetVideoDriverDetailsInvalid PrimaryIsNotTheChoosenAdapter GetVideoDriverDetailsInvalid PrimaryIsNotTheChoosenAdapter GetVideoDriverDetailsInvalid PrimaryIsNotTheChoosenAdapter GetVideoDriverDetailsInvalid PrimaryIsNotTheChoosenAdapter GetVideoDriverDetailsInvalid PrimaryIsNotTheChoosenAdapter GetVideoDriverDetailsInvalid PrimaryIsNotTheChoosenAdapter GetVideoDriverDetailsInvalid PrimaryIsNotTheChoosenAdapter FoundDriverCount:0 
[2018.02.28-20.20.25:762][  0]LogD3D11RHI:     Adapter Name: Radeon 500 Series
[2018.02.28-20.20.25:762][  0]LogD3D11RHI:   Driver Version: Unknown (internal:Unknown, unified:Unknown)
[2018.02.28-20.20.25:762][  0]LogD3D11RHI:      Driver Date: Unknown
[2018.02.28-20.20.25:762][  0]LogRHI: Texture pool is 1396 MB (70% of 1995 MB)
[2018.02.28-20.20.25:857][  0]LogD3D11RHI: Async texture creation enabled
[2018.02.28-20.20.25:902][  0]LogD3D11RHI: GPU Timing Frequency: 25.000000 (Debug: 2 1)
[2018.02.28-20.20.25:911][  0]LogShaderCompilers: Guid format shader working directory is -20 characters bigger than the processId version (../../../../../../Users/darkm/Documents/GitHub/SushiShop/SushiShop/Intermediate/Shaders/WorkingDirectory/9340/).
[2018.02.28-20.20.25:912][  0]LogShaderCompilers: Cleaned the shader compiler working directory 'C:/Users/darkm/AppData/Local/Temp/UnrealShaderWorkingDir/253139C94059893086C5C4B172DD3894/'.
[2018.02.28-20.20.25:913][  0]LogShaderCompilers: Display: Using Local Shader Compiler.
[2018.02.28-20.20.30:552][  0]LogTemp: Display: Loaded TP AllDesktopTargetPlatform
[2018.02.28-20.20.30:662][  0]LogTemp: Display: Loaded TP MacClientTargetPlatform
[2018.02.28-20.20.30:783][  0]LogTemp: Display: Loaded TP MacNoEditorTargetPlatform
[2018.02.28-20.20.30:904][  0]LogTemp: Display: Loaded TP MacServerTargetPlatform
[2018.02.28-20.20.31:052][  0]LogTemp: Display: Loaded TP MacTargetPlatform
[2018.02.28-20.20.31:163][  0]LogTemp: Display: Loaded TP WindowsClientTargetPlatform
[2018.02.28-20.20.31:274][  0]LogTemp: Display: Loaded TP WindowsNoEditorTargetPlatform
[2018.02.28-20.20.31:390][  0]LogTemp: Display: Loaded TP WindowsServerTargetPlatform
[2018.02.28-20.20.31:496][  0]LogTemp: Display: Loaded TP WindowsTargetPlatform
[2018.02.28-20.20.31:613][  0]LogTemp: Display: Loaded TP Android_ASTCTargetPlatform
[2018.02.28-20.20.31:732][  0]LogTemp: Display: Loaded TP Android_ATCTargetPlatform
[2018.02.28-20.20.31:847][  0]LogTemp: Display: Loaded TP Android_DXTTargetPlatform
[2018.02.28-20.20.31:966][  0]LogTemp: Display: Loaded TP Android_ETC1TargetPlatform
[2018.02.28-20.20.32:085][  0]LogTemp: Display: Loaded TP Android_ETC2TargetPlatform
[2018.02.28-20.20.32:324][  0]LogTemp: Display: Loaded TP Android_MultiTargetPlatform
[2018.02.28-20.20.32:324][  0]LogTemp: Display: Loaded TP Android_PVRTCTargetPlatform
[2018.02.28-20.20.32:450][  0]LogTemp: Display: Loaded TP AndroidTargetPlatform
[2018.02.28-20.20.32:544][  0]LogTemp: Display: Loaded TP HTML5TargetPlatform
[2018.02.28-20.20.32:733][  0]LogTemp: Display: Loaded TP IOSTargetPlatform
[2018.02.28-20.20.32:794][  0]LogTemp: Display: Loaded TP TVOSTargetPlatform
[2018.02.28-20.20.32:913][  0]LogTemp: Display: Loaded TP LinuxClientTargetPlatform
[2018.02.28-20.20.33:029][  0]LogTemp: Display: Loaded TP LinuxNoEditorTargetPlatform
[2018.02.28-20.20.33:143][  0]LogTemp: Display: Loaded TP LinuxServerTargetPlatform
[2018.02.28-20.20.33:245][  0]LogTemp: Display: Loaded TP LinuxTargetPlatform
[2018.02.28-20.20.33:246][  0]LogTargetPlatformManager: Display: Building Assets For Windows
[2018.02.28-20.20.34:282][  0]LogDerivedDataCache: Display: Max Cache Size: 512 MB
[2018.02.28-20.20.35:098][  0]LogDerivedDataCache: Loaded boot cache 0.82s 83MB C:/Users/darkm/AppData/Local/UnrealEngine/4.18/DerivedDataCache/Boot.ddc.
[2018.02.28-20.20.35:099][  0]LogDerivedDataCache: Display: Loaded Boot cache: C:/Users/darkm/AppData/Local/UnrealEngine/4.18/DerivedDataCache/Boot.ddc
[2018.02.28-20.20.35:099][  0]LogDerivedDataCache: FDerivedDataBackendGraph:  Pak pak cache file ../../../../../../Users/darkm/Documents/GitHub/SushiShop/SushiShop/DerivedDataCache/DDC.ddp not found, will not use a pak cache.
[2018.02.28-20.20.35:099][  0]LogDerivedDataCache: Unable to find inner node Pak for hierarchical cache Hierarchy.
[2018.02.28-20.20.35:099][  0]LogDerivedDataCache: FDerivedDataBackendGraph:  CompressedPak pak cache file ../../../../../../Users/darkm/Documents/GitHub/SushiShop/SushiShop/DerivedDataCache/Compressed.ddp not found, will not use a pak cache.
[2018.02.28-20.20.35:099][  0]LogDerivedDataCache: Unable to find inner node CompressedPak for hierarchical cache Hierarchy.
[2018.02.28-20.20.35:176][  0]LogDerivedDataCache: Display: Pak cache opened for reading ../../../Engine/DerivedDataCache/Compressed.ddp.
[2018.02.28-20.20.35:193][  0]LogDerivedDataCache: Using Local data cache path C:/Users/darkm/AppData/Local/UnrealEngine/Common/DerivedDataCache: Writable
[2018.02.28-20.20.35:233][  0]LogMaterial: Verifying Global Shaders for PCD3D_SM5
[2018.02.28-20.20.35:243][  0]LogSlate: Using Freetype 2.6.0
[2018.02.28-20.20.35:291][  0]LogSlate: SlateFontCache - WITH_FREETYPE: 1, WITH_HARFBUZZ: 1
[2018.02.28-20.20.35:291][  0]LogSlate: SlateFontCache - WITH_FREETYPE: 1, WITH_HARFBUZZ: 1
[2018.02.28-20.20.36:958][  0]LogInit: Selected Device Profile: [Windows]
[2018.02.28-20.20.38:025][  0]LogSimplygon: Simplygon DLL not present - disabling.
[2018.02.28-20.20.38:119][  0]LogMeshReduction: Using SimplygonSwarm for distributed automatic mesh merging
[2018.02.28-20.20.38:120][  0]LogMeshReduction: Using QuadricMeshReduction for automatic static mesh reduction
[2018.02.28-20.20.38:120][  0]LogMeshReduction: No automatic skeletal mesh reduction module available
[2018.02.28-20.20.38:120][  0]LogMeshReduction: No automatic mesh merging module available
[2018.02.28-20.20.38:120][  0]LogMeshMerging: No automatic mesh merging module available
[2018.02.28-20.20.38:247][  0]LogNetVersion: SushiShop , NetCL: 3709383, EngineNetVer: 2, GameNetVer: 0 (Checksum: 2343829258)
[2018.02.28-20.20.38:891][  0]LogAssetRegistry: FAssetRegistry took 0.0354 seconds to start up
[2018.02.28-20.20.41:097][  0]LogPackageLocalizationCache: Processed 7 localized package path(s) for 2 prioritized culture(s) in 0.172466 seconds
[2018.02.28-20.20.41:111][  0]LogUObjectArray: 35870 objects as part of root set at end of initial load.
[2018.02.28-20.20.41:111][  0]LogUObjectAllocator: 7363704 out of 0 bytes used by permanent object pool.
[2018.02.28-20.20.41:111][  0]LogUObjectArray: CloseDisregardForGC: 0/0 objects in disregard for GC pool
[2018.02.28-20.20.41:276][  0]LogInit: WinSock: version 1.1 (2.2), MaxSocks=32767, MaxUdp=65467
[2018.02.28-20.20.54:479][  0]LogTcpMessaging: Initializing TcpMessaging bridge
[2018.02.28-20.20.54:638][  0]LogUdpMessaging: Initializing bridge on interface 0.0.0.0:0 to multicast group 230.0.0.1:6666.
[2018.02.28-20.20.56:179][  0]LogMaterial: Missing cached shader map for material BaseColor, compiling. 
[2018.02.28-20.20.56:182][  0]LogMaterial: Warning: C:\Program Files\Epic Games\UE_4.18\Engine\Content\BufferVisualization\BaseColor.uasset: Failed to compile Material for platform PCD3D_SM5, Default Material will be used in game.
[2018.02.28-20.20.56:182][  0]LogMaterial: 	(Node SceneTexture) GBuffer scene textures not available with forward shading.
[2018.02.28-20.20.56:245][  0]LogMaterial: Uniform references updated for custom material expression Custom.
[2018.02.28-20.20.56:259][  0]LogMaterial: Missing cached shader map for material LightingModel, compiling. 
[2018.02.28-20.20.56:260][  0]LogMaterial: Warning: C:\Program Files\Epic Games\UE_4.18\Engine\Content\BufferVisualization\LightingModel.uasset: Failed to compile Material for platform PCD3D_SM5, Default Material will be used in game.
[2018.02.28-20.20.56:260][  0]LogMaterial: 	(Node SceneTexture) GBuffer scene textures not available with forward shading.
[2018.02.28-20.20.56:263][  0]LogMaterial: Missing cached shader map for material MaterialAO, compiling. 
[2018.02.28-20.20.56:264][  0]LogMaterial: Warning: C:\Program Files\Epic Games\UE_4.18\Engine\Content\BufferVisualization\MaterialAO.uasset: Failed to compile Material for platform PCD3D_SM5, Default Material will be used in game.
[2018.02.28-20.20.56:264][  0]LogMaterial: 	(Node SceneTexture) GBuffer scene textures not available with forward shading.
[2018.02.28-20.20.56:268][  0]LogMaterial: Missing cached shader map for material Metallic, compiling. 
[2018.02.28-20.20.56:268][  0]LogMaterial: Warning: C:\Program Files\Epic Games\UE_4.18\Engine\Content\BufferVisualization\Metallic.uasset: Failed to compile Material for platform PCD3D_SM5, Default Material will be used in game.
[2018.02.28-20.20.56:269][  0]LogMaterial: 	(Node SceneTexture) GBuffer scene textures not available with forward shading.
[2018.02.28-20.20.56:272][  0]LogMaterial: Missing cached shader map for material Opacity, compiling. 
[2018.02.28-20.20.56:273][  0]LogMaterial: Warning: C:\Program Files\Epic Games\UE_4.18\Engine\Content\BufferVisualization\Opacity.uasset: Failed to compile Material for platform PCD3D_SM5, Default Material will be used in game.
[2018.02.28-20.20.56:273][  0]LogMaterial: 	(Node SceneTexture) GBuffer scene textures not available with forward shading.
[2018.02.28-20.20.56:276][  0]LogMaterial: Missing cached shader map for material Roughness, compiling. 
[2018.02.28-20.20.56:276][  0]LogMaterial: Warning: C:\Program Files\Epic Games\UE_4.18\Engine\Content\BufferVisualization\Roughness.uasset: Failed to compile Material for platform PCD3D_SM5, Default Material will be used in game.
[2018.02.28-20.20.56:276][  0]LogMaterial: 	(Node SceneTexture) GBuffer scene textures not available with forward shading.
[2018.02.28-20.20.56:305][  0]LogMaterial: Missing cached shader map for material Specular, compiling. 
[2018.02.28-20.20.56:306][  0]LogMaterial: Warning: C:\Program Files\Epic Games\UE_4.18\Engine\Content\BufferVisualization\Specular.uasset: Failed to compile Material for platform PCD3D_SM5, Default Material will be used in game.
[2018.02.28-20.20.56:306][  0]LogMaterial: 	(Node SceneTexture) GBuffer scene textures not available with forward shading.
[2018.02.28-20.20.56:311][  0]LogMaterial: Missing cached shader map for material SubsurfaceColor, compiling. 
[2018.02.28-20.20.56:312][  0]LogMaterial: Warning: C:\Program Files\Epic Games\UE_4.18\Engine\Content\BufferVisualization\SubsurfaceColor.uasset: Failed to compile Material for platform PCD3D_SM5, Default Material will be used in game.
[2018.02.28-20.20.56:312][  0]LogMaterial: 	(Node SceneTexture) GBuffer scene textures not available with forward shading.
[2018.02.28-20.20.56:317][  0]LogMaterial: Missing cached shader map for material WorldNormal, compiling. 
[2018.02.28-20.20.56:317][  0]LogMaterial: Warning: C:\Program Files\Epic Games\UE_4.18\Engine\Content\BufferVisualization\WorldNormal.uasset: Failed to compile Material for platform PCD3D_SM5, Default Material will be used in game.
[2018.02.28-20.20.56:317][  0]LogMaterial: 	(Node SceneTexture) GBuffer scene textures not available with forward shading.
[2018.02.28-20.20.57:369][  0]SourceControl: Source control is disabled
[2018.02.28-20.20.57:370][  0]SourceControl: Source control is disabled
[2018.02.28-20.20.57:513][  0]SourceControl: Source control is disabled
[2018.02.28-20.20.57:638][  0]SourceControl: Source control is disabled
[2018.02.28-20.20.59:600][  0]LogAndroidPermission: UAndroidPermissionCallbackProxy::GetInstance
[2018.02.28-20.21.00:196][  0]LogOcInput: OculusInput pre-init called
[2018.02.28-20.21.00:876][  0]LogEngine: Initializing Engine...
[2018.02.28-20.21.00:884][  0]LogHMD: Failed to initialize OpenVR with code 110
[2018.02.28-20.21.01:322][  0]LogStats: UGameplayTagsManager::ConstructGameplayTagTree: Construct from data asset -  0.000 s
[2018.02.28-20.21.01:322][  0]LogStats: UGameplayTagsManager::ConstructGameplayTagTree: GameplayTagTreeChangedEvent.Broadcast -  0.000 s
[2018.02.28-20.21.01:650][  0]LogAIModule: Creating AISystem for world Untitled
[2018.02.28-20.21.01:680][  0]LogInit: XAudio2 using 'Speakers (Realtek High Definition Audio(SST))' : 2 channels at 48 kHz using 32 bits per sample (channel mask 0x3)
[2018.02.28-20.21.02:561][  0]LogInit: FAudioDevice initialized.
[2018.02.28-20.21.02:743][  0]LogDerivedDataCache: Saved boot cache 0.18s 83MB C:/Users/darkm/AppData/Local/UnrealEngine/4.18/DerivedDataCache/Boot.ddc.
[2018.02.28-20.21.02:781][  0]LogInit: Texture streaming: Enabled
[2018.02.28-20.21.03:056][  0]LogEngineSessionManager: EngineSessionManager initialized
[2018.02.28-20.21.03:372][  0]LogInit: Transaction tracking system initialized
[2018.02.28-20.21.03:924][  0]BlueprintLog: New page: Editor Load
[2018.02.28-20.21.06:971][  0]LocalizationService: Localization service is disabled
[2018.02.28-20.21.08:583][  0]LogConsoleResponse: Display: 
[2018.02.28-20.21.09:208][  0]LogCook: Display: Max memory allowance for cook 16384mb min free memory 0mb
[2018.02.28-20.21.09:208][  0]LogCook: Display: Mobile HDR setting 1
[2018.02.28-20.21.09:209][  0]LogGameplayTags: Display: UGameplayTagsManager::DoneAddingNativeTags. DelegateIsBound: 0
[2018.02.28-20.21.10:429][  0]LogFileCache: Scanning file cache for directory 'C:/Users/darkm/Documents/GitHub/SushiShop/SushiShop/Content/' took 0.02s
[2018.02.28-20.21.12:041][  0]SourceControl: Source control is disabled
[2018.02.28-20.21.12:044][  0]Cmd: MAP LOAD FILE="../../../../../../Users/darkm/Documents/GitHub/SushiShop/SushiShop/Content/VirtualRealityBP/Maps/StartupMap.umap" TEMPLATE=0 SHOWPROGRESS=1 FEATURELEVEL=3
[2018.02.28-20.21.12:046][  0]LightingResults: New page: Lighting Build
[2018.02.28-20.21.12:177][  0]MapCheck: New page: Map Check
[2018.02.28-20.21.12:177][  0]LightingResults: New page: Lighting Build
[2018.02.28-20.21.12:511][  0]LogAIModule: Creating AISystem for world StartupMap
[2018.02.28-20.21.12:542][  0]LogEditorServer: Finished looking for orphan Actors (0.000 secs)
[2018.02.28-20.21.12:563][  0]Cmd: MAP CHECKDEP NOCLEARLOG
[2018.02.28-20.21.12:643][  0]MapCheck: Map check complete: 0 Error(s), 0 Warning(s), took 79.722ms to complete.
[2018.02.28-20.21.12:643][  0]LogFileHelpers: Loading map 'StartupMap' took 0.600
[2018.02.28-20.21.13:407][  0]LogCollectionManager: Loaded 0 collections in 0.004265 seconds
[2018.02.28-20.21.13:617][  0]LogFileCache: Scanning file cache for directory 'C:/Users/darkm/Documents/GitHub/SushiShop/SushiShop/Saved/Collections/' took 0.01s
[2018.02.28-20.21.13:617][  0]LogFileCache: Scanning file cache for directory 'C:/Users/darkm/Documents/GitHub/SushiShop/SushiShop/Content/Developers/darkm/Collections/' took 0.01s
[2018.02.28-20.21.13:617][  0]LogFileCache: Scanning file cache for directory 'C:/Users/darkm/Documents/GitHub/SushiShop/SushiShop/Content/Collections/' took 0.02s
[2018.02.28-20.21.13:617][  0]LogCollectionManager: Rebuilt the GUID cache for 0 collections in 0.000001 seconds
[2018.02.28-20.21.13:632][  0]LogContentBrowser: Native class hierarchy populated in 0.0127 seconds. Added 2364 classes and 521 folders.
[2018.02.28-20.21.13:739][  0]LogContentBrowser: Native class hierarchy updated for 'WidgetCarousel' in 0.0003 seconds. Added 0 classes and 0 folders.
[2018.02.28-20.21.14:474][  0]LogContentBrowser: Native class hierarchy updated for 'AddContentDialog' in 0.0003 seconds. Added 0 classes and 0 folders.
[2018.02.28-20.21.14:565][  0]LogSlate: Took 0.006523 seconds to synchronously load lazily loaded font '../../../Engine/Content/Slate/Fonts/Roboto-Regular.ttf' (155K)
[2018.02.28-20.21.14:575][  0]LogSlate: Took 0.005768 seconds to synchronously load lazily loaded font '../../../Engine/Content/Slate/Fonts/Roboto-Bold.ttf' (160K)
[2018.02.28-20.21.14:586][  0]LogSlate: Took 0.006787 seconds to synchronously load lazily loaded font '../../../Engine/Content/Editor/Slate/Fonts/FontAwesome.ttf' (139K)
[2018.02.28-20.21.14:917][  0]LogRenderer: Reallocating scene render targets to support 884x356 Format 26 NumSamples 1 (Frame:1).
[2018.02.28-20.21.15:596][  0]LogContentBrowser: Native class hierarchy updated for 'HierarchicalLODOutliner' in 0.0003 seconds. Added 1 classes and 2 folders.
[2018.02.28-20.21.15:596][  0]LogLoad: (Engine Initialization) Total time: 65.19 seconds
[2018.02.28-20.21.15:596][  0]LogLoad: (Engine Initialization) Total Blueprint compile time: 0.00 seconds
[2018.02.28-20.21.15:596][  0]LogExternalProfiler: No external profilers were discovered.  External profiling features will not be available.
[2018.02.28-20.21.15:969][  0]LogContentStreaming: Texture pool size now 1000 MB
[2018.02.28-20.21.16:619][  2]LogAssetRegistry: Asset discovery search completed in 37.7499 seconds
[2018.02.28-20.21.16:621][  2]LogCollectionManager: Rebuilt the object cache for 0 collections in 0.000001 seconds (found 0 objects)
[2018.02.28-20.21.16:621][  2]LogCollectionManager: Fixed up redirectors for 0 collections in 0.000067 seconds (updated 0 objects)
[2018.02.28-20.21.16:963][  3]LogSlate: Took 0.012335 seconds to synchronously load lazily loaded font '../../../Engine/Content/Slate/Fonts/Roboto-Light.ttf' (159K)
[2018.02.28-20.21.20:288][ 13]LogSlate: Took 0.000683 seconds to synchronously load lazily loaded font '../../../Engine/Content/Slate/Fonts/Roboto-Light.ttf' (159K)
[2018.02.28-20.21.41:783][281]LogTexture: Display: Building textures: Blossom_Single (BGRA8, 1813X1826)
[2018.02.28-20.21.41:783][281]LogMaterial: Missing cached shader map for material CubeMaterial, compiling. 
[2018.02.28-20.21.41:911][281]LogSlate: Took 0.000238 seconds to synchronously load lazily loaded font '../../../Engine/Content/Slate/Fonts/Roboto-Light.ttf' (159K)
[2018.02.28-20.21.42:248][281]LogMeshUtilities: Finished distance field build in 0.3s - 15x15x15 distance field, 12 triangles, Range [-0.7, 1.0], 1M_Cube
[2018.02.28-20.21.42:573][281]LogSlate: Took 0.000231 seconds to synchronously load lazily loaded font '../../../Engine/Content/Slate/Fonts/Roboto-Regular.ttf' (155K)
[2018.02.28-20.21.42:703][281]LogContentBrowser: Native class hierarchy updated for 'BlueprintGraph' in 0.0008 seconds. Added 116 classes and 0 folders.
[2018.02.28-20.21.44:086][281]LogSlate: Took 0.007430 seconds to synchronously load lazily loaded font '../../../Engine/Content/Editor/Slate/Fonts/Roboto-BoldCondensed.ttf' (158K)
[2018.02.28-20.22.03:899][ 79]LogTexture: Display: Building textures: HQ_Lightmap1_2 (AutoDXT, 64X64)
[2018.02.28-20.22.03:899][ 79]LogTexture: Display: Building textures: LQ_Lightmap_1_2 (DXT1, 64X64)
[2018.02.28-20.22.03:900][ 79]LogTexture: Display: Building textures: SkyOcclusion1_2 (AutoDXT, 64X32)
[2018.02.28-20.22.03:900][ 79]LogTexture: Display: Building textures: SkyOcclusion1_1 (AutoDXT, 512X256)
[2018.02.28-20.22.03:900][ 79]LogTexture: Display: Building textures: ShadowMapTexture2D_8 (G8, 1024X128)
[2018.02.28-20.22.03:900][ 79]LogTexture: Display: Building textures: ShadowMapTexture2D_9 (G8, 32X32)
[2018.02.28-20.22.03:900][ 79]LogTexture: Display: Building textures: HQ_Lightmap1_1 (AutoDXT, 512X512)
[2018.02.28-20.22.03:900][ 79]LogTexture: Display: Building textures: LQ_Lightmap_1_1 (DXT1, 512X512)
[2018.02.28-20.22.03:991][ 79]LogMaterial: Missing cached shader map for material Glass_M, compiling. 
[2018.02.28-20.22.04:242][ 79]LogMaterial: Missing cached shader map for material Glass_M, compiling. 
[2018.02.28-20.22.04:859][ 79]LogMeshUtilities: Finished distance field build in 0.0s - 8x8x8 distance field, 28 triangles, Range [0.0, 0.6], InvertedBox
[2018.02.28-20.22.04:902][ 79]LogStaticMesh: Building static mesh SushiBar_2-26_Bar...
[2018.02.28-20.22.04:932][ 79]LogStaticMesh: Built static mesh [0.03s] /Game/SushiShop/Assets/Bar2-26/SushiBar_2-26_Bar.SushiBar_2-26_Bar
[2018.02.28-20.22.04:950][ 79]LogStaticMesh: Building static mesh SushiBar_2-26_DoorHandle1...
[2018.02.28-20.22.04:967][ 79]LogStaticMesh: Built static mesh [0.02s] /Game/SushiShop/Assets/Bar2-26/SushiBar_2-26_DoorHandle1.SushiBar_2-26_DoorHandle1
[2018.02.28-20.22.04:970][ 79]LogStaticMesh: Building static mesh SushiBar_2-26_DoorHandle2...
[2018.02.28-20.22.04:988][ 79]LogStaticMesh: Built static mesh [0.02s] /Game/SushiShop/Assets/Bar2-26/SushiBar_2-26_DoorHandle2.SushiBar_2-26_DoorHandle2
[2018.02.28-20.22.04:990][ 79]LogStaticMesh: Building static mesh SushiBar_2-26_DoorHandle3...
[2018.02.28-20.22.05:007][ 79]LogStaticMesh: Built static mesh [0.02s] /Game/SushiShop/Assets/Bar2-26/SushiBar_2-26_DoorHandle3.SushiBar_2-26_DoorHandle3
[2018.02.28-20.22.05:010][ 79]LogStaticMesh: Building static mesh SushiBar_2-26_DoorHandle4...
[2018.02.28-20.22.05:099][ 79]LogStaticMesh: Built static mesh [0.09s] /Game/SushiShop/Assets/Bar2-26/SushiBar_2-26_DoorHandle4.SushiBar_2-26_DoorHandle4
[2018.02.28-20.22.05:110][ 79]LogStaticMesh: Building static mesh SushiBar_2-26_DoorHandle5...
[2018.02.28-20.22.05:128][ 79]LogStaticMesh: Built static mesh [0.02s] /Game/SushiShop/Assets/Bar2-26/SushiBar_2-26_DoorHandle5.SushiBar_2-26_DoorHandle5
[2018.02.28-20.22.05:131][ 79]LogStaticMesh: Building static mesh SushiBar_2-26_DoorHandle...
[2018.02.28-20.22.05:149][ 79]LogStaticMesh: Built static mesh [0.02s] /Game/SushiShop/Assets/Bar2-26/SushiBar_2-26_DoorHandle.SushiBar_2-26_DoorHandle
[2018.02.28-20.22.05:150][ 79]LogStaticMesh: Building static mesh SushiBar_2-26_GlassDoor1...
[2018.02.28-20.22.05:152][ 79]LogStaticMesh: Built static mesh [0.00s] /Game/SushiShop/Assets/Bar2-26/SushiBar_2-26_GlassDoor1.SushiBar_2-26_GlassDoor1
[2018.02.28-20.22.05:153][ 79]LogStaticMesh: Building static mesh SushiBar_2-26_GlassDoor2...
[2018.02.28-20.22.05:155][ 79]LogStaticMesh: Built static mesh [0.00s] /Game/SushiShop/Assets/Bar2-26/SushiBar_2-26_GlassDoor2.SushiBar_2-26_GlassDoor2
[2018.02.28-20.22.05:156][ 79]LogStaticMesh: Building static mesh SushiBar_2-26_GlassDoor3...
[2018.02.28-20.22.05:158][ 79]LogStaticMesh: Built static mesh [0.00s] /Game/SushiShop/Assets/Bar2-26/SushiBar_2-26_GlassDoor3.SushiBar_2-26_GlassDoor3
[2018.02.28-20.22.05:158][ 79]LogStaticMesh: Building static mesh SushiBar_2-26_GlassDoor4...
[2018.02.28-20.22.05:160][ 79]LogStaticMesh: Built static mesh [0.00s] /Game/SushiShop/Assets/Bar2-26/SushiBar_2-26_GlassDoor4.SushiBar_2-26_GlassDoor4
[2018.02.28-20.22.05:162][ 79]LogStaticMesh: Building static mesh SushiBar_2-26_GlassDoor5...
[2018.02.28-20.22.05:164][ 79]LogStaticMesh: Built static mesh [0.00s] /Game/SushiShop/Assets/Bar2-26/SushiBar_2-26_GlassDoor5.SushiBar_2-26_GlassDoor5
[2018.02.28-20.22.05:165][ 79]LogStaticMesh: Building static mesh SushiBar_2-26_GlassDoor...
[2018.02.28-20.22.05:167][ 79]LogStaticMesh: Built static mesh [0.00s] /Game/SushiShop/Assets/Bar2-26/SushiBar_2-26_GlassDoor.SushiBar_2-26_GlassDoor
[2018.02.28-20.22.05:168][ 79]LogStaticMesh: Building static mesh SushiBar_2-26_GlassOuter...
[2018.02.28-20.22.05:175][ 79]LogStaticMesh: Built static mesh [0.01s] /Game/SushiShop/Assets/Bar2-26/SushiBar_2-26_GlassOuter.SushiBar_2-26_GlassOuter
[2018.02.28-20.22.05:177][ 79]LogStaticMesh: Building static mesh SushiBar_2-26_Refrigerator...
[2018.02.28-20.22.05:250][ 79]LogStaticMesh: Built static mesh [0.07s] /Game/SushiShop/Assets/Bar2-26/SushiBar_2-26_Refrigerator.SushiBar_2-26_Refrigerator
[2018.02.28-20.22.05:253][ 79]LogStaticMesh: Building static mesh SushiBar_2-26_Water...
[2018.02.28-20.22.05:254][ 79]LogStaticMesh: Built static mesh [0.00s] /Game/SushiShop/Assets/Bar2-26/SushiBar_2-26_Water.SushiBar_2-26_Water
[2018.02.28-20.22.05:730][ 79]LogMaterial: Missing cached shader map for material Glass_M, compiling. 
[2018.02.28-20.22.06:139][ 79]LogMaterial: Missing cached shader map for material lambert1, compiling. 
[2018.02.28-20.22.06:327][ 79]LogAIModule: Creating AISystem for world Shop_Main
[2018.02.28-20.22.06:510][ 79]Cmd: MAP LOAD FILE="../../../../../../Users/darkm/Documents/GitHub/SushiShop/SushiShop/Content/SushiShop/Shop_Main.umap" TEMPLATE=0 SHOWPROGRESS=1 FEATURELEVEL=3
[2018.02.28-20.22.06:510][ 79]LightingResults: New page: Lighting Build
[2018.02.28-20.22.06:511][ 79]LoadErrors: New page: Loading map: Shop_Main.umap
[2018.02.28-20.22.06:513][ 79]MapCheck: New page: Map Check
[2018.02.28-20.22.06:513][ 79]LightingResults: New page: Lighting Build
[2018.02.28-20.22.06:681][ 79]LogEditorServer: Finished looking for orphan Actors (0.000 secs)
[2018.02.28-20.22.06:828][ 79]Cmd: MAP CHECKDEP NOCLEARLOG
[2018.02.28-20.22.06:965][ 79]MapCheck: Map check complete: 0 Error(s), 0 Warning(s), took 137.344ms to complete.
[2018.02.28-20.22.06:967][ 79]LogFileHelpers: Loading map 'Shop_Main' took 0.457
[2018.02.28-20.22.08:399][134]LogMeshUtilities: Finished distance field build in 3.4s - 64x49x24 distance field, 526 triangles, Range [-0.1, 0.6], SushiBar_2-26_Bar
[2018.02.28-20.22.08:634][136]LogRenderer: Reallocating scene render targets to support 884x360 Format 26 NumSamples 1 (Frame:3).
[2018.02.28-20.22.08:722][137]LogRenderer: Reallocating scene render targets to support 884x440 Format 26 NumSamples 1 (Frame:5).
[2018.02.28-20.22.08:802][139]LogRenderer: Reallocating scene render targets to support 884x468 Format 26 NumSamples 1 (Frame:7).
[2018.02.28-20.22.08:882][140]LogRenderer: Reallocating scene render targets to support 884x480 Format 26 NumSamples 1 (Frame:9).
[2018.02.28-20.22.08:971][141]LogMeshUtilities: Finished distance field build in 0.5s - 48x38x8 distance field, 26 triangles, Range [-0.1, 1.0], SushiBar_2-26_Water
[2018.02.28-20.22.09:016][142]LogRenderer: Reallocating scene render targets to support 884x484 Format 26 NumSamples 1 (Frame:13).
[2018.02.28-20.22.09:101][143]LogRenderer: Reallocating scene render targets to support 884x496 Format 26 NumSamples 1 (Frame:15).
[2018.02.28-20.22.09:241][145]LogRenderer: Reallocating scene render targets to support 884x512 Format 26 NumSamples 1 (Frame:17).
[2018.02.28-20.22.09:300][146]LogRenderer: Reallocating scene render targets to support 884x520 Format 26 NumSamples 1 (Frame:19).
[2018.02.28-20.22.09:510][153]LogMeshUtilities: Finished distance field build in 0.4s - 39x33x9 distance field, 520 triangles, Range [-0.0, 0.6], SushiBar_2-26_Refrigerator
[2018.02.28-20.22.09:919][178]LogMeshUtilities: Finished distance field build in 0.3s - 38x32x8 distance field, 12 triangles, Range [-0.0, 1.0], SushiBar_2-26_GlassOuter
[2018.02.28-20.22.10:027][187]LogMeshUtilities: Finished distance field build in 0.0s - 8x13x8 distance field, 32 triangles, Range [-0.0, 0.4], SushiBar_2-26_GlassDoor
[2018.02.28-20.22.10:135][196]LogMeshUtilities: Finished distance field build in 0.0s - 8x13x8 distance field, 32 triangles, Range [-0.0, 0.4], SushiBar_2-26_GlassDoor5
[2018.02.28-20.22.10:250][204]LogMeshUtilities: Finished distance field build in 0.0s - 8x14x8 distance field, 32 triangles, Range [-0.0, 0.4], SushiBar_2-26_GlassDoor4
[2018.02.28-20.22.10:381][210]LogMeshUtilities: Finished distance field build in 0.0s - 14x8x8 distance field, 32 triangles, Range [-0.0, 0.4], SushiBar_2-26_GlassDoor3
[2018.02.28-20.22.10:505][215]LogMeshUtilities: Finished distance field build in 0.0s - 14x8x8 distance field, 32 triangles, Range [-0.0, 0.4], SushiBar_2-26_GlassDoor2
[2018.02.28-20.22.10:624][220]LogMeshUtilities: Finished distance field build in 0.0s - 8x14x8 distance field, 32 triangles, Range [-0.0, 0.4], SushiBar_2-26_GlassDoor1
[2018.02.28-20.22.10:750][226]LogMeshUtilities: Finished distance field build in 0.0s - 8x8x8 distance field, 312 triangles, Range [-0.1, 0.4], SushiBar_2-26_DoorHandle
[2018.02.28-20.22.10:880][231]LogMeshUtilities: Finished distance field build in 0.0s - 8x8x8 distance field, 312 triangles, Range [-0.1, 0.4], SushiBar_2-26_DoorHandle5
[2018.02.28-20.22.11:003][236]LogMeshUtilities: Finished distance field build in 0.0s - 8x8x8 distance field, 312 triangles, Range [-0.1, 0.4], SushiBar_2-26_DoorHandle4
[2018.02.28-20.22.11:122][242]LogMeshUtilities: Finished distance field build in 0.0s - 8x8x8 distance field, 312 triangles, Range [-0.1, 0.4], SushiBar_2-26_DoorHandle3
[2018.02.28-20.22.11:252][248]LogMeshUtilities: Finished distance field build in 0.0s - 8x8x8 distance field, 312 triangles, Range [-0.1, 0.4], SushiBar_2-26_DoorHandle2
[2018.02.28-20.22.11:370][254]LogMeshUtilities: Finished distance field build in 0.0s - 8x8x8 distance field, 312 triangles, Range [-0.1, 0.4], SushiBar_2-26_DoorHandle1
[2018.02.28-20.23.47:581][650]LogWindows: Windows GetLastError: The operation completed successfully. (0)
[2018.02.28-20.23.49:565][650]LogWindows: Error: === Critical error: ===
[2018.02.28-20.23.49:565][650]LogWindows: Error: 
[2018.02.28-20.23.49:565][650]LogWindows: Error: Assertion failed: SetWindowRgn( HWnd, Region, false ) [File:D:\Build\++UE4+Release-4.18+Compile\Sync\Engine\Source\Runtime\ApplicationCore\Private\Windows\WindowsWindow.cpp] [Line: 400] 
[2018.02.28-20.23.49:565][650]LogWindows: Error: 
[2018.02.28-20.23.49:565][650]LogWindows: Error: 
[2018.02.28-20.23.49:565][650]LogWindows: Error: 
[2018.02.28-20.23.49:565][650]LogWindows: Error: [Callstack] 0x0000000063024008 KERNELBASE.dll!UnknownFunction []
[2018.02.28-20.23.49:565][650]LogWindows: Error: [Callstack] 0x0000000034EB76D4 UE4Editor-ApplicationCore.dll!UnknownFunction []
[2018.02.28-20.23.49:565][650]LogWindows: Error: [Callstack] 0x000000001A86330B UE4Editor-Core.dll!UnknownFunction []
[2018.02.28-20.23.49:565][650]LogWindows: Error: [Callstack] 0x000000001A7F47F9 UE4Editor-Core.dll!UnknownFunction []
[2018.02.28-20.23.49:565][650]LogWindows: Error: [Callstack] 0x0000000034EB4CF3 UE4Editor-ApplicationCore.dll!UnknownFunction []
[2018.02.28-20.23.49:565][650]LogWindows: Error: [Callstack] 0x000000002FC80F7D UE4Editor-SlateCore.dll!UnknownFunction []
[2018.02.28-20.23.49:565][650]LogWindows: Error: [Callstack] 0x000000002E876A5D UE4Editor-Slate.dll!UnknownFunction []
[2018.02.28-20.23.49:565][650]LogWindows: Error: [Callstack] 0x000000002E876B13 UE4Editor-Slate.dll!UnknownFunction []
[2018.02.28-20.23.49:565][650]LogWindows: Error: [Callstack] 0x000000002E842D46 UE4Editor-Slate.dll!UnknownFunction []
[2018.02.28-20.23.49:565][650]LogWindows: Error: [Callstack] 0x000000002E877389 UE4Editor-Slate.dll!UnknownFunction []
[2018.02.28-20.23.49:565][650]LogWindows: Error: [Callstack] 0x000000002E844140 UE4Editor-Slate.dll!UnknownFunction []
[2018.02.28-20.23.49:565][650]LogWindows: Error: [Callstack] 0x000000002E89D867 UE4Editor-Slate.dll!UnknownFunction []
[2018.02.28-20.23.49:565][650]LogWindows: Error: [Callstack] 0x000000002E89C953 UE4Editor-Slate.dll!UnknownFunction []
[2018.02.28-20.23.49:565][650]LogWindows: Error: [Callstack] 0x000000008E3A69CA UE4Editor.exe!UnknownFunction []
[2018.02.28-20.23.49:565][650]LogWindows: Error: [Callstack] 0x000000008E3B5430 UE4Editor.exe!UnknownFunction []
[2018.02.28-20.23.49:565][650]LogWindows: Error: [Callstack] 0x000000008E3B54AA UE4Editor.exe!UnknownFunction []
[2018.02.28-20.23.49:565][650]LogWindows: Error: [Callstack] 0x000000008E3C2379 UE4Editor.exe!UnknownFunction []
[2018.02.28-20.23.49:565][650]LogWindows: Error: [Callstack] 0x000000008E3C3D57 UE4Editor.exe!UnknownFunction []
[2018.02.28-20.23.49:565][650]LogWindows: Error: [Callstack] 0x0000000066591FE4 KERNEL32.DLL!UnknownFunction []
[2018.02.28-20.23.49:565][650]LogWindows: Error: [Callstack] 0x000000006686EFC1 ntdll.dll!UnknownFunction []
[2018.02.28-20.23.49:565][650]LogWindows: Error: [Callstack] 0x000000006686EFC1 ntdll.dll!UnknownFunction []
[2018.02.28-20.23.49:565][650]LogWindows: Error: 
[2018.02.28-20.23.49:678][650]LogExit: Executing StaticShutdownAfterError
[2018.02.28-20.23.49:686][650]LogWindows: FPlatformMisc::RequestExit(1)
[2018.02.28-20.23.49:686][650]Log file closed, 02/28/18 12:23:49
