Log file open, 04/27/18 23:33:52
LogWindows: Failed to load 'aqProf.dll' (GetLastError=126)
LogWindows: File 'aqProf.dll' does not exist
LogWindows: Failed to load 'VSPerf140.dll' (GetLastError=126)
LogWindows: File 'VSPerf140.dll' does not exist
LogWindows: Failed to load 'VtuneApi.dll' (GetLastError=126)
LogWindows: File 'VtuneApi.dll' does not exist
LogWindows: Failed to load 'VtuneApi32e.dll' (GetLastError=126)
LogWindows: File 'VtuneApi32e.dll' does not exist
LogInit: Display: Running engine for game: SushiShop
LogPlatformFile: Not using cached read wrapper
LogInit: Display: RandInit(-1202794463) SRandInit(-1202794463).
LogInit: Read version file with build ID '3709383'
LogInit: Overriding engine version to CL 3832480, compatible CL 3709383
LogInit: Registered custom module enumerator with build ID '3709383'
LogTaskGraph: Started task graph with 5 named threads and 14 total threads with 3 sets of task threads.
LogStats: Stats thread started at 0.281071
LogD3D11RHI: Aftermath initialized
LogModuleManager: Display: Found up-to-date module file ../../../Engine/Plugins/Marketplace/Substance/Binaries/Win64/UE4Editor-SubstanceCore.dll (API version 3709383).
LogModuleManager: Display: Found up-to-date module file ../../../Engine/Plugins/Marketplace/Substance/Binaries/Win64/UE4Editor-SubstanceEditor.dll (API version 3709383).
LogModuleManager: Display: Found up-to-date module file ../../../Engine/Plugins/Marketplace/Substance/Binaries/Win64/UE4Editor-SubstanceSource.dll (API version 3709383).
LogModuleManager: Display: Found up-to-date module file ../../../Engine/Plugins/Marketplace/Substance/Binaries/Win64/UE4Editor-SubstanceLiveLink.dll (API version 3709383).
LogModuleManager: Display: Found up-to-date module file ../../../Engine/Plugins/Runtime/ApexDestruction/Binaries/Win64/UE4Editor-ApexDestruction.dll (API version 3709383).
LogModuleManager: Display: Found up-to-date module file ../../../Engine/Plugins/Runtime/ApexDestruction/Binaries/Win64/UE4Editor-ApexDestructionEditor.dll (API version 3709383).
LogModuleManager: Display: Found up-to-date module file ../../../Engine/Plugins/Experimental/BlueprintStats/Binaries/Win64/UE4Editor-BlueprintStats.dll (API version 3709383).
LogModuleManager: Display: Found up-to-date module file ../../../Engine/Plugins/Runtime/Oculus/OculusAudio/Binaries/Win64/UE4Editor-OculusAudio.dll (API version 3709383).
LogModuleManager: Display: Found up-to-date module file ../../../Engine/Plugins/Runtime/SoundVisualizations/Binaries/Win64/UE4Editor-SoundVisualizations.dll (API version 3709383).
LogModuleManager: Display: Found up-to-date module file ../../../Engine/Plugins/2D/Paper2D/Binaries/Win64/UE4Editor-Paper2D.dll (API version 3709383).
LogModuleManager: Display: Found up-to-date module file ../../../Engine/Plugins/2D/Paper2D/Binaries/Win64/UE4Editor-Paper2DEditor.dll (API version 3709383).
LogModuleManager: Display: Found up-to-date module file ../../../Engine/Plugins/2D/Paper2D/Binaries/Win64/UE4Editor-PaperSpriteSheetImporter.dll (API version 3709383).
LogModuleManager: Display: Found up-to-date module file ../../../Engine/Plugins/2D/Paper2D/Binaries/Win64/UE4Editor-PaperTiledImporter.dll (API version 3709383).
LogModuleManager: Display: Found up-to-date module file ../../../Engine/Plugins/2D/Paper2D/Binaries/Win64/UE4Editor-SmartSnapping.dll (API version 3709383).
LogModuleManager: Display: Found up-to-date module file ../../../Engine/Plugins/Blendables/LightPropagationVolume/Binaries/Win64/UE4Editor-LightPropagationVolumeRuntime.dll (API version 3709383).
LogModuleManager: Display: Found up-to-date module file ../../../Engine/Plugins/Blendables/LightPropagationVolume/Binaries/Win64/UE4Editor-LightPropagationVolumeEditor.dll (API version 3709383).
LogModuleManager: Display: Found up-to-date module file ../../../Engine/Plugins/Developer/GitSourceControl/Binaries/Win64/UE4Editor-GitSourceControl.dll (API version 3709383).
LogModuleManager: Display: Found up-to-date module file ../../../Engine/Plugins/Developer/PerforceSourceControl/Binaries/Win64/UE4Editor-PerforceSourceControl.dll (API version 3709383).
LogModuleManager: Display: Found up-to-date module file ../../../Engine/Plugins/Developer/SubversionSourceControl/Binaries/Win64/UE4Editor-SubversionSourceControl.dll (API version 3709383).
LogModuleManager: Display: Found up-to-date module file ../../../Engine/Plugins/Developer/UObjectPlugin/Binaries/Win64/UE4Editor-UObjectPlugin.dll (API version 3709383).
LogModuleManager: Display: Found up-to-date module file ../../../Engine/Plugins/Developer/VisualStudioCodeSourceCodeAccess/Binaries/Win64/UE4Editor-VisualStudioCodeSourceCodeAccess.dll (API version 3709383).
LogModuleManager: Display: Found up-to-date module file ../../../Engine/Plugins/Developer/VisualStudioSourceCodeAccess/Binaries/Win64/UE4Editor-VisualStudioSourceCodeAccess.dll (API version 3709383).
LogModuleManager: Display: Found up-to-date module file ../../../Engine/Plugins/Editor/AssetManagerEditor/Binaries/Win64/UE4Editor-AssetManagerEditor.dll (API version 3709383).
LogModuleManager: Display: Found up-to-date module file ../../../Engine/Plugins/Editor/AudioCapture/Binaries/Win64/UE4Editor-AudioCapture.dll (API version 3709383).
LogModuleManager: Display: Found up-to-date module file ../../../Engine/Plugins/Editor/FacialAnimation/Binaries/Win64/UE4Editor-FacialAnimation.dll (API version 3709383).
LogModuleManager: Display: Found up-to-date module file ../../../Engine/Plugins/Editor/FacialAnimation/Binaries/Win64/UE4Editor-FacialAnimationEditor.dll (API version 3709383).
LogModuleManager: Display: Found up-to-date module file ../../../Engine/Plugins/Editor/GameplayTagsEditor/Binaries/Win64/UE4Editor-GameplayTagsEditor.dll (API version 3709383).
LogModuleManager: Display: Found up-to-date module file ../../../Engine/Plugins/Editor/MobileLauncherProfileWizard/Binaries/Win64/UE4Editor-MobileLauncherProfileWizard.dll (API version 3709383).
LogModuleManager: Display: Found up-to-date module file ../../../Engine/Plugins/Editor/PluginBrowser/Binaries/Win64/UE4Editor-PluginBrowser.dll (API version 3709383).
LogModuleManager: Display: Found up-to-date module file ../../../Engine/Plugins/Editor/SpeedTreeImporter/Binaries/Win64/UE4Editor-SpeedTreeImporter.dll (API version 3709383).
LogModuleManager: Display: Found up-to-date module file ../../../Engine/Plugins/Experimental/AlembicImporter/Binaries/Win64/UE4Editor-AlembicImporter.dll (API version 3709383).
LogModuleManager: Display: Found up-to-date module file ../../../Engine/Plugins/Experimental/AlembicImporter/Binaries/Win64/UE4Editor-AlembicLibrary.dll (API version 3709383).
LogModuleManager: Display: Found up-to-date module file ../../../Engine/Plugins/Experimental/CharacterAI/Binaries/Win64/UE4Editor-CharacterAI.dll (API version 3709383).
LogModuleManager: Display: Found up-to-date module file ../../../Engine/Plugins/Experimental/HTML5Networking/Binaries/Win64/UE4Editor-HTML5Networking.dll (API version 3709383).
LogModuleManager: Display: Found up-to-date module file ../../../Engine/Plugins/Media/AndroidMedia/Binaries/Win64/UE4Editor-AndroidMediaEditor.dll (API version 3709383).
LogModuleManager: Display: Found up-to-date module file ../../../Engine/Plugins/Media/AndroidMedia/Binaries/Win64/UE4Editor-AndroidMediaFactory.dll (API version 3709383).
LogModuleManager: Display: Found up-to-date module file ../../../Engine/Plugins/Media/AvfMedia/Binaries/Win64/UE4Editor-AvfMediaEditor.dll (API version 3709383).
LogModuleManager: Display: Found up-to-date module file ../../../Engine/Plugins/Media/AvfMedia/Binaries/Win64/UE4Editor-AvfMediaFactory.dll (API version 3709383).
LogModuleManager: Display: Found up-to-date module file ../../../Engine/Plugins/Media/AvfMedia/Binaries/Win64/UE4Editor-AvfMediaFactory.dll (API version 3709383).
LogModuleManager: Display: Found up-to-date module file ../../../Engine/Plugins/Media/ImgMedia/Binaries/Win64/UE4Editor-ImgMedia.dll (API version 3709383).
LogModuleManager: Display: Found up-to-date module file ../../../Engine/Plugins/Media/ImgMedia/Binaries/Win64/UE4Editor-ImgMediaEditor.dll (API version 3709383).
LogModuleManager: Display: Found up-to-date module file ../../../Engine/Plugins/Media/ImgMedia/Binaries/Win64/UE4Editor-ImgMediaFactory.dll (API version 3709383).
LogModuleManager: Display: Found up-to-date module file ../../../Engine/Plugins/Media/ImgMedia/Binaries/Win64/UE4Editor-ImgMediaFactory.dll (API version 3709383).
LogModuleManager: Display: Found up-to-date module file ../../../Engine/Plugins/Media/ImgMedia/Binaries/Win64/UE4Editor-OpenExrWrapper.dll (API version 3709383).
LogModuleManager: Display: Found up-to-date module file ../../../Engine/Plugins/Media/MediaCompositing/Binaries/Win64/UE4Editor-MediaCompositing.dll (API version 3709383).
LogModuleManager: Display: Found up-to-date module file ../../../Engine/Plugins/Media/MediaCompositing/Binaries/Win64/UE4Editor-MediaCompositingEditor.dll (API version 3709383).
LogModuleManager: Display: Found up-to-date module file ../../../Engine/Plugins/Media/MediaPlayerEditor/Binaries/Win64/UE4Editor-MediaPlayerEditor.dll (API version 3709383).
LogModuleManager: Display: Found up-to-date module file ../../../Engine/Plugins/Media/WmfMedia/Binaries/Win64/UE4Editor-WmfMedia.dll (API version 3709383).
LogModuleManager: Display: Found up-to-date module file ../../../Engine/Plugins/Media/WmfMedia/Binaries/Win64/UE4Editor-WmfMediaEditor.dll (API version 3709383).
LogModuleManager: Display: Found up-to-date module file ../../../Engine/Plugins/Media/WmfMedia/Binaries/Win64/UE4Editor-WmfMediaFactory.dll (API version 3709383).
LogModuleManager: Display: Found up-to-date module file ../../../Engine/Plugins/Media/WmfMedia/Binaries/Win64/UE4Editor-WmfMediaFactory.dll (API version 3709383).
LogModuleManager: Display: Found up-to-date module file ../../../Engine/Plugins/Messaging/TcpMessaging/Binaries/Win64/UE4Editor-TcpMessaging.dll (API version 3709383).
LogModuleManager: Display: Found up-to-date module file ../../../Engine/Plugins/Messaging/UdpMessaging/Binaries/Win64/UE4Editor-UdpMessaging.dll (API version 3709383).
LogModuleManager: Display: Found up-to-date module file ../../../Engine/Plugins/MovieScene/ActorSequence/Binaries/Win64/UE4Editor-ActorSequence.dll (API version 3709383).
LogModuleManager: Display: Found up-to-date module file ../../../Engine/Plugins/MovieScene/LevelSequenceEditor/Binaries/Win64/UE4Editor-LevelSequenceEditor.dll (API version 3709383).
LogModuleManager: Display: Found up-to-date module file ../../../Engine/Plugins/MovieScene/MatineeToLevelSequence/Binaries/Win64/UE4Editor-MatineeToLevelSequence.dll (API version 3709383).
LogModuleManager: Display: Found up-to-date module file ../../../Engine/Plugins/Online/OnlineSubsystem/Binaries/Win64/UE4Editor-OnlineSubsystem.dll (API version 3709383).
LogModuleManager: Display: Found up-to-date module file ../../../Engine/Plugins/Runtime/AndroidPermission/Binaries/Win64/UE4Editor-AndroidPermission.dll (API version 3709383).
LogModuleManager: Display: Found up-to-date module file ../../../Engine/Plugins/Online/OnlineSubsystemNull/Binaries/Win64/UE4Editor-OnlineSubsystemNull.dll (API version 3709383).
LogModuleManager: Display: Found up-to-date module file ../../../Engine/Plugins/Online/OnlineSubsystemUtils/Binaries/Win64/UE4Editor-OnlineSubsystemUtils.dll (API version 3709383).
LogModuleManager: Display: Found up-to-date module file ../../../Engine/Plugins/Online/OnlineSubsystemUtils/Binaries/Win64/UE4Editor-OnlineBlueprintSupport.dll (API version 3709383).
LogModuleManager: Display: Found up-to-date module file ../../../Engine/Plugins/Runtime/AndroidDeviceProfileSelector/Binaries/Win64/UE4Editor-AndroidDeviceProfileSelector.dll (API version 3709383).
LogModuleManager: Display: Found up-to-date module file ../../../Engine/Plugins/Runtime/AppleARKit/Binaries/Win64/UE4Editor-AppleARKit.dll (API version 3709383).
LogModuleManager: Display: Found up-to-date module file ../../../Engine/Plugins/Runtime/ArchVisCharacter/Binaries/Win64/UE4Editor-ArchVisCharacter.dll (API version 3709383).
LogModuleManager: Display: Found up-to-date module file ../../../Engine/Plugins/Runtime/CableComponent/Binaries/Win64/UE4Editor-CableComponent.dll (API version 3709383).
LogModuleManager: Display: Found up-to-date module file ../../../Engine/Plugins/Runtime/CustomMeshComponent/Binaries/Win64/UE4Editor-CustomMeshComponent.dll (API version 3709383).
LogModuleManager: Display: Found up-to-date module file ../../../Engine/Plugins/Runtime/ExampleDeviceProfileSelector/Binaries/Win64/UE4Editor-ExampleDeviceProfileSelector.dll (API version 3709383).
LogModuleManager: Display: Found up-to-date module file ../../../Engine/Plugins/Runtime/ImmediatePhysics/Binaries/Win64/UE4Editor-ImmediatePhysics.dll (API version 3709383).
LogModuleManager: Display: Found up-to-date module file ../../../Engine/Plugins/Runtime/ImmediatePhysics/Binaries/Win64/UE4Editor-ImmediatePhysicsEditor.dll (API version 3709383).
LogModuleManager: Display: Found up-to-date module file ../../../Engine/Plugins/Runtime/LocationServicesBPLibrary/Binaries/Win64/UE4Editor-LocationServicesBPLibrary.dll (API version 3709383).
LogModuleManager: Display: Found up-to-date module file ../../../Engine/Plugins/Runtime/MobilePatchingUtils/Binaries/Win64/UE4Editor-MobilePatchingUtils.dll (API version 3709383).
LogModuleManager: Display: Found up-to-date module file ../../../Engine/Plugins/Runtime/Oculus/OculusVR/Binaries/Win64/UE4Editor-OculusHMD.dll (API version 3709383).
LogModuleManager: Display: Found up-to-date module file ../../../Engine/Plugins/Runtime/Oculus/OculusVR/Binaries/Win64/UE4Editor-OculusInput.dll (API version 3709383).
LogModuleManager: Display: Found up-to-date module file ../../../Engine/Plugins/Runtime/Oculus/OculusVR/Binaries/Win64/UE4Editor-OculusEditor.dll (API version 3709383).
LogModuleManager: Display: Found up-to-date module file ../../../Engine/Plugins/Runtime/PhysXVehicles/Binaries/Win64/UE4Editor-PhysXVehicles.dll (API version 3709383).
LogModuleManager: Display: Found up-to-date module file ../../../Engine/Plugins/Runtime/PhysXVehicles/Binaries/Win64/UE4Editor-PhysXVehiclesEditor.dll (API version 3709383).
LogModuleManager: Display: Found up-to-date module file ../../../Engine/Plugins/Runtime/ProceduralMeshComponent/Binaries/Win64/UE4Editor-ProceduralMeshComponent.dll (API version 3709383).
LogModuleManager: Display: Found up-to-date module file ../../../Engine/Plugins/Runtime/ProceduralMeshComponent/Binaries/Win64/UE4Editor-ProceduralMeshComponentEditor.dll (API version 3709383).
LogModuleManager: Display: Found up-to-date module file ../../../Engine/Plugins/Runtime/RuntimePhysXCooking/Binaries/Win64/UE4Editor-RuntimePhysXCooking.dll (API version 3709383).
LogModuleManager: Display: Found up-to-date module file ../../../Engine/Plugins/Runtime/Steam/SteamVR/Binaries/Win64/UE4Editor-SteamVR.dll (API version 3709383).
LogModuleManager: Display: Found up-to-date module file ../../../Engine/Plugins/Runtime/Steam/SteamVR/Binaries/Win64/UE4Editor-SteamVRController.dll (API version 3709383).
LogModuleManager: Display: Found up-to-date module file ../../../Engine/Plugins/Runtime/WindowsMoviePlayer/Binaries/Win64/UE4Editor-WindowsMoviePlayer.dll (API version 3709383).
LogPluginManager: Mounting plugin Paper2D
LogPluginManager: Mounting plugin LightPropagationVolume
LogPluginManager: Mounting plugin CodeLiteSourceCodeAccess
LogPluginManager: Mounting plugin GitSourceControl
LogPluginManager: Mounting plugin KDevelopSourceCodeAccess
LogPluginManager: Mounting plugin NullSourceCodeAccess
LogPluginManager: Mounting plugin PerforceSourceControl
LogPluginManager: Mounting plugin SubversionSourceControl
LogPluginManager: Mounting plugin UObjectPlugin
LogPluginManager: Mounting plugin VisualStudioCodeSourceCodeAccess
LogPluginManager: Mounting plugin VisualStudioSourceCodeAccess
LogPluginManager: Mounting plugin XCodeSourceCodeAccess
LogPluginManager: Mounting plugin AssetManagerEditor
LogPluginManager: Mounting plugin AudioCapture
LogPluginManager: Mounting plugin FacialAnimation
LogPluginManager: Mounting plugin GameplayTagsEditor
LogPluginManager: Mounting plugin MobileLauncherProfileWizard
LogPluginManager: Mounting plugin PluginBrowser
LogPluginManager: Mounting plugin SpeedTreeImporter
LogPluginManager: Mounting plugin AlembicImporter
LogPluginManager: Mounting plugin BlueprintStats
LogPluginManager: Mounting plugin CharacterAI
LogPluginManager: Mounting plugin HTML5Networking
LogPluginManager: Mounting plugin Substance
LogPluginManager: Mounting plugin AndroidMedia
LogPluginManager: Mounting plugin AvfMedia
LogPluginManager: Mounting plugin ImgMedia
LogPluginManager: Mounting plugin MediaCompositing
LogPluginManager: Mounting plugin MediaPlayerEditor
LogPluginManager: Mounting plugin WmfMedia
LogPluginManager: Mounting plugin TcpMessaging
LogPluginManager: Mounting plugin UdpMessaging
LogPluginManager: Mounting plugin ActorSequence
LogPluginManager: Mounting plugin LevelSequenceEditor
LogPluginManager: Mounting plugin MatineeToLevelSequence
LogPluginManager: Mounting plugin OnlineSubsystemGooglePlay
LogPluginManager: Mounting plugin OnlineSubsystemIOS
LogPluginManager: Mounting plugin OnlineSubsystem
LogPluginManager: Mounting plugin OnlineSubsystemNull
LogPluginManager: Mounting plugin OnlineSubsystemUtils
LogPluginManager: Mounting plugin AndroidDeviceProfileSelector
LogPluginManager: Mounting plugin AndroidMoviePlayer
LogPluginManager: Mounting plugin AndroidPermission
LogPluginManager: Mounting plugin ApexDestruction
LogPluginManager: Mounting plugin AppleARKit
LogPluginManager: Mounting plugin AppleMoviePlayer
LogPluginManager: Mounting plugin ArchVisCharacter
LogPluginManager: Mounting plugin CableComponent
LogPluginManager: Mounting plugin CustomMeshComponent
LogPluginManager: Mounting plugin ExampleDeviceProfileSelector
LogPluginManager: Mounting plugin GoogleCloudMessaging
LogPluginManager: Mounting plugin ImmediatePhysics
LogPluginManager: Mounting plugin IOSDeviceProfileSelector
LogPluginManager: Mounting plugin LinuxDeviceProfileSelector
LogPluginManager: Mounting plugin LocationServicesBPLibrary
LogPluginManager: Mounting plugin MobilePatchingUtils
LogPluginManager: Mounting plugin OculusAudio
LogPluginManager: Mounting plugin OculusVR
LogPluginManager: Plugin shader directory ../../../Engine/Plugins/Runtime/Oculus/OculusVR/Shaders found
LogPluginManager: Mapping shader source directory ../../../Engine/Plugins/Runtime/Oculus/OculusVR/Shaders to virtual directory /Plugin/OculusVR
LogPluginManager: Mounting plugin PhysXVehicles
LogPluginManager: Mounting plugin ProceduralMeshComponent
LogPluginManager: Mounting plugin RuntimePhysXCooking
LogPluginManager: Mounting plugin SoundVisualizations
LogPluginManager: Mounting plugin SteamVR
LogPluginManager: Mounting plugin WindowsMoviePlayer
LogInit: Using libcurl 7.47.1
LogInit:  - built for x86_64-pc-win32
LogInit:  - supports SSL with OpenSSL/1.0.2g
LogInit:  - supports HTTP deflate (compression) using libz 1.2.8
LogInit:  - other features:
LogInit:      CURL_VERSION_SSL
LogInit:      CURL_VERSION_LIBZ
LogInit:      CURL_VERSION_IPV6
LogInit:      CURL_VERSION_ASYNCHDNS
LogInit:      CURL_VERSION_LARGEFILE
LogInit:      CURL_VERSION_IDN
LogInit:  CurlRequestOptions (configurable via config and command line):
LogInit:  - bVerifyPeer = false  - Libcurl will NOT verify peer certificate
LogInit:  - bUseHttpProxy = false  - Libcurl will NOT use HTTP proxy
LogInit:  - bDontReuseConnections = false  - Libcurl will reuse connections
LogInit:  - CertBundlePath = nullptr  - Libcurl will use whatever was configured at build time.
LogInit: Build: ++UE4+Release-4.18-CL-3832480
LogInit: Engine Version: 4.18.3-3832480+++UE4+Release-4.18
LogInit: Compatible Engine Version: 4.18.0-3709383+++UE4+Release-4.18
LogInit: Net CL: 3709383
LogDevObjectVersion: Number of dev versions registered: 16
LogDevObjectVersion:   Dev-Blueprints (B0D832E4-1F89-4F0D-ACCF-7EB736FD4AA2): 10
LogDevObjectVersion:   Dev-Build (E1C64328-A22C-4D53-A36C-8E866417BD8C): 0
LogDevObjectVersion:   Dev-Core (375EC13C-06E4-48FB-B500-84F0262A717E): 2
LogDevObjectVersion:   Dev-Editor (E4B068ED-F494-42E9-A231-DA0B2E46BB41): 20
LogDevObjectVersion:   Dev-Framework (CFFC743F-43B0-4480-9391-14DF171D2073): 30
LogDevObjectVersion:   Dev-Mobile (B02B49B5-BB20-44E9-A304-32B752E40360): 0
LogDevObjectVersion:   Dev-Networking (A4E4105C-59A1-49B5-A7C5-40C4547EDFEE): 0
LogDevObjectVersion:   Dev-Online (39C831C9-5AE6-47DC-9A44-9C173E1C8E7C): 0
LogDevObjectVersion:   Dev-Physics (78F01B33-EBEA-4F98-B9B4-84EACCB95AA2): 0
LogDevObjectVersion:   Dev-Platform (6631380F-2D4D-43E0-8009-CF276956A95A): 0
LogDevObjectVersion:   Dev-Rendering (12F88B9F-8875-4AFC-A67C-D90C383ABD29): 20
LogDevObjectVersion:   Dev-Sequencer (7B5AE74C-D270-4C10-A958-57980B212A5A): 4
LogDevObjectVersion:   Dev-VR (D7296918-1DD6-4BDD-9DE2-64A83CC13884): 0
LogDevObjectVersion:   Dev-LoadTimes (C2A15278-BFE7-4AFE-6C17-90FF531DF755): 1
LogDevObjectVersion:   Private-Geometry (6EACA3D4-40EC-4CC1-B786-8BED09428FC5): 1
LogDevObjectVersion:   Dev-AnimPhys (29E575DD-E0A3-4627-9D10-D276232CDCEA): 12
LogInit: Compiled (64-bit): Jan 12 2018 02:04:55
LogInit: Compiled with Visual C++: 19.00.24215.01
LogInit: Build Configuration: Development
LogInit: Branch Name: ++UE4+Release-4.18
LogInit: Command line: 
LogInit: Base directory: C:/Program Files/Epic Games/UE_4.18/Engine/Binaries/Win64/
LogInit: Installed Engine Build: 1
LogInit: Presizing for max 8388607 objects, including 0 objects not considered by GC, pre-allocating 0 bytes for permanent pool.
LogInit: Object subsystem initialized
[2018.04.28-06.33.54:258][  0]LogInit: Selected Device Profile: [Windows]
[2018.04.28-06.33.54:258][  0]LogInit: Applying CVar settings loaded from the selected device profile: [Windows]
[2018.04.28-06.33.54:275][  0]LogInit: Computer: DESKTOP-TMTLRPJ
[2018.04.28-06.33.54:275][  0]LogInit: User: GameDevClub
[2018.04.28-06.33.54:275][  0]LogInit: CPU Page size=4096, Cores=4
[2018.04.28-06.33.54:275][  0]LogInit: High frequency timer resolution =4.101559 MHz
[2018.04.28-06.33.54:275][  0]LogMemory: Memory total: Physical=16.0GB (16GB approx)
[2018.04.28-06.33.54:275][  0]LogMemory: Platform Memory Stats for Windows
[2018.04.28-06.33.54:275][  0]LogMemory: Process Physical Memory: 282.61 MB used, 282.61 MB peak
[2018.04.28-06.33.54:275][  0]LogMemory: Process Virtual Memory: 289.71 MB used, 289.71 MB peak
[2018.04.28-06.33.54:275][  0]LogMemory: Physical Memory: 10015.17 MB used,  6331.96 MB free, 16347.13 MB total
[2018.04.28-06.33.54:275][  0]LogMemory: Virtual Memory: 754.88 MB used,  6331.96 MB free, 134217728.00 MB total
[2018.04.28-06.33.54:418][  0]LogInit: Using OS detected language (en-US).
[2018.04.28-06.33.54:418][  0]LogInit: Using OS detected locale (en-US).
[2018.04.28-06.33.54:421][  0]LogTextLocalizationManager: No specific localization for 'en-US' exists, so the 'en' localization will be used.
[2018.04.28-06.33.54:775][  0]LogInit: Setting process to per monitor DPI aware
[2018.04.28-06.33.56:653][  0]LogD3D11RHI: D3D11 adapters:
[2018.04.28-06.33.56:684][  0]LogD3D11RHI:    0. 'NVIDIA GeForce GTX 1080 Ti' (Feature Level 11_0)
[2018.04.28-06.33.56:685][  0]LogD3D11RHI:       11127/0/8173 MB DedicatedVideo/DedicatedSystem/SharedSystem, Outputs:3, VendorId:0x10de
[2018.04.28-06.33.56:687][  0]LogD3D11RHI:    1. 'Microsoft Basic Render Driver' (Feature Level 11_0)
[2018.04.28-06.33.56:687][  0]LogD3D11RHI:       0/0/8173 MB DedicatedVideo/DedicatedSystem/SharedSystem, Outputs:0, VendorId:0x1414
[2018.04.28-06.33.56:687][  0]LogD3D11RHI: Chosen D3D11 Adapter: 0
[2018.04.28-06.33.56:693][  0]LogD3D11RHI: Creating new Direct3DDevice
[2018.04.28-06.33.56:693][  0]LogD3D11RHI:     GPU DeviceId: 0x1b06 (for the marketing name, search the web for "GPU Device Id")
[2018.04.28-06.33.56:693][  0]LogWindows: EnumDisplayDevices:
[2018.04.28-06.33.56:693][  0]LogWindows:    0. 'NVIDIA GeForce GTX 1080 Ti' (P:1 D:1)
[2018.04.28-06.33.56:694][  0]LogWindows:    1. 'NVIDIA GeForce GTX 1080 Ti' (P:0 D:1)
[2018.04.28-06.33.56:694][  0]LogWindows:    2. 'NVIDIA GeForce GTX 1080 Ti' (P:0 D:1)
[2018.04.28-06.33.56:694][  0]LogWindows:    3. 'NVIDIA GeForce GTX 1080 Ti' (P:0 D:0)
[2018.04.28-06.33.56:694][  0]LogWindows: DebugString: GetVideoDriverDetailsInvalid PrimaryIsNotTheChoosenAdapter GetVideoDriverDetailsInvalid PrimaryIsNotTheChoosenAdapter GetVideoDriverDetailsInvalid PrimaryIsNotTheChoosenAdapter GetVideoDriverDetailsInvalid PrimaryIsNotTheChoosenAdapter FoundDriverCount:0 
[2018.04.28-06.33.56:694][  0]LogD3D11RHI:     Adapter Name: NVIDIA GeForce GTX 1080 Ti
[2018.04.28-06.33.56:694][  0]LogD3D11RHI:   Driver Version: Unknown (internal:Unknown, unified:Unknown)
[2018.04.28-06.33.56:694][  0]LogD3D11RHI:      Driver Date: Unknown
[2018.04.28-06.33.56:694][  0]LogRHI: Texture pool is 7788 MB (70% of 11127 MB)
[2018.04.28-06.33.56:713][  0]LogD3D11RHI: Async texture creation enabled
[2018.04.28-06.33.56:775][  0]LogD3D11RHI: GPU Timing Frequency: 1000.000000 (Debug: 2 2)
[2018.04.28-06.33.56:871][  0]LogShaderCompilers: Guid format shader working directory is -21 characters bigger than the processId version (../../../../../../Users/GameDevClub/Documents/GitHub/SushiShop/SushiShop/Intermediate/Shaders/WorkingDirectory/12128/).
[2018.04.28-06.33.56:871][  0]LogShaderCompilers: Cleaned the shader compiler working directory 'C:/Users/GameDevClub/AppData/Local/Temp/UnrealShaderWorkingDir/DFFC9A9A4033FA602876A48041C6055B/'.
[2018.04.28-06.33.56:871][  0]LogShaderCompilers: Display: Using Local Shader Compiler.
[2018.04.28-06.33.57:761][  0]LogTemp: Display: Loaded TP AllDesktopTargetPlatform
[2018.04.28-06.33.57:803][  0]LogTemp: Display: Loaded TP MacClientTargetPlatform
[2018.04.28-06.33.57:848][  0]LogTemp: Display: Loaded TP MacNoEditorTargetPlatform
[2018.04.28-06.33.57:892][  0]LogTemp: Display: Loaded TP MacServerTargetPlatform
[2018.04.28-06.33.57:940][  0]LogTemp: Display: Loaded TP MacTargetPlatform
[2018.04.28-06.33.57:984][  0]LogTemp: Display: Loaded TP WindowsClientTargetPlatform
[2018.04.28-06.33.58:027][  0]LogTemp: Display: Loaded TP WindowsNoEditorTargetPlatform
[2018.04.28-06.33.58:069][  0]LogTemp: Display: Loaded TP WindowsServerTargetPlatform
[2018.04.28-06.33.58:105][  0]LogTemp: Display: Loaded TP WindowsTargetPlatform
[2018.04.28-06.33.58:145][  0]LogTemp: Display: Loaded TP Android_ASTCTargetPlatform
[2018.04.28-06.33.58:187][  0]LogTemp: Display: Loaded TP Android_ATCTargetPlatform
[2018.04.28-06.33.58:229][  0]LogTemp: Display: Loaded TP Android_DXTTargetPlatform
[2018.04.28-06.33.58:269][  0]LogTemp: Display: Loaded TP Android_ETC1TargetPlatform
[2018.04.28-06.33.58:310][  0]LogTemp: Display: Loaded TP Android_ETC2TargetPlatform
[2018.04.28-06.33.58:393][  0]LogTemp: Display: Loaded TP Android_MultiTargetPlatform
[2018.04.28-06.33.58:393][  0]LogTemp: Display: Loaded TP Android_PVRTCTargetPlatform
[2018.04.28-06.33.58:440][  0]LogTemp: Display: Loaded TP AndroidTargetPlatform
[2018.04.28-06.33.58:473][  0]LogTemp: Display: Loaded TP HTML5TargetPlatform
[2018.04.28-06.33.58:556][  0]LogTemp: Display: Loaded TP IOSTargetPlatform
[2018.04.28-06.33.58:578][  0]LogTemp: Display: Loaded TP TVOSTargetPlatform
[2018.04.28-06.33.58:627][  0]LogTemp: Display: Loaded TP LinuxClientTargetPlatform
[2018.04.28-06.33.58:673][  0]LogTemp: Display: Loaded TP LinuxNoEditorTargetPlatform
[2018.04.28-06.33.58:722][  0]LogTemp: Display: Loaded TP LinuxServerTargetPlatform
[2018.04.28-06.33.58:768][  0]LogTemp: Display: Loaded TP LinuxTargetPlatform
[2018.04.28-06.33.58:768][  0]LogTargetPlatformManager: Display: Building Assets For Windows
[2018.04.28-06.33.59:181][  0]LogDerivedDataCache: Display: Max Cache Size: 512 MB
[2018.04.28-06.33.59:321][  0]LogDerivedDataCache: Loaded boot cache 0.14s 80MB C:/Users/GameDevClub/AppData/Local/UnrealEngine/4.18/DerivedDataCache/Boot.ddc.
[2018.04.28-06.33.59:321][  0]LogDerivedDataCache: Display: Loaded Boot cache: C:/Users/GameDevClub/AppData/Local/UnrealEngine/4.18/DerivedDataCache/Boot.ddc
[2018.04.28-06.33.59:321][  0]LogDerivedDataCache: FDerivedDataBackendGraph:  Pak pak cache file ../../../../../../Users/GameDevClub/Documents/GitHub/SushiShop/SushiShop/DerivedDataCache/DDC.ddp not found, will not use a pak cache.
[2018.04.28-06.33.59:321][  0]LogDerivedDataCache: Unable to find inner node Pak for hierarchical cache Hierarchy.
[2018.04.28-06.33.59:321][  0]LogDerivedDataCache: FDerivedDataBackendGraph:  CompressedPak pak cache file ../../../../../../Users/GameDevClub/Documents/GitHub/SushiShop/SushiShop/DerivedDataCache/Compressed.ddp not found, will not use a pak cache.
[2018.04.28-06.33.59:321][  0]LogDerivedDataCache: Unable to find inner node CompressedPak for hierarchical cache Hierarchy.
[2018.04.28-06.33.59:339][  0]LogDerivedDataCache: Display: Pak cache opened for reading ../../../Engine/DerivedDataCache/Compressed.ddp.
[2018.04.28-06.33.59:351][  0]LogDerivedDataCache: Using Local data cache path C:/Users/GameDevClub/AppData/Local/UnrealEngine/Common/DerivedDataCache: Writable
[2018.04.28-06.33.59:359][  0]LogMaterial: Verifying Global Shaders for PCD3D_SM5
[2018.04.28-06.33.59:361][  0]LogSlate: Using Freetype 2.6.0
[2018.04.28-06.33.59:362][  0]LogSlate: SlateFontCache - WITH_FREETYPE: 1, WITH_HARFBUZZ: 1
[2018.04.28-06.33.59:362][  0]LogSlate: SlateFontCache - WITH_FREETYPE: 1, WITH_HARFBUZZ: 1
[2018.04.28-06.33.59:743][  0]LogInit: Selected Device Profile: [Windows]
[2018.04.28-06.34.00:045][  0]LogSimplygon: Simplygon DLL not present - disabling.
[2018.04.28-06.34.00:084][  0]LogMeshReduction: Using SimplygonSwarm for distributed automatic mesh merging
[2018.04.28-06.34.00:084][  0]LogMeshReduction: Using QuadricMeshReduction for automatic static mesh reduction
[2018.04.28-06.34.00:084][  0]LogMeshReduction: No automatic skeletal mesh reduction module available
[2018.04.28-06.34.00:084][  0]LogMeshReduction: No automatic mesh merging module available
[2018.04.28-06.34.00:084][  0]LogMeshMerging: No automatic mesh merging module available
[2018.04.28-06.34.00:117][  0]LogNetVersion: SushiShop , NetCL: 3709383, EngineNetVer: 2, GameNetVer: 0 (Checksum: 2343829258)
[2018.04.28-06.34.00:264][  0]LogAssetRegistry: FAssetRegistry took 0.0242 seconds to start up
[2018.04.28-06.34.00:732][  0]LogPackageLocalizationCache: Processed 7 localized package path(s) for 2 prioritized culture(s) in 0.064368 seconds
[2018.04.28-06.34.00:737][  0]LogUObjectArray: 35870 objects as part of root set at end of initial load.
[2018.04.28-06.34.00:737][  0]LogUObjectAllocator: 7363696 out of 0 bytes used by permanent object pool.
[2018.04.28-06.34.00:737][  0]LogUObjectArray: CloseDisregardForGC: 0/0 objects in disregard for GC pool
[2018.04.28-06.34.00:780][  0]LogInit: WinSock: version 1.1 (2.2), MaxSocks=32767, MaxUdp=65467
[2018.04.28-06.34.05:010][  0]LogSubstanceCoreModule: Substance [CPU] Engine Loaded, Max Texture Size = 2048
[2018.04.28-06.34.05:043][  0]LogTcpMessaging: Initializing TcpMessaging bridge
[2018.04.28-06.34.05:079][  0]LogUdpMessaging: Initializing bridge on interface 0.0.0.0:0 to multicast group 230.0.0.1:6666.
[2018.04.28-06.34.05:838][  0]LogMaterial: Uniform references updated for custom material expression Custom.
[2018.04.28-06.34.06:197][  0]SourceControl: Source control is disabled
[2018.04.28-06.34.06:197][  0]SourceControl: Source control is disabled
[2018.04.28-06.34.06:245][  0]SourceControl: Source control is disabled
[2018.04.28-06.34.06:289][  0]SourceControl: Source control is disabled
[2018.04.28-06.34.07:066][  0]LogAndroidPermission: UAndroidPermissionCallbackProxy::GetInstance
[2018.04.28-06.34.07:290][  0]LogOcInput: OculusInput pre-init called
[2018.04.28-06.34.07:828][  0]LogEngine: Initializing Engine...
[2018.04.28-06.34.07:830][  0]LogHMD: Oculus plugin initialized. Version: 4.18.3-3832480+++UE4+Release-4.18, OVRPlugin: 1.19.0
[2018.04.28-06.34.07:995][  0]LogStats: UGameplayTagsManager::ConstructGameplayTagTree: Construct from data asset -  0.000 s
[2018.04.28-06.34.07:995][  0]LogStats: UGameplayTagsManager::ConstructGameplayTagTree: GameplayTagTreeChangedEvent.Broadcast -  0.000 s
[2018.04.28-06.34.08:105][  0]LogAIModule: Creating AISystem for world Untitled
[2018.04.28-06.34.08:113][  0]LogInit: XAudio2 using 'Headphones (Rift Audio)' : 2 channels at 48 kHz using 16 bits per sample (channel mask 0x3)
[2018.04.28-06.34.08:124][  0]LogInit: FAudioDevice initialized.
[2018.04.28-06.34.08:168][  0]LogDerivedDataCache: Saved boot cache 0.04s 80MB C:/Users/GameDevClub/AppData/Local/UnrealEngine/4.18/DerivedDataCache/Boot.ddc.
[2018.04.28-06.34.08:175][  0]LogInit: Texture streaming: Enabled
[2018.04.28-06.34.08:258][  0]LogEngineSessionManager: EngineSessionManager initialized
[2018.04.28-06.34.08:258][  0]LogEngineSessionManager: EngineSessionManager sent abnormal shutdown report. Type=Crashed, SessionId={D101CE7E-4BD1-10C9-3EE4-AA948CDC919D}
[2018.04.28-06.34.08:369][  0]LogInit: Transaction tracking system initialized
[2018.04.28-06.34.08:645][  0]BlueprintLog: New page: Editor Load
[2018.04.28-06.34.09:433][  0]LocalizationService: Localization service is disabled
[2018.04.28-06.34.10:161][  0]LogConsoleResponse: Display: 
[2018.04.28-06.34.10:386][  0]LogCook: Display: Max memory allowance for cook 16384mb min free memory 0mb
[2018.04.28-06.34.10:386][  0]LogCook: Display: Mobile HDR setting 1
[2018.04.28-06.34.10:386][  0]LogGameplayTags: Display: UGameplayTagsManager::DoneAddingNativeTags. DelegateIsBound: 0
[2018.04.28-06.34.11:058][  0]LogFileCache: Scanning file cache for directory 'C:/Users/GameDevClub/Documents/GitHub/SushiShop/SushiShop/Content/' took 0.02s
[2018.04.28-06.34.11:489][  0]SourceControl: Source control is disabled
[2018.04.28-06.34.11:568][  0]LogSlate: Took 0.000121 seconds to synchronously load lazily loaded font '../../../Engine/Content/Slate/Fonts/Roboto-Regular.ttf' (155K)
[2018.04.28-06.42.00:827][  0]Cmd: MAP LOAD FILE="../../../../../../Users/GameDevClub/Documents/GitHub/SushiShop/SushiShop/Content/VirtualRealityBP/Maps/StartupMap.umap" TEMPLATE=0 SHOWPROGRESS=1 FEATURELEVEL=3
[2018.04.28-06.42.00:832][  0]LightingResults: New page: Lighting Build
[2018.04.28-06.42.00:866][  0]MapCheck: New page: Map Check
[2018.04.28-06.42.00:866][  0]LightingResults: New page: Lighting Build
[2018.04.28-06.42.01:000][  0]LogAIModule: Creating AISystem for world StartupMap
[2018.04.28-06.42.01:007][  0]LogEditorServer: Finished looking for orphan Actors (0.000 secs)
[2018.04.28-06.42.01:014][  0]Cmd: MAP CHECKDEP NOCLEARLOG
[2018.04.28-06.42.01:051][  0]MapCheck: Map check complete: 0 Error(s), 0 Warning(s), took 37.15ms to complete.
[2018.04.28-06.42.01:052][  0]LogFileHelpers: Loading map 'StartupMap' took 0.224
[2018.04.28-06.42.01:188][  0]LogStats: Warning: MetaData mismatch. Did you assign a stat to two groups? New //STATGROUP_Threads//SplashScreenThread///Thread_1c74_0///####STATCAT_Advanced#### old //STATGROUP_Threads//SplashScreenThread///Thread_315c_0///####STATCAT_Advanced####
[2018.04.28-06.42.01:188][  0]LogCollectionManager: Loaded 0 collections in 0.001494 seconds
[2018.04.28-06.42.01:261][  0]LogFileCache: Scanning file cache for directory 'C:/Users/GameDevClub/Documents/GitHub/SushiShop/SushiShop/Saved/Collections/' took 0.01s
[2018.04.28-06.42.01:261][  0]LogFileCache: Scanning file cache for directory 'C:/Users/GameDevClub/Documents/GitHub/SushiShop/SushiShop/Content/Developers/GameDevClub/Collections/' took 0.01s
[2018.04.28-06.42.01:261][  0]LogFileCache: Scanning file cache for directory 'C:/Users/GameDevClub/Documents/GitHub/SushiShop/SushiShop/Content/Collections/' took 0.01s
[2018.04.28-06.42.01:261][  0]LogCollectionManager: Rebuilt the GUID cache for 0 collections in 0.000000 seconds
[2018.04.28-06.42.01:267][  0]LogContentBrowser: Native class hierarchy populated in 0.0059 seconds. Added 2388 classes and 535 folders.
[2018.04.28-06.42.01:317][  0]LogContentBrowser: Native class hierarchy updated for 'WidgetCarousel' in 0.0001 seconds. Added 0 classes and 0 folders.
[2018.04.28-06.42.01:573][  0]LogContentBrowser: Native class hierarchy updated for 'AddContentDialog' in 0.0002 seconds. Added 0 classes and 0 folders.
[2018.04.28-06.42.01:618][  0]LogSlate: Took 0.000132 seconds to synchronously load lazily loaded font '../../../Engine/Content/Slate/Fonts/Roboto-Bold.ttf' (160K)
[2018.04.28-06.42.01:623][  0]LogSlate: Took 0.003244 seconds to synchronously load lazily loaded font '../../../Engine/Content/Editor/Slate/Fonts/FontAwesome.ttf' (139K)
[2018.04.28-06.42.01:687][  0]LogRenderer: Reallocating scene render targets to support 896x488 Format 26 NumSamples 1 (Frame:1).
[2018.04.28-06.42.01:799][  0]LogContentBrowser: Native class hierarchy updated for 'HierarchicalLODOutliner' in 0.0002 seconds. Added 1 classes and 2 folders.
[2018.04.28-06.42.01:799][  0]LogLoad: (Engine Initialization) Total time: 490.73 seconds
[2018.04.28-06.42.01:799][  0]LogLoad: (Engine Initialization) Total Blueprint compile time: 0.00 seconds
[2018.04.28-06.42.01:799][  0]LogExternalProfiler: No external profilers were discovered.  External profiling features will not be available.
[2018.04.28-06.42.01:813][  0]LogOcInput: OculusInput is initialized
[2018.04.28-06.42.01:831][  0]LogContentStreaming: Texture pool size now 1000 MB
[2018.04.28-06.42.01:868][  1]LogSubstanceLiveLink: Warning: Unable to send data along socket, closing connection
[2018.04.28-06.42.01:876][  1]LogAssetRegistry: Asset discovery search completed in 481.6334 seconds
[2018.04.28-06.42.01:877][  1]LogCollectionManager: Rebuilt the object cache for 0 collections in 0.000000 seconds (found 0 objects)
[2018.04.28-06.42.01:877][  1]LogCollectionManager: Fixed up redirectors for 0 collections in 0.000050 seconds (updated 0 objects)
[2018.04.28-06.42.02:849][113]LogSlate: Took 0.003744 seconds to synchronously load lazily loaded font '../../../Engine/Content/Slate/Fonts/Roboto-Light.ttf' (159K)
[2018.04.28-06.42.05:873][476]LogSlate: Took 0.000110 seconds to synchronously load lazily loaded font '../../../Engine/Content/Slate/Fonts/Roboto-Light.ttf' (159K)
[2018.04.28-06.52.17:471][630]LogSlate: Took 0.000105 seconds to synchronously load lazily loaded font '../../../Engine/Content/Slate/Fonts/Roboto-Light.ttf' (159K)
[2018.04.28-06.52.17:507][630]LogContentBrowser: Native class hierarchy updated for 'MaterialEditor' in 0.0002 seconds. Added 1 classes and 0 folders.
[2018.04.28-06.52.17:509][630]LogMaterial: Missing cached shader map for material Main_Menu_M, compiling. 
[2018.04.28-06.52.17:759][630]LogMaterial: Missing cached shader map for material Main_Menu_M, compiling. 
[2018.04.28-06.52.17:764][630]LogMaterial: Missing cached shader map for material Main_Menu_M, compiling. 
[2018.04.28-06.52.18:186][630]LogContentBrowser: Native class hierarchy updated for 'BlueprintGraph' in 0.0004 seconds. Added 116 classes and 0 folders.
[2018.04.28-06.52.18:951][630]LogSlate: Took 0.004182 seconds to synchronously load lazily loaded font '../../../Engine/Content/Editor/Slate/Fonts/Roboto-BoldCondensed.ttf' (158K)
[2018.04.28-06.52.18:979][631]MaterialEditorStats: Base pass shader without light map: 70 instructions
[2018.04.28-06.52.18:979][631]MaterialEditorStats: Vertex shader: 90 instructions
[2018.04.28-06.52.18:979][631]MaterialEditorStats: Texture samplers: 0/16
[2018.04.28-07.20.48:141][428]LogAIModule: Creating AISystem for world Menu
[2018.04.28-07.20.48:159][428]Cmd: MAP LOAD FILE="../../../../../../Users/GameDevClub/Documents/GitHub/SushiShop/SushiShop/Content/SushiShop/Levels/Menu.umap" TEMPLATE=0 SHOWPROGRESS=1 FEATURELEVEL=3
[2018.04.28-07.20.48:160][428]LightingResults: New page: Lighting Build
[2018.04.28-07.20.48:160][428]LoadErrors: New page: Loading map: Menu.umap
[2018.04.28-07.20.48:161][428]MapCheck: New page: Map Check
[2018.04.28-07.20.48:161][428]LightingResults: New page: Lighting Build
[2018.04.28-07.20.48:209][428]LogEditorServer: Finished looking for orphan Actors (0.000 secs)
[2018.04.28-07.20.48:268][428]Cmd: MAP CHECKDEP NOCLEARLOG
[2018.04.28-07.20.48:307][428]MapCheck: Map check complete: 0 Error(s), 0 Warning(s), took 38.95ms to complete.
[2018.04.28-07.20.48:307][428]LogFileHelpers: Loading map 'Menu' took 0.148
[2018.04.28-07.20.50:584][693]Cmd: CAMERA ALIGN ACTIVEVIEWPORTONLY
[2018.04.28-07.20.51:646][815]LogEditorActor: Deleted Actor: StaticMeshActor
[2018.04.28-07.20.51:658][815]LogEditorActor: Deleted 1 Actors (0.016 secs)
[2018.04.28-07.20.53:900][ 81]LogEditorActor: Deleted Actor: AtmosphericFog
[2018.04.28-07.20.53:913][ 81]LogEditorActor: Deleted 1 Actors (0.013 secs)
[2018.04.28-07.20.54:438][142]LogEditorActor: Deleted Actor: SkyLight
[2018.04.28-07.20.54:449][142]LogEditorActor: Deleted 1 Actors (0.012 secs)
[2018.04.28-07.20.56:842][429]Cmd: TRANSACTION UNDO
[2018.04.28-07.20.56:842][429]LogEditorTransaction: Undo Delete selection
[2018.04.28-07.20.56:850][429]LogMaterial: Missing cached shader map for material Main_Menu_M, compiling. 
[2018.04.28-07.20.57:311][466]MaterialEditorStats: Base pass shader without light map: 70 instructions
[2018.04.28-07.20.57:311][466]MaterialEditorStats: Vertex shader: 90 instructions
[2018.04.28-07.20.57:311][466]MaterialEditorStats: Texture samplers: 0/16
[2018.04.28-07.20.57:464][484]Cmd: TRANSACTION UNDO
[2018.04.28-07.20.57:464][484]LogEditorTransaction: Undo Clicking on Actors
[2018.04.28-07.20.57:466][484]LogMaterial: Missing cached shader map for material Main_Menu_M, compiling. 
[2018.04.28-07.20.57:695][508]MaterialEditorStats: Base pass shader without light map: 70 instructions
[2018.04.28-07.20.57:695][508]MaterialEditorStats: Vertex shader: 90 instructions
[2018.04.28-07.20.57:695][508]MaterialEditorStats: Texture samplers: 0/16
[2018.04.28-07.20.58:219][571]Cmd: TRANSACTION UNDO
[2018.04.28-07.20.58:219][571]LogEditorTransaction: Undo Delete selection
[2018.04.28-07.20.58:228][571]LogMaterial: Missing cached shader map for material Main_Menu_M, compiling. 
[2018.04.28-07.20.58:458][591]MaterialEditorStats: Base pass shader without light map: 70 instructions
[2018.04.28-07.20.58:458][591]MaterialEditorStats: Vertex shader: 90 instructions
[2018.04.28-07.20.58:458][591]MaterialEditorStats: Texture samplers: 0/16
[2018.04.28-07.20.59:399][700]LogEditorActor: Deleted Actor: SkyLight
[2018.04.28-07.20.59:410][700]LogEditorActor: Deleted 1 Actors (0.012 secs)
[2018.04.28-07.21.13:095][337]LogActorFactory: Actor Factory created Cube
[2018.04.28-07.21.13:606][397]LogActorFactory: Actor Factory created Cube
[2018.04.28-07.21.34:262][788]LogSlate: Took 0.003807 seconds to synchronously load lazily loaded font '../../../Engine/Content/Editor/Slate/Fonts/Roboto-Italic.ttf' (157K)
[2018.04.28-07.21.39:543][408]LogEditorActor: Deleted Actor: AtmosphericFog
[2018.04.28-07.21.39:556][408]LogEditorActor: Deleted 1 Actors (0.014 secs)
[2018.04.28-07.21.52:843][975]Cmd: CAMERA ALIGN ACTIVEVIEWPORTONLY
[2018.04.28-07.22.06:415][583]LogSavePackage: Save=10.71ms
[2018.04.28-07.22.06:415][583]LogSavePackage: Moving '../../../../../../Users/GameDevClub/Documents/GitHub/SushiShop/SushiShop/Saved/MenuE584756C48EA1E342DD707A3A61FA5F7.tmp' to '../../../../../../Users/GameDevClub/Documents/GitHub/SushiShop/SushiShop/Content/SushiShop/Levels/Menu.umap'
[2018.04.28-07.22.06:419][583]LogSavePackage: Display: Finished SavePackage ../../../../../../Users/GameDevClub/Documents/GitHub/SushiShop/SushiShop/Content/SushiShop/Levels/Menu.umap
[2018.04.28-07.26.19:577][786]LogSavePackage: Save=10.91ms
[2018.04.28-07.26.19:577][786]LogSavePackage: Moving '../../../../../../Users/GameDevClub/Documents/GitHub/SushiShop/SushiShop/Saved/MenuE901EC704969456FDC4B809DD088FD48.tmp' to '../../../../../../Users/GameDevClub/Documents/GitHub/SushiShop/SushiShop/Content/SushiShop/Levels/Menu.umap'
[2018.04.28-07.26.19:579][786]LogSavePackage: Display: Finished SavePackage ../../../../../../Users/GameDevClub/Documents/GitHub/SushiShop/SushiShop/Content/SushiShop/Levels/Menu.umap
[2018.04.28-07.26.21:122][924]LogRenderer: Reallocating scene render targets to support 896x492 Format 26 NumSamples 1 (Frame:39046).
[2018.04.28-07.26.21:221][929]LogRenderer: Reallocating scene render targets to support 896x500 Format 26 NumSamples 1 (Frame:39050).
[2018.04.28-07.26.21:381][941]LogRenderer: Reallocating scene render targets to support 896x504 Format 26 NumSamples 1 (Frame:39054).
[2018.04.28-07.26.56:185][ 87]Cmd: CAMERA ALIGN ACTIVEVIEWPORTONLY
[2018.04.28-07.42.33:896][827]LogStaticMesh: Allocated 415x64x64 distance field atlas = 3.2Mb, with 53 objects containing 2.5Mb backing data
[2018.04.28-07.46.04:614][277]LogWindows: Windows GetLastError: The operation completed successfully. (0)
[2018.04.28-07.46.04:907][277]LogWindows: Windows GetLastError: The operation completed successfully. (0)
