Log file open, 03/07/18 03:11:51
LogWindows: Failed to load 'aqProf.dll' (GetLastError=126)
LogWindows: File 'aqProf.dll' does not exist
LogWindows: Failed to load 'VSPerf140.dll' (GetLastError=126)
LogWindows: File 'VSPerf140.dll' does not exist
LogWindows: Failed to load 'VtuneApi.dll' (GetLastError=126)
LogWindows: File 'VtuneApi.dll' does not exist
LogWindows: Failed to load 'VtuneApi32e.dll' (GetLastError=126)
LogWindows: File 'VtuneApi32e.dll' does not exist
LogInit: Display: Running engine for game: SushiShop
LogPlatformFile: Not using cached read wrapper
LogInit: Display: RandInit(919595927) SRandInit(919595927).
LogTaskGraph: Started task graph with 5 named threads and 14 total threads with 3 sets of task threads.
LogStats: Stats thread started at 0.191802
LogD3D11RHI: Aftermath initialized
LogConfig: Warning: Failed to saved backup for config[Engine]
LogModuleManager: Display: Found up-to-date module file ../../../Engine/Plugins/2D/Paper2D/Binaries/Win64/UE4Editor-Paper2D.dll (API version 3709383).
LogModuleManager: Display: Found up-to-date module file ../../../Engine/Plugins/2D/Paper2D/Binaries/Win64/UE4Editor-Paper2DEditor.dll (API version 3709383).
LogModuleManager: Display: Found up-to-date module file ../../../Engine/Plugins/2D/Paper2D/Binaries/Win64/UE4Editor-PaperSpriteSheetImporter.dll (API version 3709383).
LogModuleManager: Display: Found up-to-date module file ../../../Engine/Plugins/2D/Paper2D/Binaries/Win64/UE4Editor-PaperTiledImporter.dll (API version 3709383).
LogModuleManager: Display: Found up-to-date module file ../../../Engine/Plugins/2D/Paper2D/Binaries/Win64/UE4Editor-SmartSnapping.dll (API version 3709383).
LogModuleManager: Display: Found up-to-date module file ../../../Engine/Plugins/Blendables/LightPropagationVolume/Binaries/Win64/UE4Editor-LightPropagationVolumeRuntime.dll (API version 3709383).
LogModuleManager: Display: Found up-to-date module file ../../../Engine/Plugins/Blendables/LightPropagationVolume/Binaries/Win64/UE4Editor-LightPropagationVolumeEditor.dll (API version 3709383).
LogModuleManager: Display: Found up-to-date module file ../../../Engine/Plugins/Developer/GitSourceControl/Binaries/Win64/UE4Editor-GitSourceControl.dll (API version 3709383).
LogModuleManager: Display: Found up-to-date module file ../../../Engine/Plugins/Developer/PerforceSourceControl/Binaries/Win64/UE4Editor-PerforceSourceControl.dll (API version 3709383).
LogModuleManager: Display: Found up-to-date module file ../../../Engine/Plugins/Developer/SubversionSourceControl/Binaries/Win64/UE4Editor-SubversionSourceControl.dll (API version 3709383).
LogModuleManager: Display: Found up-to-date module file ../../../Engine/Plugins/Developer/UObjectPlugin/Binaries/Win64/UE4Editor-UObjectPlugin.dll (API version 3709383).
LogModuleManager: Display: Found up-to-date module file ../../../Engine/Plugins/Developer/VisualStudioCodeSourceCodeAccess/Binaries/Win64/UE4Editor-VisualStudioCodeSourceCodeAccess.dll (API version 3709383).
LogModuleManager: Display: Found up-to-date module file ../../../Engine/Plugins/Developer/VisualStudioSourceCodeAccess/Binaries/Win64/UE4Editor-VisualStudioSourceCodeAccess.dll (API version 3709383).
LogModuleManager: Display: Found up-to-date module file ../../../Engine/Plugins/Editor/AssetManagerEditor/Binaries/Win64/UE4Editor-AssetManagerEditor.dll (API version 3709383).
LogModuleManager: Display: Found up-to-date module file ../../../Engine/Plugins/Editor/AudioCapture/Binaries/Win64/UE4Editor-AudioCapture.dll (API version 3709383).
LogModuleManager: Display: Found up-to-date module file ../../../Engine/Plugins/Editor/FacialAnimation/Binaries/Win64/UE4Editor-FacialAnimation.dll (API version 3709383).
LogModuleManager: Display: Found up-to-date module file ../../../Engine/Plugins/Editor/FacialAnimation/Binaries/Win64/UE4Editor-FacialAnimationEditor.dll (API version 3709383).
LogModuleManager: Display: Found up-to-date module file ../../../Engine/Plugins/Editor/GameplayTagsEditor/Binaries/Win64/UE4Editor-GameplayTagsEditor.dll (API version 3709383).
LogModuleManager: Display: Found up-to-date module file ../../../Engine/Plugins/Editor/MobileLauncherProfileWizard/Binaries/Win64/UE4Editor-MobileLauncherProfileWizard.dll (API version 3709383).
LogModuleManager: Display: Found up-to-date module file ../../../Engine/Plugins/Editor/PluginBrowser/Binaries/Win64/UE4Editor-PluginBrowser.dll (API version 3709383).
LogModuleManager: Display: Found up-to-date module file ../../../Engine/Plugins/Editor/SpeedTreeImporter/Binaries/Win64/UE4Editor-SpeedTreeImporter.dll (API version 3709383).
LogModuleManager: Display: Found up-to-date module file ../../../Engine/Plugins/Experimental/AlembicImporter/Binaries/Win64/UE4Editor-AlembicImporter.dll (API version 3709383).
LogModuleManager: Display: Found up-to-date module file ../../../Engine/Plugins/Experimental/AlembicImporter/Binaries/Win64/UE4Editor-AlembicLibrary.dll (API version 3709383).
LogModuleManager: Display: Found up-to-date module file ../../../Engine/Plugins/Experimental/CharacterAI/Binaries/Win64/UE4Editor-CharacterAI.dll (API version 3709383).
LogModuleManager: Display: Found up-to-date module file ../../../Engine/Plugins/Experimental/HTML5Networking/Binaries/Win64/UE4Editor-HTML5Networking.dll (API version 3709383).
LogModuleManager: Display: Found up-to-date module file ../../../Engine/Plugins/Media/AndroidMedia/Binaries/Win64/UE4Editor-AndroidMediaEditor.dll (API version 3709383).
LogModuleManager: Display: Found up-to-date module file ../../../Engine/Plugins/Media/AndroidMedia/Binaries/Win64/UE4Editor-AndroidMediaFactory.dll (API version 3709383).
LogModuleManager: Display: Found up-to-date module file ../../../Engine/Plugins/Media/AvfMedia/Binaries/Win64/UE4Editor-AvfMediaEditor.dll (API version 3709383).
LogModuleManager: Display: Found up-to-date module file ../../../Engine/Plugins/Media/AvfMedia/Binaries/Win64/UE4Editor-AvfMediaFactory.dll (API version 3709383).
LogModuleManager: Display: Found up-to-date module file ../../../Engine/Plugins/Media/AvfMedia/Binaries/Win64/UE4Editor-AvfMediaFactory.dll (API version 3709383).
LogModuleManager: Display: Found up-to-date module file ../../../Engine/Plugins/Media/ImgMedia/Binaries/Win64/UE4Editor-ImgMedia.dll (API version 3709383).
LogModuleManager: Display: Found up-to-date module file ../../../Engine/Plugins/Media/ImgMedia/Binaries/Win64/UE4Editor-ImgMediaEditor.dll (API version 3709383).
LogModuleManager: Display: Found up-to-date module file ../../../Engine/Plugins/Media/ImgMedia/Binaries/Win64/UE4Editor-ImgMediaFactory.dll (API version 3709383).
LogModuleManager: Display: Found up-to-date module file ../../../Engine/Plugins/Media/ImgMedia/Binaries/Win64/UE4Editor-ImgMediaFactory.dll (API version 3709383).
LogModuleManager: Display: Found up-to-date module file ../../../Engine/Plugins/Media/ImgMedia/Binaries/Win64/UE4Editor-OpenExrWrapper.dll (API version 3709383).
LogModuleManager: Display: Found up-to-date module file ../../../Engine/Plugins/Media/MediaCompositing/Binaries/Win64/UE4Editor-MediaCompositing.dll (API version 3709383).
LogModuleManager: Display: Found up-to-date module file ../../../Engine/Plugins/Media/MediaCompositing/Binaries/Win64/UE4Editor-MediaCompositingEditor.dll (API version 3709383).
LogModuleManager: Display: Found up-to-date module file ../../../Engine/Plugins/Media/MediaPlayerEditor/Binaries/Win64/UE4Editor-MediaPlayerEditor.dll (API version 3709383).
LogModuleManager: Display: Found up-to-date module file ../../../Engine/Plugins/Media/WmfMedia/Binaries/Win64/UE4Editor-WmfMedia.dll (API version 3709383).
LogModuleManager: Display: Found up-to-date module file ../../../Engine/Plugins/Media/WmfMedia/Binaries/Win64/UE4Editor-WmfMediaEditor.dll (API version 3709383).
LogModuleManager: Display: Found up-to-date module file ../../../Engine/Plugins/Media/WmfMedia/Binaries/Win64/UE4Editor-WmfMediaFactory.dll (API version 3709383).
LogModuleManager: Display: Found up-to-date module file ../../../Engine/Plugins/Media/WmfMedia/Binaries/Win64/UE4Editor-WmfMediaFactory.dll (API version 3709383).
LogModuleManager: Display: Found up-to-date module file ../../../Engine/Plugins/Messaging/TcpMessaging/Binaries/Win64/UE4Editor-TcpMessaging.dll (API version 3709383).
LogModuleManager: Display: Found up-to-date module file ../../../Engine/Plugins/Messaging/UdpMessaging/Binaries/Win64/UE4Editor-UdpMessaging.dll (API version 3709383).
LogModuleManager: Display: Found up-to-date module file ../../../Engine/Plugins/MovieScene/ActorSequence/Binaries/Win64/UE4Editor-ActorSequence.dll (API version 3709383).
LogModuleManager: Display: Found up-to-date module file ../../../Engine/Plugins/MovieScene/LevelSequenceEditor/Binaries/Win64/UE4Editor-LevelSequenceEditor.dll (API version 3709383).
LogModuleManager: Display: Found up-to-date module file ../../../Engine/Plugins/MovieScene/MatineeToLevelSequence/Binaries/Win64/UE4Editor-MatineeToLevelSequence.dll (API version 3709383).
LogModuleManager: Display: Found up-to-date module file ../../../Engine/Plugins/Online/OnlineSubsystem/Binaries/Win64/UE4Editor-OnlineSubsystem.dll (API version 3709383).
LogModuleManager: Display: Found up-to-date module file ../../../Engine/Plugins/Runtime/AndroidPermission/Binaries/Win64/UE4Editor-AndroidPermission.dll (API version 3709383).
LogModuleManager: Display: Found up-to-date module file ../../../Engine/Plugins/Online/OnlineSubsystemNull/Binaries/Win64/UE4Editor-OnlineSubsystemNull.dll (API version 3709383).
LogModuleManager: Display: Found up-to-date module file ../../../Engine/Plugins/Online/OnlineSubsystemUtils/Binaries/Win64/UE4Editor-OnlineSubsystemUtils.dll (API version 3709383).
LogModuleManager: Display: Found up-to-date module file ../../../Engine/Plugins/Online/OnlineSubsystemUtils/Binaries/Win64/UE4Editor-OnlineBlueprintSupport.dll (API version 3709383).
LogModuleManager: Display: Found up-to-date module file ../../../Engine/Plugins/Runtime/AndroidDeviceProfileSelector/Binaries/Win64/UE4Editor-AndroidDeviceProfileSelector.dll (API version 3709383).
LogModuleManager: Display: Found up-to-date module file ../../../Engine/Plugins/Runtime/AppleARKit/Binaries/Win64/UE4Editor-AppleARKit.dll (API version 3709383).
LogModuleManager: Display: Found up-to-date module file ../../../Engine/Plugins/Runtime/ArchVisCharacter/Binaries/Win64/UE4Editor-ArchVisCharacter.dll (API version 3709383).
LogModuleManager: Display: Found up-to-date module file ../../../Engine/Plugins/Runtime/CableComponent/Binaries/Win64/UE4Editor-CableComponent.dll (API version 3709383).
LogModuleManager: Display: Found up-to-date module file ../../../Engine/Plugins/Runtime/CustomMeshComponent/Binaries/Win64/UE4Editor-CustomMeshComponent.dll (API version 3709383).
LogModuleManager: Display: Found up-to-date module file ../../../Engine/Plugins/Runtime/ExampleDeviceProfileSelector/Binaries/Win64/UE4Editor-ExampleDeviceProfileSelector.dll (API version 3709383).
LogModuleManager: Display: Found up-to-date module file ../../../Engine/Plugins/Runtime/ImmediatePhysics/Binaries/Win64/UE4Editor-ImmediatePhysics.dll (API version 3709383).
LogModuleManager: Display: Found up-to-date module file ../../../Engine/Plugins/Runtime/ImmediatePhysics/Binaries/Win64/UE4Editor-ImmediatePhysicsEditor.dll (API version 3709383).
LogModuleManager: Display: Found up-to-date module file ../../../Engine/Plugins/Runtime/LocationServicesBPLibrary/Binaries/Win64/UE4Editor-LocationServicesBPLibrary.dll (API version 3709383).
LogModuleManager: Display: Found up-to-date module file ../../../Engine/Plugins/Runtime/MobilePatchingUtils/Binaries/Win64/UE4Editor-MobilePatchingUtils.dll (API version 3709383).
LogModuleManager: Display: Found up-to-date module file ../../../Engine/Plugins/Runtime/Oculus/OculusVR/Binaries/Win64/UE4Editor-OculusHMD.dll (API version 3709383).
LogModuleManager: Display: Found up-to-date module file ../../../Engine/Plugins/Runtime/Oculus/OculusVR/Binaries/Win64/UE4Editor-OculusInput.dll (API version 3709383).
LogModuleManager: Display: Found up-to-date module file ../../../Engine/Plugins/Runtime/Oculus/OculusVR/Binaries/Win64/UE4Editor-OculusEditor.dll (API version 3709383).
LogModuleManager: Display: Found up-to-date module file ../../../Engine/Plugins/Runtime/PhysXVehicles/Binaries/Win64/UE4Editor-PhysXVehicles.dll (API version 3709383).
LogModuleManager: Display: Found up-to-date module file ../../../Engine/Plugins/Runtime/PhysXVehicles/Binaries/Win64/UE4Editor-PhysXVehiclesEditor.dll (API version 3709383).
LogModuleManager: Display: Found up-to-date module file ../../../Engine/Plugins/Runtime/ProceduralMeshComponent/Binaries/Win64/UE4Editor-ProceduralMeshComponent.dll (API version 3709383).
LogModuleManager: Display: Found up-to-date module file ../../../Engine/Plugins/Runtime/ProceduralMeshComponent/Binaries/Win64/UE4Editor-ProceduralMeshComponentEditor.dll (API version 3709383).
LogModuleManager: Display: Found up-to-date module file ../../../Engine/Plugins/Runtime/RuntimePhysXCooking/Binaries/Win64/UE4Editor-RuntimePhysXCooking.dll (API version 3709383).
LogModuleManager: Display: Found up-to-date module file ../../../Engine/Plugins/Runtime/Steam/SteamVR/Binaries/Win64/UE4Editor-SteamVR.dll (API version 3709383).
LogModuleManager: Display: Found up-to-date module file ../../../Engine/Plugins/Runtime/Steam/SteamVR/Binaries/Win64/UE4Editor-SteamVRController.dll (API version 3709383).
LogModuleManager: Display: Found up-to-date module file ../../../Engine/Plugins/Runtime/WindowsMoviePlayer/Binaries/Win64/UE4Editor-WindowsMoviePlayer.dll (API version 3709383).
LogPluginManager: Mounting plugin Paper2D
LogPluginManager: Mounting plugin LightPropagationVolume
LogPluginManager: Mounting plugin CodeLiteSourceCodeAccess
LogPluginManager: Mounting plugin GitSourceControl
LogPluginManager: Mounting plugin KDevelopSourceCodeAccess
LogPluginManager: Mounting plugin NullSourceCodeAccess
LogPluginManager: Mounting plugin PerforceSourceControl
LogPluginManager: Mounting plugin SubversionSourceControl
LogPluginManager: Mounting plugin UObjectPlugin
LogPluginManager: Mounting plugin VisualStudioCodeSourceCodeAccess
LogPluginManager: Mounting plugin VisualStudioSourceCodeAccess
LogPluginManager: Mounting plugin XCodeSourceCodeAccess
LogPluginManager: Mounting plugin AssetManagerEditor
LogPluginManager: Mounting plugin AudioCapture
LogPluginManager: Mounting plugin FacialAnimation
LogPluginManager: Mounting plugin GameplayTagsEditor
LogPluginManager: Mounting plugin MobileLauncherProfileWizard
LogPluginManager: Mounting plugin PluginBrowser
LogPluginManager: Mounting plugin SpeedTreeImporter
LogPluginManager: Mounting plugin AlembicImporter
LogPluginManager: Mounting plugin CharacterAI
LogPluginManager: Mounting plugin HTML5Networking
LogPluginManager: Mounting plugin AndroidMedia
LogPluginManager: Mounting plugin AvfMedia
LogPluginManager: Mounting plugin ImgMedia
LogPluginManager: Mounting plugin MediaCompositing
LogPluginManager: Mounting plugin MediaPlayerEditor
LogPluginManager: Mounting plugin WmfMedia
LogPluginManager: Mounting plugin TcpMessaging
LogPluginManager: Mounting plugin UdpMessaging
LogPluginManager: Mounting plugin ActorSequence
LogPluginManager: Mounting plugin LevelSequenceEditor
LogPluginManager: Mounting plugin MatineeToLevelSequence
LogPluginManager: Mounting plugin OnlineSubsystemGooglePlay
LogPluginManager: Mounting plugin OnlineSubsystemIOS
LogPluginManager: Mounting plugin OnlineSubsystem
LogPluginManager: Mounting plugin OnlineSubsystemNull
LogPluginManager: Mounting plugin OnlineSubsystemUtils
LogPluginManager: Mounting plugin AndroidDeviceProfileSelector
LogPluginManager: Mounting plugin AndroidMoviePlayer
LogPluginManager: Mounting plugin AndroidPermission
LogPluginManager: Mounting plugin AppleARKit
LogPluginManager: Mounting plugin AppleMoviePlayer
LogPluginManager: Mounting plugin ArchVisCharacter
LogPluginManager: Mounting plugin CableComponent
LogPluginManager: Mounting plugin CustomMeshComponent
LogPluginManager: Mounting plugin ExampleDeviceProfileSelector
LogPluginManager: Mounting plugin GoogleCloudMessaging
LogPluginManager: Mounting plugin ImmediatePhysics
LogPluginManager: Mounting plugin IOSDeviceProfileSelector
LogPluginManager: Mounting plugin LinuxDeviceProfileSelector
LogPluginManager: Mounting plugin LocationServicesBPLibrary
LogPluginManager: Mounting plugin MobilePatchingUtils
LogPluginManager: Mounting plugin OculusVR
LogPluginManager: Plugin shader directory ../../../Engine/Plugins/Runtime/Oculus/OculusVR/Shaders found
LogPluginManager: Mapping shader source directory ../../../Engine/Plugins/Runtime/Oculus/OculusVR/Shaders to virtual directory /Plugin/OculusVR
LogPluginManager: Mounting plugin PhysXVehicles
LogConfig: Warning: Failed to saved backup for config[PhysXVehicles]
LogPluginManager: Mounting plugin ProceduralMeshComponent
LogPluginManager: Mounting plugin RuntimePhysXCooking
LogPluginManager: Mounting plugin SteamVR
LogPluginManager: Mounting plugin WindowsMoviePlayer
LogInit: Using libcurl 7.47.1
LogInit:  - built for x86_64-pc-win32
LogInit:  - supports SSL with OpenSSL/1.0.2g
LogInit:  - supports HTTP deflate (compression) using libz 1.2.8
LogInit:  - other features:
LogInit:      CURL_VERSION_SSL
LogInit:      CURL_VERSION_LIBZ
LogInit:      CURL_VERSION_IPV6
LogInit:      CURL_VERSION_ASYNCHDNS
LogInit:      CURL_VERSION_LARGEFILE
LogInit:      CURL_VERSION_IDN
LogInit:  CurlRequestOptions (configurable via config and command line):
LogInit:  - bVerifyPeer = false  - Libcurl will NOT verify peer certificate
LogInit:  - bUseHttpProxy = false  - Libcurl will NOT use HTTP proxy
LogInit:  - bDontReuseConnections = false  - Libcurl will reuse connections
LogInit:  - CertBundlePath = nullptr  - Libcurl will use whatever was configured at build time.
LogInit: Build: ++UE4+Release-4.18-CL-3832480
LogInit: Engine Version: 4.18.3-3832480+++UE4+Release-4.18
LogInit: Compatible Engine Version: 4.18.0-3709383+++UE4+Release-4.18
LogInit: Net CL: 3709383
LogDevObjectVersion: Number of dev versions registered: 16
LogDevObjectVersion:   Dev-Blueprints (B0D832E4-1F89-4F0D-ACCF-7EB736FD4AA2): 10
LogDevObjectVersion:   Dev-Build (E1C64328-A22C-4D53-A36C-8E866417BD8C): 0
LogDevObjectVersion:   Dev-Core (375EC13C-06E4-48FB-B500-84F0262A717E): 2
LogDevObjectVersion:   Dev-Editor (E4B068ED-F494-42E9-A231-DA0B2E46BB41): 20
LogDevObjectVersion:   Dev-Framework (CFFC743F-43B0-4480-9391-14DF171D2073): 30
LogDevObjectVersion:   Dev-Mobile (B02B49B5-BB20-44E9-A304-32B752E40360): 0
LogDevObjectVersion:   Dev-Networking (A4E4105C-59A1-49B5-A7C5-40C4547EDFEE): 0
LogDevObjectVersion:   Dev-Online (39C831C9-5AE6-47DC-9A44-9C173E1C8E7C): 0
LogDevObjectVersion:   Dev-Physics (78F01B33-EBEA-4F98-B9B4-84EACCB95AA2): 0
LogDevObjectVersion:   Dev-Platform (6631380F-2D4D-43E0-8009-CF276956A95A): 0
LogDevObjectVersion:   Dev-Rendering (12F88B9F-8875-4AFC-A67C-D90C383ABD29): 20
LogDevObjectVersion:   Dev-Sequencer (7B5AE74C-D270-4C10-A958-57980B212A5A): 4
LogDevObjectVersion:   Dev-VR (D7296918-1DD6-4BDD-9DE2-64A83CC13884): 0
LogDevObjectVersion:   Dev-LoadTimes (C2A15278-BFE7-4AFE-6C17-90FF531DF755): 1
LogDevObjectVersion:   Private-Geometry (6EACA3D4-40EC-4CC1-B786-8BED09428FC5): 1
LogDevObjectVersion:   Dev-AnimPhys (29E575DD-E0A3-4627-9D10-D276232CDCEA): 12
LogInit: Compiled (64-bit): Jan 12 2018 02:04:55
LogInit: Compiled with Visual C++: 19.00.24215.01
LogInit: Build Configuration: Development
LogInit: Branch Name: ++UE4+Release-4.18
LogInit: Command line: 
LogInit: Base directory: C:/Program Files/Epic Games/UE_4.18/Engine/Binaries/Win64/
LogInit: Installed Engine Build: 1
LogInit: Presizing for max 8388607 objects, including 0 objects not considered by GC, pre-allocating 0 bytes for permanent pool.
LogInit: Object subsystem initialized
[2018.03.07-11.11.53:100][  0]LogInit: Selected Device Profile: [Windows]
[2018.03.07-11.11.53:100][  0]LogInit: Applying CVar settings loaded from the selected device profile: [Windows]
[2018.03.07-11.11.53:106][  0]LogConfig: Warning: Failed to saved backup for config[DeviceProfiles]
[2018.03.07-11.11.53:108][  0]LogInit: Computer: DESKTOP-2QNA1SC
[2018.03.07-11.11.53:108][  0]LogInit: User: darkm
[2018.03.07-11.11.53:108][  0]LogInit: CPU Page size=4096, Cores=4
[2018.03.07-11.11.53:108][  0]LogInit: High frequency timer resolution =1.945316 MHz
[2018.03.07-11.11.53:108][  0]LogMemory: Memory total: Physical=15.9GB (16GB approx)
[2018.03.07-11.11.53:108][  0]LogMemory: Platform Memory Stats for Windows
[2018.03.07-11.11.53:108][  0]LogMemory: Process Physical Memory: 272.65 MB used, 272.65 MB peak
[2018.03.07-11.11.53:108][  0]LogMemory: Process Virtual Memory: 272.02 MB used, 272.02 MB peak
[2018.03.07-11.11.53:108][  0]LogMemory: Physical Memory: 7850.77 MB used,  8448.83 MB free, 16299.60 MB total
[2018.03.07-11.11.53:108][  0]LogMemory: Virtual Memory: 684.27 MB used,  8448.83 MB free, 134217728.00 MB total
[2018.03.07-11.11.53:261][  0]LogInit: Using OS detected language (en-US).
[2018.03.07-11.11.53:261][  0]LogInit: Using OS detected locale (en-US).
[2018.03.07-11.11.53:264][  0]LogTextLocalizationManager: No specific localization for 'en-US' exists, so the 'en' localization will be used.
[2018.03.07-11.11.53:692][  0]LogInit: Setting process to per monitor DPI aware
[2018.03.07-11.11.54:006][  0]LogD3D11RHI: D3D11 adapters:
[2018.03.07-11.11.54:017][  0]LogD3D11RHI:    0. 'Intel(R) UHD Graphics 620' (Feature Level 11_0)
[2018.03.07-11.11.54:017][  0]LogD3D11RHI:       128/0/8149 MB DedicatedVideo/DedicatedSystem/SharedSystem, Outputs:1, VendorId:0x8086
[2018.03.07-11.11.55:359][  0]LogD3D11RHI:    1. 'Radeon 500 Series' (Feature Level 11_0)
[2018.03.07-11.11.55:359][  0]LogD3D11RHI:       1995/0/8149 MB DedicatedVideo/DedicatedSystem/SharedSystem, Outputs:0, VendorId:0x1002
[2018.03.07-11.11.55:360][  0]LogD3D11RHI:    2. 'Microsoft Basic Render Driver' (Feature Level 11_0)
[2018.03.07-11.11.55:360][  0]LogD3D11RHI:       0/0/8149 MB DedicatedVideo/DedicatedSystem/SharedSystem, Outputs:0, VendorId:0x1414
[2018.03.07-11.11.55:360][  0]LogD3D11RHI: Chosen D3D11 Adapter: 1
[2018.03.07-11.11.55:369][  0]LogD3D11RHI: Creating new Direct3DDevice
[2018.03.07-11.11.55:369][  0]LogD3D11RHI:     GPU DeviceId: 0x699f (for the marketing name, search the web for "GPU Device Id")
[2018.03.07-11.11.55:369][  0]LogWindows: EnumDisplayDevices:
[2018.03.07-11.11.55:369][  0]LogWindows:    0. 'Intel(R) UHD Graphics 620' (P:1 D:1)
[2018.03.07-11.11.55:370][  0]LogWindows:    1. 'Intel(R) UHD Graphics 620' (P:0 D:0)
[2018.03.07-11.11.55:370][  0]LogWindows:    2. 'Intel(R) UHD Graphics 620' (P:0 D:0)
[2018.03.07-11.11.55:370][  0]LogWindows:    3. 'Radeon 500 Series' (P:0 D:0)
[2018.03.07-11.11.55:370][  0]LogWindows:    4. 'Radeon 500 Series' (P:0 D:0)
[2018.03.07-11.11.55:370][  0]LogWindows:    5. 'Radeon 500 Series' (P:0 D:0)
[2018.03.07-11.11.55:370][  0]LogWindows:    6. 'Radeon 500 Series' (P:0 D:0)
[2018.03.07-11.11.55:370][  0]LogWindows:    7. 'Radeon 500 Series' (P:0 D:0)
[2018.03.07-11.11.55:371][  0]LogWindows:    8. 'Radeon 500 Series' (P:0 D:0)
[2018.03.07-11.11.55:371][  0]LogWindows:    9. 'Radeon 500 Series' (P:0 D:0)
[2018.03.07-11.11.55:371][  0]LogWindows:    10. 'Radeon 500 Series' (P:0 D:0)
[2018.03.07-11.11.55:371][  0]LogWindows:    11. 'Radeon 500 Series' (P:0 D:0)
[2018.03.07-11.11.55:372][  0]LogWindows:    12. 'Radeon 500 Series' (P:0 D:0)
[2018.03.07-11.11.55:372][  0]LogWindows:    13. 'Radeon 500 Series' (P:0 D:0)
[2018.03.07-11.11.55:372][  0]LogWindows:    14. 'Radeon 500 Series' (P:0 D:0)
[2018.03.07-11.11.55:372][  0]LogWindows:    15. 'Radeon 500 Series' (P:0 D:0)
[2018.03.07-11.11.55:373][  0]LogWindows:    16. 'Radeon 500 Series' (P:0 D:0)
[2018.03.07-11.11.55:373][  0]LogWindows:    17. 'Radeon 500 Series' (P:0 D:0)
[2018.03.07-11.11.55:373][  0]LogWindows:    18. 'Radeon 500 Series' (P:0 D:0)
[2018.03.07-11.11.55:374][  0]LogWindows: DebugString: GetVideoDriverDetailsInvalid PrimaryIsNotTheChoosenAdapter GetVideoDriverDetailsInvalid PrimaryIsNotTheChoosenAdapter GetVideoDriverDetailsInvalid PrimaryIsNotTheChoosenAdapter GetVideoDriverDetailsInvalid PrimaryIsNotTheChoosenAdapter GetVideoDriverDetailsInvalid PrimaryIsNotTheChoosenAdapter GetVideoDriverDetailsInvalid PrimaryIsNotTheChoosenAdapter GetVideoDriverDetailsInvalid PrimaryIsNotTheChoosenAdapter GetVideoDriverDetailsInvalid PrimaryIsNotTheChoosenAdapter GetVideoDriverDetailsInvalid PrimaryIsNotTheChoosenAdapter GetVideoDriverDetailsInvalid PrimaryIsNotTheChoosenAdapter GetVideoDriverDetailsInvalid PrimaryIsNotTheChoosenAdapter GetVideoDriverDetailsInvalid PrimaryIsNotTheChoosenAdapter GetVideoDriverDetailsInvalid PrimaryIsNotTheChoosenAdapter GetVideoDriverDetailsInvalid PrimaryIsNotTheChoosenAdapter GetVideoDriverDetailsInvalid PrimaryIsNotTheChoosenAdapter GetVideoDriverDetailsInvalid PrimaryIsNotTheChoosenAdapter GetVideoDriverDetailsInvalid PrimaryIsNotTheChoosenAdapter GetVideoDriverDetailsInvalid PrimaryIsNotTheChoosenAdapter GetVideoDriverDetailsInvalid PrimaryIsNotTheChoosenAdapter FoundDriverCount:0 
[2018.03.07-11.11.55:374][  0]LogD3D11RHI:     Adapter Name: Radeon 500 Series
[2018.03.07-11.11.55:374][  0]LogD3D11RHI:   Driver Version: Unknown (internal:Unknown, unified:Unknown)
[2018.03.07-11.11.55:374][  0]LogD3D11RHI:      Driver Date: Unknown
[2018.03.07-11.11.55:374][  0]LogRHI: Texture pool is 1396 MB (70% of 1995 MB)
[2018.03.07-11.11.55:427][  0]LogD3D11RHI: Async texture creation enabled
[2018.03.07-11.11.55:440][  0]LogD3D11RHI: GPU Timing Frequency: 25.000000 (Debug: 2 1)
[2018.03.07-11.11.55:442][  0]LogShaderCompilers: Guid format shader working directory is -20 characters bigger than the processId version (../../../../../../Users/darkm/Documents/GitHub/SushiShop/SushiShop/Intermediate/Shaders/WorkingDirectory/3828/).
[2018.03.07-11.11.55:442][  0]LogShaderCompilers: Cleaned the shader compiler working directory 'C:/Users/darkm/AppData/Local/Temp/UnrealShaderWorkingDir/6A2179AE40BB03B188B6B99D91BD3FA2/'.
[2018.03.07-11.11.55:442][  0]LogShaderCompilers: Display: Using Local Shader Compiler.
[2018.03.07-11.11.56:426][  0]LogTemp: Display: Loaded TP AllDesktopTargetPlatform
[2018.03.07-11.11.56:499][  0]LogTemp: Display: Loaded TP MacClientTargetPlatform
[2018.03.07-11.11.56:570][  0]LogTemp: Display: Loaded TP MacNoEditorTargetPlatform
[2018.03.07-11.11.56:635][  0]LogTemp: Display: Loaded TP MacServerTargetPlatform
[2018.03.07-11.11.56:701][  0]LogTemp: Display: Loaded TP MacTargetPlatform
[2018.03.07-11.11.56:767][  0]LogTemp: Display: Loaded TP WindowsClientTargetPlatform
[2018.03.07-11.11.56:840][  0]LogTemp: Display: Loaded TP WindowsNoEditorTargetPlatform
[2018.03.07-11.11.56:906][  0]LogTemp: Display: Loaded TP WindowsServerTargetPlatform
[2018.03.07-11.11.56:965][  0]LogTemp: Display: Loaded TP WindowsTargetPlatform
[2018.03.07-11.11.57:030][  0]LogTemp: Display: Loaded TP AndroidTargetPlatform
[2018.03.07-11.11.57:092][  0]LogTemp: Display: Loaded TP Android_ASTCTargetPlatform
[2018.03.07-11.11.57:155][  0]LogTemp: Display: Loaded TP Android_ATCTargetPlatform
[2018.03.07-11.11.57:215][  0]LogTemp: Display: Loaded TP Android_DXTTargetPlatform
[2018.03.07-11.11.57:279][  0]LogTemp: Display: Loaded TP Android_ETC1TargetPlatform
[2018.03.07-11.11.57:349][  0]LogTemp: Display: Loaded TP Android_ETC2TargetPlatform
[2018.03.07-11.11.57:478][  0]LogTemp: Display: Loaded TP Android_MultiTargetPlatform
[2018.03.07-11.11.57:478][  0]LogTemp: Display: Loaded TP Android_PVRTCTargetPlatform
[2018.03.07-11.11.57:528][  0]LogTemp: Display: Loaded TP HTML5TargetPlatform
[2018.03.07-11.11.57:638][  0]LogTemp: Display: Loaded TP IOSTargetPlatform
[2018.03.07-11.11.57:672][  0]LogTemp: Display: Loaded TP TVOSTargetPlatform
[2018.03.07-11.11.57:732][  0]LogTemp: Display: Loaded TP LinuxClientTargetPlatform
[2018.03.07-11.11.57:798][  0]LogTemp: Display: Loaded TP LinuxNoEditorTargetPlatform
[2018.03.07-11.11.57:859][  0]LogTemp: Display: Loaded TP LinuxServerTargetPlatform
[2018.03.07-11.11.57:928][  0]LogTemp: Display: Loaded TP LinuxTargetPlatform
[2018.03.07-11.11.57:928][  0]LogTargetPlatformManager: Display: Building Assets For Windows
[2018.03.07-11.11.58:505][  0]LogDerivedDataCache: Display: Max Cache Size: 512 MB
[2018.03.07-11.11.58:602][  0]LogDerivedDataCache: Loaded boot cache 0.10s 96MB C:/Users/darkm/AppData/Local/UnrealEngine/4.18/DerivedDataCache/Boot.ddc.
[2018.03.07-11.11.58:602][  0]LogDerivedDataCache: Display: Loaded Boot cache: C:/Users/darkm/AppData/Local/UnrealEngine/4.18/DerivedDataCache/Boot.ddc
[2018.03.07-11.11.58:602][  0]LogDerivedDataCache: FDerivedDataBackendGraph:  Pak pak cache file ../../../../../../Users/darkm/Documents/GitHub/SushiShop/SushiShop/DerivedDataCache/DDC.ddp not found, will not use a pak cache.
[2018.03.07-11.11.58:602][  0]LogDerivedDataCache: Unable to find inner node Pak for hierarchical cache Hierarchy.
[2018.03.07-11.11.58:602][  0]LogDerivedDataCache: FDerivedDataBackendGraph:  CompressedPak pak cache file ../../../../../../Users/darkm/Documents/GitHub/SushiShop/SushiShop/DerivedDataCache/Compressed.ddp not found, will not use a pak cache.
[2018.03.07-11.11.58:602][  0]LogDerivedDataCache: Unable to find inner node CompressedPak for hierarchical cache Hierarchy.
[2018.03.07-11.11.58:626][  0]LogDerivedDataCache: Display: Pak cache opened for reading ../../../Engine/DerivedDataCache/Compressed.ddp.
[2018.03.07-11.11.58:638][  0]LogDerivedDataCache: Using Local data cache path C:/Users/darkm/AppData/Local/UnrealEngine/Common/DerivedDataCache: Writable
[2018.03.07-11.11.58:653][  0]LogMaterial: Verifying Global Shaders for PCD3D_SM5
[2018.03.07-11.11.58:654][  0]LogSlate: Using Freetype 2.6.0
[2018.03.07-11.11.58:655][  0]LogSlate: SlateFontCache - WITH_FREETYPE: 1, WITH_HARFBUZZ: 1
[2018.03.07-11.11.58:655][  0]LogSlate: SlateFontCache - WITH_FREETYPE: 1, WITH_HARFBUZZ: 1
[2018.03.07-11.11.59:087][  0]LogInit: Selected Device Profile: [Windows]
[2018.03.07-11.11.59:502][  0]LogSimplygon: Simplygon DLL not present - disabling.
[2018.03.07-11.11.59:553][  0]LogMeshReduction: Using SimplygonSwarm for distributed automatic mesh merging
[2018.03.07-11.11.59:553][  0]LogMeshReduction: Using QuadricMeshReduction for automatic static mesh reduction
[2018.03.07-11.11.59:553][  0]LogMeshReduction: No automatic skeletal mesh reduction module available
[2018.03.07-11.11.59:553][  0]LogMeshReduction: No automatic mesh merging module available
[2018.03.07-11.11.59:553][  0]LogMeshMerging: No automatic mesh merging module available
[2018.03.07-11.11.59:578][  0]LogNetVersion: SushiShop , NetCL: 3709383, EngineNetVer: 2, GameNetVer: 0 (Checksum: 2343829258)
[2018.03.07-11.11.59:777][  0]LogAssetRegistry: FAssetRegistry took 0.0269 seconds to start up
[2018.03.07-11.12.00:421][  0]LogPackageLocalizationCache: Processed 7 localized package path(s) for 2 prioritized culture(s) in 0.087386 seconds
[2018.03.07-11.12.00:428][  0]LogUObjectArray: 35870 objects as part of root set at end of initial load.
[2018.03.07-11.12.00:428][  0]LogUObjectAllocator: 7363704 out of 0 bytes used by permanent object pool.
[2018.03.07-11.12.00:428][  0]LogUObjectArray: CloseDisregardForGC: 0/0 objects in disregard for GC pool
[2018.03.07-11.12.00:501][  0]LogInit: WinSock: version 1.1 (2.2), MaxSocks=32767, MaxUdp=65467
[2018.03.07-11.12.04:158][  0]LogTcpMessaging: Initializing TcpMessaging bridge
[2018.03.07-11.12.04:195][  0]LogUdpMessaging: Initializing bridge on interface 0.0.0.0:0 to multicast group 230.0.0.1:6666.
[2018.03.07-11.12.04:919][  0]LogMaterial: Missing cached shader map for material BaseColor, compiling. 
[2018.03.07-11.12.04:920][  0]LogMaterial: Warning: C:\Program Files\Epic Games\UE_4.18\Engine\Content\BufferVisualization\BaseColor.uasset: Failed to compile Material for platform PCD3D_SM5, Default Material will be used in game.
[2018.03.07-11.12.04:920][  0]LogMaterial: 	(Node SceneTexture) GBuffer scene textures not available with forward shading.
[2018.03.07-11.12.04:943][  0]LogMaterial: Uniform references updated for custom material expression Custom.
[2018.03.07-11.12.04:953][  0]LogMaterial: Missing cached shader map for material LightingModel, compiling. 
[2018.03.07-11.12.04:954][  0]LogMaterial: Warning: C:\Program Files\Epic Games\UE_4.18\Engine\Content\BufferVisualization\LightingModel.uasset: Failed to compile Material for platform PCD3D_SM5, Default Material will be used in game.
[2018.03.07-11.12.04:954][  0]LogMaterial: 	(Node SceneTexture) GBuffer scene textures not available with forward shading.
[2018.03.07-11.12.04:957][  0]LogMaterial: Missing cached shader map for material MaterialAO, compiling. 
[2018.03.07-11.12.04:957][  0]LogMaterial: Warning: C:\Program Files\Epic Games\UE_4.18\Engine\Content\BufferVisualization\MaterialAO.uasset: Failed to compile Material for platform PCD3D_SM5, Default Material will be used in game.
[2018.03.07-11.12.04:957][  0]LogMaterial: 	(Node SceneTexture) GBuffer scene textures not available with forward shading.
[2018.03.07-11.12.04:960][  0]LogMaterial: Missing cached shader map for material Metallic, compiling. 
[2018.03.07-11.12.04:961][  0]LogMaterial: Warning: C:\Program Files\Epic Games\UE_4.18\Engine\Content\BufferVisualization\Metallic.uasset: Failed to compile Material for platform PCD3D_SM5, Default Material will be used in game.
[2018.03.07-11.12.04:961][  0]LogMaterial: 	(Node SceneTexture) GBuffer scene textures not available with forward shading.
[2018.03.07-11.12.04:964][  0]LogMaterial: Missing cached shader map for material Opacity, compiling. 
[2018.03.07-11.12.04:965][  0]LogMaterial: Warning: C:\Program Files\Epic Games\UE_4.18\Engine\Content\BufferVisualization\Opacity.uasset: Failed to compile Material for platform PCD3D_SM5, Default Material will be used in game.
[2018.03.07-11.12.04:965][  0]LogMaterial: 	(Node SceneTexture) GBuffer scene textures not available with forward shading.
[2018.03.07-11.12.04:967][  0]LogMaterial: Missing cached shader map for material Roughness, compiling. 
[2018.03.07-11.12.04:968][  0]LogMaterial: Warning: C:\Program Files\Epic Games\UE_4.18\Engine\Content\BufferVisualization\Roughness.uasset: Failed to compile Material for platform PCD3D_SM5, Default Material will be used in game.
[2018.03.07-11.12.04:968][  0]LogMaterial: 	(Node SceneTexture) GBuffer scene textures not available with forward shading.
[2018.03.07-11.12.04:986][  0]LogMaterial: Missing cached shader map for material Specular, compiling. 
[2018.03.07-11.12.04:987][  0]LogMaterial: Warning: C:\Program Files\Epic Games\UE_4.18\Engine\Content\BufferVisualization\Specular.uasset: Failed to compile Material for platform PCD3D_SM5, Default Material will be used in game.
[2018.03.07-11.12.04:987][  0]LogMaterial: 	(Node SceneTexture) GBuffer scene textures not available with forward shading.
[2018.03.07-11.12.04:990][  0]LogMaterial: Missing cached shader map for material SubsurfaceColor, compiling. 
[2018.03.07-11.12.04:990][  0]LogMaterial: Warning: C:\Program Files\Epic Games\UE_4.18\Engine\Content\BufferVisualization\SubsurfaceColor.uasset: Failed to compile Material for platform PCD3D_SM5, Default Material will be used in game.
[2018.03.07-11.12.04:990][  0]LogMaterial: 	(Node SceneTexture) GBuffer scene textures not available with forward shading.
[2018.03.07-11.12.04:993][  0]LogMaterial: Missing cached shader map for material WorldNormal, compiling. 
[2018.03.07-11.12.04:994][  0]LogMaterial: Warning: C:\Program Files\Epic Games\UE_4.18\Engine\Content\BufferVisualization\WorldNormal.uasset: Failed to compile Material for platform PCD3D_SM5, Default Material will be used in game.
[2018.03.07-11.12.04:994][  0]LogMaterial: 	(Node SceneTexture) GBuffer scene textures not available with forward shading.
[2018.03.07-11.12.05:428][  0]SourceControl: Source control is disabled
[2018.03.07-11.12.05:428][  0]SourceControl: Source control is disabled
[2018.03.07-11.12.05:490][  0]SourceControl: Source control is disabled
[2018.03.07-11.12.05:549][  0]SourceControl: Source control is disabled
[2018.03.07-11.12.06:453][  0]LogAndroidPermission: UAndroidPermissionCallbackProxy::GetInstance
[2018.03.07-11.12.06:755][  0]LogOcInput: OculusInput pre-init called
[2018.03.07-11.12.07:081][  0]LogEngine: Initializing Engine...
[2018.03.07-11.12.07:084][  0]LogHMD: Failed to initialize OpenVR with code 110
[2018.03.07-11.12.07:336][  0]LogStats: UGameplayTagsManager::ConstructGameplayTagTree: Construct from data asset -  0.000 s
[2018.03.07-11.12.07:337][  0]LogStats: UGameplayTagsManager::ConstructGameplayTagTree: GameplayTagTreeChangedEvent.Broadcast -  0.000 s
[2018.03.07-11.12.07:502][  0]LogAIModule: Creating AISystem for world Untitled
[2018.03.07-11.12.07:510][  0]LogInit: XAudio2 using 'Speakers (Realtek High Definition Audio(SST))' : 2 channels at 48 kHz using 32 bits per sample (channel mask 0x3)
[2018.03.07-11.12.07:531][  0]LogInit: FAudioDevice initialized.
[2018.03.07-11.12.07:659][  0]LogDerivedDataCache: Saved boot cache 0.13s 96MB C:/Users/darkm/AppData/Local/UnrealEngine/4.18/DerivedDataCache/Boot.ddc.
[2018.03.07-11.12.07:674][  0]LogInit: Texture streaming: Enabled
[2018.03.07-11.12.07:797][  0]LogEngineSessionManager: EngineSessionManager initialized
[2018.03.07-11.12.07:957][  0]LogInit: Transaction tracking system initialized
[2018.03.07-11.12.08:344][  0]BlueprintLog: New page: Editor Load
[2018.03.07-11.12.09:447][  0]LocalizationService: Localization service is disabled
[2018.03.07-11.12.10:382][  0]LogConsoleResponse: Display: 
[2018.03.07-11.12.10:613][  0]LogCook: Display: Max memory allowance for cook 16384mb min free memory 0mb
[2018.03.07-11.12.10:613][  0]LogCook: Display: Mobile HDR setting 1
[2018.03.07-11.12.10:613][  0]LogGameplayTags: Display: UGameplayTagsManager::DoneAddingNativeTags. DelegateIsBound: 0
[2018.03.07-11.12.11:555][  0]LogFileCache: Scanning file cache for directory 'C:/Users/darkm/Documents/GitHub/SushiShop/SushiShop/Content/' took 0.01s
[2018.03.07-11.12.12:050][  0]SourceControl: Source control is disabled
[2018.03.07-11.12.12:140][  0]LogSlate: Took 0.000169 seconds to synchronously load lazily loaded font '../../../Engine/Content/Slate/Fonts/Roboto-Regular.ttf' (155K)
[2018.03.07-11.34.26:274][  0]Cmd: MAP LOAD FILE="../../../../../../Users/darkm/Documents/GitHub/SushiShop/SushiShop/Content/VirtualRealityBP/Maps/StartupMap.umap" TEMPLATE=0 SHOWPROGRESS=1 FEATURELEVEL=3
[2018.03.07-11.34.26:274][  0]LightingResults: New page: Lighting Build
[2018.03.07-11.34.26:342][  0]MapCheck: New page: Map Check
[2018.03.07-11.34.26:342][  0]LightingResults: New page: Lighting Build
[2018.03.07-11.34.26:454][  0]LogAIModule: Creating AISystem for world StartupMap
[2018.03.07-11.34.26:465][  0]LogEditorServer: Finished looking for orphan Actors (0.000 secs)
[2018.03.07-11.34.26:479][  0]Cmd: MAP CHECKDEP NOCLEARLOG
[2018.03.07-11.34.26:589][  0]MapCheck: Map check complete: 0 Error(s), 0 Warning(s), took 110.765ms to complete.
[2018.03.07-11.34.26:589][  0]LogFileHelpers: Loading map 'StartupMap' took 0.316
[2018.03.07-11.34.26:722][  0]LogStats: Warning: MetaData mismatch. Did you assign a stat to two groups? New //STATGROUP_Threads//SplashScreenThread///Thread_202c_0///####STATCAT_Advanced#### old //STATGROUP_Threads//SplashScreenThread///Thread_1c8_0///####STATCAT_Advanced####
[2018.03.07-11.34.26:722][  0]LogCollectionManager: Loaded 0 collections in 0.001432 seconds
[2018.03.07-11.34.26:798][  0]LogFileCache: Scanning file cache for directory 'C:/Users/darkm/Documents/GitHub/SushiShop/SushiShop/Saved/Collections/' took 0.01s
[2018.03.07-11.34.26:798][  0]LogFileCache: Scanning file cache for directory 'C:/Users/darkm/Documents/GitHub/SushiShop/SushiShop/Content/Developers/darkm/Collections/' took 0.01s
[2018.03.07-11.34.26:798][  0]LogFileCache: Scanning file cache for directory 'C:/Users/darkm/Documents/GitHub/SushiShop/SushiShop/Content/Collections/' took 0.01s
[2018.03.07-11.34.26:798][  0]LogCollectionManager: Rebuilt the GUID cache for 0 collections in 0.000000 seconds
[2018.03.07-11.34.26:806][  0]LogContentBrowser: Native class hierarchy populated in 0.0075 seconds. Added 2364 classes and 521 folders.
[2018.03.07-11.34.26:865][  0]LogContentBrowser: Native class hierarchy updated for 'WidgetCarousel' in 0.0002 seconds. Added 0 classes and 0 folders.
[2018.03.07-11.34.26:898][  0]LogContentBrowser: Native class hierarchy updated for 'AddContentDialog' in 0.0002 seconds. Added 0 classes and 0 folders.
[2018.03.07-11.34.26:915][  0]LogSlate: Took 0.000171 seconds to synchronously load lazily loaded font '../../../Engine/Content/Slate/Fonts/Roboto-Bold.ttf' (160K)
[2018.03.07-11.34.26:916][  0]LogSlate: Took 0.000135 seconds to synchronously load lazily loaded font '../../../Engine/Content/Editor/Slate/Fonts/FontAwesome.ttf' (139K)
[2018.03.07-11.34.27:020][  0]LogRenderer: Reallocating scene render targets to support 928x456 Format 26 NumSamples 1 (Frame:1).
[2018.03.07-11.34.27:366][  0]LogContentBrowser: Native class hierarchy updated for 'HierarchicalLODOutliner' in 0.0002 seconds. Added 1 classes and 2 folders.
[2018.03.07-11.34.27:367][  0]LogLoad: (Engine Initialization) Total time: 1356.40 seconds
[2018.03.07-11.34.27:367][  0]LogLoad: (Engine Initialization) Total Blueprint compile time: 0.00 seconds
[2018.03.07-11.34.27:367][  0]LogExternalProfiler: No external profilers were discovered.  External profiling features will not be available.
[2018.03.07-11.34.27:404][  0]LogContentStreaming: Texture pool size now 1000 MB
[2018.03.07-11.34.27:426][  0]LogSlate: Took 0.000235 seconds to synchronously load lazily loaded font '../../../Engine/Content/Slate/Fonts/Roboto-Light.ttf' (159K)
[2018.03.07-11.34.27:441][  1]LogAssetRegistry: Asset discovery search completed in 1347.6865 seconds
[2018.03.07-11.34.27:444][  1]LogCollectionManager: Rebuilt the object cache for 0 collections in 0.000001 seconds (found 0 objects)
[2018.03.07-11.34.27:444][  1]LogCollectionManager: Fixed up redirectors for 0 collections in 0.000059 seconds (updated 0 objects)
[2018.03.07-11.34.28:403][ 49]LogSlate: Took 0.000139 seconds to synchronously load lazily loaded font '../../../Engine/Content/Slate/Fonts/Roboto-Light.ttf' (159K)
[2018.03.07-11.38.14:449][258]LogSlate: Took 0.000186 seconds to synchronously load lazily loaded font '../../../Engine/Content/Slate/Fonts/Roboto-Light.ttf' (159K)
[2018.03.07-11.38.15:552][258]LogAIModule: Creating AISystem for world Shop_Main
[2018.03.07-11.38.15:557][258]LogScript: Warning: Attempted to access index 0 from array SushiStruct of length 0!
	Salmon_C /Game/SushiShop/Shop_Main.Shop_Main:PersistentLevel.Salmon_2
	Function /Game/SushiShop/Assets/Pickup_Items/Pickup_M.Pickup_M_C:UserConstructionScript:0137
[2018.03.07-11.38.15:557][258]LogScript: Warning: Accessed None reading structure IngredientName_2_012ADE8641A99411B752A29314B90D82
	Salmon_C /Game/SushiShop/Shop_Main.Shop_Main:PersistentLevel.Salmon_2
	Function /Game/SushiShop/Assets/Pickup_Items/Pickup_M.Pickup_M_C:UserConstructionScript:0137
[2018.03.07-11.38.15:557][258]LogScript: Warning: Attempted to access index 0 from array SushiStruct of length 0!
	Salmon_C /Game/SushiShop/Shop_Main.Shop_Main:PersistentLevel.Salmon_2
	Function /Game/SushiShop/Assets/Pickup_Items/Pickup_M.Pickup_M_C:UserConstructionScript:015F
[2018.03.07-11.38.15:557][258]LogScript: Warning: Accessed None reading structure Material_5_C6C2C2BF4998FBAB77ED6A9A0597DF4E
	Salmon_C /Game/SushiShop/Shop_Main.Shop_Main:PersistentLevel.Salmon_2
	Function /Game/SushiShop/Assets/Pickup_Items/Pickup_M.Pickup_M_C:UserConstructionScript:015F
[2018.03.07-11.38.15:558][258]LogScript: Warning: Attempted to access index 5 from array SushiStruct of length 0!
	Salmon_C /Game/SushiShop/Shop_Main.Shop_Main:PersistentLevel.Tuna
	Function /Game/SushiShop/Assets/Pickup_Items/Pickup_M.Pickup_M_C:UserConstructionScript:0137
[2018.03.07-11.38.15:558][258]LogScript: Warning: Accessed None reading structure IngredientName_2_012ADE8641A99411B752A29314B90D82
	Salmon_C /Game/SushiShop/Shop_Main.Shop_Main:PersistentLevel.Tuna
	Function /Game/SushiShop/Assets/Pickup_Items/Pickup_M.Pickup_M_C:UserConstructionScript:0137
[2018.03.07-11.38.15:558][258]LogScript: Warning: Attempted to access index 5 from array SushiStruct of length 0!
	Salmon_C /Game/SushiShop/Shop_Main.Shop_Main:PersistentLevel.Tuna
	Function /Game/SushiShop/Assets/Pickup_Items/Pickup_M.Pickup_M_C:UserConstructionScript:015F
[2018.03.07-11.38.15:558][258]LogScript: Warning: Accessed None reading structure Material_5_C6C2C2BF4998FBAB77ED6A9A0597DF4E
	Salmon_C /Game/SushiShop/Shop_Main.Shop_Main:PersistentLevel.Tuna
	Function /Game/SushiShop/Assets/Pickup_Items/Pickup_M.Pickup_M_C:UserConstructionScript:015F
[2018.03.07-11.38.15:588][258]LogSlate: Took 0.000237 seconds to synchronously load lazily loaded font '../../../Engine/Content/Slate/Fonts/Roboto-Regular.ttf' (155K)
[2018.03.07-11.38.15:668][258]Cmd: MAP LOAD FILE="../../../../../../Users/darkm/Documents/GitHub/SushiShop/SushiShop/Content/SushiShop/Shop_Main.umap" TEMPLATE=0 SHOWPROGRESS=1 FEATURELEVEL=3
[2018.03.07-11.38.15:668][258]LightingResults: New page: Lighting Build
[2018.03.07-11.38.15:669][258]LoadErrors: New page: Loading map: Shop_Main.umap
[2018.03.07-11.38.15:671][258]MapCheck: New page: Map Check
[2018.03.07-11.38.15:671][258]LightingResults: New page: Lighting Build
[2018.03.07-11.38.15:700][258]LogScript: Warning: Attempted to access index 0 from array SushiStruct of length 0!
	Salmon_C /Game/SushiShop/Shop_Main.Shop_Main:PersistentLevel.Salmon_2
	Function /Game/SushiShop/Assets/Pickup_Items/Pickup_M.Pickup_M_C:UserConstructionScript:0137
[2018.03.07-11.38.15:700][258]LogScript: Warning: Accessed None reading structure IngredientName_2_012ADE8641A99411B752A29314B90D82
	Salmon_C /Game/SushiShop/Shop_Main.Shop_Main:PersistentLevel.Salmon_2
	Function /Game/SushiShop/Assets/Pickup_Items/Pickup_M.Pickup_M_C:UserConstructionScript:0137
[2018.03.07-11.38.15:701][258]LogScript: Warning: Attempted to access index 0 from array SushiStruct of length 0!
	Salmon_C /Game/SushiShop/Shop_Main.Shop_Main:PersistentLevel.Salmon_2
	Function /Game/SushiShop/Assets/Pickup_Items/Pickup_M.Pickup_M_C:UserConstructionScript:015F
[2018.03.07-11.38.15:701][258]LogScript: Warning: Accessed None reading structure Material_5_C6C2C2BF4998FBAB77ED6A9A0597DF4E
	Salmon_C /Game/SushiShop/Shop_Main.Shop_Main:PersistentLevel.Salmon_2
	Function /Game/SushiShop/Assets/Pickup_Items/Pickup_M.Pickup_M_C:UserConstructionScript:015F
[2018.03.07-11.38.15:701][258]LogScript: Warning: Attempted to access index 5 from array SushiStruct of length 0!
	Salmon_C /Game/SushiShop/Shop_Main.Shop_Main:PersistentLevel.Tuna
	Function /Game/SushiShop/Assets/Pickup_Items/Pickup_M.Pickup_M_C:UserConstructionScript:0137
[2018.03.07-11.38.15:701][258]LogScript: Warning: Accessed None reading structure IngredientName_2_012ADE8641A99411B752A29314B90D82
	Salmon_C /Game/SushiShop/Shop_Main.Shop_Main:PersistentLevel.Tuna
	Function /Game/SushiShop/Assets/Pickup_Items/Pickup_M.Pickup_M_C:UserConstructionScript:0137
[2018.03.07-11.38.15:701][258]LogScript: Warning: Attempted to access index 5 from array SushiStruct of length 0!
	Salmon_C /Game/SushiShop/Shop_Main.Shop_Main:PersistentLevel.Tuna
	Function /Game/SushiShop/Assets/Pickup_Items/Pickup_M.Pickup_M_C:UserConstructionScript:015F
[2018.03.07-11.38.15:701][258]LogScript: Warning: Accessed None reading structure Material_5_C6C2C2BF4998FBAB77ED6A9A0597DF4E
	Salmon_C /Game/SushiShop/Shop_Main.Shop_Main:PersistentLevel.Tuna
	Function /Game/SushiShop/Assets/Pickup_Items/Pickup_M.Pickup_M_C:UserConstructionScript:015F
[2018.03.07-11.38.15:710][258]LogEditorServer: Finished looking for orphan Actors (0.000 secs)
[2018.03.07-11.38.15:788][258]Cmd: MAP CHECKDEP NOCLEARLOG
[2018.03.07-11.38.15:871][258]MapCheck: Map check complete: 0 Error(s), 0 Warning(s), took 83.103ms to complete.
[2018.03.07-11.38.15:872][258]LogFileHelpers: Loading map 'Shop_Main' took 0.205
[2018.03.07-11.38.17:434][323]LogTemp: Repeating last play command: Simulate
[2018.03.07-11.38.17:482][323]LogPlayLevel: PlayLevel: No blueprints needed recompiling
[2018.03.07-11.38.17:482][323]PIE: New page: SIE session: Shop_Main (Mar 6, 2018, 7:38:17 PM)
[2018.03.07-11.38.17:482][323]LogPlayLevel: Creating play world package: /Game/SushiShop/UEDPIE_0_Shop_Main
[2018.03.07-11.38.17:485][323]LogPlayLevel: PIE: StaticDuplicateObject took: (0.003062s)
[2018.03.07-11.38.17:486][323]LogAIModule: Creating AISystem for world Shop_Main
[2018.03.07-11.38.17:486][323]LogPlayLevel: PIE: World Init took: (0.000682s)
[2018.03.07-11.38.17:486][323]LogPlayLevel: PIE: Created PIE world by copying editor world from /Game/SushiShop/Shop_Main.Shop_Main to /Game/SushiShop/UEDPIE_0_Shop_Main.Shop_Main (0.004075s)
[2018.03.07-11.38.17:500][323]LogInit: XAudio2 using 'Speakers (Realtek High Definition Audio(SST))' : 2 channels at 48 kHz using 32 bits per sample (channel mask 0x3)
[2018.03.07-11.38.17:516][323]LogInit: FAudioDevice initialized.
[2018.03.07-11.38.17:569][323]LogUObjectGlobals: Warning: Failed to find object 'Class None.'
[2018.03.07-11.38.17:569][323]LogLoad: Game class is 'GameModeBase'
[2018.03.07-11.38.17:573][323]LogWorld: Bringing World /Game/SushiShop/UEDPIE_0_Shop_Main.Shop_Main up for play (max tick rate 60) at 2018.03.07-03.38.17
[2018.03.07-11.38.17:574][323]LogWorld: Bringing up level for play took: 0.003081
[2018.03.07-11.38.17:574][323]LogGameMode: FindPlayerStart: PATHS NOT DEFINED or NO PLAYERSTART with positive rating
[2018.03.07-11.38.17:625][323]LogContentBrowser: Native class hierarchy updated for 'MovieSceneCapture' in 0.0003 seconds. Added 11 classes and 0 folders.
[2018.03.07-11.38.17:630][323]PIE: Play in editor start time for /Game/SushiShop/UEDPIE_0_Shop_Main -0.172
[2018.03.07-11.38.17:639][323]LogBlueprintUserMessages: [Display_Order_C_0] 1
[2018.03.07-11.38.17:639][323]LogBlueprintUserMessages: [Display_Order_C_0] 2
[2018.03.07-11.38.17:639][323]LogBlueprintUserMessages: [Display_Order_C_0] Order1Checkbox
[2018.03.07-11.38.17:639][323]LogBlueprintUserMessages: [Display_Order_C_0] Order2Checkbox
[2018.03.07-11.38.17:639][323]LogBlueprintUserMessages: [Display_Order_C_0] Tuna
[2018.03.07-11.38.17:639][323]LogBlueprintUserMessages: [Display_Order_C_0] Salmon
[2018.03.07-11.38.17:639][323]LogBlueprintUserMessages: [Display_Order_C_0] Unagi
[2018.03.07-11.38.17:639][323]LogBlueprintUserMessages: [Display_Order_C_0] WhiteTuna
[2018.03.07-11.38.17:639][323]LogBlueprintUserMessages: [Display_Order_C_0] Unagi
[2018.03.07-11.38.17:639][323]LogBlueprintUserMessages: [Display_Order_C_0] Unagi
[2018.03.07-11.38.17:878][331]LogBlueprintUserMessages: [BoatTrigger_2] Food3
[2018.03.07-11.38.17:961][336]LogBlueprintUserMessages: [Display_Order_C_0] Order1Checkbox
[2018.03.07-11.38.17:961][336]LogBlueprintUserMessages: [Display_Order_C_0] Order2Checkbox
[2018.03.07-11.38.17:962][336]LogBlueprintUserMessages: [Display_Order_C_0] Order1Checkbox
[2018.03.07-11.38.17:962][336]LogBlueprintUserMessages: [Display_Order_C_0] Unchecked
[2018.03.07-11.38.17:962][336]LogBlueprintUserMessages: [BoatTrigger_2] Food3
[2018.03.07-11.38.17:962][336]LogBlueprintUserMessages: [BoatTrigger_2] Salmon
[2018.03.07-11.38.17:962][336]LogBlueprintUserMessages: [Display_Order_C_0] Order1Checkbox
[2018.03.07-11.38.17:962][336]LogBlueprintUserMessages: [Display_Order_C_0] Order2Checkbox
[2018.03.07-11.38.17:962][336]LogBlueprintUserMessages: [Display_Order_C_0] Order1Checkbox
[2018.03.07-11.38.17:962][336]LogBlueprintUserMessages: [Display_Order_C_0] Checked
[2018.03.07-11.38.17:962][336]LogBlueprintUserMessages: [BoatTrigger_2] Food3
[2018.03.07-11.38.17:962][336]LogBlueprintUserMessages: [BoatTrigger_2] Salmon
[2018.03.07-11.38.17:962][336]LogBlueprintUserMessages: [BoatTrigger_2] Tuna
[2018.03.07-11.38.21:003][512]LogEditorViewport: Clicking on Actor (LMB): BP_Boat_C (BP_Boat)
[2018.03.07-11.38.21:133][516]Cmd: CAMERA ALIGN ACTIVEVIEWPORTONLY
[2018.03.07-11.38.22:307][576]LogEditorViewport: Clicking on Actor (LMB): BPP_Ingredient_C (Food2)
[2018.03.07-11.38.36:824][334]LogContentBrowser: Native class hierarchy updated for 'BlueprintGraph' in 0.0006 seconds. Added 116 classes and 0 folders.
[2018.03.07-11.38.37:551][334]LogSlate: Took 0.000193 seconds to synchronously load lazily loaded font '../../../Engine/Content/Editor/Slate/Fonts/Roboto-BoldCondensed.ttf' (158K)
[2018.03.07-11.38.42:985][611]LogSlate: Took 0.001800 seconds to synchronously load lazily loaded font '../../../Engine/Content/Slate/Fonts/DroidSansFallback.ttf' (3848K)
[2018.03.07-11.38.46:097][775]LogTemp: Repeating last play command: Simulate
[2018.03.07-11.38.46:130][775]LogPlayLevel: PlayLevel: No blueprints needed recompiling
[2018.03.07-11.38.46:130][775]PIE: New page: SIE session: Shop_Main (Mar 6, 2018, 7:38:46 PM)
[2018.03.07-11.38.46:130][775]LogPlayLevel: Creating play world package: /Game/SushiShop/UEDPIE_0_Shop_Main
[2018.03.07-11.38.46:133][775]LogPlayLevel: PIE: StaticDuplicateObject took: (0.003023s)
[2018.03.07-11.38.46:134][775]LogAIModule: Creating AISystem for world Shop_Main
[2018.03.07-11.38.46:134][775]LogPlayLevel: PIE: World Init took: (0.000633s)
[2018.03.07-11.38.46:134][775]LogPlayLevel: PIE: Created PIE world by copying editor world from /Game/SushiShop/Shop_Main.Shop_Main to /Game/SushiShop/UEDPIE_0_Shop_Main.Shop_Main (0.003923s)
[2018.03.07-11.38.46:157][775]LogInit: XAudio2 using 'Speakers (Realtek High Definition Audio(SST))' : 2 channels at 48 kHz using 32 bits per sample (channel mask 0x3)
[2018.03.07-11.38.46:169][775]LogInit: FAudioDevice initialized.
[2018.03.07-11.38.46:205][775]LogUObjectGlobals: Warning: Failed to find object 'Class None.'
[2018.03.07-11.38.46:205][775]LogLoad: Game class is 'GameModeBase'
[2018.03.07-11.38.46:208][775]LogWorld: Bringing World /Game/SushiShop/UEDPIE_0_Shop_Main.Shop_Main up for play (max tick rate 60) at 2018.03.07-03.38.46
[2018.03.07-11.38.46:209][775]LogWorld: Bringing up level for play took: 0.002859
[2018.03.07-11.38.46:209][775]LogGameMode: FindPlayerStart: PATHS NOT DEFINED or NO PLAYERSTART with positive rating
[2018.03.07-11.38.46:212][775]PIE: Play in editor start time for /Game/SushiShop/UEDPIE_0_Shop_Main 0.41
[2018.03.07-11.38.46:217][775]LogBlueprintUserMessages: [Display_Order_C_1] 3
[2018.03.07-11.38.46:217][775]LogBlueprintUserMessages: [Display_Order_C_1] 3
[2018.03.07-11.38.46:217][775]LogBlueprintUserMessages: [Display_Order_C_1] Order1Checkbox
[2018.03.07-11.38.46:217][775]LogBlueprintUserMessages: [Display_Order_C_1] Order2Checkbox
[2018.03.07-11.38.46:217][775]LogBlueprintUserMessages: [Display_Order_C_1] Tuna
[2018.03.07-11.38.46:217][775]LogBlueprintUserMessages: [Display_Order_C_1] Salmon
[2018.03.07-11.38.46:217][775]LogBlueprintUserMessages: [Display_Order_C_1] Unagi
[2018.03.07-11.38.46:217][775]LogBlueprintUserMessages: [Display_Order_C_1] WhiteTuna
[2018.03.07-11.38.46:217][775]LogBlueprintUserMessages: [Display_Order_C_1] Salmon
[2018.03.07-11.38.46:217][775]LogBlueprintUserMessages: [Display_Order_C_1] Salmon
[2018.03.07-11.38.46:397][784]LogBlueprintUserMessages: [BoatTrigger_2] Food3
[2018.03.07-11.38.46:479][788]LogBlueprintUserMessages: [Display_Order_C_1] Order1Checkbox
[2018.03.07-11.38.46:479][788]LogBlueprintUserMessages: [Display_Order_C_1] Order2Checkbox
[2018.03.07-11.38.46:479][788]LogBlueprintUserMessages: [Display_Order_C_1] Order1Checkbox
[2018.03.07-11.38.46:479][788]LogBlueprintUserMessages: [Display_Order_C_1] Unchecked
[2018.03.07-11.38.46:479][788]LogBlueprintUserMessages: [BoatTrigger_2] Food3
[2018.03.07-11.38.46:479][788]LogBlueprintUserMessages: [BoatTrigger_2] Salmon
[2018.03.07-11.38.46:479][788]LogBlueprintUserMessages: [Display_Order_C_1] Order1Checkbox
[2018.03.07-11.38.46:479][788]LogBlueprintUserMessages: [Display_Order_C_1] Order2Checkbox
[2018.03.07-11.38.46:479][788]LogBlueprintUserMessages: [Display_Order_C_1] Order1Checkbox
[2018.03.07-11.38.46:479][788]LogBlueprintUserMessages: [Display_Order_C_1] Checked
[2018.03.07-11.38.46:479][788]LogBlueprintUserMessages: [BoatTrigger_2] Food3
[2018.03.07-11.38.46:479][788]LogBlueprintUserMessages: [BoatTrigger_2] Salmon
[2018.03.07-11.38.46:479][788]LogBlueprintUserMessages: [BoatTrigger_2] Tuna
[2018.03.07-11.39.01:056][616]LogSlate: Took 0.000253 seconds to synchronously load lazily loaded font '../../../Engine/Content/Editor/Slate/Fonts/Roboto-Italic.ttf' (157K)
[2018.03.07-11.39.02:961][725]LogRenderer: Reallocating scene render targets to support 1028x548 Format 26 NumSamples 1 (Frame:1).
[2018.03.07-11.43.23:191][779]LogActorComponent: RegisterComponentWithWorld: (/Game/SushiShop/Shop_Main.Shop_Main:PersistentLevel.DESTROYED_BP_OrderMenu_C_CHILDACTOR_16.Scene) Trying to register component with IsPendingKill() == true. Aborting.
[2018.03.07-11.43.23:192][779]LogActorComponent: RegisterComponentWithWorld: (/Engine/Transient.World_2:PersistentLevel.DESTROYED_BP_OrderMenu_C_CHILDACTOR_20.Scene) Trying to register component with IsPendingKill() == true. Aborting.
[2018.03.07-11.43.26:221][945]LogSavePackage: Save=38.25ms
[2018.03.07-11.43.26:221][945]LogSavePackage: Moving '../../../../../../Users/darkm/Documents/GitHub/SushiShop/SushiShop/Saved/BP_OrderMenuF3564834484B94BB0B81BA923B86F35D.tmp' to '../../../../../../Users/darkm/Documents/GitHub/SushiShop/SushiShop/Content/SushiShop/BluePrints/Scott_Remake/BP_OrderMenu.uasset'
[2018.03.07-11.43.26:225][945]LogSavePackage: Display: Finished SavePackage ../../../../../../Users/darkm/Documents/GitHub/SushiShop/SushiShop/Content/SushiShop/BluePrints/Scott_Remake/BP_OrderMenu.uasset
[2018.03.07-11.43.27:270][997]LogTemp: Repeating last play command: Simulate
[2018.03.07-11.43.27:302][997]BlueprintLog: New page: Pre-Play auto-recompile
[2018.03.07-11.43.27:311][997]LogPlayLevel: [PlayLevel] Compiling BP_OrderMenu before play...
[2018.03.07-11.43.27:770][997]LogActorComponent: RegisterComponentWithWorld: (/Game/SushiShop/Shop_Main.Shop_Main:PersistentLevel.DESTROYED_BP_OrderMenu_C_CHILDACTOR_9.Scene) Trying to register component with IsPendingKill() == true. Aborting.
[2018.03.07-11.43.27:771][997]LogActorComponent: RegisterComponentWithWorld: (/Engine/Transient.World_2:PersistentLevel.DESTROYED_BP_OrderMenu_C_CHILDACTOR_6.Scene) Trying to register component with IsPendingKill() == true. Aborting.
[2018.03.07-11.43.27:790][997]LogPlayLevel: PlayLevel: Blueprint regeneration took 488 ms (1 blueprints)
[2018.03.07-11.43.27:791][997]PIE: New page: SIE session: Shop_Main (Mar 6, 2018, 7:43:27 PM)
[2018.03.07-11.43.27:791][997]LogPlayLevel: Creating play world package: /Game/SushiShop/UEDPIE_0_Shop_Main
[2018.03.07-11.43.27:793][997]LogPlayLevel: PIE: StaticDuplicateObject took: (0.002679s)
[2018.03.07-11.43.27:794][997]LogAIModule: Creating AISystem for world Shop_Main
[2018.03.07-11.43.27:794][997]LogPlayLevel: PIE: World Init took: (0.000670s)
[2018.03.07-11.43.27:794][997]LogPlayLevel: PIE: Created PIE world by copying editor world from /Game/SushiShop/Shop_Main.Shop_Main to /Game/SushiShop/UEDPIE_0_Shop_Main.Shop_Main (0.003596s)
[2018.03.07-11.43.27:813][997]LogInit: XAudio2 using 'Speakers (Realtek High Definition Audio(SST))' : 2 channels at 48 kHz using 32 bits per sample (channel mask 0x3)
[2018.03.07-11.43.27:824][997]LogInit: FAudioDevice initialized.
[2018.03.07-11.43.27:855][997]LogUObjectGlobals: Warning: Failed to find object 'Class None.'
[2018.03.07-11.43.27:855][997]LogLoad: Game class is 'GameModeBase'
[2018.03.07-11.43.27:859][997]LogWorld: Bringing World /Game/SushiShop/UEDPIE_0_Shop_Main.Shop_Main up for play (max tick rate 60) at 2018.03.07-03.43.27
[2018.03.07-11.43.27:859][997]LogWorld: Bringing up level for play took: 0.002672
[2018.03.07-11.43.27:859][997]LogGameMode: FindPlayerStart: PATHS NOT DEFINED or NO PLAYERSTART with positive rating
[2018.03.07-11.43.27:862][997]PIE: Play in editor start time for /Game/SushiShop/UEDPIE_0_Shop_Main 0.06
[2018.03.07-11.43.27:866][997]LogBlueprintUserMessages: [Display_Order_C_2] 0
[2018.03.07-11.43.27:866][997]LogBlueprintUserMessages: [Display_Order_C_2] 3
[2018.03.07-11.43.27:866][997]LogBlueprintUserMessages: [Display_Order_C_2] Order1Checkbox
[2018.03.07-11.43.27:866][997]LogBlueprintUserMessages: [Display_Order_C_2] Order2Checkbox
[2018.03.07-11.43.27:866][997]LogBlueprintUserMessages: [Display_Order_C_2] Tuna
[2018.03.07-11.43.27:866][997]LogBlueprintUserMessages: [Display_Order_C_2] Salmon
[2018.03.07-11.43.27:866][997]LogBlueprintUserMessages: [Display_Order_C_2] Unagi
[2018.03.07-11.43.27:866][997]LogBlueprintUserMessages: [Display_Order_C_2] WhiteTuna
[2018.03.07-11.43.27:866][997]LogBlueprintUserMessages: [Display_Order_C_2] Salmon
[2018.03.07-11.43.27:866][997]LogBlueprintUserMessages: [Display_Order_C_2] Salmon
[2018.03.07-11.43.28:064][  4]LogBlueprintUserMessages: [BoatTrigger_2] Food3
[2018.03.07-11.43.28:147][  9]LogBlueprintUserMessages: [Display_Order_C_2] Order1Checkbox
[2018.03.07-11.43.28:147][  9]LogBlueprintUserMessages: [Display_Order_C_2] Order2Checkbox
[2018.03.07-11.43.28:148][  9]LogBlueprintUserMessages: [Display_Order_C_2] Order1Checkbox
[2018.03.07-11.43.28:148][  9]LogBlueprintUserMessages: [Display_Order_C_2] Unchecked
[2018.03.07-11.43.28:148][  9]LogBlueprintUserMessages: [BoatTrigger_2] Food3
[2018.03.07-11.43.28:148][  9]LogBlueprintUserMessages: [BoatTrigger_2] Salmon
[2018.03.07-11.43.28:148][  9]LogBlueprintUserMessages: [Display_Order_C_2] Order1Checkbox
[2018.03.07-11.43.28:148][  9]LogBlueprintUserMessages: [Display_Order_C_2] Order2Checkbox
[2018.03.07-11.43.28:148][  9]LogBlueprintUserMessages: [Display_Order_C_2] Order1Checkbox
[2018.03.07-11.43.28:148][  9]LogBlueprintUserMessages: [Display_Order_C_2] Checked
[2018.03.07-11.43.28:148][  9]LogBlueprintUserMessages: [BoatTrigger_2] Food3
[2018.03.07-11.43.28:148][  9]LogBlueprintUserMessages: [BoatTrigger_2] Salmon
[2018.03.07-11.43.28:148][  9]LogBlueprintUserMessages: [BoatTrigger_2] Tuna
[2018.03.07-11.43.32:924][287]LogEditorViewport: Clicking on Actor (LMB): BP_Boat_C (BP_Boat)
[2018.03.07-11.43.33:837][338]LogEditorViewport: Clicking on Actor (LMB): BP_Boat_C (BP_Boat)
[2018.03.07-11.43.34:402][370]LogEditorViewport: Clicking on Actor (LMB): BP_Boat_C (BP_Boat)
[2018.03.07-11.43.47:965][167]LogActorComponent: RegisterComponentWithWorld: (/Game/SushiShop/Shop_Main.Shop_Main:PersistentLevel.DESTROYED_BP_OrderMenu_C_CHILDACTOR_13.Scene) Trying to register component with IsPendingKill() == true. Aborting.
[2018.03.07-11.43.47:966][167]LogActorComponent: RegisterComponentWithWorld: (/Engine/Transient.World_2:PersistentLevel.DESTROYED_BP_OrderMenu_C_CHILDACTOR_29.Scene) Trying to register component with IsPendingKill() == true. Aborting.
[2018.03.07-11.43.50:535][288]LogSavePackage: Save=33.22ms
[2018.03.07-11.43.50:535][288]LogSavePackage: Moving '../../../../../../Users/darkm/Documents/GitHub/SushiShop/SushiShop/Saved/BP_OrderMenu43FD8F0E470698B056BEC1AFBDE55171.tmp' to '../../../../../../Users/darkm/Documents/GitHub/SushiShop/SushiShop/Content/SushiShop/BluePrints/Scott_Remake/BP_OrderMenu.uasset'
[2018.03.07-11.43.50:539][288]LogSavePackage: Display: Finished SavePackage ../../../../../../Users/darkm/Documents/GitHub/SushiShop/SushiShop/Content/SushiShop/BluePrints/Scott_Remake/BP_OrderMenu.uasset
[2018.03.07-11.43.51:996][349]LogTemp: Repeating last play command: Simulate
[2018.03.07-11.43.52:023][349]BlueprintLog: New page: Pre-Play auto-recompile
[2018.03.07-11.43.52:029][349]LogPlayLevel: [PlayLevel] Compiling BP_OrderMenu before play...
[2018.03.07-11.43.52:548][349]LogActorComponent: RegisterComponentWithWorld: (/Game/SushiShop/Shop_Main.Shop_Main:PersistentLevel.DESTROYED_BP_OrderMenu_C_CHILDACTOR_9.Scene) Trying to register component with IsPendingKill() == true. Aborting.
[2018.03.07-11.43.52:549][349]LogActorComponent: RegisterComponentWithWorld: (/Engine/Transient.World_2:PersistentLevel.DESTROYED_BP_OrderMenu_C_CHILDACTOR_9.Scene) Trying to register component with IsPendingKill() == true. Aborting.
[2018.03.07-11.43.52:569][349]LogPlayLevel: PlayLevel: Blueprint regeneration took 546 ms (1 blueprints)
[2018.03.07-11.43.52:569][349]PIE: New page: SIE session: Shop_Main (Mar 6, 2018, 7:43:52 PM)
[2018.03.07-11.43.52:569][349]LogPlayLevel: Creating play world package: /Game/SushiShop/UEDPIE_0_Shop_Main
[2018.03.07-11.43.52:572][349]LogPlayLevel: PIE: StaticDuplicateObject took: (0.002589s)
[2018.03.07-11.43.52:572][349]LogAIModule: Creating AISystem for world Shop_Main
[2018.03.07-11.43.52:572][349]LogPlayLevel: PIE: World Init took: (0.000577s)
[2018.03.07-11.43.52:572][349]LogPlayLevel: PIE: Created PIE world by copying editor world from /Game/SushiShop/Shop_Main.Shop_Main to /Game/SushiShop/UEDPIE_0_Shop_Main.Shop_Main (0.003374s)
[2018.03.07-11.43.52:589][349]LogInit: XAudio2 using 'Speakers (Realtek High Definition Audio(SST))' : 2 channels at 48 kHz using 32 bits per sample (channel mask 0x3)
[2018.03.07-11.43.52:601][349]LogInit: FAudioDevice initialized.
[2018.03.07-11.43.52:640][349]LogUObjectGlobals: Warning: Failed to find object 'Class None.'
[2018.03.07-11.43.52:640][349]LogLoad: Game class is 'GameModeBase'
[2018.03.07-11.43.52:643][349]LogWorld: Bringing World /Game/SushiShop/UEDPIE_0_Shop_Main.Shop_Main up for play (max tick rate 60) at 2018.03.07-03.43.52
[2018.03.07-11.43.52:643][349]LogWorld: Bringing up level for play took: 0.002521
[2018.03.07-11.43.52:644][349]LogGameMode: FindPlayerStart: PATHS NOT DEFINED or NO PLAYERSTART with positive rating
[2018.03.07-11.43.52:647][349]PIE: Play in editor start time for /Game/SushiShop/UEDPIE_0_Shop_Main 0.845
[2018.03.07-11.43.52:650][349]LogBlueprintUserMessages: [Display_Order_C_3] 0
[2018.03.07-11.43.52:651][349]LogBlueprintUserMessages: [Display_Order_C_3] 2
[2018.03.07-11.43.52:651][349]LogBlueprintUserMessages: [Display_Order_C_3] Order1Checkbox
[2018.03.07-11.43.52:651][349]LogBlueprintUserMessages: [Display_Order_C_3] Order2Checkbox
[2018.03.07-11.43.52:651][349]LogBlueprintUserMessages: [Display_Order_C_3] Tuna
[2018.03.07-11.43.52:651][349]LogBlueprintUserMessages: [Display_Order_C_3] Salmon
[2018.03.07-11.43.52:651][349]LogBlueprintUserMessages: [Display_Order_C_3] Unagi
[2018.03.07-11.43.52:651][349]LogBlueprintUserMessages: [Display_Order_C_3] WhiteTuna
[2018.03.07-11.43.52:651][349]LogBlueprintUserMessages: [Display_Order_C_3] Salmon
[2018.03.07-11.43.52:651][349]LogBlueprintUserMessages: [Display_Order_C_3] Salmon
[2018.03.07-11.43.52:833][358]LogBlueprintUserMessages: [BoatTrigger_2] Food3
[2018.03.07-11.43.52:911][362]LogBlueprintUserMessages: [Display_Order_C_3] Order1Checkbox
[2018.03.07-11.43.52:911][362]LogBlueprintUserMessages: [Display_Order_C_3] Order2Checkbox
[2018.03.07-11.43.52:911][362]LogBlueprintUserMessages: [Display_Order_C_3] Order1Checkbox
[2018.03.07-11.43.52:911][362]LogBlueprintUserMessages: [Display_Order_C_3] Unchecked
[2018.03.07-11.43.52:911][362]LogBlueprintUserMessages: [BoatTrigger_2] Food3
[2018.03.07-11.43.52:911][362]LogBlueprintUserMessages: [BoatTrigger_2] Salmon
[2018.03.07-11.43.52:911][362]LogBlueprintUserMessages: [Display_Order_C_3] Order1Checkbox
[2018.03.07-11.43.52:911][362]LogBlueprintUserMessages: [Display_Order_C_3] Order2Checkbox
[2018.03.07-11.43.52:911][362]LogBlueprintUserMessages: [Display_Order_C_3] Order1Checkbox
[2018.03.07-11.43.52:911][362]LogBlueprintUserMessages: [Display_Order_C_3] Checked
[2018.03.07-11.43.52:911][362]LogBlueprintUserMessages: [BoatTrigger_2] Food3
[2018.03.07-11.43.52:912][362]LogBlueprintUserMessages: [BoatTrigger_2] Salmon
[2018.03.07-11.43.52:912][362]LogBlueprintUserMessages: [BoatTrigger_2] Tuna
[2018.03.07-11.43.53:400][391]LogBlueprintUserMessages: [Display_Order_C_3] Order1Checkbox
[2018.03.07-11.43.53:400][391]LogBlueprintUserMessages: [Display_Order_C_3] Order2Checkbox
[2018.03.07-11.43.53:400][391]LogBlueprintUserMessages: [Display_Order_C_3] Order1Checkbox
[2018.03.07-11.43.53:400][391]LogBlueprintUserMessages: [Display_Order_C_3] Checked
[2018.03.07-11.43.53:400][391]LogBlueprintUserMessages: [BoatTrigger_2] Food3
[2018.03.07-11.43.53:401][391]LogBlueprintUserMessages: [BoatTrigger_2] Tuna
[2018.03.07-11.45.04:223][191]LogSavePackage: Save=54.14ms
[2018.03.07-11.45.04:223][191]LogSavePackage: Moving '../../../../../../Users/darkm/Documents/GitHub/SushiShop/SushiShop/Saved/BP_OrderMenuWidget60B464AF401D0C9B2801DB9B89465401.tmp' to '../../../../../../Users/darkm/Documents/GitHub/SushiShop/SushiShop/Content/SushiShop/BluePrints/Scott_Remake/BP_OrderMenuWidget.uasset'
[2018.03.07-11.45.04:226][191]LogSavePackage: Display: Finished SavePackage ../../../../../../Users/darkm/Documents/GitHub/SushiShop/SushiShop/Content/SushiShop/BluePrints/Scott_Remake/BP_OrderMenuWidget.uasset
[2018.03.07-11.45.06:538][276]LogTemp: Repeating last play command: Simulate
[2018.03.07-11.45.06:563][276]BlueprintLog: New page: Pre-Play auto-recompile
[2018.03.07-11.45.06:574][276]LogPlayLevel: [PlayLevel] Compiling BP_OrderMenuWidget before play...
[2018.03.07-11.45.06:590][276]LogActorComponent: RegisterComponentWithWorld: (/Game/SushiShop/Shop_Main.Shop_Main:PersistentLevel.DESTROYED_BP_OrderMenu_C_CHILDACTOR_11.Scene) Trying to register component with IsPendingKill() == true. Aborting.
[2018.03.07-11.45.06:591][276]LogActorComponent: RegisterComponentWithWorld: (/Engine/Transient.World_2:PersistentLevel.DESTROYED_BP_OrderMenu_C_CHILDACTOR_27.Scene) Trying to register component with IsPendingKill() == true. Aborting.
[2018.03.07-11.45.06:717][276]LogPlayLevel: PlayLevel: Blueprint regeneration took 153 ms (1 blueprints)
[2018.03.07-11.45.06:717][276]PIE: New page: SIE session: Shop_Main (Mar 6, 2018, 7:45:06 PM)
[2018.03.07-11.45.06:717][276]LogPlayLevel: Creating play world package: /Game/SushiShop/UEDPIE_0_Shop_Main
[2018.03.07-11.45.06:720][276]LogPlayLevel: PIE: StaticDuplicateObject took: (0.002512s)
[2018.03.07-11.45.06:720][276]LogAIModule: Creating AISystem for world Shop_Main
[2018.03.07-11.45.06:720][276]LogPlayLevel: PIE: World Init took: (0.000576s)
[2018.03.07-11.45.06:720][276]LogPlayLevel: PIE: Created PIE world by copying editor world from /Game/SushiShop/Shop_Main.Shop_Main to /Game/SushiShop/UEDPIE_0_Shop_Main.Shop_Main (0.003342s)
[2018.03.07-11.45.06:739][276]LogInit: XAudio2 using 'Speakers (Realtek High Definition Audio(SST))' : 2 channels at 48 kHz using 32 bits per sample (channel mask 0x3)
[2018.03.07-11.45.06:749][276]LogInit: FAudioDevice initialized.
[2018.03.07-11.45.06:783][276]LogUObjectGlobals: Warning: Failed to find object 'Class None.'
[2018.03.07-11.45.06:783][276]LogLoad: Game class is 'GameModeBase'
[2018.03.07-11.45.06:786][276]LogWorld: Bringing World /Game/SushiShop/UEDPIE_0_Shop_Main.Shop_Main up for play (max tick rate 60) at 2018.03.07-03.45.06
[2018.03.07-11.45.06:786][276]LogWorld: Bringing up level for play took: 0.002562
[2018.03.07-11.45.06:787][276]LogGameMode: FindPlayerStart: PATHS NOT DEFINED or NO PLAYERSTART with positive rating
[2018.03.07-11.45.06:790][276]PIE: Play in editor start time for /Game/SushiShop/UEDPIE_0_Shop_Main 0.988
[2018.03.07-11.45.06:794][276]LogBlueprintUserMessages: [Display_Order_C_4] 1
[2018.03.07-11.45.06:794][276]LogBlueprintUserMessages: [Display_Order_C_4] 3
[2018.03.07-11.45.06:794][276]LogBlueprintUserMessages: [Display_Order_C_4] Order1Checkbox
[2018.03.07-11.45.06:794][276]LogBlueprintUserMessages: [Display_Order_C_4] Order2Checkbox
[2018.03.07-11.45.06:794][276]LogBlueprintUserMessages: [Display_Order_C_4] Tuna
[2018.03.07-11.45.06:794][276]LogBlueprintUserMessages: [Display_Order_C_4] Salmon
[2018.03.07-11.45.06:794][276]LogBlueprintUserMessages: [Display_Order_C_4] Unagi
[2018.03.07-11.45.06:794][276]LogBlueprintUserMessages: [Display_Order_C_4] WhiteTuna
[2018.03.07-11.45.06:794][276]LogBlueprintUserMessages: [Display_Order_C_4] Tuna
[2018.03.07-11.45.06:794][276]LogBlueprintUserMessages: [Display_Order_C_4] Tuna
[2018.03.07-11.45.07:012][283]LogBlueprintUserMessages: [BoatTrigger_2] Food3
[2018.03.07-11.45.07:095][288]LogBlueprintUserMessages: [Display_Order_C_4] Order1Checkbox
[2018.03.07-11.45.07:096][288]LogBlueprintUserMessages: [Display_Order_C_4] Order2Checkbox
[2018.03.07-11.45.07:096][288]LogBlueprintUserMessages: [Display_Order_C_4] Order1Checkbox
[2018.03.07-11.45.07:096][288]LogBlueprintUserMessages: [Display_Order_C_4] Unchecked
[2018.03.07-11.45.07:096][288]LogBlueprintUserMessages: [BoatTrigger_2] Food3
[2018.03.07-11.45.07:096][288]LogBlueprintUserMessages: [BoatTrigger_2] Salmon
[2018.03.07-11.45.07:096][288]LogBlueprintUserMessages: [Display_Order_C_4] Order1Checkbox
[2018.03.07-11.45.07:096][288]LogBlueprintUserMessages: [Display_Order_C_4] Order2Checkbox
[2018.03.07-11.45.07:096][288]LogBlueprintUserMessages: [Display_Order_C_4] Order1Checkbox
[2018.03.07-11.45.07:096][288]LogBlueprintUserMessages: [Display_Order_C_4] Checked
[2018.03.07-11.45.07:096][288]LogBlueprintUserMessages: [BoatTrigger_2] Food3
[2018.03.07-11.45.07:096][288]LogBlueprintUserMessages: [BoatTrigger_2] Salmon
[2018.03.07-11.45.07:096][288]LogBlueprintUserMessages: [BoatTrigger_2] Tuna
[2018.03.07-11.45.07:162][292]LogBlueprintUserMessages: [Display_Order_C_4] Order1Checkbox
[2018.03.07-11.45.07:163][292]LogBlueprintUserMessages: [Display_Order_C_4] Order2Checkbox
[2018.03.07-11.45.07:163][292]LogBlueprintUserMessages: [Display_Order_C_4] Order1Checkbox
[2018.03.07-11.45.07:163][292]LogBlueprintUserMessages: [Display_Order_C_4] Checked
[2018.03.07-11.45.07:163][292]LogBlueprintUserMessages: [BoatTrigger_2] Food3
[2018.03.07-11.45.07:163][292]LogBlueprintUserMessages: [BoatTrigger_2] Tuna
[2018.03.07-11.45.07:212][295]LogBlueprintUserMessages: [Display_Order_C_4] Order1Checkbox
[2018.03.07-11.45.07:212][295]LogBlueprintUserMessages: [Display_Order_C_4] Order2Checkbox
[2018.03.07-11.45.07:212][295]LogBlueprintUserMessages: [Display_Order_C_4] Order1Checkbox
[2018.03.07-11.45.07:213][295]LogBlueprintUserMessages: [Display_Order_C_4] Checked
[2018.03.07-11.45.07:213][295]LogBlueprintUserMessages: [BoatTrigger_2] Food3
[2018.03.07-11.45.07:213][295]LogBlueprintUserMessages: [BoatTrigger_2] Tuna
[2018.03.07-11.45.07:213][295]LogBlueprintUserMessages: [BoatTrigger_2] Salmon
[2018.03.07-11.49.47:762][177]LogWindows: Windows GetLastError: The operation completed successfully. (0)
[2018.03.07-11.49.48:584][177]LogWindows: Error: === Critical error: ===
[2018.03.07-11.49.48:584][177]LogWindows: Error: 
[2018.03.07-11.49.48:584][177]LogWindows: Error: Assertion failed: SetWindowRgn( HWnd, Region, false ) [File:D:\Build\++UE4+Release-4.18+Compile\Sync\Engine\Source\Runtime\ApplicationCore\Private\Windows\WindowsWindow.cpp] [Line: 400] 
[2018.03.07-11.49.48:584][177]LogWindows: Error: 
[2018.03.07-11.49.48:584][177]LogWindows: Error: 
[2018.03.07-11.49.48:584][177]LogWindows: Error: 
[2018.03.07-11.49.48:584][177]LogWindows: Error: [Callstack] 0x00000000CB6B4008 KERNELBASE.dll!UnknownFunction []
[2018.03.07-11.49.48:584][177]LogWindows: Error: [Callstack] 0x00000000ACF476D4 UE4Editor-ApplicationCore.dll!UnknownFunction []
[2018.03.07-11.49.48:584][177]LogWindows: Error: [Callstack] 0x0000000066D1330B UE4Editor-Core.dll!UnknownFunction []
[2018.03.07-11.49.48:584][177]LogWindows: Error: [Callstack] 0x0000000066CA47F9 UE4Editor-Core.dll!UnknownFunction []
[2018.03.07-11.49.48:584][177]LogWindows: Error: [Callstack] 0x00000000ACF44CF3 UE4Editor-ApplicationCore.dll!UnknownFunction []
[2018.03.07-11.49.48:584][177]LogWindows: Error: [Callstack] 0x0000000097D10F7D UE4Editor-SlateCore.dll!UnknownFunction []
[2018.03.07-11.49.48:584][177]LogWindows: Error: [Callstack] 0x000000006A696A5D UE4Editor-Slate.dll!UnknownFunction []
[2018.03.07-11.49.48:584][177]LogWindows: Error: [Callstack] 0x000000006A696B13 UE4Editor-Slate.dll!UnknownFunction []
[2018.03.07-11.49.48:584][177]LogWindows: Error: [Callstack] 0x000000006A662D46 UE4Editor-Slate.dll!UnknownFunction []
[2018.03.07-11.49.48:584][177]LogWindows: Error: [Callstack] 0x000000006A697389 UE4Editor-Slate.dll!UnknownFunction []
[2018.03.07-11.49.48:584][177]LogWindows: Error: [Callstack] 0x000000006A664140 UE4Editor-Slate.dll!UnknownFunction []
[2018.03.07-11.49.48:584][177]LogWindows: Error: [Callstack] 0x000000006A6BD867 UE4Editor-Slate.dll!UnknownFunction []
[2018.03.07-11.49.48:584][177]LogWindows: Error: [Callstack] 0x000000006A6BC953 UE4Editor-Slate.dll!UnknownFunction []
[2018.03.07-11.49.48:584][177]LogWindows: Error: [Callstack] 0x00000000FFEC69CA UE4Editor-opengl4.exe!UnknownFunction []
[2018.03.07-11.49.48:584][177]LogWindows: Error: [Callstack] 0x00000000FFED5430 UE4Editor-opengl4.exe!UnknownFunction []
[2018.03.07-11.49.48:584][177]LogWindows: Error: [Callstack] 0x00000000FFED54AA UE4Editor-opengl4.exe!UnknownFunction []
[2018.03.07-11.49.48:584][177]LogWindows: Error: [Callstack] 0x00000000FFEE2379 UE4Editor-opengl4.exe!UnknownFunction []
[2018.03.07-11.49.48:584][177]LogWindows: Error: [Callstack] 0x00000000FFEE3D57 UE4Editor-opengl4.exe!UnknownFunction []
[2018.03.07-11.49.48:584][177]LogWindows: Error: [Callstack] 0x00000000CC221FE4 KERNEL32.DLL!UnknownFunction []
[2018.03.07-11.49.48:584][177]LogWindows: Error: [Callstack] 0x00000000CEA3EFC1 ntdll.dll!UnknownFunction []
[2018.03.07-11.49.48:584][177]LogWindows: Error: [Callstack] 0x00000000CEA3EFC1 ntdll.dll!UnknownFunction []
[2018.03.07-11.49.48:584][177]LogWindows: Error: 
[2018.03.07-11.49.48:600][177]LogExit: Executing StaticShutdownAfterError
[2018.03.07-11.49.48:607][177]LogWindows: FPlatformMisc::RequestExit(1)
[2018.03.07-11.49.48:608][177]Log file closed, 03/07/18 03:49:48
