Log file open, 02/17/18 21:35:12
LogWindows: Failed to load 'aqProf.dll' (GetLastError=126)
LogWindows: File 'aqProf.dll' does not exist
LogWindows: Failed to load 'VSPerf140.dll' (GetLastError=126)
LogWindows: File 'VSPerf140.dll' does not exist
LogWindows: Failed to load 'VtuneApi.dll' (GetLastError=126)
LogWindows: File 'VtuneApi.dll' does not exist
LogWindows: Failed to load 'VtuneApi32e.dll' (GetLastError=126)
LogWindows: File 'VtuneApi32e.dll' does not exist
LogInit: Display: Running engine for game: SushiShop
LogPlatformFile: Not using cached read wrapper
LogInit: Display: RandInit(-1063019354) SRandInit(-1063019353).
LogTaskGraph: Started task graph with 5 named threads and 14 total threads with 3 sets of task threads.
LogStats: Stats thread started at 0.182830
LogD3D11RHI: Aftermath initialized
LogModuleManager: Display: Found up-to-date module file ../../../Engine/Plugins/2D/Paper2D/Binaries/Win64/UE4Editor-Paper2D.dll (API version 3709383).
LogModuleManager: Display: Found up-to-date module file ../../../Engine/Plugins/2D/Paper2D/Binaries/Win64/UE4Editor-Paper2DEditor.dll (API version 3709383).
LogModuleManager: Display: Found up-to-date module file ../../../Engine/Plugins/2D/Paper2D/Binaries/Win64/UE4Editor-PaperSpriteSheetImporter.dll (API version 3709383).
LogModuleManager: Display: Found up-to-date module file ../../../Engine/Plugins/2D/Paper2D/Binaries/Win64/UE4Editor-PaperTiledImporter.dll (API version 3709383).
LogModuleManager: Display: Found up-to-date module file ../../../Engine/Plugins/2D/Paper2D/Binaries/Win64/UE4Editor-SmartSnapping.dll (API version 3709383).
LogModuleManager: Display: Found up-to-date module file ../../../Engine/Plugins/Blendables/LightPropagationVolume/Binaries/Win64/UE4Editor-LightPropagationVolumeRuntime.dll (API version 3709383).
LogModuleManager: Display: Found up-to-date module file ../../../Engine/Plugins/Blendables/LightPropagationVolume/Binaries/Win64/UE4Editor-LightPropagationVolumeEditor.dll (API version 3709383).
LogModuleManager: Display: Found up-to-date module file ../../../Engine/Plugins/Developer/GitSourceControl/Binaries/Win64/UE4Editor-GitSourceControl.dll (API version 3709383).
LogModuleManager: Display: Found up-to-date module file ../../../Engine/Plugins/Developer/PerforceSourceControl/Binaries/Win64/UE4Editor-PerforceSourceControl.dll (API version 3709383).
LogModuleManager: Display: Found up-to-date module file ../../../Engine/Plugins/Developer/SubversionSourceControl/Binaries/Win64/UE4Editor-SubversionSourceControl.dll (API version 3709383).
LogModuleManager: Display: Found up-to-date module file ../../../Engine/Plugins/Developer/UObjectPlugin/Binaries/Win64/UE4Editor-UObjectPlugin.dll (API version 3709383).
LogModuleManager: Display: Found up-to-date module file ../../../Engine/Plugins/Developer/VisualStudioCodeSourceCodeAccess/Binaries/Win64/UE4Editor-VisualStudioCodeSourceCodeAccess.dll (API version 3709383).
LogModuleManager: Display: Found up-to-date module file ../../../Engine/Plugins/Developer/VisualStudioSourceCodeAccess/Binaries/Win64/UE4Editor-VisualStudioSourceCodeAccess.dll (API version 3709383).
LogModuleManager: Display: Found up-to-date module file ../../../Engine/Plugins/Editor/AssetManagerEditor/Binaries/Win64/UE4Editor-AssetManagerEditor.dll (API version 3709383).
LogModuleManager: Display: Found up-to-date module file ../../../Engine/Plugins/Editor/AudioCapture/Binaries/Win64/UE4Editor-AudioCapture.dll (API version 3709383).
LogModuleManager: Display: Found up-to-date module file ../../../Engine/Plugins/Editor/FacialAnimation/Binaries/Win64/UE4Editor-FacialAnimation.dll (API version 3709383).
LogModuleManager: Display: Found up-to-date module file ../../../Engine/Plugins/Editor/FacialAnimation/Binaries/Win64/UE4Editor-FacialAnimationEditor.dll (API version 3709383).
LogModuleManager: Display: Found up-to-date module file ../../../Engine/Plugins/Editor/GameplayTagsEditor/Binaries/Win64/UE4Editor-GameplayTagsEditor.dll (API version 3709383).
LogModuleManager: Display: Found up-to-date module file ../../../Engine/Plugins/Editor/MobileLauncherProfileWizard/Binaries/Win64/UE4Editor-MobileLauncherProfileWizard.dll (API version 3709383).
LogModuleManager: Display: Found up-to-date module file ../../../Engine/Plugins/Editor/PluginBrowser/Binaries/Win64/UE4Editor-PluginBrowser.dll (API version 3709383).
LogModuleManager: Display: Found up-to-date module file ../../../Engine/Plugins/Editor/SpeedTreeImporter/Binaries/Win64/UE4Editor-SpeedTreeImporter.dll (API version 3709383).
LogModuleManager: Display: Found up-to-date module file ../../../Engine/Plugins/Experimental/AlembicImporter/Binaries/Win64/UE4Editor-AlembicImporter.dll (API version 3709383).
LogModuleManager: Display: Found up-to-date module file ../../../Engine/Plugins/Experimental/AlembicImporter/Binaries/Win64/UE4Editor-AlembicLibrary.dll (API version 3709383).
LogModuleManager: Display: Found up-to-date module file ../../../Engine/Plugins/Experimental/CharacterAI/Binaries/Win64/UE4Editor-CharacterAI.dll (API version 3709383).
LogModuleManager: Display: Found up-to-date module file ../../../Engine/Plugins/Experimental/HTML5Networking/Binaries/Win64/UE4Editor-HTML5Networking.dll (API version 3709383).
LogModuleManager: Display: Found up-to-date module file ../../../Engine/Plugins/Media/AndroidMedia/Binaries/Win64/UE4Editor-AndroidMediaEditor.dll (API version 3709383).
LogModuleManager: Display: Found up-to-date module file ../../../Engine/Plugins/Media/AndroidMedia/Binaries/Win64/UE4Editor-AndroidMediaFactory.dll (API version 3709383).
LogModuleManager: Display: Found up-to-date module file ../../../Engine/Plugins/Media/AvfMedia/Binaries/Win64/UE4Editor-AvfMediaEditor.dll (API version 3709383).
LogModuleManager: Display: Found up-to-date module file ../../../Engine/Plugins/Media/AvfMedia/Binaries/Win64/UE4Editor-AvfMediaFactory.dll (API version 3709383).
LogModuleManager: Display: Found up-to-date module file ../../../Engine/Plugins/Media/AvfMedia/Binaries/Win64/UE4Editor-AvfMediaFactory.dll (API version 3709383).
LogModuleManager: Display: Found up-to-date module file ../../../Engine/Plugins/Media/ImgMedia/Binaries/Win64/UE4Editor-ImgMedia.dll (API version 3709383).
LogModuleManager: Display: Found up-to-date module file ../../../Engine/Plugins/Media/ImgMedia/Binaries/Win64/UE4Editor-ImgMediaEditor.dll (API version 3709383).
LogModuleManager: Display: Found up-to-date module file ../../../Engine/Plugins/Media/ImgMedia/Binaries/Win64/UE4Editor-ImgMediaFactory.dll (API version 3709383).
LogModuleManager: Display: Found up-to-date module file ../../../Engine/Plugins/Media/ImgMedia/Binaries/Win64/UE4Editor-ImgMediaFactory.dll (API version 3709383).
LogModuleManager: Display: Found up-to-date module file ../../../Engine/Plugins/Media/ImgMedia/Binaries/Win64/UE4Editor-OpenExrWrapper.dll (API version 3709383).
LogModuleManager: Display: Found up-to-date module file ../../../Engine/Plugins/Media/MediaCompositing/Binaries/Win64/UE4Editor-MediaCompositing.dll (API version 3709383).
LogModuleManager: Display: Found up-to-date module file ../../../Engine/Plugins/Media/MediaCompositing/Binaries/Win64/UE4Editor-MediaCompositingEditor.dll (API version 3709383).
LogModuleManager: Display: Found up-to-date module file ../../../Engine/Plugins/Media/MediaPlayerEditor/Binaries/Win64/UE4Editor-MediaPlayerEditor.dll (API version 3709383).
LogModuleManager: Display: Found up-to-date module file ../../../Engine/Plugins/Media/WmfMedia/Binaries/Win64/UE4Editor-WmfMedia.dll (API version 3709383).
LogModuleManager: Display: Found up-to-date module file ../../../Engine/Plugins/Media/WmfMedia/Binaries/Win64/UE4Editor-WmfMediaEditor.dll (API version 3709383).
LogModuleManager: Display: Found up-to-date module file ../../../Engine/Plugins/Media/WmfMedia/Binaries/Win64/UE4Editor-WmfMediaFactory.dll (API version 3709383).
LogModuleManager: Display: Found up-to-date module file ../../../Engine/Plugins/Media/WmfMedia/Binaries/Win64/UE4Editor-WmfMediaFactory.dll (API version 3709383).
LogModuleManager: Display: Found up-to-date module file ../../../Engine/Plugins/Messaging/TcpMessaging/Binaries/Win64/UE4Editor-TcpMessaging.dll (API version 3709383).
LogModuleManager: Display: Found up-to-date module file ../../../Engine/Plugins/Messaging/UdpMessaging/Binaries/Win64/UE4Editor-UdpMessaging.dll (API version 3709383).
LogModuleManager: Display: Found up-to-date module file ../../../Engine/Plugins/MovieScene/ActorSequence/Binaries/Win64/UE4Editor-ActorSequence.dll (API version 3709383).
LogModuleManager: Display: Found up-to-date module file ../../../Engine/Plugins/MovieScene/LevelSequenceEditor/Binaries/Win64/UE4Editor-LevelSequenceEditor.dll (API version 3709383).
LogModuleManager: Display: Found up-to-date module file ../../../Engine/Plugins/MovieScene/MatineeToLevelSequence/Binaries/Win64/UE4Editor-MatineeToLevelSequence.dll (API version 3709383).
LogModuleManager: Display: Found up-to-date module file ../../../Engine/Plugins/Online/OnlineSubsystem/Binaries/Win64/UE4Editor-OnlineSubsystem.dll (API version 3709383).
LogModuleManager: Display: Found up-to-date module file ../../../Engine/Plugins/Runtime/AndroidPermission/Binaries/Win64/UE4Editor-AndroidPermission.dll (API version 3709383).
LogModuleManager: Display: Found up-to-date module file ../../../Engine/Plugins/Online/OnlineSubsystemNull/Binaries/Win64/UE4Editor-OnlineSubsystemNull.dll (API version 3709383).
LogModuleManager: Display: Found up-to-date module file ../../../Engine/Plugins/Online/OnlineSubsystemUtils/Binaries/Win64/UE4Editor-OnlineSubsystemUtils.dll (API version 3709383).
LogModuleManager: Display: Found up-to-date module file ../../../Engine/Plugins/Online/OnlineSubsystemUtils/Binaries/Win64/UE4Editor-OnlineBlueprintSupport.dll (API version 3709383).
LogModuleManager: Display: Found up-to-date module file ../../../Engine/Plugins/Runtime/AndroidDeviceProfileSelector/Binaries/Win64/UE4Editor-AndroidDeviceProfileSelector.dll (API version 3709383).
LogModuleManager: Display: Found up-to-date module file ../../../Engine/Plugins/Runtime/AppleARKit/Binaries/Win64/UE4Editor-AppleARKit.dll (API version 3709383).
LogModuleManager: Display: Found up-to-date module file ../../../Engine/Plugins/Runtime/ArchVisCharacter/Binaries/Win64/UE4Editor-ArchVisCharacter.dll (API version 3709383).
LogModuleManager: Display: Found up-to-date module file ../../../Engine/Plugins/Runtime/CableComponent/Binaries/Win64/UE4Editor-CableComponent.dll (API version 3709383).
LogModuleManager: Display: Found up-to-date module file ../../../Engine/Plugins/Runtime/CustomMeshComponent/Binaries/Win64/UE4Editor-CustomMeshComponent.dll (API version 3709383).
LogModuleManager: Display: Found up-to-date module file ../../../Engine/Plugins/Runtime/ExampleDeviceProfileSelector/Binaries/Win64/UE4Editor-ExampleDeviceProfileSelector.dll (API version 3709383).
LogModuleManager: Display: Found up-to-date module file ../../../Engine/Plugins/Runtime/ImmediatePhysics/Binaries/Win64/UE4Editor-ImmediatePhysics.dll (API version 3709383).
LogModuleManager: Display: Found up-to-date module file ../../../Engine/Plugins/Runtime/ImmediatePhysics/Binaries/Win64/UE4Editor-ImmediatePhysicsEditor.dll (API version 3709383).
LogModuleManager: Display: Found up-to-date module file ../../../Engine/Plugins/Runtime/LocationServicesBPLibrary/Binaries/Win64/UE4Editor-LocationServicesBPLibrary.dll (API version 3709383).
LogModuleManager: Display: Found up-to-date module file ../../../Engine/Plugins/Runtime/MobilePatchingUtils/Binaries/Win64/UE4Editor-MobilePatchingUtils.dll (API version 3709383).
LogModuleManager: Display: Found up-to-date module file ../../../Engine/Plugins/Runtime/Oculus/OculusVR/Binaries/Win64/UE4Editor-OculusHMD.dll (API version 3709383).
LogModuleManager: Display: Found up-to-date module file ../../../Engine/Plugins/Runtime/Oculus/OculusVR/Binaries/Win64/UE4Editor-OculusInput.dll (API version 3709383).
LogModuleManager: Display: Found up-to-date module file ../../../Engine/Plugins/Runtime/Oculus/OculusVR/Binaries/Win64/UE4Editor-OculusEditor.dll (API version 3709383).
LogModuleManager: Display: Found up-to-date module file ../../../Engine/Plugins/Runtime/PhysXVehicles/Binaries/Win64/UE4Editor-PhysXVehicles.dll (API version 3709383).
LogModuleManager: Display: Found up-to-date module file ../../../Engine/Plugins/Runtime/PhysXVehicles/Binaries/Win64/UE4Editor-PhysXVehiclesEditor.dll (API version 3709383).
LogModuleManager: Display: Found up-to-date module file ../../../Engine/Plugins/Runtime/ProceduralMeshComponent/Binaries/Win64/UE4Editor-ProceduralMeshComponent.dll (API version 3709383).
LogModuleManager: Display: Found up-to-date module file ../../../Engine/Plugins/Runtime/ProceduralMeshComponent/Binaries/Win64/UE4Editor-ProceduralMeshComponentEditor.dll (API version 3709383).
LogModuleManager: Display: Found up-to-date module file ../../../Engine/Plugins/Runtime/RuntimePhysXCooking/Binaries/Win64/UE4Editor-RuntimePhysXCooking.dll (API version 3709383).
LogModuleManager: Display: Found up-to-date module file ../../../Engine/Plugins/Runtime/Steam/SteamVR/Binaries/Win64/UE4Editor-SteamVR.dll (API version 3709383).
LogModuleManager: Display: Found up-to-date module file ../../../Engine/Plugins/Runtime/Steam/SteamVR/Binaries/Win64/UE4Editor-SteamVRController.dll (API version 3709383).
LogModuleManager: Display: Found up-to-date module file ../../../Engine/Plugins/Runtime/WindowsMoviePlayer/Binaries/Win64/UE4Editor-WindowsMoviePlayer.dll (API version 3709383).
LogPluginManager: Mounting plugin Paper2D
LogPluginManager: Mounting plugin LightPropagationVolume
LogPluginManager: Mounting plugin CodeLiteSourceCodeAccess
LogPluginManager: Mounting plugin GitSourceControl
LogPluginManager: Mounting plugin KDevelopSourceCodeAccess
LogPluginManager: Mounting plugin NullSourceCodeAccess
LogPluginManager: Mounting plugin PerforceSourceControl
LogPluginManager: Mounting plugin SubversionSourceControl
LogPluginManager: Mounting plugin UObjectPlugin
LogPluginManager: Mounting plugin VisualStudioCodeSourceCodeAccess
LogPluginManager: Mounting plugin VisualStudioSourceCodeAccess
LogPluginManager: Mounting plugin XCodeSourceCodeAccess
LogPluginManager: Mounting plugin AssetManagerEditor
LogPluginManager: Mounting plugin AudioCapture
LogPluginManager: Mounting plugin FacialAnimation
LogPluginManager: Mounting plugin GameplayTagsEditor
LogPluginManager: Mounting plugin MobileLauncherProfileWizard
LogPluginManager: Mounting plugin PluginBrowser
LogPluginManager: Mounting plugin SpeedTreeImporter
LogPluginManager: Mounting plugin AlembicImporter
LogPluginManager: Mounting plugin CharacterAI
LogPluginManager: Mounting plugin HTML5Networking
LogPluginManager: Mounting plugin AndroidMedia
LogPluginManager: Mounting plugin AvfMedia
LogPluginManager: Mounting plugin ImgMedia
LogPluginManager: Mounting plugin MediaCompositing
LogPluginManager: Mounting plugin MediaPlayerEditor
LogPluginManager: Mounting plugin WmfMedia
LogPluginManager: Mounting plugin TcpMessaging
LogPluginManager: Mounting plugin UdpMessaging
LogPluginManager: Mounting plugin ActorSequence
LogPluginManager: Mounting plugin LevelSequenceEditor
LogPluginManager: Mounting plugin MatineeToLevelSequence
LogPluginManager: Mounting plugin OnlineSubsystemGooglePlay
LogPluginManager: Mounting plugin OnlineSubsystemIOS
LogPluginManager: Mounting plugin OnlineSubsystem
LogPluginManager: Mounting plugin OnlineSubsystemNull
LogPluginManager: Mounting plugin OnlineSubsystemUtils
LogPluginManager: Mounting plugin AndroidDeviceProfileSelector
LogPluginManager: Mounting plugin AndroidMoviePlayer
LogPluginManager: Mounting plugin AndroidPermission
LogPluginManager: Mounting plugin AppleARKit
LogPluginManager: Mounting plugin AppleMoviePlayer
LogPluginManager: Mounting plugin ArchVisCharacter
LogPluginManager: Mounting plugin CableComponent
LogPluginManager: Mounting plugin CustomMeshComponent
LogPluginManager: Mounting plugin ExampleDeviceProfileSelector
LogPluginManager: Mounting plugin GoogleCloudMessaging
LogPluginManager: Mounting plugin ImmediatePhysics
LogPluginManager: Mounting plugin IOSDeviceProfileSelector
LogPluginManager: Mounting plugin LinuxDeviceProfileSelector
LogPluginManager: Mounting plugin LocationServicesBPLibrary
LogPluginManager: Mounting plugin MobilePatchingUtils
LogPluginManager: Mounting plugin OculusVR
LogPluginManager: Plugin shader directory ../../../Engine/Plugins/Runtime/Oculus/OculusVR/Shaders found
LogPluginManager: Mapping shader source directory ../../../Engine/Plugins/Runtime/Oculus/OculusVR/Shaders to virtual directory /Plugin/OculusVR
LogPluginManager: Mounting plugin PhysXVehicles
LogPluginManager: Mounting plugin ProceduralMeshComponent
LogPluginManager: Mounting plugin RuntimePhysXCooking
LogPluginManager: Mounting plugin SteamVR
LogPluginManager: Mounting plugin WindowsMoviePlayer
LogInit: Using libcurl 7.47.1
LogInit:  - built for x86_64-pc-win32
LogInit:  - supports SSL with OpenSSL/1.0.2g
LogInit:  - supports HTTP deflate (compression) using libz 1.2.8
LogInit:  - other features:
LogInit:      CURL_VERSION_SSL
LogInit:      CURL_VERSION_LIBZ
LogInit:      CURL_VERSION_IPV6
LogInit:      CURL_VERSION_ASYNCHDNS
LogInit:      CURL_VERSION_LARGEFILE
LogInit:      CURL_VERSION_IDN
LogInit:  CurlRequestOptions (configurable via config and command line):
LogInit:  - bVerifyPeer = false  - Libcurl will NOT verify peer certificate
LogInit:  - bUseHttpProxy = false  - Libcurl will NOT use HTTP proxy
LogInit:  - bDontReuseConnections = false  - Libcurl will reuse connections
LogInit:  - CertBundlePath = nullptr  - Libcurl will use whatever was configured at build time.
LogInit: Build: ++UE4+Release-4.18-CL-3832480
LogInit: Engine Version: 4.18.3-3832480+++UE4+Release-4.18
LogInit: Compatible Engine Version: 4.18.0-3709383+++UE4+Release-4.18
LogInit: Net CL: 3709383
LogDevObjectVersion: Number of dev versions registered: 16
LogDevObjectVersion:   Dev-Blueprints (B0D832E4-1F89-4F0D-ACCF-7EB736FD4AA2): 10
LogDevObjectVersion:   Dev-Build (E1C64328-A22C-4D53-A36C-8E866417BD8C): 0
LogDevObjectVersion:   Dev-Core (375EC13C-06E4-48FB-B500-84F0262A717E): 2
LogDevObjectVersion:   Dev-Editor (E4B068ED-F494-42E9-A231-DA0B2E46BB41): 20
LogDevObjectVersion:   Dev-Framework (CFFC743F-43B0-4480-9391-14DF171D2073): 30
LogDevObjectVersion:   Dev-Mobile (B02B49B5-BB20-44E9-A304-32B752E40360): 0
LogDevObjectVersion:   Dev-Networking (A4E4105C-59A1-49B5-A7C5-40C4547EDFEE): 0
LogDevObjectVersion:   Dev-Online (39C831C9-5AE6-47DC-9A44-9C173E1C8E7C): 0
LogDevObjectVersion:   Dev-Physics (78F01B33-EBEA-4F98-B9B4-84EACCB95AA2): 0
LogDevObjectVersion:   Dev-Platform (6631380F-2D4D-43E0-8009-CF276956A95A): 0
LogDevObjectVersion:   Dev-Rendering (12F88B9F-8875-4AFC-A67C-D90C383ABD29): 20
LogDevObjectVersion:   Dev-Sequencer (7B5AE74C-D270-4C10-A958-57980B212A5A): 4
LogDevObjectVersion:   Dev-VR (D7296918-1DD6-4BDD-9DE2-64A83CC13884): 0
LogDevObjectVersion:   Dev-LoadTimes (C2A15278-BFE7-4AFE-6C17-90FF531DF755): 1
LogDevObjectVersion:   Private-Geometry (6EACA3D4-40EC-4CC1-B786-8BED09428FC5): 1
LogDevObjectVersion:   Dev-AnimPhys (29E575DD-E0A3-4627-9D10-D276232CDCEA): 12
LogInit: Compiled (64-bit): Jan 12 2018 02:04:55
LogInit: Compiled with Visual C++: 19.00.24215.01
LogInit: Build Configuration: Development
LogInit: Branch Name: ++UE4+Release-4.18
LogInit: Command line: 
LogInit: Base directory: C:/Program Files/Epic Games/UE_4.18/Engine/Binaries/Win64/
LogInit: Installed Engine Build: 1
LogInit: Presizing for max 8388607 objects, including 0 objects not considered by GC, pre-allocating 0 bytes for permanent pool.
LogInit: Object subsystem initialized
[2018.02.18-05.35.13:789][  0]LogInit: Selected Device Profile: [Windows]
[2018.02.18-05.35.13:789][  0]LogInit: Applying CVar settings loaded from the selected device profile: [Windows]
[2018.02.18-05.35.13:802][  0]LogInit: Computer: ARCHER
[2018.02.18-05.35.13:802][  0]LogInit: User: darkm
[2018.02.18-05.35.13:802][  0]LogInit: CPU Page size=4096, Cores=4
[2018.02.18-05.35.13:802][  0]LogInit: High frequency timer resolution =1.945313 MHz
[2018.02.18-05.35.13:802][  0]LogMemory: Memory total: Physical=15.9GB (16GB approx)
[2018.02.18-05.35.13:802][  0]LogMemory: Platform Memory Stats for Windows
[2018.02.18-05.35.13:802][  0]LogMemory: Process Physical Memory: 272.16 MB used, 272.16 MB peak
[2018.02.18-05.35.13:802][  0]LogMemory: Process Virtual Memory: 269.91 MB used, 269.91 MB peak
[2018.02.18-05.35.13:802][  0]LogMemory: Physical Memory: 7686.20 MB used,  8613.40 MB free, 16299.60 MB total
[2018.02.18-05.35.13:802][  0]LogMemory: Virtual Memory: 682.25 MB used,  8613.40 MB free, 134217728.00 MB total
[2018.02.18-05.35.14:017][  0]LogInit: Using OS detected language (en-US).
[2018.02.18-05.35.14:017][  0]LogInit: Using OS detected locale (en-US).
[2018.02.18-05.35.14:021][  0]LogTextLocalizationManager: No specific localization for 'en-US' exists, so the 'en' localization will be used.
[2018.02.18-05.35.14:447][  0]LogInit: Setting process to per monitor DPI aware
[2018.02.18-05.35.14:747][  0]LogD3D11RHI: D3D11 adapters:
[2018.02.18-05.35.14:779][  0]LogD3D11RHI:    0. 'Radeon 500 Series' (Feature Level 11_0)
[2018.02.18-05.35.14:779][  0]LogD3D11RHI:       1995/0/8149 MB DedicatedVideo/DedicatedSystem/SharedSystem, Outputs:2, VendorId:0x1002
[2018.02.18-05.35.14:791][  0]LogD3D11RHI:    1. 'Intel(R) UHD Graphics 620' (Feature Level 11_0)
[2018.02.18-05.35.14:791][  0]LogD3D11RHI:       128/0/8149 MB DedicatedVideo/DedicatedSystem/SharedSystem, Outputs:0, VendorId:0x8086
[2018.02.18-05.35.14:794][  0]LogD3D11RHI:    2. 'Microsoft Basic Render Driver' (Feature Level 11_0)
[2018.02.18-05.35.14:794][  0]LogD3D11RHI:       0/0/8149 MB DedicatedVideo/DedicatedSystem/SharedSystem, Outputs:0, VendorId:0x1414
[2018.02.18-05.35.14:794][  0]LogD3D11RHI: Chosen D3D11 Adapter: 0
[2018.02.18-05.35.14:801][  0]LogD3D11RHI: Creating new Direct3DDevice
[2018.02.18-05.35.14:801][  0]LogD3D11RHI:     GPU DeviceId: 0x699f (for the marketing name, search the web for "GPU Device Id")
[2018.02.18-05.35.14:801][  0]LogWindows: EnumDisplayDevices:
[2018.02.18-05.35.14:801][  0]LogWindows:    0. 'Intel(R) UHD Graphics 620' (P:1 D:1)
[2018.02.18-05.35.14:801][  0]LogWindows:    1. 'Intel(R) UHD Graphics 620' (P:0 D:1)
[2018.02.18-05.35.14:801][  0]LogWindows:    2. 'Intel(R) UHD Graphics 620' (P:0 D:0)
[2018.02.18-05.35.14:801][  0]LogWindows:    3. 'Radeon 500 Series' (P:0 D:0)
[2018.02.18-05.35.14:802][  0]LogWindows:    4. 'Radeon 500 Series' (P:0 D:0)
[2018.02.18-05.35.14:802][  0]LogWindows:    5. 'Radeon 500 Series' (P:0 D:0)
[2018.02.18-05.35.14:802][  0]LogWindows:    6. 'Radeon 500 Series' (P:0 D:0)
[2018.02.18-05.35.14:802][  0]LogWindows:    7. 'Radeon 500 Series' (P:0 D:0)
[2018.02.18-05.35.14:802][  0]LogWindows:    8. 'Radeon 500 Series' (P:0 D:0)
[2018.02.18-05.35.14:802][  0]LogWindows:    9. 'Radeon 500 Series' (P:0 D:0)
[2018.02.18-05.35.14:802][  0]LogWindows:    10. 'Radeon 500 Series' (P:0 D:0)
[2018.02.18-05.35.14:802][  0]LogWindows:    11. 'Radeon 500 Series' (P:0 D:0)
[2018.02.18-05.35.14:803][  0]LogWindows:    12. 'Radeon 500 Series' (P:0 D:0)
[2018.02.18-05.35.14:803][  0]LogWindows:    13. 'Radeon 500 Series' (P:0 D:0)
[2018.02.18-05.35.14:803][  0]LogWindows:    14. 'Radeon 500 Series' (P:0 D:0)
[2018.02.18-05.35.14:803][  0]LogWindows:    15. 'Radeon 500 Series' (P:0 D:0)
[2018.02.18-05.35.14:803][  0]LogWindows:    16. 'Radeon 500 Series' (P:0 D:0)
[2018.02.18-05.35.14:803][  0]LogWindows:    17. 'Radeon 500 Series' (P:0 D:0)
[2018.02.18-05.35.14:803][  0]LogWindows:    18. 'Radeon 500 Series' (P:0 D:0)
[2018.02.18-05.35.14:803][  0]LogWindows: DebugString: GetVideoDriverDetailsInvalid PrimaryIsNotTheChoosenAdapter GetVideoDriverDetailsInvalid PrimaryIsNotTheChoosenAdapter GetVideoDriverDetailsInvalid PrimaryIsNotTheChoosenAdapter GetVideoDriverDetailsInvalid PrimaryIsNotTheChoosenAdapter GetVideoDriverDetailsInvalid PrimaryIsNotTheChoosenAdapter GetVideoDriverDetailsInvalid PrimaryIsNotTheChoosenAdapter GetVideoDriverDetailsInvalid PrimaryIsNotTheChoosenAdapter GetVideoDriverDetailsInvalid PrimaryIsNotTheChoosenAdapter GetVideoDriverDetailsInvalid PrimaryIsNotTheChoosenAdapter GetVideoDriverDetailsInvalid PrimaryIsNotTheChoosenAdapter GetVideoDriverDetailsInvalid PrimaryIsNotTheChoosenAdapter GetVideoDriverDetailsInvalid PrimaryIsNotTheChoosenAdapter GetVideoDriverDetailsInvalid PrimaryIsNotTheChoosenAdapter GetVideoDriverDetailsInvalid PrimaryIsNotTheChoosenAdapter GetVideoDriverDetailsInvalid PrimaryIsNotTheChoosenAdapter GetVideoDriverDetailsInvalid PrimaryIsNotTheChoosenAdapter GetVideoDriverDetailsInvalid PrimaryIsNotTheChoosenAdapter GetVideoDriverDetailsInvalid PrimaryIsNotTheChoosenAdapter GetVideoDriverDetailsInvalid PrimaryIsNotTheChoosenAdapter FoundDriverCount:0 
[2018.02.18-05.35.14:803][  0]LogD3D11RHI:     Adapter Name: Radeon 500 Series
[2018.02.18-05.35.14:803][  0]LogD3D11RHI:   Driver Version: Unknown (internal:Unknown, unified:Unknown)
[2018.02.18-05.35.14:803][  0]LogD3D11RHI:      Driver Date: Unknown
[2018.02.18-05.35.14:803][  0]LogRHI: Texture pool is 1396 MB (70% of 1995 MB)
[2018.02.18-05.35.14:846][  0]LogD3D11RHI: Async texture creation enabled
[2018.02.18-05.35.14:861][  0]LogD3D11RHI: GPU Timing Frequency: 25.000000 (Debug: 2 1)
[2018.02.18-05.35.14:862][  0]LogShaderCompilers: Guid format shader working directory is -20 characters bigger than the processId version (../../../../../../Users/darkm/Documents/GitHub/SushiShop/SushiShop/Intermediate/Shaders/WorkingDirectory/9552/).
[2018.02.18-05.35.14:863][  0]LogShaderCompilers: Cleaned the shader compiler working directory 'C:/Users/darkm/AppData/Local/Temp/UnrealShaderWorkingDir/C9171F7945978E624C9B308DC97E26F2/'.
[2018.02.18-05.35.14:863][  0]LogShaderCompilers: Display: Using Local Shader Compiler.
[2018.02.18-05.35.15:801][  0]LogTemp: Display: Loaded TP AllDesktopTargetPlatform
[2018.02.18-05.35.15:859][  0]LogTemp: Display: Loaded TP MacClientTargetPlatform
[2018.02.18-05.35.15:918][  0]LogTemp: Display: Loaded TP MacNoEditorTargetPlatform
[2018.02.18-05.35.15:977][  0]LogTemp: Display: Loaded TP MacServerTargetPlatform
[2018.02.18-05.35.16:038][  0]LogTemp: Display: Loaded TP MacTargetPlatform
[2018.02.18-05.35.16:097][  0]LogTemp: Display: Loaded TP WindowsClientTargetPlatform
[2018.02.18-05.35.16:156][  0]LogTemp: Display: Loaded TP WindowsNoEditorTargetPlatform
[2018.02.18-05.35.16:212][  0]LogTemp: Display: Loaded TP WindowsServerTargetPlatform
[2018.02.18-05.35.16:263][  0]LogTemp: Display: Loaded TP WindowsTargetPlatform
[2018.02.18-05.35.16:319][  0]LogTemp: Display: Loaded TP AndroidTargetPlatform
[2018.02.18-05.35.16:373][  0]LogTemp: Display: Loaded TP Android_ASTCTargetPlatform
[2018.02.18-05.35.16:431][  0]LogTemp: Display: Loaded TP Android_ATCTargetPlatform
[2018.02.18-05.35.16:487][  0]LogTemp: Display: Loaded TP Android_DXTTargetPlatform
[2018.02.18-05.35.16:544][  0]LogTemp: Display: Loaded TP Android_ETC1TargetPlatform
[2018.02.18-05.35.16:599][  0]LogTemp: Display: Loaded TP Android_ETC2TargetPlatform
[2018.02.18-05.35.16:713][  0]LogTemp: Display: Loaded TP Android_MultiTargetPlatform
[2018.02.18-05.35.16:713][  0]LogTemp: Display: Loaded TP Android_PVRTCTargetPlatform
[2018.02.18-05.35.16:759][  0]LogTemp: Display: Loaded TP HTML5TargetPlatform
[2018.02.18-05.35.16:858][  0]LogTemp: Display: Loaded TP IOSTargetPlatform
[2018.02.18-05.35.16:891][  0]LogTemp: Display: Loaded TP TVOSTargetPlatform
[2018.02.18-05.35.16:947][  0]LogTemp: Display: Loaded TP LinuxClientTargetPlatform
[2018.02.18-05.35.17:001][  0]LogTemp: Display: Loaded TP LinuxNoEditorTargetPlatform
[2018.02.18-05.35.17:056][  0]LogTemp: Display: Loaded TP LinuxServerTargetPlatform
[2018.02.18-05.35.17:109][  0]LogTemp: Display: Loaded TP LinuxTargetPlatform
[2018.02.18-05.35.17:109][  0]LogTargetPlatformManager: Display: Building Assets For Windows
[2018.02.18-05.35.17:604][  0]LogDerivedDataCache: Display: Max Cache Size: 512 MB
[2018.02.18-05.35.17:682][  0]LogDerivedDataCache: Loaded boot cache 0.08s 95MB C:/Users/darkm/AppData/Local/UnrealEngine/4.18/DerivedDataCache/Boot.ddc.
[2018.02.18-05.35.17:682][  0]LogDerivedDataCache: Display: Loaded Boot cache: C:/Users/darkm/AppData/Local/UnrealEngine/4.18/DerivedDataCache/Boot.ddc
[2018.02.18-05.35.17:682][  0]LogDerivedDataCache: FDerivedDataBackendGraph:  Pak pak cache file ../../../../../../Users/darkm/Documents/GitHub/SushiShop/SushiShop/DerivedDataCache/DDC.ddp not found, will not use a pak cache.
[2018.02.18-05.35.17:682][  0]LogDerivedDataCache: Unable to find inner node Pak for hierarchical cache Hierarchy.
[2018.02.18-05.35.17:682][  0]LogDerivedDataCache: FDerivedDataBackendGraph:  CompressedPak pak cache file ../../../../../../Users/darkm/Documents/GitHub/SushiShop/SushiShop/DerivedDataCache/Compressed.ddp not found, will not use a pak cache.
[2018.02.18-05.35.17:682][  0]LogDerivedDataCache: Unable to find inner node CompressedPak for hierarchical cache Hierarchy.
[2018.02.18-05.35.17:698][  0]LogDerivedDataCache: Display: Pak cache opened for reading ../../../Engine/DerivedDataCache/Compressed.ddp.
[2018.02.18-05.35.17:710][  0]LogDerivedDataCache: Using Local data cache path C:/Users/darkm/AppData/Local/UnrealEngine/Common/DerivedDataCache: Writable
[2018.02.18-05.35.17:720][  0]LogMaterial: Verifying Global Shaders for PCD3D_SM5
[2018.02.18-05.35.17:721][  0]LogSlate: Using Freetype 2.6.0
[2018.02.18-05.35.17:721][  0]LogSlate: SlateFontCache - WITH_FREETYPE: 1, WITH_HARFBUZZ: 1
[2018.02.18-05.35.17:721][  0]LogSlate: SlateFontCache - WITH_FREETYPE: 1, WITH_HARFBUZZ: 1
[2018.02.18-05.35.18:089][  0]LogInit: Selected Device Profile: [Windows]
[2018.02.18-05.35.18:444][  0]LogSimplygon: Simplygon DLL not present - disabling.
[2018.02.18-05.35.18:492][  0]LogMeshReduction: Using SimplygonSwarm for distributed automatic mesh merging
[2018.02.18-05.35.18:492][  0]LogMeshReduction: Using QuadricMeshReduction for automatic static mesh reduction
[2018.02.18-05.35.18:492][  0]LogMeshReduction: No automatic skeletal mesh reduction module available
[2018.02.18-05.35.18:492][  0]LogMeshReduction: No automatic mesh merging module available
[2018.02.18-05.35.18:492][  0]LogMeshMerging: No automatic mesh merging module available
[2018.02.18-05.35.18:519][  0]LogNetVersion: SushiShop , NetCL: 3709383, EngineNetVer: 2, GameNetVer: 0 (Checksum: 2343829258)
[2018.02.18-05.35.18:692][  0]LogAssetRegistry: FAssetRegistry took 0.0255 seconds to start up
[2018.02.18-05.35.19:225][  0]LogPackageLocalizationCache: Processed 7 localized package path(s) for 2 prioritized culture(s) in 0.066200 seconds
[2018.02.18-05.35.19:230][  0]LogUObjectArray: 35870 objects as part of root set at end of initial load.
[2018.02.18-05.35.19:230][  0]LogUObjectAllocator: 7363696 out of 0 bytes used by permanent object pool.
[2018.02.18-05.35.19:230][  0]LogUObjectArray: CloseDisregardForGC: 0/0 objects in disregard for GC pool
[2018.02.18-05.35.19:288][  0]LogInit: WinSock: version 1.1 (2.2), MaxSocks=32767, MaxUdp=65467
[2018.02.18-05.35.22:080][  0]LogTcpMessaging: Initializing TcpMessaging bridge
[2018.02.18-05.35.22:116][  0]LogUdpMessaging: Initializing bridge on interface 0.0.0.0:0 to multicast group 230.0.0.1:6666.
[2018.02.18-05.35.22:774][  0]LogMaterial: Missing cached shader map for material BaseColor, compiling. 
[2018.02.18-05.35.22:775][  0]LogMaterial: Warning: C:\Program Files\Epic Games\UE_4.18\Engine\Content\BufferVisualization\BaseColor.uasset: Failed to compile Material for platform PCD3D_SM5, Default Material will be used in game.
[2018.02.18-05.35.22:775][  0]LogMaterial: 	(Node SceneTexture) GBuffer scene textures not available with forward shading.
[2018.02.18-05.35.22:796][  0]LogMaterial: Uniform references updated for custom material expression Custom.
[2018.02.18-05.35.22:805][  0]LogMaterial: Missing cached shader map for material LightingModel, compiling. 
[2018.02.18-05.35.22:806][  0]LogMaterial: Warning: C:\Program Files\Epic Games\UE_4.18\Engine\Content\BufferVisualization\LightingModel.uasset: Failed to compile Material for platform PCD3D_SM5, Default Material will be used in game.
[2018.02.18-05.35.22:806][  0]LogMaterial: 	(Node SceneTexture) GBuffer scene textures not available with forward shading.
[2018.02.18-05.35.22:808][  0]LogMaterial: Missing cached shader map for material MaterialAO, compiling. 
[2018.02.18-05.35.22:809][  0]LogMaterial: Warning: C:\Program Files\Epic Games\UE_4.18\Engine\Content\BufferVisualization\MaterialAO.uasset: Failed to compile Material for platform PCD3D_SM5, Default Material will be used in game.
[2018.02.18-05.35.22:809][  0]LogMaterial: 	(Node SceneTexture) GBuffer scene textures not available with forward shading.
[2018.02.18-05.35.22:811][  0]LogMaterial: Missing cached shader map for material Metallic, compiling. 
[2018.02.18-05.35.22:812][  0]LogMaterial: Warning: C:\Program Files\Epic Games\UE_4.18\Engine\Content\BufferVisualization\Metallic.uasset: Failed to compile Material for platform PCD3D_SM5, Default Material will be used in game.
[2018.02.18-05.35.22:812][  0]LogMaterial: 	(Node SceneTexture) GBuffer scene textures not available with forward shading.
[2018.02.18-05.35.22:814][  0]LogMaterial: Missing cached shader map for material Opacity, compiling. 
[2018.02.18-05.35.22:814][  0]LogMaterial: Warning: C:\Program Files\Epic Games\UE_4.18\Engine\Content\BufferVisualization\Opacity.uasset: Failed to compile Material for platform PCD3D_SM5, Default Material will be used in game.
[2018.02.18-05.35.22:814][  0]LogMaterial: 	(Node SceneTexture) GBuffer scene textures not available with forward shading.
[2018.02.18-05.35.22:817][  0]LogMaterial: Missing cached shader map for material Roughness, compiling. 
[2018.02.18-05.35.22:817][  0]LogMaterial: Warning: C:\Program Files\Epic Games\UE_4.18\Engine\Content\BufferVisualization\Roughness.uasset: Failed to compile Material for platform PCD3D_SM5, Default Material will be used in game.
[2018.02.18-05.35.22:817][  0]LogMaterial: 	(Node SceneTexture) GBuffer scene textures not available with forward shading.
[2018.02.18-05.35.22:833][  0]LogMaterial: Missing cached shader map for material Specular, compiling. 
[2018.02.18-05.35.22:833][  0]LogMaterial: Warning: C:\Program Files\Epic Games\UE_4.18\Engine\Content\BufferVisualization\Specular.uasset: Failed to compile Material for platform PCD3D_SM5, Default Material will be used in game.
[2018.02.18-05.35.22:833][  0]LogMaterial: 	(Node SceneTexture) GBuffer scene textures not available with forward shading.
[2018.02.18-05.35.22:836][  0]LogMaterial: Missing cached shader map for material SubsurfaceColor, compiling. 
[2018.02.18-05.35.22:836][  0]LogMaterial: Warning: C:\Program Files\Epic Games\UE_4.18\Engine\Content\BufferVisualization\SubsurfaceColor.uasset: Failed to compile Material for platform PCD3D_SM5, Default Material will be used in game.
[2018.02.18-05.35.22:836][  0]LogMaterial: 	(Node SceneTexture) GBuffer scene textures not available with forward shading.
[2018.02.18-05.35.22:838][  0]LogMaterial: Missing cached shader map for material WorldNormal, compiling. 
[2018.02.18-05.35.22:839][  0]LogMaterial: Warning: C:\Program Files\Epic Games\UE_4.18\Engine\Content\BufferVisualization\WorldNormal.uasset: Failed to compile Material for platform PCD3D_SM5, Default Material will be used in game.
[2018.02.18-05.35.22:839][  0]LogMaterial: 	(Node SceneTexture) GBuffer scene textures not available with forward shading.
[2018.02.18-05.35.23:222][  0]SourceControl: Source control is disabled
[2018.02.18-05.35.23:222][  0]SourceControl: Source control is disabled
[2018.02.18-05.35.23:277][  0]SourceControl: Source control is disabled
[2018.02.18-05.35.23:331][  0]SourceControl: Source control is disabled
[2018.02.18-05.35.24:123][  0]LogAndroidPermission: UAndroidPermissionCallbackProxy::GetInstance
[2018.02.18-05.35.24:391][  0]LogOcInput: OculusInput pre-init called
[2018.02.18-05.35.24:697][  0]LogEngine: Initializing Engine...
[2018.02.18-05.35.24:699][  0]LogHMD: Failed to initialize OpenVR with code 110
[2018.02.18-05.35.24:915][  0]LogStats: UGameplayTagsManager::ConstructGameplayTagTree: Construct from data asset -  0.000 s
[2018.02.18-05.35.24:915][  0]LogStats: UGameplayTagsManager::ConstructGameplayTagTree: GameplayTagTreeChangedEvent.Broadcast -  0.000 s
[2018.02.18-05.35.25:066][  0]LogAIModule: Creating AISystem for world Untitled
[2018.02.18-05.35.25:076][  0]LogInit: XAudio2 using 'Speakers (Realtek High Definition Audio(SST))' : 2 channels at 48 kHz using 32 bits per sample (channel mask 0x3)
[2018.02.18-05.35.25:090][  0]LogInit: FAudioDevice initialized.
[2018.02.18-05.35.25:187][  0]LogDerivedDataCache: Saved boot cache 0.10s 95MB C:/Users/darkm/AppData/Local/UnrealEngine/4.18/DerivedDataCache/Boot.ddc.
[2018.02.18-05.35.25:199][  0]LogInit: Texture streaming: Enabled
[2018.02.18-05.35.25:305][  0]LogEngineSessionManager: EngineSessionManager initialized
[2018.02.18-05.35.25:443][  0]LogInit: Transaction tracking system initialized
[2018.02.18-05.35.25:786][  0]BlueprintLog: New page: Editor Load
[2018.02.18-05.35.26:771][  0]LocalizationService: Localization service is disabled
[2018.02.18-05.35.27:590][  0]LogConsoleResponse: Display: 
[2018.02.18-05.35.27:773][  0]LogCook: Display: Max memory allowance for cook 16384mb min free memory 0mb
[2018.02.18-05.35.27:773][  0]LogCook: Display: Mobile HDR setting 1
[2018.02.18-05.35.27:773][  0]LogGameplayTags: Display: UGameplayTagsManager::DoneAddingNativeTags. DelegateIsBound: 0
[2018.02.18-05.35.27:804][  0]LogFileCache: Scanning file cache for directory 'C:/Users/darkm/Documents/GitHub/SushiShop/SushiShop/Content/' took 0.01s
[2018.02.18-05.35.29:057][  0]SourceControl: Source control is disabled
[2018.02.18-05.35.29:057][  0]Cmd: MAP LOAD FILE="../../../../../../Users/darkm/Documents/GitHub/SushiShop/SushiShop/Content/VirtualRealityBP/Maps/StartupMap.umap" TEMPLATE=0 SHOWPROGRESS=1 FEATURELEVEL=3
[2018.02.18-05.35.29:058][  0]LightingResults: New page: Lighting Build
[2018.02.18-05.35.29:107][  0]MapCheck: New page: Map Check
[2018.02.18-05.35.29:108][  0]LightingResults: New page: Lighting Build
[2018.02.18-05.35.29:217][  0]LogAIModule: Creating AISystem for world StartupMap
[2018.02.18-05.35.29:225][  0]LogEditorServer: Finished looking for orphan Actors (0.000 secs)
[2018.02.18-05.35.29:238][  0]Cmd: MAP CHECKDEP NOCLEARLOG
[2018.02.18-05.35.29:301][  0]MapCheck: Map check complete: 0 Error(s), 0 Warning(s), took 63.041ms to complete.
[2018.02.18-05.35.29:301][  0]LogFileHelpers: Loading map 'StartupMap' took 0.244
[2018.02.18-05.35.29:379][  0]LogWindowsTextInputMethodSystem: Display: IME system now deactivated.
[2018.02.18-05.35.29:379][  0]LogWindowsTextInputMethodSystem: Display: IME system now deactivated.
[2018.02.18-05.35.29:483][  0]LogCollectionManager: Loaded 0 collections in 0.002217 seconds
[2018.02.18-05.35.29:583][  0]LogFileCache: Scanning file cache for directory 'C:/Users/darkm/Documents/GitHub/SushiShop/SushiShop/Saved/Collections/' took 0.01s
[2018.02.18-05.35.29:583][  0]LogFileCache: Scanning file cache for directory 'C:/Users/darkm/Documents/GitHub/SushiShop/SushiShop/Content/Developers/darkm/Collections/' took 0.01s
[2018.02.18-05.35.29:583][  0]LogFileCache: Scanning file cache for directory 'C:/Users/darkm/Documents/GitHub/SushiShop/SushiShop/Content/Collections/' took 0.01s
[2018.02.18-05.35.29:583][  0]LogCollectionManager: Rebuilt the GUID cache for 0 collections in 0.000001 seconds
[2018.02.18-05.35.29:591][  0]LogContentBrowser: Native class hierarchy populated in 0.0084 seconds. Added 2363 classes and 519 folders.
[2018.02.18-05.35.29:673][  0]LogContentBrowser: Native class hierarchy updated for 'WidgetCarousel' in 0.0002 seconds. Added 0 classes and 0 folders.
[2018.02.18-05.35.29:712][  0]LogContentBrowser: Native class hierarchy updated for 'AddContentDialog' in 0.0002 seconds. Added 0 classes and 0 folders.
[2018.02.18-05.35.29:763][  0]LogContentBrowser: Native class hierarchy updated for 'SceneOutliner' in 0.0002 seconds. Added 1 classes and 2 folders.
[2018.02.18-05.35.30:796][  0]LogSlate: Only BGRA pngs, bmps or icos are supported in by External Image Picker
[2018.02.18-05.35.30:814][  0]LogSlate: Took 0.000149 seconds to synchronously load lazily loaded font '../../../Engine/Content/Slate/Fonts/Roboto-Regular.ttf' (155K)
[2018.02.18-05.35.30:816][  0]LogSlate: Took 0.000168 seconds to synchronously load lazily loaded font '../../../Engine/Content/Slate/Fonts/Roboto-Bold.ttf' (160K)
[2018.02.18-05.35.30:822][  0]LogSlate: Took 0.000164 seconds to synchronously load lazily loaded font '../../../Engine/Content/Editor/Slate/Fonts/FontAwesome.ttf' (139K)
[2018.02.18-05.35.30:935][  0]LogTemp: Executing iPhonePackager certificates Engine -bundlename com.YourCompany.SushiShop
[2018.02.18-05.35.30:935][  0]LogTemp: CWD: C:\Program Files\Epic Games\UE_4.18\Engine\Binaries\DotNET\IOS
[2018.02.18-05.35.30:935][  0]LogTemp: Initial Dir: C:\Program Files\Epic Games\UE_4.18
[2018.02.18-05.35.30:935][  0]LogTemp: Env CWD: C:\Program Files\Epic Games\UE_4.18\Engine\Binaries\DotNET\IOS
[2018.02.18-05.35.30:936][  0]LogTemp: BranchPath = ARCHER/C/Program Files/Epic Games/UE_4.18/Engine/Binaries --- GameBranchPath = ARCHER/C/Program Files/Epic Games/UE_4.18/Engine/Binaries
[2018.02.18-05.35.30:936][  0]LogTemp: IPP ERROR: Could not find provision directory 'C:\Users\darkm\AppData\Local/Apple Computer/MobileDevice/Provisioning Profiles/'.
[2018.02.18-05.35.30:936][  0]LogRenderer: Reallocating scene render targets to support 940x448 Format 26 NumSamples 1 (Frame:1).
[2018.02.18-05.35.31:220][  0]LogContentBrowser: Native class hierarchy updated for 'HierarchicalLODOutliner' in 0.0002 seconds. Added 1 classes and 2 folders.
[2018.02.18-05.35.31:220][  0]LogLoad: (Engine Initialization) Total time: 19.68 seconds
[2018.02.18-05.35.31:220][  0]LogLoad: (Engine Initialization) Total Blueprint compile time: 0.00 seconds
[2018.02.18-05.35.31:220][  0]LogExternalProfiler: No external profilers were discovered.  External profiling features will not be available.
[2018.02.18-05.35.31:263][  0]LogContentStreaming: Texture pool size now 1000 MB
[2018.02.18-05.35.31:307][  0]LogSlate: Took 0.000180 seconds to synchronously load lazily loaded font '../../../Engine/Content/Slate/Fonts/Roboto-Light.ttf' (159K)
[2018.02.18-05.35.31:326][  1]LogAssetRegistry: Asset discovery search completed in 12.6556 seconds
[2018.02.18-05.35.31:328][  1]LogCollectionManager: Rebuilt the object cache for 0 collections in 0.000000 seconds (found 0 objects)
[2018.02.18-05.35.31:328][  1]LogCollectionManager: Fixed up redirectors for 0 collections in 0.000049 seconds (updated 0 objects)
[2018.02.18-05.35.32:278][ 49]LogSlate: Took 0.000256 seconds to synchronously load lazily loaded font '../../../Engine/Content/Slate/Fonts/Roboto-Light.ttf' (159K)
[2018.02.18-05.35.36:098][236]LogSlate: Took 0.000159 seconds to synchronously load lazily loaded font '../../../Engine/Content/Slate/Fonts/Roboto-Light.ttf' (159K)
[2018.02.18-05.35.36:607][236]LogAIModule: Creating AISystem for world Shop_Main
[2018.02.18-05.35.36:635][236]Cmd: MAP LOAD FILE="../../../../../../Users/darkm/Documents/GitHub/SushiShop/SushiShop/Content/SushiShop/Shop_Main.umap" TEMPLATE=0 SHOWPROGRESS=1 FEATURELEVEL=3
[2018.02.18-05.35.36:635][236]LightingResults: New page: Lighting Build
[2018.02.18-05.35.36:636][236]LoadErrors: New page: Loading map: Shop_Main.umap
[2018.02.18-05.35.36:637][236]MapCheck: New page: Map Check
[2018.02.18-05.35.36:637][236]LightingResults: New page: Lighting Build
[2018.02.18-05.35.36:650][236]LogEditorServer: Finished looking for orphan Actors (0.000 secs)
[2018.02.18-05.35.36:691][236]Cmd: MAP CHECKDEP NOCLEARLOG
[2018.02.18-05.35.36:755][236]MapCheck: Map check complete: 0 Error(s), 0 Warning(s), took 63.954ms to complete.
[2018.02.18-05.35.36:755][236]LogFileHelpers: Loading map 'Shop_Main' took 0.120
[2018.02.18-05.35.39:421][369]LogEditorViewport: Clicking on Actor (LMB): StaticMeshActor (Bar)
[2018.02.18-05.35.39:671][372]Cmd: CAMERA ALIGN ACTIVEVIEWPORTONLY
[2018.02.18-05.35.52:826][919]LogEditorViewport: Clicking on Actor (LMB): StaticMeshActor (Refrigerator)
[2018.02.18-05.35.55:224][ 29]LogEditorViewport: Clicking on Actor (LMB): StaticMeshActor (Boat UI)
[2018.02.18-05.35.56:986][128]LogEditorViewport: Clicking on Actor (LMB): StaticMeshActor (Water)
[2018.02.18-05.40.24:938][341]LogEditorViewport: Clicking on Actor (LMB): StaticMeshActor (Boat UI)
[2018.02.18-05.40.25:229][354]Cmd: CAMERA ALIGN ACTIVEVIEWPORTONLY
[2018.02.18-05.40.32:361][777]Cmd: DELETE
[2018.02.18-05.40.32:361][777]Cmd: ACTOR DELETE
[2018.02.18-05.40.32:363][777]LogEditorActor: Deleted Actor: StaticMeshActor
[2018.02.18-05.40.32:375][777]LogEditorActor: Deleted 1 Actors (0.014 secs)
[2018.02.18-05.40.34:885][928]LogEditorViewport: Clicking on Actor (LMB): StaticMeshActor (Boat)
[2018.02.18-05.40.43:878][391]Cmd: TRANSACTION UNDO
[2018.02.18-05.40.43:878][391]LogEditorTransaction: Undo Clicking on Actors
[2018.02.18-05.40.44:422][421]Cmd: TRANSACTION UNDO
[2018.02.18-05.40.44:422][421]LogEditorTransaction: Undo Delete Actors
[2018.02.18-05.40.48:853][623]LogSlate: Took 0.000228 seconds to synchronously load lazily loaded font '../../../Engine/Content/Editor/Slate/Fonts/Roboto-Italic.ttf' (157K)
[2018.02.18-05.40.51:870][777]LogSavePackage: Save=31.82ms
[2018.02.18-05.40.51:871][777]LogSavePackage: Moving '../../../../../../Users/darkm/Documents/GitHub/SushiShop/SushiShop/Saved/Shop_MainCF6D9A16407EB7FE4E97019C0380092C.tmp' to '../../../../../../Users/darkm/Documents/GitHub/SushiShop/SushiShop/Content/SushiShop/Shop_Main.umap'
[2018.02.18-05.40.51:874][777]LogSavePackage: Display: Finished SavePackage ../../../../../../Users/darkm/Documents/GitHub/SushiShop/SushiShop/Content/SushiShop/Shop_Main.umap
[2018.02.18-05.40.51:913][777]Cmd: OBJ SAVEPACKAGE PACKAGE="/Game/SushiShop/Shop_Main_BuiltData" FILE="../../../../../../Users/darkm/Documents/GitHub/SushiShop/SushiShop/Content/SushiShop/Shop_Main_BuiltData.uasset" SILENT=true
[2018.02.18-05.40.51:954][777]LogSavePackage: Save=26.89ms
[2018.02.18-05.40.51:954][777]LogSavePackage: Moving '../../../../../../Users/darkm/Documents/GitHub/SushiShop/SushiShop/Saved/Shop_Main_BuiltData4202E38C472F45FBE29AFB9C6CC711EC.tmp' to '../../../../../../Users/darkm/Documents/GitHub/SushiShop/SushiShop/Content/SushiShop/Shop_Main_BuiltData.uasset'
[2018.02.18-05.40.51:956][777]LogSavePackage: Display: Finished SavePackage ../../../../../../Users/darkm/Documents/GitHub/SushiShop/SushiShop/Content/SushiShop/Shop_Main_BuiltData.uasset
[2018.02.18-05.43.19:122][784]LogMetaData: Removing '/Game/SushiShop/BluePrints/UI.UI:UserConstructionScript.K2Node_FunctionEntry_0' ref from Metadata '/Game/SushiShop/UI.PackageMetaData'
[2018.02.18-05.43.19:122][784]LogMetaData: Removing '/Game/SushiShop/BluePrints/UI.SKEL_UI_C:DefaultSceneRoot' ref from Metadata '/Game/SushiShop/UI.PackageMetaData'
[2018.02.18-05.43.19:122][784]LogMetaData: Removing '/Game/SushiShop/BluePrints/UI.SKEL_UI_C:UserConstructionScript' ref from Metadata '/Game/SushiShop/UI.PackageMetaData'
[2018.02.18-05.43.19:122][784]LogMetaData: Removing '/Game/SushiShop/BluePrints/UI.SKEL_UI_C' ref from Metadata '/Game/SushiShop/UI.PackageMetaData'
[2018.02.18-05.43.19:122][784]LogMetaData: Removing '/Game/SushiShop/BluePrints/UI.UI_C:DefaultSceneRoot' ref from Metadata '/Game/SushiShop/UI.PackageMetaData'
[2018.02.18-05.43.19:122][784]LogMetaData: Removing '/Game/SushiShop/BluePrints/UI.UI_C:UserConstructionScript' ref from Metadata '/Game/SushiShop/UI.PackageMetaData'
[2018.02.18-05.43.19:122][784]LogMetaData: Removing '/Game/SushiShop/BluePrints/UI.UI_C' ref from Metadata '/Game/SushiShop/UI.PackageMetaData'
[2018.02.18-05.43.19:122][784]LogMetaData: Removing '/Game/SushiShop/BluePrints/UI.UI:EventGraph.K2Node_Event_0' ref from Metadata '/Game/SushiShop/UI.PackageMetaData'
[2018.02.18-05.43.19:122][784]LogMetaData: Removing '/Game/SushiShop/BluePrints/UI.UI:EventGraph.K2Node_Event_1' ref from Metadata '/Game/SushiShop/UI.PackageMetaData'
[2018.02.18-05.43.19:122][784]LogMetaData: Removing '/Game/SushiShop/BluePrints/UI.UI:EventGraph.K2Node_Event_2' ref from Metadata '/Game/SushiShop/UI.PackageMetaData'
[2018.02.18-05.43.19:239][784]Cmd: OBJ SAVEPACKAGE PACKAGE="/Game/SushiShop/BluePrints/UI" FILE="../../../../../../Users/darkm/Documents/GitHub/SushiShop/SushiShop/Content/SushiShop/BluePrints/UI.uasset" SILENT=true
[2018.02.18-05.43.19:254][784]LogSavePackage: Save=11.78ms
[2018.02.18-05.43.19:254][784]LogSavePackage: Moving '../../../../../../Users/darkm/Documents/GitHub/SushiShop/SushiShop/Saved/UI55D3F6C444F649ADBD03358F8AA0DDBC.tmp' to '../../../../../../Users/darkm/Documents/GitHub/SushiShop/SushiShop/Content/SushiShop/BluePrints/UI.uasset'
[2018.02.18-05.43.19:257][784]LogSavePackage: Display: Finished SavePackage ../../../../../../Users/darkm/Documents/GitHub/SushiShop/SushiShop/Content/SushiShop/BluePrints/UI.uasset
[2018.02.18-05.43.28:550][128]LogEditorViewport: Clicking on Component (LMB): StaticMeshComponent (StaticMeshComponent0)
[2018.02.18-05.43.31:044][271]LogEditorViewport: Clicking on Component (LMB): StaticMeshComponent (StaticMeshComponent0)
[2018.02.18-05.43.35:389][439]LogEditorActor: Deleted Actor: StaticMeshActor
[2018.02.18-05.43.35:401][439]LogEditorActor: Deleted 1 Actors (0.013 secs)
[2018.02.18-05.44.42:600][301]EditorErrors: New page: Actor attachment
[2018.02.18-05.45.30:266][666]LogSlate: Warning: Prevented a slow task dialog from being summoned while a context menu was open
[2018.02.18-05.45.36:635][898]Cmd: CAMERA ALIGN ACTIVEVIEWPORTONLY
[2018.02.18-05.45.42:924][267]Cmd: CAMERA ALIGN ACTIVEVIEWPORTONLY
[2018.02.18-05.45.45:208][399]Cmd: CAMERA ALIGN ACTIVEVIEWPORTONLY
[2018.02.18-05.45.56:266][712]LogSavePackage: Save=26.43ms
[2018.02.18-05.45.56:266][712]LogSavePackage: Moving '../../../../../../Users/darkm/Documents/GitHub/SushiShop/SushiShop/Saved/Shop_Main63D1DC20477B503B9EBA0694E5FE4AC8.tmp' to '../../../../../../Users/darkm/Documents/GitHub/SushiShop/SushiShop/Content/SushiShop/Shop_Main.umap'
[2018.02.18-05.45.56:269][712]LogSavePackage: Display: Finished SavePackage ../../../../../../Users/darkm/Documents/GitHub/SushiShop/SushiShop/Content/SushiShop/Shop_Main.umap
[2018.02.18-05.45.56:313][712]Cmd: OBJ SAVEPACKAGE PACKAGE="/Game/SushiShop/Shop_Main_BuiltData" FILE="../../../../../../Users/darkm/Documents/GitHub/SushiShop/SushiShop/Content/SushiShop/Shop_Main_BuiltData.uasset" SILENT=true
[2018.02.18-05.45.56:349][712]LogSavePackage: Save=21.93ms
[2018.02.18-05.45.56:349][712]LogSavePackage: Moving '../../../../../../Users/darkm/Documents/GitHub/SushiShop/SushiShop/Saved/Shop_Main_BuiltData20B455CE4988BF0C76F4F1B6BF776423.tmp' to '../../../../../../Users/darkm/Documents/GitHub/SushiShop/SushiShop/Content/SushiShop/Shop_Main_BuiltData.uasset'
[2018.02.18-05.45.56:350][712]LogSavePackage: Display: Finished SavePackage ../../../../../../Users/darkm/Documents/GitHub/SushiShop/SushiShop/Content/SushiShop/Shop_Main_BuiltData.uasset
[2018.02.18-05.47.41:458][ 98]LogSavePackage: Save=28.36ms
[2018.02.18-05.47.41:458][ 98]LogSavePackage: Moving '../../../../../../Users/darkm/Documents/GitHub/SushiShop/SushiShop/Saved/Shop_MainF28D051E4A69060AFD7222BB4757FC48.tmp' to '../../../../../../Users/darkm/Documents/GitHub/SushiShop/SushiShop/Content/SushiShop/Shop_Main.umap'
[2018.02.18-05.47.41:460][ 98]LogSavePackage: Display: Finished SavePackage ../../../../../../Users/darkm/Documents/GitHub/SushiShop/SushiShop/Content/SushiShop/Shop_Main.umap
[2018.02.18-05.47.41:506][ 98]Cmd: OBJ SAVEPACKAGE PACKAGE="/Game/SushiShop/Shop_Main_BuiltData" FILE="../../../../../../Users/darkm/Documents/GitHub/SushiShop/SushiShop/Content/SushiShop/Shop_Main_BuiltData.uasset" SILENT=true
[2018.02.18-05.47.41:537][ 98]LogSavePackage: Save=21.66ms
[2018.02.18-05.47.41:537][ 98]LogSavePackage: Moving '../../../../../../Users/darkm/Documents/GitHub/SushiShop/SushiShop/Saved/Shop_Main_BuiltData95F04C1D41622F0318B8BFB7FD932804.tmp' to '../../../../../../Users/darkm/Documents/GitHub/SushiShop/SushiShop/Content/SushiShop/Shop_Main_BuiltData.uasset'
[2018.02.18-05.47.41:539][ 98]LogSavePackage: Display: Finished SavePackage ../../../../../../Users/darkm/Documents/GitHub/SushiShop/SushiShop/Content/SushiShop/Shop_Main_BuiltData.uasset
[2018.02.18-05.48.11:444][223]LogWindows: Windows GetLastError: The operation completed successfully. (0)
[2018.02.18-05.48.12:288][223]LogWindows: Error: === Critical error: ===
[2018.02.18-05.48.12:289][223]LogWindows: Error: 
[2018.02.18-05.48.12:289][223]LogWindows: Error: Assertion failed: SetWindowRgn( HWnd, Region, false ) [File:D:\Build\++UE4+Release-4.18+Compile\Sync\Engine\Source\Runtime\ApplicationCore\Private\Windows\WindowsWindow.cpp] [Line: 400] 
[2018.02.18-05.48.12:289][223]LogWindows: Error: 
[2018.02.18-05.48.12:289][223]LogWindows: Error: 
[2018.02.18-05.48.12:289][223]LogWindows: Error: 
[2018.02.18-05.48.12:289][223]LogWindows: Error: [Callstack] 0x000000008BF74008 KERNELBASE.dll!UnknownFunction []
[2018.02.18-05.48.12:289][223]LogWindows: Error: [Callstack] 0x00000000727C76D4 UE4Editor-ApplicationCore.dll!UnknownFunction []
[2018.02.18-05.48.12:289][223]LogWindows: Error: [Callstack] 0x000000003C89330B UE4Editor-Core.dll!UnknownFunction []
[2018.02.18-05.48.12:289][223]LogWindows: Error: [Callstack] 0x000000003C8247F9 UE4Editor-Core.dll!UnknownFunction []
[2018.02.18-05.48.12:289][223]LogWindows: Error: [Callstack] 0x00000000727C4CF3 UE4Editor-ApplicationCore.dll!UnknownFunction []
[2018.02.18-05.48.12:289][223]LogWindows: Error: [Callstack] 0x0000000056370F7D UE4Editor-SlateCore.dll!UnknownFunction []
[2018.02.18-05.48.12:289][223]LogWindows: Error: [Callstack] 0x000000003C186A5D UE4Editor-Slate.dll!UnknownFunction []
[2018.02.18-05.48.12:289][223]LogWindows: Error: [Callstack] 0x000000003C152D46 UE4Editor-Slate.dll!UnknownFunction []
[2018.02.18-05.48.12:289][223]LogWindows: Error: [Callstack] 0x000000003C187389 UE4Editor-Slate.dll!UnknownFunction []
[2018.02.18-05.48.12:289][223]LogWindows: Error: [Callstack] 0x000000003C154140 UE4Editor-Slate.dll!UnknownFunction []
[2018.02.18-05.48.12:289][223]LogWindows: Error: [Callstack] 0x000000003C1AD867 UE4Editor-Slate.dll!UnknownFunction []
[2018.02.18-05.48.12:289][223]LogWindows: Error: [Callstack] 0x000000003C1AC953 UE4Editor-Slate.dll!UnknownFunction []
[2018.02.18-05.48.12:289][223]LogWindows: Error: [Callstack] 0x00000000429E69CA UE4Editor-DX12.exe!UnknownFunction []
[2018.02.18-05.48.12:289][223]LogWindows: Error: [Callstack] 0x00000000429F5430 UE4Editor-DX12.exe!UnknownFunction []
[2018.02.18-05.48.12:289][223]LogWindows: Error: [Callstack] 0x00000000429F54AA UE4Editor-DX12.exe!UnknownFunction []
[2018.02.18-05.48.12:289][223]LogWindows: Error: [Callstack] 0x0000000042A02379 UE4Editor-DX12.exe!UnknownFunction []
[2018.02.18-05.48.12:289][223]LogWindows: Error: [Callstack] 0x0000000042A03D57 UE4Editor-DX12.exe!UnknownFunction []
[2018.02.18-05.48.12:289][223]LogWindows: Error: [Callstack] 0x000000008C3F1FE4 KERNEL32.DLL!UnknownFunction []
[2018.02.18-05.48.12:289][223]LogWindows: Error: [Callstack] 0x000000008ED6EFC1 ntdll.dll!UnknownFunction []
[2018.02.18-05.48.12:289][223]LogWindows: Error: [Callstack] 0x000000008ED6EFC1 ntdll.dll!UnknownFunction []
[2018.02.18-05.48.12:289][223]LogWindows: Error: 
[2018.02.18-05.48.12:328][223]LogExit: Executing StaticShutdownAfterError
[2018.02.18-05.48.12:331][223]LogWindows: FPlatformMisc::RequestExit(1)
[2018.02.18-05.48.12:331][223]Log file closed, 02/17/18 21:48:12
