Log file open, 03/05/18 12:56:00
LogWindows: Failed to load 'aqProf.dll' (GetLastError=126)
LogWindows: File 'aqProf.dll' does not exist
LogWindows: Failed to load 'VSPerf140.dll' (GetLastError=126)
LogWindows: File 'VSPerf140.dll' does not exist
LogWindows: Failed to load 'VtuneApi.dll' (GetLastError=126)
LogWindows: File 'VtuneApi.dll' does not exist
LogWindows: Failed to load 'VtuneApi32e.dll' (GetLastError=126)
LogWindows: File 'VtuneApi32e.dll' does not exist
LogInit: Display: Running engine for game: SushiShop
LogPlatformFile: Not using cached read wrapper
LogInit: Display: RandInit(-764747144) SRandInit(-764747144).
LogInit: Read version file with build ID '3709383'
LogInit: Overriding engine version to CL 3832480, compatible CL 3709383
LogInit: Registered custom module enumerator with build ID '3709383'
LogTaskGraph: Started task graph with 5 named threads and 14 total threads with 3 sets of task threads.
LogStats: Stats thread started at 0.163370
LogD3D11RHI: Aftermath initialized
LogModuleManager: Display: Found up-to-date module file ../../../Engine/Plugins/2D/Paper2D/Binaries/Win64/UE4Editor-Paper2D.dll (API version 3709383).
LogModuleManager: Display: Found up-to-date module file ../../../Engine/Plugins/2D/Paper2D/Binaries/Win64/UE4Editor-Paper2DEditor.dll (API version 3709383).
LogModuleManager: Display: Found up-to-date module file ../../../Engine/Plugins/2D/Paper2D/Binaries/Win64/UE4Editor-PaperSpriteSheetImporter.dll (API version 3709383).
LogModuleManager: Display: Found up-to-date module file ../../../Engine/Plugins/2D/Paper2D/Binaries/Win64/UE4Editor-PaperTiledImporter.dll (API version 3709383).
LogModuleManager: Display: Found up-to-date module file ../../../Engine/Plugins/2D/Paper2D/Binaries/Win64/UE4Editor-SmartSnapping.dll (API version 3709383).
LogModuleManager: Display: Found up-to-date module file ../../../Engine/Plugins/Blendables/LightPropagationVolume/Binaries/Win64/UE4Editor-LightPropagationVolumeRuntime.dll (API version 3709383).
LogModuleManager: Display: Found up-to-date module file ../../../Engine/Plugins/Blendables/LightPropagationVolume/Binaries/Win64/UE4Editor-LightPropagationVolumeEditor.dll (API version 3709383).
LogModuleManager: Display: Found up-to-date module file ../../../Engine/Plugins/Developer/GitSourceControl/Binaries/Win64/UE4Editor-GitSourceControl.dll (API version 3709383).
LogModuleManager: Display: Found up-to-date module file ../../../Engine/Plugins/Developer/PerforceSourceControl/Binaries/Win64/UE4Editor-PerforceSourceControl.dll (API version 3709383).
LogModuleManager: Display: Found up-to-date module file ../../../Engine/Plugins/Developer/SubversionSourceControl/Binaries/Win64/UE4Editor-SubversionSourceControl.dll (API version 3709383).
LogModuleManager: Display: Found up-to-date module file ../../../Engine/Plugins/Developer/UObjectPlugin/Binaries/Win64/UE4Editor-UObjectPlugin.dll (API version 3709383).
LogModuleManager: Display: Found up-to-date module file ../../../Engine/Plugins/Developer/VisualStudioCodeSourceCodeAccess/Binaries/Win64/UE4Editor-VisualStudioCodeSourceCodeAccess.dll (API version 3709383).
LogModuleManager: Display: Found up-to-date module file ../../../Engine/Plugins/Developer/VisualStudioSourceCodeAccess/Binaries/Win64/UE4Editor-VisualStudioSourceCodeAccess.dll (API version 3709383).
LogModuleManager: Display: Found up-to-date module file ../../../Engine/Plugins/Editor/AssetManagerEditor/Binaries/Win64/UE4Editor-AssetManagerEditor.dll (API version 3709383).
LogModuleManager: Display: Found up-to-date module file ../../../Engine/Plugins/Editor/AudioCapture/Binaries/Win64/UE4Editor-AudioCapture.dll (API version 3709383).
LogModuleManager: Display: Found up-to-date module file ../../../Engine/Plugins/Editor/FacialAnimation/Binaries/Win64/UE4Editor-FacialAnimation.dll (API version 3709383).
LogModuleManager: Display: Found up-to-date module file ../../../Engine/Plugins/Editor/FacialAnimation/Binaries/Win64/UE4Editor-FacialAnimationEditor.dll (API version 3709383).
LogModuleManager: Display: Found up-to-date module file ../../../Engine/Plugins/Editor/GameplayTagsEditor/Binaries/Win64/UE4Editor-GameplayTagsEditor.dll (API version 3709383).
LogModuleManager: Display: Found up-to-date module file ../../../Engine/Plugins/Editor/MobileLauncherProfileWizard/Binaries/Win64/UE4Editor-MobileLauncherProfileWizard.dll (API version 3709383).
LogModuleManager: Display: Found up-to-date module file ../../../Engine/Plugins/Editor/PluginBrowser/Binaries/Win64/UE4Editor-PluginBrowser.dll (API version 3709383).
LogModuleManager: Display: Found up-to-date module file ../../../Engine/Plugins/Editor/SpeedTreeImporter/Binaries/Win64/UE4Editor-SpeedTreeImporter.dll (API version 3709383).
LogModuleManager: Display: Found up-to-date module file ../../../Engine/Plugins/Experimental/AlembicImporter/Binaries/Win64/UE4Editor-AlembicImporter.dll (API version 3709383).
LogModuleManager: Display: Found up-to-date module file ../../../Engine/Plugins/Experimental/AlembicImporter/Binaries/Win64/UE4Editor-AlembicLibrary.dll (API version 3709383).
LogModuleManager: Display: Found up-to-date module file ../../../Engine/Plugins/Experimental/CharacterAI/Binaries/Win64/UE4Editor-CharacterAI.dll (API version 3709383).
LogModuleManager: Display: Found up-to-date module file ../../../Engine/Plugins/Experimental/HTML5Networking/Binaries/Win64/UE4Editor-HTML5Networking.dll (API version 3709383).
LogModuleManager: Display: Found up-to-date module file ../../../Engine/Plugins/Media/AndroidMedia/Binaries/Win64/UE4Editor-AndroidMediaEditor.dll (API version 3709383).
LogModuleManager: Display: Found up-to-date module file ../../../Engine/Plugins/Media/AndroidMedia/Binaries/Win64/UE4Editor-AndroidMediaFactory.dll (API version 3709383).
LogModuleManager: Display: Found up-to-date module file ../../../Engine/Plugins/Media/AvfMedia/Binaries/Win64/UE4Editor-AvfMediaEditor.dll (API version 3709383).
LogModuleManager: Display: Found up-to-date module file ../../../Engine/Plugins/Media/AvfMedia/Binaries/Win64/UE4Editor-AvfMediaFactory.dll (API version 3709383).
LogModuleManager: Display: Found up-to-date module file ../../../Engine/Plugins/Media/AvfMedia/Binaries/Win64/UE4Editor-AvfMediaFactory.dll (API version 3709383).
LogModuleManager: Display: Found up-to-date module file ../../../Engine/Plugins/Media/ImgMedia/Binaries/Win64/UE4Editor-ImgMedia.dll (API version 3709383).
LogModuleManager: Display: Found up-to-date module file ../../../Engine/Plugins/Media/ImgMedia/Binaries/Win64/UE4Editor-ImgMediaEditor.dll (API version 3709383).
LogModuleManager: Display: Found up-to-date module file ../../../Engine/Plugins/Media/ImgMedia/Binaries/Win64/UE4Editor-ImgMediaFactory.dll (API version 3709383).
LogModuleManager: Display: Found up-to-date module file ../../../Engine/Plugins/Media/ImgMedia/Binaries/Win64/UE4Editor-ImgMediaFactory.dll (API version 3709383).
LogModuleManager: Display: Found up-to-date module file ../../../Engine/Plugins/Media/ImgMedia/Binaries/Win64/UE4Editor-OpenExrWrapper.dll (API version 3709383).
LogModuleManager: Display: Found up-to-date module file ../../../Engine/Plugins/Media/MediaCompositing/Binaries/Win64/UE4Editor-MediaCompositing.dll (API version 3709383).
LogModuleManager: Display: Found up-to-date module file ../../../Engine/Plugins/Media/MediaCompositing/Binaries/Win64/UE4Editor-MediaCompositingEditor.dll (API version 3709383).
LogModuleManager: Display: Found up-to-date module file ../../../Engine/Plugins/Media/MediaPlayerEditor/Binaries/Win64/UE4Editor-MediaPlayerEditor.dll (API version 3709383).
LogModuleManager: Display: Found up-to-date module file ../../../Engine/Plugins/Media/WmfMedia/Binaries/Win64/UE4Editor-WmfMedia.dll (API version 3709383).
LogModuleManager: Display: Found up-to-date module file ../../../Engine/Plugins/Media/WmfMedia/Binaries/Win64/UE4Editor-WmfMediaEditor.dll (API version 3709383).
LogModuleManager: Display: Found up-to-date module file ../../../Engine/Plugins/Media/WmfMedia/Binaries/Win64/UE4Editor-WmfMediaFactory.dll (API version 3709383).
LogModuleManager: Display: Found up-to-date module file ../../../Engine/Plugins/Media/WmfMedia/Binaries/Win64/UE4Editor-WmfMediaFactory.dll (API version 3709383).
LogModuleManager: Display: Found up-to-date module file ../../../Engine/Plugins/Messaging/TcpMessaging/Binaries/Win64/UE4Editor-TcpMessaging.dll (API version 3709383).
LogModuleManager: Display: Found up-to-date module file ../../../Engine/Plugins/Messaging/UdpMessaging/Binaries/Win64/UE4Editor-UdpMessaging.dll (API version 3709383).
LogModuleManager: Display: Found up-to-date module file ../../../Engine/Plugins/MovieScene/ActorSequence/Binaries/Win64/UE4Editor-ActorSequence.dll (API version 3709383).
LogModuleManager: Display: Found up-to-date module file ../../../Engine/Plugins/MovieScene/LevelSequenceEditor/Binaries/Win64/UE4Editor-LevelSequenceEditor.dll (API version 3709383).
LogModuleManager: Display: Found up-to-date module file ../../../Engine/Plugins/MovieScene/MatineeToLevelSequence/Binaries/Win64/UE4Editor-MatineeToLevelSequence.dll (API version 3709383).
LogModuleManager: Display: Found up-to-date module file ../../../Engine/Plugins/Online/OnlineSubsystem/Binaries/Win64/UE4Editor-OnlineSubsystem.dll (API version 3709383).
LogModuleManager: Display: Found up-to-date module file ../../../Engine/Plugins/Runtime/AndroidPermission/Binaries/Win64/UE4Editor-AndroidPermission.dll (API version 3709383).
LogModuleManager: Display: Found up-to-date module file ../../../Engine/Plugins/Online/OnlineSubsystemNull/Binaries/Win64/UE4Editor-OnlineSubsystemNull.dll (API version 3709383).
LogModuleManager: Display: Found up-to-date module file ../../../Engine/Plugins/Online/OnlineSubsystemUtils/Binaries/Win64/UE4Editor-OnlineSubsystemUtils.dll (API version 3709383).
LogModuleManager: Display: Found up-to-date module file ../../../Engine/Plugins/Online/OnlineSubsystemUtils/Binaries/Win64/UE4Editor-OnlineBlueprintSupport.dll (API version 3709383).
LogModuleManager: Display: Found up-to-date module file ../../../Engine/Plugins/Runtime/AndroidDeviceProfileSelector/Binaries/Win64/UE4Editor-AndroidDeviceProfileSelector.dll (API version 3709383).
LogModuleManager: Display: Found up-to-date module file ../../../Engine/Plugins/Runtime/AppleARKit/Binaries/Win64/UE4Editor-AppleARKit.dll (API version 3709383).
LogModuleManager: Display: Found up-to-date module file ../../../Engine/Plugins/Runtime/ArchVisCharacter/Binaries/Win64/UE4Editor-ArchVisCharacter.dll (API version 3709383).
LogModuleManager: Display: Found up-to-date module file ../../../Engine/Plugins/Runtime/CableComponent/Binaries/Win64/UE4Editor-CableComponent.dll (API version 3709383).
LogModuleManager: Display: Found up-to-date module file ../../../Engine/Plugins/Runtime/CustomMeshComponent/Binaries/Win64/UE4Editor-CustomMeshComponent.dll (API version 3709383).
LogModuleManager: Display: Found up-to-date module file ../../../Engine/Plugins/Runtime/ExampleDeviceProfileSelector/Binaries/Win64/UE4Editor-ExampleDeviceProfileSelector.dll (API version 3709383).
LogModuleManager: Display: Found up-to-date module file ../../../Engine/Plugins/Runtime/ImmediatePhysics/Binaries/Win64/UE4Editor-ImmediatePhysics.dll (API version 3709383).
LogModuleManager: Display: Found up-to-date module file ../../../Engine/Plugins/Runtime/ImmediatePhysics/Binaries/Win64/UE4Editor-ImmediatePhysicsEditor.dll (API version 3709383).
LogModuleManager: Display: Found up-to-date module file ../../../Engine/Plugins/Runtime/LocationServicesBPLibrary/Binaries/Win64/UE4Editor-LocationServicesBPLibrary.dll (API version 3709383).
LogModuleManager: Display: Found up-to-date module file ../../../Engine/Plugins/Runtime/MobilePatchingUtils/Binaries/Win64/UE4Editor-MobilePatchingUtils.dll (API version 3709383).
LogModuleManager: Display: Found up-to-date module file ../../../Engine/Plugins/Runtime/Oculus/OculusVR/Binaries/Win64/UE4Editor-OculusHMD.dll (API version 3709383).
LogModuleManager: Display: Found up-to-date module file ../../../Engine/Plugins/Runtime/Oculus/OculusVR/Binaries/Win64/UE4Editor-OculusInput.dll (API version 3709383).
LogModuleManager: Display: Found up-to-date module file ../../../Engine/Plugins/Runtime/Oculus/OculusVR/Binaries/Win64/UE4Editor-OculusEditor.dll (API version 3709383).
LogModuleManager: Display: Found up-to-date module file ../../../Engine/Plugins/Runtime/PhysXVehicles/Binaries/Win64/UE4Editor-PhysXVehicles.dll (API version 3709383).
LogModuleManager: Display: Found up-to-date module file ../../../Engine/Plugins/Runtime/PhysXVehicles/Binaries/Win64/UE4Editor-PhysXVehiclesEditor.dll (API version 3709383).
LogModuleManager: Display: Found up-to-date module file ../../../Engine/Plugins/Runtime/ProceduralMeshComponent/Binaries/Win64/UE4Editor-ProceduralMeshComponent.dll (API version 3709383).
LogModuleManager: Display: Found up-to-date module file ../../../Engine/Plugins/Runtime/ProceduralMeshComponent/Binaries/Win64/UE4Editor-ProceduralMeshComponentEditor.dll (API version 3709383).
LogModuleManager: Display: Found up-to-date module file ../../../Engine/Plugins/Runtime/RuntimePhysXCooking/Binaries/Win64/UE4Editor-RuntimePhysXCooking.dll (API version 3709383).
LogModuleManager: Display: Found up-to-date module file ../../../Engine/Plugins/Runtime/Steam/SteamVR/Binaries/Win64/UE4Editor-SteamVR.dll (API version 3709383).
LogModuleManager: Display: Found up-to-date module file ../../../Engine/Plugins/Runtime/Steam/SteamVR/Binaries/Win64/UE4Editor-SteamVRController.dll (API version 3709383).
LogModuleManager: Display: Found up-to-date module file ../../../Engine/Plugins/Runtime/WindowsMoviePlayer/Binaries/Win64/UE4Editor-WindowsMoviePlayer.dll (API version 3709383).
LogPluginManager: Mounting plugin Paper2D
LogPluginManager: Mounting plugin LightPropagationVolume
LogPluginManager: Mounting plugin CodeLiteSourceCodeAccess
LogPluginManager: Mounting plugin GitSourceControl
LogPluginManager: Mounting plugin KDevelopSourceCodeAccess
LogPluginManager: Mounting plugin NullSourceCodeAccess
LogPluginManager: Mounting plugin PerforceSourceControl
LogPluginManager: Mounting plugin SubversionSourceControl
LogPluginManager: Mounting plugin UObjectPlugin
LogPluginManager: Mounting plugin VisualStudioCodeSourceCodeAccess
LogPluginManager: Mounting plugin VisualStudioSourceCodeAccess
LogPluginManager: Mounting plugin XCodeSourceCodeAccess
LogPluginManager: Mounting plugin AssetManagerEditor
LogPluginManager: Mounting plugin AudioCapture
LogPluginManager: Mounting plugin FacialAnimation
LogPluginManager: Mounting plugin GameplayTagsEditor
LogPluginManager: Mounting plugin MobileLauncherProfileWizard
LogPluginManager: Mounting plugin PluginBrowser
LogPluginManager: Mounting plugin SpeedTreeImporter
LogPluginManager: Mounting plugin AlembicImporter
LogPluginManager: Mounting plugin CharacterAI
LogPluginManager: Mounting plugin HTML5Networking
LogPluginManager: Mounting plugin AndroidMedia
LogPluginManager: Mounting plugin AvfMedia
LogPluginManager: Mounting plugin ImgMedia
LogPluginManager: Mounting plugin MediaCompositing
LogPluginManager: Mounting plugin MediaPlayerEditor
LogPluginManager: Mounting plugin WmfMedia
LogPluginManager: Mounting plugin TcpMessaging
LogPluginManager: Mounting plugin UdpMessaging
LogPluginManager: Mounting plugin ActorSequence
LogPluginManager: Mounting plugin LevelSequenceEditor
LogPluginManager: Mounting plugin MatineeToLevelSequence
LogPluginManager: Mounting plugin OnlineSubsystemGooglePlay
LogPluginManager: Mounting plugin OnlineSubsystemIOS
LogPluginManager: Mounting plugin OnlineSubsystem
LogPluginManager: Mounting plugin OnlineSubsystemNull
LogPluginManager: Mounting plugin OnlineSubsystemUtils
LogPluginManager: Mounting plugin AndroidDeviceProfileSelector
LogPluginManager: Mounting plugin AndroidMoviePlayer
LogPluginManager: Mounting plugin AndroidPermission
LogPluginManager: Mounting plugin AppleARKit
LogPluginManager: Mounting plugin AppleMoviePlayer
LogPluginManager: Mounting plugin ArchVisCharacter
LogPluginManager: Mounting plugin CableComponent
LogPluginManager: Mounting plugin CustomMeshComponent
LogPluginManager: Mounting plugin ExampleDeviceProfileSelector
LogPluginManager: Mounting plugin GoogleCloudMessaging
LogPluginManager: Mounting plugin ImmediatePhysics
LogPluginManager: Mounting plugin IOSDeviceProfileSelector
LogPluginManager: Mounting plugin LinuxDeviceProfileSelector
LogPluginManager: Mounting plugin LocationServicesBPLibrary
LogPluginManager: Mounting plugin MobilePatchingUtils
LogPluginManager: Mounting plugin OculusVR
LogPluginManager: Plugin shader directory ../../../Engine/Plugins/Runtime/Oculus/OculusVR/Shaders found
LogPluginManager: Mapping shader source directory ../../../Engine/Plugins/Runtime/Oculus/OculusVR/Shaders to virtual directory /Plugin/OculusVR
LogPluginManager: Mounting plugin PhysXVehicles
LogPluginManager: Mounting plugin ProceduralMeshComponent
LogPluginManager: Mounting plugin RuntimePhysXCooking
LogPluginManager: Mounting plugin SteamVR
LogPluginManager: Mounting plugin WindowsMoviePlayer
LogInit: Using libcurl 7.47.1
LogInit:  - built for x86_64-pc-win32
LogInit:  - supports SSL with OpenSSL/1.0.2g
LogInit:  - supports HTTP deflate (compression) using libz 1.2.8
LogInit:  - other features:
LogInit:      CURL_VERSION_SSL
LogInit:      CURL_VERSION_LIBZ
LogInit:      CURL_VERSION_IPV6
LogInit:      CURL_VERSION_ASYNCHDNS
LogInit:      CURL_VERSION_LARGEFILE
LogInit:      CURL_VERSION_IDN
LogInit:  CurlRequestOptions (configurable via config and command line):
LogInit:  - bVerifyPeer = false  - Libcurl will NOT verify peer certificate
LogInit:  - bUseHttpProxy = false  - Libcurl will NOT use HTTP proxy
LogInit:  - bDontReuseConnections = false  - Libcurl will reuse connections
LogInit:  - CertBundlePath = nullptr  - Libcurl will use whatever was configured at build time.
LogInit: Build: ++UE4+Release-4.18-CL-3832480
LogInit: Engine Version: 4.18.3-3832480+++UE4+Release-4.18
LogInit: Compatible Engine Version: 4.18.0-3709383+++UE4+Release-4.18
LogInit: Net CL: 3709383
LogDevObjectVersion: Number of dev versions registered: 16
LogDevObjectVersion:   Dev-Blueprints (B0D832E4-1F89-4F0D-ACCF-7EB736FD4AA2): 10
LogDevObjectVersion:   Dev-Build (E1C64328-A22C-4D53-A36C-8E866417BD8C): 0
LogDevObjectVersion:   Dev-Core (375EC13C-06E4-48FB-B500-84F0262A717E): 2
LogDevObjectVersion:   Dev-Editor (E4B068ED-F494-42E9-A231-DA0B2E46BB41): 20
LogDevObjectVersion:   Dev-Framework (CFFC743F-43B0-4480-9391-14DF171D2073): 30
LogDevObjectVersion:   Dev-Mobile (B02B49B5-BB20-44E9-A304-32B752E40360): 0
LogDevObjectVersion:   Dev-Networking (A4E4105C-59A1-49B5-A7C5-40C4547EDFEE): 0
LogDevObjectVersion:   Dev-Online (39C831C9-5AE6-47DC-9A44-9C173E1C8E7C): 0
LogDevObjectVersion:   Dev-Physics (78F01B33-EBEA-4F98-B9B4-84EACCB95AA2): 0
LogDevObjectVersion:   Dev-Platform (6631380F-2D4D-43E0-8009-CF276956A95A): 0
LogDevObjectVersion:   Dev-Rendering (12F88B9F-8875-4AFC-A67C-D90C383ABD29): 20
LogDevObjectVersion:   Dev-Sequencer (7B5AE74C-D270-4C10-A958-57980B212A5A): 4
LogDevObjectVersion:   Dev-VR (D7296918-1DD6-4BDD-9DE2-64A83CC13884): 0
LogDevObjectVersion:   Dev-LoadTimes (C2A15278-BFE7-4AFE-6C17-90FF531DF755): 1
LogDevObjectVersion:   Private-Geometry (6EACA3D4-40EC-4CC1-B786-8BED09428FC5): 1
LogDevObjectVersion:   Dev-AnimPhys (29E575DD-E0A3-4627-9D10-D276232CDCEA): 12
LogInit: Compiled (64-bit): Jan 12 2018 02:04:55
LogInit: Compiled with Visual C++: 19.00.24215.01
LogInit: Build Configuration: Development
LogInit: Branch Name: ++UE4+Release-4.18
LogInit: Command line:  
LogInit: Base directory: C:/Program Files/Epic Games/UE_4.18/Engine/Binaries/Win64/
LogInit: Installed Engine Build: 1
LogInit: Presizing for max 8388607 objects, including 0 objects not considered by GC, pre-allocating 0 bytes for permanent pool.
LogInit: Object subsystem initialized
[2018.03.05-20.56.01:750][  0]LogInit: Selected Device Profile: [Windows]
[2018.03.05-20.56.01:750][  0]LogInit: Applying CVar settings loaded from the selected device profile: [Windows]
[2018.03.05-20.56.01:760][  0]LogInit: Computer: DESKTOP-2QNA1SC
[2018.03.05-20.56.01:760][  0]LogInit: User: darkm
[2018.03.05-20.56.01:760][  0]LogInit: CPU Page size=4096, Cores=4
[2018.03.05-20.56.01:760][  0]LogInit: High frequency timer resolution =1.945316 MHz
[2018.03.05-20.56.01:760][  0]LogMemory: Memory total: Physical=15.9GB (16GB approx)
[2018.03.05-20.56.01:760][  0]LogMemory: Platform Memory Stats for Windows
[2018.03.05-20.56.01:760][  0]LogMemory: Process Physical Memory: 273.68 MB used, 273.68 MB peak
[2018.03.05-20.56.01:760][  0]LogMemory: Process Virtual Memory: 271.02 MB used, 271.02 MB peak
[2018.03.05-20.56.01:760][  0]LogMemory: Physical Memory: 7177.49 MB used,  9122.11 MB free, 16299.60 MB total
[2018.03.05-20.56.01:760][  0]LogMemory: Virtual Memory: 683.27 MB used,  9122.11 MB free, 134217728.00 MB total
[2018.03.05-20.56.01:886][  0]LogInit: Using OS detected language (en-US).
[2018.03.05-20.56.01:886][  0]LogInit: Using OS detected locale (en-US).
[2018.03.05-20.56.01:889][  0]LogTextLocalizationManager: No specific localization for 'en-US' exists, so the 'en' localization will be used.
[2018.03.05-20.56.02:249][  0]LogInit: Setting process to per monitor DPI aware
[2018.03.05-20.56.02:468][  0]LogD3D11RHI: D3D11 adapters:
[2018.03.05-20.56.03:786][  0]LogD3D11RHI:    0. 'Radeon 500 Series' (Feature Level 11_0)
[2018.03.05-20.56.03:786][  0]LogD3D11RHI:       1995/0/8149 MB DedicatedVideo/DedicatedSystem/SharedSystem, Outputs:1, VendorId:0x1002
[2018.03.05-20.56.03:797][  0]LogD3D11RHI:    1. 'Intel(R) UHD Graphics 620' (Feature Level 11_0)
[2018.03.05-20.56.03:797][  0]LogD3D11RHI:       128/0/8149 MB DedicatedVideo/DedicatedSystem/SharedSystem, Outputs:0, VendorId:0x8086
[2018.03.05-20.56.03:798][  0]LogD3D11RHI:    2. 'Microsoft Basic Render Driver' (Feature Level 11_0)
[2018.03.05-20.56.03:798][  0]LogD3D11RHI:       0/0/8149 MB DedicatedVideo/DedicatedSystem/SharedSystem, Outputs:0, VendorId:0x1414
[2018.03.05-20.56.03:798][  0]LogD3D11RHI: Chosen D3D11 Adapter: 0
[2018.03.05-20.56.03:806][  0]LogD3D11RHI: Creating new Direct3DDevice
[2018.03.05-20.56.03:806][  0]LogD3D11RHI:     GPU DeviceId: 0x699f (for the marketing name, search the web for "GPU Device Id")
[2018.03.05-20.56.03:806][  0]LogWindows: EnumDisplayDevices:
[2018.03.05-20.56.03:806][  0]LogWindows:    0. 'Intel(R) UHD Graphics 620' (P:1 D:1)
[2018.03.05-20.56.03:806][  0]LogWindows:    1. 'Intel(R) UHD Graphics 620' (P:0 D:0)
[2018.03.05-20.56.03:806][  0]LogWindows:    2. 'Intel(R) UHD Graphics 620' (P:0 D:0)
[2018.03.05-20.56.03:806][  0]LogWindows:    3. 'Radeon 500 Series' (P:0 D:0)
[2018.03.05-20.56.03:806][  0]LogWindows:    4. 'Radeon 500 Series' (P:0 D:0)
[2018.03.05-20.56.03:806][  0]LogWindows:    5. 'Radeon 500 Series' (P:0 D:0)
[2018.03.05-20.56.03:806][  0]LogWindows:    6. 'Radeon 500 Series' (P:0 D:0)
[2018.03.05-20.56.03:806][  0]LogWindows:    7. 'Radeon 500 Series' (P:0 D:0)
[2018.03.05-20.56.03:807][  0]LogWindows:    8. 'Radeon 500 Series' (P:0 D:0)
[2018.03.05-20.56.03:807][  0]LogWindows:    9. 'Radeon 500 Series' (P:0 D:0)
[2018.03.05-20.56.03:807][  0]LogWindows:    10. 'Radeon 500 Series' (P:0 D:0)
[2018.03.05-20.56.03:808][  0]LogWindows:    11. 'Radeon 500 Series' (P:0 D:0)
[2018.03.05-20.56.03:808][  0]LogWindows:    12. 'Radeon 500 Series' (P:0 D:0)
[2018.03.05-20.56.03:808][  0]LogWindows:    13. 'Radeon 500 Series' (P:0 D:0)
[2018.03.05-20.56.03:808][  0]LogWindows:    14. 'Radeon 500 Series' (P:0 D:0)
[2018.03.05-20.56.03:809][  0]LogWindows:    15. 'Radeon 500 Series' (P:0 D:0)
[2018.03.05-20.56.03:809][  0]LogWindows:    16. 'Radeon 500 Series' (P:0 D:0)
[2018.03.05-20.56.03:809][  0]LogWindows:    17. 'Radeon 500 Series' (P:0 D:0)
[2018.03.05-20.56.03:809][  0]LogWindows:    18. 'Radeon 500 Series' (P:0 D:0)
[2018.03.05-20.56.03:809][  0]LogWindows: DebugString: GetVideoDriverDetailsInvalid PrimaryIsNotTheChoosenAdapter GetVideoDriverDetailsInvalid PrimaryIsNotTheChoosenAdapter GetVideoDriverDetailsInvalid PrimaryIsNotTheChoosenAdapter GetVideoDriverDetailsInvalid PrimaryIsNotTheChoosenAdapter GetVideoDriverDetailsInvalid PrimaryIsNotTheChoosenAdapter GetVideoDriverDetailsInvalid PrimaryIsNotTheChoosenAdapter GetVideoDriverDetailsInvalid PrimaryIsNotTheChoosenAdapter GetVideoDriverDetailsInvalid PrimaryIsNotTheChoosenAdapter GetVideoDriverDetailsInvalid PrimaryIsNotTheChoosenAdapter GetVideoDriverDetailsInvalid PrimaryIsNotTheChoosenAdapter GetVideoDriverDetailsInvalid PrimaryIsNotTheChoosenAdapter GetVideoDriverDetailsInvalid PrimaryIsNotTheChoosenAdapter GetVideoDriverDetailsInvalid PrimaryIsNotTheChoosenAdapter GetVideoDriverDetailsInvalid PrimaryIsNotTheChoosenAdapter GetVideoDriverDetailsInvalid PrimaryIsNotTheChoosenAdapter GetVideoDriverDetailsInvalid PrimaryIsNotTheChoosenAdapter GetVideoDriverDetailsInvalid PrimaryIsNotTheChoosenAdapter GetVideoDriverDetailsInvalid PrimaryIsNotTheChoosenAdapter GetVideoDriverDetailsInvalid PrimaryIsNotTheChoosenAdapter FoundDriverCount:0 
[2018.03.05-20.56.03:809][  0]LogD3D11RHI:     Adapter Name: Radeon 500 Series
[2018.03.05-20.56.03:809][  0]LogD3D11RHI:   Driver Version: Unknown (internal:Unknown, unified:Unknown)
[2018.03.05-20.56.03:809][  0]LogD3D11RHI:      Driver Date: Unknown
[2018.03.05-20.56.03:809][  0]LogRHI: Texture pool is 1396 MB (70% of 1995 MB)
[2018.03.05-20.56.03:889][  0]LogD3D11RHI: Async texture creation enabled
[2018.03.05-20.56.03:900][  0]LogD3D11RHI: GPU Timing Frequency: 25.000000 (Debug: 2 1)
[2018.03.05-20.56.03:901][  0]LogShaderCompilers: Guid format shader working directory is -20 characters bigger than the processId version (../../../../../../Users/darkm/Documents/GitHub/SushiShop/SushiShop/Intermediate/Shaders/WorkingDirectory/3260/).
[2018.03.05-20.56.03:901][  0]LogShaderCompilers: Cleaned the shader compiler working directory 'C:/Users/darkm/AppData/Local/Temp/UnrealShaderWorkingDir/F472BEF24EA5E2F8511E4591F4F06058/'.
[2018.03.05-20.56.03:901][  0]LogShaderCompilers: Display: Using Local Shader Compiler.
[2018.03.05-20.56.04:692][  0]LogTemp: Display: Loaded TP AllDesktopTargetPlatform
[2018.03.05-20.56.04:738][  0]LogTemp: Display: Loaded TP MacClientTargetPlatform
[2018.03.05-20.56.04:784][  0]LogTemp: Display: Loaded TP MacNoEditorTargetPlatform
[2018.03.05-20.56.04:830][  0]LogTemp: Display: Loaded TP MacServerTargetPlatform
[2018.03.05-20.56.04:877][  0]LogTemp: Display: Loaded TP MacTargetPlatform
[2018.03.05-20.56.04:923][  0]LogTemp: Display: Loaded TP WindowsClientTargetPlatform
[2018.03.05-20.56.04:969][  0]LogTemp: Display: Loaded TP WindowsNoEditorTargetPlatform
[2018.03.05-20.56.05:015][  0]LogTemp: Display: Loaded TP WindowsServerTargetPlatform
[2018.03.05-20.56.05:055][  0]LogTemp: Display: Loaded TP WindowsTargetPlatform
[2018.03.05-20.56.05:102][  0]LogTemp: Display: Loaded TP Android_ASTCTargetPlatform
[2018.03.05-20.56.05:147][  0]LogTemp: Display: Loaded TP Android_ATCTargetPlatform
[2018.03.05-20.56.05:191][  0]LogTemp: Display: Loaded TP Android_DXTTargetPlatform
[2018.03.05-20.56.05:235][  0]LogTemp: Display: Loaded TP Android_ETC1TargetPlatform
[2018.03.05-20.56.05:280][  0]LogTemp: Display: Loaded TP Android_ETC2TargetPlatform
[2018.03.05-20.56.05:371][  0]LogTemp: Display: Loaded TP Android_MultiTargetPlatform
[2018.03.05-20.56.05:371][  0]LogTemp: Display: Loaded TP Android_PVRTCTargetPlatform
[2018.03.05-20.56.05:417][  0]LogTemp: Display: Loaded TP AndroidTargetPlatform
[2018.03.05-20.56.05:453][  0]LogTemp: Display: Loaded TP HTML5TargetPlatform
[2018.03.05-20.56.05:536][  0]LogTemp: Display: Loaded TP IOSTargetPlatform
[2018.03.05-20.56.05:560][  0]LogTemp: Display: Loaded TP TVOSTargetPlatform
[2018.03.05-20.56.05:606][  0]LogTemp: Display: Loaded TP LinuxClientTargetPlatform
[2018.03.05-20.56.05:651][  0]LogTemp: Display: Loaded TP LinuxNoEditorTargetPlatform
[2018.03.05-20.56.05:697][  0]LogTemp: Display: Loaded TP LinuxServerTargetPlatform
[2018.03.05-20.56.05:742][  0]LogTemp: Display: Loaded TP LinuxTargetPlatform
[2018.03.05-20.56.05:742][  0]LogTargetPlatformManager: Display: Building Assets For Windows
[2018.03.05-20.56.06:148][  0]LogDerivedDataCache: Display: Max Cache Size: 512 MB
[2018.03.05-20.56.06:216][  0]LogDerivedDataCache: Loaded boot cache 0.07s 96MB C:/Users/darkm/AppData/Local/UnrealEngine/4.18/DerivedDataCache/Boot.ddc.
[2018.03.05-20.56.06:216][  0]LogDerivedDataCache: Display: Loaded Boot cache: C:/Users/darkm/AppData/Local/UnrealEngine/4.18/DerivedDataCache/Boot.ddc
[2018.03.05-20.56.06:216][  0]LogDerivedDataCache: FDerivedDataBackendGraph:  Pak pak cache file ../../../../../../Users/darkm/Documents/GitHub/SushiShop/SushiShop/DerivedDataCache/DDC.ddp not found, will not use a pak cache.
[2018.03.05-20.56.06:216][  0]LogDerivedDataCache: Unable to find inner node Pak for hierarchical cache Hierarchy.
[2018.03.05-20.56.06:216][  0]LogDerivedDataCache: FDerivedDataBackendGraph:  CompressedPak pak cache file ../../../../../../Users/darkm/Documents/GitHub/SushiShop/SushiShop/DerivedDataCache/Compressed.ddp not found, will not use a pak cache.
[2018.03.05-20.56.06:216][  0]LogDerivedDataCache: Unable to find inner node CompressedPak for hierarchical cache Hierarchy.
[2018.03.05-20.56.06:230][  0]LogDerivedDataCache: Display: Pak cache opened for reading ../../../Engine/DerivedDataCache/Compressed.ddp.
[2018.03.05-20.56.06:242][  0]LogDerivedDataCache: Using Local data cache path C:/Users/darkm/AppData/Local/UnrealEngine/Common/DerivedDataCache: Writable
[2018.03.05-20.56.06:251][  0]LogMaterial: Verifying Global Shaders for PCD3D_SM5
[2018.03.05-20.56.06:251][  0]LogSlate: Using Freetype 2.6.0
[2018.03.05-20.56.06:252][  0]LogSlate: SlateFontCache - WITH_FREETYPE: 1, WITH_HARFBUZZ: 1
[2018.03.05-20.56.06:252][  0]LogSlate: SlateFontCache - WITH_FREETYPE: 1, WITH_HARFBUZZ: 1
[2018.03.05-20.56.06:562][  0]LogInit: Selected Device Profile: [Windows]
[2018.03.05-20.56.06:866][  0]LogSimplygon: Simplygon DLL not present - disabling.
[2018.03.05-20.56.06:903][  0]LogMeshReduction: Using SimplygonSwarm for distributed automatic mesh merging
[2018.03.05-20.56.06:903][  0]LogMeshReduction: Using QuadricMeshReduction for automatic static mesh reduction
[2018.03.05-20.56.06:903][  0]LogMeshReduction: No automatic skeletal mesh reduction module available
[2018.03.05-20.56.06:903][  0]LogMeshReduction: No automatic mesh merging module available
[2018.03.05-20.56.06:903][  0]LogMeshMerging: No automatic mesh merging module available
[2018.03.05-20.56.06:927][  0]LogNetVersion: SushiShop , NetCL: 3709383, EngineNetVer: 2, GameNetVer: 0 (Checksum: 2343829258)
[2018.03.05-20.56.07:088][  0]LogAssetRegistry: FAssetRegistry took 0.0258 seconds to start up
[2018.03.05-20.56.07:633][  0]LogPackageLocalizationCache: Processed 7 localized package path(s) for 2 prioritized culture(s) in 0.068628 seconds
[2018.03.05-20.56.07:639][  0]LogUObjectArray: 35870 objects as part of root set at end of initial load.
[2018.03.05-20.56.07:639][  0]LogUObjectAllocator: 7363696 out of 0 bytes used by permanent object pool.
[2018.03.05-20.56.07:639][  0]LogUObjectArray: CloseDisregardForGC: 0/0 objects in disregard for GC pool
[2018.03.05-20.56.07:704][  0]LogInit: WinSock: version 1.1 (2.2), MaxSocks=32767, MaxUdp=65467
[2018.03.05-20.56.10:665][  0]LogTcpMessaging: Initializing TcpMessaging bridge
[2018.03.05-20.56.10:704][  0]LogUdpMessaging: Initializing bridge on interface 0.0.0.0:0 to multicast group 230.0.0.1:6666.
[2018.03.05-20.56.11:291][  0]LogMaterial: Missing cached shader map for material BaseColor, compiling. 
[2018.03.05-20.56.11:292][  0]LogMaterial: Warning: C:\Program Files\Epic Games\UE_4.18\Engine\Content\BufferVisualization\BaseColor.uasset: Failed to compile Material for platform PCD3D_SM5, Default Material will be used in game.
[2018.03.05-20.56.11:292][  0]LogMaterial: 	(Node SceneTexture) GBuffer scene textures not available with forward shading.
[2018.03.05-20.56.11:311][  0]LogMaterial: Uniform references updated for custom material expression Custom.
[2018.03.05-20.56.11:321][  0]LogMaterial: Missing cached shader map for material LightingModel, compiling. 
[2018.03.05-20.56.11:321][  0]LogMaterial: Warning: C:\Program Files\Epic Games\UE_4.18\Engine\Content\BufferVisualization\LightingModel.uasset: Failed to compile Material for platform PCD3D_SM5, Default Material will be used in game.
[2018.03.05-20.56.11:321][  0]LogMaterial: 	(Node SceneTexture) GBuffer scene textures not available with forward shading.
[2018.03.05-20.56.11:324][  0]LogMaterial: Missing cached shader map for material MaterialAO, compiling. 
[2018.03.05-20.56.11:324][  0]LogMaterial: Warning: C:\Program Files\Epic Games\UE_4.18\Engine\Content\BufferVisualization\MaterialAO.uasset: Failed to compile Material for platform PCD3D_SM5, Default Material will be used in game.
[2018.03.05-20.56.11:324][  0]LogMaterial: 	(Node SceneTexture) GBuffer scene textures not available with forward shading.
[2018.03.05-20.56.11:326][  0]LogMaterial: Missing cached shader map for material Metallic, compiling. 
[2018.03.05-20.56.11:327][  0]LogMaterial: Warning: C:\Program Files\Epic Games\UE_4.18\Engine\Content\BufferVisualization\Metallic.uasset: Failed to compile Material for platform PCD3D_SM5, Default Material will be used in game.
[2018.03.05-20.56.11:327][  0]LogMaterial: 	(Node SceneTexture) GBuffer scene textures not available with forward shading.
[2018.03.05-20.56.11:329][  0]LogMaterial: Missing cached shader map for material Opacity, compiling. 
[2018.03.05-20.56.11:330][  0]LogMaterial: Warning: C:\Program Files\Epic Games\UE_4.18\Engine\Content\BufferVisualization\Opacity.uasset: Failed to compile Material for platform PCD3D_SM5, Default Material will be used in game.
[2018.03.05-20.56.11:330][  0]LogMaterial: 	(Node SceneTexture) GBuffer scene textures not available with forward shading.
[2018.03.05-20.56.11:332][  0]LogMaterial: Missing cached shader map for material Roughness, compiling. 
[2018.03.05-20.56.11:333][  0]LogMaterial: Warning: C:\Program Files\Epic Games\UE_4.18\Engine\Content\BufferVisualization\Roughness.uasset: Failed to compile Material for platform PCD3D_SM5, Default Material will be used in game.
[2018.03.05-20.56.11:333][  0]LogMaterial: 	(Node SceneTexture) GBuffer scene textures not available with forward shading.
[2018.03.05-20.56.11:349][  0]LogMaterial: Missing cached shader map for material Specular, compiling. 
[2018.03.05-20.56.11:350][  0]LogMaterial: Warning: C:\Program Files\Epic Games\UE_4.18\Engine\Content\BufferVisualization\Specular.uasset: Failed to compile Material for platform PCD3D_SM5, Default Material will be used in game.
[2018.03.05-20.56.11:350][  0]LogMaterial: 	(Node SceneTexture) GBuffer scene textures not available with forward shading.
[2018.03.05-20.56.11:352][  0]LogMaterial: Missing cached shader map for material SubsurfaceColor, compiling. 
[2018.03.05-20.56.11:353][  0]LogMaterial: Warning: C:\Program Files\Epic Games\UE_4.18\Engine\Content\BufferVisualization\SubsurfaceColor.uasset: Failed to compile Material for platform PCD3D_SM5, Default Material will be used in game.
[2018.03.05-20.56.11:353][  0]LogMaterial: 	(Node SceneTexture) GBuffer scene textures not available with forward shading.
[2018.03.05-20.56.11:355][  0]LogMaterial: Missing cached shader map for material WorldNormal, compiling. 
[2018.03.05-20.56.11:355][  0]LogMaterial: Warning: C:\Program Files\Epic Games\UE_4.18\Engine\Content\BufferVisualization\WorldNormal.uasset: Failed to compile Material for platform PCD3D_SM5, Default Material will be used in game.
[2018.03.05-20.56.11:355][  0]LogMaterial: 	(Node SceneTexture) GBuffer scene textures not available with forward shading.
[2018.03.05-20.56.11:697][  0]SourceControl: Source control is disabled
[2018.03.05-20.56.11:697][  0]SourceControl: Source control is disabled
[2018.03.05-20.56.11:745][  0]SourceControl: Source control is disabled
[2018.03.05-20.56.11:794][  0]SourceControl: Source control is disabled
[2018.03.05-20.56.12:526][  0]LogAndroidPermission: UAndroidPermissionCallbackProxy::GetInstance
[2018.03.05-20.56.12:762][  0]LogOcInput: OculusInput pre-init called
[2018.03.05-20.56.13:028][  0]LogEngine: Initializing Engine...
[2018.03.05-20.56.13:030][  0]LogHMD: Failed to initialize OpenVR with code 110
[2018.03.05-20.56.13:229][  0]LogStats: UGameplayTagsManager::ConstructGameplayTagTree: Construct from data asset -  0.000 s
[2018.03.05-20.56.13:229][  0]LogStats: UGameplayTagsManager::ConstructGameplayTagTree: GameplayTagTreeChangedEvent.Broadcast -  0.000 s
[2018.03.05-20.56.13:350][  0]LogAIModule: Creating AISystem for world Untitled
[2018.03.05-20.56.13:357][  0]LogInit: XAudio2 using 'Speakers (Realtek High Definition Audio(SST))' : 2 channels at 48 kHz using 32 bits per sample (channel mask 0x3)
[2018.03.05-20.56.14:131][  0]LogInit: FAudioDevice initialized.
[2018.03.05-20.56.14:218][  0]LogDerivedDataCache: Saved boot cache 0.09s 83MB C:/Users/darkm/AppData/Local/UnrealEngine/4.18/DerivedDataCache/Boot.ddc.
[2018.03.05-20.56.14:230][  0]LogInit: Texture streaming: Enabled
[2018.03.05-20.56.14:316][  0]LogEngineSessionManager: EngineSessionManager initialized
[2018.03.05-20.56.14:431][  0]LogInit: Transaction tracking system initialized
[2018.03.05-20.56.14:708][  0]BlueprintLog: New page: Editor Load
[2018.03.05-20.56.15:501][  0]LocalizationService: Localization service is disabled
[2018.03.05-20.56.16:188][  0]LogConsoleResponse: Display: 
[2018.03.05-20.56.16:359][  0]LogCook: Display: Max memory allowance for cook 16384mb min free memory 0mb
[2018.03.05-20.56.16:359][  0]LogCook: Display: Mobile HDR setting 1
[2018.03.05-20.56.16:360][  0]LogGameplayTags: Display: UGameplayTagsManager::DoneAddingNativeTags. DelegateIsBound: 0
[2018.03.05-20.56.16:663][  0]LogFileCache: Scanning file cache for directory 'C:/Users/darkm/Documents/GitHub/SushiShop/SushiShop/Content/' took 0.01s
[2018.03.05-20.56.17:480][  0]SourceControl: Source control is disabled
[2018.03.05-20.56.17:480][  0]Cmd: MAP LOAD FILE="../../../../../../Users/darkm/Documents/GitHub/SushiShop/SushiShop/Content/VirtualRealityBP/Maps/StartupMap.umap" TEMPLATE=0 SHOWPROGRESS=1 FEATURELEVEL=3
[2018.03.05-20.56.17:480][  0]LightingResults: New page: Lighting Build
[2018.03.05-20.56.17:521][  0]MapCheck: New page: Map Check
[2018.03.05-20.56.17:521][  0]LightingResults: New page: Lighting Build
[2018.03.05-20.56.17:619][  0]LogAIModule: Creating AISystem for world StartupMap
[2018.03.05-20.56.17:625][  0]LogEditorServer: Finished looking for orphan Actors (0.000 secs)
[2018.03.05-20.56.17:634][  0]Cmd: MAP CHECKDEP NOCLEARLOG
[2018.03.05-20.56.17:678][  0]MapCheck: Map check complete: 0 Error(s), 0 Warning(s), took 44.145ms to complete.
[2018.03.05-20.56.17:678][  0]LogFileHelpers: Loading map 'StartupMap' took 0.198
[2018.03.05-20.56.17:782][  0]LogWindowsTextInputMethodSystem: Display: IME system now deactivated.
[2018.03.05-20.56.17:782][  0]LogWindowsTextInputMethodSystem: Display: IME system now deactivated.
[2018.03.05-20.56.17:925][  0]LogCollectionManager: Loaded 0 collections in 0.001686 seconds
[2018.03.05-20.56.18:006][  0]LogFileCache: Scanning file cache for directory 'C:/Users/darkm/Documents/GitHub/SushiShop/SushiShop/Saved/Collections/' took 0.01s
[2018.03.05-20.56.18:006][  0]LogFileCache: Scanning file cache for directory 'C:/Users/darkm/Documents/GitHub/SushiShop/SushiShop/Content/Developers/darkm/Collections/' took 0.01s
[2018.03.05-20.56.18:006][  0]LogFileCache: Scanning file cache for directory 'C:/Users/darkm/Documents/GitHub/SushiShop/SushiShop/Content/Collections/' took 0.01s
[2018.03.05-20.56.18:006][  0]LogCollectionManager: Rebuilt the GUID cache for 0 collections in 0.000001 seconds
[2018.03.05-20.56.18:014][  0]LogContentBrowser: Native class hierarchy populated in 0.0080 seconds. Added 2364 classes and 521 folders.
[2018.03.05-20.56.18:079][  0]LogContentBrowser: Native class hierarchy updated for 'WidgetCarousel' in 0.0002 seconds. Added 0 classes and 0 folders.
[2018.03.05-20.56.18:112][  0]LogContentBrowser: Native class hierarchy updated for 'AddContentDialog' in 0.0002 seconds. Added 0 classes and 0 folders.
[2018.03.05-20.56.18:127][  0]LogSlate: Took 0.000164 seconds to synchronously load lazily loaded font '../../../Engine/Content/Slate/Fonts/Roboto-Regular.ttf' (155K)
[2018.03.05-20.56.18:132][  0]LogSlate: Took 0.000178 seconds to synchronously load lazily loaded font '../../../Engine/Content/Slate/Fonts/Roboto-Bold.ttf' (160K)
[2018.03.05-20.56.18:134][  0]LogSlate: Took 0.000121 seconds to synchronously load lazily loaded font '../../../Engine/Content/Editor/Slate/Fonts/FontAwesome.ttf' (139K)
[2018.03.05-20.56.18:226][  0]LogRenderer: Reallocating scene render targets to support 928x456 Format 26 NumSamples 1 (Frame:1).
[2018.03.05-20.56.18:604][  0]LogContentBrowser: Native class hierarchy updated for 'HierarchicalLODOutliner' in 0.0003 seconds. Added 1 classes and 2 folders.
[2018.03.05-20.56.18:604][  0]LogLoad: (Engine Initialization) Total time: 18.74 seconds
[2018.03.05-20.56.18:604][  0]LogLoad: (Engine Initialization) Total Blueprint compile time: 0.00 seconds
[2018.03.05-20.56.18:605][  0]LogExternalProfiler: No external profilers were discovered.  External profiling features will not be available.
[2018.03.05-20.56.18:646][  0]LogContentStreaming: Texture pool size now 1000 MB
[2018.03.05-20.56.18:684][  0]LogSlate: Took 0.000188 seconds to synchronously load lazily loaded font '../../../Engine/Content/Slate/Fonts/Roboto-Light.ttf' (159K)
[2018.03.05-20.56.18:708][  1]LogAssetRegistry: Asset discovery search completed in 11.6407 seconds
[2018.03.05-20.56.18:709][  1]LogCollectionManager: Rebuilt the object cache for 0 collections in 0.000001 seconds (found 0 objects)
[2018.03.05-20.56.18:709][  1]LogCollectionManager: Fixed up redirectors for 0 collections in 0.000049 seconds (updated 0 objects)
[2018.03.05-20.56.29:136][596]LogSlate: Took 0.000141 seconds to synchronously load lazily loaded font '../../../Engine/Content/Slate/Fonts/Roboto-Light.ttf' (159K)
[2018.03.05-20.56.29:452][596]LogContentBrowser: Native class hierarchy updated for 'BlueprintGraph' in 0.0005 seconds. Added 116 classes and 0 folders.
[2018.03.05-20.56.30:066][596]LogSlate: Took 0.000113 seconds to synchronously load lazily loaded font '../../../Engine/Content/Slate/Fonts/Roboto-Light.ttf' (159K)
[2018.03.05-20.56.30:100][596]LogSlate: Took 0.000179 seconds to synchronously load lazily loaded font '../../../Engine/Content/Editor/Slate/Fonts/Roboto-BoldCondensed.ttf' (158K)
[2018.03.05-20.56.31:311][661]LogSlate: Took 0.010412 seconds to synchronously load lazily loaded font '../../../Engine/Content/Editor/Slate/Fonts/Roboto-Italic.ttf' (157K)
[2018.03.05-20.56.38:277][992]LogAIModule: Creating AISystem for world Shop_Main
[2018.03.05-20.56.38:378][992]Cmd: MAP LOAD FILE="../../../../../../Users/darkm/Documents/GitHub/SushiShop/SushiShop/Content/SushiShop/Shop_Main.umap" TEMPLATE=0 SHOWPROGRESS=1 FEATURELEVEL=3
[2018.03.05-20.56.38:378][992]LightingResults: New page: Lighting Build
[2018.03.05-20.56.38:380][992]LoadErrors: New page: Loading map: Shop_Main.umap
[2018.03.05-20.56.38:381][992]MapCheck: New page: Map Check
[2018.03.05-20.56.38:381][992]LightingResults: New page: Lighting Build
[2018.03.05-20.56.38:410][992]LogEditorServer: Finished looking for orphan Actors (0.000 secs)
[2018.03.05-20.56.38:469][992]Cmd: MAP CHECKDEP NOCLEARLOG
[2018.03.05-20.56.38:535][992]MapCheck: Map check complete: 0 Error(s), 0 Warning(s), took 66.745ms to complete.
[2018.03.05-20.56.38:535][992]LogFileHelpers: Loading map 'Shop_Main' took 0.158
[2018.03.05-20.56.40:407][ 94]LogEditorViewport: Clicking on Actor (LMB): StaticMeshActor (SushiBar_2-21_Bar)
[2018.03.05-20.56.40:723][102]Cmd: CAMERA ALIGN ACTIVEVIEWPORTONLY
[2018.03.05-20.56.52:093][781]LogEditorViewport: Clicking on Actor (LMB): StaticMeshActor (Floor)
[2018.03.05-20.56.52:406][794]Cmd: CAMERA ALIGN ACTIVEVIEWPORTONLY
[2018.03.05-20.57.12:765][977]LogEditorViewport: Clicking on Actor (LMB): StaticMeshActor (SushiBar_2-21_Bar)
[2018.03.05-20.57.12:942][980]Cmd: CAMERA ALIGN ACTIVEVIEWPORTONLY
[2018.03.05-20.57.14:372][ 64]LogEditorViewport: Clicking on Actor (LMB): StaticMeshActor (SushiBar_2-21_Refrigerator)
[2018.03.05-20.57.14:692][ 75]Cmd: CAMERA ALIGN ACTIVEVIEWPORTONLY
[2018.03.05-20.57.16:010][149]LogEditorViewport: Clicking on Actor (LMB): StaticMeshActor (Boat)
[2018.03.05-20.57.16:233][159]Cmd: CAMERA ALIGN ACTIVEVIEWPORTONLY
[2018.03.05-20.57.17:860][254]LogEditorViewport: Clicking on Actor (LMB): StaticMeshActor (Floor)
[2018.03.05-20.57.20:605][381]Cmd: CAMERA ALIGN ACTIVEVIEWPORTONLY
[2018.03.05-20.57.49:964][800]Cmd: TRANSACTION UNDO
[2018.03.05-20.57.49:964][800]LogEditorTransaction: Undo Reset Scale
[2018.03.05-20.57.53:013][889]EditorErrors: New page: Actor attachment
[2018.03.05-20.58.16:884][846]Cmd: TRANSACTION UNDO
[2018.03.05-20.58.16:884][846]LogEditorTransaction: Undo Reset Scale
[2018.03.05-20.58.17:382][853]Cmd: TRANSACTION UNDO
[2018.03.05-20.58.17:382][853]LogEditorTransaction: Undo Set Scale
[2018.03.05-20.58.17:739][864]Cmd: TRANSACTION UNDO
[2018.03.05-20.58.17:739][864]LogEditorTransaction: Undo Set Scale
[2018.03.05-20.58.17:956][871]Cmd: TRANSACTION UNDO
[2018.03.05-20.58.17:956][871]LogEditorTransaction: Undo Reset Scale
[2018.03.05-20.58.18:193][877]Cmd: TRANSACTION UNDO
[2018.03.05-20.58.18:193][877]LogEditorTransaction: Undo Clicking on Actors
[2018.03.05-20.58.18:396][881]Cmd: TRANSACTION UNDO
[2018.03.05-20.58.18:396][881]LogEditorTransaction: Undo Detach actors
[2018.03.05-20.58.18:620][887]Cmd: TRANSACTION UNDO
[2018.03.05-20.58.18:620][887]LogEditorTransaction: Undo Clicking on Actors
[2018.03.05-20.58.19:102][901]Cmd: TRANSACTION UNDO
[2018.03.05-20.58.19:102][901]LogEditorTransaction: Undo Set Scale
[2018.03.05-20.58.19:781][923]Cmd: TRANSACTION UNDO
[2018.03.05-20.58.19:781][923]LogEditorTransaction: Undo Set Scale
[2018.03.05-20.58.19:972][929]Cmd: TRANSACTION UNDO
[2018.03.05-20.58.19:972][929]LogEditorTransaction: Undo Replace component used material
[2018.03.05-20.58.20:391][940]Cmd: TRANSACTION UNDO
[2018.03.05-20.58.20:391][940]LogEditorTransaction: Undo Edit Static Mesh
[2018.03.05-20.58.20:783][951]Cmd: TRANSACTION UNDO
[2018.03.05-20.58.20:783][951]LogEditorTransaction: Undo Clicking on Actors
[2018.03.05-20.58.27:530][155]LogD3D11RHI: Error: Result failed 
 at D:\Build\++UE4+Release-4.18+Compile\Sync\Engine\Source\Runtime\Windows\D3D11RHI\Private\D3D11Viewport.cpp:289 
 with error DXGI_ERROR_DEVICE_REMOVED DXGI_ERROR_DEVICE_HUNG
[2018.03.05-20.58.27:530][155]LogWindows: Windows GetLastError: The operation completed successfully. (0)
[2018.03.05-20.58.28:537][155]LogWindows: Windows GetLastError: The operation completed successfully. (0)
[2018.03.05-20.58.28:538][155]LogWindows: Error: === Critical error: ===
[2018.03.05-20.58.28:538][155]LogWindows: Error: 
[2018.03.05-20.58.28:538][155]LogWindows: Error: Fatal error: [File:D:\Build\++UE4+Release-4.18+Compile\Sync\Engine\Source\Runtime\RenderCore\Private\RenderingThread.cpp] [Line: 813] 
[2018.03.05-20.58.28:538][155]LogWindows: Error: Rendering thread exception:
[2018.03.05-20.58.28:538][155]LogWindows: Error: Fatal error: [File:D:\Build\++UE4+Release-4.18+Compile\Sync\Engine\Source\Runtime\Windows\D3D11RHI\Private\D3D11Util.cpp] [Line: 182] 
[2018.03.05-20.58.28:538][155]LogWindows: Error: Unreal Engine is exiting due to D3D device being lost. (Error: 0x887A0006 - 'HUNG')
[2018.03.05-20.58.28:538][155]LogWindows: Error: 
[2018.03.05-20.58.28:538][155]LogWindows: Error: 
[2018.03.05-20.58.28:538][155]LogWindows: Error: [Callstack] 0x00000000CB6B4008 KERNELBASE.dll!UnknownFunction []
[2018.03.05-20.58.28:538][155]LogWindows: Error: [Callstack] 0x00000000AE8276D4 UE4Editor-ApplicationCore.dll!UnknownFunction []
[2018.03.05-20.58.28:538][155]LogWindows: Error: [Callstack] 0x0000000083B0330B UE4Editor-Core.dll!UnknownFunction []
[2018.03.05-20.58.28:538][155]LogWindows: Error: [Callstack] 0x0000000083A947F9 UE4Editor-Core.dll!UnknownFunction []
[2018.03.05-20.58.28:538][155]LogWindows: Error: [Callstack] 0x000000008A9A79FF UE4Editor-D3D11RHI.dll!UnknownFunction []
[2018.03.05-20.58.28:538][155]LogWindows: Error: [Callstack] 0x000000008A9ABBC0 UE4Editor-D3D11RHI.dll!UnknownFunction []
[2018.03.05-20.58.28:538][155]LogWindows: Error: [Callstack] 0x000000008A98B3FA UE4Editor-D3D11RHI.dll!UnknownFunction []
[2018.03.05-20.58.28:538][155]LogWindows: Error: [Callstack] 0x000000008A98B35E UE4Editor-D3D11RHI.dll!UnknownFunction []
[2018.03.05-20.58.28:538][155]LogWindows: Error: [Callstack] 0x000000008A9983E8 UE4Editor-D3D11RHI.dll!UnknownFunction []
[2018.03.05-20.58.28:538][155]LogWindows: Error: [Callstack] 0x00000000AE90E4F7 UE4Editor-RHI.dll!UnknownFunction []
[2018.03.05-20.58.28:538][155]LogWindows: Error: [Callstack] 0x000000008A550B45 UE4Editor-SlateRHIRenderer.dll!UnknownFunction []
[2018.03.05-20.58.28:538][155]LogWindows: Error: [Callstack] 0x000000008A5560A9 UE4Editor-SlateRHIRenderer.dll!UnknownFunction []
[2018.03.05-20.58.28:538][155]LogWindows: Error: [Callstack] 0x0000000083964845 UE4Editor-Core.dll!UnknownFunction []
[2018.03.05-20.58.28:538][155]LogWindows: Error: [Callstack] 0x0000000083964E2A UE4Editor-Core.dll!UnknownFunction []
[2018.03.05-20.58.28:538][155]LogWindows: Error: [Callstack] 0x00000000AF3A22C4 UE4Editor-RenderCore.dll!UnknownFunction []
[2018.03.05-20.58.28:538][155]LogWindows: Error: [Callstack] 0x00000000AF3A32F6 UE4Editor-RenderCore.dll!UnknownFunction []
[2018.03.05-20.58.28:538][155]LogWindows: Error: [Callstack] 0x0000000083D0092C UE4Editor-Core.dll!UnknownFunction []
[2018.03.05-20.58.28:538][155]LogWindows: Error: [Callstack] 0x0000000083CF2563 UE4Editor-Core.dll!UnknownFunction []
[2018.03.05-20.58.28:538][155]LogWindows: Error: [Callstack] 0x00000000CC221FE4 KERNEL32.DLL!UnknownFunction []
[2018.03.05-20.58.28:538][155]LogWindows: Error: [Callstack] 0x00000000CEA3EFC1 ntdll.dll!UnknownFunction []
[2018.03.05-20.58.28:538][155]LogWindows: Error: [Callstack] 0x00000000CEA3EFC1 ntdll.dll!UnknownFunction []
[2018.03.05-20.58.28:538][155]LogWindows: Error: 
[2018.03.05-20.58.28:538][155]LogWindows: Error: 
[2018.03.05-20.58.28:538][155]LogWindows: Error: 
[2018.03.05-20.58.28:538][155]LogWindows: Error: 
[2018.03.05-20.58.28:571][155]LogExit: Executing StaticShutdownAfterError
[2018.03.05-20.58.28:576][155]LogWindows: FPlatformMisc::RequestExit(1)
[2018.03.05-20.58.28:576][155]Log file closed, 03/05/18 12:58:28
