Log file open, 04/18/18 01:33:38
LogWindows: Failed to load 'aqProf.dll' (GetLastError=126)
LogWindows: File 'aqProf.dll' does not exist
LogWindows: Failed to load 'VtuneApi.dll' (GetLastError=126)
LogWindows: File 'VtuneApi.dll' does not exist
LogWindows: Failed to load 'VtuneApi32e.dll' (GetLastError=126)
LogWindows: File 'VtuneApi32e.dll' does not exist
LogInit: Display: Running engine for game: SushiShop
LogPlatformFile: Not using cached read wrapper
LogInit: Display: RandInit(-155623360) SRandInit(-155623360).
LogInit: Read version file with build ID '3709383'
LogInit: Overriding engine version to CL 3832480, compatible CL 3709383
LogInit: Registered custom module enumerator with build ID '3709383'
LogTaskGraph: Started task graph with 5 named threads and 20 total threads with 3 sets of task threads.
LogStats: Stats thread started at 0.226928
LogD3D11RHI: Aftermath initialized
LogModuleManager: Display: Found up-to-date module file ../../../Engine/Plugins/2D/Paper2D/Binaries/Win64/UE4Editor-Paper2D.dll (API version 3709383).
LogModuleManager: Display: Found up-to-date module file ../../../Engine/Plugins/2D/Paper2D/Binaries/Win64/UE4Editor-Paper2DEditor.dll (API version 3709383).
LogModuleManager: Display: Found up-to-date module file ../../../Engine/Plugins/2D/Paper2D/Binaries/Win64/UE4Editor-PaperSpriteSheetImporter.dll (API version 3709383).
LogModuleManager: Display: Found up-to-date module file ../../../Engine/Plugins/2D/Paper2D/Binaries/Win64/UE4Editor-PaperTiledImporter.dll (API version 3709383).
LogModuleManager: Display: Found up-to-date module file ../../../Engine/Plugins/2D/Paper2D/Binaries/Win64/UE4Editor-SmartSnapping.dll (API version 3709383).
LogModuleManager: Display: Found up-to-date module file ../../../Engine/Plugins/Blendables/LightPropagationVolume/Binaries/Win64/UE4Editor-LightPropagationVolumeRuntime.dll (API version 3709383).
LogModuleManager: Display: Found up-to-date module file ../../../Engine/Plugins/Blendables/LightPropagationVolume/Binaries/Win64/UE4Editor-LightPropagationVolumeEditor.dll (API version 3709383).
LogModuleManager: Display: Found up-to-date module file ../../../Engine/Plugins/Developer/GitSourceControl/Binaries/Win64/UE4Editor-GitSourceControl.dll (API version 3709383).
LogModuleManager: Display: Found up-to-date module file ../../../Engine/Plugins/Developer/PerforceSourceControl/Binaries/Win64/UE4Editor-PerforceSourceControl.dll (API version 3709383).
LogModuleManager: Display: Found up-to-date module file ../../../Engine/Plugins/Developer/SubversionSourceControl/Binaries/Win64/UE4Editor-SubversionSourceControl.dll (API version 3709383).
LogModuleManager: Display: Found up-to-date module file ../../../Engine/Plugins/Developer/UObjectPlugin/Binaries/Win64/UE4Editor-UObjectPlugin.dll (API version 3709383).
LogModuleManager: Display: Found up-to-date module file ../../../Engine/Plugins/Developer/VisualStudioCodeSourceCodeAccess/Binaries/Win64/UE4Editor-VisualStudioCodeSourceCodeAccess.dll (API version 3709383).
LogModuleManager: Display: Found up-to-date module file ../../../Engine/Plugins/Developer/VisualStudioSourceCodeAccess/Binaries/Win64/UE4Editor-VisualStudioSourceCodeAccess.dll (API version 3709383).
LogModuleManager: Display: Found up-to-date module file ../../../Engine/Plugins/Editor/AssetManagerEditor/Binaries/Win64/UE4Editor-AssetManagerEditor.dll (API version 3709383).
LogModuleManager: Display: Found up-to-date module file ../../../Engine/Plugins/Editor/AudioCapture/Binaries/Win64/UE4Editor-AudioCapture.dll (API version 3709383).
LogModuleManager: Display: Found up-to-date module file ../../../Engine/Plugins/Editor/FacialAnimation/Binaries/Win64/UE4Editor-FacialAnimation.dll (API version 3709383).
LogModuleManager: Display: Found up-to-date module file ../../../Engine/Plugins/Editor/FacialAnimation/Binaries/Win64/UE4Editor-FacialAnimationEditor.dll (API version 3709383).
LogModuleManager: Display: Found up-to-date module file ../../../Engine/Plugins/Editor/GameplayTagsEditor/Binaries/Win64/UE4Editor-GameplayTagsEditor.dll (API version 3709383).
LogModuleManager: Display: Found up-to-date module file ../../../Engine/Plugins/Editor/MobileLauncherProfileWizard/Binaries/Win64/UE4Editor-MobileLauncherProfileWizard.dll (API version 3709383).
LogModuleManager: Display: Found up-to-date module file ../../../Engine/Plugins/Editor/PluginBrowser/Binaries/Win64/UE4Editor-PluginBrowser.dll (API version 3709383).
LogModuleManager: Display: Found up-to-date module file ../../../Engine/Plugins/Editor/SpeedTreeImporter/Binaries/Win64/UE4Editor-SpeedTreeImporter.dll (API version 3709383).
LogModuleManager: Display: Found up-to-date module file ../../../Engine/Plugins/Experimental/AlembicImporter/Binaries/Win64/UE4Editor-AlembicImporter.dll (API version 3709383).
LogModuleManager: Display: Found up-to-date module file ../../../Engine/Plugins/Experimental/AlembicImporter/Binaries/Win64/UE4Editor-AlembicLibrary.dll (API version 3709383).
LogModuleManager: Display: Found up-to-date module file ../../../Engine/Plugins/Experimental/CharacterAI/Binaries/Win64/UE4Editor-CharacterAI.dll (API version 3709383).
LogModuleManager: Display: Found up-to-date module file ../../../Engine/Plugins/Experimental/HTML5Networking/Binaries/Win64/UE4Editor-HTML5Networking.dll (API version 3709383).
LogModuleManager: Display: Found up-to-date module file ../../../Engine/Plugins/Media/AndroidMedia/Binaries/Win64/UE4Editor-AndroidMediaEditor.dll (API version 3709383).
LogModuleManager: Display: Found up-to-date module file ../../../Engine/Plugins/Media/AndroidMedia/Binaries/Win64/UE4Editor-AndroidMediaFactory.dll (API version 3709383).
LogModuleManager: Display: Found up-to-date module file ../../../Engine/Plugins/Media/AvfMedia/Binaries/Win64/UE4Editor-AvfMediaEditor.dll (API version 3709383).
LogModuleManager: Display: Found up-to-date module file ../../../Engine/Plugins/Media/AvfMedia/Binaries/Win64/UE4Editor-AvfMediaFactory.dll (API version 3709383).
LogModuleManager: Display: Found up-to-date module file ../../../Engine/Plugins/Media/AvfMedia/Binaries/Win64/UE4Editor-AvfMediaFactory.dll (API version 3709383).
LogModuleManager: Display: Found up-to-date module file ../../../Engine/Plugins/Media/ImgMedia/Binaries/Win64/UE4Editor-ImgMedia.dll (API version 3709383).
LogModuleManager: Display: Found up-to-date module file ../../../Engine/Plugins/Media/ImgMedia/Binaries/Win64/UE4Editor-ImgMediaEditor.dll (API version 3709383).
LogModuleManager: Display: Found up-to-date module file ../../../Engine/Plugins/Media/ImgMedia/Binaries/Win64/UE4Editor-ImgMediaFactory.dll (API version 3709383).
LogModuleManager: Display: Found up-to-date module file ../../../Engine/Plugins/Media/ImgMedia/Binaries/Win64/UE4Editor-ImgMediaFactory.dll (API version 3709383).
LogModuleManager: Display: Found up-to-date module file ../../../Engine/Plugins/Media/ImgMedia/Binaries/Win64/UE4Editor-OpenExrWrapper.dll (API version 3709383).
LogModuleManager: Display: Found up-to-date module file ../../../Engine/Plugins/Media/MediaCompositing/Binaries/Win64/UE4Editor-MediaCompositing.dll (API version 3709383).
LogModuleManager: Display: Found up-to-date module file ../../../Engine/Plugins/Media/MediaCompositing/Binaries/Win64/UE4Editor-MediaCompositingEditor.dll (API version 3709383).
LogModuleManager: Display: Found up-to-date module file ../../../Engine/Plugins/Media/MediaPlayerEditor/Binaries/Win64/UE4Editor-MediaPlayerEditor.dll (API version 3709383).
LogModuleManager: Display: Found up-to-date module file ../../../Engine/Plugins/Media/WmfMedia/Binaries/Win64/UE4Editor-WmfMedia.dll (API version 3709383).
LogModuleManager: Display: Found up-to-date module file ../../../Engine/Plugins/Media/WmfMedia/Binaries/Win64/UE4Editor-WmfMediaEditor.dll (API version 3709383).
LogModuleManager: Display: Found up-to-date module file ../../../Engine/Plugins/Media/WmfMedia/Binaries/Win64/UE4Editor-WmfMediaFactory.dll (API version 3709383).
LogModuleManager: Display: Found up-to-date module file ../../../Engine/Plugins/Media/WmfMedia/Binaries/Win64/UE4Editor-WmfMediaFactory.dll (API version 3709383).
LogModuleManager: Display: Found up-to-date module file ../../../Engine/Plugins/Messaging/TcpMessaging/Binaries/Win64/UE4Editor-TcpMessaging.dll (API version 3709383).
LogModuleManager: Display: Found up-to-date module file ../../../Engine/Plugins/Messaging/UdpMessaging/Binaries/Win64/UE4Editor-UdpMessaging.dll (API version 3709383).
LogModuleManager: Display: Found up-to-date module file ../../../Engine/Plugins/MovieScene/ActorSequence/Binaries/Win64/UE4Editor-ActorSequence.dll (API version 3709383).
LogModuleManager: Display: Found up-to-date module file ../../../Engine/Plugins/MovieScene/LevelSequenceEditor/Binaries/Win64/UE4Editor-LevelSequenceEditor.dll (API version 3709383).
LogModuleManager: Display: Found up-to-date module file ../../../Engine/Plugins/MovieScene/MatineeToLevelSequence/Binaries/Win64/UE4Editor-MatineeToLevelSequence.dll (API version 3709383).
LogModuleManager: Display: Found up-to-date module file ../../../Engine/Plugins/Online/OnlineSubsystem/Binaries/Win64/UE4Editor-OnlineSubsystem.dll (API version 3709383).
LogModuleManager: Display: Found up-to-date module file ../../../Engine/Plugins/Runtime/AndroidPermission/Binaries/Win64/UE4Editor-AndroidPermission.dll (API version 3709383).
LogModuleManager: Display: Found up-to-date module file ../../../Engine/Plugins/Online/OnlineSubsystemNull/Binaries/Win64/UE4Editor-OnlineSubsystemNull.dll (API version 3709383).
LogModuleManager: Display: Found up-to-date module file ../../../Engine/Plugins/Online/OnlineSubsystemUtils/Binaries/Win64/UE4Editor-OnlineSubsystemUtils.dll (API version 3709383).
LogModuleManager: Display: Found up-to-date module file ../../../Engine/Plugins/Online/OnlineSubsystemUtils/Binaries/Win64/UE4Editor-OnlineBlueprintSupport.dll (API version 3709383).
LogModuleManager: Display: Found up-to-date module file ../../../Engine/Plugins/Runtime/AndroidDeviceProfileSelector/Binaries/Win64/UE4Editor-AndroidDeviceProfileSelector.dll (API version 3709383).
LogModuleManager: Display: Found up-to-date module file ../../../Engine/Plugins/Runtime/AppleARKit/Binaries/Win64/UE4Editor-AppleARKit.dll (API version 3709383).
LogModuleManager: Display: Found up-to-date module file ../../../Engine/Plugins/Runtime/ArchVisCharacter/Binaries/Win64/UE4Editor-ArchVisCharacter.dll (API version 3709383).
LogModuleManager: Display: Found up-to-date module file ../../../Engine/Plugins/Runtime/CableComponent/Binaries/Win64/UE4Editor-CableComponent.dll (API version 3709383).
LogModuleManager: Display: Found up-to-date module file ../../../Engine/Plugins/Runtime/CustomMeshComponent/Binaries/Win64/UE4Editor-CustomMeshComponent.dll (API version 3709383).
LogModuleManager: Display: Found up-to-date module file ../../../Engine/Plugins/Runtime/ExampleDeviceProfileSelector/Binaries/Win64/UE4Editor-ExampleDeviceProfileSelector.dll (API version 3709383).
LogModuleManager: Display: Found up-to-date module file ../../../Engine/Plugins/Runtime/ImmediatePhysics/Binaries/Win64/UE4Editor-ImmediatePhysics.dll (API version 3709383).
LogModuleManager: Display: Found up-to-date module file ../../../Engine/Plugins/Runtime/ImmediatePhysics/Binaries/Win64/UE4Editor-ImmediatePhysicsEditor.dll (API version 3709383).
LogModuleManager: Display: Found up-to-date module file ../../../Engine/Plugins/Runtime/LocationServicesBPLibrary/Binaries/Win64/UE4Editor-LocationServicesBPLibrary.dll (API version 3709383).
LogModuleManager: Display: Found up-to-date module file ../../../Engine/Plugins/Runtime/MobilePatchingUtils/Binaries/Win64/UE4Editor-MobilePatchingUtils.dll (API version 3709383).
LogModuleManager: Display: Found up-to-date module file ../../../Engine/Plugins/Runtime/Oculus/OculusVR/Binaries/Win64/UE4Editor-OculusHMD.dll (API version 3709383).
LogModuleManager: Display: Found up-to-date module file ../../../Engine/Plugins/Runtime/Oculus/OculusVR/Binaries/Win64/UE4Editor-OculusInput.dll (API version 3709383).
LogModuleManager: Display: Found up-to-date module file ../../../Engine/Plugins/Runtime/Oculus/OculusVR/Binaries/Win64/UE4Editor-OculusEditor.dll (API version 3709383).
LogModuleManager: Display: Found up-to-date module file ../../../Engine/Plugins/Runtime/PhysXVehicles/Binaries/Win64/UE4Editor-PhysXVehicles.dll (API version 3709383).
LogModuleManager: Display: Found up-to-date module file ../../../Engine/Plugins/Runtime/PhysXVehicles/Binaries/Win64/UE4Editor-PhysXVehiclesEditor.dll (API version 3709383).
LogModuleManager: Display: Found up-to-date module file ../../../Engine/Plugins/Runtime/ProceduralMeshComponent/Binaries/Win64/UE4Editor-ProceduralMeshComponent.dll (API version 3709383).
LogModuleManager: Display: Found up-to-date module file ../../../Engine/Plugins/Runtime/ProceduralMeshComponent/Binaries/Win64/UE4Editor-ProceduralMeshComponentEditor.dll (API version 3709383).
LogModuleManager: Display: Found up-to-date module file ../../../Engine/Plugins/Runtime/RuntimePhysXCooking/Binaries/Win64/UE4Editor-RuntimePhysXCooking.dll (API version 3709383).
LogModuleManager: Display: Found up-to-date module file ../../../Engine/Plugins/Runtime/Steam/SteamVR/Binaries/Win64/UE4Editor-SteamVR.dll (API version 3709383).
LogModuleManager: Display: Found up-to-date module file ../../../Engine/Plugins/Runtime/Steam/SteamVR/Binaries/Win64/UE4Editor-SteamVRController.dll (API version 3709383).
LogModuleManager: Display: Found up-to-date module file ../../../Engine/Plugins/Runtime/WindowsMoviePlayer/Binaries/Win64/UE4Editor-WindowsMoviePlayer.dll (API version 3709383).
LogPluginManager: Mounting plugin Paper2D
LogPluginManager: Mounting plugin LightPropagationVolume
LogPluginManager: Mounting plugin CodeLiteSourceCodeAccess
LogPluginManager: Mounting plugin GitSourceControl
LogPluginManager: Mounting plugin KDevelopSourceCodeAccess
LogPluginManager: Mounting plugin NullSourceCodeAccess
LogPluginManager: Mounting plugin PerforceSourceControl
LogPluginManager: Mounting plugin SubversionSourceControl
LogPluginManager: Mounting plugin UObjectPlugin
LogPluginManager: Mounting plugin VisualStudioCodeSourceCodeAccess
LogPluginManager: Mounting plugin VisualStudioSourceCodeAccess
LogPluginManager: Mounting plugin XCodeSourceCodeAccess
LogPluginManager: Mounting plugin AssetManagerEditor
LogPluginManager: Mounting plugin AudioCapture
LogPluginManager: Mounting plugin FacialAnimation
LogPluginManager: Mounting plugin GameplayTagsEditor
LogPluginManager: Mounting plugin MobileLauncherProfileWizard
LogPluginManager: Mounting plugin PluginBrowser
LogPluginManager: Mounting plugin SpeedTreeImporter
LogPluginManager: Mounting plugin AlembicImporter
LogPluginManager: Mounting plugin CharacterAI
LogPluginManager: Mounting plugin HTML5Networking
LogPluginManager: Mounting plugin AndroidMedia
LogPluginManager: Mounting plugin AvfMedia
LogPluginManager: Mounting plugin ImgMedia
LogPluginManager: Mounting plugin MediaCompositing
LogPluginManager: Mounting plugin MediaPlayerEditor
LogPluginManager: Mounting plugin WmfMedia
LogPluginManager: Mounting plugin TcpMessaging
LogPluginManager: Mounting plugin UdpMessaging
LogPluginManager: Mounting plugin ActorSequence
LogPluginManager: Mounting plugin LevelSequenceEditor
LogPluginManager: Mounting plugin MatineeToLevelSequence
LogPluginManager: Mounting plugin OnlineSubsystemGooglePlay
LogPluginManager: Mounting plugin OnlineSubsystemIOS
LogPluginManager: Mounting plugin OnlineSubsystem
LogPluginManager: Mounting plugin OnlineSubsystemNull
LogPluginManager: Mounting plugin OnlineSubsystemUtils
LogPluginManager: Mounting plugin AndroidDeviceProfileSelector
LogPluginManager: Mounting plugin AndroidMoviePlayer
LogPluginManager: Mounting plugin AndroidPermission
LogPluginManager: Mounting plugin AppleARKit
LogPluginManager: Mounting plugin AppleMoviePlayer
LogPluginManager: Mounting plugin ArchVisCharacter
LogPluginManager: Mounting plugin CableComponent
LogPluginManager: Mounting plugin CustomMeshComponent
LogPluginManager: Mounting plugin ExampleDeviceProfileSelector
LogPluginManager: Mounting plugin GoogleCloudMessaging
LogPluginManager: Mounting plugin ImmediatePhysics
LogPluginManager: Mounting plugin IOSDeviceProfileSelector
LogPluginManager: Mounting plugin LinuxDeviceProfileSelector
LogPluginManager: Mounting plugin LocationServicesBPLibrary
LogPluginManager: Mounting plugin MobilePatchingUtils
LogPluginManager: Mounting plugin OculusVR
LogPluginManager: Plugin shader directory ../../../Engine/Plugins/Runtime/Oculus/OculusVR/Shaders found
LogPluginManager: Mapping shader source directory ../../../Engine/Plugins/Runtime/Oculus/OculusVR/Shaders to virtual directory /Plugin/OculusVR
LogPluginManager: Mounting plugin PhysXVehicles
LogPluginManager: Mounting plugin ProceduralMeshComponent
LogPluginManager: Mounting plugin RuntimePhysXCooking
LogPluginManager: Mounting plugin SteamVR
LogPluginManager: Mounting plugin WindowsMoviePlayer
LogInit: Using libcurl 7.47.1
LogInit:  - built for x86_64-pc-win32
LogInit:  - supports SSL with OpenSSL/1.0.2g
LogInit:  - supports HTTP deflate (compression) using libz 1.2.8
LogInit:  - other features:
LogInit:      CURL_VERSION_SSL
LogInit:      CURL_VERSION_LIBZ
LogInit:      CURL_VERSION_IPV6
LogInit:      CURL_VERSION_ASYNCHDNS
LogInit:      CURL_VERSION_LARGEFILE
LogInit:      CURL_VERSION_IDN
LogInit:  CurlRequestOptions (configurable via config and command line):
LogInit:  - bVerifyPeer = false  - Libcurl will NOT verify peer certificate
LogInit:  - bUseHttpProxy = false  - Libcurl will NOT use HTTP proxy
LogInit:  - bDontReuseConnections = false  - Libcurl will reuse connections
LogInit:  - CertBundlePath = nullptr  - Libcurl will use whatever was configured at build time.
LogHMD: Failed initializing OVRPlugin 1.19.0
LogInit: Build: ++UE4+Release-4.18-CL-3832480
LogInit: Engine Version: 4.18.3-3832480+++UE4+Release-4.18
LogInit: Compatible Engine Version: 4.18.0-3709383+++UE4+Release-4.18
LogInit: Net CL: 3709383
LogDevObjectVersion: Number of dev versions registered: 16
LogDevObjectVersion:   Dev-Blueprints (B0D832E4-1F89-4F0D-ACCF-7EB736FD4AA2): 10
LogDevObjectVersion:   Dev-Build (E1C64328-A22C-4D53-A36C-8E866417BD8C): 0
LogDevObjectVersion:   Dev-Core (375EC13C-06E4-48FB-B500-84F0262A717E): 2
LogDevObjectVersion:   Dev-Editor (E4B068ED-F494-42E9-A231-DA0B2E46BB41): 20
LogDevObjectVersion:   Dev-Framework (CFFC743F-43B0-4480-9391-14DF171D2073): 30
LogDevObjectVersion:   Dev-Mobile (B02B49B5-BB20-44E9-A304-32B752E40360): 0
LogDevObjectVersion:   Dev-Networking (A4E4105C-59A1-49B5-A7C5-40C4547EDFEE): 0
LogDevObjectVersion:   Dev-Online (39C831C9-5AE6-47DC-9A44-9C173E1C8E7C): 0
LogDevObjectVersion:   Dev-Physics (78F01B33-EBEA-4F98-B9B4-84EACCB95AA2): 0
LogDevObjectVersion:   Dev-Platform (6631380F-2D4D-43E0-8009-CF276956A95A): 0
LogDevObjectVersion:   Dev-Rendering (12F88B9F-8875-4AFC-A67C-D90C383ABD29): 20
LogDevObjectVersion:   Dev-Sequencer (7B5AE74C-D270-4C10-A958-57980B212A5A): 4
LogDevObjectVersion:   Dev-VR (D7296918-1DD6-4BDD-9DE2-64A83CC13884): 0
LogDevObjectVersion:   Dev-LoadTimes (C2A15278-BFE7-4AFE-6C17-90FF531DF755): 1
LogDevObjectVersion:   Private-Geometry (6EACA3D4-40EC-4CC1-B786-8BED09428FC5): 1
LogDevObjectVersion:   Dev-AnimPhys (29E575DD-E0A3-4627-9D10-D276232CDCEA): 12
LogInit: Compiled (64-bit): Jan 12 2018 02:04:55
LogInit: Compiled with Visual C++: 19.00.24215.01
LogInit: Build Configuration: Development
LogInit: Branch Name: ++UE4+Release-4.18
LogInit: Command line:  
LogInit: Base directory: D:/Epic Games/Epic Games/UE_4.18/Engine/Binaries/Win64/
LogInit: Installed Engine Build: 1
LogInit: Presizing for max 8388607 objects, including 0 objects not considered by GC, pre-allocating 0 bytes for permanent pool.
LogInit: Object subsystem initialized
[2018.04.18-08.33.40:915][  0]LogInit: Selected Device Profile: [Windows]
[2018.04.18-08.33.40:915][  0]LogInit: Applying CVar settings loaded from the selected device profile: [Windows]
[2018.04.18-08.33.40:929][  0]LogInit: Computer: CAPTAINARCHER
[2018.04.18-08.33.40:929][  0]LogInit: User: ENDER
[2018.04.18-08.33.40:929][  0]LogInit: CPU Page size=4096, Cores=6
[2018.04.18-08.33.40:929][  0]LogInit: High frequency timer resolution =3.417970 MHz
[2018.04.18-08.33.40:929][  0]LogMemory: Memory total: Physical=15.9GB (16GB approx)
[2018.04.18-08.33.40:929][  0]LogMemory: Platform Memory Stats for Windows
[2018.04.18-08.33.40:929][  0]LogMemory: Process Physical Memory: 280.04 MB used, 280.04 MB peak
[2018.04.18-08.33.40:929][  0]LogMemory: Process Virtual Memory: 287.07 MB used, 287.07 MB peak
[2018.04.18-08.33.40:929][  0]LogMemory: Physical Memory: 5720.71 MB used,  10558.79 MB free, 16279.50 MB total
[2018.04.18-08.33.40:929][  0]LogMemory: Virtual Memory: 744.96 MB used,  10558.79 MB free, 134217728.00 MB total
[2018.04.18-08.33.41:034][  0]LogInit: Using OS detected language (en-US).
[2018.04.18-08.33.41:034][  0]LogInit: Using OS detected locale (en-US).
[2018.04.18-08.33.41:038][  0]LogTextLocalizationManager: No specific localization for 'en-US' exists, so the 'en' localization will be used.
[2018.04.18-08.33.41:426][  0]LogInit: Setting process to per monitor DPI aware
[2018.04.18-08.33.41:813][  0]LogD3D11RHI: D3D11 adapters:
[2018.04.18-08.33.41:832][  0]LogD3D11RHI:    0. 'AMD Radeon (TM) R9 390 Series' (Feature Level 11_0)
[2018.04.18-08.33.41:832][  0]LogD3D11RHI:       8168/0/8139 MB DedicatedVideo/DedicatedSystem/SharedSystem, Outputs:2, VendorId:0x1002
[2018.04.18-08.33.41:834][  0]LogD3D11RHI:    1. 'Microsoft Basic Render Driver' (Feature Level 11_0)
[2018.04.18-08.33.41:834][  0]LogD3D11RHI:       0/0/8139 MB DedicatedVideo/DedicatedSystem/SharedSystem, Outputs:0, VendorId:0x1414
[2018.04.18-08.33.41:834][  0]LogD3D11RHI: Chosen D3D11 Adapter: 0
[2018.04.18-08.33.41:839][  0]LogD3D11RHI: Creating new Direct3DDevice
[2018.04.18-08.33.41:839][  0]LogD3D11RHI:     GPU DeviceId: 0x67b1 (for the marketing name, search the web for "GPU Device Id")
[2018.04.18-08.33.41:839][  0]LogWindows: EnumDisplayDevices:
[2018.04.18-08.33.41:839][  0]LogWindows:    0. 'AMD Radeon (TM) R9 390 Series' (P:1 D:1)
[2018.04.18-08.33.41:839][  0]LogWindows:    1. 'AMD Radeon (TM) R9 390 Series' (P:0 D:1)
[2018.04.18-08.33.41:840][  0]LogWindows:    2. 'AMD Radeon (TM) R9 390 Series' (P:0 D:0)
[2018.04.18-08.33.41:840][  0]LogWindows:    3. 'AMD Radeon (TM) R9 390 Series' (P:0 D:0)
[2018.04.18-08.33.41:840][  0]LogWindows:    4. 'AMD Radeon (TM) R9 390 Series' (P:0 D:0)
[2018.04.18-08.33.41:840][  0]LogWindows:    5. 'AMD Radeon (TM) R9 390 Series' (P:0 D:0)
[2018.04.18-08.33.41:840][  0]LogWindows:    6. 'AMD Radeon (TM) R9 390 Series' (P:0 D:0)
[2018.04.18-08.33.41:840][  0]LogWindows:    7. 'AMD Radeon (TM) R9 390 Series' (P:0 D:0)
[2018.04.18-08.33.41:840][  0]LogWindows:    8. 'AMD Radeon (TM) R9 390 Series' (P:0 D:0)
[2018.04.18-08.33.41:841][  0]LogWindows:    9. 'AMD Radeon (TM) R9 390 Series' (P:0 D:0)
[2018.04.18-08.33.41:841][  0]LogWindows:    10. 'AMD Radeon (TM) R9 390 Series' (P:0 D:0)
[2018.04.18-08.33.41:841][  0]LogWindows:    11. 'AMD Radeon (TM) R9 390 Series' (P:0 D:0)
[2018.04.18-08.33.41:841][  0]LogWindows:    12. 'AMD Radeon (TM) R9 390 Series' (P:0 D:0)
[2018.04.18-08.33.41:841][  0]LogWindows:    13. 'AMD Radeon (TM) R9 390 Series' (P:0 D:0)
[2018.04.18-08.33.41:841][  0]LogWindows:    14. 'AMD Radeon (TM) R9 390 Series' (P:0 D:0)
[2018.04.18-08.33.41:841][  0]LogWindows:    15. 'AMD Radeon (TM) R9 390 Series' (P:0 D:0)
[2018.04.18-08.33.41:841][  0]LogWindows: DebugString: GetVideoDriverDetailsInvalid PrimaryIsNotTheChoosenAdapter GetVideoDriverDetailsInvalid PrimaryIsNotTheChoosenAdapter GetVideoDriverDetailsInvalid PrimaryIsNotTheChoosenAdapter GetVideoDriverDetailsInvalid PrimaryIsNotTheChoosenAdapter GetVideoDriverDetailsInvalid PrimaryIsNotTheChoosenAdapter GetVideoDriverDetailsInvalid PrimaryIsNotTheChoosenAdapter GetVideoDriverDetailsInvalid PrimaryIsNotTheChoosenAdapter GetVideoDriverDetailsInvalid PrimaryIsNotTheChoosenAdapter GetVideoDriverDetailsInvalid PrimaryIsNotTheChoosenAdapter GetVideoDriverDetailsInvalid PrimaryIsNotTheChoosenAdapter GetVideoDriverDetailsInvalid PrimaryIsNotTheChoosenAdapter GetVideoDriverDetailsInvalid PrimaryIsNotTheChoosenAdapter GetVideoDriverDetailsInvalid PrimaryIsNotTheChoosenAdapter GetVideoDriverDetailsInvalid PrimaryIsNotTheChoosenAdapter GetVideoDriverDetailsInvalid PrimaryIsNotTheChoosenAdapter GetVideoDriverDetailsInvalid PrimaryIsNotTheChoosenAdapter FoundDriverCount:0 
[2018.04.18-08.33.41:841][  0]LogD3D11RHI:     Adapter Name: AMD Radeon (TM) R9 390 Series
[2018.04.18-08.33.41:841][  0]LogD3D11RHI:   Driver Version: Unknown (internal:Unknown, unified:Unknown)
[2018.04.18-08.33.41:841][  0]LogD3D11RHI:      Driver Date: Unknown
[2018.04.18-08.33.41:841][  0]LogRHI: Texture pool is 5717 MB (70% of 8168 MB)
[2018.04.18-08.33.41:882][  0]LogD3D11RHI: Async texture creation enabled
[2018.04.18-08.33.41:895][  0]LogD3D11RHI: GPU Timing Frequency: 27.000000 (Debug: 2 1)
[2018.04.18-08.33.41:897][  0]LogShaderCompilers: Guid format shader working directory is -6 characters bigger than the processId version (C:/Users/ENDER/Documents/GitHub/SushiShop/SushiShop/Intermediate/Shaders/WorkingDirectory/10404/).
[2018.04.18-08.33.41:897][  0]LogShaderCompilers: Cleaned the shader compiler working directory 'C:/Users/ENDER/AppData/Local/Temp/UnrealShaderWorkingDir/564F465D40993F111B52F4BAB2E48408/'.
[2018.04.18-08.33.41:897][  0]LogShaderCompilers: Display: Using Local Shader Compiler.
[2018.04.18-08.33.42:771][  0]LogTemp: Display: Loaded TP AllDesktopTargetPlatform
[2018.04.18-08.33.42:816][  0]LogTemp: Display: Loaded TP MacClientTargetPlatform
[2018.04.18-08.33.42:861][  0]LogTemp: Display: Loaded TP MacNoEditorTargetPlatform
[2018.04.18-08.33.42:907][  0]LogTemp: Display: Loaded TP MacServerTargetPlatform
[2018.04.18-08.33.42:954][  0]LogTemp: Display: Loaded TP MacTargetPlatform
[2018.04.18-08.33.42:999][  0]LogTemp: Display: Loaded TP WindowsClientTargetPlatform
[2018.04.18-08.33.43:045][  0]LogTemp: Display: Loaded TP WindowsNoEditorTargetPlatform
[2018.04.18-08.33.43:091][  0]LogTemp: Display: Loaded TP WindowsServerTargetPlatform
[2018.04.18-08.33.43:129][  0]LogTemp: Display: Loaded TP WindowsTargetPlatform
[2018.04.18-08.33.43:174][  0]LogTemp: Display: Loaded TP Android_ASTCTargetPlatform
[2018.04.18-08.33.43:219][  0]LogTemp: Display: Loaded TP Android_ATCTargetPlatform
[2018.04.18-08.33.43:264][  0]LogTemp: Display: Loaded TP Android_DXTTargetPlatform
[2018.04.18-08.33.43:309][  0]LogTemp: Display: Loaded TP Android_ETC1TargetPlatform
[2018.04.18-08.33.43:354][  0]LogTemp: Display: Loaded TP Android_ETC2TargetPlatform
[2018.04.18-08.33.43:445][  0]LogTemp: Display: Loaded TP Android_MultiTargetPlatform
[2018.04.18-08.33.43:445][  0]LogTemp: Display: Loaded TP Android_PVRTCTargetPlatform
[2018.04.18-08.33.43:489][  0]LogTemp: Display: Loaded TP AndroidTargetPlatform
[2018.04.18-08.33.43:523][  0]LogTemp: Display: Loaded TP HTML5TargetPlatform
[2018.04.18-08.33.43:602][  0]LogTemp: Display: Loaded TP IOSTargetPlatform
[2018.04.18-08.33.43:624][  0]LogTemp: Display: Loaded TP TVOSTargetPlatform
[2018.04.18-08.33.43:668][  0]LogTemp: Display: Loaded TP LinuxClientTargetPlatform
[2018.04.18-08.33.43:712][  0]LogTemp: Display: Loaded TP LinuxNoEditorTargetPlatform
[2018.04.18-08.33.43:757][  0]LogTemp: Display: Loaded TP LinuxServerTargetPlatform
[2018.04.18-08.33.43:801][  0]LogTemp: Display: Loaded TP LinuxTargetPlatform
[2018.04.18-08.33.43:801][  0]LogTargetPlatformManager: Display: Building Assets For Windows
[2018.04.18-08.33.44:161][  0]LogDerivedDataCache: Display: Max Cache Size: 512 MB
[2018.04.18-08.33.44:239][  0]LogDerivedDataCache: Loaded boot cache 0.08s 83MB C:/Users/ENDER/AppData/Local/UnrealEngine/4.18/DerivedDataCache/Boot.ddc.
[2018.04.18-08.33.44:239][  0]LogDerivedDataCache: Display: Loaded Boot cache: C:/Users/ENDER/AppData/Local/UnrealEngine/4.18/DerivedDataCache/Boot.ddc
[2018.04.18-08.33.44:239][  0]LogDerivedDataCache: FDerivedDataBackendGraph:  Pak pak cache file C:/Users/ENDER/Documents/GitHub/SushiShop/SushiShop/DerivedDataCache/DDC.ddp not found, will not use a pak cache.
[2018.04.18-08.33.44:239][  0]LogDerivedDataCache: Unable to find inner node Pak for hierarchical cache Hierarchy.
[2018.04.18-08.33.44:239][  0]LogDerivedDataCache: FDerivedDataBackendGraph:  CompressedPak pak cache file C:/Users/ENDER/Documents/GitHub/SushiShop/SushiShop/DerivedDataCache/Compressed.ddp not found, will not use a pak cache.
[2018.04.18-08.33.44:239][  0]LogDerivedDataCache: Unable to find inner node CompressedPak for hierarchical cache Hierarchy.
[2018.04.18-08.33.44:255][  0]LogDerivedDataCache: Display: Pak cache opened for reading ../../../Engine/DerivedDataCache/Compressed.ddp.
[2018.04.18-08.33.44:266][  0]LogDerivedDataCache: Using Local data cache path C:/Users/ENDER/AppData/Local/UnrealEngine/Common/DerivedDataCache: Writable
[2018.04.18-08.33.44:268][  0]LogMaterial: Verifying Global Shaders for PCD3D_SM5
[2018.04.18-08.33.45:689][  0]LogSlate: Using Freetype 2.6.0
[2018.04.18-08.33.45:690][  0]LogSlate: SlateFontCache - WITH_FREETYPE: 1, WITH_HARFBUZZ: 1
[2018.04.18-08.33.45:690][  0]LogSlate: SlateFontCache - WITH_FREETYPE: 1, WITH_HARFBUZZ: 1
[2018.04.18-08.33.46:163][  0]LogInit: Selected Device Profile: [Windows]
[2018.04.18-08.33.46:241][  0]LogMaterial: Missing cached shader map for material DefaultDeferredDecalMaterial, compiling. 
[2018.04.18-08.34.43:783][  0]LogMaterial: Missing cached shader map for material DefaultLightFunctionMaterial, compiling. 
[2018.04.18-08.34.44:402][  0]LogMaterial: Missing cached shader map for material DefaultPostProcessMaterial, compiling. 
[2018.04.18-08.34.44:996][  0]LogMaterial: Missing cached shader map for material WorldGridMaterial, compiling. Is special engine material.
[2018.04.18-08.35.27:919][  0]LogMaterial: Missing cached shader map for material MatineeCam_mat, compiling. 
[2018.04.18-08.35.28:158][  0]LogSimplygon: Simplygon DLL not present - disabling.
[2018.04.18-08.35.28:201][  0]LogMeshReduction: Using SimplygonSwarm for distributed automatic mesh merging
[2018.04.18-08.35.28:201][  0]LogMeshReduction: Using QuadricMeshReduction for automatic static mesh reduction
[2018.04.18-08.35.28:201][  0]LogMeshReduction: No automatic skeletal mesh reduction module available
[2018.04.18-08.35.28:201][  0]LogMeshReduction: No automatic mesh merging module available
[2018.04.18-08.35.28:201][  0]LogMeshMerging: No automatic mesh merging module available
[2018.04.18-08.35.28:272][  0]LogNetVersion: SushiShop , NetCL: 3709383, EngineNetVer: 2, GameNetVer: 0 (Checksum: 2343829258)
[2018.04.18-08.35.28:300][  0]LogMaterial: Missing cached shader map for material HelpActorMaterial, compiling. 
[2018.04.18-08.35.28:403][  0]LogMaterial: Missing cached shader map for material DefaultTextMaterialOpaque, compiling. 
[2018.04.18-08.35.28:568][  0]LogAssetRegistry: FAssetRegistry took 0.0291 seconds to start up
[2018.04.18-08.35.28:609][  0]LogMaterial: Missing cached shader map for material Xray, compiling. 
[2018.04.18-08.35.28:643][  0]LogMaterial: Missing cached shader map for material Main, compiling. 
[2018.04.18-08.35.28:818][  0]LogMaterial: Missing cached shader map for material TranslucentTransformGizmoMaterial, compiling. 
[2018.04.18-08.35.28:838][  0]LogMaterial: Missing cached shader map for material TransformGizmoMaterial, compiling. 
[2018.04.18-08.35.28:851][  0]LogMaterial: Missing cached shader map for material SnapGridMaterial, compiling. 
[2018.04.18-08.35.28:919][  0]LogMaterial: Missing cached shader map for material CineMat, compiling. 
[2018.04.18-08.35.29:015][  0]LogMaterial: Missing cached shader map for material M_SimpleOpaque, compiling. 
[2018.04.18-08.35.29:060][  0]LogMaterial: Missing cached shader map for material M_SimpleTranslucent, compiling. 
[2018.04.18-08.35.29:192][  0]LogMaterial: Missing cached shader map for material Widget3DPassThrough, compiling. 
[2018.04.18-08.35.29:214][  0]LogMaterial: Missing cached shader map for material Widget3DPassThrough, compiling. 
[2018.04.18-08.35.29:245][  0]LogMaterial: Missing cached shader map for material Widget3DPassThrough, compiling. 
[2018.04.18-08.35.29:270][  0]LogMaterial: Missing cached shader map for material Widget3DPassThrough, compiling. 
[2018.04.18-08.35.29:285][  0]LogMaterial: Missing cached shader map for material Widget3DPassThrough, compiling. 
[2018.04.18-08.35.29:314][  0]LogMaterial: Missing cached shader map for material Widget3DPassThrough, compiling. 
[2018.04.18-08.35.29:444][  0]LogMaterial: Missing cached shader map for material SkySphereMaterial, compiling. 
[2018.04.18-08.35.29:468][  0]LogMaterial: Missing cached shader map for material FloorPlaneMaterial, compiling. 
[2018.04.18-08.35.29:618][  0]LogMaterial: Missing cached shader map for material LandscapeGizmo_Mat, compiling. 
[2018.04.18-08.35.29:667][  0]LogMaterial: Missing cached shader map for material LandscapeGizmoHeight_Mat, compiling. 
[2018.04.18-08.35.29:769][  0]LogMaterial: Missing cached shader map for material SplineEditorMeshMat, compiling. 
[2018.04.18-08.35.29:811][  0]LogMaterial: Missing cached shader map for material ARKitCameraMaterial, compiling. 
[2018.04.18-08.35.29:845][  0]LogMaterial: Missing cached shader map for material GearVRControllerMaterial, compiling. 
[2018.04.18-08.35.30:042][  0]LogPackageLocalizationCache: Processed 7 localized package path(s) for 2 prioritized culture(s) in 0.140478 seconds
[2018.04.18-08.35.30:059][  0]LogUObjectArray: 35870 objects as part of root set at end of initial load.
[2018.04.18-08.35.30:059][  0]LogUObjectAllocator: 7363696 out of 0 bytes used by permanent object pool.
[2018.04.18-08.35.30:059][  0]LogUObjectArray: CloseDisregardForGC: 0/0 objects in disregard for GC pool
[2018.04.18-08.35.30:132][  0]LogInit: WinSock: version 1.1 (2.2), MaxSocks=32767, MaxUdp=65467
[2018.04.18-08.35.32:384][  0]LogMaterial: Missing cached shader map for material ArrowMaterial, compiling. 
[2018.04.18-08.35.32:436][  0]LogMaterial: Missing cached shader map for material KeyDiskMaterial, compiling. 
[2018.04.18-08.35.32:463][  0]LogMaterial: Missing cached shader map for material M_ContentWindow, compiling. 
[2018.04.18-08.35.32:530][  0]LogMaterial: Missing cached shader map for material GridPostProcess, compiling. 
[2018.04.18-08.35.32:551][  0]LogMaterial: Missing cached shader map for material VivePreControllerMaterial, compiling. 
[2018.04.18-08.35.32:587][  0]LogMaterial: Missing cached shader map for material OculusControllerMaterial, compiling. 
[2018.04.18-08.35.32:623][  0]LogMaterial: Missing cached shader map for material LaserPointerMaterial, compiling. 
[2018.04.18-08.35.32:660][  0]LogMaterial: Missing cached shader map for material LaserPointerMaterial, compiling. 
[2018.04.18-08.35.32:715][  0]LogMaterial: Missing cached shader map for material GridMaterial, compiling. 
[2018.04.18-08.35.32:737][  0]LogMaterial: Missing cached shader map for material VRTextMaterial, compiling. 
[2018.04.18-08.35.32:766][  0]LogMaterial: Missing cached shader map for material FlattenHeightMat, compiling. 
[2018.04.18-08.35.32:808][  0]LogMaterial: Missing cached shader map for material GenericHMDMaterial, compiling. 
[2018.04.18-08.35.32:850][  0]LogMaterial: Missing cached shader map for material TeleportDirectionMaterial, compiling. 
[2018.04.18-08.35.32:906][  0]LogMaterial: Missing cached shader map for material LineMaterial, compiling. 
[2018.04.18-08.35.32:926][  0]LogMaterial: Missing cached shader map for material VRTextMaterial, compiling. 
[2018.04.18-08.35.34:374][  0]LogMaterial: Missing cached shader map for material DefaultSpriteMaterial, compiling. 
[2018.04.18-08.35.34:406][  0]LogMaterial: Missing cached shader map for material DefaultSpriteMaterial, compiling. 
[2018.04.18-08.35.35:105][  0]LogTcpMessaging: Initializing TcpMessaging bridge
[2018.04.18-08.35.35:178][  0]LogUdpMessaging: Initializing bridge on interface 0.0.0.0:0 to multicast group 230.0.0.1:6666.
[2018.04.18-08.35.35:741][  0]LogMaterial: Missing cached shader map for material DefaultMaterial, compiling. 
[2018.04.18-08.35.36:478][  0]LogMaterial: Missing cached shader map for material BaseColor, compiling. 
[2018.04.18-08.35.36:479][  0]LogMaterial: Warning: D:\Epic Games\Epic Games\UE_4.18\Engine\Content\BufferVisualization\BaseColor.uasset: Failed to compile Material for platform PCD3D_SM5, Default Material will be used in game.
[2018.04.18-08.35.36:479][  0]LogMaterial: 	(Node SceneTexture) GBuffer scene textures not available with forward shading.
[2018.04.18-08.35.36:485][  0]LogMaterial: Missing cached shader map for material CustomDepth, compiling. 
[2018.04.18-08.35.36:537][  0]LogMaterial: Uniform references updated for custom material expression Custom.
[2018.04.18-08.35.36:543][  0]LogMaterial: Missing cached shader map for material CustomStencil, compiling. 
[2018.04.18-08.35.36:560][  0]LogMaterial: Missing cached shader map for material FinalImage, compiling. 
[2018.04.18-08.35.36:577][  0]LogMaterial: Missing cached shader map for material LightingModel, compiling. 
[2018.04.18-08.35.36:578][  0]LogMaterial: Warning: D:\Epic Games\Epic Games\UE_4.18\Engine\Content\BufferVisualization\LightingModel.uasset: Failed to compile Material for platform PCD3D_SM5, Default Material will be used in game.
[2018.04.18-08.35.36:578][  0]LogMaterial: 	(Node SceneTexture) GBuffer scene textures not available with forward shading.
[2018.04.18-08.35.36:584][  0]LogMaterial: Missing cached shader map for material MaterialAO, compiling. 
[2018.04.18-08.35.36:585][  0]LogMaterial: Warning: D:\Epic Games\Epic Games\UE_4.18\Engine\Content\BufferVisualization\MaterialAO.uasset: Failed to compile Material for platform PCD3D_SM5, Default Material will be used in game.
[2018.04.18-08.35.36:585][  0]LogMaterial: 	(Node SceneTexture) GBuffer scene textures not available with forward shading.
[2018.04.18-08.35.36:593][  0]LogMaterial: Missing cached shader map for material Metallic, compiling. 
[2018.04.18-08.35.36:594][  0]LogMaterial: Warning: D:\Epic Games\Epic Games\UE_4.18\Engine\Content\BufferVisualization\Metallic.uasset: Failed to compile Material for platform PCD3D_SM5, Default Material will be used in game.
[2018.04.18-08.35.36:594][  0]LogMaterial: 	(Node SceneTexture) GBuffer scene textures not available with forward shading.
[2018.04.18-08.35.36:599][  0]LogMaterial: Missing cached shader map for material Opacity, compiling. 
[2018.04.18-08.35.36:599][  0]LogMaterial: Warning: D:\Epic Games\Epic Games\UE_4.18\Engine\Content\BufferVisualization\Opacity.uasset: Failed to compile Material for platform PCD3D_SM5, Default Material will be used in game.
[2018.04.18-08.35.36:599][  0]LogMaterial: 	(Node SceneTexture) GBuffer scene textures not available with forward shading.
[2018.04.18-08.35.36:603][  0]LogMaterial: Missing cached shader map for material Roughness, compiling. 
[2018.04.18-08.35.36:604][  0]LogMaterial: Warning: D:\Epic Games\Epic Games\UE_4.18\Engine\Content\BufferVisualization\Roughness.uasset: Failed to compile Material for platform PCD3D_SM5, Default Material will be used in game.
[2018.04.18-08.35.36:604][  0]LogMaterial: 	(Node SceneTexture) GBuffer scene textures not available with forward shading.
[2018.04.18-08.35.36:608][  0]LogMaterial: Missing cached shader map for material SceneColor, compiling. 
[2018.04.18-08.35.36:629][  0]LogMaterial: Missing cached shader map for material SceneDepth, compiling. 
[2018.04.18-08.35.36:646][  0]LogMaterial: Missing cached shader map for material SeparateTranslucencyRGB, compiling. 
[2018.04.18-08.35.36:663][  0]LogMaterial: Missing cached shader map for material SeparateTranslucencyA, compiling. 
[2018.04.18-08.35.36:681][  0]LogMaterial: Missing cached shader map for material Specular, compiling. 
[2018.04.18-08.35.36:681][  0]LogMaterial: Warning: D:\Epic Games\Epic Games\UE_4.18\Engine\Content\BufferVisualization\Specular.uasset: Failed to compile Material for platform PCD3D_SM5, Default Material will be used in game.
[2018.04.18-08.35.36:681][  0]LogMaterial: 	(Node SceneTexture) GBuffer scene textures not available with forward shading.
[2018.04.18-08.35.36:687][  0]LogMaterial: Missing cached shader map for material SubsurfaceColor, compiling. 
[2018.04.18-08.35.36:688][  0]LogMaterial: Warning: D:\Epic Games\Epic Games\UE_4.18\Engine\Content\BufferVisualization\SubsurfaceColor.uasset: Failed to compile Material for platform PCD3D_SM5, Default Material will be used in game.
[2018.04.18-08.35.36:688][  0]LogMaterial: 	(Node SceneTexture) GBuffer scene textures not available with forward shading.
[2018.04.18-08.35.36:693][  0]LogMaterial: Missing cached shader map for material WorldNormal, compiling. 
[2018.04.18-08.35.36:694][  0]LogMaterial: Warning: D:\Epic Games\Epic Games\UE_4.18\Engine\Content\BufferVisualization\WorldNormal.uasset: Failed to compile Material for platform PCD3D_SM5, Default Material will be used in game.
[2018.04.18-08.35.36:694][  0]LogMaterial: 	(Node SceneTexture) GBuffer scene textures not available with forward shading.
[2018.04.18-08.35.36:703][  0]LogMaterial: Missing cached shader map for material AmbientOcclusion, compiling. 
[2018.04.18-08.35.36:735][  0]LogMaterial: Missing cached shader map for material CustomDepthWorldUnits, compiling. 
[2018.04.18-08.35.36:754][  0]LogMaterial: Missing cached shader map for material SceneDepthWorldUnits, compiling. 
[2018.04.18-08.35.36:771][  0]LogMaterial: Missing cached shader map for material PreTonemapHDRColor, compiling. 
[2018.04.18-08.35.36:788][  0]LogMaterial: Missing cached shader map for material PostTonemapHDRColor, compiling. 
[2018.04.18-08.35.37:436][  0]SourceControl: Source control is disabled
[2018.04.18-08.35.37:437][  0]SourceControl: Source control is disabled
[2018.04.18-08.35.37:533][  0]SourceControl: Source control is disabled
[2018.04.18-08.35.37:635][  0]SourceControl: Source control is disabled
[2018.04.18-08.35.38:587][  0]LogMaterial: Missing cached shader map for material DefaultMediaPlaneMaterial, compiling. 
[2018.04.18-08.35.39:093][  0]LogAndroidPermission: UAndroidPermissionCallbackProxy::GetInstance
[2018.04.18-08.35.39:581][  0]LogOcInput: OculusInput pre-init called
[2018.04.18-08.35.39:995][  0]LogMaterial: Missing cached shader map for material HighResScreenshot, compiling. 
[2018.04.18-08.35.40:027][  0]LogMaterial: Missing cached shader map for material HighResScreenshotMask, compiling. 
[2018.04.18-08.35.40:060][  0]LogMaterial: Missing cached shader map for material HighResScreenshotCaptureRegion, compiling. 
[2018.04.18-08.35.40:126][  0]LogEngine: Initializing Engine...
[2018.04.18-08.35.40:130][  0]LogHMD: Failed to initialize OpenVR with code 110
[2018.04.18-08.35.40:138][  0]LogMaterial: Missing cached shader map for material WireframeMaterial, compiling. Is special engine material.
[2018.04.18-08.35.40:513][  0]LogMaterial: Missing cached shader map for material LevelColorationLitMaterial, compiling. Is special engine material.
[2018.04.18-08.35.41:538][  0]LogMaterial: Missing cached shader map for material LevelColorationUnlitMaterial, compiling. Is special engine material.
[2018.04.18-08.35.41:844][  0]LogMaterial: Missing cached shader map for material MAT_LevelColorationLitLightmapUV, compiling. Is special engine material.
[2018.04.18-08.35.42:862][  0]LogMaterial: Missing cached shader map for material ShadedLevelColorationLitMaterial, compiling. Is special engine material.
[2018.04.18-08.35.43:878][  0]LogMaterial: Missing cached shader map for material ShadedLevelColorationUnlitMateri, compiling. Is special engine material.
[2018.04.18-08.35.44:179][  0]LogMaterial: Missing cached shader map for material VertexColorMaterial, compiling. 
[2018.04.18-08.35.44:334][  0]LogMaterial: Missing cached shader map for material VertexColorViewMode_ColorOnly, compiling. 
[2018.04.18-08.35.44:372][  0]LogMaterial: Missing cached shader map for material VertexColorViewMode_AlphaAsColor, compiling. 
[2018.04.18-08.35.44:403][  0]LogMaterial: Missing cached shader map for material VertexColorViewMode_RedOnly, compiling. 
[2018.04.18-08.35.44:435][  0]LogMaterial: Missing cached shader map for material VertexColorViewMode_GreenOnly, compiling. 
[2018.04.18-08.35.44:468][  0]LogMaterial: Missing cached shader map for material VertexColorViewMode_BlueOnly, compiling. 
[2018.04.18-08.35.44:499][  0]LogMaterial: Missing cached shader map for material RemoveSurfaceMaterial, compiling. 
[2018.04.18-08.35.44:516][  0]LogMaterial: Missing cached shader map for material DebugMeshMaterial, compiling. 
[2018.04.18-08.35.44:546][  0]LogMaterial: Missing cached shader map for material M_InvalidLightmapSettings, compiling. 
[2018.04.18-08.35.44:622][  0]LogMaterial: Missing cached shader map for material GizmoMaterial, compiling. 
[2018.04.18-08.35.44:651][  0]LogMaterial: Missing cached shader map for material PhAT_JointLimitMaterial, compiling. 
[2018.04.18-08.35.44:690][  0]LogMaterial: Missing cached shader map for material GeomMaterial, compiling. 
[2018.04.18-08.35.44:715][  0]LogMaterial: Missing cached shader map for material EditorBrushMaterial, compiling. 
[2018.04.18-08.35.44:747][  0]LogMaterial: Missing cached shader map for material BoneWeightMaterial, compiling. 
[2018.04.18-08.35.44:914][  0]LogMaterial: Missing cached shader map for material ClothMaterial, compiling. 
[2018.04.18-08.35.44:942][  0]LogMaterial: Missing cached shader map for material ClothMaterial_WF, compiling. 
[2018.04.18-08.35.44:978][  0]LogMaterial: Missing cached shader map for material DebugEditorMaterial, compiling. 
[2018.04.18-08.35.45:005][  0]LogMaterial: Missing cached shader map for material PreviewShadowIndicatorMaterial, compiling. 
[2018.04.18-08.35.45:176][  0]LogStats: UGameplayTagsManager::ConstructGameplayTagTree: Construct from data asset -  0.000 s
[2018.04.18-08.35.45:176][  0]LogStats: UGameplayTagsManager::ConstructGameplayTagTree: GameplayTagTreeChangedEvent.Broadcast -  0.000 s
[2018.04.18-08.35.45:384][  0]LogAIModule: Creating AISystem for world Untitled
[2018.04.18-08.35.45:396][  0]LogInit: XAudio2 using 'Speakers (Logitech G533 Gaming Headset)' : 6 channels at 48 kHz using 16 bits per sample (channel mask 0x3f)
[2018.04.18-08.35.45:432][  0]LogInit: FAudioDevice initialized.
[2018.04.18-08.35.45:540][  0]LogDerivedDataCache: Saved boot cache 0.11s 86MB C:/Users/ENDER/AppData/Local/UnrealEngine/4.18/DerivedDataCache/Boot.ddc.
[2018.04.18-08.35.45:566][  0]LogInit: Texture streaming: Enabled
[2018.04.18-08.35.45:727][  0]LogEngineSessionManager: EngineSessionManager initialized
[2018.04.18-08.35.45:944][  0]LogInit: Transaction tracking system initialized
[2018.04.18-08.35.46:444][  0]BlueprintLog: New page: Editor Load
[2018.04.18-08.35.47:917][  0]LocalizationService: Localization service is disabled
[2018.04.18-08.35.49:153][  0]LogConsoleResponse: Display: 
[2018.04.18-08.35.49:188][  0]LogMaterial: Missing cached shader map for material Cross_Mat, compiling. 
[2018.04.18-08.35.49:220][  0]LogMaterial: Missing cached shader map for material PhAT_BoneSelectedMaterial, compiling. 
[2018.04.18-08.35.49:244][  0]LogMaterial: Missing cached shader map for material PhAT_ElemSelectedMaterial, compiling. 
[2018.04.18-08.35.49:269][  0]LogMaterial: Missing cached shader map for material PhAT_NoCollisionMaterial, compiling. 
[2018.04.18-08.35.49:293][  0]LogMaterial: Missing cached shader map for material PhAT_UnselectedMaterial, compiling. 
[2018.04.18-08.35.49:322][  0]LogMaterial: Missing cached shader map for material Tick_Mat, compiling. 
[2018.04.18-08.35.49:359][  0]LogMaterial: Missing cached shader map for material WidgetGridVertexColorMaterial_Ma, compiling. 
[2018.04.18-08.35.49:384][  0]LogMaterial: Missing cached shader map for material WidgetMaterial, compiling. 
[2018.04.18-08.35.49:405][  0]LogMaterial: Missing cached shader map for material WidgetMaterial_Current, compiling. 
[2018.04.18-08.35.49:430][  0]LogMaterial: Missing cached shader map for material WidgetMaterial_X, compiling. 
[2018.04.18-08.35.49:453][  0]LogMaterial: Missing cached shader map for material WidgetMaterial_Y, compiling. 
[2018.04.18-08.35.49:477][  0]LogMaterial: Missing cached shader map for material WidgetMaterial_Z, compiling. 
[2018.04.18-08.35.49:501][  0]LogMaterial: Missing cached shader map for material WidgetVertexColorMaterial, compiling. 
[2018.04.18-08.35.49:583][  0]LogMaterial: Missing cached shader map for material LevelGridMaterial, compiling. 
[2018.04.18-08.35.49:669][  0]LogMaterial: Missing cached shader map for material BlinkingCaret, compiling. 
[2018.04.18-08.35.49:730][  0]LogMaterial: Missing cached shader map for material M_StreamingPause, compiling. 
[2018.04.18-08.35.49:776][  0]LogCook: Display: Max memory allowance for cook 16384mb min free memory 0mb
[2018.04.18-08.35.49:776][  0]LogCook: Display: Mobile HDR setting 1
[2018.04.18-08.35.49:776][  0]LogGameplayTags: Display: UGameplayTagsManager::DoneAddingNativeTags. DelegateIsBound: 0
[2018.04.18-08.35.50:497][  0]LogFileCache: Scanning file cache for directory 'C:/Users/ENDER/Documents/GitHub/SushiShop/SushiShop/Content/' took 0.02s
[2018.04.18-08.35.51:825][  0]SourceControl: Source control is disabled
[2018.04.18-08.35.51:825][  0]Cmd: MAP LOAD FILE="C:/Users/ENDER/Documents/GitHub/SushiShop/SushiShop/Content/VirtualRealityBP/Maps/StartupMap.umap" TEMPLATE=0 SHOWPROGRESS=1 FEATURELEVEL=3
[2018.04.18-08.35.51:826][  0]LightingResults: New page: Lighting Build
[2018.04.18-08.35.51:893][  0]MapCheck: New page: Map Check
[2018.04.18-08.35.51:893][  0]LightingResults: New page: Lighting Build
[2018.04.18-08.35.52:060][  0]LogMaterial: Missing cached shader map for material M_HandMat, compiling. 
[2018.04.18-08.35.52:153][  0]LogMaterial: Missing cached shader map for material M_TeleportPreviews, compiling. 
[2018.04.18-08.35.52:178][  0]LogMaterial: Missing cached shader map for material GenericHMDMaterial, compiling. 
[2018.04.18-08.35.52:231][  0]LogMaterial: Missing cached shader map for material M_ArcEndpoint, compiling. 
[2018.04.18-08.35.52:302][  0]LogMaterial: Missing cached shader map for material M_BaseMaterial, compiling. 
[2018.04.18-08.35.52:410][  0]LogAIModule: Creating AISystem for world StartupMap
[2018.04.18-08.35.53:131][  0]LogEditorServer: Finished looking for orphan Actors (0.000 secs)
[2018.04.18-08.35.53:152][  0]Cmd: MAP CHECKDEP NOCLEARLOG
[2018.04.18-08.35.53:253][  0]MapCheck: Map check complete: 0 Error(s), 0 Warning(s), took 100.328ms to complete.
[2018.04.18-08.35.53:253][  0]LogFileHelpers: Loading map 'StartupMap' took 1.428
[2018.04.18-08.35.53:647][  0]LogCollectionManager: Loaded 0 collections in 0.001597 seconds
[2018.04.18-08.35.53:802][  0]LogFileCache: Scanning file cache for directory 'C:/Users/ENDER/Documents/GitHub/SushiShop/SushiShop/Saved/Collections/' took 0.01s
[2018.04.18-08.35.53:803][  0]LogFileCache: Scanning file cache for directory 'C:/Users/ENDER/Documents/GitHub/SushiShop/SushiShop/Content/Developers/ENDER/Collections/' took 0.01s
[2018.04.18-08.35.53:803][  0]LogFileCache: Scanning file cache for directory 'C:/Users/ENDER/Documents/GitHub/SushiShop/SushiShop/Content/Collections/' took 0.01s
[2018.04.18-08.35.53:803][  0]LogCollectionManager: Rebuilt the GUID cache for 0 collections in 0.000001 seconds
[2018.04.18-08.35.53:818][  0]LogContentBrowser: Native class hierarchy populated in 0.0153 seconds. Added 2364 classes and 521 folders.
[2018.04.18-08.35.53:923][  0]LogContentBrowser: Native class hierarchy updated for 'WidgetCarousel' in 0.0004 seconds. Added 0 classes and 0 folders.
[2018.04.18-08.35.54:011][  0]LogContentBrowser: Native class hierarchy updated for 'AddContentDialog' in 0.0004 seconds. Added 0 classes and 0 folders.
[2018.04.18-08.35.54:109][  0]LogSlate: Took 0.000386 seconds to synchronously load lazily loaded font '../../../Engine/Content/Slate/Fonts/Roboto-Regular.ttf' (155K)
[2018.04.18-08.35.54:116][  0]LogSlate: Took 0.000408 seconds to synchronously load lazily loaded font '../../../Engine/Content/Slate/Fonts/Roboto-Bold.ttf' (160K)
[2018.04.18-08.35.54:119][  0]LogSlate: Took 0.000394 seconds to synchronously load lazily loaded font '../../../Engine/Content/Editor/Slate/Fonts/FontAwesome.ttf' (139K)
[2018.04.18-08.35.54:182][  0]LogMaterial: Missing cached shader map for material LevelGridMaterial2, compiling. 
[2018.04.18-08.35.54:298][  0]LogRenderer: Reallocating scene render targets to support 1228x708 Format 26 NumSamples 1 (Frame:1).
[2018.04.18-08.35.54:562][  0]LogContentBrowser: Native class hierarchy updated for 'HierarchicalLODOutliner' in 0.0004 seconds. Added 1 classes and 2 folders.
[2018.04.18-08.35.54:562][  0]LogLoad: (Engine Initialization) Total time: 136.84 seconds
[2018.04.18-08.35.54:562][  0]LogLoad: (Engine Initialization) Total Blueprint compile time: 0.00 seconds
[2018.04.18-08.35.54:562][  0]LogExternalProfiler: Found external profiler: VSPerf
[2018.04.18-08.35.54:562][  0]LogExternalProfiler: Using external profiler: VSPerf
[2018.04.18-08.35.54:572][  0]LogWindowsTextInputMethodSystem: Display: IME system now deactivated.
[2018.04.18-08.35.54:597][  0]LogContentStreaming: Texture pool size now 1000 MB
[2018.04.18-08.35.54:736][  2]LogAssetRegistry: Asset discovery search completed in 26.1902 seconds
[2018.04.18-08.35.54:741][  2]LogCollectionManager: Rebuilt the object cache for 0 collections in 0.000001 seconds (found 0 objects)
[2018.04.18-08.35.54:741][  2]LogCollectionManager: Fixed up redirectors for 0 collections in 0.000189 seconds (updated 0 objects)
[2018.04.18-08.35.55:682][ 69]LogSlate: Took 0.000609 seconds to synchronously load lazily loaded font '../../../Engine/Content/Slate/Fonts/Roboto-Light.ttf' (159K)
[2018.04.18-08.35.55:770][ 69]LogContentBrowser: Native class hierarchy updated for 'PhysicsAssetEditor' in 0.0004 seconds. Added 7 classes and 3 folders.
[2018.04.18-08.35.55:850][ 69]LogContentBrowser: Native class hierarchy updated for 'SkeletonEditor' in 0.0004 seconds. Added 1 classes and 2 folders.
[2018.04.18-08.35.56:059][ 69]LogMaterial: Missing cached shader map for material M_SkyBox, compiling. 
[2018.04.18-08.35.56:087][ 69]LogMaterial: Missing cached shader map for material GridMaterial, compiling. 
[2018.04.18-08.35.56:126][ 69]LogActorComponent: RegisterComponentWithWorld: (/Engine/Transient.World_0:PersistentLevel.Actor_0.PhysicsAssetEditorSkeletalMeshComponent_0) Already registered. Aborting.
[2018.04.18-08.35.56:703][ 69]LogMaterial: Missing cached shader map for material Tuna_M, compiling. 
[2018.04.18-08.35.56:802][ 69]LogMaterial: Missing cached shader map for material BasicShapeMaterial, compiling. 
[2018.04.18-08.35.57:617][ 69]LogContentBrowser: Native class hierarchy updated for 'BlueprintGraph' in 0.0013 seconds. Added 116 classes and 0 folders.
[2018.04.18-08.35.58:729][ 69]LogMaterial: Missing cached shader map for material PersonaFloorMat, compiling. 
[2018.04.18-08.35.58:917][ 69]LogSlate: Took 0.000477 seconds to synchronously load lazily loaded font '../../../Engine/Content/Editor/Slate/Fonts/Roboto-BoldCondensed.ttf' (158K)
[2018.04.18-08.35.59:062][ 69]LogContentBrowser: Native class hierarchy updated for 'ClothingSystemEditorInterface' in 0.0005 seconds. Added 1 classes and 0 folders.
[2018.04.18-08.35.59:092][ 69]LogRenderer: Reallocating scene render targets to support 1228x968 Format 26 NumSamples 1 (Frame:1).
[2018.04.18-08.40.38:478][174]LogMaterial: Missing cached shader map for material Salmon_M, compiling. 
[2018.04.18-08.40.38:701][174]LogMaterial: Missing cached shader map for material Rice_M, compiling. 
[2018.04.18-08.40.38:813][174]LogMaterial: Missing cached shader map for material bamboo_light_Mat, compiling. 
[2018.04.18-08.40.38:951][174]LogMaterial: Missing cached shader map for material M_ChromeBall, compiling. 
[2018.04.18-08.40.39:029][174]LogMaterial: Missing cached shader map for material Ground_DirtBrownTan, compiling. 
[2018.04.18-08.40.39:125][174]LogMaterial: Missing cached shader map for material stainlessSteel_M, compiling. 
[2018.04.18-08.40.39:182][174]LogMaterial: Missing cached shader map for material Water, compiling. 
[2018.04.18-08.40.39:327][174]LogMaterial: Missing cached shader map for material Water, compiling. 
[2018.04.18-08.40.39:467][174]LogMaterial: Missing cached shader map for material Glass_2_M, compiling. 
[2018.04.18-08.40.39:537][174]LogMaterial: Missing cached shader map for material Cobain, compiling. 
[2018.04.18-08.40.39:631][174]LogMaterial: Missing cached shader map for material Glass_2_M, compiling. 
[2018.04.18-08.40.39:699][174]LogMaterial: Missing cached shader map for material Tile_WoodAndTileOffsetPattern, compiling. 
[2018.04.18-08.40.39:749][174]LogMaterial: Missing cached shader map for material emissive_light_m, compiling. 
[2018.04.18-08.40.39:802][174]LogMaterial: Missing cached shader map for material Metal_BrushedSteel, compiling. 
[2018.04.18-08.40.39:852][174]LogMaterial: Missing cached shader map for material Metal_BrushedCopper, compiling. 
[2018.04.18-08.40.39:965][174]LogMaterial: Missing cached shader map for material M_SplineArcMat, compiling. 
[2018.04.18-08.40.40:002][174]LogMaterial: Missing cached shader map for material Ginger_M, compiling. 
[2018.04.18-08.40.40:160][174]LogMaterial: Missing cached shader map for material Wasabi_M, compiling. 
[2018.04.18-08.40.40:289][174]LogMaterial: Missing cached shader map for material Plates_M, compiling. 
[2018.04.18-08.40.40:496][174]LogMaterial: Missing cached shader map for material Group1Mat, compiling. 
[2018.04.18-08.40.40:585][174]LogSlate: Took 0.000350 seconds to synchronously load lazily loaded font '../../../Engine/Content/Slate/Fonts/Roboto-Regular.ttf' (155K)
[2018.04.18-08.40.40:629][174]LogMaterial: Missing cached shader map for material SushiBoat_M, compiling. 
[2018.04.18-08.40.40:793][174]LogAIModule: Creating AISystem for world Main
[2018.04.18-08.40.40:871][174]Cmd: MAP LOAD FILE="C:/Users/ENDER/Documents/GitHub/SushiShop/SushiShop/Content/SushiShop/Levels/Main.umap" TEMPLATE=0 SHOWPROGRESS=1 FEATURELEVEL=3
[2018.04.18-08.40.40:872][174]LightingResults: New page: Lighting Build
[2018.04.18-08.40.40:873][174]LoadErrors: New page: Loading map: Main.umap
[2018.04.18-08.40.40:874][174]MapCheck: New page: Map Check
[2018.04.18-08.40.40:874][174]LightingResults: New page: Lighting Build
[2018.04.18-08.40.41:089][174]LogEditorServer: Finished looking for orphan Actors (0.000 secs)
[2018.04.18-08.40.41:205][174]Cmd: MAP CHECKDEP NOCLEARLOG
[2018.04.18-08.40.41:363][174]MapCheck: Map check complete: 0 Error(s), 0 Warning(s), took 158.456ms to complete.
[2018.04.18-08.40.41:365][174]LogFileHelpers: Loading map 'Main' took 0.494
[2018.04.18-08.40.52:267][776]LogEditorViewport: Clicking on Actor (context menu): BP_Item_C (RiceBowlLid)
[2018.04.18-08.43.41:120][598]Cmd: DELETE
[2018.04.18-08.43.41:120][598]Cmd: ACTOR DELETE
[2018.04.18-08.43.41:124][598]LogEditorActor: Deleted Actor: PlanarReflection
[2018.04.18-08.43.41:145][598]LogEditorActor: Deleted 1 Actors (0.025 secs)
[2018.04.18-08.44.50:948][345]LogSlate: Took 0.000306 seconds to synchronously load lazily loaded font '../../../Engine/Content/Editor/Slate/Fonts/Roboto-Italic.ttf' (157K)
[2018.04.18-08.45.22:874][145]LogEditorActor: Deleted Actor: SphereReflectionCapture
[2018.04.18-08.45.22:893][145]LogEditorActor: Deleted 1 Actors (0.022 secs)
[2018.04.18-08.45.26:062][518]Cmd: OBJ SAVEPACKAGE PACKAGE="/Game/SushiShop/Levels/Main" FILE="C:/Users/ENDER/Documents/GitHub/SushiShop/SushiShop/Content/SushiShop/Levels/Main.umap" SILENT=true AUTOSAVING=false KEEPDIRTY=false
[2018.04.18-08.45.26:307][518]LogSavePackage: Save=209.08ms
[2018.04.18-08.45.26:307][518]LogSavePackage: Moving 'C:/Users/ENDER/Documents/GitHub/SushiShop/SushiShop/Saved/MainBE3645DE4786194EA24F51ABE57FBBC1.tmp' to 'C:/Users/ENDER/Documents/GitHub/SushiShop/SushiShop/Content/SushiShop/Levels/Main.umap'
[2018.04.18-08.45.26:310][518]LogSavePackage: Display: Finished SavePackage C:/Users/ENDER/Documents/GitHub/SushiShop/SushiShop/Content/SushiShop/Levels/Main.umap
[2018.04.18-08.45.26:364][518]Cmd: OBJ SAVEPACKAGE PACKAGE="/Game/SushiShop/Levels/Main_BuiltData" FILE="C:/Users/ENDER/Documents/GitHub/SushiShop/SushiShop/Content/SushiShop/Levels/Main_BuiltData.uasset" SILENT=true
[2018.04.18-08.45.26:589][518]LogSavePackage: Save=206.97ms
[2018.04.18-08.45.26:590][518]LogSavePackage: Moving 'C:/Users/ENDER/Documents/GitHub/SushiShop/SushiShop/Saved/Main_BuiltDataB0E7D6F4447AC014E7C6F3A47E805693.tmp' to 'C:/Users/ENDER/Documents/GitHub/SushiShop/SushiShop/Content/SushiShop/Levels/Main_BuiltData.uasset'
[2018.04.18-08.45.26:591][518]LogSavePackage: Display: Finished SavePackage C:/Users/ENDER/Documents/GitHub/SushiShop/SushiShop/Content/SushiShop/Levels/Main_BuiltData.uasset
[2018.04.18-08.45.27:672][599]Cmd: QUIT_EDITOR
[2018.04.18-08.45.27:686][599]LogWindowsTextInputMethodSystem: Display: IME system now deactivated.
[2018.04.18-08.45.27:697][599]LogExit: Preparing to exit.
[2018.04.18-08.45.28:527][599]PIE: UWidget::RemoveFromParent() called on '/Game/SushiShop/Levels/Main.Main:None' which has no UMG parent (if it was added directly to a native Slate widget via TakeWidget() then it must be removed explicitly rather than via RemoveFromParent())
[2018.04.18-08.45.28:563][599]LogExit: Editor shut down
[2018.04.18-08.45.28:568][599]LogExit: Transaction tracking system shut down
[2018.04.18-08.45.28:705][599]LogDirectoryWatcher: A directory notification for '../../../Engine/Content/' was aborted.
[2018.04.18-08.45.28:705][599]LogDirectoryWatcher: A directory notification for 'C:/Users/ENDER/Documents/GitHub/SushiShop/SushiShop/Content/' was aborted.
[2018.04.18-08.45.28:705][599]LogDirectoryWatcher: A directory notification for '../../../Engine/Plugins/2D/Paper2D/Content/' was aborted.
[2018.04.18-08.45.28:705][599]LogDirectoryWatcher: A directory notification for '../../../Engine/Plugins/Media/MediaCompositing/Content/' was aborted.
[2018.04.18-08.45.28:705][599]LogDirectoryWatcher: A directory notification for '../../../Engine/Plugins/Runtime/AppleARKit/Content/' was aborted.
[2018.04.18-08.45.28:705][599]LogDirectoryWatcher: A directory notification for '../../../Engine/Plugins/Runtime/Oculus/OculusVR/Content/' was aborted.
[2018.04.18-08.45.28:705][599]LogDirectoryWatcher: A directory notification for '../../../Engine/Plugins/Runtime/Steam/SteamVR/Content/' was aborted.
[2018.04.18-08.45.28:793][599]LogExit: Object subsystem successfully closed.
[2018.04.18-08.45.28:828][599]LogD3D11RHI: Shutdown
[2018.04.18-08.45.28:828][599]LogD3D11RHI: CleanupD3DDevice
[2018.04.18-08.45.28:831][599]LogD3D11RHI: ~FD3D11DynamicRHI
[2018.04.18-08.45.28:838][599]LogModuleManager: Shutting down and abandoning module ClothingSystemEditorInterface (556)
[2018.04.18-08.45.28:838][599]LogModuleManager: Shutting down and abandoning module BlueprintGraph (554)
[2018.04.18-08.45.28:838][599]LogModuleManager: Shutting down and abandoning module SkeletonEditor (552)
[2018.04.18-08.45.28:838][599]LogModuleManager: Shutting down and abandoning module PhysicsAssetEditor (550)
[2018.04.18-08.45.28:838][599]LogModuleManager: Shutting down and abandoning module HierarchicalLODOutliner (548)
[2018.04.18-08.45.28:838][599]LogModuleManager: Shutting down and abandoning module AddContentDialog (546)
[2018.04.18-08.45.28:838][599]LogDirectoryWatcher: A directory notification for 'D:/Epic Games/Epic Games/UE_4.18/FeaturePacks/' was aborted.
[2018.04.18-08.45.28:839][599]LogModuleManager: Shutting down and abandoning module WidgetCarousel (545)
[2018.04.18-08.45.28:839][599]LogModuleManager: Shutting down and abandoning module EditorWidgets (542)
[2018.04.18-08.45.28:839][599]LogModuleManager: Shutting down and abandoning module CollectionManager (540)
[2018.04.18-08.45.28:839][599]LogDirectoryWatcher: A directory notification for 'C:/Users/ENDER/Documents/GitHub/SushiShop/SushiShop/Content/Collections/' was aborted.
[2018.04.18-08.45.28:839][599]LogDirectoryWatcher: A directory notification for 'C:/Users/ENDER/Documents/GitHub/SushiShop/SushiShop/Content/Developers/ENDER/Collections/' was aborted.
[2018.04.18-08.45.28:840][599]LogDirectoryWatcher: A directory notification for 'C:/Users/ENDER/Documents/GitHub/SushiShop/SushiShop/Saved/Collections/' was aborted.
[2018.04.18-08.45.28:840][599]LogModuleManager: Shutting down and abandoning module SceneOutliner (538)
[2018.04.18-08.45.28:840][599]LogModuleManager: Shutting down and abandoning module StatsViewer (536)
[2018.04.18-08.45.28:840][599]LogModuleManager: Shutting down and abandoning module FoliageEdit (534)
[2018.04.18-08.45.28:840][599]LogModuleManager: Shutting down and abandoning module LandscapeEditor (532)
[2018.04.18-08.45.28:840][599]LogModuleManager: Shutting down and abandoning module MeshPaintMode (530)
[2018.04.18-08.45.28:840][599]LogModuleManager: Shutting down and abandoning module SceneDepthPickerMode (528)
[2018.04.18-08.45.28:840][599]LogModuleManager: Shutting down and abandoning module ActorPickerMode (526)
[2018.04.18-08.45.28:840][599]LogModuleManager: Shutting down and abandoning module GeometryMode (524)
[2018.04.18-08.45.28:840][599]LogModuleManager: Shutting down and abandoning module TextureAlignMode (522)
[2018.04.18-08.45.28:840][599]LogModuleManager: Shutting down and abandoning module BspMode (520)
[2018.04.18-08.45.28:840][599]LogModuleManager: Shutting down and abandoning module PIEPreviewDeviceProfileSelector (518)
[2018.04.18-08.45.28:840][599]LogModuleManager: Shutting down and abandoning module HardwareSurvey (516)
[2018.04.18-08.45.28:840][599]LogModuleManager: Shutting down and abandoning module SequenceRecorderSections (514)
[2018.04.18-08.45.28:840][599]LogModuleManager: Shutting down and abandoning module AutomationWorker (512)
[2018.04.18-08.45.28:840][599]LogModuleManager: Shutting down and abandoning module MatineeToLevelSequence (510)
[2018.04.18-08.45.28:840][599]LogModuleManager: Shutting down and abandoning module LevelSequenceEditor (508)
[2018.04.18-08.45.28:840][599]LogModuleManager: Shutting down and abandoning module PlacementMode (507)
[2018.04.18-08.45.28:841][599]LogModuleManager: Shutting down and abandoning module WmfMediaFactory (504)
[2018.04.18-08.45.28:841][599]LogModuleManager: Shutting down and abandoning module WmfMediaEditor (502)
[2018.04.18-08.45.28:841][599]LogModuleManager: Shutting down and abandoning module OpenExrWrapper (500)
[2018.04.18-08.45.28:841][599]LogModuleManager: Shutting down and abandoning module ImgMediaFactory (498)
[2018.04.18-08.45.28:841][599]LogModuleManager: Shutting down and abandoning module ImgMediaEditor (496)
[2018.04.18-08.45.28:841][599]LogModuleManager: Shutting down and abandoning module AvfMediaFactory (494)
[2018.04.18-08.45.28:841][599]LogModuleManager: Shutting down and abandoning module AvfMediaEditor (492)
[2018.04.18-08.45.28:841][599]LogModuleManager: Shutting down and abandoning module AndroidMediaFactory (490)
[2018.04.18-08.45.28:841][599]LogModuleManager: Shutting down and abandoning module AndroidMediaEditor (488)
[2018.04.18-08.45.28:841][599]LogModuleManager: Shutting down and abandoning module CharacterAI (486)
[2018.04.18-08.45.28:841][599]LogModuleManager: Shutting down and abandoning module AudioCapture (484)
[2018.04.18-08.45.28:841][599]LogModuleManager: Shutting down and abandoning module SequenceRecorder (483)
[2018.04.18-08.45.28:841][599]LogModuleManager: Shutting down and abandoning module SmartSnapping (480)
[2018.04.18-08.45.28:841][599]LogModuleManager: Shutting down and abandoning module SessionServices (478)
[2018.04.18-08.45.28:841][599]LogModuleManager: Shutting down and abandoning module ViewportSnapping (476)
[2018.04.18-08.45.28:841][599]LogModuleManager: Shutting down and abandoning module ViewportInteraction (474)
[2018.04.18-08.45.28:841][599]LogModuleManager: Shutting down and abandoning module ClothPainter (472)
[2018.04.18-08.45.28:841][599]LogModuleManager: Shutting down and abandoning module SkeletalMeshEditor (471)
[2018.04.18-08.45.28:841][599]LogModuleManager: Shutting down and abandoning module LogVisualizer (468)
[2018.04.18-08.45.28:841][599]LogModuleManager: Shutting down and abandoning module IntroTutorials (466)
[2018.04.18-08.45.28:841][599]LogModuleManager: Shutting down and abandoning module GameProjectGeneration (465)
[2018.04.18-08.45.28:841][599]LogModuleManager: Shutting down and abandoning module IOSPlatformEditor (462)
[2018.04.18-08.45.28:841][599]LogModuleManager: Shutting down and abandoning module HTML5PlatformEditor (460)
[2018.04.18-08.45.28:841][599]LogModuleManager: Shutting down and abandoning module AndroidPlatformEditor (458)
[2018.04.18-08.45.28:841][599]LogModuleManager: Shutting down and abandoning module AndroidDeviceDetection (457)
[2018.04.18-08.45.28:866][599]LogModuleManager: Shutting down and abandoning module WindowsPlatformEditor (454)
[2018.04.18-08.45.28:866][599]LogModuleManager: Shutting down and abandoning module IOSRuntimeSettings (452)
[2018.04.18-08.45.28:866][599]LogModuleManager: Shutting down and abandoning module AndroidRuntimeSettings (450)
[2018.04.18-08.45.28:866][599]LogModuleManager: Shutting down and abandoning module InputBindingEditor (448)
[2018.04.18-08.45.28:866][599]LogModuleManager: Shutting down and abandoning module MergeActors (446)
[2018.04.18-08.45.28:866][599]LogModuleManager: Shutting down and abandoning module SizeMap (444)
[2018.04.18-08.45.28:866][599]LogModuleManager: Shutting down and abandoning module TreeMap (442)
[2018.04.18-08.45.28:866][599]LogModuleManager: Shutting down and abandoning module ReferenceViewer (440)
[2018.04.18-08.45.28:866][599]LogModuleManager: Shutting down and abandoning module LocalizationDashboard (438)
[2018.04.18-08.45.28:866][599]LogModuleManager: Shutting down and abandoning module LocalizationService (437)
[2018.04.18-08.45.28:866][599]LogModuleManager: Shutting down and abandoning module HardwareTargeting (434)
[2018.04.18-08.45.28:866][599]LogModuleManager: Shutting down and abandoning module DeviceProfileEditor (432)
[2018.04.18-08.45.28:866][599]LogModuleManager: Shutting down and abandoning module UndoHistory (430)
[2018.04.18-08.45.28:866][599]LogModuleManager: Shutting down and abandoning module XmlParser (428)
[2018.04.18-08.45.28:866][599]LogModuleManager: Shutting down and abandoning module Blutility (426)
[2018.04.18-08.45.28:867][599]LogModuleManager: Shutting down and abandoning module ProjectSettingsViewer (424)
[2018.04.18-08.45.28:867][599]LogModuleManager: Shutting down and abandoning module ProjectTargetPlatformEditor (423)
[2018.04.18-08.45.28:867][599]LogModuleManager: Shutting down and abandoning module EditorSettingsViewer (420)
[2018.04.18-08.45.28:867][599]LogModuleManager: Shutting down and abandoning module SettingsEditor (418)
[2018.04.18-08.45.28:867][599]LogModuleManager: Shutting down and abandoning module ProjectLauncher (416)
[2018.04.18-08.45.28:867][599]LogModuleManager: Shutting down and abandoning module SessionFrontend (414)
[2018.04.18-08.45.28:867][599]LogModuleManager: Shutting down and abandoning module ProfilerClient (412)
[2018.04.18-08.45.28:867][599]LogModuleManager: Shutting down and abandoning module DeviceManager (410)
[2018.04.18-08.45.28:867][599]LogModuleManager: Shutting down and abandoning module TargetDeviceServices (409)
[2018.04.18-08.45.28:921][599]LogModuleManager: Shutting down and abandoning module AutomationController (406)
[2018.04.18-08.45.28:921][599]LogModuleManager: Shutting down and abandoning module AutomationWindow (404)
[2018.04.18-08.45.28:921][599]LogModuleManager: Shutting down and abandoning module Layers (402)
[2018.04.18-08.45.28:921][599]LogModuleManager: Shutting down and abandoning module ComponentVisualizers (400)
[2018.04.18-08.45.28:921][599]LogModuleManager: Shutting down and abandoning module DetailCustomizations (398)
[2018.04.18-08.45.28:921][599]LogModuleManager: Shutting down and abandoning module PackagesDialog (396)
[2018.04.18-08.45.28:921][599]LogModuleManager: Shutting down and abandoning module Persona (394)
[2018.04.18-08.45.28:921][599]LogModuleManager: Shutting down and abandoning module AdvancedPreviewScene (393)
[2018.04.18-08.45.28:921][599]LogModuleManager: Shutting down and abandoning module AnimGraph (391)
[2018.04.18-08.45.28:921][599]LogModuleManager: Shutting down and abandoning module Kismet (388)
[2018.04.18-08.45.28:928][599]LogModuleManager: Shutting down and abandoning module ClassViewer (386)
[2018.04.18-08.45.28:928][599]LogModuleManager: Shutting down and abandoning module Toolbox (384)
[2018.04.18-08.45.28:928][599]LogModuleManager: Shutting down and abandoning module ModuleUI (382)
[2018.04.18-08.45.28:928][599]LogModuleManager: Shutting down and abandoning module MovieSceneTools (380)
[2018.04.18-08.45.28:928][599]LogModuleManager: Shutting down and abandoning module OutputLog (378)
[2018.04.18-08.45.28:928][599]LogModuleManager: Shutting down and abandoning module GammaUI (376)
[2018.04.18-08.45.28:928][599]LogModuleManager: Shutting down and abandoning module Documentation (374)
[2018.04.18-08.45.28:928][599]LogModuleManager: Shutting down and abandoning module MovieSceneTracks (372)
[2018.04.18-08.45.28:928][599]LogModuleManager: Shutting down and abandoning module MovieScene (370)
[2018.04.18-08.45.28:928][599]LogModuleManager: Shutting down and abandoning module StreamingPauseRendering (368)
[2018.04.18-08.45.28:928][599]LogModuleManager: Shutting down and abandoning module LauncherPlatform (366)
[2018.04.18-08.45.28:928][599]LogModuleManager: Shutting down and abandoning module AnalyticsET (364)
[2018.04.18-08.45.28:928][599]LogModuleManager: Shutting down and abandoning module PortalServices (362)
[2018.04.18-08.45.28:928][599]LogModuleManager: Shutting down and abandoning module PortalRpc (360)
[2018.04.18-08.45.28:928][599]LogModuleManager: Shutting down and abandoning module MessagingRpc (358)
[2018.04.18-08.45.28:928][599]LogModuleManager: Shutting down and abandoning module AIModule (356)
[2018.04.18-08.45.28:928][599]LogModuleManager: Shutting down and abandoning module GameplayDebugger (355)
[2018.04.18-08.45.28:928][599]LogModuleManager: Shutting down and abandoning module AITestSuite (353)
[2018.04.18-08.45.28:928][599]LogModuleManager: Shutting down and abandoning module DesktopPlatform (350)
[2018.04.18-08.45.28:928][599]LogModuleManager: Shutting down and abandoning module ProfilerService (348)
[2018.04.18-08.45.29:037][599]LogModuleManager: Shutting down and abandoning module TaskGraph (346)
[2018.04.18-08.45.29:037][599]LogModuleManager: Shutting down and abandoning module SteamVRController (344)
[2018.04.18-08.45.29:037][599]LogModuleManager: Shutting down and abandoning module ProceduralMeshComponentEditor (342)
[2018.04.18-08.45.29:037][599]LogModuleManager: Shutting down and abandoning module ProceduralMeshComponent (340)
[2018.04.18-08.45.29:037][599]LogModuleManager: Shutting down and abandoning module OculusInput (338)
[2018.04.18-08.45.29:037][599]LogModuleManager: Shutting down and abandoning module MobilePatchingUtils (336)
[2018.04.18-08.45.29:037][599]LogModuleManager: Shutting down and abandoning module CustomMeshComponent (334)
[2018.04.18-08.45.29:037][599]LogModuleManager: Shutting down and abandoning module CableComponent (332)
[2018.04.18-08.45.29:037][599]LogModuleManager: Shutting down and abandoning module ArchVisCharacter (330)
[2018.04.18-08.45.29:038][599]LogModuleManager: Shutting down and abandoning module AndroidPermission (328)
[2018.04.18-08.45.29:038][599]LogModuleManager: Shutting down and abandoning module ActorSequence (324)
[2018.04.18-08.45.29:038][599]LogModuleManager: Shutting down and abandoning module MediaPlayerEditor (322)
[2018.04.18-08.45.29:038][599]LogModuleManager: Shutting down and abandoning module MediaCompositingEditor (320)
[2018.04.18-08.45.29:038][599]LogModuleManager: Shutting down and abandoning module MediaCompositing (318)
[2018.04.18-08.45.29:038][599]LogModuleManager: Shutting down and abandoning module HTML5Networking (316)
[2018.04.18-08.45.29:038][599]LogModuleManager: Shutting down and abandoning module AlembicImporter (314)
[2018.04.18-08.45.29:038][599]LogModuleManager: Shutting down and abandoning module AlembicLibrary (313)
[2018.04.18-08.45.29:038][599]LogModuleManager: Shutting down and abandoning module GeometryCache (312)
[2018.04.18-08.45.29:038][599]LogModuleManager: Shutting down and abandoning module GeometryCacheEd (311)
[2018.04.18-08.45.29:038][599]LogModuleManager: Shutting down and abandoning module SpeedTreeImporter (306)
[2018.04.18-08.45.29:038][599]LogModuleManager: Shutting down and abandoning module PluginBrowser (304)
[2018.04.18-08.45.29:038][599]LogModuleManager: Shutting down and abandoning module MobileLauncherProfileWizard (302)
[2018.04.18-08.45.29:038][599]LogModuleManager: Shutting down and abandoning module VisualStudioSourceCodeAccess (300)
[2018.04.18-08.45.29:038][599]LogModuleManager: Shutting down and abandoning module VisualStudioCodeSourceCodeAccess (298)
[2018.04.18-08.45.29:038][599]LogModuleManager: Shutting down and abandoning module UObjectPlugin (296)
[2018.04.18-08.45.29:038][599]LogModuleManager: Shutting down and abandoning module SubversionSourceControl (294)
[2018.04.18-08.45.29:038][599]LogModuleManager: Shutting down and abandoning module PerforceSourceControl (292)
[2018.04.18-08.45.29:038][599]LogModuleManager: Shutting down and abandoning module GitSourceControl (290)
[2018.04.18-08.45.29:038][599]LogModuleManager: Shutting down and abandoning module SourceControl (289)
[2018.04.18-08.45.29:038][599]LogModuleManager: Shutting down and abandoning module LightPropagationVolumeEditor (286)
[2018.04.18-08.45.29:038][599]LogModuleManager: Shutting down and abandoning module PaperTiledImporter (284)
[2018.04.18-08.45.29:038][599]LogModuleManager: Shutting down and abandoning module PaperSpriteSheetImporter (282)
[2018.04.18-08.45.29:038][599]LogModuleManager: Shutting down and abandoning module Paper2DEditor (280)
[2018.04.18-08.45.29:038][599]LogModuleManager: Shutting down and abandoning module MeshPaint (279)
[2018.04.18-08.45.29:038][599]LogModuleManager: Shutting down and abandoning module LevelEditor (277)
[2018.04.18-08.45.29:039][599]LogModuleManager: Shutting down and abandoning module PixelInspectorModule (276)
[2018.04.18-08.45.29:039][599]LogModuleManager: Shutting down and abandoning module MainFrame (274)
[2018.04.18-08.45.29:039][599]LogModuleManager: Shutting down and abandoning module HotReload (273)
[2018.04.18-08.45.29:039][599]LogModuleManager: Shutting down and abandoning module RuntimePhysXCooking (268)
[2018.04.18-08.45.29:039][599]LogModuleManager: Shutting down and abandoning module PhysXVehiclesEditor (266)
[2018.04.18-08.45.29:039][599]LogModuleManager: Shutting down and abandoning module PhysXVehicles (264)
[2018.04.18-08.45.29:039][599]LogModuleManager: Shutting down and abandoning module OculusEditor (262)
[2018.04.18-08.45.29:039][599]LogModuleManager: Shutting down and abandoning module LocationServicesBPLibrary (260)
[2018.04.18-08.45.29:040][599]LogModuleManager: Shutting down and abandoning module ImmediatePhysicsEditor (258)
[2018.04.18-08.45.29:040][599]LogModuleManager: Shutting down and abandoning module ImmediatePhysics (256)
[2018.04.18-08.45.29:040][599]LogModuleManager: Shutting down and abandoning module UdpMessaging (254)
[2018.04.18-08.45.29:141][599]LogModuleManager: Shutting down and abandoning module TcpMessaging (252)
[2018.04.18-08.45.29:426][599]LogModuleManager: Shutting down and abandoning module GameplayTagsEditor (250)
[2018.04.18-08.45.29:426][599]LogModuleManager: Shutting down and abandoning module FacialAnimationEditor (248)
[2018.04.18-08.45.29:426][599]LogModuleManager: Shutting down and abandoning module FacialAnimation (246)
[2018.04.18-08.45.29:426][599]LogModuleManager: Shutting down and abandoning module AssetManagerEditor (244)
[2018.04.18-08.45.29:427][599]LogModuleManager: Shutting down and abandoning module GraphEditor (243)
[2018.04.18-08.45.29:427][599]LogModuleManager: Shutting down and abandoning module ContentBrowser (241)
[2018.04.18-08.45.29:428][599]LogModuleManager: Shutting down and abandoning module LightPropagationVolumeRuntime (238)
[2018.04.18-08.45.29:428][599]LogModuleManager: Shutting down and abandoning module Paper2D (236)
[2018.04.18-08.45.29:428][599]LogModuleManager: Shutting down and abandoning module WindowsMoviePlayer (234)
[2018.04.18-08.45.29:428][599]LogModuleManager: Shutting down and abandoning module WmfMedia (232)
[2018.04.18-08.45.29:430][599]LogModuleManager: Shutting down and abandoning module ImgMedia (230)
[2018.04.18-08.45.29:430][599]LogModuleManager: Shutting down and abandoning module PacketHandler (228)
[2018.04.18-08.45.29:430][599]LogModuleManager: Shutting down and abandoning module ClothingSystemEditor (226)
[2018.04.18-08.45.29:430][599]LogModuleManager: Shutting down and abandoning module ClothingSystemRuntime (224)
[2018.04.18-08.45.29:430][599]LogModuleManager: Shutting down and abandoning module MediaAssets (222)
[2018.04.18-08.45.29:430][599]LogModuleManager: Shutting down and abandoning module Media (221)
[2018.04.18-08.45.29:436][599]LogModuleManager: Shutting down and abandoning module Overlay (218)
[2018.04.18-08.45.29:436][599]LogModuleManager: Shutting down and abandoning module OverlayEditor (217)
[2018.04.18-08.45.29:436][599]LogModuleManager: Shutting down and abandoning module VREditor (214)
[2018.04.18-08.45.29:436][599]LogModuleManager: Shutting down and abandoning module StringTableEditor (212)
[2018.04.18-08.45.29:436][599]LogModuleManager: Shutting down and abandoning module GameplayTasksEditor (210)
[2018.04.18-08.45.29:436][599]LogModuleManager: Shutting down and abandoning module BehaviorTreeEditor (208)
[2018.04.18-08.45.29:436][599]LogModuleManager: Shutting down and abandoning module FunctionalTesting (206)
[2018.04.18-08.45.29:436][599]LogModuleManager: Shutting down and abandoning module CollisionAnalyzer (204)
[2018.04.18-08.45.29:436][599]LogModuleManager: Shutting down and abandoning module WorkspaceMenuStructure (203)
[2018.04.18-08.45.29:436][599]LogModuleManager: Shutting down and abandoning module UMG (200)
[2018.04.18-08.45.29:436][599]LogModuleManager: Shutting down and abandoning module UMGEditor (199)
[2018.04.18-08.45.29:436][599]LogModuleManager: Shutting down and abandoning module Sequencer (198)
[2018.04.18-08.45.29:436][599]LogModuleManager: Shutting down and abandoning module MessageLog (195)
[2018.04.18-08.45.29:436][599]LogModuleManager: Shutting down and abandoning module SlateReflector (190)
[2018.04.18-08.45.29:437][599]LogModuleManager: Shutting down and abandoning module Slate (188)
[2018.04.18-08.45.29:437][599]LogModuleManager: Shutting down and abandoning module EditorStyle (186)
[2018.04.18-08.45.29:438][599]LogModuleManager: Shutting down and abandoning module MRMesh (184)
[2018.04.18-08.45.29:438][599]LogModuleManager: Shutting down and abandoning module SourceCodeAccess (182)
[2018.04.18-08.45.29:438][599]LogModuleManager: Shutting down and abandoning module HeadMountedDisplay (180)
[2018.04.18-08.45.29:438][599]LogModuleManager: Shutting down and abandoning module XAudio2 (178)
[2018.04.18-08.45.29:438][599]LogModuleManager: Shutting down and abandoning module Networking (176)
[2018.04.18-08.45.29:438][599]LogModuleManager: Shutting down and abandoning module Core (172)
[2018.04.18-08.45.29:438][599]LogModuleManager: Shutting down and abandoning module LevelSequence (168)
[2018.04.18-08.45.29:438][599]LogModuleManager: Shutting down and abandoning module DirectoryWatcher (166)
[2018.04.18-08.45.29:439][599]LogModuleManager: Shutting down and abandoning module KismetCompiler (164)
[2018.04.18-08.45.29:439][599]LogModuleManager: Shutting down and abandoning module MeshUtilities (162)
[2018.04.18-08.45.29:439][599]LogModuleManager: Shutting down and abandoning module MeshMergeUtilities (161)
[2018.04.18-08.45.29:439][599]LogModuleManager: Shutting down and abandoning module MeshReductionInterface (160)
[2018.04.18-08.45.29:439][599]LogModuleManager: Shutting down and abandoning module SimplygonSwarm (159)
[2018.04.18-08.45.29:439][599]LogModuleManager: Shutting down and abandoning module SimplygonMeshReduction (157)
[2018.04.18-08.45.29:439][599]LogModuleManager: Shutting down and abandoning module QuadricMeshReduction (155)
[2018.04.18-08.45.29:439][599]LogModuleManager: Shutting down and abandoning module MaterialBaking (151)
[2018.04.18-08.45.29:439][599]LogModuleManager: Shutting down and abandoning module DerivedDataCache (148)
[2018.04.18-08.45.29:458][599]LogDerivedDataCache: Shutdown
[2018.04.18-08.45.29:458][599]LogModuleManager: Shutting down and abandoning module TargetPlatform (146)
[2018.04.18-08.45.29:458][599]LogModuleManager: Shutting down and abandoning module VulkanShaderFormat (145)
[2018.04.18-08.45.29:458][599]LogModuleManager: Shutting down and abandoning module ShaderFormatVectorVM (143)
[2018.04.18-08.45.29:458][599]LogModuleManager: Shutting down and abandoning module ShaderFormatOpenGL (141)
[2018.04.18-08.45.29:458][599]LogModuleManager: Shutting down and abandoning module ShaderFormatD3D (139)
[2018.04.18-08.45.29:458][599]LogModuleManager: Shutting down and abandoning module MetalShaderFormat (137)
[2018.04.18-08.45.29:458][599]LogModuleManager: Shutting down and abandoning module TextureFormatUncompressed (135)
[2018.04.18-08.45.29:458][599]LogModuleManager: Shutting down and abandoning module TextureFormatPVR (133)
[2018.04.18-08.45.29:458][599]LogModuleManager: Shutting down and abandoning module TextureFormatDXT (131)
[2018.04.18-08.45.29:458][599]LogModuleManager: Shutting down and abandoning module TextureFormatIntelISPCTexComp (129)
[2018.04.18-08.45.29:458][599]LogModuleManager: Shutting down and abandoning module TextureFormatASTC (127)
[2018.04.18-08.45.29:458][599]LogModuleManager: Shutting down and abandoning module ImageWrapper (126)
[2018.04.18-08.45.29:458][599]LogModuleManager: Shutting down and abandoning module TextureFormatAndroid (123)
[2018.04.18-08.45.29:458][599]LogModuleManager: Shutting down and abandoning module AudioFormatOpus (121)
[2018.04.18-08.45.29:458][599]LogModuleManager: Shutting down and abandoning module AudioFormatOgg (119)
[2018.04.18-08.45.29:458][599]LogModuleManager: Shutting down and abandoning module AudioFormatADPCM (117)
[2018.04.18-08.45.29:458][599]LogModuleManager: Shutting down and abandoning module LinuxTargetPlatform (115)
[2018.04.18-08.45.29:458][599]LogModuleManager: Shutting down and abandoning module LinuxServerTargetPlatform (113)
[2018.04.18-08.45.29:458][599]LogModuleManager: Shutting down and abandoning module LinuxNoEditorTargetPlatform (111)
[2018.04.18-08.45.29:459][599]LogModuleManager: Shutting down and abandoning module LinuxClientTargetPlatform (109)
[2018.04.18-08.45.29:459][599]LogModuleManager: Shutting down and abandoning module TVOSTargetPlatform (107)
[2018.04.18-08.45.29:459][599]LogModuleManager: Shutting down and abandoning module Messaging (105)
[2018.04.18-08.45.29:459][599]LogModuleManager: Shutting down and abandoning module IOSTargetPlatform (103)
[2018.04.18-08.45.29:459][599]LogModuleManager: Shutting down and abandoning module HTML5TargetPlatform (101)
[2018.04.18-08.45.29:459][599]LogModuleManager: Shutting down and abandoning module AndroidTargetPlatform (99)
[2018.04.18-08.45.29:459][599]LogModuleManager: Shutting down and abandoning module Android_PVRTCTargetPlatform (97)
[2018.04.18-08.45.29:459][599]LogModuleManager: Shutting down and abandoning module Android_MultiTargetPlatform (95)
[2018.04.18-08.45.29:459][599]LogModuleManager: Shutting down and abandoning module Android_ETC2TargetPlatform (93)
[2018.04.18-08.45.29:459][599]LogModuleManager: Shutting down and abandoning module Android_ETC1TargetPlatform (91)
[2018.04.18-08.45.29:459][599]LogModuleManager: Shutting down and abandoning module Android_DXTTargetPlatform (89)
[2018.04.18-08.45.29:459][599]LogModuleManager: Shutting down and abandoning module Android_ATCTargetPlatform (87)
[2018.04.18-08.45.29:459][599]LogModuleManager: Shutting down and abandoning module Android_ASTCTargetPlatform (85)
[2018.04.18-08.45.29:459][599]LogModuleManager: Shutting down and abandoning module WindowsTargetPlatform (83)
[2018.04.18-08.45.29:459][599]LogModuleManager: Shutting down and abandoning module WindowsServerTargetPlatform (81)
[2018.04.18-08.45.29:459][599]LogModuleManager: Shutting down and abandoning module WindowsNoEditorTargetPlatform (79)
[2018.04.18-08.45.29:459][599]LogModuleManager: Shutting down and abandoning module WindowsClientTargetPlatform (77)
[2018.04.18-08.45.29:459][599]LogModuleManager: Shutting down and abandoning module MacTargetPlatform (75)
[2018.04.18-08.45.29:459][599]LogModuleManager: Shutting down and abandoning module MacServerTargetPlatform (73)
[2018.04.18-08.45.29:459][599]LogModuleManager: Shutting down and abandoning module MacNoEditorTargetPlatform (71)
[2018.04.18-08.45.29:459][599]LogModuleManager: Shutting down and abandoning module MacClientTargetPlatform (69)
[2018.04.18-08.45.29:459][599]LogModuleManager: Shutting down and abandoning module AllDesktopTargetPlatform (67)
[2018.04.18-08.45.29:459][599]LogModuleManager: Shutting down and abandoning module InputCore (64)
[2018.04.18-08.45.29:459][599]LogModuleManager: Shutting down and abandoning module Settings (62)
[2018.04.18-08.45.29:459][599]LogModuleManager: Shutting down and abandoning module PhysXCooking (60)
[2018.04.18-08.45.29:459][599]LogModuleManager: Shutting down and abandoning module SteamVR (58)
[2018.04.18-08.45.29:459][599]LogModuleManager: Shutting down and abandoning module OculusHMD (56)
[2018.04.18-08.45.29:459][599]LogModuleManager: Shutting down and abandoning module ExampleDeviceProfileSelector (54)
[2018.04.18-08.45.29:459][599]LogModuleManager: Shutting down and abandoning module AppleARKit (52)
[2018.04.18-08.45.29:459][599]LogModuleManager: Shutting down and abandoning module AugmentedReality (51)
[2018.04.18-08.45.29:459][599]LogModuleManager: Shutting down and abandoning module OnlineBlueprintSupport (48)
[2018.04.18-08.45.29:459][599]LogModuleManager: Shutting down and abandoning module OnlineSubsystem (44)
[2018.04.18-08.45.29:459][599]LogModuleManager: Shutting down and abandoning module XMPP (43)
[2018.04.18-08.45.29:459][599]LogModuleManager: Shutting down and abandoning module HTTP (41)
[2018.04.18-08.45.29:459][599]LogHttp: Display: Http module shutting down, but needs to wait on 1 outstanding Http requests:
[2018.04.18-08.45.29:459][599]LogHttp: Display: 	verb=[POST] url=[https://datarouter.ol.epicgames.com/datarouter/api/v1/public/data?SessionID=%7B66376503-4A91-D686-E0D9-7D9329EA7B13%7D&AppID=UEEditor.Rocket.Release&AppVersion=4.18.3-3832480%2B%2B%2BUE4%2BRelease-4.18&UserID=4bca228f499fd1a9a22355bcddc8d86e%7C86b6ae209afd4afba3857a84ef1c03f5%7C9cdf86c3-3899-4ad0-b18b-a7cf1e172978&AppEnvironment=datacollector-binary&UploadType=eteventstream] status=Processing
[2018.04.18-08.45.29:476][599]LogModuleManager: Shutting down and abandoning module SSL (40)
[2018.04.18-08.45.29:478][599]LogModuleManager: Shutting down and abandoning module AnimationModifiers (36)
[2018.04.18-08.45.29:478][599]LogModuleManager: Shutting down and abandoning module PropertyEditor (35)
[2018.04.18-08.45.29:478][599]LogModuleManager: Shutting down and abandoning module AudioEditor (32)
[2018.04.18-08.45.29:478][599]LogModuleManager: Shutting down and abandoning module TextureCompressor (30)
[2018.04.18-08.45.29:478][599]LogModuleManager: Shutting down and abandoning module ShaderCore (28)
[2018.04.18-08.45.29:478][599]LogModuleManager: Shutting down and abandoning module Landscape (26)
[2018.04.18-08.45.29:478][599]LogModuleManager: Shutting down and abandoning module SlateRHIRenderer (24)
[2018.04.18-08.45.29:479][599]LogModuleManager: Shutting down and abandoning module OpenGLDrv (22)
[2018.04.18-08.45.29:479][599]LogModuleManager: Shutting down and abandoning module D3D11RHI (20)
[2018.04.18-08.45.29:479][599]LogModuleManager: Shutting down and abandoning module AnimGraphRuntime (18)
[2018.04.18-08.45.29:479][599]LogModuleManager: Shutting down and abandoning module Renderer (16)
[2018.04.18-08.45.29:479][599]LogModuleManager: Shutting down and abandoning module Engine (14)
[2018.04.18-08.45.29:479][599]LogModuleManager: Shutting down and abandoning module CoreUObject (12)
[2018.04.18-08.45.29:479][599]LogModuleManager: Shutting down and abandoning module NetworkFile (10)
[2018.04.18-08.45.29:479][599]LogModuleManager: Shutting down and abandoning module CookedIterativeFile (8)
[2018.04.18-08.45.29:479][599]LogModuleManager: Shutting down and abandoning module StreamingFile (6)
[2018.04.18-08.45.29:479][599]LogModuleManager: Shutting down and abandoning module SandboxFile (4)
[2018.04.18-08.45.29:479][599]LogModuleManager: Shutting down and abandoning module PakFile (2)
[2018.04.18-08.45.29:483][599]LogExit: Exiting.
[2018.04.18-08.45.29:508][599]Log file closed, 04/18/18 01:45:29
