Log file open, 05/02/18 01:10:59
LogWindows: Failed to load 'aqProf.dll' (GetLastError=126)
LogWindows: File 'aqProf.dll' does not exist
LogWindows: Failed to load 'VSPerf140.dll' (GetLastError=126)
LogWindows: File 'VSPerf140.dll' does not exist
LogWindows: Failed to load 'VtuneApi.dll' (GetLastError=126)
LogWindows: File 'VtuneApi.dll' does not exist
LogWindows: Failed to load 'VtuneApi32e.dll' (GetLastError=126)
LogWindows: File 'VtuneApi32e.dll' does not exist
LogInit: Display: Running engine for game: SushiShop
LogPlatformFile: Not using cached read wrapper
LogInit: Display: RandInit(-305798601) SRandInit(-305798601).
LogInit: Read version file with build ID '3709383'
LogInit: Overriding engine version to CL 3832480, compatible CL 3709383
LogInit: Registered custom module enumerator with build ID '3709383'
LogTaskGraph: Started task graph with 5 named threads and 14 total threads with 3 sets of task threads.
LogStats: Stats thread started at 0.161693
LogD3D11RHI: Aftermath initialized
LogModuleManager: Display: Found up-to-date module file ../../../Engine/Plugins/Marketplace/Substance/Binaries/Win64/UE4Editor-SubstanceCore.dll (API version 3709383).
LogModuleManager: Display: Found up-to-date module file ../../../Engine/Plugins/Marketplace/Substance/Binaries/Win64/UE4Editor-SubstanceEditor.dll (API version 3709383).
LogModuleManager: Display: Found up-to-date module file ../../../Engine/Plugins/Marketplace/Substance/Binaries/Win64/UE4Editor-SubstanceSource.dll (API version 3709383).
LogModuleManager: Display: Found up-to-date module file ../../../Engine/Plugins/Marketplace/Substance/Binaries/Win64/UE4Editor-SubstanceLiveLink.dll (API version 3709383).
LogModuleManager: Display: Found up-to-date module file ../../../Engine/Plugins/Runtime/ApexDestruction/Binaries/Win64/UE4Editor-ApexDestruction.dll (API version 3709383).
LogModuleManager: Display: Found up-to-date module file ../../../Engine/Plugins/Runtime/ApexDestruction/Binaries/Win64/UE4Editor-ApexDestructionEditor.dll (API version 3709383).
LogModuleManager: Display: Found up-to-date module file ../../../Engine/Plugins/Experimental/BlueprintStats/Binaries/Win64/UE4Editor-BlueprintStats.dll (API version 3709383).
LogModuleManager: Display: Found up-to-date module file ../../../Engine/Plugins/Runtime/Oculus/OculusAudio/Binaries/Win64/UE4Editor-OculusAudio.dll (API version 3709383).
LogModuleManager: Display: Found up-to-date module file ../../../Engine/Plugins/Runtime/SoundVisualizations/Binaries/Win64/UE4Editor-SoundVisualizations.dll (API version 3709383).
LogModuleManager: Display: Found up-to-date module file ../../../Engine/Plugins/2D/Paper2D/Binaries/Win64/UE4Editor-Paper2D.dll (API version 3709383).
LogModuleManager: Display: Found up-to-date module file ../../../Engine/Plugins/2D/Paper2D/Binaries/Win64/UE4Editor-Paper2DEditor.dll (API version 3709383).
LogModuleManager: Display: Found up-to-date module file ../../../Engine/Plugins/2D/Paper2D/Binaries/Win64/UE4Editor-PaperSpriteSheetImporter.dll (API version 3709383).
LogModuleManager: Display: Found up-to-date module file ../../../Engine/Plugins/2D/Paper2D/Binaries/Win64/UE4Editor-PaperTiledImporter.dll (API version 3709383).
LogModuleManager: Display: Found up-to-date module file ../../../Engine/Plugins/2D/Paper2D/Binaries/Win64/UE4Editor-SmartSnapping.dll (API version 3709383).
LogModuleManager: Display: Found up-to-date module file ../../../Engine/Plugins/Blendables/LightPropagationVolume/Binaries/Win64/UE4Editor-LightPropagationVolumeRuntime.dll (API version 3709383).
LogModuleManager: Display: Found up-to-date module file ../../../Engine/Plugins/Blendables/LightPropagationVolume/Binaries/Win64/UE4Editor-LightPropagationVolumeEditor.dll (API version 3709383).
LogModuleManager: Display: Found up-to-date module file ../../../Engine/Plugins/Developer/GitSourceControl/Binaries/Win64/UE4Editor-GitSourceControl.dll (API version 3709383).
LogModuleManager: Display: Found up-to-date module file ../../../Engine/Plugins/Developer/PerforceSourceControl/Binaries/Win64/UE4Editor-PerforceSourceControl.dll (API version 3709383).
LogModuleManager: Display: Found up-to-date module file ../../../Engine/Plugins/Developer/SubversionSourceControl/Binaries/Win64/UE4Editor-SubversionSourceControl.dll (API version 3709383).
LogModuleManager: Display: Found up-to-date module file ../../../Engine/Plugins/Developer/UObjectPlugin/Binaries/Win64/UE4Editor-UObjectPlugin.dll (API version 3709383).
LogModuleManager: Display: Found up-to-date module file ../../../Engine/Plugins/Developer/VisualStudioCodeSourceCodeAccess/Binaries/Win64/UE4Editor-VisualStudioCodeSourceCodeAccess.dll (API version 3709383).
LogModuleManager: Display: Found up-to-date module file ../../../Engine/Plugins/Developer/VisualStudioSourceCodeAccess/Binaries/Win64/UE4Editor-VisualStudioSourceCodeAccess.dll (API version 3709383).
LogModuleManager: Display: Found up-to-date module file ../../../Engine/Plugins/Editor/AssetManagerEditor/Binaries/Win64/UE4Editor-AssetManagerEditor.dll (API version 3709383).
LogModuleManager: Display: Found up-to-date module file ../../../Engine/Plugins/Editor/AudioCapture/Binaries/Win64/UE4Editor-AudioCapture.dll (API version 3709383).
LogModuleManager: Display: Found up-to-date module file ../../../Engine/Plugins/Editor/FacialAnimation/Binaries/Win64/UE4Editor-FacialAnimation.dll (API version 3709383).
LogModuleManager: Display: Found up-to-date module file ../../../Engine/Plugins/Editor/FacialAnimation/Binaries/Win64/UE4Editor-FacialAnimationEditor.dll (API version 3709383).
LogModuleManager: Display: Found up-to-date module file ../../../Engine/Plugins/Editor/GameplayTagsEditor/Binaries/Win64/UE4Editor-GameplayTagsEditor.dll (API version 3709383).
LogModuleManager: Display: Found up-to-date module file ../../../Engine/Plugins/Editor/MobileLauncherProfileWizard/Binaries/Win64/UE4Editor-MobileLauncherProfileWizard.dll (API version 3709383).
LogModuleManager: Display: Found up-to-date module file ../../../Engine/Plugins/Editor/PluginBrowser/Binaries/Win64/UE4Editor-PluginBrowser.dll (API version 3709383).
LogModuleManager: Display: Found up-to-date module file ../../../Engine/Plugins/Editor/SpeedTreeImporter/Binaries/Win64/UE4Editor-SpeedTreeImporter.dll (API version 3709383).
LogModuleManager: Display: Found up-to-date module file ../../../Engine/Plugins/Experimental/AlembicImporter/Binaries/Win64/UE4Editor-AlembicImporter.dll (API version 3709383).
LogModuleManager: Display: Found up-to-date module file ../../../Engine/Plugins/Experimental/AlembicImporter/Binaries/Win64/UE4Editor-AlembicLibrary.dll (API version 3709383).
LogModuleManager: Display: Found up-to-date module file ../../../Engine/Plugins/Experimental/CharacterAI/Binaries/Win64/UE4Editor-CharacterAI.dll (API version 3709383).
LogModuleManager: Display: Found up-to-date module file ../../../Engine/Plugins/Experimental/HTML5Networking/Binaries/Win64/UE4Editor-HTML5Networking.dll (API version 3709383).
LogModuleManager: Display: Found up-to-date module file ../../../Engine/Plugins/Media/AndroidMedia/Binaries/Win64/UE4Editor-AndroidMediaEditor.dll (API version 3709383).
LogModuleManager: Display: Found up-to-date module file ../../../Engine/Plugins/Media/AndroidMedia/Binaries/Win64/UE4Editor-AndroidMediaFactory.dll (API version 3709383).
LogModuleManager: Display: Found up-to-date module file ../../../Engine/Plugins/Media/AvfMedia/Binaries/Win64/UE4Editor-AvfMediaEditor.dll (API version 3709383).
LogModuleManager: Display: Found up-to-date module file ../../../Engine/Plugins/Media/AvfMedia/Binaries/Win64/UE4Editor-AvfMediaFactory.dll (API version 3709383).
LogModuleManager: Display: Found up-to-date module file ../../../Engine/Plugins/Media/AvfMedia/Binaries/Win64/UE4Editor-AvfMediaFactory.dll (API version 3709383).
LogModuleManager: Display: Found up-to-date module file ../../../Engine/Plugins/Media/ImgMedia/Binaries/Win64/UE4Editor-ImgMedia.dll (API version 3709383).
LogModuleManager: Display: Found up-to-date module file ../../../Engine/Plugins/Media/ImgMedia/Binaries/Win64/UE4Editor-ImgMediaEditor.dll (API version 3709383).
LogModuleManager: Display: Found up-to-date module file ../../../Engine/Plugins/Media/ImgMedia/Binaries/Win64/UE4Editor-ImgMediaFactory.dll (API version 3709383).
LogModuleManager: Display: Found up-to-date module file ../../../Engine/Plugins/Media/ImgMedia/Binaries/Win64/UE4Editor-ImgMediaFactory.dll (API version 3709383).
LogModuleManager: Display: Found up-to-date module file ../../../Engine/Plugins/Media/ImgMedia/Binaries/Win64/UE4Editor-OpenExrWrapper.dll (API version 3709383).
LogModuleManager: Display: Found up-to-date module file ../../../Engine/Plugins/Media/MediaCompositing/Binaries/Win64/UE4Editor-MediaCompositing.dll (API version 3709383).
LogModuleManager: Display: Found up-to-date module file ../../../Engine/Plugins/Media/MediaCompositing/Binaries/Win64/UE4Editor-MediaCompositingEditor.dll (API version 3709383).
LogModuleManager: Display: Found up-to-date module file ../../../Engine/Plugins/Media/MediaPlayerEditor/Binaries/Win64/UE4Editor-MediaPlayerEditor.dll (API version 3709383).
LogModuleManager: Display: Found up-to-date module file ../../../Engine/Plugins/Media/WmfMedia/Binaries/Win64/UE4Editor-WmfMedia.dll (API version 3709383).
LogModuleManager: Display: Found up-to-date module file ../../../Engine/Plugins/Media/WmfMedia/Binaries/Win64/UE4Editor-WmfMediaEditor.dll (API version 3709383).
LogModuleManager: Display: Found up-to-date module file ../../../Engine/Plugins/Media/WmfMedia/Binaries/Win64/UE4Editor-WmfMediaFactory.dll (API version 3709383).
LogModuleManager: Display: Found up-to-date module file ../../../Engine/Plugins/Media/WmfMedia/Binaries/Win64/UE4Editor-WmfMediaFactory.dll (API version 3709383).
LogModuleManager: Display: Found up-to-date module file ../../../Engine/Plugins/Messaging/TcpMessaging/Binaries/Win64/UE4Editor-TcpMessaging.dll (API version 3709383).
LogModuleManager: Display: Found up-to-date module file ../../../Engine/Plugins/Messaging/UdpMessaging/Binaries/Win64/UE4Editor-UdpMessaging.dll (API version 3709383).
LogModuleManager: Display: Found up-to-date module file ../../../Engine/Plugins/MovieScene/ActorSequence/Binaries/Win64/UE4Editor-ActorSequence.dll (API version 3709383).
LogModuleManager: Display: Found up-to-date module file ../../../Engine/Plugins/MovieScene/LevelSequenceEditor/Binaries/Win64/UE4Editor-LevelSequenceEditor.dll (API version 3709383).
LogModuleManager: Display: Found up-to-date module file ../../../Engine/Plugins/MovieScene/MatineeToLevelSequence/Binaries/Win64/UE4Editor-MatineeToLevelSequence.dll (API version 3709383).
LogModuleManager: Display: Found up-to-date module file ../../../Engine/Plugins/Online/OnlineSubsystem/Binaries/Win64/UE4Editor-OnlineSubsystem.dll (API version 3709383).
LogModuleManager: Display: Found up-to-date module file ../../../Engine/Plugins/Runtime/AndroidPermission/Binaries/Win64/UE4Editor-AndroidPermission.dll (API version 3709383).
LogModuleManager: Display: Found up-to-date module file ../../../Engine/Plugins/Online/OnlineSubsystemNull/Binaries/Win64/UE4Editor-OnlineSubsystemNull.dll (API version 3709383).
LogModuleManager: Display: Found up-to-date module file ../../../Engine/Plugins/Online/OnlineSubsystemUtils/Binaries/Win64/UE4Editor-OnlineSubsystemUtils.dll (API version 3709383).
LogModuleManager: Display: Found up-to-date module file ../../../Engine/Plugins/Online/OnlineSubsystemUtils/Binaries/Win64/UE4Editor-OnlineBlueprintSupport.dll (API version 3709383).
LogModuleManager: Display: Found up-to-date module file ../../../Engine/Plugins/Runtime/AndroidDeviceProfileSelector/Binaries/Win64/UE4Editor-AndroidDeviceProfileSelector.dll (API version 3709383).
LogModuleManager: Display: Found up-to-date module file ../../../Engine/Plugins/Runtime/AppleARKit/Binaries/Win64/UE4Editor-AppleARKit.dll (API version 3709383).
LogModuleManager: Display: Found up-to-date module file ../../../Engine/Plugins/Runtime/ArchVisCharacter/Binaries/Win64/UE4Editor-ArchVisCharacter.dll (API version 3709383).
LogModuleManager: Display: Found up-to-date module file ../../../Engine/Plugins/Runtime/CableComponent/Binaries/Win64/UE4Editor-CableComponent.dll (API version 3709383).
LogModuleManager: Display: Found up-to-date module file ../../../Engine/Plugins/Runtime/CustomMeshComponent/Binaries/Win64/UE4Editor-CustomMeshComponent.dll (API version 3709383).
LogModuleManager: Display: Found up-to-date module file ../../../Engine/Plugins/Runtime/ExampleDeviceProfileSelector/Binaries/Win64/UE4Editor-ExampleDeviceProfileSelector.dll (API version 3709383).
LogModuleManager: Display: Found up-to-date module file ../../../Engine/Plugins/Runtime/ImmediatePhysics/Binaries/Win64/UE4Editor-ImmediatePhysics.dll (API version 3709383).
LogModuleManager: Display: Found up-to-date module file ../../../Engine/Plugins/Runtime/ImmediatePhysics/Binaries/Win64/UE4Editor-ImmediatePhysicsEditor.dll (API version 3709383).
LogModuleManager: Display: Found up-to-date module file ../../../Engine/Plugins/Runtime/LocationServicesBPLibrary/Binaries/Win64/UE4Editor-LocationServicesBPLibrary.dll (API version 3709383).
LogModuleManager: Display: Found up-to-date module file ../../../Engine/Plugins/Runtime/MobilePatchingUtils/Binaries/Win64/UE4Editor-MobilePatchingUtils.dll (API version 3709383).
LogModuleManager: Display: Found up-to-date module file ../../../Engine/Plugins/Runtime/Oculus/OculusVR/Binaries/Win64/UE4Editor-OculusHMD.dll (API version 3709383).
LogModuleManager: Display: Found up-to-date module file ../../../Engine/Plugins/Runtime/Oculus/OculusVR/Binaries/Win64/UE4Editor-OculusInput.dll (API version 3709383).
LogModuleManager: Display: Found up-to-date module file ../../../Engine/Plugins/Runtime/Oculus/OculusVR/Binaries/Win64/UE4Editor-OculusEditor.dll (API version 3709383).
LogModuleManager: Display: Found up-to-date module file ../../../Engine/Plugins/Runtime/PhysXVehicles/Binaries/Win64/UE4Editor-PhysXVehicles.dll (API version 3709383).
LogModuleManager: Display: Found up-to-date module file ../../../Engine/Plugins/Runtime/PhysXVehicles/Binaries/Win64/UE4Editor-PhysXVehiclesEditor.dll (API version 3709383).
LogModuleManager: Display: Found up-to-date module file ../../../Engine/Plugins/Runtime/ProceduralMeshComponent/Binaries/Win64/UE4Editor-ProceduralMeshComponent.dll (API version 3709383).
LogModuleManager: Display: Found up-to-date module file ../../../Engine/Plugins/Runtime/ProceduralMeshComponent/Binaries/Win64/UE4Editor-ProceduralMeshComponentEditor.dll (API version 3709383).
LogModuleManager: Display: Found up-to-date module file ../../../Engine/Plugins/Runtime/RuntimePhysXCooking/Binaries/Win64/UE4Editor-RuntimePhysXCooking.dll (API version 3709383).
LogModuleManager: Display: Found up-to-date module file ../../../Engine/Plugins/Runtime/Steam/SteamVR/Binaries/Win64/UE4Editor-SteamVR.dll (API version 3709383).
LogModuleManager: Display: Found up-to-date module file ../../../Engine/Plugins/Runtime/Steam/SteamVR/Binaries/Win64/UE4Editor-SteamVRController.dll (API version 3709383).
LogModuleManager: Display: Found up-to-date module file ../../../Engine/Plugins/Runtime/WindowsMoviePlayer/Binaries/Win64/UE4Editor-WindowsMoviePlayer.dll (API version 3709383).
LogPluginManager: Mounting plugin Paper2D
LogPluginManager: Mounting plugin LightPropagationVolume
LogPluginManager: Mounting plugin CodeLiteSourceCodeAccess
LogPluginManager: Mounting plugin GitSourceControl
LogPluginManager: Mounting plugin KDevelopSourceCodeAccess
LogPluginManager: Mounting plugin NullSourceCodeAccess
LogPluginManager: Mounting plugin PerforceSourceControl
LogPluginManager: Mounting plugin SubversionSourceControl
LogPluginManager: Mounting plugin UObjectPlugin
LogPluginManager: Mounting plugin VisualStudioCodeSourceCodeAccess
LogPluginManager: Mounting plugin VisualStudioSourceCodeAccess
LogPluginManager: Mounting plugin XCodeSourceCodeAccess
LogPluginManager: Mounting plugin AssetManagerEditor
LogPluginManager: Mounting plugin AudioCapture
LogPluginManager: Mounting plugin FacialAnimation
LogPluginManager: Mounting plugin GameplayTagsEditor
LogPluginManager: Mounting plugin MobileLauncherProfileWizard
LogPluginManager: Mounting plugin PluginBrowser
LogPluginManager: Mounting plugin SpeedTreeImporter
LogPluginManager: Mounting plugin AlembicImporter
LogPluginManager: Mounting plugin BlueprintStats
LogPluginManager: Mounting plugin CharacterAI
LogPluginManager: Mounting plugin HTML5Networking
LogPluginManager: Mounting plugin Substance
LogPluginManager: Mounting plugin AndroidMedia
LogPluginManager: Mounting plugin AvfMedia
LogPluginManager: Mounting plugin ImgMedia
LogPluginManager: Mounting plugin MediaCompositing
LogPluginManager: Mounting plugin MediaPlayerEditor
LogPluginManager: Mounting plugin WmfMedia
LogPluginManager: Mounting plugin TcpMessaging
LogPluginManager: Mounting plugin UdpMessaging
LogPluginManager: Mounting plugin ActorSequence
LogPluginManager: Mounting plugin LevelSequenceEditor
LogPluginManager: Mounting plugin MatineeToLevelSequence
LogPluginManager: Mounting plugin OnlineSubsystemGooglePlay
LogPluginManager: Mounting plugin OnlineSubsystemIOS
LogPluginManager: Mounting plugin OnlineSubsystem
LogPluginManager: Mounting plugin OnlineSubsystemNull
LogPluginManager: Mounting plugin OnlineSubsystemUtils
LogPluginManager: Mounting plugin AndroidDeviceProfileSelector
LogPluginManager: Mounting plugin AndroidMoviePlayer
LogPluginManager: Mounting plugin AndroidPermission
LogPluginManager: Mounting plugin ApexDestruction
LogPluginManager: Mounting plugin AppleARKit
LogPluginManager: Mounting plugin AppleMoviePlayer
LogPluginManager: Mounting plugin ArchVisCharacter
LogPluginManager: Mounting plugin CableComponent
LogPluginManager: Mounting plugin CustomMeshComponent
LogPluginManager: Mounting plugin ExampleDeviceProfileSelector
LogPluginManager: Mounting plugin GoogleCloudMessaging
LogPluginManager: Mounting plugin ImmediatePhysics
LogPluginManager: Mounting plugin IOSDeviceProfileSelector
LogPluginManager: Mounting plugin LinuxDeviceProfileSelector
LogPluginManager: Mounting plugin LocationServicesBPLibrary
LogPluginManager: Mounting plugin MobilePatchingUtils
LogPluginManager: Mounting plugin OculusAudio
LogPluginManager: Mounting plugin OculusVR
LogPluginManager: Plugin shader directory ../../../Engine/Plugins/Runtime/Oculus/OculusVR/Shaders found
LogPluginManager: Mapping shader source directory ../../../Engine/Plugins/Runtime/Oculus/OculusVR/Shaders to virtual directory /Plugin/OculusVR
LogPluginManager: Mounting plugin PhysXVehicles
LogPluginManager: Mounting plugin ProceduralMeshComponent
LogPluginManager: Mounting plugin RuntimePhysXCooking
LogPluginManager: Mounting plugin SoundVisualizations
LogPluginManager: Mounting plugin SteamVR
LogPluginManager: Mounting plugin WindowsMoviePlayer
LogInit: Using libcurl 7.47.1
LogInit:  - built for x86_64-pc-win32
LogInit:  - supports SSL with OpenSSL/1.0.2g
LogInit:  - supports HTTP deflate (compression) using libz 1.2.8
LogInit:  - other features:
LogInit:      CURL_VERSION_SSL
LogInit:      CURL_VERSION_LIBZ
LogInit:      CURL_VERSION_IPV6
LogInit:      CURL_VERSION_ASYNCHDNS
LogInit:      CURL_VERSION_LARGEFILE
LogInit:      CURL_VERSION_IDN
LogInit:  CurlRequestOptions (configurable via config and command line):
LogInit:  - bVerifyPeer = false  - Libcurl will NOT verify peer certificate
LogInit:  - bUseHttpProxy = false  - Libcurl will NOT use HTTP proxy
LogInit:  - bDontReuseConnections = false  - Libcurl will reuse connections
LogInit:  - CertBundlePath = nullptr  - Libcurl will use whatever was configured at build time.
LogInit: Build: ++UE4+Release-4.18-CL-3832480
LogInit: Engine Version: 4.18.3-3832480+++UE4+Release-4.18
LogInit: Compatible Engine Version: 4.18.0-3709383+++UE4+Release-4.18
LogInit: Net CL: 3709383
LogDevObjectVersion: Number of dev versions registered: 16
LogDevObjectVersion:   Dev-Blueprints (B0D832E4-1F89-4F0D-ACCF-7EB736FD4AA2): 10
LogDevObjectVersion:   Dev-Build (E1C64328-A22C-4D53-A36C-8E866417BD8C): 0
LogDevObjectVersion:   Dev-Core (375EC13C-06E4-48FB-B500-84F0262A717E): 2
LogDevObjectVersion:   Dev-Editor (E4B068ED-F494-42E9-A231-DA0B2E46BB41): 20
LogDevObjectVersion:   Dev-Framework (CFFC743F-43B0-4480-9391-14DF171D2073): 30
LogDevObjectVersion:   Dev-Mobile (B02B49B5-BB20-44E9-A304-32B752E40360): 0
LogDevObjectVersion:   Dev-Networking (A4E4105C-59A1-49B5-A7C5-40C4547EDFEE): 0
LogDevObjectVersion:   Dev-Online (39C831C9-5AE6-47DC-9A44-9C173E1C8E7C): 0
LogDevObjectVersion:   Dev-Physics (78F01B33-EBEA-4F98-B9B4-84EACCB95AA2): 0
LogDevObjectVersion:   Dev-Platform (6631380F-2D4D-43E0-8009-CF276956A95A): 0
LogDevObjectVersion:   Dev-Rendering (12F88B9F-8875-4AFC-A67C-D90C383ABD29): 20
LogDevObjectVersion:   Dev-Sequencer (7B5AE74C-D270-4C10-A958-57980B212A5A): 4
LogDevObjectVersion:   Dev-VR (D7296918-1DD6-4BDD-9DE2-64A83CC13884): 0
LogDevObjectVersion:   Dev-LoadTimes (C2A15278-BFE7-4AFE-6C17-90FF531DF755): 1
LogDevObjectVersion:   Private-Geometry (6EACA3D4-40EC-4CC1-B786-8BED09428FC5): 1
LogDevObjectVersion:   Dev-AnimPhys (29E575DD-E0A3-4627-9D10-D276232CDCEA): 12
LogInit: Compiled (64-bit): Jan 12 2018 02:04:55
LogInit: Compiled with Visual C++: 19.00.24215.01
LogInit: Build Configuration: Development
LogInit: Branch Name: ++UE4+Release-4.18
LogInit: Command line:  
LogInit: Base directory: C:/Program Files/Epic Games/UE_4.18/Engine/Binaries/Win64/
LogInit: Installed Engine Build: 1
LogInit: Presizing for max 8388607 objects, including 0 objects not considered by GC, pre-allocating 0 bytes for permanent pool.
LogInit: Object subsystem initialized
[2018.05.02-08.11.01:148][  0]LogInit: Selected Device Profile: [Windows]
[2018.05.02-08.11.01:148][  0]LogInit: Applying CVar settings loaded from the selected device profile: [Windows]
[2018.05.02-08.11.01:158][  0]LogInit: Computer: DESKTOP-TMTLRPJ
[2018.05.02-08.11.01:158][  0]LogInit: User: GameDevClub
[2018.05.02-08.11.01:158][  0]LogInit: CPU Page size=4096, Cores=4
[2018.05.02-08.11.01:158][  0]LogInit: High frequency timer resolution =4.101564 MHz
[2018.05.02-08.11.01:158][  0]LogMemory: Memory total: Physical=16.0GB (16GB approx)
[2018.05.02-08.11.01:158][  0]LogMemory: Platform Memory Stats for Windows
[2018.05.02-08.11.01:158][  0]LogMemory: Process Physical Memory: 280.85 MB used, 280.85 MB peak
[2018.05.02-08.11.01:158][  0]LogMemory: Process Virtual Memory: 272.49 MB used, 272.49 MB peak
[2018.05.02-08.11.01:158][  0]LogMemory: Physical Memory: 6430.64 MB used,  9916.49 MB free, 16347.13 MB total
[2018.05.02-08.11.01:158][  0]LogMemory: Virtual Memory: 737.88 MB used,  9916.49 MB free, 134217728.00 MB total
[2018.05.02-08.11.01:276][  0]LogInit: Using OS detected language (en-US).
[2018.05.02-08.11.01:276][  0]LogInit: Using OS detected locale (en-US).
[2018.05.02-08.11.01:278][  0]LogTextLocalizationManager: No specific localization for 'en-US' exists, so the 'en' localization will be used.
[2018.05.02-08.11.01:585][  0]LogInit: Setting process to per monitor DPI aware
[2018.05.02-08.11.01:804][  0]LogD3D11RHI: D3D11 adapters:
[2018.05.02-08.11.01:833][  0]LogD3D11RHI:    0. 'NVIDIA GeForce GTX 1080 Ti' (Feature Level 11_0)
[2018.05.02-08.11.01:833][  0]LogD3D11RHI:       11127/0/8173 MB DedicatedVideo/DedicatedSystem/SharedSystem, Outputs:3, VendorId:0x10de
[2018.05.02-08.11.01:835][  0]LogD3D11RHI:    1. 'Microsoft Basic Render Driver' (Feature Level 11_0)
[2018.05.02-08.11.01:835][  0]LogD3D11RHI:       0/0/8173 MB DedicatedVideo/DedicatedSystem/SharedSystem, Outputs:0, VendorId:0x1414
[2018.05.02-08.11.01:835][  0]LogD3D11RHI: Chosen D3D11 Adapter: 0
[2018.05.02-08.11.01:841][  0]LogD3D11RHI: Creating new Direct3DDevice
[2018.05.02-08.11.01:841][  0]LogD3D11RHI:     GPU DeviceId: 0x1b06 (for the marketing name, search the web for "GPU Device Id")
[2018.05.02-08.11.01:841][  0]LogWindows: EnumDisplayDevices:
[2018.05.02-08.11.01:841][  0]LogWindows:    0. 'NVIDIA GeForce GTX 1080 Ti' (P:1 D:1)
[2018.05.02-08.11.01:842][  0]LogWindows:    1. 'NVIDIA GeForce GTX 1080 Ti' (P:0 D:1)
[2018.05.02-08.11.01:842][  0]LogWindows:    2. 'NVIDIA GeForce GTX 1080 Ti' (P:0 D:1)
[2018.05.02-08.11.01:842][  0]LogWindows:    3. 'NVIDIA GeForce GTX 1080 Ti' (P:0 D:0)
[2018.05.02-08.11.01:842][  0]LogWindows: DebugString: GetVideoDriverDetailsInvalid PrimaryIsNotTheChoosenAdapter GetVideoDriverDetailsInvalid PrimaryIsNotTheChoosenAdapter GetVideoDriverDetailsInvalid PrimaryIsNotTheChoosenAdapter GetVideoDriverDetailsInvalid PrimaryIsNotTheChoosenAdapter FoundDriverCount:0 
[2018.05.02-08.11.01:842][  0]LogD3D11RHI:     Adapter Name: NVIDIA GeForce GTX 1080 Ti
[2018.05.02-08.11.01:842][  0]LogD3D11RHI:   Driver Version: Unknown (internal:Unknown, unified:Unknown)
[2018.05.02-08.11.01:842][  0]LogD3D11RHI:      Driver Date: Unknown
[2018.05.02-08.11.01:842][  0]LogRHI: Texture pool is 7788 MB (70% of 11127 MB)
[2018.05.02-08.11.01:864][  0]LogD3D11RHI: Async texture creation enabled
[2018.05.02-08.11.01:914][  0]LogD3D11RHI: GPU Timing Frequency: 1000.000000 (Debug: 2 2)
[2018.05.02-08.11.02:011][  0]LogShaderCompilers: Guid format shader working directory is -20 characters bigger than the processId version (../../../../../../Users/GameDevClub/Documents/GitHub/SushiShop/SushiShop/Intermediate/Shaders/WorkingDirectory/1028/).
[2018.05.02-08.11.02:011][  0]LogShaderCompilers: Cleaned the shader compiler working directory 'C:/Users/GameDevClub/AppData/Local/Temp/UnrealShaderWorkingDir/9FA837474F8685258E8DABA280301B97/'.
[2018.05.02-08.11.02:011][  0]LogShaderCompilers: Display: Using Local Shader Compiler.
[2018.05.02-08.11.02:736][  0]LogTemp: Display: Loaded TP AllDesktopTargetPlatform
[2018.05.02-08.11.02:781][  0]LogTemp: Display: Loaded TP MacClientTargetPlatform
[2018.05.02-08.11.02:828][  0]LogTemp: Display: Loaded TP MacNoEditorTargetPlatform
[2018.05.02-08.11.02:874][  0]LogTemp: Display: Loaded TP MacServerTargetPlatform
[2018.05.02-08.11.02:921][  0]LogTemp: Display: Loaded TP MacTargetPlatform
[2018.05.02-08.11.02:966][  0]LogTemp: Display: Loaded TP WindowsClientTargetPlatform
[2018.05.02-08.11.03:010][  0]LogTemp: Display: Loaded TP WindowsNoEditorTargetPlatform
[2018.05.02-08.11.03:056][  0]LogTemp: Display: Loaded TP WindowsServerTargetPlatform
[2018.05.02-08.11.03:092][  0]LogTemp: Display: Loaded TP WindowsTargetPlatform
[2018.05.02-08.11.03:136][  0]LogTemp: Display: Loaded TP Android_ASTCTargetPlatform
[2018.05.02-08.11.03:180][  0]LogTemp: Display: Loaded TP Android_ATCTargetPlatform
[2018.05.02-08.11.03:227][  0]LogTemp: Display: Loaded TP Android_DXTTargetPlatform
[2018.05.02-08.11.03:272][  0]LogTemp: Display: Loaded TP Android_ETC1TargetPlatform
[2018.05.02-08.11.03:320][  0]LogTemp: Display: Loaded TP Android_ETC2TargetPlatform
[2018.05.02-08.11.03:407][  0]LogTemp: Display: Loaded TP Android_MultiTargetPlatform
[2018.05.02-08.11.03:407][  0]LogTemp: Display: Loaded TP Android_PVRTCTargetPlatform
[2018.05.02-08.11.03:453][  0]LogTemp: Display: Loaded TP AndroidTargetPlatform
[2018.05.02-08.11.03:487][  0]LogTemp: Display: Loaded TP HTML5TargetPlatform
[2018.05.02-08.11.03:567][  0]LogTemp: Display: Loaded TP IOSTargetPlatform
[2018.05.02-08.11.03:592][  0]LogTemp: Display: Loaded TP TVOSTargetPlatform
[2018.05.02-08.11.03:638][  0]LogTemp: Display: Loaded TP LinuxClientTargetPlatform
[2018.05.02-08.11.03:684][  0]LogTemp: Display: Loaded TP LinuxNoEditorTargetPlatform
[2018.05.02-08.11.03:727][  0]LogTemp: Display: Loaded TP LinuxServerTargetPlatform
[2018.05.02-08.11.03:770][  0]LogTemp: Display: Loaded TP LinuxTargetPlatform
[2018.05.02-08.11.03:770][  0]LogTargetPlatformManager: Display: Building Assets For Windows
[2018.05.02-08.11.04:168][  0]LogDerivedDataCache: Display: Max Cache Size: 512 MB
[2018.05.02-08.11.04:223][  0]LogDerivedDataCache: Loaded boot cache 0.06s 80MB C:/Users/GameDevClub/AppData/Local/UnrealEngine/4.18/DerivedDataCache/Boot.ddc.
[2018.05.02-08.11.04:223][  0]LogDerivedDataCache: Display: Loaded Boot cache: C:/Users/GameDevClub/AppData/Local/UnrealEngine/4.18/DerivedDataCache/Boot.ddc
[2018.05.02-08.11.04:224][  0]LogDerivedDataCache: FDerivedDataBackendGraph:  Pak pak cache file ../../../../../../Users/GameDevClub/Documents/GitHub/SushiShop/SushiShop/DerivedDataCache/DDC.ddp not found, will not use a pak cache.
[2018.05.02-08.11.04:224][  0]LogDerivedDataCache: Unable to find inner node Pak for hierarchical cache Hierarchy.
[2018.05.02-08.11.04:224][  0]LogDerivedDataCache: FDerivedDataBackendGraph:  CompressedPak pak cache file ../../../../../../Users/GameDevClub/Documents/GitHub/SushiShop/SushiShop/DerivedDataCache/Compressed.ddp not found, will not use a pak cache.
[2018.05.02-08.11.04:224][  0]LogDerivedDataCache: Unable to find inner node CompressedPak for hierarchical cache Hierarchy.
[2018.05.02-08.11.04:235][  0]LogDerivedDataCache: Display: Pak cache opened for reading ../../../Engine/DerivedDataCache/Compressed.ddp.
[2018.05.02-08.11.04:247][  0]LogDerivedDataCache: Using Local data cache path C:/Users/GameDevClub/AppData/Local/UnrealEngine/Common/DerivedDataCache: Writable
[2018.05.02-08.11.04:256][  0]LogMaterial: Verifying Global Shaders for PCD3D_SM5
[2018.05.02-08.11.04:256][  0]LogSlate: Using Freetype 2.6.0
[2018.05.02-08.11.04:256][  0]LogSlate: SlateFontCache - WITH_FREETYPE: 1, WITH_HARFBUZZ: 1
[2018.05.02-08.11.04:256][  0]LogSlate: SlateFontCache - WITH_FREETYPE: 1, WITH_HARFBUZZ: 1
[2018.05.02-08.11.04:538][  0]LogInit: Selected Device Profile: [Windows]
[2018.05.02-08.11.04:811][  0]LogSimplygon: Simplygon DLL not present - disabling.
[2018.05.02-08.11.04:847][  0]LogMeshReduction: Using SimplygonSwarm for distributed automatic mesh merging
[2018.05.02-08.11.04:847][  0]LogMeshReduction: Using QuadricMeshReduction for automatic static mesh reduction
[2018.05.02-08.11.04:847][  0]LogMeshReduction: No automatic skeletal mesh reduction module available
[2018.05.02-08.11.04:847][  0]LogMeshReduction: No automatic mesh merging module available
[2018.05.02-08.11.04:847][  0]LogMeshMerging: No automatic mesh merging module available
[2018.05.02-08.11.04:878][  0]LogNetVersion: SushiShop , NetCL: 3709383, EngineNetVer: 2, GameNetVer: 0 (Checksum: 2343829258)
[2018.05.02-08.11.05:021][  0]LogAssetRegistry: FAssetRegistry took 0.0257 seconds to start up
[2018.05.02-08.11.05:445][  0]LogPackageLocalizationCache: Processed 7 localized package path(s) for 2 prioritized culture(s) in 0.063088 seconds
[2018.05.02-08.11.05:450][  0]LogUObjectArray: 35870 objects as part of root set at end of initial load.
[2018.05.02-08.11.05:450][  0]LogUObjectAllocator: 7363696 out of 0 bytes used by permanent object pool.
[2018.05.02-08.11.05:450][  0]LogUObjectArray: CloseDisregardForGC: 0/0 objects in disregard for GC pool
[2018.05.02-08.11.05:504][  0]LogInit: WinSock: version 1.1 (2.2), MaxSocks=32767, MaxUdp=65467
[2018.05.02-08.11.07:698][  0]LogSubstanceCoreModule: Substance [CPU] Engine Loaded, Max Texture Size = 2048
[2018.05.02-08.11.07:724][  0]LogTcpMessaging: Initializing TcpMessaging bridge
[2018.05.02-08.11.07:760][  0]LogUdpMessaging: Initializing bridge on interface 0.0.0.0:0 to multicast group 230.0.0.1:6666.
[2018.05.02-08.11.08:433][  0]LogMaterial: Uniform references updated for custom material expression Custom.
[2018.05.02-08.11.08:790][  0]SourceControl: Source control is disabled
[2018.05.02-08.11.08:790][  0]SourceControl: Source control is disabled
[2018.05.02-08.11.08:835][  0]SourceControl: Source control is disabled
[2018.05.02-08.11.08:880][  0]SourceControl: Source control is disabled
[2018.05.02-08.11.09:615][  0]LogAndroidPermission: UAndroidPermissionCallbackProxy::GetInstance
[2018.05.02-08.11.09:845][  0]LogOcInput: OculusInput pre-init called
[2018.05.02-08.11.10:328][  0]LogEngine: Initializing Engine...
[2018.05.02-08.11.10:330][  0]LogHMD: Oculus plugin initialized. Version: 4.18.3-3832480+++UE4+Release-4.18, OVRPlugin: 1.19.0
[2018.05.02-08.11.10:498][  0]LogStats: UGameplayTagsManager::ConstructGameplayTagTree: Construct from data asset -  0.000 s
[2018.05.02-08.11.10:498][  0]LogStats: UGameplayTagsManager::ConstructGameplayTagTree: GameplayTagTreeChangedEvent.Broadcast -  0.000 s
[2018.05.02-08.11.10:603][  0]LogAIModule: Creating AISystem for world Untitled
[2018.05.02-08.11.10:610][  0]LogInit: XAudio2 using 'Headphones (Rift Audio)' : 2 channels at 48 kHz using 16 bits per sample (channel mask 0x3)
[2018.05.02-08.11.10:619][  0]LogInit: FAudioDevice initialized.
[2018.05.02-08.11.10:662][  0]LogDerivedDataCache: Saved boot cache 0.04s 80MB C:/Users/GameDevClub/AppData/Local/UnrealEngine/4.18/DerivedDataCache/Boot.ddc.
[2018.05.02-08.11.10:670][  0]LogInit: Texture streaming: Enabled
[2018.05.02-08.11.10:753][  0]LogEngineSessionManager: EngineSessionManager initialized
[2018.05.02-08.11.10:858][  0]LogInit: Transaction tracking system initialized
[2018.05.02-08.11.11:119][  0]BlueprintLog: New page: Editor Load
[2018.05.02-08.11.11:839][  0]LocalizationService: Localization service is disabled
[2018.05.02-08.11.12:435][  0]LogConsoleResponse: Display: 
[2018.05.02-08.11.12:580][  0]LogCook: Display: Max memory allowance for cook 16384mb min free memory 0mb
[2018.05.02-08.11.12:580][  0]LogCook: Display: Mobile HDR setting 1
[2018.05.02-08.11.12:580][  0]LogGameplayTags: Display: UGameplayTagsManager::DoneAddingNativeTags. DelegateIsBound: 0
[2018.05.02-08.11.12:924][  0]LogFileCache: Scanning file cache for directory 'C:/Users/GameDevClub/Documents/GitHub/SushiShop/SushiShop/Content/' took 0.02s
[2018.05.02-08.11.13:568][  0]SourceControl: Source control is disabled
[2018.05.02-08.11.13:568][  0]Cmd: MAP LOAD FILE="../../../../../../Users/GameDevClub/Documents/GitHub/SushiShop/SushiShop/Content/VirtualRealityBP/Maps/StartupMap.umap" TEMPLATE=0 SHOWPROGRESS=1 FEATURELEVEL=3
[2018.05.02-08.11.13:568][  0]LightingResults: New page: Lighting Build
[2018.05.02-08.11.13:603][  0]MapCheck: New page: Map Check
[2018.05.02-08.11.13:603][  0]LightingResults: New page: Lighting Build
[2018.05.02-08.11.13:685][  0]LogAIModule: Creating AISystem for world StartupMap
[2018.05.02-08.11.13:691][  0]LogEditorServer: Finished looking for orphan Actors (0.000 secs)
[2018.05.02-08.11.13:698][  0]Cmd: MAP CHECKDEP NOCLEARLOG
[2018.05.02-08.11.13:738][  0]MapCheck: Map check complete: 0 Error(s), 0 Warning(s), took 40.44ms to complete.
[2018.05.02-08.11.13:738][  0]LogFileHelpers: Loading map 'StartupMap' took 0.170
[2018.05.02-08.11.13:928][  0]LogCollectionManager: Loaded 0 collections in 0.001308 seconds
[2018.05.02-08.11.14:006][  0]LogFileCache: Scanning file cache for directory 'C:/Users/GameDevClub/Documents/GitHub/SushiShop/SushiShop/Saved/Collections/' took 0.01s
[2018.05.02-08.11.14:006][  0]LogFileCache: Scanning file cache for directory 'C:/Users/GameDevClub/Documents/GitHub/SushiShop/SushiShop/Content/Developers/GameDevClub/Collections/' took 0.01s
[2018.05.02-08.11.14:006][  0]LogFileCache: Scanning file cache for directory 'C:/Users/GameDevClub/Documents/GitHub/SushiShop/SushiShop/Content/Collections/' took 0.01s
[2018.05.02-08.11.14:006][  0]LogCollectionManager: Rebuilt the GUID cache for 0 collections in 0.000000 seconds
[2018.05.02-08.11.14:012][  0]LogContentBrowser: Native class hierarchy populated in 0.0065 seconds. Added 2388 classes and 535 folders.
[2018.05.02-08.11.14:069][  0]LogContentBrowser: Native class hierarchy updated for 'WidgetCarousel' in 0.0002 seconds. Added 0 classes and 0 folders.
[2018.05.02-08.11.14:098][  0]LogContentBrowser: Native class hierarchy updated for 'AddContentDialog' in 0.0002 seconds. Added 0 classes and 0 folders.
[2018.05.02-08.11.14:145][  0]LogSlate: Took 0.000153 seconds to synchronously load lazily loaded font '../../../Engine/Content/Slate/Fonts/Roboto-Regular.ttf' (155K)
[2018.05.02-08.11.14:149][  0]LogSlate: Took 0.000144 seconds to synchronously load lazily loaded font '../../../Engine/Content/Slate/Fonts/Roboto-Bold.ttf' (160K)
[2018.05.02-08.11.14:150][  0]LogSlate: Took 0.000134 seconds to synchronously load lazily loaded font '../../../Engine/Content/Editor/Slate/Fonts/FontAwesome.ttf' (139K)
[2018.05.02-08.11.14:215][  0]LogRenderer: Reallocating scene render targets to support 872x508 Format 26 NumSamples 1 (Frame:1).
[2018.05.02-08.11.14:346][  0]LogContentBrowser: Native class hierarchy updated for 'HierarchicalLODOutliner' in 0.0002 seconds. Added 1 classes and 2 folders.
[2018.05.02-08.11.14:346][  0]LogLoad: (Engine Initialization) Total time: 15.42 seconds
[2018.05.02-08.11.14:346][  0]LogLoad: (Engine Initialization) Total Blueprint compile time: 0.00 seconds
[2018.05.02-08.11.14:347][  0]LogExternalProfiler: No external profilers were discovered.  External profiling features will not be available.
[2018.05.02-08.11.14:356][  0]LogWindowsTextInputMethodSystem: Display: IME system now deactivated.
[2018.05.02-08.11.14:361][  0]LogOcInput: OculusInput is initialized
[2018.05.02-08.11.14:379][  0]LogContentStreaming: Texture pool size now 1000 MB
[2018.05.02-08.11.14:428][  1]LogSubstanceLiveLink: Warning: Unable to send data along socket, closing connection
[2018.05.02-08.11.14:438][  1]LogAssetRegistry: Asset discovery search completed in 9.4378 seconds
[2018.05.02-08.11.14:439][  1]LogCollectionManager: Rebuilt the object cache for 0 collections in 0.000000 seconds (found 0 objects)
[2018.05.02-08.11.14:439][  1]LogCollectionManager: Fixed up redirectors for 0 collections in 0.000050 seconds (updated 0 objects)
[2018.05.02-08.11.15:429][110]LogSlate: Took 0.000200 seconds to synchronously load lazily loaded font '../../../Engine/Content/Slate/Fonts/Roboto-Light.ttf' (159K)
[2018.05.02-08.11.15:737][110]LogContentBrowser: Native class hierarchy updated for 'BlueprintGraph' in 0.0005 seconds. Added 116 classes and 0 folders.
[2018.05.02-08.11.16:931][110]LogSlate: Took 0.000184 seconds to synchronously load lazily loaded font '../../../Engine/Content/Editor/Slate/Fonts/Roboto-BoldCondensed.ttf' (158K)
[2018.05.02-08.11.16:935][110]LogSlate: Took 0.000121 seconds to synchronously load lazily loaded font '../../../Engine/Content/Slate/Fonts/Roboto-Light.ttf' (159K)
[2018.05.02-08.11.17:132][111]LogSlate: Took 0.000184 seconds to synchronously load lazily loaded font '../../../Engine/Content/Editor/Slate/Fonts/Roboto-Italic.ttf' (157K)
[2018.05.02-08.11.19:865][372]LogSlate: Took 0.000141 seconds to synchronously load lazily loaded font '../../../Engine/Content/Slate/Fonts/Roboto-Light.ttf' (159K)
[2018.05.02-08.11.25:599][  0]LogAIModule: Creating AISystem for world Menu
[2018.05.02-08.11.25:631][  0]Cmd: MAP LOAD FILE="../../../../../../Users/GameDevClub/Documents/GitHub/SushiShop/SushiShop/Content/SushiShop/Levels/Menu.umap" TEMPLATE=0 SHOWPROGRESS=1 FEATURELEVEL=3
[2018.05.02-08.11.25:631][  0]LightingResults: New page: Lighting Build
[2018.05.02-08.11.25:631][  0]LoadErrors: New page: Loading map: Menu.umap
[2018.05.02-08.11.25:632][  0]MapCheck: New page: Map Check
[2018.05.02-08.11.25:632][  0]LightingResults: New page: Lighting Build
[2018.05.02-08.11.25:699][  0]LogEditorServer: Finished looking for orphan Actors (0.000 secs)
[2018.05.02-08.11.25:768][  0]Cmd: MAP CHECKDEP NOCLEARLOG
[2018.05.02-08.11.25:818][  0]MapCheck: Map check complete: 0 Error(s), 0 Warning(s), took 49.368ms to complete.
[2018.05.02-08.11.25:818][  0]LogFileHelpers: Loading map 'Menu' took 0.188
[2018.05.02-08.12.01:794][315]LogTemp: Repeating last play command: VR Preview
[2018.05.02-08.12.01:872][315]LogPlayLevel: PlayLevel: No blueprints needed recompiling
[2018.05.02-08.12.01:873][315]LogHMD: Initializing OVRPlugin session
[2018.05.02-08.12.01:894][315]PIE: New page: PIE session: Menu (May 1, 2018, 6:12:01 PM)
[2018.05.02-08.12.01:894][315]LogPlayLevel: Creating play world package: /Game/SushiShop/Levels/UEDPIE_0_Menu
[2018.05.02-08.12.01:897][315]LogPlayLevel: PIE: StaticDuplicateObject took: (0.002124s)
[2018.05.02-08.12.01:897][315]LogAIModule: Creating AISystem for world Menu
[2018.05.02-08.12.01:898][315]LogPlayLevel: PIE: World Init took: (0.000908s)
[2018.05.02-08.12.01:898][315]LogPlayLevel: PIE: Created PIE world by copying editor world from /Game/SushiShop/Levels/Menu.Menu to /Game/SushiShop/Levels/UEDPIE_0_Menu.Menu (0.003414s)
[2018.05.02-08.12.01:919][315]LogInit: XAudio2 using 'Headphones (Rift Audio)' : 2 channels at 48 kHz using 16 bits per sample (channel mask 0x3)
[2018.05.02-08.12.01:925][315]LogInit: FAudioDevice initialized.
[2018.05.02-08.12.02:025][315]LogHMD: Allocating Oculus 2720 x 1600 rendertarget swapchain
[2018.05.02-08.12.02:061][315]LogUObjectGlobals: Warning: Failed to find object 'Class None.'
[2018.05.02-08.12.02:061][315]LogLoad: Game class is 'GameModeBase'
[2018.05.02-08.12.02:062][315]LogWorld: Bringing World /Game/SushiShop/Levels/UEDPIE_0_Menu.Menu up for play (max tick rate 0) at 2018.05.02-01.12.02
[2018.05.02-08.12.02:063][315]LogWorld: Bringing up level for play took: 0.001276
[2018.05.02-08.12.02:097][315]LogContentBrowser: Native class hierarchy updated for 'MovieSceneCapture' in 0.0002 seconds. Added 11 classes and 0 folders.
[2018.05.02-08.12.02:103][315]PIE: Play in editor start time for /Game/SushiShop/Levels/UEDPIE_0_Menu 0.537
[2018.05.02-08.12.02:109][315]LogRenderer: Reallocating scene render targets to support 2720x1600 Format 26 NumSamples 1 (Frame:1).
[2018.05.02-08.12.02:109][315]LogHMD: Allocating Oculus 2720 x 1600 depth rendertarget swapchain
[2018.05.02-08.12.08:374][879]LogNet: Browse: /Game/SushiShop/Levels/Main
[2018.05.02-08.12.08:374][879]LogLoadingSplash: Loading begins
[2018.05.02-08.12.08:384][879]LogHMD: FSplash::OnShow
[2018.05.02-08.12.08:384][879]LogLoad: LoadMap: /Game/SushiShop/Levels/Main
[2018.05.02-08.12.08:714][879]LogLinker: Warning: Can't find file '/Game/SushiShop/Assets/Environment/LIGHTS/Lights1/lambert2'
[2018.05.02-08.12.08:714][879]LogLinker: Warning: Can't find file for asset '/Game/SushiShop/Assets/Environment/LIGHTS/Lights1/lambert2' while loading ../../../../../../Users/GameDevClub/Documents/GitHub/SushiShop/SushiShop/Content/SushiShop/Assets/Environment/LIGHTS/Lights1/LoungeVR_CeilingLightNew_01.uasset.
[2018.05.02-08.12.08:714][879]LoadErrors: Error: /Game/SushiShop/Assets/Environment/LIGHTS/Lights1/LoungeVR_CeilingLightNew_01 : Can't find file for asset. /Game/SushiShop/Assets/Environment/LIGHTS/Lights1/lambert2
[2018.05.02-08.12.08:714][879]LogLinker: Warning: Can't find file '/Game/SushiShop/Assets/Environment/LIGHTS/Lights1/lambert2'
[2018.05.02-08.12.08:715][879]LogLinker: Warning: Can't find file for asset '/Game/SushiShop/Assets/Environment/LIGHTS/Lights1/lambert2' while loading ../../../../../../Users/GameDevClub/Documents/GitHub/SushiShop/SushiShop/Content/SushiShop/Assets/Environment/LIGHTS/Lights1/LoungeVR_CeilingLightNew_01.uasset.
[2018.05.02-08.12.08:870][879]LogLinker: Warning: Can't find file '/Game/SushiShop/Assets/Environment/LIGHTS/Lights1/lambert2'
[2018.05.02-08.12.08:870][879]LoadErrors: Failed to load /Game/SushiShop/Assets/Environment/LIGHTS/Lights1/lambert2.lambert2 Referenced by LoungeVR_CeilingLightNew_01
[2018.05.02-08.12.08:871][879]LogLinker: Warning: Can't find file for asset '/Game/SushiShop/Assets/Environment/LIGHTS/Lights1/lambert2' while loading NULL.
[2018.05.02-08.12.08:871][879]LogLinker: Warning: Can't find file '/Game/SushiShop/Assets/Environment/LIGHTS/Lights1/lambert2'
[2018.05.02-08.12.08:871][879]LogLinker: Warning: Can't find file for asset '/Game/SushiShop/Assets/Environment/LIGHTS/Lights1/lambert2' while loading NULL.
[2018.05.02-08.12.10:011][879]LogAIModule: Creating AISystem for world Main
[2018.05.02-08.12.10:011][879]LogUObjectGlobals: Warning: Failed to find object 'Class None.'
[2018.05.02-08.12.10:011][879]LogLoad: Game class is 'GameModeBase'
[2018.05.02-08.12.10:057][879]PIE: Warning: Attempting to move a fully simulated skeletal mesh SkeletalMeshComponent0. Please use the Teleport flag
[2018.05.02-08.12.10:057][879]PIE: Warning: Attempting to move a fully simulated skeletal mesh SkeletalMeshComponent0. Please use the Teleport flag
[2018.05.02-08.12.10:057][879]PIE: Warning: Attempting to move a fully simulated skeletal mesh SkeletalMeshComponent0. Please use the Teleport flag
[2018.05.02-08.12.10:058][879]PIE: Warning: Attempting to move a fully simulated skeletal mesh SkeletalMeshComponent0. Please use the Teleport flag
[2018.05.02-08.12.10:075][879]PIE: Warning: Attempting to move a fully simulated skeletal mesh SkeletalMeshComponent0. Please use the Teleport flag
[2018.05.02-08.12.10:075][879]PIE: Warning: Attempting to move a fully simulated skeletal mesh SkeletalMeshComponent0. Please use the Teleport flag
[2018.05.02-08.12.10:078][879]LogWorld: Bringing World /Game/SushiShop/Levels/UEDPIE_0_Main.Main up for play (max tick rate 0) at 2018.05.02-01.12.10
[2018.05.02-08.12.10:079][879]LogWorld: Bringing up level for play took: 0.067384
[2018.05.02-08.12.10:079][879]LogGameMode: FindPlayerStart: PATHS NOT DEFINED or NO PLAYERSTART with positive rating
[2018.05.02-08.12.10:081][879]LogLoadingSplash: Loading ends
[2018.05.02-08.12.10:081][879]LogHMD: FSplash::OnHide
[2018.05.02-08.12.10:084][879]LogLoad: Took 1.699212 seconds to LoadMap(/Game/SushiShop/Levels/Main)
[2018.05.02-08.14.23:930][815]PIE: Warning: Attempting to move a fully simulated skeletal mesh SkeletalMeshComponent0. Please use the Teleport flag
[2018.05.02-08.14.37:976][ 79]PIE: Warning: Attempting to move a fully simulated skeletal mesh SkeletalMeshComponent0. Please use the Teleport flag
[2018.05.02-08.14.40:931][345]PIE: Warning: Attempting to move a fully simulated skeletal mesh SkeletalMeshComponent0. Please use the Teleport flag
[2018.05.02-08.14.46:398][837]PIE: Warning: Attempting to move a fully simulated skeletal mesh SkeletalMeshComponent0. Please use the Teleport flag
[2018.05.02-08.14.48:365][ 14]PIE: Warning: Attempting to move a fully simulated skeletal mesh SkeletalMeshComponent0. Please use the Teleport flag
[2018.05.02-08.14.50:298][188]PIE: Warning: Attempting to move a fully simulated skeletal mesh SkeletalMeshComponent0. Please use the Teleport flag
[2018.05.02-08.15.53:287][844]LogRenderer: Reallocating scene render targets to support 2720x2400 Format 26 NumSamples 1 (Frame:19967).
[2018.05.02-08.18.07:364][923]LogTemp: Repeating last play command: VR Preview
[2018.05.02-08.18.07:400][923]LogPlayLevel: PlayLevel: No blueprints needed recompiling
[2018.05.02-08.18.07:400][923]LogHMD: Initializing OVRPlugin session
[2018.05.02-08.18.07:423][923]PIE: New page: PIE session: Menu (May 1, 2018, 6:18:07 PM)
[2018.05.02-08.18.07:423][923]LogPlayLevel: Creating play world package: /Game/SushiShop/Levels/UEDPIE_0_Menu
[2018.05.02-08.18.07:426][923]LogPlayLevel: PIE: StaticDuplicateObject took: (0.002196s)
[2018.05.02-08.18.07:427][923]LogAIModule: Creating AISystem for world Menu
[2018.05.02-08.18.07:427][923]LogPlayLevel: PIE: World Init took: (0.000914s)
[2018.05.02-08.18.07:427][923]LogPlayLevel: PIE: Created PIE world by copying editor world from /Game/SushiShop/Levels/Menu.Menu to /Game/SushiShop/Levels/UEDPIE_0_Menu.Menu (0.003473s)
[2018.05.02-08.18.07:451][923]LogInit: XAudio2 using 'Headphones (Rift Audio)' : 2 channels at 48 kHz using 16 bits per sample (channel mask 0x3)
[2018.05.02-08.18.07:458][923]LogInit: FAudioDevice initialized.
[2018.05.02-08.18.07:551][923]LogHMD: Allocating Oculus 2720 x 1600 rendertarget swapchain
[2018.05.02-08.18.07:575][923]LogUObjectGlobals: Warning: Failed to find object 'Class None.'
[2018.05.02-08.18.07:575][923]LogLoad: Game class is 'GameModeBase'
[2018.05.02-08.18.07:577][923]LogWorld: Bringing World /Game/SushiShop/Levels/UEDPIE_0_Menu.Menu up for play (max tick rate 0) at 2018.05.02-01.18.07
[2018.05.02-08.18.07:578][923]LogWorld: Bringing up level for play took: 0.001612
[2018.05.02-08.18.07:583][923]PIE: Play in editor start time for /Game/SushiShop/Levels/UEDPIE_0_Menu 0.017
[2018.05.02-08.18.07:585][923]LogRenderer: Releasing previous depth to switch default clear from depth: 0.000000 stencil: 0 to depth: 0.000000 stencil: 0
[2018.05.02-08.18.07:585][923]LogHMD: Allocating Oculus 2720 x 2400 depth rendertarget swapchain
[2018.05.02-08.18.07:588][923]LogRenderer: Reallocating scene render targets to support 2720x1600 Format 26 NumSamples 1 (Frame:1).
[2018.05.02-08.18.07:588][923]LogHMD: Allocating Oculus 2720 x 1600 depth rendertarget swapchain
[2018.05.02-08.18.27:476][711]LogNet: Browse: /Game/SushiShop/Levels/Main
[2018.05.02-08.18.27:476][711]LogLoadingSplash: Loading begins
[2018.05.02-08.18.27:485][711]LogHMD: FSplash::OnShow
[2018.05.02-08.18.27:485][711]LogLoad: LoadMap: /Game/SushiShop/Levels/Main
[2018.05.02-08.18.27:952][711]LogLinker: Warning: Can't find file '/Game/SushiShop/Assets/Environment/LIGHTS/Lights1/lambert2'
[2018.05.02-08.18.27:952][711]LogLinker: Warning: Can't find file for asset '/Game/SushiShop/Assets/Environment/LIGHTS/Lights1/lambert2' while loading ../../../../../../Users/GameDevClub/Documents/GitHub/SushiShop/SushiShop/Content/SushiShop/Assets/Environment/LIGHTS/Lights1/LoungeVR_CeilingLightNew_01.uasset.
[2018.05.02-08.18.27:953][711]LogLinker: Warning: Can't find file '/Game/SushiShop/Assets/Environment/LIGHTS/Lights1/lambert2'
[2018.05.02-08.18.27:953][711]LogLinker: Warning: Can't find file for asset '/Game/SushiShop/Assets/Environment/LIGHTS/Lights1/lambert2' while loading ../../../../../../Users/GameDevClub/Documents/GitHub/SushiShop/SushiShop/Content/SushiShop/Assets/Environment/LIGHTS/Lights1/LoungeVR_CeilingLightNew_01.uasset.
[2018.05.02-08.18.58:159][711]LogAIModule: Creating AISystem for world Main
[2018.05.02-08.18.58:160][711]LogUObjectGlobals: Warning: Failed to find object 'Class None.'
[2018.05.02-08.18.58:160][711]LogLoad: Game class is 'GameModeBase'
[2018.05.02-08.18.58:203][711]PIE: Warning: Attempting to move a fully simulated skeletal mesh SkeletalMeshComponent0. Please use the Teleport flag
[2018.05.02-08.18.58:203][711]PIE: Warning: Attempting to move a fully simulated skeletal mesh SkeletalMeshComponent0. Please use the Teleport flag
[2018.05.02-08.18.58:203][711]PIE: Warning: Attempting to move a fully simulated skeletal mesh SkeletalMeshComponent0. Please use the Teleport flag
[2018.05.02-08.18.58:203][711]PIE: Warning: Attempting to move a fully simulated skeletal mesh SkeletalMeshComponent0. Please use the Teleport flag
[2018.05.02-08.18.58:222][711]PIE: Warning: Attempting to move a fully simulated skeletal mesh SkeletalMeshComponent0. Please use the Teleport flag
[2018.05.02-08.18.58:222][711]PIE: Warning: Attempting to move a fully simulated skeletal mesh SkeletalMeshComponent0. Please use the Teleport flag
[2018.05.02-08.18.58:224][711]LogWorld: Bringing World /Game/SushiShop/Levels/UEDPIE_0_Main.Main up for play (max tick rate 0) at 2018.05.02-01.18.58
[2018.05.02-08.18.58:225][711]LogWorld: Bringing up level for play took: 0.065352
[2018.05.02-08.18.58:225][711]LogGameMode: FindPlayerStart: PATHS NOT DEFINED or NO PLAYERSTART with positive rating
[2018.05.02-08.18.58:288][711]LogHMD: Initializing OVRPlugin session
[2018.05.02-08.18.58:314][711]LogRenderer: Reallocating scene render targets to support 2720x2400 Format 26 NumSamples 1 (Frame:1).
[2018.05.02-08.18.58:351][711]LogHMD: Allocating Oculus 2720 x 1600 rendertarget swapchain
[2018.05.02-08.18.58:377][711]LogRenderer: Reallocating scene render targets to support 2720x1600 Format 26 NumSamples 1 (Frame:2).
[2018.05.02-08.18.58:377][711]LogHMD: Allocating Oculus 2720 x 1600 depth rendertarget swapchain
[2018.05.02-08.18.58:377][711]LogLoadingSplash: Loading ends
[2018.05.02-08.18.58:377][711]LogHMD: FSplash::OnHide
[2018.05.02-08.18.58:392][711]LogLoad: Took 30.906493 seconds to LoadMap(/Game/SushiShop/Levels/Main)
[2018.05.02-08.18.58:542][712]LogRenderer: Reallocating scene render targets to support 2720x2400 Format 26 NumSamples 1 (Frame:5).
[2018.05.02-08.19.10:565][ 97]Cmd: QUIT_EDITOR
[2018.05.02-08.19.11:571][ 97]LogWindowsTextInputMethodSystem: Display: IME system now deactivated.
[2018.05.02-08.19.11:580][ 97]LogExit: Preparing to exit.
[2018.05.02-08.19.11:923][ 97]LogDirectoryWatcher: A directory notification for 'C:/Users/GameDevClub/Documents/GitHub/SushiShop/SushiShop/Content/' was aborted.
[2018.05.02-08.19.11:923][ 97]PIE: UWidget::RemoveFromParent() called on '/Game/SushiShop/Levels/Menu.Menu:None' which has no UMG parent (if it was added directly to a native Slate widget via TakeWidget() then it must be removed explicitly rather than via RemoveFromParent())
[2018.05.02-08.19.11:945][ 97]LogExit: Editor shut down
[2018.05.02-08.19.11:947][ 97]LogExit: Transaction tracking system shut down
[2018.05.02-08.19.12:107][ 97]LogDirectoryWatcher: A directory notification for '../../../Engine/Content/' was aborted.
[2018.05.02-08.19.12:107][ 97]LogDirectoryWatcher: A directory notification for '../../../../../../Users/GameDevClub/Documents/GitHub/SushiShop/SushiShop/Content/' was aborted.
[2018.05.02-08.19.12:107][ 97]LogDirectoryWatcher: A directory notification for '../../../Engine/Plugins/2D/Paper2D/Content/' was aborted.
[2018.05.02-08.19.12:107][ 97]LogDirectoryWatcher: A directory notification for '../../../Engine/Plugins/Media/MediaCompositing/Content/' was aborted.
[2018.05.02-08.19.12:107][ 97]LogDirectoryWatcher: A directory notification for '../../../Engine/Plugins/Runtime/AppleARKit/Content/' was aborted.
[2018.05.02-08.19.12:107][ 97]LogDirectoryWatcher: A directory notification for '../../../Engine/Plugins/Runtime/Oculus/OculusVR/Content/' was aborted.
[2018.05.02-08.19.12:107][ 97]LogDirectoryWatcher: A directory notification for '../../../Engine/Plugins/Runtime/Steam/SteamVR/Content/' was aborted.
[2018.05.02-08.19.12:220][ 97]LogExit: Object subsystem successfully closed.
[2018.05.02-08.19.12:234][ 97]LogD3D11RHI: Shutdown
[2018.05.02-08.19.12:234][ 97]LogD3D11RHI: CleanupD3DDevice
[2018.05.02-08.19.12:239][ 97]LogD3D11RHI: ~FD3D11DynamicRHI
[2018.05.02-08.19.12:249][ 97]LogModuleManager: Shutting down and abandoning module MovieSceneCapture (572)
[2018.05.02-08.19.12:249][ 97]LogModuleManager: Shutting down and abandoning module SequencerWidgets (570)
[2018.05.02-08.19.12:249][ 97]LogModuleManager: Shutting down and abandoning module BlueprintGraph (568)
[2018.05.02-08.19.12:249][ 97]LogModuleManager: Shutting down and abandoning module HierarchicalLODOutliner (566)
[2018.05.02-08.19.12:249][ 97]LogModuleManager: Shutting down and abandoning module AddContentDialog (564)
[2018.05.02-08.19.12:249][ 97]LogDirectoryWatcher: A directory notification for 'C:/Program Files/Epic Games/UE_4.18/FeaturePacks/' was aborted.
[2018.05.02-08.19.12:250][ 97]LogModuleManager: Shutting down and abandoning module WidgetCarousel (563)
[2018.05.02-08.19.12:250][ 97]LogModuleManager: Shutting down and abandoning module EditorWidgets (560)
[2018.05.02-08.19.12:250][ 97]LogModuleManager: Shutting down and abandoning module CollectionManager (558)
[2018.05.02-08.19.12:250][ 97]LogDirectoryWatcher: A directory notification for 'C:/Users/GameDevClub/Documents/GitHub/SushiShop/SushiShop/Content/Collections/' was aborted.
[2018.05.02-08.19.12:250][ 97]LogDirectoryWatcher: A directory notification for 'C:/Users/GameDevClub/Documents/GitHub/SushiShop/SushiShop/Content/Developers/GameDevClub/Collections/' was aborted.
[2018.05.02-08.19.12:250][ 97]LogDirectoryWatcher: A directory notification for 'C:/Users/GameDevClub/Documents/GitHub/SushiShop/SushiShop/Saved/Collections/' was aborted.
[2018.05.02-08.19.12:250][ 97]LogModuleManager: Shutting down and abandoning module SceneOutliner (556)
[2018.05.02-08.19.12:250][ 97]LogModuleManager: Shutting down and abandoning module StatsViewer (554)
[2018.05.02-08.19.12:250][ 97]LogModuleManager: Shutting down and abandoning module FoliageEdit (552)
[2018.05.02-08.19.12:250][ 97]LogModuleManager: Shutting down and abandoning module LandscapeEditor (550)
[2018.05.02-08.19.12:250][ 97]LogModuleManager: Shutting down and abandoning module MeshPaintMode (548)
[2018.05.02-08.19.12:250][ 97]LogModuleManager: Shutting down and abandoning module SceneDepthPickerMode (546)
[2018.05.02-08.19.12:250][ 97]LogModuleManager: Shutting down and abandoning module ActorPickerMode (544)
[2018.05.02-08.19.12:250][ 97]LogModuleManager: Shutting down and abandoning module GeometryMode (542)
[2018.05.02-08.19.12:250][ 97]LogModuleManager: Shutting down and abandoning module TextureAlignMode (540)
[2018.05.02-08.19.12:250][ 97]LogModuleManager: Shutting down and abandoning module BspMode (538)
[2018.05.02-08.19.12:250][ 97]LogModuleManager: Shutting down and abandoning module PIEPreviewDeviceProfileSelector (536)
[2018.05.02-08.19.12:250][ 97]LogModuleManager: Shutting down and abandoning module HardwareSurvey (534)
[2018.05.02-08.19.12:250][ 97]LogModuleManager: Shutting down and abandoning module SequenceRecorderSections (532)
[2018.05.02-08.19.12:250][ 97]LogModuleManager: Shutting down and abandoning module AutomationWorker (530)
[2018.05.02-08.19.12:250][ 97]LogModuleManager: Shutting down and abandoning module MatineeToLevelSequence (528)
[2018.05.02-08.19.12:251][ 97]LogModuleManager: Shutting down and abandoning module LevelSequenceEditor (526)
[2018.05.02-08.19.12:251][ 97]LogModuleManager: Shutting down and abandoning module PlacementMode (525)
[2018.05.02-08.19.12:251][ 97]LogModuleManager: Shutting down and abandoning module WmfMediaFactory (522)
[2018.05.02-08.19.12:251][ 97]LogModuleManager: Shutting down and abandoning module WmfMediaEditor (520)
[2018.05.02-08.19.12:251][ 97]LogModuleManager: Shutting down and abandoning module OpenExrWrapper (518)
[2018.05.02-08.19.12:251][ 97]LogModuleManager: Shutting down and abandoning module ImgMediaFactory (516)
[2018.05.02-08.19.12:251][ 97]LogModuleManager: Shutting down and abandoning module ImgMediaEditor (514)
[2018.05.02-08.19.12:251][ 97]LogModuleManager: Shutting down and abandoning module AvfMediaFactory (512)
[2018.05.02-08.19.12:251][ 97]LogModuleManager: Shutting down and abandoning module AvfMediaEditor (510)
[2018.05.02-08.19.12:251][ 97]LogModuleManager: Shutting down and abandoning module AndroidMediaFactory (508)
[2018.05.02-08.19.12:251][ 97]LogModuleManager: Shutting down and abandoning module AndroidMediaEditor (506)
[2018.05.02-08.19.12:251][ 97]LogModuleManager: Shutting down and abandoning module CharacterAI (504)
[2018.05.02-08.19.12:251][ 97]LogModuleManager: Shutting down and abandoning module AudioCapture (502)
[2018.05.02-08.19.12:251][ 97]LogModuleManager: Shutting down and abandoning module SequenceRecorder (501)
[2018.05.02-08.19.12:251][ 97]LogModuleManager: Shutting down and abandoning module SmartSnapping (498)
[2018.05.02-08.19.12:251][ 97]LogModuleManager: Shutting down and abandoning module SessionServices (496)
[2018.05.02-08.19.12:251][ 97]LogModuleManager: Shutting down and abandoning module ViewportSnapping (494)
[2018.05.02-08.19.12:251][ 97]LogModuleManager: Shutting down and abandoning module ViewportInteraction (492)
[2018.05.02-08.19.12:251][ 97]LogModuleManager: Shutting down and abandoning module ClothPainter (490)
[2018.05.02-08.19.12:251][ 97]LogModuleManager: Shutting down and abandoning module SkeletalMeshEditor (489)
[2018.05.02-08.19.12:251][ 97]LogModuleManager: Shutting down and abandoning module LogVisualizer (486)
[2018.05.02-08.19.12:251][ 97]LogModuleManager: Shutting down and abandoning module IntroTutorials (484)
[2018.05.02-08.19.12:251][ 97]LogModuleManager: Shutting down and abandoning module GameProjectGeneration (483)
[2018.05.02-08.19.12:251][ 97]LogModuleManager: Shutting down and abandoning module IOSPlatformEditor (480)
[2018.05.02-08.19.12:251][ 97]LogModuleManager: Shutting down and abandoning module HTML5PlatformEditor (478)
[2018.05.02-08.19.12:251][ 97]LogModuleManager: Shutting down and abandoning module AndroidPlatformEditor (476)
[2018.05.02-08.19.12:251][ 97]LogModuleManager: Shutting down and abandoning module AndroidDeviceDetection (475)
[2018.05.02-08.19.12:297][ 97]LogModuleManager: Shutting down and abandoning module WindowsPlatformEditor (472)
[2018.05.02-08.19.12:297][ 97]LogModuleManager: Shutting down and abandoning module IOSRuntimeSettings (470)
[2018.05.02-08.19.12:298][ 97]LogModuleManager: Shutting down and abandoning module AndroidRuntimeSettings (468)
[2018.05.02-08.19.12:298][ 97]LogModuleManager: Shutting down and abandoning module InputBindingEditor (466)
[2018.05.02-08.19.12:298][ 97]LogModuleManager: Shutting down and abandoning module MergeActors (464)
[2018.05.02-08.19.12:298][ 97]LogModuleManager: Shutting down and abandoning module SizeMap (462)
[2018.05.02-08.19.12:298][ 97]LogModuleManager: Shutting down and abandoning module TreeMap (460)
[2018.05.02-08.19.12:298][ 97]LogModuleManager: Shutting down and abandoning module ReferenceViewer (458)
[2018.05.02-08.19.12:298][ 97]LogModuleManager: Shutting down and abandoning module LocalizationDashboard (456)
[2018.05.02-08.19.12:298][ 97]LogModuleManager: Shutting down and abandoning module LocalizationService (455)
[2018.05.02-08.19.12:298][ 97]LogModuleManager: Shutting down and abandoning module HardwareTargeting (452)
[2018.05.02-08.19.12:298][ 97]LogModuleManager: Shutting down and abandoning module DeviceProfileEditor (450)
[2018.05.02-08.19.12:298][ 97]LogModuleManager: Shutting down and abandoning module UndoHistory (448)
[2018.05.02-08.19.12:298][ 97]LogModuleManager: Shutting down and abandoning module XmlParser (446)
[2018.05.02-08.19.12:298][ 97]LogModuleManager: Shutting down and abandoning module Blutility (444)
[2018.05.02-08.19.12:298][ 97]LogModuleManager: Shutting down and abandoning module ProjectSettingsViewer (442)
[2018.05.02-08.19.12:298][ 97]LogModuleManager: Shutting down and abandoning module ProjectTargetPlatformEditor (441)
[2018.05.02-08.19.12:298][ 97]LogModuleManager: Shutting down and abandoning module EditorSettingsViewer (438)
[2018.05.02-08.19.12:298][ 97]LogModuleManager: Shutting down and abandoning module SettingsEditor (436)
[2018.05.02-08.19.12:298][ 97]LogModuleManager: Shutting down and abandoning module ProjectLauncher (434)
[2018.05.02-08.19.12:298][ 97]LogModuleManager: Shutting down and abandoning module SessionFrontend (432)
[2018.05.02-08.19.12:298][ 97]LogModuleManager: Shutting down and abandoning module ProfilerClient (430)
[2018.05.02-08.19.12:298][ 97]LogModuleManager: Shutting down and abandoning module DeviceManager (428)
[2018.05.02-08.19.12:298][ 97]LogModuleManager: Shutting down and abandoning module TargetDeviceServices (427)
[2018.05.02-08.19.12:349][ 97]LogModuleManager: Shutting down and abandoning module AutomationController (424)
[2018.05.02-08.19.12:349][ 97]LogModuleManager: Shutting down and abandoning module AutomationWindow (422)
[2018.05.02-08.19.12:349][ 97]LogModuleManager: Shutting down and abandoning module Layers (420)
[2018.05.02-08.19.12:349][ 97]LogModuleManager: Shutting down and abandoning module ComponentVisualizers (418)
[2018.05.02-08.19.12:349][ 97]LogModuleManager: Shutting down and abandoning module DetailCustomizations (416)
[2018.05.02-08.19.12:349][ 97]LogModuleManager: Shutting down and abandoning module PackagesDialog (414)
[2018.05.02-08.19.12:349][ 97]LogModuleManager: Shutting down and abandoning module Persona (412)
[2018.05.02-08.19.12:349][ 97]LogModuleManager: Shutting down and abandoning module AdvancedPreviewScene (411)
[2018.05.02-08.19.12:349][ 97]LogModuleManager: Shutting down and abandoning module AnimGraph (409)
[2018.05.02-08.19.12:349][ 97]LogModuleManager: Shutting down and abandoning module Kismet (406)
[2018.05.02-08.19.12:355][ 97]LogModuleManager: Shutting down and abandoning module ClassViewer (404)
[2018.05.02-08.19.12:355][ 97]LogModuleManager: Shutting down and abandoning module Toolbox (402)
[2018.05.02-08.19.12:355][ 97]LogModuleManager: Shutting down and abandoning module ModuleUI (400)
[2018.05.02-08.19.12:355][ 97]LogModuleManager: Shutting down and abandoning module MovieSceneTools (398)
[2018.05.02-08.19.12:355][ 97]LogModuleManager: Shutting down and abandoning module OutputLog (396)
[2018.05.02-08.19.12:355][ 97]LogModuleManager: Shutting down and abandoning module GammaUI (394)
[2018.05.02-08.19.12:355][ 97]LogModuleManager: Shutting down and abandoning module Documentation (392)
[2018.05.02-08.19.12:355][ 97]LogModuleManager: Shutting down and abandoning module MovieSceneTracks (390)
[2018.05.02-08.19.12:355][ 97]LogModuleManager: Shutting down and abandoning module MovieScene (388)
[2018.05.02-08.19.12:355][ 97]LogModuleManager: Shutting down and abandoning module StreamingPauseRendering (386)
[2018.05.02-08.19.12:355][ 97]LogModuleManager: Shutting down and abandoning module LauncherPlatform (384)
[2018.05.02-08.19.12:355][ 97]LogModuleManager: Shutting down and abandoning module AnalyticsET (382)
[2018.05.02-08.19.12:355][ 97]LogModuleManager: Shutting down and abandoning module PortalServices (380)
[2018.05.02-08.19.12:355][ 97]LogModuleManager: Shutting down and abandoning module PortalRpc (378)
[2018.05.02-08.19.12:355][ 97]LogModuleManager: Shutting down and abandoning module MessagingRpc (376)
[2018.05.02-08.19.12:355][ 97]LogModuleManager: Shutting down and abandoning module AIModule (374)
[2018.05.02-08.19.12:355][ 97]LogModuleManager: Shutting down and abandoning module GameplayDebugger (373)
[2018.05.02-08.19.12:355][ 97]LogModuleManager: Shutting down and abandoning module AITestSuite (371)
[2018.05.02-08.19.12:355][ 97]LogModuleManager: Shutting down and abandoning module DesktopPlatform (368)
[2018.05.02-08.19.12:355][ 97]LogModuleManager: Shutting down and abandoning module ProfilerService (366)
[2018.05.02-08.19.12:597][ 97]LogModuleManager: Shutting down and abandoning module TaskGraph (364)
[2018.05.02-08.19.12:597][ 97]LogModuleManager: Shutting down and abandoning module SubstanceLiveLink (362)
[2018.05.02-08.19.12:597][ 97]LogModuleManager: Shutting down and abandoning module SubstanceSource (360)
[2018.05.02-08.19.12:597][ 97]LogModuleManager: Shutting down and abandoning module SubstanceEditor (358)
[2018.05.02-08.19.12:597][ 97]LogModuleManager: Shutting down and abandoning module SteamVRController (356)
[2018.05.02-08.19.12:597][ 97]LogModuleManager: Shutting down and abandoning module SoundVisualizations (354)
[2018.05.02-08.19.12:597][ 97]LogModuleManager: Shutting down and abandoning module ProceduralMeshComponentEditor (352)
[2018.05.02-08.19.12:597][ 97]LogModuleManager: Shutting down and abandoning module ProceduralMeshComponent (350)
[2018.05.02-08.19.12:597][ 97]LogModuleManager: Shutting down and abandoning module OculusInput (348)
[2018.05.02-08.19.12:597][ 97]LogModuleManager: Shutting down and abandoning module MobilePatchingUtils (346)
[2018.05.02-08.19.12:597][ 97]LogModuleManager: Shutting down and abandoning module CustomMeshComponent (344)
[2018.05.02-08.19.12:597][ 97]LogModuleManager: Shutting down and abandoning module CableComponent (342)
[2018.05.02-08.19.12:597][ 97]LogModuleManager: Shutting down and abandoning module ArchVisCharacter (340)
[2018.05.02-08.19.12:597][ 97]LogModuleManager: Shutting down and abandoning module AndroidPermission (338)
[2018.05.02-08.19.12:597][ 97]LogModuleManager: Shutting down and abandoning module ActorSequence (334)
[2018.05.02-08.19.12:597][ 97]LogModuleManager: Shutting down and abandoning module MediaPlayerEditor (332)
[2018.05.02-08.19.12:597][ 97]LogModuleManager: Shutting down and abandoning module MediaCompositingEditor (330)
[2018.05.02-08.19.12:597][ 97]LogModuleManager: Shutting down and abandoning module MediaCompositing (328)
[2018.05.02-08.19.12:597][ 97]LogModuleManager: Shutting down and abandoning module HTML5Networking (326)
[2018.05.02-08.19.12:597][ 97]LogModuleManager: Shutting down and abandoning module BlueprintStats (324)
[2018.05.02-08.19.12:597][ 97]LogModuleManager: Shutting down and abandoning module AlembicImporter (322)
[2018.05.02-08.19.12:597][ 97]LogModuleManager: Shutting down and abandoning module AlembicLibrary (321)
[2018.05.02-08.19.12:597][ 97]LogModuleManager: Shutting down and abandoning module GeometryCache (320)
[2018.05.02-08.19.12:597][ 97]LogModuleManager: Shutting down and abandoning module GeometryCacheEd (319)
[2018.05.02-08.19.12:597][ 97]LogModuleManager: Shutting down and abandoning module SpeedTreeImporter (314)
[2018.05.02-08.19.12:597][ 97]LogModuleManager: Shutting down and abandoning module PluginBrowser (312)
[2018.05.02-08.19.12:597][ 97]LogModuleManager: Shutting down and abandoning module MobileLauncherProfileWizard (310)
[2018.05.02-08.19.12:597][ 97]LogModuleManager: Shutting down and abandoning module VisualStudioSourceCodeAccess (308)
[2018.05.02-08.19.12:597][ 97]LogModuleManager: Shutting down and abandoning module VisualStudioCodeSourceCodeAccess (306)
[2018.05.02-08.19.12:597][ 97]LogModuleManager: Shutting down and abandoning module UObjectPlugin (304)
[2018.05.02-08.19.12:597][ 97]LogModuleManager: Shutting down and abandoning module SubversionSourceControl (302)
[2018.05.02-08.19.12:597][ 97]LogModuleManager: Shutting down and abandoning module PerforceSourceControl (300)
[2018.05.02-08.19.12:597][ 97]LogModuleManager: Shutting down and abandoning module GitSourceControl (298)
[2018.05.02-08.19.12:597][ 97]LogModuleManager: Shutting down and abandoning module SourceControl (297)
[2018.05.02-08.19.12:597][ 97]LogModuleManager: Shutting down and abandoning module LightPropagationVolumeEditor (294)
[2018.05.02-08.19.12:597][ 97]LogModuleManager: Shutting down and abandoning module PaperTiledImporter (292)
[2018.05.02-08.19.12:597][ 97]LogModuleManager: Shutting down and abandoning module PaperSpriteSheetImporter (290)
[2018.05.02-08.19.12:597][ 97]LogModuleManager: Shutting down and abandoning module Paper2DEditor (288)
[2018.05.02-08.19.12:597][ 97]LogModuleManager: Shutting down and abandoning module MeshPaint (287)
[2018.05.02-08.19.12:597][ 97]LogModuleManager: Shutting down and abandoning module LevelEditor (285)
[2018.05.02-08.19.12:598][ 97]LogModuleManager: Shutting down and abandoning module PixelInspectorModule (284)
[2018.05.02-08.19.12:598][ 97]LogModuleManager: Shutting down and abandoning module MainFrame (282)
[2018.05.02-08.19.12:598][ 97]LogModuleManager: Shutting down and abandoning module HotReload (281)
[2018.05.02-08.19.12:598][ 97]LogModuleManager: Shutting down and abandoning module RuntimePhysXCooking (276)
[2018.05.02-08.19.12:598][ 97]LogModuleManager: Shutting down and abandoning module PhysXVehiclesEditor (274)
[2018.05.02-08.19.12:598][ 97]LogModuleManager: Shutting down and abandoning module PhysXVehicles (272)
[2018.05.02-08.19.12:598][ 97]LogModuleManager: Shutting down and abandoning module OculusEditor (270)
[2018.05.02-08.19.12:599][ 97]LogModuleManager: Shutting down and abandoning module LocationServicesBPLibrary (268)
[2018.05.02-08.19.12:599][ 97]LogModuleManager: Shutting down and abandoning module ImmediatePhysicsEditor (266)
[2018.05.02-08.19.12:599][ 97]LogModuleManager: Shutting down and abandoning module ImmediatePhysics (264)
[2018.05.02-08.19.12:599][ 97]LogModuleManager: Shutting down and abandoning module ApexDestructionEditor (262)
[2018.05.02-08.19.12:599][ 97]LogModuleManager: Shutting down and abandoning module ApexDestruction (260)
[2018.05.02-08.19.12:599][ 97]LogModuleManager: Shutting down and abandoning module UdpMessaging (258)
[2018.05.02-08.19.12:699][ 97]LogModuleManager: Shutting down and abandoning module TcpMessaging (256)
[2018.05.02-08.19.12:890][ 97]LogModuleManager: Shutting down and abandoning module SubstanceCore (254)
[2018.05.02-08.19.12:891][ 97]LogModuleManager: Shutting down and abandoning module GameplayTagsEditor (252)
[2018.05.02-08.19.12:891][ 97]LogModuleManager: Shutting down and abandoning module FacialAnimationEditor (250)
[2018.05.02-08.19.12:891][ 97]LogModuleManager: Shutting down and abandoning module FacialAnimation (248)
[2018.05.02-08.19.12:891][ 97]LogModuleManager: Shutting down and abandoning module AssetManagerEditor (246)
[2018.05.02-08.19.12:891][ 97]LogModuleManager: Shutting down and abandoning module GraphEditor (245)
[2018.05.02-08.19.12:891][ 97]LogModuleManager: Shutting down and abandoning module ContentBrowser (243)
[2018.05.02-08.19.12:891][ 97]LogModuleManager: Shutting down and abandoning module LightPropagationVolumeRuntime (240)
[2018.05.02-08.19.12:891][ 97]LogModuleManager: Shutting down and abandoning module Paper2D (238)
[2018.05.02-08.19.12:891][ 97]LogModuleManager: Shutting down and abandoning module WindowsMoviePlayer (236)
[2018.05.02-08.19.12:891][ 97]LogModuleManager: Shutting down and abandoning module WmfMedia (234)
[2018.05.02-08.19.12:892][ 97]LogModuleManager: Shutting down and abandoning module ImgMedia (232)
[2018.05.02-08.19.12:892][ 97]LogModuleManager: Shutting down and abandoning module PacketHandler (230)
[2018.05.02-08.19.12:892][ 97]LogModuleManager: Shutting down and abandoning module ClothingSystemEditor (228)
[2018.05.02-08.19.12:892][ 97]LogModuleManager: Shutting down and abandoning module ClothingSystemRuntime (226)
[2018.05.02-08.19.12:892][ 97]LogModuleManager: Shutting down and abandoning module MediaAssets (224)
[2018.05.02-08.19.12:892][ 97]LogModuleManager: Shutting down and abandoning module Media (223)
[2018.05.02-08.19.12:898][ 97]LogModuleManager: Shutting down and abandoning module Overlay (220)
[2018.05.02-08.19.12:898][ 97]LogModuleManager: Shutting down and abandoning module OverlayEditor (219)
[2018.05.02-08.19.12:898][ 97]LogModuleManager: Shutting down and abandoning module VREditor (216)
[2018.05.02-08.19.12:898][ 97]LogModuleManager: Shutting down and abandoning module StringTableEditor (214)
[2018.05.02-08.19.12:898][ 97]LogModuleManager: Shutting down and abandoning module GameplayTasksEditor (212)
[2018.05.02-08.19.12:898][ 97]LogModuleManager: Shutting down and abandoning module BehaviorTreeEditor (210)
[2018.05.02-08.19.12:898][ 97]LogModuleManager: Shutting down and abandoning module FunctionalTesting (208)
[2018.05.02-08.19.12:898][ 97]LogModuleManager: Shutting down and abandoning module CollisionAnalyzer (206)
[2018.05.02-08.19.12:898][ 97]LogModuleManager: Shutting down and abandoning module WorkspaceMenuStructure (205)
[2018.05.02-08.19.12:898][ 97]LogModuleManager: Shutting down and abandoning module UMG (202)
[2018.05.02-08.19.12:898][ 97]LogModuleManager: Shutting down and abandoning module UMGEditor (201)
[2018.05.02-08.19.12:898][ 97]LogModuleManager: Shutting down and abandoning module Sequencer (200)
[2018.05.02-08.19.12:898][ 97]LogModuleManager: Shutting down and abandoning module MessageLog (197)
[2018.05.02-08.19.12:898][ 97]LogModuleManager: Shutting down and abandoning module SlateReflector (192)
[2018.05.02-08.19.12:898][ 97]LogModuleManager: Shutting down and abandoning module Slate (190)
[2018.05.02-08.19.12:898][ 97]LogModuleManager: Shutting down and abandoning module EditorStyle (188)
[2018.05.02-08.19.12:900][ 97]LogModuleManager: Shutting down and abandoning module MRMesh (186)
[2018.05.02-08.19.12:900][ 97]LogModuleManager: Shutting down and abandoning module SourceCodeAccess (184)
[2018.05.02-08.19.12:900][ 97]LogModuleManager: Shutting down and abandoning module HeadMountedDisplay (182)
[2018.05.02-08.19.12:900][ 97]LogModuleManager: Shutting down and abandoning module XAudio2 (180)
[2018.05.02-08.19.12:900][ 97]LogModuleManager: Shutting down and abandoning module Networking (178)
[2018.05.02-08.19.12:900][ 97]LogModuleManager: Shutting down and abandoning module Core (174)
[2018.05.02-08.19.12:900][ 97]LogModuleManager: Shutting down and abandoning module LevelSequence (170)
[2018.05.02-08.19.12:900][ 97]LogModuleManager: Shutting down and abandoning module DirectoryWatcher (168)
[2018.05.02-08.19.12:900][ 97]LogModuleManager: Shutting down and abandoning module KismetCompiler (166)
[2018.05.02-08.19.12:900][ 97]LogModuleManager: Shutting down and abandoning module MeshUtilities (164)
[2018.05.02-08.19.12:900][ 97]LogModuleManager: Shutting down and abandoning module MeshMergeUtilities (163)
[2018.05.02-08.19.12:900][ 97]LogModuleManager: Shutting down and abandoning module MeshReductionInterface (162)
[2018.05.02-08.19.12:900][ 97]LogModuleManager: Shutting down and abandoning module SimplygonSwarm (161)
[2018.05.02-08.19.12:900][ 97]LogModuleManager: Shutting down and abandoning module SimplygonMeshReduction (159)
[2018.05.02-08.19.12:900][ 97]LogModuleManager: Shutting down and abandoning module QuadricMeshReduction (157)
[2018.05.02-08.19.12:900][ 97]LogModuleManager: Shutting down and abandoning module MaterialBaking (153)
[2018.05.02-08.19.12:900][ 97]LogModuleManager: Shutting down and abandoning module DerivedDataCache (150)
[2018.05.02-08.19.12:978][ 97]LogDerivedDataCache: Shutdown
[2018.05.02-08.19.12:978][ 97]LogModuleManager: Shutting down and abandoning module TargetPlatform (148)
[2018.05.02-08.19.12:978][ 97]LogModuleManager: Shutting down and abandoning module VulkanShaderFormat (147)
[2018.05.02-08.19.12:978][ 97]LogModuleManager: Shutting down and abandoning module ShaderFormatVectorVM (145)
[2018.05.02-08.19.12:978][ 97]LogModuleManager: Shutting down and abandoning module ShaderFormatOpenGL (143)
[2018.05.02-08.19.12:978][ 97]LogModuleManager: Shutting down and abandoning module ShaderFormatD3D (141)
[2018.05.02-08.19.12:978][ 97]LogModuleManager: Shutting down and abandoning module MetalShaderFormat (139)
[2018.05.02-08.19.12:978][ 97]LogModuleManager: Shutting down and abandoning module TextureFormatUncompressed (137)
[2018.05.02-08.19.12:978][ 97]LogModuleManager: Shutting down and abandoning module TextureFormatPVR (135)
[2018.05.02-08.19.12:978][ 97]LogModuleManager: Shutting down and abandoning module TextureFormatDXT (133)
[2018.05.02-08.19.12:978][ 97]LogModuleManager: Shutting down and abandoning module TextureFormatIntelISPCTexComp (131)
[2018.05.02-08.19.12:978][ 97]LogModuleManager: Shutting down and abandoning module TextureFormatASTC (129)
[2018.05.02-08.19.12:978][ 97]LogModuleManager: Shutting down and abandoning module ImageWrapper (128)
[2018.05.02-08.19.12:978][ 97]LogModuleManager: Shutting down and abandoning module TextureFormatAndroid (125)
[2018.05.02-08.19.12:978][ 97]LogModuleManager: Shutting down and abandoning module AudioFormatOpus (123)
[2018.05.02-08.19.12:978][ 97]LogModuleManager: Shutting down and abandoning module AudioFormatOgg (121)
[2018.05.02-08.19.12:978][ 97]LogModuleManager: Shutting down and abandoning module AudioFormatADPCM (119)
[2018.05.02-08.19.12:978][ 97]LogModuleManager: Shutting down and abandoning module LinuxTargetPlatform (117)
[2018.05.02-08.19.12:978][ 97]LogModuleManager: Shutting down and abandoning module LinuxServerTargetPlatform (115)
[2018.05.02-08.19.12:978][ 97]LogModuleManager: Shutting down and abandoning module LinuxNoEditorTargetPlatform (113)
[2018.05.02-08.19.12:978][ 97]LogModuleManager: Shutting down and abandoning module LinuxClientTargetPlatform (111)
[2018.05.02-08.19.12:978][ 97]LogModuleManager: Shutting down and abandoning module TVOSTargetPlatform (109)
[2018.05.02-08.19.12:978][ 97]LogModuleManager: Shutting down and abandoning module Messaging (107)
[2018.05.02-08.19.12:978][ 97]LogModuleManager: Shutting down and abandoning module IOSTargetPlatform (105)
[2018.05.02-08.19.12:978][ 97]LogModuleManager: Shutting down and abandoning module HTML5TargetPlatform (103)
[2018.05.02-08.19.12:978][ 97]LogModuleManager: Shutting down and abandoning module AndroidTargetPlatform (101)
[2018.05.02-08.19.12:978][ 97]LogModuleManager: Shutting down and abandoning module Android_PVRTCTargetPlatform (99)
[2018.05.02-08.19.12:978][ 97]LogModuleManager: Shutting down and abandoning module Android_MultiTargetPlatform (97)
[2018.05.02-08.19.12:978][ 97]LogModuleManager: Shutting down and abandoning module Android_ETC2TargetPlatform (95)
[2018.05.02-08.19.12:978][ 97]LogModuleManager: Shutting down and abandoning module Android_ETC1TargetPlatform (93)
[2018.05.02-08.19.12:978][ 97]LogModuleManager: Shutting down and abandoning module Android_DXTTargetPlatform (91)
[2018.05.02-08.19.12:978][ 97]LogModuleManager: Shutting down and abandoning module Android_ATCTargetPlatform (89)
[2018.05.02-08.19.12:978][ 97]LogModuleManager: Shutting down and abandoning module Android_ASTCTargetPlatform (87)
[2018.05.02-08.19.12:979][ 97]LogModuleManager: Shutting down and abandoning module WindowsTargetPlatform (85)
[2018.05.02-08.19.12:979][ 97]LogModuleManager: Shutting down and abandoning module WindowsServerTargetPlatform (83)
[2018.05.02-08.19.12:979][ 97]LogModuleManager: Shutting down and abandoning module WindowsNoEditorTargetPlatform (81)
[2018.05.02-08.19.12:979][ 97]LogModuleManager: Shutting down and abandoning module WindowsClientTargetPlatform (79)
[2018.05.02-08.19.12:979][ 97]LogModuleManager: Shutting down and abandoning module MacTargetPlatform (77)
[2018.05.02-08.19.12:979][ 97]LogModuleManager: Shutting down and abandoning module MacServerTargetPlatform (75)
[2018.05.02-08.19.12:979][ 97]LogModuleManager: Shutting down and abandoning module MacNoEditorTargetPlatform (73)
[2018.05.02-08.19.12:979][ 97]LogModuleManager: Shutting down and abandoning module MacClientTargetPlatform (71)
[2018.05.02-08.19.12:979][ 97]LogModuleManager: Shutting down and abandoning module AllDesktopTargetPlatform (69)
[2018.05.02-08.19.12:979][ 97]LogModuleManager: Shutting down and abandoning module InputCore (66)
[2018.05.02-08.19.12:979][ 97]LogModuleManager: Shutting down and abandoning module Settings (64)
[2018.05.02-08.19.12:979][ 97]LogModuleManager: Shutting down and abandoning module PhysXCooking (62)
[2018.05.02-08.19.12:979][ 97]LogModuleManager: Shutting down and abandoning module SteamVR (60)
[2018.05.02-08.19.12:979][ 97]LogModuleManager: Shutting down and abandoning module OculusHMD (58)
[2018.05.02-08.19.12:979][ 97]LogModuleManager: Shutting down and abandoning module OculusAudio (56)
[2018.05.02-08.19.12:979][ 97]LogModuleManager: Shutting down and abandoning module ExampleDeviceProfileSelector (54)
[2018.05.02-08.19.12:979][ 97]LogModuleManager: Shutting down and abandoning module AppleARKit (52)
[2018.05.02-08.19.12:979][ 97]LogModuleManager: Shutting down and abandoning module AugmentedReality (51)
[2018.05.02-08.19.12:979][ 97]LogModuleManager: Shutting down and abandoning module OnlineBlueprintSupport (48)
[2018.05.02-08.19.12:979][ 97]LogModuleManager: Shutting down and abandoning module OnlineSubsystem (44)
[2018.05.02-08.19.12:979][ 97]LogModuleManager: Shutting down and abandoning module XMPP (43)
[2018.05.02-08.19.12:979][ 97]LogModuleManager: Shutting down and abandoning module HTTP (41)
[2018.05.02-08.19.12:979][ 97]LogHttp: Display: Http module shutting down, but needs to wait on 1 outstanding Http requests:
[2018.05.02-08.19.12:979][ 97]LogHttp: Display: 	verb=[POST] url=[https://datarouter.ol.epicgames.com/datarouter/api/v1/public/data?SessionID=%7BBA0FB55C-40EF-AC36-807E-2FA2CB691972%7D&AppID=UEEditor.Rocket.Release&AppVersion=4.18.3-3832480%2B%2B%2BUE4%2BRelease-4.18&UserID=2bae70db41f084004a2ce0bd3e06ec0c%7Cb3a122d34d8d4250b2d7520357a10a81%7C5f585d7b-ecc4-4dd4-88bd-af123f1b33ca&AppEnvironment=datacollector-binary&UploadType=eteventstream] status=Processing
[2018.05.02-08.19.12:990][ 97]LogModuleManager: Shutting down and abandoning module SSL (40)
[2018.05.02-08.19.12:990][ 97]LogModuleManager: Shutting down and abandoning module AnimationModifiers (36)
[2018.05.02-08.19.12:991][ 97]LogModuleManager: Shutting down and abandoning module PropertyEditor (35)
[2018.05.02-08.19.12:991][ 97]LogModuleManager: Shutting down and abandoning module AudioEditor (32)
[2018.05.02-08.19.12:991][ 97]LogModuleManager: Shutting down and abandoning module TextureCompressor (30)
[2018.05.02-08.19.12:991][ 97]LogModuleManager: Shutting down and abandoning module ShaderCore (28)
[2018.05.02-08.19.12:991][ 97]LogModuleManager: Shutting down and abandoning module Landscape (26)
[2018.05.02-08.19.12:991][ 97]LogModuleManager: Shutting down and abandoning module SlateRHIRenderer (24)
[2018.05.02-08.19.12:991][ 97]LogModuleManager: Shutting down and abandoning module OpenGLDrv (22)
[2018.05.02-08.19.12:991][ 97]LogModuleManager: Shutting down and abandoning module D3D11RHI (20)
[2018.05.02-08.19.12:991][ 97]LogModuleManager: Shutting down and abandoning module AnimGraphRuntime (18)
[2018.05.02-08.19.12:991][ 97]LogModuleManager: Shutting down and abandoning module Renderer (16)
[2018.05.02-08.19.12:991][ 97]LogModuleManager: Shutting down and abandoning module Engine (14)
[2018.05.02-08.19.12:991][ 97]LogModuleManager: Shutting down and abandoning module CoreUObject (12)
[2018.05.02-08.19.12:992][ 97]LogModuleManager: Shutting down and abandoning module NetworkFile (10)
[2018.05.02-08.19.12:992][ 97]LogModuleManager: Shutting down and abandoning module CookedIterativeFile (8)
[2018.05.02-08.19.12:992][ 97]LogModuleManager: Shutting down and abandoning module StreamingFile (6)
[2018.05.02-08.19.12:992][ 97]LogModuleManager: Shutting down and abandoning module SandboxFile (4)
[2018.05.02-08.19.12:992][ 97]LogModuleManager: Shutting down and abandoning module PakFile (2)
[2018.05.02-08.19.12:994][ 97]LogExit: Exiting.
[2018.05.02-08.19.12:995][ 97]Log file closed, 05/02/18 01:19:12
