Log file open, 04/23/18 15:34:52
LogWindows: Failed to load 'aqProf.dll' (GetLastError=126)
LogWindows: File 'aqProf.dll' does not exist
LogWindows: Failed to load 'VSPerf140.dll' (GetLastError=126)
LogWindows: File 'VSPerf140.dll' does not exist
LogWindows: Failed to load 'VtuneApi.dll' (GetLastError=126)
LogWindows: File 'VtuneApi.dll' does not exist
LogWindows: Failed to load 'VtuneApi32e.dll' (GetLastError=126)
LogWindows: File 'VtuneApi32e.dll' does not exist
LogInit: Display: Running engine for game: SushiShop
LogPlatformFile: Not using cached read wrapper
LogInit: Display: RandInit(1798350814) SRandInit(1798350814).
LogInit: Read version file with build ID '3709383'
LogInit: Overriding engine version to CL 3832480, compatible CL 3709383
LogInit: Registered custom module enumerator with build ID '3709383'
LogTaskGraph: Started task graph with 5 named threads and 14 total threads with 3 sets of task threads.
LogStats: Stats thread started at 0.149849
LogD3D11RHI: Aftermath initialized
LogModuleManager: Display: Found up-to-date module file ../../../Engine/Plugins/2D/Paper2D/Binaries/Win64/UE4Editor-Paper2D.dll (API version 3709383).
LogModuleManager: Display: Found up-to-date module file ../../../Engine/Plugins/2D/Paper2D/Binaries/Win64/UE4Editor-Paper2DEditor.dll (API version 3709383).
LogModuleManager: Display: Found up-to-date module file ../../../Engine/Plugins/2D/Paper2D/Binaries/Win64/UE4Editor-PaperSpriteSheetImporter.dll (API version 3709383).
LogModuleManager: Display: Found up-to-date module file ../../../Engine/Plugins/2D/Paper2D/Binaries/Win64/UE4Editor-PaperTiledImporter.dll (API version 3709383).
LogModuleManager: Display: Found up-to-date module file ../../../Engine/Plugins/2D/Paper2D/Binaries/Win64/UE4Editor-SmartSnapping.dll (API version 3709383).
LogModuleManager: Display: Found up-to-date module file ../../../Engine/Plugins/Blendables/LightPropagationVolume/Binaries/Win64/UE4Editor-LightPropagationVolumeRuntime.dll (API version 3709383).
LogModuleManager: Display: Found up-to-date module file ../../../Engine/Plugins/Blendables/LightPropagationVolume/Binaries/Win64/UE4Editor-LightPropagationVolumeEditor.dll (API version 3709383).
LogModuleManager: Display: Found up-to-date module file ../../../Engine/Plugins/Developer/GitSourceControl/Binaries/Win64/UE4Editor-GitSourceControl.dll (API version 3709383).
LogModuleManager: Display: Found up-to-date module file ../../../Engine/Plugins/Developer/PerforceSourceControl/Binaries/Win64/UE4Editor-PerforceSourceControl.dll (API version 3709383).
LogModuleManager: Display: Found up-to-date module file ../../../Engine/Plugins/Developer/SubversionSourceControl/Binaries/Win64/UE4Editor-SubversionSourceControl.dll (API version 3709383).
LogModuleManager: Display: Found up-to-date module file ../../../Engine/Plugins/Developer/UObjectPlugin/Binaries/Win64/UE4Editor-UObjectPlugin.dll (API version 3709383).
LogModuleManager: Display: Found up-to-date module file ../../../Engine/Plugins/Developer/VisualStudioCodeSourceCodeAccess/Binaries/Win64/UE4Editor-VisualStudioCodeSourceCodeAccess.dll (API version 3709383).
LogModuleManager: Display: Found up-to-date module file ../../../Engine/Plugins/Developer/VisualStudioSourceCodeAccess/Binaries/Win64/UE4Editor-VisualStudioSourceCodeAccess.dll (API version 3709383).
LogModuleManager: Display: Found up-to-date module file ../../../Engine/Plugins/Editor/AssetManagerEditor/Binaries/Win64/UE4Editor-AssetManagerEditor.dll (API version 3709383).
LogModuleManager: Display: Found up-to-date module file ../../../Engine/Plugins/Editor/AudioCapture/Binaries/Win64/UE4Editor-AudioCapture.dll (API version 3709383).
LogModuleManager: Display: Found up-to-date module file ../../../Engine/Plugins/Editor/FacialAnimation/Binaries/Win64/UE4Editor-FacialAnimation.dll (API version 3709383).
LogModuleManager: Display: Found up-to-date module file ../../../Engine/Plugins/Editor/FacialAnimation/Binaries/Win64/UE4Editor-FacialAnimationEditor.dll (API version 3709383).
LogModuleManager: Display: Found up-to-date module file ../../../Engine/Plugins/Editor/GameplayTagsEditor/Binaries/Win64/UE4Editor-GameplayTagsEditor.dll (API version 3709383).
LogModuleManager: Display: Found up-to-date module file ../../../Engine/Plugins/Editor/MobileLauncherProfileWizard/Binaries/Win64/UE4Editor-MobileLauncherProfileWizard.dll (API version 3709383).
LogModuleManager: Display: Found up-to-date module file ../../../Engine/Plugins/Editor/PluginBrowser/Binaries/Win64/UE4Editor-PluginBrowser.dll (API version 3709383).
LogModuleManager: Display: Found up-to-date module file ../../../Engine/Plugins/Editor/SpeedTreeImporter/Binaries/Win64/UE4Editor-SpeedTreeImporter.dll (API version 3709383).
LogModuleManager: Display: Found up-to-date module file ../../../Engine/Plugins/Experimental/AlembicImporter/Binaries/Win64/UE4Editor-AlembicImporter.dll (API version 3709383).
LogModuleManager: Display: Found up-to-date module file ../../../Engine/Plugins/Experimental/AlembicImporter/Binaries/Win64/UE4Editor-AlembicLibrary.dll (API version 3709383).
LogModuleManager: Display: Found up-to-date module file ../../../Engine/Plugins/Experimental/CharacterAI/Binaries/Win64/UE4Editor-CharacterAI.dll (API version 3709383).
LogModuleManager: Display: Found up-to-date module file ../../../Engine/Plugins/Experimental/HTML5Networking/Binaries/Win64/UE4Editor-HTML5Networking.dll (API version 3709383).
LogModuleManager: Display: Found up-to-date module file ../../../Engine/Plugins/Media/AndroidMedia/Binaries/Win64/UE4Editor-AndroidMediaEditor.dll (API version 3709383).
LogModuleManager: Display: Found up-to-date module file ../../../Engine/Plugins/Media/AndroidMedia/Binaries/Win64/UE4Editor-AndroidMediaFactory.dll (API version 3709383).
LogModuleManager: Display: Found up-to-date module file ../../../Engine/Plugins/Media/AvfMedia/Binaries/Win64/UE4Editor-AvfMediaEditor.dll (API version 3709383).
LogModuleManager: Display: Found up-to-date module file ../../../Engine/Plugins/Media/AvfMedia/Binaries/Win64/UE4Editor-AvfMediaFactory.dll (API version 3709383).
LogModuleManager: Display: Found up-to-date module file ../../../Engine/Plugins/Media/AvfMedia/Binaries/Win64/UE4Editor-AvfMediaFactory.dll (API version 3709383).
LogModuleManager: Display: Found up-to-date module file ../../../Engine/Plugins/Media/ImgMedia/Binaries/Win64/UE4Editor-ImgMedia.dll (API version 3709383).
LogModuleManager: Display: Found up-to-date module file ../../../Engine/Plugins/Media/ImgMedia/Binaries/Win64/UE4Editor-ImgMediaEditor.dll (API version 3709383).
LogModuleManager: Display: Found up-to-date module file ../../../Engine/Plugins/Media/ImgMedia/Binaries/Win64/UE4Editor-ImgMediaFactory.dll (API version 3709383).
LogModuleManager: Display: Found up-to-date module file ../../../Engine/Plugins/Media/ImgMedia/Binaries/Win64/UE4Editor-ImgMediaFactory.dll (API version 3709383).
LogModuleManager: Display: Found up-to-date module file ../../../Engine/Plugins/Media/ImgMedia/Binaries/Win64/UE4Editor-OpenExrWrapper.dll (API version 3709383).
LogModuleManager: Display: Found up-to-date module file ../../../Engine/Plugins/Media/MediaCompositing/Binaries/Win64/UE4Editor-MediaCompositing.dll (API version 3709383).
LogModuleManager: Display: Found up-to-date module file ../../../Engine/Plugins/Media/MediaCompositing/Binaries/Win64/UE4Editor-MediaCompositingEditor.dll (API version 3709383).
LogModuleManager: Display: Found up-to-date module file ../../../Engine/Plugins/Media/MediaPlayerEditor/Binaries/Win64/UE4Editor-MediaPlayerEditor.dll (API version 3709383).
LogModuleManager: Display: Found up-to-date module file ../../../Engine/Plugins/Media/WmfMedia/Binaries/Win64/UE4Editor-WmfMedia.dll (API version 3709383).
LogModuleManager: Display: Found up-to-date module file ../../../Engine/Plugins/Media/WmfMedia/Binaries/Win64/UE4Editor-WmfMediaEditor.dll (API version 3709383).
LogModuleManager: Display: Found up-to-date module file ../../../Engine/Plugins/Media/WmfMedia/Binaries/Win64/UE4Editor-WmfMediaFactory.dll (API version 3709383).
LogModuleManager: Display: Found up-to-date module file ../../../Engine/Plugins/Media/WmfMedia/Binaries/Win64/UE4Editor-WmfMediaFactory.dll (API version 3709383).
LogModuleManager: Display: Found up-to-date module file ../../../Engine/Plugins/Messaging/TcpMessaging/Binaries/Win64/UE4Editor-TcpMessaging.dll (API version 3709383).
LogModuleManager: Display: Found up-to-date module file ../../../Engine/Plugins/Messaging/UdpMessaging/Binaries/Win64/UE4Editor-UdpMessaging.dll (API version 3709383).
LogModuleManager: Display: Found up-to-date module file ../../../Engine/Plugins/MovieScene/ActorSequence/Binaries/Win64/UE4Editor-ActorSequence.dll (API version 3709383).
LogModuleManager: Display: Found up-to-date module file ../../../Engine/Plugins/MovieScene/LevelSequenceEditor/Binaries/Win64/UE4Editor-LevelSequenceEditor.dll (API version 3709383).
LogModuleManager: Display: Found up-to-date module file ../../../Engine/Plugins/MovieScene/MatineeToLevelSequence/Binaries/Win64/UE4Editor-MatineeToLevelSequence.dll (API version 3709383).
LogModuleManager: Display: Found up-to-date module file ../../../Engine/Plugins/Online/OnlineSubsystem/Binaries/Win64/UE4Editor-OnlineSubsystem.dll (API version 3709383).
LogModuleManager: Display: Found up-to-date module file ../../../Engine/Plugins/Runtime/AndroidPermission/Binaries/Win64/UE4Editor-AndroidPermission.dll (API version 3709383).
LogModuleManager: Display: Found up-to-date module file ../../../Engine/Plugins/Online/OnlineSubsystemNull/Binaries/Win64/UE4Editor-OnlineSubsystemNull.dll (API version 3709383).
LogModuleManager: Display: Found up-to-date module file ../../../Engine/Plugins/Online/OnlineSubsystemUtils/Binaries/Win64/UE4Editor-OnlineSubsystemUtils.dll (API version 3709383).
LogModuleManager: Display: Found up-to-date module file ../../../Engine/Plugins/Online/OnlineSubsystemUtils/Binaries/Win64/UE4Editor-OnlineBlueprintSupport.dll (API version 3709383).
LogModuleManager: Display: Found up-to-date module file ../../../Engine/Plugins/Runtime/AndroidDeviceProfileSelector/Binaries/Win64/UE4Editor-AndroidDeviceProfileSelector.dll (API version 3709383).
LogModuleManager: Display: Found up-to-date module file ../../../Engine/Plugins/Runtime/AppleARKit/Binaries/Win64/UE4Editor-AppleARKit.dll (API version 3709383).
LogModuleManager: Display: Found up-to-date module file ../../../Engine/Plugins/Runtime/ArchVisCharacter/Binaries/Win64/UE4Editor-ArchVisCharacter.dll (API version 3709383).
LogModuleManager: Display: Found up-to-date module file ../../../Engine/Plugins/Runtime/CableComponent/Binaries/Win64/UE4Editor-CableComponent.dll (API version 3709383).
LogModuleManager: Display: Found up-to-date module file ../../../Engine/Plugins/Runtime/CustomMeshComponent/Binaries/Win64/UE4Editor-CustomMeshComponent.dll (API version 3709383).
LogModuleManager: Display: Found up-to-date module file ../../../Engine/Plugins/Runtime/ExampleDeviceProfileSelector/Binaries/Win64/UE4Editor-ExampleDeviceProfileSelector.dll (API version 3709383).
LogModuleManager: Display: Found up-to-date module file ../../../Engine/Plugins/Runtime/ImmediatePhysics/Binaries/Win64/UE4Editor-ImmediatePhysics.dll (API version 3709383).
LogModuleManager: Display: Found up-to-date module file ../../../Engine/Plugins/Runtime/ImmediatePhysics/Binaries/Win64/UE4Editor-ImmediatePhysicsEditor.dll (API version 3709383).
LogModuleManager: Display: Found up-to-date module file ../../../Engine/Plugins/Runtime/LocationServicesBPLibrary/Binaries/Win64/UE4Editor-LocationServicesBPLibrary.dll (API version 3709383).
LogModuleManager: Display: Found up-to-date module file ../../../Engine/Plugins/Runtime/MobilePatchingUtils/Binaries/Win64/UE4Editor-MobilePatchingUtils.dll (API version 3709383).
LogModuleManager: Display: Found up-to-date module file ../../../Engine/Plugins/Runtime/Oculus/OculusVR/Binaries/Win64/UE4Editor-OculusHMD.dll (API version 3709383).
LogModuleManager: Display: Found up-to-date module file ../../../Engine/Plugins/Runtime/Oculus/OculusVR/Binaries/Win64/UE4Editor-OculusInput.dll (API version 3709383).
LogModuleManager: Display: Found up-to-date module file ../../../Engine/Plugins/Runtime/Oculus/OculusVR/Binaries/Win64/UE4Editor-OculusEditor.dll (API version 3709383).
LogModuleManager: Display: Found up-to-date module file ../../../Engine/Plugins/Runtime/PhysXVehicles/Binaries/Win64/UE4Editor-PhysXVehicles.dll (API version 3709383).
LogModuleManager: Display: Found up-to-date module file ../../../Engine/Plugins/Runtime/PhysXVehicles/Binaries/Win64/UE4Editor-PhysXVehiclesEditor.dll (API version 3709383).
LogModuleManager: Display: Found up-to-date module file ../../../Engine/Plugins/Runtime/ProceduralMeshComponent/Binaries/Win64/UE4Editor-ProceduralMeshComponent.dll (API version 3709383).
LogModuleManager: Display: Found up-to-date module file ../../../Engine/Plugins/Runtime/ProceduralMeshComponent/Binaries/Win64/UE4Editor-ProceduralMeshComponentEditor.dll (API version 3709383).
LogModuleManager: Display: Found up-to-date module file ../../../Engine/Plugins/Runtime/RuntimePhysXCooking/Binaries/Win64/UE4Editor-RuntimePhysXCooking.dll (API version 3709383).
LogModuleManager: Display: Found up-to-date module file ../../../Engine/Plugins/Runtime/Steam/SteamVR/Binaries/Win64/UE4Editor-SteamVR.dll (API version 3709383).
LogModuleManager: Display: Found up-to-date module file ../../../Engine/Plugins/Runtime/Steam/SteamVR/Binaries/Win64/UE4Editor-SteamVRController.dll (API version 3709383).
LogModuleManager: Display: Found up-to-date module file ../../../Engine/Plugins/Runtime/WindowsMoviePlayer/Binaries/Win64/UE4Editor-WindowsMoviePlayer.dll (API version 3709383).
LogPluginManager: Mounting plugin Paper2D
LogPluginManager: Mounting plugin LightPropagationVolume
LogPluginManager: Mounting plugin CodeLiteSourceCodeAccess
LogPluginManager: Mounting plugin GitSourceControl
LogPluginManager: Mounting plugin KDevelopSourceCodeAccess
LogPluginManager: Mounting plugin NullSourceCodeAccess
LogPluginManager: Mounting plugin PerforceSourceControl
LogPluginManager: Mounting plugin SubversionSourceControl
LogPluginManager: Mounting plugin UObjectPlugin
LogPluginManager: Mounting plugin VisualStudioCodeSourceCodeAccess
LogPluginManager: Mounting plugin VisualStudioSourceCodeAccess
LogPluginManager: Mounting plugin XCodeSourceCodeAccess
LogPluginManager: Mounting plugin AssetManagerEditor
LogPluginManager: Mounting plugin AudioCapture
LogPluginManager: Mounting plugin FacialAnimation
LogPluginManager: Mounting plugin GameplayTagsEditor
LogPluginManager: Mounting plugin MobileLauncherProfileWizard
LogPluginManager: Mounting plugin PluginBrowser
LogPluginManager: Mounting plugin SpeedTreeImporter
LogPluginManager: Mounting plugin AlembicImporter
LogPluginManager: Mounting plugin CharacterAI
LogPluginManager: Mounting plugin HTML5Networking
LogPluginManager: Mounting plugin AndroidMedia
LogPluginManager: Mounting plugin AvfMedia
LogPluginManager: Mounting plugin ImgMedia
LogPluginManager: Mounting plugin MediaCompositing
LogPluginManager: Mounting plugin MediaPlayerEditor
LogPluginManager: Mounting plugin WmfMedia
LogPluginManager: Mounting plugin TcpMessaging
LogPluginManager: Mounting plugin UdpMessaging
LogPluginManager: Mounting plugin ActorSequence
LogPluginManager: Mounting plugin LevelSequenceEditor
LogPluginManager: Mounting plugin MatineeToLevelSequence
LogPluginManager: Mounting plugin OnlineSubsystemGooglePlay
LogPluginManager: Mounting plugin OnlineSubsystemIOS
LogPluginManager: Mounting plugin OnlineSubsystem
LogPluginManager: Mounting plugin OnlineSubsystemNull
LogPluginManager: Mounting plugin OnlineSubsystemUtils
LogPluginManager: Mounting plugin AndroidDeviceProfileSelector
LogPluginManager: Mounting plugin AndroidMoviePlayer
LogPluginManager: Mounting plugin AndroidPermission
LogPluginManager: Mounting plugin AppleARKit
LogPluginManager: Mounting plugin AppleMoviePlayer
LogPluginManager: Mounting plugin ArchVisCharacter
LogPluginManager: Mounting plugin CableComponent
LogPluginManager: Mounting plugin CustomMeshComponent
LogPluginManager: Mounting plugin ExampleDeviceProfileSelector
LogPluginManager: Mounting plugin GoogleCloudMessaging
LogPluginManager: Mounting plugin ImmediatePhysics
LogPluginManager: Mounting plugin IOSDeviceProfileSelector
LogPluginManager: Mounting plugin LinuxDeviceProfileSelector
LogPluginManager: Mounting plugin LocationServicesBPLibrary
LogPluginManager: Mounting plugin MobilePatchingUtils
LogPluginManager: Mounting plugin OculusVR
LogPluginManager: Plugin shader directory ../../../Engine/Plugins/Runtime/Oculus/OculusVR/Shaders found
LogPluginManager: Mapping shader source directory ../../../Engine/Plugins/Runtime/Oculus/OculusVR/Shaders to virtual directory /Plugin/OculusVR
LogPluginManager: Mounting plugin PhysXVehicles
LogPluginManager: Mounting plugin ProceduralMeshComponent
LogPluginManager: Mounting plugin RuntimePhysXCooking
LogPluginManager: Mounting plugin SteamVR
LogPluginManager: Mounting plugin WindowsMoviePlayer
LogInit: Using libcurl 7.47.1
LogInit:  - built for x86_64-pc-win32
LogInit:  - supports SSL with OpenSSL/1.0.2g
LogInit:  - supports HTTP deflate (compression) using libz 1.2.8
LogInit:  - other features:
LogInit:      CURL_VERSION_SSL
LogInit:      CURL_VERSION_LIBZ
LogInit:      CURL_VERSION_IPV6
LogInit:      CURL_VERSION_ASYNCHDNS
LogInit:      CURL_VERSION_LARGEFILE
LogInit:      CURL_VERSION_IDN
LogInit:  CurlRequestOptions (configurable via config and command line):
LogInit:  - bVerifyPeer = false  - Libcurl will NOT verify peer certificate
LogInit:  - bUseHttpProxy = false  - Libcurl will NOT use HTTP proxy
LogInit:  - bDontReuseConnections = false  - Libcurl will reuse connections
LogInit:  - CertBundlePath = nullptr  - Libcurl will use whatever was configured at build time.
LogInit: Build: ++UE4+Release-4.18-CL-3832480
LogInit: Engine Version: 4.18.3-3832480+++UE4+Release-4.18
LogInit: Compatible Engine Version: 4.18.0-3709383+++UE4+Release-4.18
LogInit: Net CL: 3709383
LogDevObjectVersion: Number of dev versions registered: 16
LogDevObjectVersion:   Dev-Blueprints (B0D832E4-1F89-4F0D-ACCF-7EB736FD4AA2): 10
LogDevObjectVersion:   Dev-Build (E1C64328-A22C-4D53-A36C-8E866417BD8C): 0
LogDevObjectVersion:   Dev-Core (375EC13C-06E4-48FB-B500-84F0262A717E): 2
LogDevObjectVersion:   Dev-Editor (E4B068ED-F494-42E9-A231-DA0B2E46BB41): 20
LogDevObjectVersion:   Dev-Framework (CFFC743F-43B0-4480-9391-14DF171D2073): 30
LogDevObjectVersion:   Dev-Mobile (B02B49B5-BB20-44E9-A304-32B752E40360): 0
LogDevObjectVersion:   Dev-Networking (A4E4105C-59A1-49B5-A7C5-40C4547EDFEE): 0
LogDevObjectVersion:   Dev-Online (39C831C9-5AE6-47DC-9A44-9C173E1C8E7C): 0
LogDevObjectVersion:   Dev-Physics (78F01B33-EBEA-4F98-B9B4-84EACCB95AA2): 0
LogDevObjectVersion:   Dev-Platform (6631380F-2D4D-43E0-8009-CF276956A95A): 0
LogDevObjectVersion:   Dev-Rendering (12F88B9F-8875-4AFC-A67C-D90C383ABD29): 20
LogDevObjectVersion:   Dev-Sequencer (7B5AE74C-D270-4C10-A958-57980B212A5A): 4
LogDevObjectVersion:   Dev-VR (D7296918-1DD6-4BDD-9DE2-64A83CC13884): 0
LogDevObjectVersion:   Dev-LoadTimes (C2A15278-BFE7-4AFE-6C17-90FF531DF755): 1
LogDevObjectVersion:   Private-Geometry (6EACA3D4-40EC-4CC1-B786-8BED09428FC5): 1
LogDevObjectVersion:   Dev-AnimPhys (29E575DD-E0A3-4627-9D10-D276232CDCEA): 12
LogInit: Compiled (64-bit): Jan 12 2018 02:04:55
LogInit: Compiled with Visual C++: 19.00.24215.01
LogInit: Build Configuration: Development
LogInit: Branch Name: ++UE4+Release-4.18
LogInit: Command line: 
LogInit: Base directory: C:/Program Files/Epic Games/UE_4.18/Engine/Binaries/Win64/
LogInit: Installed Engine Build: 1
LogInit: Presizing for max 8388607 objects, including 0 objects not considered by GC, pre-allocating 0 bytes for permanent pool.
LogInit: Object subsystem initialized
[2018.04.23-22.34.53:167][  0]LogInit: Selected Device Profile: [Windows]
[2018.04.23-22.34.53:167][  0]LogInit: Applying CVar settings loaded from the selected device profile: [Windows]
[2018.04.23-22.34.53:176][  0]LogInit: Computer: DESKTOP-TMTLRPJ
[2018.04.23-22.34.53:176][  0]LogInit: User: GameDevClub
[2018.04.23-22.34.53:176][  0]LogInit: CPU Page size=4096, Cores=4
[2018.04.23-22.34.53:176][  0]LogInit: High frequency timer resolution =4.101566 MHz
[2018.04.23-22.34.53:176][  0]LogMemory: Memory total: Physical=16.0GB (16GB approx)
[2018.04.23-22.34.53:176][  0]LogMemory: Platform Memory Stats for Windows
[2018.04.23-22.34.53:176][  0]LogMemory: Process Physical Memory: 281.00 MB used, 281.00 MB peak
[2018.04.23-22.34.53:176][  0]LogMemory: Process Virtual Memory: 272.41 MB used, 272.41 MB peak
[2018.04.23-22.34.53:176][  0]LogMemory: Physical Memory: 5458.86 MB used,  10888.27 MB free, 16347.13 MB total
[2018.04.23-22.34.53:176][  0]LogMemory: Virtual Memory: 736.80 MB used,  10888.27 MB free, 134217728.00 MB total
[2018.04.23-22.34.53:278][  0]LogInit: Using OS detected language (en-US).
[2018.04.23-22.34.53:278][  0]LogInit: Using OS detected locale (en-US).
[2018.04.23-22.34.53:279][  0]LogTextLocalizationManager: No specific localization for 'en-US' exists, so the 'en' localization will be used.
[2018.04.23-22.34.53:563][  0]LogInit: Setting process to per monitor DPI aware
[2018.04.23-22.34.53:736][  0]LogD3D11RHI: D3D11 adapters:
[2018.04.23-22.34.53:763][  0]LogD3D11RHI:    0. 'NVIDIA GeForce GTX 1080 Ti' (Feature Level 11_0)
[2018.04.23-22.34.53:763][  0]LogD3D11RHI:       11127/0/8173 MB DedicatedVideo/DedicatedSystem/SharedSystem, Outputs:3, VendorId:0x10de
[2018.04.23-22.34.53:764][  0]LogD3D11RHI:    1. 'Microsoft Basic Render Driver' (Feature Level 11_0)
[2018.04.23-22.34.53:764][  0]LogD3D11RHI:       0/0/8173 MB DedicatedVideo/DedicatedSystem/SharedSystem, Outputs:0, VendorId:0x1414
[2018.04.23-22.34.53:764][  0]LogD3D11RHI: Chosen D3D11 Adapter: 0
[2018.04.23-22.34.53:769][  0]LogD3D11RHI: Creating new Direct3DDevice
[2018.04.23-22.34.53:769][  0]LogD3D11RHI:     GPU DeviceId: 0x1b06 (for the marketing name, search the web for "GPU Device Id")
[2018.04.23-22.34.53:769][  0]LogWindows: EnumDisplayDevices:
[2018.04.23-22.34.53:770][  0]LogWindows:    0. 'NVIDIA GeForce GTX 1080 Ti' (P:1 D:1)
[2018.04.23-22.34.53:770][  0]LogWindows:    1. 'NVIDIA GeForce GTX 1080 Ti' (P:0 D:1)
[2018.04.23-22.34.53:770][  0]LogWindows:    2. 'NVIDIA GeForce GTX 1080 Ti' (P:0 D:1)
[2018.04.23-22.34.53:770][  0]LogWindows:    3. 'NVIDIA GeForce GTX 1080 Ti' (P:0 D:0)
[2018.04.23-22.34.53:770][  0]LogWindows: DebugString: GetVideoDriverDetailsInvalid PrimaryIsNotTheChoosenAdapter GetVideoDriverDetailsInvalid PrimaryIsNotTheChoosenAdapter GetVideoDriverDetailsInvalid PrimaryIsNotTheChoosenAdapter GetVideoDriverDetailsInvalid PrimaryIsNotTheChoosenAdapter FoundDriverCount:0 
[2018.04.23-22.34.53:770][  0]LogD3D11RHI:     Adapter Name: NVIDIA GeForce GTX 1080 Ti
[2018.04.23-22.34.53:770][  0]LogD3D11RHI:   Driver Version: Unknown (internal:Unknown, unified:Unknown)
[2018.04.23-22.34.53:770][  0]LogD3D11RHI:      Driver Date: Unknown
[2018.04.23-22.34.53:770][  0]LogRHI: Texture pool is 7788 MB (70% of 11127 MB)
[2018.04.23-22.34.53:789][  0]LogD3D11RHI: Async texture creation enabled
[2018.04.23-22.34.53:841][  0]LogD3D11RHI: GPU Timing Frequency: 1000.000000 (Debug: 2 2)
[2018.04.23-22.34.53:936][  0]LogShaderCompilers: Guid format shader working directory is -20 characters bigger than the processId version (../../../../../../Users/GameDevClub/Documents/GitHub/SushiShop/SushiShop/Intermediate/Shaders/WorkingDirectory/8788/).
[2018.04.23-22.34.53:936][  0]LogShaderCompilers: Cleaned the shader compiler working directory 'C:/Users/GameDevClub/AppData/Local/Temp/UnrealShaderWorkingDir/C268B51D41E99A5FB9E1178EC3828B30/'.
[2018.04.23-22.34.53:936][  0]LogShaderCompilers: Display: Using Local Shader Compiler.
[2018.04.23-22.34.54:564][  0]LogTemp: Display: Loaded TP AllDesktopTargetPlatform
[2018.04.23-22.34.54:603][  0]LogTemp: Display: Loaded TP MacClientTargetPlatform
[2018.04.23-22.34.54:640][  0]LogTemp: Display: Loaded TP MacNoEditorTargetPlatform
[2018.04.23-22.34.54:678][  0]LogTemp: Display: Loaded TP MacServerTargetPlatform
[2018.04.23-22.34.54:715][  0]LogTemp: Display: Loaded TP MacTargetPlatform
[2018.04.23-22.34.54:752][  0]LogTemp: Display: Loaded TP WindowsClientTargetPlatform
[2018.04.23-22.34.54:789][  0]LogTemp: Display: Loaded TP WindowsNoEditorTargetPlatform
[2018.04.23-22.34.54:826][  0]LogTemp: Display: Loaded TP WindowsServerTargetPlatform
[2018.04.23-22.34.54:858][  0]LogTemp: Display: Loaded TP WindowsTargetPlatform
[2018.04.23-22.34.54:894][  0]LogTemp: Display: Loaded TP Android_ASTCTargetPlatform
[2018.04.23-22.34.54:930][  0]LogTemp: Display: Loaded TP Android_ATCTargetPlatform
[2018.04.23-22.34.54:966][  0]LogTemp: Display: Loaded TP Android_DXTTargetPlatform
[2018.04.23-22.34.55:001][  0]LogTemp: Display: Loaded TP Android_ETC1TargetPlatform
[2018.04.23-22.34.55:037][  0]LogTemp: Display: Loaded TP Android_ETC2TargetPlatform
[2018.04.23-22.34.55:110][  0]LogTemp: Display: Loaded TP Android_MultiTargetPlatform
[2018.04.23-22.34.55:110][  0]LogTemp: Display: Loaded TP Android_PVRTCTargetPlatform
[2018.04.23-22.34.55:146][  0]LogTemp: Display: Loaded TP AndroidTargetPlatform
[2018.04.23-22.34.55:174][  0]LogTemp: Display: Loaded TP HTML5TargetPlatform
[2018.04.23-22.34.55:245][  0]LogTemp: Display: Loaded TP IOSTargetPlatform
[2018.04.23-22.34.55:264][  0]LogTemp: Display: Loaded TP TVOSTargetPlatform
[2018.04.23-22.34.55:299][  0]LogTemp: Display: Loaded TP LinuxClientTargetPlatform
[2018.04.23-22.34.55:336][  0]LogTemp: Display: Loaded TP LinuxNoEditorTargetPlatform
[2018.04.23-22.34.55:372][  0]LogTemp: Display: Loaded TP LinuxServerTargetPlatform
[2018.04.23-22.34.55:407][  0]LogTemp: Display: Loaded TP LinuxTargetPlatform
[2018.04.23-22.34.55:408][  0]LogTargetPlatformManager: Display: Building Assets For Windows
[2018.04.23-22.34.55:732][  0]LogDerivedDataCache: Display: Max Cache Size: 512 MB
[2018.04.23-22.34.55:779][  0]LogDerivedDataCache: Loaded boot cache 0.05s 80MB C:/Users/GameDevClub/AppData/Local/UnrealEngine/4.18/DerivedDataCache/Boot.ddc.
[2018.04.23-22.34.55:779][  0]LogDerivedDataCache: Display: Loaded Boot cache: C:/Users/GameDevClub/AppData/Local/UnrealEngine/4.18/DerivedDataCache/Boot.ddc
[2018.04.23-22.34.55:779][  0]LogDerivedDataCache: FDerivedDataBackendGraph:  Pak pak cache file ../../../../../../Users/GameDevClub/Documents/GitHub/SushiShop/SushiShop/DerivedDataCache/DDC.ddp not found, will not use a pak cache.
[2018.04.23-22.34.55:779][  0]LogDerivedDataCache: Unable to find inner node Pak for hierarchical cache Hierarchy.
[2018.04.23-22.34.55:779][  0]LogDerivedDataCache: FDerivedDataBackendGraph:  CompressedPak pak cache file ../../../../../../Users/GameDevClub/Documents/GitHub/SushiShop/SushiShop/DerivedDataCache/Compressed.ddp not found, will not use a pak cache.
[2018.04.23-22.34.55:779][  0]LogDerivedDataCache: Unable to find inner node CompressedPak for hierarchical cache Hierarchy.
[2018.04.23-22.34.55:790][  0]LogDerivedDataCache: Display: Pak cache opened for reading ../../../Engine/DerivedDataCache/Compressed.ddp.
[2018.04.23-22.34.55:802][  0]LogDerivedDataCache: Using Local data cache path C:/Users/GameDevClub/AppData/Local/UnrealEngine/Common/DerivedDataCache: Writable
[2018.04.23-22.34.55:809][  0]LogMaterial: Verifying Global Shaders for PCD3D_SM5
[2018.04.23-22.34.55:810][  0]LogSlate: Using Freetype 2.6.0
[2018.04.23-22.34.55:810][  0]LogSlate: SlateFontCache - WITH_FREETYPE: 1, WITH_HARFBUZZ: 1
[2018.04.23-22.34.55:810][  0]LogSlate: SlateFontCache - WITH_FREETYPE: 1, WITH_HARFBUZZ: 1
[2018.04.23-22.34.56:057][  0]LogInit: Selected Device Profile: [Windows]
[2018.04.23-22.34.56:289][  0]LogSimplygon: Simplygon DLL not present - disabling.
[2018.04.23-22.34.56:317][  0]LogMeshReduction: Using SimplygonSwarm for distributed automatic mesh merging
[2018.04.23-22.34.56:317][  0]LogMeshReduction: Using QuadricMeshReduction for automatic static mesh reduction
[2018.04.23-22.34.56:317][  0]LogMeshReduction: No automatic skeletal mesh reduction module available
[2018.04.23-22.34.56:317][  0]LogMeshReduction: No automatic mesh merging module available
[2018.04.23-22.34.56:317][  0]LogMeshMerging: No automatic mesh merging module available
[2018.04.23-22.34.56:341][  0]LogNetVersion: SushiShop , NetCL: 3709383, EngineNetVer: 2, GameNetVer: 0 (Checksum: 2343829258)
[2018.04.23-22.34.56:462][  0]LogAssetRegistry: FAssetRegistry took 0.0242 seconds to start up
[2018.04.23-22.34.56:795][  0]LogPackageLocalizationCache: Processed 7 localized package path(s) for 2 prioritized culture(s) in 0.042227 seconds
[2018.04.23-22.34.56:799][  0]LogUObjectArray: 35870 objects as part of root set at end of initial load.
[2018.04.23-22.34.56:799][  0]LogUObjectAllocator: 7363704 out of 0 bytes used by permanent object pool.
[2018.04.23-22.34.56:799][  0]LogUObjectArray: CloseDisregardForGC: 0/0 objects in disregard for GC pool
[2018.04.23-22.34.56:835][  0]LogInit: WinSock: version 1.1 (2.2), MaxSocks=32767, MaxUdp=65467
[2018.04.23-22.34.58:685][  0]LogTcpMessaging: Initializing TcpMessaging bridge
[2018.04.23-22.34.58:718][  0]LogUdpMessaging: Initializing bridge on interface 0.0.0.0:0 to multicast group 230.0.0.1:6666.
[2018.04.23-22.34.59:208][  0]LogMaterial: Uniform references updated for custom material expression Custom.
[2018.04.23-22.34.59:513][  0]SourceControl: Source control is disabled
[2018.04.23-22.34.59:513][  0]SourceControl: Source control is disabled
[2018.04.23-22.34.59:550][  0]SourceControl: Source control is disabled
[2018.04.23-22.34.59:589][  0]SourceControl: Source control is disabled
[2018.04.23-22.35.00:171][  0]LogAndroidPermission: UAndroidPermissionCallbackProxy::GetInstance
[2018.04.23-22.35.00:361][  0]LogOcInput: OculusInput pre-init called
[2018.04.23-22.35.00:569][  0]LogEngine: Initializing Engine...
[2018.04.23-22.35.00:570][  0]LogHMD: Oculus plugin initialized. Version: 4.18.3-3832480+++UE4+Release-4.18, OVRPlugin: 1.19.0
[2018.04.23-22.35.00:714][  0]LogStats: UGameplayTagsManager::ConstructGameplayTagTree: Construct from data asset -  0.000 s
[2018.04.23-22.35.00:714][  0]LogStats: UGameplayTagsManager::ConstructGameplayTagTree: GameplayTagTreeChangedEvent.Broadcast -  0.000 s
[2018.04.23-22.35.00:801][  0]LogAIModule: Creating AISystem for world Untitled
[2018.04.23-22.35.00:808][  0]LogInit: XAudio2 using 'Headphones (Rift Audio)' : 2 channels at 48 kHz using 16 bits per sample (channel mask 0x3)
[2018.04.23-22.35.00:815][  0]LogInit: FAudioDevice initialized.
[2018.04.23-22.35.00:856][  0]LogDerivedDataCache: Saved boot cache 0.04s 80MB C:/Users/GameDevClub/AppData/Local/UnrealEngine/4.18/DerivedDataCache/Boot.ddc.
[2018.04.23-22.35.00:865][  0]LogInit: Texture streaming: Enabled
[2018.04.23-22.35.00:933][  0]LogEngineSessionManager: EngineSessionManager initialized
[2018.04.23-22.35.00:933][  0]LogEngineSessionManager: EngineSessionManager sent abnormal shutdown report. Type=Crashed, SessionId={A001D3B5-47F1-958E-F492-95BD2F4AE6EC}
[2018.04.23-22.35.01:022][  0]LogInit: Transaction tracking system initialized
[2018.04.23-22.35.01:241][  0]BlueprintLog: New page: Editor Load
[2018.04.23-22.35.01:860][  0]LocalizationService: Localization service is disabled
[2018.04.23-22.35.02:373][  0]LogConsoleResponse: Display: 
[2018.04.23-22.35.02:495][  0]LogCook: Display: Max memory allowance for cook 16384mb min free memory 0mb
[2018.04.23-22.35.02:495][  0]LogCook: Display: Mobile HDR setting 1
[2018.04.23-22.35.02:495][  0]LogGameplayTags: Display: UGameplayTagsManager::DoneAddingNativeTags. DelegateIsBound: 0
[2018.04.23-22.35.02:866][  0]LogFileCache: Scanning file cache for directory 'C:/Users/GameDevClub/Documents/GitHub/SushiShop/SushiShop/Content/' took 0.02s
[2018.04.23-22.35.03:329][  0]SourceControl: Source control is disabled
[2018.04.23-22.35.03:329][  0]Cmd: MAP LOAD FILE="../../../../../../Users/GameDevClub/Documents/GitHub/SushiShop/SushiShop/Content/VirtualRealityBP/Maps/StartupMap.umap" TEMPLATE=0 SHOWPROGRESS=1 FEATURELEVEL=3
[2018.04.23-22.35.03:330][  0]LightingResults: New page: Lighting Build
[2018.04.23-22.35.03:358][  0]MapCheck: New page: Map Check
[2018.04.23-22.35.03:358][  0]LightingResults: New page: Lighting Build
[2018.04.23-22.35.03:430][  0]LogAIModule: Creating AISystem for world StartupMap
[2018.04.23-22.35.03:434][  0]LogEditorServer: Finished looking for orphan Actors (0.000 secs)
[2018.04.23-22.35.03:440][  0]Cmd: MAP CHECKDEP NOCLEARLOG
[2018.04.23-22.35.03:473][  0]MapCheck: Map check complete: 0 Error(s), 0 Warning(s), took 31.649ms to complete.
[2018.04.23-22.35.03:473][  0]LogFileHelpers: Loading map 'StartupMap' took 0.143
[2018.04.23-22.35.03:627][  0]LogCollectionManager: Loaded 0 collections in 0.001388 seconds
[2018.04.23-22.35.03:695][  0]LogFileCache: Scanning file cache for directory 'C:/Users/GameDevClub/Documents/GitHub/SushiShop/SushiShop/Saved/Collections/' took 0.01s
[2018.04.23-22.35.03:695][  0]LogFileCache: Scanning file cache for directory 'C:/Users/GameDevClub/Documents/GitHub/SushiShop/SushiShop/Content/Developers/GameDevClub/Collections/' took 0.01s
[2018.04.23-22.35.03:695][  0]LogFileCache: Scanning file cache for directory 'C:/Users/GameDevClub/Documents/GitHub/SushiShop/SushiShop/Content/Collections/' took 0.01s
[2018.04.23-22.35.03:695][  0]LogCollectionManager: Rebuilt the GUID cache for 0 collections in 0.000000 seconds
[2018.04.23-22.35.03:701][  0]LogContentBrowser: Native class hierarchy populated in 0.0055 seconds. Added 2364 classes and 521 folders.
[2018.04.23-22.35.03:747][  0]LogContentBrowser: Native class hierarchy updated for 'WidgetCarousel' in 0.0002 seconds. Added 0 classes and 0 folders.
[2018.04.23-22.35.03:774][  0]LogContentBrowser: Native class hierarchy updated for 'AddContentDialog' in 0.0002 seconds. Added 0 classes and 0 folders.
[2018.04.23-22.35.03:814][  0]LogSlate: Took 0.000152 seconds to synchronously load lazily loaded font '../../../Engine/Content/Slate/Fonts/Roboto-Regular.ttf' (155K)
[2018.04.23-22.35.03:816][  0]LogSlate: Took 0.000148 seconds to synchronously load lazily loaded font '../../../Engine/Content/Slate/Fonts/Roboto-Bold.ttf' (160K)
[2018.04.23-22.35.03:820][  0]LogSlate: Took 0.000158 seconds to synchronously load lazily loaded font '../../../Engine/Content/Editor/Slate/Fonts/FontAwesome.ttf' (139K)
[2018.04.23-22.35.03:886][  0]LogRenderer: Reallocating scene render targets to support 896x504 Format 26 NumSamples 1 (Frame:1).
[2018.04.23-22.35.03:999][  0]LogContentBrowser: Native class hierarchy updated for 'HierarchicalLODOutliner' in 0.0002 seconds. Added 1 classes and 2 folders.
[2018.04.23-22.35.04:000][  0]LogLoad: (Engine Initialization) Total time: 12.56 seconds
[2018.04.23-22.35.04:000][  0]LogLoad: (Engine Initialization) Total Blueprint compile time: 0.00 seconds
[2018.04.23-22.35.04:000][  0]LogExternalProfiler: No external profilers were discovered.  External profiling features will not be available.
[2018.04.23-22.35.04:009][  0]LogWindowsTextInputMethodSystem: Display: IME system now deactivated.
[2018.04.23-22.35.04:013][  0]LogOcInput: OculusInput is initialized
[2018.04.23-22.35.04:031][  0]LogContentStreaming: Texture pool size now 1000 MB
[2018.04.23-22.35.04:077][  0]LogSlate: Took 0.000101 seconds to synchronously load lazily loaded font '../../../Engine/Content/Slate/Fonts/Roboto-Light.ttf' (159K)
[2018.04.23-22.35.04:090][  1]LogAssetRegistry: Asset discovery search completed in 7.6488 seconds
[2018.04.23-22.35.04:091][  1]LogCollectionManager: Rebuilt the object cache for 0 collections in 0.000000 seconds (found 0 objects)
[2018.04.23-22.35.04:091][  1]LogCollectionManager: Fixed up redirectors for 0 collections in 0.000042 seconds (updated 0 objects)
[2018.04.23-22.35.05:040][111]LogSlate: Took 0.000128 seconds to synchronously load lazily loaded font '../../../Engine/Content/Slate/Fonts/Roboto-Light.ttf' (159K)
[2018.04.23-22.35.59:268][614]LogSlate: Took 0.000094 seconds to synchronously load lazily loaded font '../../../Engine/Content/Slate/Fonts/Roboto-Light.ttf' (159K)
[2018.04.23-22.35.59:587][614]LogBlueprint: Error: [Compiler BP_MotionController] This blueprint (self) is not a ActorComponent, therefore ' Target ' must have a connection.
[2018.04.23-22.35.59:587][614]LogBlueprint: Error: [Compiler BP_MotionController] This blueprint (self) is not a SceneComponent, therefore ' Target ' must have a connection.
[2018.04.23-22.35.59:606][614]LogBlueprint: Warning: [Compiler BP_MotionController] [0068.17] Compile of BP_MotionController failed. 2 Fatal Issue(s) 0 Warning(s) [in 43 ms] (/Game/VirtualRealityBP/Blueprints/BP_MotionController.BP_MotionController)
[2018.04.23-22.36.00:299][614]LogAIModule: Creating AISystem for world Main
[2018.04.23-22.36.00:301][614]LogMaterial: Warning: Material /Game/SushiShop/Materials/Knife+Board_M/Knife+Board_M.Knife+Board_M needed to have new flag set bUsedWithStaticLighting !
[2018.04.23-22.36.00:305][614]LogMaterial: Missing cached shader map for material Knife+Board_M, compiling. 
[2018.04.23-22.36.00:349][614]MapCheck: Warning: Knife+Board_M Material /Game/SushiShop/Materials/Knife+Board_M/Knife+Board_M.Knife+Board_M was missing the usage flag bUsedWithStaticLighting. If the material asset is not re-saved, it may not render correctly when run outside the editor. Fix
[2018.04.23-22.36.00:350][614]LogMaterial: Warning: Material /Game/SushiShop/Materials/Sake_M/Sake_M.Sake_M needed to have new flag set bUsedWithStaticLighting !
[2018.04.23-22.36.00:352][614]LogMaterial: Missing cached shader map for material Sake_M, compiling. 
[2018.04.23-22.36.00:376][614]MapCheck: Warning: Sake_M Material /Game/SushiShop/Materials/Sake_M/Sake_M.Sake_M was missing the usage flag bUsedWithStaticLighting. If the material asset is not re-saved, it may not render correctly when run outside the editor. Fix
[2018.04.23-22.36.00:407][614]Cmd: MAP LOAD FILE="../../../../../../Users/GameDevClub/Documents/GitHub/SushiShop/SushiShop/Content/SushiShop/Levels/Main.umap" TEMPLATE=0 SHOWPROGRESS=1 FEATURELEVEL=3
[2018.04.23-22.36.00:407][614]LightingResults: New page: Lighting Build
[2018.04.23-22.36.00:408][614]LoadErrors: New page: Loading map: Main.umap
[2018.04.23-22.36.00:409][614]MapCheck: New page: Map Check
[2018.04.23-22.36.00:409][614]LightingResults: New page: Lighting Build
[2018.04.23-22.36.00:480][614]LogEditorServer: Finished looking for orphan Actors (0.000 secs)
[2018.04.23-22.36.00:544][614]Cmd: MAP CHECKDEP NOCLEARLOG
[2018.04.23-22.36.00:619][614]MapCheck: Map check complete: 0 Error(s), 0 Warning(s), took 74.499ms to complete.
[2018.04.23-22.36.00:620][614]LogFileHelpers: Loading map 'Main' took 0.214
[2018.04.23-22.36.09:722][670]LogContentBrowser: Native class hierarchy updated for 'BlueprintGraph' in 0.0004 seconds. Added 116 classes and 0 folders.
[2018.04.23-22.36.10:162][670]LogSlate: Took 0.000090 seconds to synchronously load lazily loaded font '../../../Engine/Content/Slate/Fonts/Roboto-Regular.ttf' (155K)
[2018.04.23-22.36.10:215][670]LogSlate: Took 0.000142 seconds to synchronously load lazily loaded font '../../../Engine/Content/Editor/Slate/Fonts/Roboto-BoldCondensed.ttf' (158K)
[2018.04.23-22.36.10:400][671]LogSlate: Took 0.000109 seconds to synchronously load lazily loaded font '../../../Engine/Content/Editor/Slate/Fonts/Roboto-Italic.ttf' (157K)
[2018.04.23-22.36.16:748][344]LogSavePackage: Save=254.45ms
[2018.04.23-22.36.16:748][344]LogSavePackage: Moving '../../../../../../Users/GameDevClub/Documents/GitHub/SushiShop/SushiShop/Saved/BP_MotionController69B6E91345D87340648407884820D938.tmp' to '../../../../../../Users/GameDevClub/Documents/GitHub/SushiShop/SushiShop/Content/VirtualRealityBP/Blueprints/BP_MotionController.uasset'
[2018.04.23-22.36.16:750][344]LogSavePackage: Display: Finished SavePackage ../../../../../../Users/GameDevClub/Documents/GitHub/SushiShop/SushiShop/Content/VirtualRealityBP/Blueprints/BP_MotionController.uasset
[2018.04.23-22.36.18:183][516]BlueprintLog: New page: Compile BP_MotionController
[2018.04.23-22.36.20:908][805]LogRenderer: Reallocating scene render targets to support 904x516 Format 26 NumSamples 1 (Frame:1).
[2018.04.23-22.41.17:819][344]LogContentBrowser: Native class hierarchy updated for 'SkeletonEditor' in 0.0002 seconds. Added 1 classes and 2 folders.
[2018.04.23-22.41.17:939][344]LogActorComponent: RegisterComponentWithWorld: (/Engine/Transient.World_5:PersistentLevel.Actor_0.DebugSkelMeshComponent_0) Already registered. Aborting.
[2018.04.23-22.41.18:009][344]LogSkeletalMesh: USkeletalMeshComponent::InitArticulated : Bodies already created (/Engine/Transient.World_5:PersistentLevel.Actor_0.DebugSkelMeshComponent_0) - call TermArticulated first.
[2018.04.23-22.41.18:232][344]LogContentBrowser: Native class hierarchy updated for 'ClothingSystemEditorInterface' in 0.0002 seconds. Added 1 classes and 0 folders.
[2018.04.23-22.41.18:235][344]LogRenderer: Reallocating scene render targets to support 904x708 Format 26 NumSamples 1 (Frame:1).
[2018.04.23-22.41.18:235][344]LogStaticMesh: Allocated 492x114x64 distance field atlas = 6.8Mb, with 128 objects containing 3.0Mb backing data
[2018.04.23-22.41.19:352][467]LogActorComponent: RegisterComponentWithWorld: (/Engine/Transient.World_9:PersistentLevel.Actor_1.DebugSkelMeshComponent_1) Already registered. Aborting.
[2018.04.23-22.41.19:383][467]LogSkeletalMesh: USkeletalMeshComponent::InitArticulated : Bodies already created (/Engine/Transient.World_9:PersistentLevel.Actor_1.DebugSkelMeshComponent_1) - call TermArticulated first.
[2018.04.23-22.41.19:566][468]LogRenderer: Reallocating scene render targets to support 952x708 Format 26 NumSamples 1 (Frame:1).
[2018.04.23-22.41.36:280][358]Cmd: TRANSACTION UNDO
[2018.04.23-22.41.36:280][358]LogEditorTransaction: Undo Translate Bone
[2018.04.23-22.41.36:438][358]LogActorComponent: RegisterComponentWithWorld: (/Engine/Transient.World_5:PersistentLevel.Actor_0.DebugSkelMeshComponent_0) Already registered. Aborting.
[2018.04.23-22.41.36:439][358]LogActorComponent: RegisterComponentWithWorld: (/Engine/Transient.World_9:PersistentLevel.Actor_1.DebugSkelMeshComponent_1) Already registered. Aborting.
[2018.04.23-22.42.22:882][659]LogSavePackage: Save=4.96ms
[2018.04.23-22.42.22:883][659]LogSavePackage: Moving '../../../../../../Users/GameDevClub/Documents/GitHub/SushiShop/SushiShop/Saved/MannequinHand_Right_Skeleton824F3CDF47B0EB730FA10483B56B0730.tmp' to '../../../../../../Users/GameDevClub/Documents/GitHub/SushiShop/SushiShop/Content/VirtualReality/Mannequin/Character/Mesh/MannequinHand_Right_Skeleton.uasset'
[2018.04.23-22.42.22:885][659]LogSavePackage: Display: Finished SavePackage ../../../../../../Users/GameDevClub/Documents/GitHub/SushiShop/SushiShop/Content/VirtualReality/Mannequin/Character/Mesh/MannequinHand_Right_Skeleton.uasset
[2018.04.23-22.43.37:257][307]BlueprintLog: New page: Compile BP_MotionController
[2018.04.23-22.43.38:397][356]LogSavePackage: Save=267.25ms
[2018.04.23-22.43.38:397][356]LogSavePackage: Moving '../../../../../../Users/GameDevClub/Documents/GitHub/SushiShop/SushiShop/Saved/BP_MotionControllerD2B5D0774EC978ECAF4CFD8AED582516.tmp' to '../../../../../../Users/GameDevClub/Documents/GitHub/SushiShop/SushiShop/Content/VirtualRealityBP/Blueprints/BP_MotionController.uasset'
[2018.04.23-22.43.38:400][356]LogSavePackage: Display: Finished SavePackage ../../../../../../Users/GameDevClub/Documents/GitHub/SushiShop/SushiShop/Content/VirtualRealityBP/Blueprints/BP_MotionController.uasset
[2018.04.23-22.43.53:045][ 30]BlueprintLog: New page: Compile BP_MotionController
[2018.04.23-22.43.54:115][ 65]LogSavePackage: Save=269.11ms
[2018.04.23-22.43.54:115][ 65]LogSavePackage: Moving '../../../../../../Users/GameDevClub/Documents/GitHub/SushiShop/SushiShop/Saved/BP_MotionController144D42F6487B7A5545AC03B970CDF3D4.tmp' to '../../../../../../Users/GameDevClub/Documents/GitHub/SushiShop/SushiShop/Content/VirtualRealityBP/Blueprints/BP_MotionController.uasset'
[2018.04.23-22.43.54:118][ 65]LogSavePackage: Display: Finished SavePackage ../../../../../../Users/GameDevClub/Documents/GitHub/SushiShop/SushiShop/Content/VirtualRealityBP/Blueprints/BP_MotionController.uasset
[2018.04.23-22.44.06:340][527]LogTemp: Repeating last play command: VR Preview
[2018.04.23-22.44.06:399][527]LogPlayLevel: PlayLevel: No blueprints needed recompiling
[2018.04.23-22.44.06:399][527]LogHMD: Initializing OVRPlugin session
[2018.04.23-22.44.06:420][527]PIE: New page: PIE session: Main (Apr 23, 2018, 8:44:06 AM)
[2018.04.23-22.44.06:420][527]LogPlayLevel: Creating play world package: /Game/SushiShop/Levels/UEDPIE_0_Main
[2018.04.23-22.44.06:428][527]LogPlayLevel: PIE: StaticDuplicateObject took: (0.008437s)
[2018.04.23-22.44.06:429][527]LogAIModule: Creating AISystem for world Main
[2018.04.23-22.44.06:429][527]LogPlayLevel: PIE: World Init took: (0.000744s)
[2018.04.23-22.44.06:429][527]LogPlayLevel: PIE: Created PIE world by copying editor world from /Game/SushiShop/Levels/Main.Main to /Game/SushiShop/Levels/UEDPIE_0_Main.Main (0.009494s)
[2018.04.23-22.44.06:451][527]LogInit: XAudio2 using 'Headphones (Rift Audio)' : 2 channels at 48 kHz using 16 bits per sample (channel mask 0x3)
[2018.04.23-22.44.06:457][527]LogInit: FAudioDevice initialized.
[2018.04.23-22.44.06:557][527]LogHMD: Allocating Oculus 2720 x 1600 rendertarget swapchain
[2018.04.23-22.44.06:595][527]LogUObjectGlobals: Warning: Failed to find object 'Class None.'
[2018.04.23-22.44.06:595][527]LogLoad: Game class is 'GameModeBase'
[2018.04.23-22.44.06:600][527]LogWorld: Bringing World /Game/SushiShop/Levels/UEDPIE_0_Main.Main up for play (max tick rate 0) at 2018.04.23-15.44.06
[2018.04.23-22.44.06:601][527]LogWorld: Bringing up level for play took: 0.005595
[2018.04.23-22.44.06:634][527]LogContentBrowser: Native class hierarchy updated for 'MovieSceneCapture' in 0.0002 seconds. Added 11 classes and 0 folders.
[2018.04.23-22.44.06:646][527]PIE: Play in editor start time for /Game/SushiShop/Levels/UEDPIE_0_Main -0.741
[2018.04.23-22.44.06:652][527]LogRenderer: Reallocating scene render targets to support 2720x1600 Format 26 NumSamples 1 (Frame:1).
[2018.04.23-22.44.06:652][527]LogHMD: Allocating Oculus 2720 x 1600 depth rendertarget swapchain
[2018.04.23-22.44.40:436][734]LogSavePackage: Save=279.94ms
[2018.04.23-22.44.40:436][734]LogSavePackage: Moving '../../../../../../Users/GameDevClub/Documents/GitHub/SushiShop/SushiShop/Saved/BP_MotionControllerEC88C0BE44B411212855FBB2B3E18417.tmp' to '../../../../../../Users/GameDevClub/Documents/GitHub/SushiShop/SushiShop/Content/VirtualRealityBP/Blueprints/BP_MotionController.uasset'
[2018.04.23-22.44.40:438][734]LogSavePackage: Display: Finished SavePackage ../../../../../../Users/GameDevClub/Documents/GitHub/SushiShop/SushiShop/Content/VirtualRealityBP/Blueprints/BP_MotionController.uasset
[2018.04.23-22.44.40:547][747]BlueprintLog: New page: Compile BP_MotionController
[2018.04.23-22.44.41:007][747]BlueprintLog: New page: Compile BP_MotionController
[2018.04.23-22.44.43:086][945]LogTemp: Repeating last play command: VR Preview
[2018.04.23-22.44.43:118][945]LogPlayLevel: PlayLevel: No blueprints needed recompiling
[2018.04.23-22.44.43:118][945]LogHMD: Initializing OVRPlugin session
[2018.04.23-22.44.43:141][945]PIE: New page: PIE session: Main (Apr 23, 2018, 8:44:43 AM)
[2018.04.23-22.44.43:141][945]LogPlayLevel: Creating play world package: /Game/SushiShop/Levels/UEDPIE_0_Main
[2018.04.23-22.44.43:152][945]LogPlayLevel: PIE: StaticDuplicateObject took: (0.011343s)
[2018.04.23-22.44.43:153][945]LogAIModule: Creating AISystem for world Main
[2018.04.23-22.44.43:153][945]LogPlayLevel: PIE: World Init took: (0.000976s)
[2018.04.23-22.44.43:154][945]LogPlayLevel: PIE: Created PIE world by copying editor world from /Game/SushiShop/Levels/Main.Main to /Game/SushiShop/Levels/UEDPIE_0_Main.Main (0.012849s)
[2018.04.23-22.44.43:178][945]LogInit: XAudio2 using 'Headphones (Rift Audio)' : 2 channels at 48 kHz using 16 bits per sample (channel mask 0x3)
[2018.04.23-22.44.43:182][945]LogInit: FAudioDevice initialized.
[2018.04.23-22.44.43:271][945]LogHMD: Allocating Oculus 2720 x 1600 rendertarget swapchain
[2018.04.23-22.44.43:299][945]LogUObjectGlobals: Warning: Failed to find object 'Class None.'
[2018.04.23-22.44.43:299][945]LogLoad: Game class is 'GameModeBase'
[2018.04.23-22.44.43:304][945]LogWorld: Bringing World /Game/SushiShop/Levels/UEDPIE_0_Main.Main up for play (max tick rate 0) at 2018.04.23-15.44.43
[2018.04.23-22.44.43:304][945]LogWorld: Bringing up level for play took: 0.004854
[2018.04.23-22.44.43:317][945]PIE: Play in editor start time for /Game/SushiShop/Levels/UEDPIE_0_Main -0.07
[2018.04.23-22.44.43:320][945]LogRenderer: Releasing previous depth to switch default clear from depth: 0.000000 stencil: 0 to depth: 0.000000 stencil: 0
[2018.04.23-22.44.43:320][945]LogHMD: Allocating Oculus 2720 x 1600 depth rendertarget swapchain
[2018.04.23-22.47.09:095][ 53]LogSavePackage: Save=168.09ms
[2018.04.23-22.47.09:095][ 53]LogSavePackage: Moving '../../../../../../Users/GameDevClub/Documents/GitHub/SushiShop/SushiShop/Saved/Main_Auto123D605D043E1572E2AE9D6AF05FDA5CD.tmp' to '../../../../../../Users/GameDevClub/Documents/GitHub/SushiShop/SushiShop/Saved/Autosaves/Game/SushiShop/Levels/Main_Auto1.umap'
[2018.04.23-22.47.09:097][ 53]LogSavePackage: Display: Finished SavePackage ../../../../../../Users/GameDevClub/Documents/GitHub/SushiShop/SushiShop/Saved/Autosaves/Game/SushiShop/Levels/Main_Auto1.umap
[2018.04.23-22.47.09:101][ 53]LogFileHelpers: Editor autosave (incl. sublevels) for '/Game/SushiShop/Levels/Main' took 0.218
[2018.04.23-22.47.09:102][ 53]LogFileHelpers: Editor autosave (incl. sublevels) for all levels took 0.218
[2018.04.23-22.47.09:103][ 53]OBJ SavePackage: Generating thumbnails for [0] asset(s) in package [/Game/VirtualReality/Mannequin/Character/Mesh/MannequinHand_Right_Skeleton] ([1] browsable assets)...
[2018.04.23-22.47.09:103][ 53]OBJ SavePackage: Finished generating thumbnails for package [/Game/VirtualReality/Mannequin/Character/Mesh/MannequinHand_Right_Skeleton]
[2018.04.23-22.47.09:114][ 53]LogSavePackage: Save=3.58ms
[2018.04.23-22.47.09:114][ 53]LogSavePackage: Moving '../../../../../../Users/GameDevClub/Documents/GitHub/SushiShop/SushiShop/Saved/MannequinHand_Right_Skeleton_Aut21BD4CAB4B7E5122A7D72D9D15CA0186.tmp' to '../../../../../../Users/GameDevClub/Documents/GitHub/SushiShop/SushiShop/Saved/Autosaves/Game/VirtualReality/Mannequin/Character/Mesh/MannequinHand_Right_Skeleton_Auto1.uasset'
[2018.04.23-22.47.09:115][ 53]LogSavePackage: Display: Finished SavePackage ../../../../../../Users/GameDevClub/Documents/GitHub/SushiShop/SushiShop/Saved/Autosaves/Game/VirtualReality/Mannequin/Character/Mesh/MannequinHand_Right_Skeleton_Auto1.uasset
[2018.04.23-22.47.09:116][ 53]OBJ SavePackage: Generating thumbnails for [1] asset(s) in package [/Game/VirtualRealityBP/Blueprints/BP_MotionController] ([1] browsable assets)...
[2018.04.23-22.47.09:125][ 53]OBJ SavePackage:     Rendered thumbnail for [Blueprint /Game/VirtualRealityBP/Blueprints/BP_MotionController.BP_MotionController]
[2018.04.23-22.47.09:125][ 53]OBJ SavePackage: Finished generating thumbnails for package [/Game/VirtualRealityBP/Blueprints/BP_MotionController]
[2018.04.23-22.47.09:397][ 53]LogSavePackage: Save=264.88ms
[2018.04.23-22.47.09:397][ 53]LogSavePackage: Moving '../../../../../../Users/GameDevClub/Documents/GitHub/SushiShop/SushiShop/Saved/BP_MotionController_Auto1A1D479004081F895D3CBAC97AD97F68E.tmp' to '../../../../../../Users/GameDevClub/Documents/GitHub/SushiShop/SushiShop/Saved/Autosaves/Game/VirtualRealityBP/Blueprints/BP_MotionController_Auto1.uasset'
[2018.04.23-22.47.09:398][ 53]LogSavePackage: Display: Finished SavePackage ../../../../../../Users/GameDevClub/Documents/GitHub/SushiShop/SushiShop/Saved/Autosaves/Game/VirtualRealityBP/Blueprints/BP_MotionController_Auto1.uasset
[2018.04.23-22.47.09:399][ 53]LogFileHelpers: Auto-saving content packages took 0.296
[2018.04.23-23.11.27:794][ 20]LogSavePackage: Save=259.43ms
[2018.04.23-23.11.27:794][ 20]LogSavePackage: Moving '../../../../../../Users/GameDevClub/Documents/GitHub/SushiShop/SushiShop/Saved/BP_MotionController28A3024D41D45857C3165C831137B901.tmp' to '../../../../../../Users/GameDevClub/Documents/GitHub/SushiShop/SushiShop/Content/VirtualRealityBP/Blueprints/BP_MotionController.uasset'
[2018.04.23-23.11.27:800][ 20]LogSavePackage: Display: Finished SavePackage ../../../../../../Users/GameDevClub/Documents/GitHub/SushiShop/SushiShop/Content/VirtualRealityBP/Blueprints/BP_MotionController.uasset
[2018.04.23-23.11.28:343][ 85]BlueprintLog: New page: Compile BP_MotionController
[2018.04.23-23.11.37:310][ 25]LogActorComponent: RegisterComponentWithWorld: (/Engine/Transient.World_11:PersistentLevel.Actor_2.DebugSkelMeshComponent_2) Already registered. Aborting.
[2018.04.23-23.11.37:493][ 25]LogSkeletalMesh: USkeletalMeshComponent::InitArticulated : Bodies already created (/Engine/Transient.World_11:PersistentLevel.Actor_2.DebugSkelMeshComponent_2) - call TermArticulated first.
[2018.04.23-23.11.51:808][511]LogContentBrowser: Native class hierarchy updated for 'PhysicsAssetEditor' in 0.0002 seconds. Added 7 classes and 3 folders.
[2018.04.23-23.11.51:815][511]LogActorComponent: RegisterComponentWithWorld: (/Engine/Transient.World_13:PersistentLevel.Actor_3.PhysicsAssetEditorSkeletalMeshComponent_0) Already registered. Aborting.
[2018.04.23-23.12.02:751][691]LogActorComponent: RegisterComponentWithWorld: (/Engine/Transient.World_14:PersistentLevel.Actor_4.DebugSkelMeshComponent_4) Already registered. Aborting.
[2018.04.23-23.12.02:784][691]LogSkeletalMesh: USkeletalMeshComponent::InitArticulated : Bodies already created (/Engine/Transient.World_14:PersistentLevel.Actor_4.DebugSkelMeshComponent_4) - call TermArticulated first.
[2018.04.23-23.12.03:037][691]LogContentBrowser: Verbose: The majority of assets in the view are of type: AnimSequence
[2018.04.23-23.12.54:966][320]LogSavePackage: Save=3.56ms
[2018.04.23-23.12.54:966][320]LogSavePackage: Moving '../../../../../../Users/GameDevClub/Documents/GitHub/SushiShop/SushiShop/Saved/MannequinHand_Right_Skeleton4D25883E4EAD7D6B92AB81ADE2B9CEA7.tmp' to '../../../../../../Users/GameDevClub/Documents/GitHub/SushiShop/SushiShop/Content/VirtualReality/Mannequin/Character/Mesh/MannequinHand_Right_Skeleton.uasset'
[2018.04.23-23.12.54:970][320]LogSavePackage: Display: Finished SavePackage ../../../../../../Users/GameDevClub/Documents/GitHub/SushiShop/SushiShop/Content/VirtualReality/Mannequin/Character/Mesh/MannequinHand_Right_Skeleton.uasset
[2018.04.23-23.12.59:951][818]LogUObjectBase: Warning: Object is not registered
[2018.04.23-23.13.00:037][818]LogStats: FPlatformStackWalk::StackWalkAndDump -  0.086 s
[2018.04.23-23.13.00:037][818]LogOutputDevice: Error: === Handled ensure: ===
[2018.04.23-23.13.00:037][818]LogOutputDevice: Error: 
[2018.04.23-23.13.00:037][818]LogOutputDevice: Error: Ensure condition failed: false [File:D:\Build\++UE4+Release-4.18+Compile\Sync\Engine\Source\Editor\UnrealEd\Private\Kismet2\KismetDebugUtilities.cpp] [Line: 1029]
[2018.04.23-23.13.00:037][818]LogOutputDevice: Error: Error: Invalid (but non-null) property associated with pin; cannot get variable value
[2018.04.23-23.13.00:037][818]LogOutputDevice: Error: Stack: 
[2018.04.23-23.13.00:037][818]LogOutputDevice: Error: [Callstack] 0x000000000ED72786 UE4Editor-Core.dll!UnknownFunction []
[2018.04.23-23.13.00:037][818]LogOutputDevice: Error: [Callstack] 0x000000000EB1123A UE4Editor-Core.dll!UnknownFunction []
[2018.04.23-23.13.00:037][818]LogOutputDevice: Error: [Callstack] 0x000000000EB2B906 UE4Editor-Core.dll!UnknownFunction []
[2018.04.23-23.13.00:037][818]LogOutputDevice: Error: [Callstack] 0x0000000009C133F6 UE4Editor-UnrealEd.dll!UnknownFunction []
[2018.04.23-23.13.00:037][818]LogOutputDevice: Error: [Callstack] 0x0000000005C103AB UE4Editor-BlueprintGraph.dll!UnknownFunction []
[2018.04.23-23.13.00:037][818]LogOutputDevice: Error: [Callstack] 0x00000000FE7A3EBA UE4Editor-GraphEditor.dll!UnknownFunction []
[2018.04.23-23.13.00:037][818]LogOutputDevice: Error: [Callstack] 0x00000000FE6374AC UE4Editor-GraphEditor.dll!UnknownFunction []
[2018.04.23-23.13.00:037][818]LogOutputDevice: Error: [Callstack] 0x00000000FE63ABF9 UE4Editor-GraphEditor.dll!UnknownFunction []
[2018.04.23-23.13.00:037][818]LogOutputDevice: Error: [Callstack] 0x00000000FE768225 UE4Editor-GraphEditor.dll!UnknownFunction []
[2018.04.23-23.13.00:037][818]LogOutputDevice: Error: [Callstack] 0x000000000AB17397 UE4Editor-Slate.dll!UnknownFunction []
[2018.04.23-23.13.00:037][818]LogOutputDevice: Error: [Callstack] 0x000000000AB1CE61 UE4Editor-Slate.dll!UnknownFunction []
[2018.04.23-23.13.00:037][818]LogOutputDevice: Error: [Callstack] 0x000000000AD59913 UE4Editor-Slate.dll!UnknownFunction []
[2018.04.23-23.13.00:037][818]LogOutputDevice: Error: [Callstack] 0x000000000AB73484 UE4Editor-Slate.dll!UnknownFunction []
[2018.04.23-23.13.00:037][818]LogOutputDevice: Error: [Callstack] 0x000000000AB4B68C UE4Editor-Slate.dll!UnknownFunction []
[2018.04.23-23.13.00:037][818]LogOutputDevice: Error: [Callstack] 0x000000000AB3D6B7 UE4Editor-Slate.dll!UnknownFunction []
[2018.04.23-23.13.00:037][818]LogOutputDevice: Error: [Callstack] 0x0000000024E5E39E UE4Editor-ApplicationCore.dll!UnknownFunction []
[2018.04.23-23.13.00:037][818]LogOutputDevice: Error: [Callstack] 0x0000000024E51A48 UE4Editor-ApplicationCore.dll!UnknownFunction []
[2018.04.23-23.13.00:037][818]LogOutputDevice: Error: [Callstack] 0x0000000024E603EC UE4Editor-ApplicationCore.dll!UnknownFunction []
[2018.04.23-23.13.00:037][818]LogOutputDevice: Error: [Callstack] 0x0000000024E4D5A9 UE4Editor-ApplicationCore.dll!UnknownFunction []
[2018.04.23-23.13.00:037][818]LogOutputDevice: Error: [Callstack] 0x000000003E6EB85D USER32.dll!UnknownFunction []
[2018.04.23-23.13.00:037][818]LogOutputDevice: Error: [Callstack] 0x000000003E6EB1EF USER32.dll!UnknownFunction []
[2018.04.23-23.13.00:037][818]LogOutputDevice: Error: [Callstack] 0x0000000024E61516 UE4Editor-ApplicationCore.dll!UnknownFunction []
[2018.04.23-23.13.00:037][818]LogOutputDevice: Error: [Callstack] 0x0000000012E750C8 UE4Editor.exe!UnknownFunction []
[2018.04.23-23.13.00:037][818]LogOutputDevice: Error: [Callstack] 0x0000000012E85430 UE4Editor.exe!UnknownFunction []
[2018.04.23-23.13.00:037][818]LogOutputDevice: Error: [Callstack] 0x0000000012E854AA UE4Editor.exe!UnknownFunction []
[2018.04.23-23.13.00:037][818]LogOutputDevice: Error: [Callstack] 0x0000000012E92379 UE4Editor.exe!UnknownFunction []
[2018.04.23-23.13.00:037][818]LogOutputDevice: Error: [Callstack] 0x0000000012E93D57 UE4Editor.exe!UnknownFunction []
[2018.04.23-23.13.00:037][818]LogOutputDevice: Error: [Callstack] 0x000000003ED71FE4 KERNEL32.DLL!UnknownFunction []
[2018.04.23-23.13.00:037][818]LogOutputDevice: Error: [Callstack] 0x000000003EEAF061 ntdll.dll!UnknownFunction []
[2018.04.23-23.13.00:037][818]LogOutputDevice: Error: 
[2018.04.23-23.13.00:039][818]LogStats:                SubmitErrorReport -  0.000 s
[2018.04.23-23.13.00:222][818]LogStats:                    SendNewReport -  0.182 s
[2018.04.23-23.13.00:222][818]LogStats:             FDebug::EnsureFailed -  0.271 s
[2018.04.23-23.13.00:222][818]LogUObjectBase: Warning: Object is not registered
[2018.04.23-23.13.47:787][495]LogSavePackage: Save=173.14ms
[2018.04.23-23.13.47:788][495]LogSavePackage: Moving '../../../../../../Users/GameDevClub/Documents/GitHub/SushiShop/SushiShop/Saved/Main_Auto2168914AB4AF7613698966B8EC8959E10.tmp' to '../../../../../../Users/GameDevClub/Documents/GitHub/SushiShop/SushiShop/Saved/Autosaves/Game/SushiShop/Levels/Main_Auto2.umap'
[2018.04.23-23.13.47:789][495]LogSavePackage: Display: Finished SavePackage ../../../../../../Users/GameDevClub/Documents/GitHub/SushiShop/SushiShop/Saved/Autosaves/Game/SushiShop/Levels/Main_Auto2.umap
[2018.04.23-23.13.47:790][495]LogFileHelpers: Editor autosave (incl. sublevels) for '/Game/SushiShop/Levels/Main' took 0.207
[2018.04.23-23.13.47:790][495]LogFileHelpers: Editor autosave (incl. sublevels) for all levels took 0.207
[2018.04.23-23.14.41:807][975]LogUObjectBase: Warning: Object is not registered
[2018.04.23-23.14.41:807][975]LogUObjectBase: Warning: Object is not registered
[2018.04.23-23.14.41:808][975]LogUObjectBase: Warning: Object is not registered
[2018.04.23-23.14.41:809][975]LogUObjectBase: Warning: Object is not registered
[2018.04.23-23.14.41:810][975]LogUObjectBase: Warning: Object is not registered
[2018.04.23-23.16.02:784][570]LogSavePackage: Save=167.21ms
[2018.04.23-23.16.02:784][570]LogSavePackage: Moving '../../../../../../Users/GameDevClub/Documents/GitHub/SushiShop/SushiShop/Saved/MainF689F2154DEF8AD526D00CB3F0B065A5.tmp' to '../../../../../../Users/GameDevClub/Documents/GitHub/SushiShop/SushiShop/Content/SushiShop/Levels/Main.umap'
[2018.04.23-23.16.02:786][570]LogSavePackage: Display: Finished SavePackage ../../../../../../Users/GameDevClub/Documents/GitHub/SushiShop/SushiShop/Content/SushiShop/Levels/Main.umap
[2018.04.23-23.16.03:076][570]LogSavePackage: Save=223.44ms
[2018.04.23-23.16.03:076][570]LogSavePackage: Moving '../../../../../../Users/GameDevClub/Documents/GitHub/SushiShop/SushiShop/Saved/Main_BuiltDataFFF7E15C4B837099704326B1E7963930.tmp' to '../../../../../../Users/GameDevClub/Documents/GitHub/SushiShop/SushiShop/Content/SushiShop/Levels/Main_BuiltData.uasset'
[2018.04.23-23.16.03:077][570]LogSavePackage: Display: Finished SavePackage ../../../../../../Users/GameDevClub/Documents/GitHub/SushiShop/SushiShop/Content/SushiShop/Levels/Main_BuiltData.uasset
[2018.04.23-23.23.31:473][ 19]LogSavePackage: Save=167.16ms
[2018.04.23-23.23.31:473][ 19]LogSavePackage: Moving '../../../../../../Users/GameDevClub/Documents/GitHub/SushiShop/SushiShop/Saved/MainAB9B05D948E535B9A0013896DA06FD04.tmp' to '../../../../../../Users/GameDevClub/Documents/GitHub/SushiShop/SushiShop/Content/SushiShop/Levels/Main.umap'
[2018.04.23-23.23.31:475][ 19]LogSavePackage: Display: Finished SavePackage ../../../../../../Users/GameDevClub/Documents/GitHub/SushiShop/SushiShop/Content/SushiShop/Levels/Main.umap
[2018.04.23-23.23.31:716][ 19]LogSavePackage: Save=176.79ms
[2018.04.23-23.23.31:716][ 19]LogSavePackage: Moving '../../../../../../Users/GameDevClub/Documents/GitHub/SushiShop/SushiShop/Saved/Main_BuiltData8BCB5205486D25080DDF028D96AAA164.tmp' to '../../../../../../Users/GameDevClub/Documents/GitHub/SushiShop/SushiShop/Content/SushiShop/Levels/Main_BuiltData.uasset'
[2018.04.23-23.23.31:718][ 19]LogSavePackage: Display: Finished SavePackage ../../../../../../Users/GameDevClub/Documents/GitHub/SushiShop/SushiShop/Content/SushiShop/Levels/Main_BuiltData.uasset
[2018.04.23-23.23.36:693][358]LogSavePackage: Save=275.18ms
[2018.04.23-23.23.36:693][358]LogSavePackage: Moving '../../../../../../Users/GameDevClub/Documents/GitHub/SushiShop/SushiShop/Saved/BP_MotionControllerA260D4E0491F8BB010B49F938E4D7336.tmp' to '../../../../../../Users/GameDevClub/Documents/GitHub/SushiShop/SushiShop/Content/VirtualRealityBP/Blueprints/BP_MotionController.uasset'
[2018.04.23-23.23.36:695][358]LogSavePackage: Display: Finished SavePackage ../../../../../../Users/GameDevClub/Documents/GitHub/SushiShop/SushiShop/Content/VirtualRealityBP/Blueprints/BP_MotionController.uasset
[2018.04.23-23.23.36:948][358]LogSavePackage: Save=240.07ms
[2018.04.23-23.23.36:948][358]LogSavePackage: Moving '../../../../../../Users/GameDevClub/Documents/GitHub/SushiShop/SushiShop/Saved/MotionControllerPawn8CC1795C4BD00048A4F0C7923A3638FC.tmp' to '../../../../../../Users/GameDevClub/Documents/GitHub/SushiShop/SushiShop/Content/VirtualRealityBP/Blueprints/MotionControllerPawn.uasset'
[2018.04.23-23.23.36:950][358]LogSavePackage: Display: Finished SavePackage ../../../../../../Users/GameDevClub/Documents/GitHub/SushiShop/SushiShop/Content/VirtualRealityBP/Blueprints/MotionControllerPawn.uasset
[2018.04.23-23.25.52:632][941]LogSavePackage: Save=171.80ms
[2018.04.23-23.25.52:632][941]LogSavePackage: Moving '../../../../../../Users/GameDevClub/Documents/GitHub/SushiShop/SushiShop/Saved/MainB66728674CF3A916C01063A7CAEB8220.tmp' to '../../../../../../Users/GameDevClub/Documents/GitHub/SushiShop/SushiShop/Content/SushiShop/Levels/Main.umap'
[2018.04.23-23.25.52:633][941]LogSavePackage: Display: Finished SavePackage ../../../../../../Users/GameDevClub/Documents/GitHub/SushiShop/SushiShop/Content/SushiShop/Levels/Main.umap
[2018.04.23-23.25.52:881][941]LogSavePackage: Save=192.16ms
[2018.04.23-23.25.52:881][941]LogSavePackage: Moving '../../../../../../Users/GameDevClub/Documents/GitHub/SushiShop/SushiShop/Saved/Main_BuiltData16B7B5CC41F5EFDA7EA9C9A34F674575.tmp' to '../../../../../../Users/GameDevClub/Documents/GitHub/SushiShop/SushiShop/Content/SushiShop/Levels/Main_BuiltData.uasset'
[2018.04.23-23.25.52:883][941]LogSavePackage: Display: Finished SavePackage ../../../../../../Users/GameDevClub/Documents/GitHub/SushiShop/SushiShop/Content/SushiShop/Levels/Main_BuiltData.uasset
[2018.04.23-23.25.54:063][ 50]LogActorComponent: UnregisterComponent: (/Engine/Transient.EditorFloorComp) Not registered. Aborting.
[2018.04.23-23.25.54:118][ 50]LogActorComponent: UnregisterComponent: (/Engine/Transient.EditorFloorComp) Not registered. Aborting.
[2018.04.23-23.25.54:187][ 50]LogWindowsTextInputMethodSystem: Display: IME system now deactivated.
[2018.04.23-23.25.54:393][ 51]Cmd: QUIT_EDITOR
[2018.04.23-23.25.54:416][ 51]LogExit: Preparing to exit.
[2018.04.23-23.25.54:664][ 51]LogDirectoryWatcher: A directory notification for 'C:/Users/GameDevClub/Documents/GitHub/SushiShop/SushiShop/Content/' was aborted.
[2018.04.23-23.25.54:666][ 51]PIE: UWidget::RemoveFromParent() called on '/Game/SushiShop/Levels/Main.Main:None' which has no UMG parent (if it was added directly to a native Slate widget via TakeWidget() then it must be removed explicitly rather than via RemoveFromParent())
[2018.04.23-23.25.54:666][ 51]PIE: UWidget::RemoveFromParent() called on '/Game/SushiShop/Levels/Main.Main:None' which has no UMG parent (if it was added directly to a native Slate widget via TakeWidget() then it must be removed explicitly rather than via RemoveFromParent())
[2018.04.23-23.25.54:700][ 51]LogExit: Editor shut down
[2018.04.23-23.25.54:709][ 51]LogExit: Transaction tracking system shut down
[2018.04.23-23.25.54:822][ 51]LogDirectoryWatcher: A directory notification for '../../../Engine/Content/' was aborted.
[2018.04.23-23.25.54:822][ 51]LogDirectoryWatcher: A directory notification for '../../../../../../Users/GameDevClub/Documents/GitHub/SushiShop/SushiShop/Content/' was aborted.
[2018.04.23-23.25.54:822][ 51]LogDirectoryWatcher: A directory notification for '../../../Engine/Plugins/2D/Paper2D/Content/' was aborted.
[2018.04.23-23.25.54:822][ 51]LogDirectoryWatcher: A directory notification for '../../../Engine/Plugins/Media/MediaCompositing/Content/' was aborted.
[2018.04.23-23.25.54:822][ 51]LogDirectoryWatcher: A directory notification for '../../../Engine/Plugins/Runtime/AppleARKit/Content/' was aborted.
[2018.04.23-23.25.54:822][ 51]LogDirectoryWatcher: A directory notification for '../../../Engine/Plugins/Runtime/Oculus/OculusVR/Content/' was aborted.
[2018.04.23-23.25.54:822][ 51]LogDirectoryWatcher: A directory notification for '../../../Engine/Plugins/Runtime/Steam/SteamVR/Content/' was aborted.
[2018.04.23-23.25.54:895][ 51]LogExit: Object subsystem successfully closed.
[2018.04.23-23.25.54:911][ 51]LogD3D11RHI: Shutdown
[2018.04.23-23.25.54:911][ 51]LogD3D11RHI: CleanupD3DDevice
[2018.04.23-23.25.54:915][ 51]LogD3D11RHI: ~FD3D11DynamicRHI
[2018.04.23-23.25.54:926][ 51]LogModuleManager: Shutting down and abandoning module SequencerWidgets (564)
[2018.04.23-23.25.54:926][ 51]LogModuleManager: Shutting down and abandoning module AnimationEditor (562)
[2018.04.23-23.25.54:926][ 51]LogModuleManager: Shutting down and abandoning module PhysicsAssetEditor (560)
[2018.04.23-23.25.54:926][ 51]LogModuleManager: Shutting down and abandoning module AnimationBlueprintEditor (558)
[2018.04.23-23.25.54:926][ 51]LogModuleManager: Shutting down and abandoning module MovieSceneCapture (556)
[2018.04.23-23.25.54:926][ 51]LogModuleManager: Shutting down and abandoning module ClothingSystemEditorInterface (554)
[2018.04.23-23.25.54:926][ 51]LogModuleManager: Shutting down and abandoning module SkeletonEditor (552)
[2018.04.23-23.25.54:926][ 51]LogModuleManager: Shutting down and abandoning module BlueprintGraph (550)
[2018.04.23-23.25.54:926][ 51]LogModuleManager: Shutting down and abandoning module HierarchicalLODOutliner (548)
[2018.04.23-23.25.54:926][ 51]LogModuleManager: Shutting down and abandoning module AddContentDialog (546)
[2018.04.23-23.25.54:926][ 51]LogDirectoryWatcher: A directory notification for 'C:/Program Files/Epic Games/UE_4.18/FeaturePacks/' was aborted.
[2018.04.23-23.25.54:927][ 51]LogModuleManager: Shutting down and abandoning module WidgetCarousel (545)
[2018.04.23-23.25.54:927][ 51]LogModuleManager: Shutting down and abandoning module EditorWidgets (542)
[2018.04.23-23.25.54:927][ 51]LogModuleManager: Shutting down and abandoning module CollectionManager (540)
[2018.04.23-23.25.54:927][ 51]LogDirectoryWatcher: A directory notification for 'C:/Users/GameDevClub/Documents/GitHub/SushiShop/SushiShop/Content/Collections/' was aborted.
[2018.04.23-23.25.54:927][ 51]LogDirectoryWatcher: A directory notification for 'C:/Users/GameDevClub/Documents/GitHub/SushiShop/SushiShop/Content/Developers/GameDevClub/Collections/' was aborted.
[2018.04.23-23.25.54:927][ 51]LogDirectoryWatcher: A directory notification for 'C:/Users/GameDevClub/Documents/GitHub/SushiShop/SushiShop/Saved/Collections/' was aborted.
[2018.04.23-23.25.54:928][ 51]LogModuleManager: Shutting down and abandoning module SceneOutliner (538)
[2018.04.23-23.25.54:928][ 51]LogModuleManager: Shutting down and abandoning module StatsViewer (536)
[2018.04.23-23.25.54:928][ 51]LogModuleManager: Shutting down and abandoning module FoliageEdit (534)
[2018.04.23-23.25.54:928][ 51]LogModuleManager: Shutting down and abandoning module LandscapeEditor (532)
[2018.04.23-23.25.54:928][ 51]LogModuleManager: Shutting down and abandoning module MeshPaintMode (530)
[2018.04.23-23.25.54:928][ 51]LogModuleManager: Shutting down and abandoning module SceneDepthPickerMode (528)
[2018.04.23-23.25.54:928][ 51]LogModuleManager: Shutting down and abandoning module ActorPickerMode (526)
[2018.04.23-23.25.54:928][ 51]LogModuleManager: Shutting down and abandoning module GeometryMode (524)
[2018.04.23-23.25.54:928][ 51]LogModuleManager: Shutting down and abandoning module TextureAlignMode (522)
[2018.04.23-23.25.54:928][ 51]LogModuleManager: Shutting down and abandoning module BspMode (520)
[2018.04.23-23.25.54:928][ 51]LogModuleManager: Shutting down and abandoning module PIEPreviewDeviceProfileSelector (518)
[2018.04.23-23.25.54:928][ 51]LogModuleManager: Shutting down and abandoning module HardwareSurvey (516)
[2018.04.23-23.25.54:928][ 51]LogModuleManager: Shutting down and abandoning module SequenceRecorderSections (514)
[2018.04.23-23.25.54:928][ 51]LogModuleManager: Shutting down and abandoning module AutomationWorker (512)
[2018.04.23-23.25.54:928][ 51]LogModuleManager: Shutting down and abandoning module MatineeToLevelSequence (510)
[2018.04.23-23.25.54:928][ 51]LogModuleManager: Shutting down and abandoning module LevelSequenceEditor (508)
[2018.04.23-23.25.54:928][ 51]LogModuleManager: Shutting down and abandoning module PlacementMode (507)
[2018.04.23-23.25.54:928][ 51]LogModuleManager: Shutting down and abandoning module WmfMediaFactory (504)
[2018.04.23-23.25.54:928][ 51]LogModuleManager: Shutting down and abandoning module WmfMediaEditor (502)
[2018.04.23-23.25.54:928][ 51]LogModuleManager: Shutting down and abandoning module OpenExrWrapper (500)
[2018.04.23-23.25.54:928][ 51]LogModuleManager: Shutting down and abandoning module ImgMediaFactory (498)
[2018.04.23-23.25.54:928][ 51]LogModuleManager: Shutting down and abandoning module ImgMediaEditor (496)
[2018.04.23-23.25.54:928][ 51]LogModuleManager: Shutting down and abandoning module AvfMediaFactory (494)
[2018.04.23-23.25.54:928][ 51]LogModuleManager: Shutting down and abandoning module AvfMediaEditor (492)
[2018.04.23-23.25.54:928][ 51]LogModuleManager: Shutting down and abandoning module AndroidMediaFactory (490)
[2018.04.23-23.25.54:928][ 51]LogModuleManager: Shutting down and abandoning module AndroidMediaEditor (488)
[2018.04.23-23.25.54:928][ 51]LogModuleManager: Shutting down and abandoning module CharacterAI (486)
[2018.04.23-23.25.54:928][ 51]LogModuleManager: Shutting down and abandoning module AudioCapture (484)
[2018.04.23-23.25.54:928][ 51]LogModuleManager: Shutting down and abandoning module SequenceRecorder (483)
[2018.04.23-23.25.54:928][ 51]LogModuleManager: Shutting down and abandoning module SmartSnapping (480)
[2018.04.23-23.25.54:929][ 51]LogModuleManager: Shutting down and abandoning module SessionServices (478)
[2018.04.23-23.25.54:929][ 51]LogModuleManager: Shutting down and abandoning module ViewportSnapping (476)
[2018.04.23-23.25.54:929][ 51]LogModuleManager: Shutting down and abandoning module ViewportInteraction (474)
[2018.04.23-23.25.54:929][ 51]LogModuleManager: Shutting down and abandoning module ClothPainter (472)
[2018.04.23-23.25.54:929][ 51]LogModuleManager: Shutting down and abandoning module SkeletalMeshEditor (471)
[2018.04.23-23.25.54:929][ 51]LogModuleManager: Shutting down and abandoning module LogVisualizer (468)
[2018.04.23-23.25.54:929][ 51]LogModuleManager: Shutting down and abandoning module IntroTutorials (466)
[2018.04.23-23.25.54:929][ 51]LogModuleManager: Shutting down and abandoning module GameProjectGeneration (465)
[2018.04.23-23.25.54:929][ 51]LogModuleManager: Shutting down and abandoning module IOSPlatformEditor (462)
[2018.04.23-23.25.54:929][ 51]LogModuleManager: Shutting down and abandoning module HTML5PlatformEditor (460)
[2018.04.23-23.25.54:929][ 51]LogModuleManager: Shutting down and abandoning module AndroidPlatformEditor (458)
[2018.04.23-23.25.54:929][ 51]LogModuleManager: Shutting down and abandoning module AndroidDeviceDetection (457)
[2018.04.23-23.25.55:083][ 51]LogModuleManager: Shutting down and abandoning module WindowsPlatformEditor (454)
[2018.04.23-23.25.55:083][ 51]LogModuleManager: Shutting down and abandoning module IOSRuntimeSettings (452)
[2018.04.23-23.25.55:083][ 51]LogModuleManager: Shutting down and abandoning module AndroidRuntimeSettings (450)
[2018.04.23-23.25.55:083][ 51]LogModuleManager: Shutting down and abandoning module InputBindingEditor (448)
[2018.04.23-23.25.55:083][ 51]LogModuleManager: Shutting down and abandoning module MergeActors (446)
[2018.04.23-23.25.55:083][ 51]LogModuleManager: Shutting down and abandoning module SizeMap (444)
[2018.04.23-23.25.55:083][ 51]LogModuleManager: Shutting down and abandoning module TreeMap (442)
[2018.04.23-23.25.55:083][ 51]LogModuleManager: Shutting down and abandoning module ReferenceViewer (440)
[2018.04.23-23.25.55:083][ 51]LogModuleManager: Shutting down and abandoning module LocalizationDashboard (438)
[2018.04.23-23.25.55:083][ 51]LogModuleManager: Shutting down and abandoning module LocalizationService (437)
[2018.04.23-23.25.55:083][ 51]LogModuleManager: Shutting down and abandoning module HardwareTargeting (434)
[2018.04.23-23.25.55:083][ 51]LogModuleManager: Shutting down and abandoning module DeviceProfileEditor (432)
[2018.04.23-23.25.55:083][ 51]LogModuleManager: Shutting down and abandoning module UndoHistory (430)
[2018.04.23-23.25.55:083][ 51]LogModuleManager: Shutting down and abandoning module XmlParser (428)
[2018.04.23-23.25.55:083][ 51]LogModuleManager: Shutting down and abandoning module Blutility (426)
[2018.04.23-23.25.55:083][ 51]LogModuleManager: Shutting down and abandoning module ProjectSettingsViewer (424)
[2018.04.23-23.25.55:083][ 51]LogModuleManager: Shutting down and abandoning module ProjectTargetPlatformEditor (423)
[2018.04.23-23.25.55:083][ 51]LogModuleManager: Shutting down and abandoning module EditorSettingsViewer (420)
[2018.04.23-23.25.55:083][ 51]LogModuleManager: Shutting down and abandoning module SettingsEditor (418)
[2018.04.23-23.25.55:083][ 51]LogModuleManager: Shutting down and abandoning module ProjectLauncher (416)
[2018.04.23-23.25.55:083][ 51]LogModuleManager: Shutting down and abandoning module SessionFrontend (414)
[2018.04.23-23.25.55:083][ 51]LogModuleManager: Shutting down and abandoning module ProfilerClient (412)
[2018.04.23-23.25.55:083][ 51]LogModuleManager: Shutting down and abandoning module DeviceManager (410)
[2018.04.23-23.25.55:083][ 51]LogModuleManager: Shutting down and abandoning module TargetDeviceServices (409)
[2018.04.23-23.25.55:136][ 51]LogModuleManager: Shutting down and abandoning module AutomationController (406)
[2018.04.23-23.25.55:136][ 51]LogModuleManager: Shutting down and abandoning module AutomationWindow (404)
[2018.04.23-23.25.55:136][ 51]LogModuleManager: Shutting down and abandoning module Layers (402)
[2018.04.23-23.25.55:136][ 51]LogModuleManager: Shutting down and abandoning module ComponentVisualizers (400)
[2018.04.23-23.25.55:136][ 51]LogModuleManager: Shutting down and abandoning module DetailCustomizations (398)
[2018.04.23-23.25.55:136][ 51]LogModuleManager: Shutting down and abandoning module PackagesDialog (396)
[2018.04.23-23.25.55:136][ 51]LogModuleManager: Shutting down and abandoning module Persona (394)
[2018.04.23-23.25.55:136][ 51]LogModuleManager: Shutting down and abandoning module AdvancedPreviewScene (393)
[2018.04.23-23.25.55:136][ 51]LogModuleManager: Shutting down and abandoning module AnimGraph (391)
[2018.04.23-23.25.55:136][ 51]LogModuleManager: Shutting down and abandoning module Kismet (388)
[2018.04.23-23.25.55:143][ 51]LogModuleManager: Shutting down and abandoning module ClassViewer (386)
[2018.04.23-23.25.55:144][ 51]LogModuleManager: Shutting down and abandoning module Toolbox (384)
[2018.04.23-23.25.55:144][ 51]LogModuleManager: Shutting down and abandoning module ModuleUI (382)
[2018.04.23-23.25.55:144][ 51]LogModuleManager: Shutting down and abandoning module MovieSceneTools (380)
[2018.04.23-23.25.55:144][ 51]LogModuleManager: Shutting down and abandoning module OutputLog (378)
[2018.04.23-23.25.55:144][ 51]LogModuleManager: Shutting down and abandoning module GammaUI (376)
[2018.04.23-23.25.55:144][ 51]LogModuleManager: Shutting down and abandoning module Documentation (374)
[2018.04.23-23.25.55:144][ 51]LogModuleManager: Shutting down and abandoning module MovieSceneTracks (372)
[2018.04.23-23.25.55:144][ 51]LogModuleManager: Shutting down and abandoning module MovieScene (370)
[2018.04.23-23.25.55:144][ 51]LogModuleManager: Shutting down and abandoning module StreamingPauseRendering (368)
[2018.04.23-23.25.55:144][ 51]LogModuleManager: Shutting down and abandoning module LauncherPlatform (366)
[2018.04.23-23.25.55:144][ 51]LogModuleManager: Shutting down and abandoning module AnalyticsET (364)
[2018.04.23-23.25.55:144][ 51]LogModuleManager: Shutting down and abandoning module PortalServices (362)
[2018.04.23-23.25.55:144][ 51]LogModuleManager: Shutting down and abandoning module PortalRpc (360)
[2018.04.23-23.25.55:144][ 51]LogModuleManager: Shutting down and abandoning module MessagingRpc (358)
[2018.04.23-23.25.55:144][ 51]LogModuleManager: Shutting down and abandoning module AIModule (356)
[2018.04.23-23.25.55:144][ 51]LogModuleManager: Shutting down and abandoning module GameplayDebugger (355)
[2018.04.23-23.25.55:144][ 51]LogModuleManager: Shutting down and abandoning module AITestSuite (353)
[2018.04.23-23.25.55:144][ 51]LogModuleManager: Shutting down and abandoning module DesktopPlatform (350)
[2018.04.23-23.25.55:144][ 51]LogModuleManager: Shutting down and abandoning module ProfilerService (348)
[2018.04.23-23.25.55:306][ 51]LogModuleManager: Shutting down and abandoning module TaskGraph (346)
[2018.04.23-23.25.55:306][ 51]LogModuleManager: Shutting down and abandoning module SteamVRController (344)
[2018.04.23-23.25.55:306][ 51]LogModuleManager: Shutting down and abandoning module ProceduralMeshComponentEditor (342)
[2018.04.23-23.25.55:306][ 51]LogModuleManager: Shutting down and abandoning module ProceduralMeshComponent (340)
[2018.04.23-23.25.55:306][ 51]LogModuleManager: Shutting down and abandoning module OculusInput (338)
[2018.04.23-23.25.55:306][ 51]LogModuleManager: Shutting down and abandoning module MobilePatchingUtils (336)
[2018.04.23-23.25.55:306][ 51]LogModuleManager: Shutting down and abandoning module CustomMeshComponent (334)
[2018.04.23-23.25.55:306][ 51]LogModuleManager: Shutting down and abandoning module CableComponent (332)
[2018.04.23-23.25.55:306][ 51]LogModuleManager: Shutting down and abandoning module ArchVisCharacter (330)
[2018.04.23-23.25.55:306][ 51]LogModuleManager: Shutting down and abandoning module AndroidPermission (328)
[2018.04.23-23.25.55:306][ 51]LogModuleManager: Shutting down and abandoning module ActorSequence (324)
[2018.04.23-23.25.55:306][ 51]LogModuleManager: Shutting down and abandoning module MediaPlayerEditor (322)
[2018.04.23-23.25.55:306][ 51]LogModuleManager: Shutting down and abandoning module MediaCompositingEditor (320)
[2018.04.23-23.25.55:306][ 51]LogModuleManager: Shutting down and abandoning module MediaCompositing (318)
[2018.04.23-23.25.55:307][ 51]LogModuleManager: Shutting down and abandoning module HTML5Networking (316)
[2018.04.23-23.25.55:307][ 51]LogModuleManager: Shutting down and abandoning module AlembicImporter (314)
[2018.04.23-23.25.55:307][ 51]LogModuleManager: Shutting down and abandoning module AlembicLibrary (313)
[2018.04.23-23.25.55:307][ 51]LogModuleManager: Shutting down and abandoning module GeometryCache (312)
[2018.04.23-23.25.55:307][ 51]LogModuleManager: Shutting down and abandoning module GeometryCacheEd (311)
[2018.04.23-23.25.55:307][ 51]LogModuleManager: Shutting down and abandoning module SpeedTreeImporter (306)
[2018.04.23-23.25.55:307][ 51]LogModuleManager: Shutting down and abandoning module PluginBrowser (304)
[2018.04.23-23.25.55:307][ 51]LogModuleManager: Shutting down and abandoning module MobileLauncherProfileWizard (302)
[2018.04.23-23.25.55:307][ 51]LogModuleManager: Shutting down and abandoning module VisualStudioSourceCodeAccess (300)
[2018.04.23-23.25.55:307][ 51]LogModuleManager: Shutting down and abandoning module VisualStudioCodeSourceCodeAccess (298)
[2018.04.23-23.25.55:307][ 51]LogModuleManager: Shutting down and abandoning module UObjectPlugin (296)
[2018.04.23-23.25.55:307][ 51]LogModuleManager: Shutting down and abandoning module SubversionSourceControl (294)
[2018.04.23-23.25.55:307][ 51]LogModuleManager: Shutting down and abandoning module PerforceSourceControl (292)
[2018.04.23-23.25.55:307][ 51]LogModuleManager: Shutting down and abandoning module GitSourceControl (290)
[2018.04.23-23.25.55:307][ 51]LogModuleManager: Shutting down and abandoning module SourceControl (289)
[2018.04.23-23.25.55:307][ 51]LogModuleManager: Shutting down and abandoning module LightPropagationVolumeEditor (286)
[2018.04.23-23.25.55:307][ 51]LogModuleManager: Shutting down and abandoning module PaperTiledImporter (284)
[2018.04.23-23.25.55:307][ 51]LogModuleManager: Shutting down and abandoning module PaperSpriteSheetImporter (282)
[2018.04.23-23.25.55:307][ 51]LogModuleManager: Shutting down and abandoning module Paper2DEditor (280)
[2018.04.23-23.25.55:307][ 51]LogModuleManager: Shutting down and abandoning module MeshPaint (279)
[2018.04.23-23.25.55:307][ 51]LogModuleManager: Shutting down and abandoning module LevelEditor (277)
[2018.04.23-23.25.55:308][ 51]LogModuleManager: Shutting down and abandoning module PixelInspectorModule (276)
[2018.04.23-23.25.55:308][ 51]LogModuleManager: Shutting down and abandoning module MainFrame (274)
[2018.04.23-23.25.55:308][ 51]LogModuleManager: Shutting down and abandoning module HotReload (273)
[2018.04.23-23.25.55:311][ 51]LogModuleManager: Shutting down and abandoning module RuntimePhysXCooking (268)
[2018.04.23-23.25.55:311][ 51]LogModuleManager: Shutting down and abandoning module PhysXVehiclesEditor (266)
[2018.04.23-23.25.55:311][ 51]LogModuleManager: Shutting down and abandoning module PhysXVehicles (264)
[2018.04.23-23.25.55:311][ 51]LogModuleManager: Shutting down and abandoning module OculusEditor (262)
[2018.04.23-23.25.55:311][ 51]LogModuleManager: Shutting down and abandoning module LocationServicesBPLibrary (260)
[2018.04.23-23.25.55:311][ 51]LogModuleManager: Shutting down and abandoning module ImmediatePhysicsEditor (258)
[2018.04.23-23.25.55:311][ 51]LogModuleManager: Shutting down and abandoning module ImmediatePhysics (256)
[2018.04.23-23.25.55:311][ 51]LogModuleManager: Shutting down and abandoning module UdpMessaging (254)
[2018.04.23-23.25.55:412][ 51]LogModuleManager: Shutting down and abandoning module TcpMessaging (252)
[2018.04.23-23.25.55:512][ 51]LogModuleManager: Shutting down and abandoning module GameplayTagsEditor (250)
[2018.04.23-23.25.55:512][ 51]LogModuleManager: Shutting down and abandoning module FacialAnimationEditor (248)
[2018.04.23-23.25.55:512][ 51]LogModuleManager: Shutting down and abandoning module FacialAnimation (246)
[2018.04.23-23.25.55:512][ 51]LogModuleManager: Shutting down and abandoning module AssetManagerEditor (244)
[2018.04.23-23.25.55:512][ 51]LogModuleManager: Shutting down and abandoning module GraphEditor (243)
[2018.04.23-23.25.55:512][ 51]LogModuleManager: Shutting down and abandoning module ContentBrowser (241)
[2018.04.23-23.25.55:513][ 51]LogModuleManager: Shutting down and abandoning module LightPropagationVolumeRuntime (238)
[2018.04.23-23.25.55:513][ 51]LogModuleManager: Shutting down and abandoning module Paper2D (236)
[2018.04.23-23.25.55:513][ 51]LogModuleManager: Shutting down and abandoning module WindowsMoviePlayer (234)
[2018.04.23-23.25.55:513][ 51]LogModuleManager: Shutting down and abandoning module WmfMedia (232)
[2018.04.23-23.25.55:515][ 51]LogModuleManager: Shutting down and abandoning module ImgMedia (230)
[2018.04.23-23.25.55:515][ 51]LogModuleManager: Shutting down and abandoning module PacketHandler (228)
[2018.04.23-23.25.55:515][ 51]LogModuleManager: Shutting down and abandoning module ClothingSystemEditor (226)
[2018.04.23-23.25.55:515][ 51]LogModuleManager: Shutting down and abandoning module ClothingSystemRuntime (224)
[2018.04.23-23.25.55:515][ 51]LogModuleManager: Shutting down and abandoning module MediaAssets (222)
[2018.04.23-23.25.55:515][ 51]LogModuleManager: Shutting down and abandoning module Media (221)
[2018.04.23-23.25.55:520][ 51]LogModuleManager: Shutting down and abandoning module Overlay (218)
[2018.04.23-23.25.55:520][ 51]LogModuleManager: Shutting down and abandoning module OverlayEditor (217)
[2018.04.23-23.25.55:520][ 51]LogModuleManager: Shutting down and abandoning module VREditor (214)
[2018.04.23-23.25.55:521][ 51]LogModuleManager: Shutting down and abandoning module StringTableEditor (212)
[2018.04.23-23.25.55:521][ 51]LogModuleManager: Shutting down and abandoning module GameplayTasksEditor (210)
[2018.04.23-23.25.55:521][ 51]LogModuleManager: Shutting down and abandoning module BehaviorTreeEditor (208)
[2018.04.23-23.25.55:521][ 51]LogModuleManager: Shutting down and abandoning module FunctionalTesting (206)
[2018.04.23-23.25.55:521][ 51]LogModuleManager: Shutting down and abandoning module CollisionAnalyzer (204)
[2018.04.23-23.25.55:521][ 51]LogModuleManager: Shutting down and abandoning module WorkspaceMenuStructure (203)
[2018.04.23-23.25.55:521][ 51]LogModuleManager: Shutting down and abandoning module UMG (200)
[2018.04.23-23.25.55:521][ 51]LogModuleManager: Shutting down and abandoning module UMGEditor (199)
[2018.04.23-23.25.55:521][ 51]LogModuleManager: Shutting down and abandoning module Sequencer (198)
[2018.04.23-23.25.55:521][ 51]LogModuleManager: Shutting down and abandoning module MessageLog (195)
[2018.04.23-23.25.55:521][ 51]LogModuleManager: Shutting down and abandoning module SlateReflector (190)
[2018.04.23-23.25.55:521][ 51]LogModuleManager: Shutting down and abandoning module Slate (188)
[2018.04.23-23.25.55:521][ 51]LogModuleManager: Shutting down and abandoning module EditorStyle (186)
[2018.04.23-23.25.55:523][ 51]LogModuleManager: Shutting down and abandoning module MRMesh (184)
[2018.04.23-23.25.55:523][ 51]LogModuleManager: Shutting down and abandoning module SourceCodeAccess (182)
[2018.04.23-23.25.55:523][ 51]LogModuleManager: Shutting down and abandoning module HeadMountedDisplay (180)
[2018.04.23-23.25.55:523][ 51]LogModuleManager: Shutting down and abandoning module XAudio2 (178)
[2018.04.23-23.25.55:523][ 51]LogModuleManager: Shutting down and abandoning module Networking (176)
[2018.04.23-23.25.55:523][ 51]LogModuleManager: Shutting down and abandoning module Core (172)
[2018.04.23-23.25.55:523][ 51]LogModuleManager: Shutting down and abandoning module LevelSequence (168)
[2018.04.23-23.25.55:523][ 51]LogModuleManager: Shutting down and abandoning module DirectoryWatcher (166)
[2018.04.23-23.25.55:524][ 51]LogModuleManager: Shutting down and abandoning module KismetCompiler (164)
[2018.04.23-23.25.55:524][ 51]LogModuleManager: Shutting down and abandoning module MeshUtilities (162)
[2018.04.23-23.25.55:524][ 51]LogModuleManager: Shutting down and abandoning module MeshMergeUtilities (161)
[2018.04.23-23.25.55:524][ 51]LogModuleManager: Shutting down and abandoning module MeshReductionInterface (160)
[2018.04.23-23.25.55:524][ 51]LogModuleManager: Shutting down and abandoning module SimplygonSwarm (159)
[2018.04.23-23.25.55:524][ 51]LogModuleManager: Shutting down and abandoning module SimplygonMeshReduction (157)
[2018.04.23-23.25.55:524][ 51]LogModuleManager: Shutting down and abandoning module QuadricMeshReduction (155)
[2018.04.23-23.25.55:524][ 51]LogModuleManager: Shutting down and abandoning module MaterialBaking (151)
[2018.04.23-23.25.55:524][ 51]LogModuleManager: Shutting down and abandoning module DerivedDataCache (148)
[2018.04.23-23.25.55:619][ 51]LogDerivedDataCache: Shutdown
[2018.04.23-23.25.55:619][ 51]LogModuleManager: Shutting down and abandoning module TargetPlatform (146)
[2018.04.23-23.25.55:619][ 51]LogModuleManager: Shutting down and abandoning module VulkanShaderFormat (145)
[2018.04.23-23.25.55:619][ 51]LogModuleManager: Shutting down and abandoning module ShaderFormatVectorVM (143)
[2018.04.23-23.25.55:620][ 51]LogModuleManager: Shutting down and abandoning module ShaderFormatOpenGL (141)
[2018.04.23-23.25.55:620][ 51]LogModuleManager: Shutting down and abandoning module ShaderFormatD3D (139)
[2018.04.23-23.25.55:620][ 51]LogModuleManager: Shutting down and abandoning module MetalShaderFormat (137)
[2018.04.23-23.25.55:620][ 51]LogModuleManager: Shutting down and abandoning module TextureFormatUncompressed (135)
[2018.04.23-23.25.55:620][ 51]LogModuleManager: Shutting down and abandoning module TextureFormatPVR (133)
[2018.04.23-23.25.55:620][ 51]LogModuleManager: Shutting down and abandoning module TextureFormatDXT (131)
[2018.04.23-23.25.55:620][ 51]LogModuleManager: Shutting down and abandoning module TextureFormatIntelISPCTexComp (129)
[2018.04.23-23.25.55:620][ 51]LogModuleManager: Shutting down and abandoning module TextureFormatASTC (127)
[2018.04.23-23.25.55:620][ 51]LogModuleManager: Shutting down and abandoning module ImageWrapper (126)
[2018.04.23-23.25.55:620][ 51]LogModuleManager: Shutting down and abandoning module TextureFormatAndroid (123)
[2018.04.23-23.25.55:620][ 51]LogModuleManager: Shutting down and abandoning module AudioFormatOpus (121)
[2018.04.23-23.25.55:620][ 51]LogModuleManager: Shutting down and abandoning module AudioFormatOgg (119)
[2018.04.23-23.25.55:620][ 51]LogModuleManager: Shutting down and abandoning module AudioFormatADPCM (117)
[2018.04.23-23.25.55:620][ 51]LogModuleManager: Shutting down and abandoning module LinuxTargetPlatform (115)
[2018.04.23-23.25.55:620][ 51]LogModuleManager: Shutting down and abandoning module LinuxServerTargetPlatform (113)
[2018.04.23-23.25.55:620][ 51]LogModuleManager: Shutting down and abandoning module LinuxNoEditorTargetPlatform (111)
[2018.04.23-23.25.55:620][ 51]LogModuleManager: Shutting down and abandoning module LinuxClientTargetPlatform (109)
[2018.04.23-23.25.55:620][ 51]LogModuleManager: Shutting down and abandoning module TVOSTargetPlatform (107)
[2018.04.23-23.25.55:620][ 51]LogModuleManager: Shutting down and abandoning module Messaging (105)
[2018.04.23-23.25.55:620][ 51]LogModuleManager: Shutting down and abandoning module IOSTargetPlatform (103)
[2018.04.23-23.25.55:620][ 51]LogModuleManager: Shutting down and abandoning module HTML5TargetPlatform (101)
[2018.04.23-23.25.55:620][ 51]LogModuleManager: Shutting down and abandoning module AndroidTargetPlatform (99)
[2018.04.23-23.25.55:620][ 51]LogModuleManager: Shutting down and abandoning module Android_PVRTCTargetPlatform (97)
[2018.04.23-23.25.55:620][ 51]LogModuleManager: Shutting down and abandoning module Android_MultiTargetPlatform (95)
[2018.04.23-23.25.55:620][ 51]LogModuleManager: Shutting down and abandoning module Android_ETC2TargetPlatform (93)
[2018.04.23-23.25.55:620][ 51]LogModuleManager: Shutting down and abandoning module Android_ETC1TargetPlatform (91)
[2018.04.23-23.25.55:620][ 51]LogModuleManager: Shutting down and abandoning module Android_DXTTargetPlatform (89)
[2018.04.23-23.25.55:620][ 51]LogModuleManager: Shutting down and abandoning module Android_ATCTargetPlatform (87)
[2018.04.23-23.25.55:620][ 51]LogModuleManager: Shutting down and abandoning module Android_ASTCTargetPlatform (85)
[2018.04.23-23.25.55:620][ 51]LogModuleManager: Shutting down and abandoning module WindowsTargetPlatform (83)
[2018.04.23-23.25.55:620][ 51]LogModuleManager: Shutting down and abandoning module WindowsServerTargetPlatform (81)
[2018.04.23-23.25.55:620][ 51]LogModuleManager: Shutting down and abandoning module WindowsNoEditorTargetPlatform (79)
[2018.04.23-23.25.55:620][ 51]LogModuleManager: Shutting down and abandoning module WindowsClientTargetPlatform (77)
[2018.04.23-23.25.55:620][ 51]LogModuleManager: Shutting down and abandoning module MacTargetPlatform (75)
[2018.04.23-23.25.55:620][ 51]LogModuleManager: Shutting down and abandoning module MacServerTargetPlatform (73)
[2018.04.23-23.25.55:620][ 51]LogModuleManager: Shutting down and abandoning module MacNoEditorTargetPlatform (71)
[2018.04.23-23.25.55:620][ 51]LogModuleManager: Shutting down and abandoning module MacClientTargetPlatform (69)
[2018.04.23-23.25.55:620][ 51]LogModuleManager: Shutting down and abandoning module AllDesktopTargetPlatform (67)
[2018.04.23-23.25.55:620][ 51]LogModuleManager: Shutting down and abandoning module InputCore (64)
[2018.04.23-23.25.55:620][ 51]LogModuleManager: Shutting down and abandoning module Settings (62)
[2018.04.23-23.25.55:620][ 51]LogModuleManager: Shutting down and abandoning module PhysXCooking (60)
[2018.04.23-23.25.55:620][ 51]LogModuleManager: Shutting down and abandoning module SteamVR (58)
[2018.04.23-23.25.55:620][ 51]LogModuleManager: Shutting down and abandoning module OculusHMD (56)
[2018.04.23-23.25.55:620][ 51]LogModuleManager: Shutting down and abandoning module ExampleDeviceProfileSelector (54)
[2018.04.23-23.25.55:620][ 51]LogModuleManager: Shutting down and abandoning module AppleARKit (52)
[2018.04.23-23.25.55:620][ 51]LogModuleManager: Shutting down and abandoning module AugmentedReality (51)
[2018.04.23-23.25.55:620][ 51]LogModuleManager: Shutting down and abandoning module OnlineBlueprintSupport (48)
[2018.04.23-23.25.55:620][ 51]LogModuleManager: Shutting down and abandoning module OnlineSubsystem (44)
[2018.04.23-23.25.55:620][ 51]LogModuleManager: Shutting down and abandoning module XMPP (43)
[2018.04.23-23.25.55:620][ 51]LogModuleManager: Shutting down and abandoning module HTTP (41)
[2018.04.23-23.25.55:620][ 51]LogHttp: Display: Http module shutting down, but needs to wait on 1 outstanding Http requests:
[2018.04.23-23.25.55:620][ 51]LogHttp: Display: 	verb=[POST] url=[https://datarouter.ol.epicgames.com/datarouter/api/v1/public/data?SessionID=%7B4A49EF7B-4A40-3B84-8EE0-D69809F01059%7D&AppID=UEEditor.Rocket.Release&AppVersion=4.18.3-3832480%2B%2B%2BUE4%2BRelease-4.18&UserID=2bae70db41f084004a2ce0bd3e06ec0c%7Cb3a122d34d8d4250b2d7520357a10a81%7C5f585d7b-ecc4-4dd4-88bd-af123f1b33ca&AppEnvironment=datacollector-binary&UploadType=eteventstream] status=Processing
[2018.04.23-23.25.55:650][ 51]LogModuleManager: Shutting down and abandoning module SSL (40)
[2018.04.23-23.25.55:651][ 51]LogModuleManager: Shutting down and abandoning module AnimationModifiers (36)
[2018.04.23-23.25.55:651][ 51]LogModuleManager: Shutting down and abandoning module PropertyEditor (35)
[2018.04.23-23.25.55:651][ 51]LogModuleManager: Shutting down and abandoning module AudioEditor (32)
[2018.04.23-23.25.55:651][ 51]LogModuleManager: Shutting down and abandoning module TextureCompressor (30)
[2018.04.23-23.25.55:652][ 51]LogModuleManager: Shutting down and abandoning module ShaderCore (28)
[2018.04.23-23.25.55:652][ 51]LogModuleManager: Shutting down and abandoning module Landscape (26)
[2018.04.23-23.25.55:652][ 51]LogModuleManager: Shutting down and abandoning module SlateRHIRenderer (24)
[2018.04.23-23.25.55:653][ 51]LogModuleManager: Shutting down and abandoning module OpenGLDrv (22)
[2018.04.23-23.25.55:653][ 51]LogModuleManager: Shutting down and abandoning module D3D11RHI (20)
[2018.04.23-23.25.55:653][ 51]LogModuleManager: Shutting down and abandoning module AnimGraphRuntime (18)
[2018.04.23-23.25.55:653][ 51]LogModuleManager: Shutting down and abandoning module Renderer (16)
[2018.04.23-23.25.55:653][ 51]LogModuleManager: Shutting down and abandoning module Engine (14)
[2018.04.23-23.25.55:653][ 51]LogModuleManager: Shutting down and abandoning module CoreUObject (12)
[2018.04.23-23.25.55:653][ 51]LogModuleManager: Shutting down and abandoning module NetworkFile (10)
[2018.04.23-23.25.55:653][ 51]LogModuleManager: Shutting down and abandoning module CookedIterativeFile (8)
[2018.04.23-23.25.55:653][ 51]LogModuleManager: Shutting down and abandoning module StreamingFile (6)
[2018.04.23-23.25.55:653][ 51]LogModuleManager: Shutting down and abandoning module SandboxFile (4)
[2018.04.23-23.25.55:653][ 51]LogModuleManager: Shutting down and abandoning module PakFile (2)
[2018.04.23-23.25.55:658][ 51]LogExit: Exiting.
[2018.04.23-23.25.55:690][ 51]Log file closed, 04/23/18 16:25:55
