Log file open, 02/17/18 18:58:59
LogWindows: Failed to load 'aqProf.dll' (GetLastError=126)
LogWindows: File 'aqProf.dll' does not exist
LogWindows: Failed to load 'VSPerf140.dll' (GetLastError=126)
LogWindows: File 'VSPerf140.dll' does not exist
LogWindows: Failed to load 'VtuneApi.dll' (GetLastError=126)
LogWindows: File 'VtuneApi.dll' does not exist
LogWindows: Failed to load 'VtuneApi32e.dll' (GetLastError=126)
LogWindows: File 'VtuneApi32e.dll' does not exist
LogInit: Display: Running engine for game: SushiShop
LogPlatformFile: Not using cached read wrapper
LogInit: Display: RandInit(-2117302923) SRandInit(-2117302923).
LogTaskGraph: Started task graph with 5 named threads and 14 total threads with 3 sets of task threads.
LogStats: Stats thread started at 0.167484
LogD3D11RHI: Aftermath initialized
LogModuleManager: Display: Found up-to-date module file ../../../Engine/Plugins/2D/Paper2D/Binaries/Win64/UE4Editor-Paper2D.dll (API version 3709383).
LogModuleManager: Display: Found up-to-date module file ../../../Engine/Plugins/2D/Paper2D/Binaries/Win64/UE4Editor-Paper2DEditor.dll (API version 3709383).
LogModuleManager: Display: Found up-to-date module file ../../../Engine/Plugins/2D/Paper2D/Binaries/Win64/UE4Editor-PaperSpriteSheetImporter.dll (API version 3709383).
LogModuleManager: Display: Found up-to-date module file ../../../Engine/Plugins/2D/Paper2D/Binaries/Win64/UE4Editor-PaperTiledImporter.dll (API version 3709383).
LogModuleManager: Display: Found up-to-date module file ../../../Engine/Plugins/2D/Paper2D/Binaries/Win64/UE4Editor-SmartSnapping.dll (API version 3709383).
LogModuleManager: Display: Found up-to-date module file ../../../Engine/Plugins/Blendables/LightPropagationVolume/Binaries/Win64/UE4Editor-LightPropagationVolumeRuntime.dll (API version 3709383).
LogModuleManager: Display: Found up-to-date module file ../../../Engine/Plugins/Blendables/LightPropagationVolume/Binaries/Win64/UE4Editor-LightPropagationVolumeEditor.dll (API version 3709383).
LogModuleManager: Display: Found up-to-date module file ../../../Engine/Plugins/Developer/GitSourceControl/Binaries/Win64/UE4Editor-GitSourceControl.dll (API version 3709383).
LogModuleManager: Display: Found up-to-date module file ../../../Engine/Plugins/Developer/PerforceSourceControl/Binaries/Win64/UE4Editor-PerforceSourceControl.dll (API version 3709383).
LogModuleManager: Display: Found up-to-date module file ../../../Engine/Plugins/Developer/SubversionSourceControl/Binaries/Win64/UE4Editor-SubversionSourceControl.dll (API version 3709383).
LogModuleManager: Display: Found up-to-date module file ../../../Engine/Plugins/Developer/UObjectPlugin/Binaries/Win64/UE4Editor-UObjectPlugin.dll (API version 3709383).
LogModuleManager: Display: Found up-to-date module file ../../../Engine/Plugins/Developer/VisualStudioCodeSourceCodeAccess/Binaries/Win64/UE4Editor-VisualStudioCodeSourceCodeAccess.dll (API version 3709383).
LogModuleManager: Display: Found up-to-date module file ../../../Engine/Plugins/Developer/VisualStudioSourceCodeAccess/Binaries/Win64/UE4Editor-VisualStudioSourceCodeAccess.dll (API version 3709383).
LogModuleManager: Display: Found up-to-date module file ../../../Engine/Plugins/Editor/AssetManagerEditor/Binaries/Win64/UE4Editor-AssetManagerEditor.dll (API version 3709383).
LogModuleManager: Display: Found up-to-date module file ../../../Engine/Plugins/Editor/AudioCapture/Binaries/Win64/UE4Editor-AudioCapture.dll (API version 3709383).
LogModuleManager: Display: Found up-to-date module file ../../../Engine/Plugins/Editor/FacialAnimation/Binaries/Win64/UE4Editor-FacialAnimation.dll (API version 3709383).
LogModuleManager: Display: Found up-to-date module file ../../../Engine/Plugins/Editor/FacialAnimation/Binaries/Win64/UE4Editor-FacialAnimationEditor.dll (API version 3709383).
LogModuleManager: Display: Found up-to-date module file ../../../Engine/Plugins/Editor/GameplayTagsEditor/Binaries/Win64/UE4Editor-GameplayTagsEditor.dll (API version 3709383).
LogModuleManager: Display: Found up-to-date module file ../../../Engine/Plugins/Editor/MobileLauncherProfileWizard/Binaries/Win64/UE4Editor-MobileLauncherProfileWizard.dll (API version 3709383).
LogModuleManager: Display: Found up-to-date module file ../../../Engine/Plugins/Editor/PluginBrowser/Binaries/Win64/UE4Editor-PluginBrowser.dll (API version 3709383).
LogModuleManager: Display: Found up-to-date module file ../../../Engine/Plugins/Editor/SpeedTreeImporter/Binaries/Win64/UE4Editor-SpeedTreeImporter.dll (API version 3709383).
LogModuleManager: Display: Found up-to-date module file ../../../Engine/Plugins/Experimental/AlembicImporter/Binaries/Win64/UE4Editor-AlembicImporter.dll (API version 3709383).
LogModuleManager: Display: Found up-to-date module file ../../../Engine/Plugins/Experimental/AlembicImporter/Binaries/Win64/UE4Editor-AlembicLibrary.dll (API version 3709383).
LogModuleManager: Display: Found up-to-date module file ../../../Engine/Plugins/Experimental/CharacterAI/Binaries/Win64/UE4Editor-CharacterAI.dll (API version 3709383).
LogModuleManager: Display: Found up-to-date module file ../../../Engine/Plugins/Experimental/HTML5Networking/Binaries/Win64/UE4Editor-HTML5Networking.dll (API version 3709383).
LogModuleManager: Display: Found up-to-date module file ../../../Engine/Plugins/Media/AndroidMedia/Binaries/Win64/UE4Editor-AndroidMediaEditor.dll (API version 3709383).
LogModuleManager: Display: Found up-to-date module file ../../../Engine/Plugins/Media/AndroidMedia/Binaries/Win64/UE4Editor-AndroidMediaFactory.dll (API version 3709383).
LogModuleManager: Display: Found up-to-date module file ../../../Engine/Plugins/Media/AvfMedia/Binaries/Win64/UE4Editor-AvfMediaEditor.dll (API version 3709383).
LogModuleManager: Display: Found up-to-date module file ../../../Engine/Plugins/Media/AvfMedia/Binaries/Win64/UE4Editor-AvfMediaFactory.dll (API version 3709383).
LogModuleManager: Display: Found up-to-date module file ../../../Engine/Plugins/Media/AvfMedia/Binaries/Win64/UE4Editor-AvfMediaFactory.dll (API version 3709383).
LogModuleManager: Display: Found up-to-date module file ../../../Engine/Plugins/Media/ImgMedia/Binaries/Win64/UE4Editor-ImgMedia.dll (API version 3709383).
LogModuleManager: Display: Found up-to-date module file ../../../Engine/Plugins/Media/ImgMedia/Binaries/Win64/UE4Editor-ImgMediaEditor.dll (API version 3709383).
LogModuleManager: Display: Found up-to-date module file ../../../Engine/Plugins/Media/ImgMedia/Binaries/Win64/UE4Editor-ImgMediaFactory.dll (API version 3709383).
LogModuleManager: Display: Found up-to-date module file ../../../Engine/Plugins/Media/ImgMedia/Binaries/Win64/UE4Editor-ImgMediaFactory.dll (API version 3709383).
LogModuleManager: Display: Found up-to-date module file ../../../Engine/Plugins/Media/ImgMedia/Binaries/Win64/UE4Editor-OpenExrWrapper.dll (API version 3709383).
LogModuleManager: Display: Found up-to-date module file ../../../Engine/Plugins/Media/MediaCompositing/Binaries/Win64/UE4Editor-MediaCompositing.dll (API version 3709383).
LogModuleManager: Display: Found up-to-date module file ../../../Engine/Plugins/Media/MediaCompositing/Binaries/Win64/UE4Editor-MediaCompositingEditor.dll (API version 3709383).
LogModuleManager: Display: Found up-to-date module file ../../../Engine/Plugins/Media/MediaPlayerEditor/Binaries/Win64/UE4Editor-MediaPlayerEditor.dll (API version 3709383).
LogModuleManager: Display: Found up-to-date module file ../../../Engine/Plugins/Media/WmfMedia/Binaries/Win64/UE4Editor-WmfMedia.dll (API version 3709383).
LogModuleManager: Display: Found up-to-date module file ../../../Engine/Plugins/Media/WmfMedia/Binaries/Win64/UE4Editor-WmfMediaEditor.dll (API version 3709383).
LogModuleManager: Display: Found up-to-date module file ../../../Engine/Plugins/Media/WmfMedia/Binaries/Win64/UE4Editor-WmfMediaFactory.dll (API version 3709383).
LogModuleManager: Display: Found up-to-date module file ../../../Engine/Plugins/Media/WmfMedia/Binaries/Win64/UE4Editor-WmfMediaFactory.dll (API version 3709383).
LogModuleManager: Display: Found up-to-date module file ../../../Engine/Plugins/Messaging/TcpMessaging/Binaries/Win64/UE4Editor-TcpMessaging.dll (API version 3709383).
LogModuleManager: Display: Found up-to-date module file ../../../Engine/Plugins/Messaging/UdpMessaging/Binaries/Win64/UE4Editor-UdpMessaging.dll (API version 3709383).
LogModuleManager: Display: Found up-to-date module file ../../../Engine/Plugins/MovieScene/ActorSequence/Binaries/Win64/UE4Editor-ActorSequence.dll (API version 3709383).
LogModuleManager: Display: Found up-to-date module file ../../../Engine/Plugins/MovieScene/LevelSequenceEditor/Binaries/Win64/UE4Editor-LevelSequenceEditor.dll (API version 3709383).
LogModuleManager: Display: Found up-to-date module file ../../../Engine/Plugins/MovieScene/MatineeToLevelSequence/Binaries/Win64/UE4Editor-MatineeToLevelSequence.dll (API version 3709383).
LogModuleManager: Display: Found up-to-date module file ../../../Engine/Plugins/Online/OnlineSubsystem/Binaries/Win64/UE4Editor-OnlineSubsystem.dll (API version 3709383).
LogModuleManager: Display: Found up-to-date module file ../../../Engine/Plugins/Runtime/AndroidPermission/Binaries/Win64/UE4Editor-AndroidPermission.dll (API version 3709383).
LogModuleManager: Display: Found up-to-date module file ../../../Engine/Plugins/Online/OnlineSubsystemNull/Binaries/Win64/UE4Editor-OnlineSubsystemNull.dll (API version 3709383).
LogModuleManager: Display: Found up-to-date module file ../../../Engine/Plugins/Online/OnlineSubsystemUtils/Binaries/Win64/UE4Editor-OnlineSubsystemUtils.dll (API version 3709383).
LogModuleManager: Display: Found up-to-date module file ../../../Engine/Plugins/Online/OnlineSubsystemUtils/Binaries/Win64/UE4Editor-OnlineBlueprintSupport.dll (API version 3709383).
LogModuleManager: Display: Found up-to-date module file ../../../Engine/Plugins/Runtime/AndroidDeviceProfileSelector/Binaries/Win64/UE4Editor-AndroidDeviceProfileSelector.dll (API version 3709383).
LogModuleManager: Display: Found up-to-date module file ../../../Engine/Plugins/Runtime/AppleARKit/Binaries/Win64/UE4Editor-AppleARKit.dll (API version 3709383).
LogModuleManager: Display: Found up-to-date module file ../../../Engine/Plugins/Runtime/ArchVisCharacter/Binaries/Win64/UE4Editor-ArchVisCharacter.dll (API version 3709383).
LogModuleManager: Display: Found up-to-date module file ../../../Engine/Plugins/Runtime/CableComponent/Binaries/Win64/UE4Editor-CableComponent.dll (API version 3709383).
LogModuleManager: Display: Found up-to-date module file ../../../Engine/Plugins/Runtime/CustomMeshComponent/Binaries/Win64/UE4Editor-CustomMeshComponent.dll (API version 3709383).
LogModuleManager: Display: Found up-to-date module file ../../../Engine/Plugins/Runtime/ExampleDeviceProfileSelector/Binaries/Win64/UE4Editor-ExampleDeviceProfileSelector.dll (API version 3709383).
LogModuleManager: Display: Found up-to-date module file ../../../Engine/Plugins/Runtime/ImmediatePhysics/Binaries/Win64/UE4Editor-ImmediatePhysics.dll (API version 3709383).
LogModuleManager: Display: Found up-to-date module file ../../../Engine/Plugins/Runtime/ImmediatePhysics/Binaries/Win64/UE4Editor-ImmediatePhysicsEditor.dll (API version 3709383).
LogModuleManager: Display: Found up-to-date module file ../../../Engine/Plugins/Runtime/LocationServicesBPLibrary/Binaries/Win64/UE4Editor-LocationServicesBPLibrary.dll (API version 3709383).
LogModuleManager: Display: Found up-to-date module file ../../../Engine/Plugins/Runtime/MobilePatchingUtils/Binaries/Win64/UE4Editor-MobilePatchingUtils.dll (API version 3709383).
LogModuleManager: Display: Found up-to-date module file ../../../Engine/Plugins/Runtime/Oculus/OculusVR/Binaries/Win64/UE4Editor-OculusHMD.dll (API version 3709383).
LogModuleManager: Display: Found up-to-date module file ../../../Engine/Plugins/Runtime/Oculus/OculusVR/Binaries/Win64/UE4Editor-OculusInput.dll (API version 3709383).
LogModuleManager: Display: Found up-to-date module file ../../../Engine/Plugins/Runtime/Oculus/OculusVR/Binaries/Win64/UE4Editor-OculusEditor.dll (API version 3709383).
LogModuleManager: Display: Found up-to-date module file ../../../Engine/Plugins/Runtime/PhysXVehicles/Binaries/Win64/UE4Editor-PhysXVehicles.dll (API version 3709383).
LogModuleManager: Display: Found up-to-date module file ../../../Engine/Plugins/Runtime/PhysXVehicles/Binaries/Win64/UE4Editor-PhysXVehiclesEditor.dll (API version 3709383).
LogModuleManager: Display: Found up-to-date module file ../../../Engine/Plugins/Runtime/ProceduralMeshComponent/Binaries/Win64/UE4Editor-ProceduralMeshComponent.dll (API version 3709383).
LogModuleManager: Display: Found up-to-date module file ../../../Engine/Plugins/Runtime/ProceduralMeshComponent/Binaries/Win64/UE4Editor-ProceduralMeshComponentEditor.dll (API version 3709383).
LogModuleManager: Display: Found up-to-date module file ../../../Engine/Plugins/Runtime/RuntimePhysXCooking/Binaries/Win64/UE4Editor-RuntimePhysXCooking.dll (API version 3709383).
LogModuleManager: Display: Found up-to-date module file ../../../Engine/Plugins/Runtime/Steam/SteamVR/Binaries/Win64/UE4Editor-SteamVR.dll (API version 3709383).
LogModuleManager: Display: Found up-to-date module file ../../../Engine/Plugins/Runtime/Steam/SteamVR/Binaries/Win64/UE4Editor-SteamVRController.dll (API version 3709383).
LogModuleManager: Display: Found up-to-date module file ../../../Engine/Plugins/Runtime/WindowsMoviePlayer/Binaries/Win64/UE4Editor-WindowsMoviePlayer.dll (API version 3709383).
LogPluginManager: Mounting plugin Paper2D
LogPluginManager: Mounting plugin LightPropagationVolume
LogPluginManager: Mounting plugin CodeLiteSourceCodeAccess
LogPluginManager: Mounting plugin GitSourceControl
LogPluginManager: Mounting plugin KDevelopSourceCodeAccess
LogPluginManager: Mounting plugin NullSourceCodeAccess
LogPluginManager: Mounting plugin PerforceSourceControl
LogPluginManager: Mounting plugin SubversionSourceControl
LogPluginManager: Mounting plugin UObjectPlugin
LogPluginManager: Mounting plugin VisualStudioCodeSourceCodeAccess
LogPluginManager: Mounting plugin VisualStudioSourceCodeAccess
LogPluginManager: Mounting plugin XCodeSourceCodeAccess
LogPluginManager: Mounting plugin AssetManagerEditor
LogPluginManager: Mounting plugin AudioCapture
LogPluginManager: Mounting plugin FacialAnimation
LogPluginManager: Mounting plugin GameplayTagsEditor
LogPluginManager: Mounting plugin MobileLauncherProfileWizard
LogPluginManager: Mounting plugin PluginBrowser
LogPluginManager: Mounting plugin SpeedTreeImporter
LogPluginManager: Mounting plugin AlembicImporter
LogPluginManager: Mounting plugin CharacterAI
LogPluginManager: Mounting plugin HTML5Networking
LogPluginManager: Mounting plugin AndroidMedia
LogPluginManager: Mounting plugin AvfMedia
LogPluginManager: Mounting plugin ImgMedia
LogPluginManager: Mounting plugin MediaCompositing
LogPluginManager: Mounting plugin MediaPlayerEditor
LogPluginManager: Mounting plugin WmfMedia
LogPluginManager: Mounting plugin TcpMessaging
LogPluginManager: Mounting plugin UdpMessaging
LogPluginManager: Mounting plugin ActorSequence
LogPluginManager: Mounting plugin LevelSequenceEditor
LogPluginManager: Mounting plugin MatineeToLevelSequence
LogPluginManager: Mounting plugin OnlineSubsystemGooglePlay
LogPluginManager: Mounting plugin OnlineSubsystemIOS
LogPluginManager: Mounting plugin OnlineSubsystem
LogPluginManager: Mounting plugin OnlineSubsystemNull
LogPluginManager: Mounting plugin OnlineSubsystemUtils
LogPluginManager: Mounting plugin AndroidDeviceProfileSelector
LogPluginManager: Mounting plugin AndroidMoviePlayer
LogPluginManager: Mounting plugin AndroidPermission
LogPluginManager: Mounting plugin AppleARKit
LogPluginManager: Mounting plugin AppleMoviePlayer
LogPluginManager: Mounting plugin ArchVisCharacter
LogPluginManager: Mounting plugin CableComponent
LogPluginManager: Mounting plugin CustomMeshComponent
LogPluginManager: Mounting plugin ExampleDeviceProfileSelector
LogPluginManager: Mounting plugin GoogleCloudMessaging
LogPluginManager: Mounting plugin ImmediatePhysics
LogPluginManager: Mounting plugin IOSDeviceProfileSelector
LogPluginManager: Mounting plugin LinuxDeviceProfileSelector
LogPluginManager: Mounting plugin LocationServicesBPLibrary
LogPluginManager: Mounting plugin MobilePatchingUtils
LogPluginManager: Mounting plugin OculusVR
LogPluginManager: Plugin shader directory ../../../Engine/Plugins/Runtime/Oculus/OculusVR/Shaders found
LogPluginManager: Mapping shader source directory ../../../Engine/Plugins/Runtime/Oculus/OculusVR/Shaders to virtual directory /Plugin/OculusVR
LogPluginManager: Mounting plugin PhysXVehicles
LogPluginManager: Mounting plugin ProceduralMeshComponent
LogPluginManager: Mounting plugin RuntimePhysXCooking
LogPluginManager: Mounting plugin SteamVR
LogPluginManager: Mounting plugin WindowsMoviePlayer
LogInit: Using libcurl 7.47.1
LogInit:  - built for x86_64-pc-win32
LogInit:  - supports SSL with OpenSSL/1.0.2g
LogInit:  - supports HTTP deflate (compression) using libz 1.2.8
LogInit:  - other features:
LogInit:      CURL_VERSION_SSL
LogInit:      CURL_VERSION_LIBZ
LogInit:      CURL_VERSION_IPV6
LogInit:      CURL_VERSION_ASYNCHDNS
LogInit:      CURL_VERSION_LARGEFILE
LogInit:      CURL_VERSION_IDN
LogInit:  CurlRequestOptions (configurable via config and command line):
LogInit:  - bVerifyPeer = false  - Libcurl will NOT verify peer certificate
LogInit:  - bUseHttpProxy = false  - Libcurl will NOT use HTTP proxy
LogInit:  - bDontReuseConnections = false  - Libcurl will reuse connections
LogInit:  - CertBundlePath = nullptr  - Libcurl will use whatever was configured at build time.
LogInit: Build: ++UE4+Release-4.18-CL-3832480
LogInit: Engine Version: 4.18.3-3832480+++UE4+Release-4.18
LogInit: Compatible Engine Version: 4.18.0-3709383+++UE4+Release-4.18
LogInit: Net CL: 3709383
LogDevObjectVersion: Number of dev versions registered: 16
LogDevObjectVersion:   Dev-Blueprints (B0D832E4-1F89-4F0D-ACCF-7EB736FD4AA2): 10
LogDevObjectVersion:   Dev-Build (E1C64328-A22C-4D53-A36C-8E866417BD8C): 0
LogDevObjectVersion:   Dev-Core (375EC13C-06E4-48FB-B500-84F0262A717E): 2
LogDevObjectVersion:   Dev-Editor (E4B068ED-F494-42E9-A231-DA0B2E46BB41): 20
LogDevObjectVersion:   Dev-Framework (CFFC743F-43B0-4480-9391-14DF171D2073): 30
LogDevObjectVersion:   Dev-Mobile (B02B49B5-BB20-44E9-A304-32B752E40360): 0
LogDevObjectVersion:   Dev-Networking (A4E4105C-59A1-49B5-A7C5-40C4547EDFEE): 0
LogDevObjectVersion:   Dev-Online (39C831C9-5AE6-47DC-9A44-9C173E1C8E7C): 0
LogDevObjectVersion:   Dev-Physics (78F01B33-EBEA-4F98-B9B4-84EACCB95AA2): 0
LogDevObjectVersion:   Dev-Platform (6631380F-2D4D-43E0-8009-CF276956A95A): 0
LogDevObjectVersion:   Dev-Rendering (12F88B9F-8875-4AFC-A67C-D90C383ABD29): 20
LogDevObjectVersion:   Dev-Sequencer (7B5AE74C-D270-4C10-A958-57980B212A5A): 4
LogDevObjectVersion:   Dev-VR (D7296918-1DD6-4BDD-9DE2-64A83CC13884): 0
LogDevObjectVersion:   Dev-LoadTimes (C2A15278-BFE7-4AFE-6C17-90FF531DF755): 1
LogDevObjectVersion:   Private-Geometry (6EACA3D4-40EC-4CC1-B786-8BED09428FC5): 1
LogDevObjectVersion:   Dev-AnimPhys (29E575DD-E0A3-4627-9D10-D276232CDCEA): 12
LogInit: Compiled (64-bit): Jan 12 2018 02:04:55
LogInit: Compiled with Visual C++: 19.00.24215.01
LogInit: Build Configuration: Development
LogInit: Branch Name: ++UE4+Release-4.18
LogInit: Command line: 
LogInit: Base directory: C:/Program Files/Epic Games/UE_4.18/Engine/Binaries/Win64/
LogInit: Installed Engine Build: 1
LogInit: Presizing for max 8388607 objects, including 0 objects not considered by GC, pre-allocating 0 bytes for permanent pool.
LogInit: Object subsystem initialized
[2018.02.18-02.59.00:282][  0]LogInit: Selected Device Profile: [Windows]
[2018.02.18-02.59.00:282][  0]LogInit: Applying CVar settings loaded from the selected device profile: [Windows]
[2018.02.18-02.59.00:294][  0]LogInit: Computer: ARCHER
[2018.02.18-02.59.00:294][  0]LogInit: User: darkm
[2018.02.18-02.59.00:294][  0]LogInit: CPU Page size=4096, Cores=4
[2018.02.18-02.59.00:294][  0]LogInit: High frequency timer resolution =1.945313 MHz
[2018.02.18-02.59.00:294][  0]LogMemory: Memory total: Physical=15.9GB (16GB approx)
[2018.02.18-02.59.00:294][  0]LogMemory: Platform Memory Stats for Windows
[2018.02.18-02.59.00:294][  0]LogMemory: Process Physical Memory: 272.10 MB used, 272.10 MB peak
[2018.02.18-02.59.00:294][  0]LogMemory: Process Virtual Memory: 269.90 MB used, 269.90 MB peak
[2018.02.18-02.59.00:294][  0]LogMemory: Physical Memory: 6604.88 MB used,  9694.72 MB free, 16299.60 MB total
[2018.02.18-02.59.00:294][  0]LogMemory: Virtual Memory: 682.25 MB used,  9694.72 MB free, 134217728.00 MB total
[2018.02.18-02.59.00:464][  0]LogInit: Using OS detected language (en-US).
[2018.02.18-02.59.00:464][  0]LogInit: Using OS detected locale (en-US).
[2018.02.18-02.59.00:466][  0]LogTextLocalizationManager: No specific localization for 'en-US' exists, so the 'en' localization will be used.
[2018.02.18-02.59.00:854][  0]LogInit: Setting process to per monitor DPI aware
[2018.02.18-02.59.01:139][  0]LogD3D11RHI: D3D11 adapters:
[2018.02.18-02.59.01:150][  0]LogD3D11RHI:    0. 'Intel(R) UHD Graphics 620' (Feature Level 11_0)
[2018.02.18-02.59.01:150][  0]LogD3D11RHI:       128/0/8149 MB DedicatedVideo/DedicatedSystem/SharedSystem, Outputs:2, VendorId:0x8086
[2018.02.18-02.59.01:185][  0]LogD3D11RHI:    1. 'Radeon 500 Series' (Feature Level 11_0)
[2018.02.18-02.59.01:185][  0]LogD3D11RHI:       1995/0/8149 MB DedicatedVideo/DedicatedSystem/SharedSystem, Outputs:0, VendorId:0x1002
[2018.02.18-02.59.01:187][  0]LogD3D11RHI:    2. 'Microsoft Basic Render Driver' (Feature Level 11_0)
[2018.02.18-02.59.01:187][  0]LogD3D11RHI:       0/0/8149 MB DedicatedVideo/DedicatedSystem/SharedSystem, Outputs:0, VendorId:0x1414
[2018.02.18-02.59.01:187][  0]LogD3D11RHI: Chosen D3D11 Adapter: 1
[2018.02.18-02.59.01:196][  0]LogD3D11RHI: Creating new Direct3DDevice
[2018.02.18-02.59.01:196][  0]LogD3D11RHI:     GPU DeviceId: 0x699f (for the marketing name, search the web for "GPU Device Id")
[2018.02.18-02.59.01:196][  0]LogWindows: EnumDisplayDevices:
[2018.02.18-02.59.01:196][  0]LogWindows:    0. 'Intel(R) UHD Graphics 620' (P:1 D:1)
[2018.02.18-02.59.01:196][  0]LogWindows:    1. 'Intel(R) UHD Graphics 620' (P:0 D:1)
[2018.02.18-02.59.01:196][  0]LogWindows:    2. 'Intel(R) UHD Graphics 620' (P:0 D:0)
[2018.02.18-02.59.01:196][  0]LogWindows:    3. 'Radeon 500 Series' (P:0 D:0)
[2018.02.18-02.59.01:197][  0]LogWindows:    4. 'Radeon 500 Series' (P:0 D:0)
[2018.02.18-02.59.01:197][  0]LogWindows:    5. 'Radeon 500 Series' (P:0 D:0)
[2018.02.18-02.59.01:197][  0]LogWindows:    6. 'Radeon 500 Series' (P:0 D:0)
[2018.02.18-02.59.01:197][  0]LogWindows:    7. 'Radeon 500 Series' (P:0 D:0)
[2018.02.18-02.59.01:197][  0]LogWindows:    8. 'Radeon 500 Series' (P:0 D:0)
[2018.02.18-02.59.01:197][  0]LogWindows:    9. 'Radeon 500 Series' (P:0 D:0)
[2018.02.18-02.59.01:198][  0]LogWindows:    10. 'Radeon 500 Series' (P:0 D:0)
[2018.02.18-02.59.01:198][  0]LogWindows:    11. 'Radeon 500 Series' (P:0 D:0)
[2018.02.18-02.59.01:198][  0]LogWindows:    12. 'Radeon 500 Series' (P:0 D:0)
[2018.02.18-02.59.01:198][  0]LogWindows:    13. 'Radeon 500 Series' (P:0 D:0)
[2018.02.18-02.59.01:198][  0]LogWindows:    14. 'Radeon 500 Series' (P:0 D:0)
[2018.02.18-02.59.01:198][  0]LogWindows:    15. 'Radeon 500 Series' (P:0 D:0)
[2018.02.18-02.59.01:199][  0]LogWindows:    16. 'Radeon 500 Series' (P:0 D:0)
[2018.02.18-02.59.01:199][  0]LogWindows:    17. 'Radeon 500 Series' (P:0 D:0)
[2018.02.18-02.59.01:199][  0]LogWindows:    18. 'Radeon 500 Series' (P:0 D:0)
[2018.02.18-02.59.01:199][  0]LogWindows: DebugString: GetVideoDriverDetailsInvalid PrimaryIsNotTheChoosenAdapter GetVideoDriverDetailsInvalid PrimaryIsNotTheChoosenAdapter GetVideoDriverDetailsInvalid PrimaryIsNotTheChoosenAdapter GetVideoDriverDetailsInvalid PrimaryIsNotTheChoosenAdapter GetVideoDriverDetailsInvalid PrimaryIsNotTheChoosenAdapter GetVideoDriverDetailsInvalid PrimaryIsNotTheChoosenAdapter GetVideoDriverDetailsInvalid PrimaryIsNotTheChoosenAdapter GetVideoDriverDetailsInvalid PrimaryIsNotTheChoosenAdapter GetVideoDriverDetailsInvalid PrimaryIsNotTheChoosenAdapter GetVideoDriverDetailsInvalid PrimaryIsNotTheChoosenAdapter GetVideoDriverDetailsInvalid PrimaryIsNotTheChoosenAdapter GetVideoDriverDetailsInvalid PrimaryIsNotTheChoosenAdapter GetVideoDriverDetailsInvalid PrimaryIsNotTheChoosenAdapter GetVideoDriverDetailsInvalid PrimaryIsNotTheChoosenAdapter GetVideoDriverDetailsInvalid PrimaryIsNotTheChoosenAdapter GetVideoDriverDetailsInvalid PrimaryIsNotTheChoosenAdapter GetVideoDriverDetailsInvalid PrimaryIsNotTheChoosenAdapter GetVideoDriverDetailsInvalid PrimaryIsNotTheChoosenAdapter GetVideoDriverDetailsInvalid PrimaryIsNotTheChoosenAdapter FoundDriverCount:0 
[2018.02.18-02.59.01:199][  0]LogD3D11RHI:     Adapter Name: Radeon 500 Series
[2018.02.18-02.59.01:199][  0]LogD3D11RHI:   Driver Version: Unknown (internal:Unknown, unified:Unknown)
[2018.02.18-02.59.01:199][  0]LogD3D11RHI:      Driver Date: Unknown
[2018.02.18-02.59.01:199][  0]LogRHI: Texture pool is 1396 MB (70% of 1995 MB)
[2018.02.18-02.59.01:243][  0]LogD3D11RHI: Async texture creation enabled
[2018.02.18-02.59.01:257][  0]LogD3D11RHI: GPU Timing Frequency: 25.000000 (Debug: 2 1)
[2018.02.18-02.59.01:258][  0]LogShaderCompilers: Guid format shader working directory is -21 characters bigger than the processId version (../../../../../../Users/darkm/Documents/GitHub/SushiShop/SushiShop/Intermediate/Shaders/WorkingDirectory/15836/).
[2018.02.18-02.59.01:258][  0]LogShaderCompilers: Cleaned the shader compiler working directory 'C:/Users/darkm/AppData/Local/Temp/UnrealShaderWorkingDir/2DE2E69240E05D7B157EE0B59DB40CB7/'.
[2018.02.18-02.59.01:258][  0]LogShaderCompilers: Display: Using Local Shader Compiler.
[2018.02.18-02.59.02:179][  0]LogTemp: Display: Loaded TP AllDesktopTargetPlatform
[2018.02.18-02.59.02:240][  0]LogTemp: Display: Loaded TP MacClientTargetPlatform
[2018.02.18-02.59.02:303][  0]LogTemp: Display: Loaded TP MacNoEditorTargetPlatform
[2018.02.18-02.59.02:365][  0]LogTemp: Display: Loaded TP MacServerTargetPlatform
[2018.02.18-02.59.02:427][  0]LogTemp: Display: Loaded TP MacTargetPlatform
[2018.02.18-02.59.02:498][  0]LogTemp: Display: Loaded TP WindowsClientTargetPlatform
[2018.02.18-02.59.02:558][  0]LogTemp: Display: Loaded TP WindowsNoEditorTargetPlatform
[2018.02.18-02.59.02:616][  0]LogTemp: Display: Loaded TP WindowsServerTargetPlatform
[2018.02.18-02.59.02:668][  0]LogTemp: Display: Loaded TP WindowsTargetPlatform
[2018.02.18-02.59.02:720][  0]LogTemp: Display: Loaded TP AndroidTargetPlatform
[2018.02.18-02.59.02:769][  0]LogTemp: Display: Loaded TP Android_ASTCTargetPlatform
[2018.02.18-02.59.02:825][  0]LogTemp: Display: Loaded TP Android_ATCTargetPlatform
[2018.02.18-02.59.02:878][  0]LogTemp: Display: Loaded TP Android_DXTTargetPlatform
[2018.02.18-02.59.02:931][  0]LogTemp: Display: Loaded TP Android_ETC1TargetPlatform
[2018.02.18-02.59.02:982][  0]LogTemp: Display: Loaded TP Android_ETC2TargetPlatform
[2018.02.18-02.59.03:086][  0]LogTemp: Display: Loaded TP Android_MultiTargetPlatform
[2018.02.18-02.59.03:086][  0]LogTemp: Display: Loaded TP Android_PVRTCTargetPlatform
[2018.02.18-02.59.03:128][  0]LogTemp: Display: Loaded TP HTML5TargetPlatform
[2018.02.18-02.59.03:221][  0]LogTemp: Display: Loaded TP IOSTargetPlatform
[2018.02.18-02.59.03:250][  0]LogTemp: Display: Loaded TP TVOSTargetPlatform
[2018.02.18-02.59.03:300][  0]LogTemp: Display: Loaded TP LinuxClientTargetPlatform
[2018.02.18-02.59.03:349][  0]LogTemp: Display: Loaded TP LinuxNoEditorTargetPlatform
[2018.02.18-02.59.03:400][  0]LogTemp: Display: Loaded TP LinuxServerTargetPlatform
[2018.02.18-02.59.03:451][  0]LogTemp: Display: Loaded TP LinuxTargetPlatform
[2018.02.18-02.59.03:451][  0]LogTargetPlatformManager: Display: Building Assets For Windows
[2018.02.18-02.59.03:899][  0]LogDerivedDataCache: Display: Max Cache Size: 512 MB
[2018.02.18-02.59.03:967][  0]LogDerivedDataCache: Loaded boot cache 0.07s 92MB C:/Users/darkm/AppData/Local/UnrealEngine/4.18/DerivedDataCache/Boot.ddc.
[2018.02.18-02.59.03:967][  0]LogDerivedDataCache: Display: Loaded Boot cache: C:/Users/darkm/AppData/Local/UnrealEngine/4.18/DerivedDataCache/Boot.ddc
[2018.02.18-02.59.03:967][  0]LogDerivedDataCache: FDerivedDataBackendGraph:  Pak pak cache file ../../../../../../Users/darkm/Documents/GitHub/SushiShop/SushiShop/DerivedDataCache/DDC.ddp not found, will not use a pak cache.
[2018.02.18-02.59.03:967][  0]LogDerivedDataCache: Unable to find inner node Pak for hierarchical cache Hierarchy.
[2018.02.18-02.59.03:967][  0]LogDerivedDataCache: FDerivedDataBackendGraph:  CompressedPak pak cache file ../../../../../../Users/darkm/Documents/GitHub/SushiShop/SushiShop/DerivedDataCache/Compressed.ddp not found, will not use a pak cache.
[2018.02.18-02.59.03:967][  0]LogDerivedDataCache: Unable to find inner node CompressedPak for hierarchical cache Hierarchy.
[2018.02.18-02.59.03:982][  0]LogDerivedDataCache: Display: Pak cache opened for reading ../../../Engine/DerivedDataCache/Compressed.ddp.
[2018.02.18-02.59.03:993][  0]LogDerivedDataCache: Using Local data cache path C:/Users/darkm/AppData/Local/UnrealEngine/Common/DerivedDataCache: Writable
[2018.02.18-02.59.04:002][  0]LogMaterial: Verifying Global Shaders for PCD3D_SM5
[2018.02.18-02.59.04:003][  0]LogSlate: Using Freetype 2.6.0
[2018.02.18-02.59.04:003][  0]LogSlate: SlateFontCache - WITH_FREETYPE: 1, WITH_HARFBUZZ: 1
[2018.02.18-02.59.04:003][  0]LogSlate: SlateFontCache - WITH_FREETYPE: 1, WITH_HARFBUZZ: 1
[2018.02.18-02.59.04:320][  0]LogInit: Selected Device Profile: [Windows]
[2018.02.18-02.59.04:644][  0]LogSimplygon: Simplygon DLL not present - disabling.
[2018.02.18-02.59.04:683][  0]LogMeshReduction: Using SimplygonSwarm for distributed automatic mesh merging
[2018.02.18-02.59.04:683][  0]LogMeshReduction: Using QuadricMeshReduction for automatic static mesh reduction
[2018.02.18-02.59.04:683][  0]LogMeshReduction: No automatic skeletal mesh reduction module available
[2018.02.18-02.59.04:683][  0]LogMeshReduction: No automatic mesh merging module available
[2018.02.18-02.59.04:683][  0]LogMeshMerging: No automatic mesh merging module available
[2018.02.18-02.59.04:705][  0]LogNetVersion: SushiShop , NetCL: 3709383, EngineNetVer: 2, GameNetVer: 0 (Checksum: 2343829258)
[2018.02.18-02.59.04:860][  0]LogAssetRegistry: FAssetRegistry took 0.0250 seconds to start up
[2018.02.18-02.59.05:350][  0]LogPackageLocalizationCache: Processed 7 localized package path(s) for 2 prioritized culture(s) in 0.063140 seconds
[2018.02.18-02.59.05:355][  0]LogUObjectArray: 35870 objects as part of root set at end of initial load.
[2018.02.18-02.59.05:355][  0]LogUObjectAllocator: 7363704 out of 0 bytes used by permanent object pool.
[2018.02.18-02.59.05:355][  0]LogUObjectArray: CloseDisregardForGC: 0/0 objects in disregard for GC pool
[2018.02.18-02.59.05:411][  0]LogInit: WinSock: version 1.1 (2.2), MaxSocks=32767, MaxUdp=65467
[2018.02.18-02.59.07:949][  0]LogTcpMessaging: Initializing TcpMessaging bridge
[2018.02.18-02.59.07:986][  0]LogUdpMessaging: Initializing bridge on interface 0.0.0.0:0 to multicast group 230.0.0.1:6666.
[2018.02.18-02.59.08:601][  0]LogMaterial: Uniform references updated for custom material expression Custom.
[2018.02.18-02.59.08:991][  0]SourceControl: Source control is disabled
[2018.02.18-02.59.08:991][  0]SourceControl: Source control is disabled
[2018.02.18-02.59.09:038][  0]SourceControl: Source control is disabled
[2018.02.18-02.59.09:084][  0]SourceControl: Source control is disabled
[2018.02.18-02.59.09:787][  0]LogAndroidPermission: UAndroidPermissionCallbackProxy::GetInstance
[2018.02.18-02.59.10:029][  0]LogOcInput: OculusInput pre-init called
[2018.02.18-02.59.10:293][  0]LogEngine: Initializing Engine...
[2018.02.18-02.59.10:295][  0]LogHMD: Failed to initialize OpenVR with code 110
[2018.02.18-02.59.10:478][  0]LogStats: UGameplayTagsManager::ConstructGameplayTagTree: Construct from data asset -  0.000 s
[2018.02.18-02.59.10:478][  0]LogStats: UGameplayTagsManager::ConstructGameplayTagTree: GameplayTagTreeChangedEvent.Broadcast -  0.000 s
[2018.02.18-02.59.10:613][  0]LogAIModule: Creating AISystem for world Untitled
[2018.02.18-02.59.10:623][  0]LogInit: XAudio2 using 'Speakers (Realtek High Definition Audio(SST))' : 2 channels at 48 kHz using 32 bits per sample (channel mask 0x3)
[2018.02.18-02.59.10:636][  0]LogInit: FAudioDevice initialized.
[2018.02.18-02.59.10:726][  0]LogDerivedDataCache: Saved boot cache 0.09s 92MB C:/Users/darkm/AppData/Local/UnrealEngine/4.18/DerivedDataCache/Boot.ddc.
[2018.02.18-02.59.10:739][  0]LogInit: Texture streaming: Enabled
[2018.02.18-02.59.10:840][  0]LogEngineSessionManager: EngineSessionManager initialized
[2018.02.18-02.59.10:976][  0]LogInit: Transaction tracking system initialized
[2018.02.18-02.59.11:293][  0]BlueprintLog: New page: Editor Load
[2018.02.18-02.59.12:194][  0]LocalizationService: Localization service is disabled
[2018.02.18-02.59.12:917][  0]LogConsoleResponse: Display: 
[2018.02.18-02.59.13:089][  0]LogCook: Display: Max memory allowance for cook 16384mb min free memory 0mb
[2018.02.18-02.59.13:089][  0]LogCook: Display: Mobile HDR setting 1
[2018.02.18-02.59.13:089][  0]LogGameplayTags: Display: UGameplayTagsManager::DoneAddingNativeTags. DelegateIsBound: 0
[2018.02.18-02.59.13:120][  0]LogFileCache: Scanning file cache for directory 'C:/Users/darkm/Documents/GitHub/SushiShop/SushiShop/Content/' took 0.01s
[2018.02.18-02.59.14:261][  0]SourceControl: Source control is disabled
[2018.02.18-02.59.14:261][  0]Cmd: MAP LOAD FILE="../../../../../../Users/darkm/Documents/GitHub/SushiShop/SushiShop/Content/VirtualRealityBP/Maps/StartupMap.umap" TEMPLATE=0 SHOWPROGRESS=1 FEATURELEVEL=3
[2018.02.18-02.59.14:261][  0]LightingResults: New page: Lighting Build
[2018.02.18-02.59.14:304][  0]MapCheck: New page: Map Check
[2018.02.18-02.59.14:304][  0]LightingResults: New page: Lighting Build
[2018.02.18-02.59.14:402][  0]LogAIModule: Creating AISystem for world StartupMap
[2018.02.18-02.59.14:409][  0]LogEditorServer: Finished looking for orphan Actors (0.000 secs)
[2018.02.18-02.59.14:417][  0]Cmd: MAP CHECKDEP NOCLEARLOG
[2018.02.18-02.59.14:475][  0]MapCheck: Map check complete: 0 Error(s), 0 Warning(s), took 57.673ms to complete.
[2018.02.18-02.59.14:475][  0]LogFileHelpers: Loading map 'StartupMap' took 0.215
[2018.02.18-02.59.14:639][  0]LogCollectionManager: Loaded 0 collections in 0.001608 seconds
[2018.02.18-02.59.14:731][  0]LogFileCache: Scanning file cache for directory 'C:/Users/darkm/Documents/GitHub/SushiShop/SushiShop/Saved/Collections/' took 0.01s
[2018.02.18-02.59.14:731][  0]LogFileCache: Scanning file cache for directory 'C:/Users/darkm/Documents/GitHub/SushiShop/SushiShop/Content/Developers/darkm/Collections/' took 0.01s
[2018.02.18-02.59.14:731][  0]LogFileCache: Scanning file cache for directory 'C:/Users/darkm/Documents/GitHub/SushiShop/SushiShop/Content/Collections/' took 0.01s
[2018.02.18-02.59.14:731][  0]LogCollectionManager: Rebuilt the GUID cache for 0 collections in 0.000001 seconds
[2018.02.18-02.59.14:739][  0]LogContentBrowser: Native class hierarchy populated in 0.0078 seconds. Added 2363 classes and 519 folders.
[2018.02.18-02.59.14:813][  0]LogContentBrowser: Native class hierarchy updated for 'WidgetCarousel' in 0.0002 seconds. Added 0 classes and 0 folders.
[2018.02.18-02.59.14:846][  0]LogContentBrowser: Native class hierarchy updated for 'AddContentDialog' in 0.0002 seconds. Added 0 classes and 0 folders.
[2018.02.18-02.59.14:894][  0]LogContentBrowser: Native class hierarchy updated for 'SceneOutliner' in 0.0002 seconds. Added 1 classes and 2 folders.
[2018.02.18-02.59.14:910][  0]LogSlate: Took 0.000149 seconds to synchronously load lazily loaded font '../../../Engine/Content/Slate/Fonts/Roboto-Regular.ttf' (155K)
[2018.02.18-02.59.14:911][  0]LogSlate: Took 0.000144 seconds to synchronously load lazily loaded font '../../../Engine/Content/Slate/Fonts/Roboto-Bold.ttf' (160K)
[2018.02.18-02.59.14:915][  0]LogSlate: Took 0.000139 seconds to synchronously load lazily loaded font '../../../Engine/Content/Editor/Slate/Fonts/FontAwesome.ttf' (139K)
[2018.02.18-02.59.15:010][  0]LogRenderer: Reallocating scene render targets to support 940x440 Format 26 NumSamples 1 (Frame:1).
[2018.02.18-02.59.15:434][  0]LogContentBrowser: Native class hierarchy updated for 'HierarchicalLODOutliner' in 0.0003 seconds. Added 1 classes and 2 folders.
[2018.02.18-02.59.15:434][  0]LogLoad: (Engine Initialization) Total time: 17.22 seconds
[2018.02.18-02.59.15:434][  0]LogLoad: (Engine Initialization) Total Blueprint compile time: 0.00 seconds
[2018.02.18-02.59.15:435][  0]LogExternalProfiler: No external profilers were discovered.  External profiling features will not be available.
[2018.02.18-02.59.15:789][  0]LogAssetRegistry: Asset discovery search completed in 10.9498 seconds
[2018.02.18-02.59.15:791][  0]LogCollectionManager: Rebuilt the object cache for 0 collections in 0.000001 seconds (found 0 objects)
[2018.02.18-02.59.15:791][  0]LogCollectionManager: Fixed up redirectors for 0 collections in 0.000042 seconds (updated 0 objects)
[2018.02.18-02.59.15:793][  0]LogContentStreaming: Texture pool size now 1000 MB
[2018.02.18-02.59.15:838][  0]LogSlate: Took 0.000120 seconds to synchronously load lazily loaded font '../../../Engine/Content/Slate/Fonts/Roboto-Light.ttf' (159K)
[2018.02.18-02.59.41:817][508]LogSlate: Took 0.000248 seconds to synchronously load lazily loaded font '../../../Engine/Content/Slate/Fonts/Roboto-Light.ttf' (159K)
[2018.02.18-02.59.42:344][508]LogAIModule: Creating AISystem for world Shop_Main
[2018.02.18-02.59.42:369][508]Cmd: MAP LOAD FILE="../../../../../../Users/darkm/Documents/GitHub/SushiShop/SushiShop/Content/SushiShop/Shop_Main.umap" TEMPLATE=0 SHOWPROGRESS=1 FEATURELEVEL=3
[2018.02.18-02.59.42:370][508]LightingResults: New page: Lighting Build
[2018.02.18-02.59.42:370][508]LoadErrors: New page: Loading map: Shop_Main.umap
[2018.02.18-02.59.42:371][508]MapCheck: New page: Map Check
[2018.02.18-02.59.42:371][508]LightingResults: New page: Lighting Build
[2018.02.18-02.59.42:386][508]LogEditorServer: Finished looking for orphan Actors (0.000 secs)
[2018.02.18-02.59.42:431][508]Cmd: MAP CHECKDEP NOCLEARLOG
[2018.02.18-02.59.42:495][508]MapCheck: Map check complete: 0 Error(s), 0 Warning(s), took 63.061ms to complete.
[2018.02.18-02.59.42:495][508]LogFileHelpers: Loading map 'Shop_Main' took 0.127
[2018.02.18-02.59.43:550][562]LogEditorViewport: Clicking on Actor (LMB): StaticMeshActor (Boat UI)
[2018.02.18-02.59.44:622][609]MapCheck: New page: Map Check
[2018.02.18-02.59.44:655][609]Cmd: MAP REBUILD ALLVISIBLE
[2018.02.18-02.59.44:656][609]LogEditorServer: Rebuildmap Clear paths rebuilt
[2018.02.18-02.59.44:783][609]LogMaterial: Missing cached shader map for material FDebugViewModeMaterialProxy MaterialInstanceDynamic_2, compiling. 
[2018.02.18-02.59.44:797][609]LogMaterial: Missing cached shader map for material FDebugViewModeMaterialProxy WorldGridMaterial, compiling. Is special engine material.
[2018.02.18-02.59.44:809][609]LogMaterial: Missing cached shader map for material FDebugViewModeMaterialProxy stainlessSteel_M_Inst, compiling. 
[2018.02.18-02.59.44:822][609]LogMaterial: Missing cached shader map for material FDebugViewModeMaterialProxy glass_m_Inst, compiling. 
[2018.02.18-02.59.44:833][609]LogMaterial: Missing cached shader map for material FDebugViewModeMaterialProxy BasicShapeMaterial, compiling. 
[2018.02.18-02.59.44:844][609]LogMaterial: Missing cached shader map for material FDebugViewModeMaterialProxy MatineeCam_mat, compiling. 
[2018.02.18-02.59.45:523][609]TextureStreamingBuild: Display: Compiling optional shaders took 0.746 seconds.
[2018.02.18-02.59.45:562][609]LogLevel: Display: Export Material TexCoord Scales took 0.039 seconds.
[2018.02.18-02.59.45:568][609]TextureStreamingBuild: Display: Build Texture Streaming took 0.005 seconds.
[2018.02.18-02.59.45:577][609]LightingResults: New page: Lighting Build - Feb 17, 2018, 10:59:45 AM
[2018.02.18-02.59.45:610][609]LogSwarmInterface: [OpenConnection] Registering TCP channel ...
[2018.02.18-02.59.45:690][609]LogSwarmInterface: [OpenConnection] Connecting to agent ...
[2018.02.18-02.59.45:700][609]LogSwarmInterface: [TryOpenConnection] Testing the Agent
[2018.02.18-02.59.46:207][609]LogSwarmInterface: [TryOpenConnection] Opening Connection to Agent
[2018.02.18-02.59.46:207][609]LogSwarmInterface: [TryOpenConnection] Local Process ID is 15836
[2018.02.18-02.59.48:415][609]LogStaticLightingSystem: Warning: No importance volume found, so the scene bounding box was used.  You can optimize your scene's quality and lighting build times by adding importance volumes.
[2018.02.18-02.59.48:415][609]LogStaticLightingSystem: Running Lightmass w/ ImmediateImport mode ENABLED
[2018.02.18-02.59.48:415][609]LogStaticLightingSystem: Running Lightmass w/ ImmediateProcess mode ENABLED
[2018.02.18-02.59.48:415][609]LogStaticLightingSystem: Running Lightmass w/ Sorting mode ENABLED
[2018.02.18-02.59.48:415][609]LogStaticLightingSystem: Running Lightmass w/ Mapping paddings ENABLED
[2018.02.18-02.59.48:415][609]LogStaticLightingSystem: Running Lightmass w/ Mapping debug paddings DISABLED
[2018.02.18-02.59.48:537][609]Cmd: MAP CHECK DONTDISPLAYDIALOG
[2018.02.18-02.59.48:537][609]MapCheck: New page: Shop_Main - Feb 17, 2018, 10:59:48 AM
[2018.02.18-02.59.48:537][609]MapCheck: Error: WorldSettings Maps need lighting rebuilt 
[2018.02.18-02.59.48:590][609]MapCheck: Map check complete: 1 Error(s), 0 Warning(s), took 53.302ms to complete.
[2018.02.18-02.59.48:613][609]LogEditorBuildUtils: Build time 0:03
[2018.02.18-02.59.48:649][609]LogMaterial: Missing cached shader map for material FLightmassMaterialRenderer BasicShapeMaterial, compiling. 
[2018.02.18-02.59.48:656][609]LogMaterial: Missing cached shader map for material FLightmassMaterialRenderer BasicShapeMaterial, compiling. 
[2018.02.18-02.59.51:719][672]Job is a success!
[2018.02.18-02.59.52:088][673]LogVolumetricLightmapImport: Imported Volumetric Lightmap in 0.012s
[2018.02.18-02.59.52:088][673]LogVolumetricLightmapImport:      Indirection Texture 16x16x16 = 0.0Mb
[2018.02.18-02.59.52:088][673]LogVolumetricLightmapImport:      BrickData 160x5x5 = 0.1Mb
[2018.02.18-02.59.52:088][673]LogVolumetricLightmapImport:      Bricks at Level
[2018.02.18-02.59.52:088][673]LogVolumetricLightmapImport:          0: 3.1% covering 100.0% of volume
[2018.02.18-02.59.52:088][673]LogVolumetricLightmapImport:          1: 12.5% covering 6.3% of volume
[2018.02.18-02.59.52:088][673]LogVolumetricLightmapImport:          2: 84.4% covering 0.7% of volume
[2018.02.18-02.59.52:247][673]LogTexture: Display: Building textures: HQ_Lightmap0_1 (AutoDXT, 256X256)
[2018.02.18-02.59.52:247][673]LogTexture: Display: Building textures: LQ_Lightmap_0_1 (DXT1, 256X256)
[2018.02.18-02.59.52:247][673]LogTexture: Display: Building textures: SkyOcclusion0_2 (AutoDXT, 64X32)
[2018.02.18-02.59.52:247][673]LogTexture: Display: Building textures: SkyOcclusion0_1 (AutoDXT, 256X128)
[2018.02.18-02.59.52:247][673]LogTexture: Display: Building textures: LQ_Lightmap_0_2 (DXT1, 64X64)
[2018.02.18-02.59.52:247][673]LogTexture: Display: Building textures: HQ_Lightmap0_2 (AutoDXT, 64X64)
[2018.02.18-02.59.52:247][673]LogTexture: Display: Building textures: ShadowMapTexture2D_3 (G8, 32X32)
[2018.02.18-02.59.52:247][673]LogTexture: Display: Building textures: ShadowMapTexture2D_2 (G8, 512X64)
[2018.02.18-02.59.52:302][673]Lightmass on ARCHER: 2.12 sec total, 196 ms importing, 26 ms setup, 435 ms photons, 1.45 sec processing, 0 ms extra exporting [7/7 mappings]. Threads: 10.0 sec total, 1.88 sec processing.
[2018.02.18-02.59.52:405][673]LogStaticLightingSystem: Illumination: 6.66 sec (55 ms encoding lightmaps, 20 ms encoding shadowmaps)
[2018.02.18-02.59.52:406][673]LogStaticLightingSystem: Lightmap texture memory:  0.2 MB (0.2 MB streaming, 0.0 MB non-streaming), 4 textures
[2018.02.18-02.59.52:406][673]LogStaticLightingSystem: Shadowmap texture memory: 0.0 MB (0.0 MB streaming, 0.0 MB non-streaming), 2 textures
[2018.02.18-02.59.57:423][673]DumpUnbuiltLightIteractions
[2018.02.18-02.59.57:429][673]Lights with unbuilt interactions: 0
[2018.02.18-02.59.57:429][673]
[2018.02.18-02.59.57:429][673]Primitives with unbuilt interactions: 0
[2018.02.18-02.59.57:437][674]Cmd: MAP CHECK NOTIFYRESULTS
[2018.02.18-02.59.57:439][674]MapCheck: New page: Shop_Main - Feb 17, 2018, 10:59:57 AM
[2018.02.18-02.59.57:496][674]MapCheck: Map check complete: 0 Error(s), 0 Warning(s), took 57.282ms to complete.
[2018.02.18-03.00.07:376][124]Cmd: CAMERA ALIGN ACTIVEVIEWPORTONLY
[2018.02.18-03.00.22:194][922]LogSlate: Took 0.007853 seconds to synchronously load lazily loaded font '../../../Engine/Content/Editor/Slate/Fonts/Roboto-Italic.ttf' (157K)
[2018.02.18-03.00.34:541][473]LogSlate: Took 0.000239 seconds to synchronously load lazily loaded font '../../../Engine/Content/Slate/Fonts/Roboto-Light.ttf' (159K)
[2018.02.18-03.01.42:561][116]LogContentBrowser: Native class hierarchy updated for 'BlueprintGraph' in 0.0005 seconds. Added 116 classes and 0 folders.
[2018.02.18-03.01.43:167][116]LogSlate: Took 0.000127 seconds to synchronously load lazily loaded font '../../../Engine/Content/Editor/Slate/Fonts/Roboto-BoldCondensed.ttf' (158K)
[2018.02.18-03.01.50:023][414]BlueprintLog: New page: Compile Display_Order
[2018.02.18-03.03.11:801][430]LogEditorViewport: Clicking on Actor (LMB): StaticMeshActor (Cube)
[2018.02.18-03.03.12:660][473]LogEditorViewport: Clicking on Actor (LMB): StaticMeshActor (Cube)
[2018.02.18-03.03.13:262][508]LogEditorViewport: Clicking on Actor (LMB): StaticMeshActor (Boat UI)
[2018.02.18-03.03.16:564][697]LogEditorViewport: Clicking on Actor (LMB): StaticMeshActor (Boat UI)
[2018.02.18-03.04.21:285][806]LogSavePackage: Save=12.43ms
[2018.02.18-03.04.21:285][806]LogSavePackage: Moving '../../../../../../Users/darkm/Documents/GitHub/SushiShop/SushiShop/Saved/Display_Order031A48324E107BCD43912D9FB235925F.tmp' to '../../../../../../Users/darkm/Documents/GitHub/SushiShop/SushiShop/Content/SushiShop/BluePrints/Display_Order.uasset'
[2018.02.18-03.04.21:290][806]LogSavePackage: Display: Finished SavePackage ../../../../../../Users/darkm/Documents/GitHub/SushiShop/SushiShop/Content/SushiShop/BluePrints/Display_Order.uasset
[2018.02.18-03.04.25:420][938]MapCheck: New page: Map Check
[2018.02.18-03.04.25:502][938]Cmd: MAP REBUILD ALLVISIBLE
[2018.02.18-03.04.25:502][938]LogEditorServer: Rebuildmap Clear paths rebuilt
[2018.02.18-03.04.25:541][938]LogMaterial: Missing cached shader map for material FDebugViewModeMaterialProxy MaterialInstanceDynamic_12, compiling. 
[2018.02.18-03.04.25:548][938]LogMaterial: Missing cached shader map for material FDebugViewModeMaterialProxy WorldGridMaterial, compiling. Is special engine material.
[2018.02.18-03.04.25:555][938]LogMaterial: Missing cached shader map for material FDebugViewModeMaterialProxy stainlessSteel_M_Inst, compiling. 
[2018.02.18-03.04.25:561][938]LogMaterial: Missing cached shader map for material FDebugViewModeMaterialProxy glass_m_Inst, compiling. 
[2018.02.18-03.04.25:568][938]LogMaterial: Missing cached shader map for material FDebugViewModeMaterialProxy BasicShapeMaterial, compiling. 
[2018.02.18-03.04.25:575][938]LogMaterial: Missing cached shader map for material FDebugViewModeMaterialProxy MatineeCam_mat, compiling. 
[2018.02.18-03.04.26:206][938]TextureStreamingBuild: Display: Compiling optional shaders took 0.668 seconds.
[2018.02.18-03.04.26:222][938]LogLevel: Display: Export Material TexCoord Scales took 0.016 seconds.
[2018.02.18-03.04.26:227][938]TextureStreamingBuild: Display: Build Texture Streaming took 0.004 seconds.
[2018.02.18-03.04.26:242][938]LightingResults: New page: Lighting Build - Feb 17, 2018, 11:04:26 AM
[2018.02.18-03.04.26:250][938]LogSwarmInterface: [OpenConnection] Registering TCP channel ...
[2018.02.18-03.04.26:253][938]LogSwarmInterface: [OpenConnection] Connecting to agent ...
[2018.02.18-03.04.26:253][938]LogSwarmInterface: [TryOpenConnection] Testing the Agent
[2018.02.18-03.04.26:253][938]LogSwarmInterface: [TryOpenConnection] Opening Connection to Agent
[2018.02.18-03.04.26:253][938]LogSwarmInterface: [TryOpenConnection] Local Process ID is 15836
[2018.02.18-03.04.30:780][938]LogStaticLightingSystem: Warning: No importance volume found, so the scene bounding box was used.  You can optimize your scene's quality and lighting build times by adding importance volumes.
[2018.02.18-03.04.30:780][938]LogStaticLightingSystem: Running Lightmass w/ ImmediateImport mode ENABLED
[2018.02.18-03.04.30:780][938]LogStaticLightingSystem: Running Lightmass w/ ImmediateProcess mode ENABLED
[2018.02.18-03.04.30:780][938]LogStaticLightingSystem: Running Lightmass w/ Sorting mode ENABLED
[2018.02.18-03.04.30:780][938]LogStaticLightingSystem: Running Lightmass w/ Mapping paddings ENABLED
[2018.02.18-03.04.30:780][938]LogStaticLightingSystem: Running Lightmass w/ Mapping debug paddings DISABLED
[2018.02.18-03.04.30:902][938]Cmd: MAP CHECK DONTDISPLAYDIALOG
[2018.02.18-03.04.30:902][938]MapCheck: New page: Shop_Main - Feb 17, 2018, 11:04:30 AM
[2018.02.18-03.04.30:964][938]MapCheck: Map check complete: 0 Error(s), 0 Warning(s), took 61.735ms to complete.
[2018.02.18-03.04.30:994][938]LogEditorBuildUtils: Build time 0:05
[2018.02.18-03.04.32:897][ 15]Job is a success!
[2018.02.18-03.04.33:225][ 16]LogVolumetricLightmapImport: Imported Volumetric Lightmap in 0.011s
[2018.02.18-03.04.33:226][ 16]LogVolumetricLightmapImport:      Indirection Texture 16x16x16 = 0.0Mb
[2018.02.18-03.04.33:226][ 16]LogVolumetricLightmapImport:      BrickData 160x5x5 = 0.1Mb
[2018.02.18-03.04.33:226][ 16]LogVolumetricLightmapImport:      Bricks at Level
[2018.02.18-03.04.33:226][ 16]LogVolumetricLightmapImport:          0: 3.1% covering 100.0% of volume
[2018.02.18-03.04.33:226][ 16]LogVolumetricLightmapImport:          1: 12.5% covering 6.3% of volume
[2018.02.18-03.04.33:226][ 16]LogVolumetricLightmapImport:          2: 84.4% covering 0.7% of volume
[2018.02.18-03.04.33:359][ 16]LogTexture: Display: Building textures: SkyOcclusion1_1 (AutoDXT, 256X128)
[2018.02.18-03.04.33:360][ 16]LogTexture: Display: Building textures: HQ_Lightmap1_1 (AutoDXT, 256X256)
[2018.02.18-03.04.33:360][ 16]LogTexture: Display: Building textures: LQ_Lightmap_1_1 (DXT1, 256X256)
[2018.02.18-03.04.33:360][ 16]LogTexture: Display: Building textures: SkyOcclusion1_2 (AutoDXT, 64X32)
[2018.02.18-03.04.33:360][ 16]LogTexture: Display: Building textures: HQ_Lightmap1_2 (AutoDXT, 64X64)
[2018.02.18-03.04.33:360][ 16]LogTexture: Display: Building textures: LQ_Lightmap_1_2 (DXT1, 64X64)
[2018.02.18-03.04.33:360][ 16]LogTexture: Display: Building textures: ShadowMapTexture2D_5 (G8, 32X32)
[2018.02.18-03.04.33:360][ 16]LogTexture: Display: Building textures: ShadowMapTexture2D_4 (G8, 512X64)
[2018.02.18-03.04.33:424][ 16]Lightmass on ARCHER: 1.90 sec total, 143 ms importing, 24 ms setup, 393 ms photons, 1.33 sec processing, 0 ms extra exporting [7/7 mappings]. Threads: 9.18 sec total, 1.69 sec processing.
[2018.02.18-03.04.33:492][ 16]LogStaticLightingSystem: Illumination: 7.10 sec (62 ms encoding lightmaps, 17 ms encoding shadowmaps)
[2018.02.18-03.04.33:492][ 16]LogStaticLightingSystem: Lightmap texture memory:  0.2 MB (0.2 MB streaming, 0.0 MB non-streaming), 4 textures
[2018.02.18-03.04.33:492][ 16]LogStaticLightingSystem: Shadowmap texture memory: 0.0 MB (0.0 MB streaming, 0.0 MB non-streaming), 2 textures
[2018.02.18-03.04.33:787][ 16]DumpUnbuiltLightIteractions
[2018.02.18-03.04.33:787][ 16]Lights with unbuilt interactions: 0
[2018.02.18-03.04.33:787][ 16]
[2018.02.18-03.04.33:787][ 16]Primitives with unbuilt interactions: 0
[2018.02.18-03.04.33:795][ 17]Cmd: MAP CHECK NOTIFYRESULTS
[2018.02.18-03.04.33:795][ 17]MapCheck: New page: Shop_Main - Feb 17, 2018, 11:04:33 AM
[2018.02.18-03.04.33:857][ 17]MapCheck: Map check complete: 0 Error(s), 0 Warning(s), took 61.671ms to complete.
[2018.02.18-03.04.57:279][285]Cmd: TRANSACTION UNDO
[2018.02.18-03.04.57:285][285]LogEditorTransaction: Undo Scale Components
[2018.02.18-03.05.01:198][460]LogEditorViewport: Clicking on Component (LMB): StaticMeshComponent (StaticMeshComponent0)
[2018.02.18-03.05.04:539][655]Cmd: TRANSACTION UNDO
[2018.02.18-03.05.04:539][655]LogEditorTransaction: Undo Scale Components
[2018.02.18-03.05.23:698][598]LogEditorViewport: Clicking on Component (LMB): StaticMeshComponent (StaticMeshComponent0)
[2018.02.18-03.05.31:741][ 71]Cmd: TRANSACTION UNDO
[2018.02.18-03.05.31:741][ 71]LogEditorTransaction: Undo Scale Components
[2018.02.18-03.05.35:561][209]LogEditorViewport: Clicking on Actor (LMB): BP_Sky_Sphere_C (BP_Sky_Sphere)
[2018.02.18-03.05.36:081][238]LogEditorViewport: Clicking on Actor (LMB): StaticMeshActor (Boat UI)
[2018.02.18-03.05.38:664][385]Cmd: TRANSACTION UNDO
[2018.02.18-03.05.38:665][385]LogEditorTransaction: Undo Move Actors
[2018.02.18-03.05.39:989][414]LogD3D11RHI: Error: Result failed 
 at D:\Build\++UE4+Release-4.18+Compile\Sync\Engine\Source\Runtime\Windows\D3D11RHI\Private\D3D11Viewport.cpp:289 
 with error DXGI_ERROR_DEVICE_REMOVED DXGI_ERROR_DEVICE_HUNG
[2018.02.18-03.05.39:989][414]LogWindows: Windows GetLastError: The operation completed successfully. (0)
[2018.02.18-03.05.40:928][414]LogWindows: Windows GetLastError: The operation completed successfully. (0)
[2018.02.18-03.05.40:928][414]LogWindows: Error: === Critical error: ===
[2018.02.18-03.05.40:928][414]LogWindows: Error: 
[2018.02.18-03.05.40:928][414]LogWindows: Error: Fatal error: [File:D:\Build\++UE4+Release-4.18+Compile\Sync\Engine\Source\Runtime\RenderCore\Private\RenderingThread.cpp] [Line: 813] 
[2018.02.18-03.05.40:928][414]LogWindows: Error: Rendering thread exception:
[2018.02.18-03.05.40:928][414]LogWindows: Error: Fatal error: [File:D:\Build\++UE4+Release-4.18+Compile\Sync\Engine\Source\Runtime\Windows\D3D11RHI\Private\D3D11Util.cpp] [Line: 182] 
[2018.02.18-03.05.40:928][414]LogWindows: Error: Unreal Engine is exiting due to D3D device being lost. (Error: 0x887A0006 - 'HUNG')
[2018.02.18-03.05.40:928][414]LogWindows: Error: 
[2018.02.18-03.05.40:928][414]LogWindows: Error: 
[2018.02.18-03.05.40:928][414]LogWindows: Error: [Callstack] 0x000000008BF74008 KERNELBASE.dll!UnknownFunction []
[2018.02.18-03.05.40:928][414]LogWindows: Error: [Callstack] 0x00000000727676D4 UE4Editor-ApplicationCore.dll!UnknownFunction []
[2018.02.18-03.05.40:928][414]LogWindows: Error: [Callstack] 0x000000003C89330B UE4Editor-Core.dll!UnknownFunction []
[2018.02.18-03.05.40:928][414]LogWindows: Error: [Callstack] 0x000000003C8247F9 UE4Editor-Core.dll!UnknownFunction []
[2018.02.18-03.05.40:928][414]LogWindows: Error: [Callstack] 0x00000000273B79FF UE4Editor-D3D11RHI.dll!UnknownFunction []
[2018.02.18-03.05.40:928][414]LogWindows: Error: [Callstack] 0x00000000273BBBC0 UE4Editor-D3D11RHI.dll!UnknownFunction []
[2018.02.18-03.05.40:928][414]LogWindows: Error: [Callstack] 0x000000002739B3FA UE4Editor-D3D11RHI.dll!UnknownFunction []
[2018.02.18-03.05.40:928][414]LogWindows: Error: [Callstack] 0x000000002739B35E UE4Editor-D3D11RHI.dll!UnknownFunction []
[2018.02.18-03.05.40:928][414]LogWindows: Error: [Callstack] 0x00000000273A83E8 UE4Editor-D3D11RHI.dll!UnknownFunction []
[2018.02.18-03.05.40:928][414]LogWindows: Error: [Callstack] 0x000000007290E4F7 UE4Editor-RHI.dll!UnknownFunction []
[2018.02.18-03.05.40:928][414]LogWindows: Error: [Callstack] 0x0000000032A00B45 UE4Editor-SlateRHIRenderer.dll!UnknownFunction []
[2018.02.18-03.05.40:928][414]LogWindows: Error: [Callstack] 0x0000000032A060A9 UE4Editor-SlateRHIRenderer.dll!UnknownFunction []
[2018.02.18-03.05.40:928][414]LogWindows: Error: [Callstack] 0x000000003C6F4845 UE4Editor-Core.dll!UnknownFunction []
[2018.02.18-03.05.40:928][414]LogWindows: Error: [Callstack] 0x000000003C6F4E2A UE4Editor-Core.dll!UnknownFunction []
[2018.02.18-03.05.40:928][414]LogWindows: Error: [Callstack] 0x00000000729F22C4 UE4Editor-RenderCore.dll!UnknownFunction []
[2018.02.18-03.05.40:928][414]LogWindows: Error: [Callstack] 0x00000000729F32F6 UE4Editor-RenderCore.dll!UnknownFunction []
[2018.02.18-03.05.40:928][414]LogWindows: Error: [Callstack] 0x000000003CA9092C UE4Editor-Core.dll!UnknownFunction []
[2018.02.18-03.05.40:928][414]LogWindows: Error: [Callstack] 0x000000003CA82563 UE4Editor-Core.dll!UnknownFunction []
[2018.02.18-03.05.40:928][414]LogWindows: Error: [Callstack] 0x000000008C3F1FE4 KERNEL32.DLL!UnknownFunction []
[2018.02.18-03.05.40:928][414]LogWindows: Error: [Callstack] 0x000000008ED6EFC1 ntdll.dll!UnknownFunction []
[2018.02.18-03.05.40:928][414]LogWindows: Error: [Callstack] 0x000000008ED6EFC1 ntdll.dll!UnknownFunction []
[2018.02.18-03.05.40:928][414]LogWindows: Error: 
[2018.02.18-03.05.40:928][414]LogWindows: Error: 
[2018.02.18-03.05.40:928][414]LogWindows: Error: 
[2018.02.18-03.05.40:928][414]LogWindows: Error: 
[2018.02.18-03.05.40:948][414]LogExit: Executing StaticShutdownAfterError
[2018.02.18-03.05.40:955][414]LogWindows: FPlatformMisc::RequestExit(1)
[2018.02.18-03.05.40:955][414]Log file closed, 02/17/18 19:05:40
