Log file open, 03/12/18 17:17:40
LogWindows: Failed to load 'aqProf.dll' (GetLastError=126)
LogWindows: File 'aqProf.dll' does not exist
LogWindows: Failed to load 'VSPerf140.dll' (GetLastError=126)
LogWindows: File 'VSPerf140.dll' does not exist
LogWindows: Failed to load 'VtuneApi.dll' (GetLastError=126)
LogWindows: File 'VtuneApi.dll' does not exist
LogWindows: Failed to load 'VtuneApi32e.dll' (GetLastError=126)
LogWindows: File 'VtuneApi32e.dll' does not exist
LogInit: Display: Running engine for game: SushiShop
LogPlatformFile: Not using cached read wrapper
LogInit: Display: RandInit(1906493711) SRandInit(1906493711).
LogTaskGraph: Started task graph with 5 named threads and 14 total threads with 3 sets of task threads.
LogStats: Stats thread started at 0.231654
LogD3D11RHI: Aftermath initialized
LogModuleManager: Display: Found up-to-date module file ../../../Engine/Plugins/2D/Paper2D/Binaries/Win64/UE4Editor-Paper2D.dll (API version 3709383).
LogModuleManager: Display: Found up-to-date module file ../../../Engine/Plugins/2D/Paper2D/Binaries/Win64/UE4Editor-Paper2DEditor.dll (API version 3709383).
LogModuleManager: Display: Found up-to-date module file ../../../Engine/Plugins/2D/Paper2D/Binaries/Win64/UE4Editor-PaperSpriteSheetImporter.dll (API version 3709383).
LogModuleManager: Display: Found up-to-date module file ../../../Engine/Plugins/2D/Paper2D/Binaries/Win64/UE4Editor-PaperTiledImporter.dll (API version 3709383).
LogModuleManager: Display: Found up-to-date module file ../../../Engine/Plugins/2D/Paper2D/Binaries/Win64/UE4Editor-SmartSnapping.dll (API version 3709383).
LogModuleManager: Display: Found up-to-date module file ../../../Engine/Plugins/Blendables/LightPropagationVolume/Binaries/Win64/UE4Editor-LightPropagationVolumeRuntime.dll (API version 3709383).
LogModuleManager: Display: Found up-to-date module file ../../../Engine/Plugins/Blendables/LightPropagationVolume/Binaries/Win64/UE4Editor-LightPropagationVolumeEditor.dll (API version 3709383).
LogModuleManager: Display: Found up-to-date module file ../../../Engine/Plugins/Developer/GitSourceControl/Binaries/Win64/UE4Editor-GitSourceControl.dll (API version 3709383).
LogModuleManager: Display: Found up-to-date module file ../../../Engine/Plugins/Developer/PerforceSourceControl/Binaries/Win64/UE4Editor-PerforceSourceControl.dll (API version 3709383).
LogModuleManager: Display: Found up-to-date module file ../../../Engine/Plugins/Developer/SubversionSourceControl/Binaries/Win64/UE4Editor-SubversionSourceControl.dll (API version 3709383).
LogModuleManager: Display: Found up-to-date module file ../../../Engine/Plugins/Developer/UObjectPlugin/Binaries/Win64/UE4Editor-UObjectPlugin.dll (API version 3709383).
LogModuleManager: Display: Found up-to-date module file ../../../Engine/Plugins/Developer/VisualStudioCodeSourceCodeAccess/Binaries/Win64/UE4Editor-VisualStudioCodeSourceCodeAccess.dll (API version 3709383).
LogModuleManager: Display: Found up-to-date module file ../../../Engine/Plugins/Developer/VisualStudioSourceCodeAccess/Binaries/Win64/UE4Editor-VisualStudioSourceCodeAccess.dll (API version 3709383).
LogModuleManager: Display: Found up-to-date module file ../../../Engine/Plugins/Editor/AssetManagerEditor/Binaries/Win64/UE4Editor-AssetManagerEditor.dll (API version 3709383).
LogModuleManager: Display: Found up-to-date module file ../../../Engine/Plugins/Editor/AudioCapture/Binaries/Win64/UE4Editor-AudioCapture.dll (API version 3709383).
LogModuleManager: Display: Found up-to-date module file ../../../Engine/Plugins/Editor/FacialAnimation/Binaries/Win64/UE4Editor-FacialAnimation.dll (API version 3709383).
LogModuleManager: Display: Found up-to-date module file ../../../Engine/Plugins/Editor/FacialAnimation/Binaries/Win64/UE4Editor-FacialAnimationEditor.dll (API version 3709383).
LogModuleManager: Display: Found up-to-date module file ../../../Engine/Plugins/Editor/GameplayTagsEditor/Binaries/Win64/UE4Editor-GameplayTagsEditor.dll (API version 3709383).
LogModuleManager: Display: Found up-to-date module file ../../../Engine/Plugins/Editor/MobileLauncherProfileWizard/Binaries/Win64/UE4Editor-MobileLauncherProfileWizard.dll (API version 3709383).
LogModuleManager: Display: Found up-to-date module file ../../../Engine/Plugins/Editor/PluginBrowser/Binaries/Win64/UE4Editor-PluginBrowser.dll (API version 3709383).
LogModuleManager: Display: Found up-to-date module file ../../../Engine/Plugins/Editor/SpeedTreeImporter/Binaries/Win64/UE4Editor-SpeedTreeImporter.dll (API version 3709383).
LogModuleManager: Display: Found up-to-date module file ../../../Engine/Plugins/Experimental/AlembicImporter/Binaries/Win64/UE4Editor-AlembicImporter.dll (API version 3709383).
LogModuleManager: Display: Found up-to-date module file ../../../Engine/Plugins/Experimental/AlembicImporter/Binaries/Win64/UE4Editor-AlembicLibrary.dll (API version 3709383).
LogModuleManager: Display: Found up-to-date module file ../../../Engine/Plugins/Experimental/CharacterAI/Binaries/Win64/UE4Editor-CharacterAI.dll (API version 3709383).
LogModuleManager: Display: Found up-to-date module file ../../../Engine/Plugins/Experimental/HTML5Networking/Binaries/Win64/UE4Editor-HTML5Networking.dll (API version 3709383).
LogModuleManager: Display: Found up-to-date module file ../../../Engine/Plugins/Media/AndroidMedia/Binaries/Win64/UE4Editor-AndroidMediaEditor.dll (API version 3709383).
LogModuleManager: Display: Found up-to-date module file ../../../Engine/Plugins/Media/AndroidMedia/Binaries/Win64/UE4Editor-AndroidMediaFactory.dll (API version 3709383).
LogModuleManager: Display: Found up-to-date module file ../../../Engine/Plugins/Media/AvfMedia/Binaries/Win64/UE4Editor-AvfMediaEditor.dll (API version 3709383).
LogModuleManager: Display: Found up-to-date module file ../../../Engine/Plugins/Media/AvfMedia/Binaries/Win64/UE4Editor-AvfMediaFactory.dll (API version 3709383).
LogModuleManager: Display: Found up-to-date module file ../../../Engine/Plugins/Media/AvfMedia/Binaries/Win64/UE4Editor-AvfMediaFactory.dll (API version 3709383).
LogModuleManager: Display: Found up-to-date module file ../../../Engine/Plugins/Media/ImgMedia/Binaries/Win64/UE4Editor-ImgMedia.dll (API version 3709383).
LogModuleManager: Display: Found up-to-date module file ../../../Engine/Plugins/Media/ImgMedia/Binaries/Win64/UE4Editor-ImgMediaEditor.dll (API version 3709383).
LogModuleManager: Display: Found up-to-date module file ../../../Engine/Plugins/Media/ImgMedia/Binaries/Win64/UE4Editor-ImgMediaFactory.dll (API version 3709383).
LogModuleManager: Display: Found up-to-date module file ../../../Engine/Plugins/Media/ImgMedia/Binaries/Win64/UE4Editor-ImgMediaFactory.dll (API version 3709383).
LogModuleManager: Display: Found up-to-date module file ../../../Engine/Plugins/Media/ImgMedia/Binaries/Win64/UE4Editor-OpenExrWrapper.dll (API version 3709383).
LogModuleManager: Display: Found up-to-date module file ../../../Engine/Plugins/Media/MediaCompositing/Binaries/Win64/UE4Editor-MediaCompositing.dll (API version 3709383).
LogModuleManager: Display: Found up-to-date module file ../../../Engine/Plugins/Media/MediaCompositing/Binaries/Win64/UE4Editor-MediaCompositingEditor.dll (API version 3709383).
LogModuleManager: Display: Found up-to-date module file ../../../Engine/Plugins/Media/MediaPlayerEditor/Binaries/Win64/UE4Editor-MediaPlayerEditor.dll (API version 3709383).
LogModuleManager: Display: Found up-to-date module file ../../../Engine/Plugins/Media/WmfMedia/Binaries/Win64/UE4Editor-WmfMedia.dll (API version 3709383).
LogModuleManager: Display: Found up-to-date module file ../../../Engine/Plugins/Media/WmfMedia/Binaries/Win64/UE4Editor-WmfMediaEditor.dll (API version 3709383).
LogModuleManager: Display: Found up-to-date module file ../../../Engine/Plugins/Media/WmfMedia/Binaries/Win64/UE4Editor-WmfMediaFactory.dll (API version 3709383).
LogModuleManager: Display: Found up-to-date module file ../../../Engine/Plugins/Media/WmfMedia/Binaries/Win64/UE4Editor-WmfMediaFactory.dll (API version 3709383).
LogModuleManager: Display: Found up-to-date module file ../../../Engine/Plugins/Messaging/TcpMessaging/Binaries/Win64/UE4Editor-TcpMessaging.dll (API version 3709383).
LogModuleManager: Display: Found up-to-date module file ../../../Engine/Plugins/Messaging/UdpMessaging/Binaries/Win64/UE4Editor-UdpMessaging.dll (API version 3709383).
LogModuleManager: Display: Found up-to-date module file ../../../Engine/Plugins/MovieScene/ActorSequence/Binaries/Win64/UE4Editor-ActorSequence.dll (API version 3709383).
LogModuleManager: Display: Found up-to-date module file ../../../Engine/Plugins/MovieScene/LevelSequenceEditor/Binaries/Win64/UE4Editor-LevelSequenceEditor.dll (API version 3709383).
LogModuleManager: Display: Found up-to-date module file ../../../Engine/Plugins/MovieScene/MatineeToLevelSequence/Binaries/Win64/UE4Editor-MatineeToLevelSequence.dll (API version 3709383).
LogModuleManager: Display: Found up-to-date module file ../../../Engine/Plugins/Online/OnlineSubsystem/Binaries/Win64/UE4Editor-OnlineSubsystem.dll (API version 3709383).
LogModuleManager: Display: Found up-to-date module file ../../../Engine/Plugins/Runtime/AndroidPermission/Binaries/Win64/UE4Editor-AndroidPermission.dll (API version 3709383).
LogModuleManager: Display: Found up-to-date module file ../../../Engine/Plugins/Online/OnlineSubsystemNull/Binaries/Win64/UE4Editor-OnlineSubsystemNull.dll (API version 3709383).
LogModuleManager: Display: Found up-to-date module file ../../../Engine/Plugins/Online/OnlineSubsystemUtils/Binaries/Win64/UE4Editor-OnlineSubsystemUtils.dll (API version 3709383).
LogModuleManager: Display: Found up-to-date module file ../../../Engine/Plugins/Online/OnlineSubsystemUtils/Binaries/Win64/UE4Editor-OnlineBlueprintSupport.dll (API version 3709383).
LogModuleManager: Display: Found up-to-date module file ../../../Engine/Plugins/Runtime/AndroidDeviceProfileSelector/Binaries/Win64/UE4Editor-AndroidDeviceProfileSelector.dll (API version 3709383).
LogModuleManager: Display: Found up-to-date module file ../../../Engine/Plugins/Runtime/AppleARKit/Binaries/Win64/UE4Editor-AppleARKit.dll (API version 3709383).
LogModuleManager: Display: Found up-to-date module file ../../../Engine/Plugins/Runtime/ArchVisCharacter/Binaries/Win64/UE4Editor-ArchVisCharacter.dll (API version 3709383).
LogModuleManager: Display: Found up-to-date module file ../../../Engine/Plugins/Runtime/CableComponent/Binaries/Win64/UE4Editor-CableComponent.dll (API version 3709383).
LogModuleManager: Display: Found up-to-date module file ../../../Engine/Plugins/Runtime/CustomMeshComponent/Binaries/Win64/UE4Editor-CustomMeshComponent.dll (API version 3709383).
LogModuleManager: Display: Found up-to-date module file ../../../Engine/Plugins/Runtime/ExampleDeviceProfileSelector/Binaries/Win64/UE4Editor-ExampleDeviceProfileSelector.dll (API version 3709383).
LogModuleManager: Display: Found up-to-date module file ../../../Engine/Plugins/Runtime/ImmediatePhysics/Binaries/Win64/UE4Editor-ImmediatePhysics.dll (API version 3709383).
LogModuleManager: Display: Found up-to-date module file ../../../Engine/Plugins/Runtime/ImmediatePhysics/Binaries/Win64/UE4Editor-ImmediatePhysicsEditor.dll (API version 3709383).
LogModuleManager: Display: Found up-to-date module file ../../../Engine/Plugins/Runtime/LocationServicesBPLibrary/Binaries/Win64/UE4Editor-LocationServicesBPLibrary.dll (API version 3709383).
LogModuleManager: Display: Found up-to-date module file ../../../Engine/Plugins/Runtime/MobilePatchingUtils/Binaries/Win64/UE4Editor-MobilePatchingUtils.dll (API version 3709383).
LogModuleManager: Display: Found up-to-date module file ../../../Engine/Plugins/Runtime/Oculus/OculusVR/Binaries/Win64/UE4Editor-OculusHMD.dll (API version 3709383).
LogModuleManager: Display: Found up-to-date module file ../../../Engine/Plugins/Runtime/Oculus/OculusVR/Binaries/Win64/UE4Editor-OculusInput.dll (API version 3709383).
LogModuleManager: Display: Found up-to-date module file ../../../Engine/Plugins/Runtime/Oculus/OculusVR/Binaries/Win64/UE4Editor-OculusEditor.dll (API version 3709383).
LogModuleManager: Display: Found up-to-date module file ../../../Engine/Plugins/Runtime/PhysXVehicles/Binaries/Win64/UE4Editor-PhysXVehicles.dll (API version 3709383).
LogModuleManager: Display: Found up-to-date module file ../../../Engine/Plugins/Runtime/PhysXVehicles/Binaries/Win64/UE4Editor-PhysXVehiclesEditor.dll (API version 3709383).
LogModuleManager: Display: Found up-to-date module file ../../../Engine/Plugins/Runtime/ProceduralMeshComponent/Binaries/Win64/UE4Editor-ProceduralMeshComponent.dll (API version 3709383).
LogModuleManager: Display: Found up-to-date module file ../../../Engine/Plugins/Runtime/ProceduralMeshComponent/Binaries/Win64/UE4Editor-ProceduralMeshComponentEditor.dll (API version 3709383).
LogModuleManager: Display: Found up-to-date module file ../../../Engine/Plugins/Runtime/RuntimePhysXCooking/Binaries/Win64/UE4Editor-RuntimePhysXCooking.dll (API version 3709383).
LogModuleManager: Display: Found up-to-date module file ../../../Engine/Plugins/Runtime/Steam/SteamVR/Binaries/Win64/UE4Editor-SteamVR.dll (API version 3709383).
LogModuleManager: Display: Found up-to-date module file ../../../Engine/Plugins/Runtime/Steam/SteamVR/Binaries/Win64/UE4Editor-SteamVRController.dll (API version 3709383).
LogModuleManager: Display: Found up-to-date module file ../../../Engine/Plugins/Runtime/WindowsMoviePlayer/Binaries/Win64/UE4Editor-WindowsMoviePlayer.dll (API version 3709383).
LogPluginManager: Mounting plugin Paper2D
LogPluginManager: Mounting plugin LightPropagationVolume
LogPluginManager: Mounting plugin CodeLiteSourceCodeAccess
LogPluginManager: Mounting plugin GitSourceControl
LogPluginManager: Mounting plugin KDevelopSourceCodeAccess
LogPluginManager: Mounting plugin NullSourceCodeAccess
LogPluginManager: Mounting plugin PerforceSourceControl
LogPluginManager: Mounting plugin SubversionSourceControl
LogPluginManager: Mounting plugin UObjectPlugin
LogPluginManager: Mounting plugin VisualStudioCodeSourceCodeAccess
LogPluginManager: Mounting plugin VisualStudioSourceCodeAccess
LogPluginManager: Mounting plugin XCodeSourceCodeAccess
LogPluginManager: Mounting plugin AssetManagerEditor
LogPluginManager: Mounting plugin AudioCapture
LogPluginManager: Mounting plugin FacialAnimation
LogPluginManager: Mounting plugin GameplayTagsEditor
LogPluginManager: Mounting plugin MobileLauncherProfileWizard
LogPluginManager: Mounting plugin PluginBrowser
LogPluginManager: Mounting plugin SpeedTreeImporter
LogPluginManager: Mounting plugin AlembicImporter
LogPluginManager: Mounting plugin CharacterAI
LogPluginManager: Mounting plugin HTML5Networking
LogPluginManager: Mounting plugin AndroidMedia
LogPluginManager: Mounting plugin AvfMedia
LogPluginManager: Mounting plugin ImgMedia
LogPluginManager: Mounting plugin MediaCompositing
LogPluginManager: Mounting plugin MediaPlayerEditor
LogPluginManager: Mounting plugin WmfMedia
LogPluginManager: Mounting plugin TcpMessaging
LogPluginManager: Mounting plugin UdpMessaging
LogPluginManager: Mounting plugin ActorSequence
LogPluginManager: Mounting plugin LevelSequenceEditor
LogPluginManager: Mounting plugin MatineeToLevelSequence
LogPluginManager: Mounting plugin OnlineSubsystemGooglePlay
LogPluginManager: Mounting plugin OnlineSubsystemIOS
LogPluginManager: Mounting plugin OnlineSubsystem
LogPluginManager: Mounting plugin OnlineSubsystemNull
LogPluginManager: Mounting plugin OnlineSubsystemUtils
LogPluginManager: Mounting plugin AndroidDeviceProfileSelector
LogPluginManager: Mounting plugin AndroidMoviePlayer
LogPluginManager: Mounting plugin AndroidPermission
LogPluginManager: Mounting plugin AppleARKit
LogPluginManager: Mounting plugin AppleMoviePlayer
LogPluginManager: Mounting plugin ArchVisCharacter
LogPluginManager: Mounting plugin CableComponent
LogPluginManager: Mounting plugin CustomMeshComponent
LogPluginManager: Mounting plugin ExampleDeviceProfileSelector
LogPluginManager: Mounting plugin GoogleCloudMessaging
LogPluginManager: Mounting plugin ImmediatePhysics
LogPluginManager: Mounting plugin IOSDeviceProfileSelector
LogPluginManager: Mounting plugin LinuxDeviceProfileSelector
LogPluginManager: Mounting plugin LocationServicesBPLibrary
LogPluginManager: Mounting plugin MobilePatchingUtils
LogPluginManager: Mounting plugin OculusVR
LogPluginManager: Plugin shader directory ../../../Engine/Plugins/Runtime/Oculus/OculusVR/Shaders found
LogPluginManager: Mapping shader source directory ../../../Engine/Plugins/Runtime/Oculus/OculusVR/Shaders to virtual directory /Plugin/OculusVR
LogPluginManager: Mounting plugin PhysXVehicles
LogPluginManager: Mounting plugin ProceduralMeshComponent
LogPluginManager: Mounting plugin RuntimePhysXCooking
LogPluginManager: Mounting plugin SteamVR
LogPluginManager: Mounting plugin WindowsMoviePlayer
LogInit: Using libcurl 7.47.1
LogInit:  - built for x86_64-pc-win32
LogInit:  - supports SSL with OpenSSL/1.0.2g
LogInit:  - supports HTTP deflate (compression) using libz 1.2.8
LogInit:  - other features:
LogInit:      CURL_VERSION_SSL
LogInit:      CURL_VERSION_LIBZ
LogInit:      CURL_VERSION_IPV6
LogInit:      CURL_VERSION_ASYNCHDNS
LogInit:      CURL_VERSION_LARGEFILE
LogInit:      CURL_VERSION_IDN
LogInit:  CurlRequestOptions (configurable via config and command line):
LogInit:  - bVerifyPeer = false  - Libcurl will NOT verify peer certificate
LogInit:  - bUseHttpProxy = false  - Libcurl will NOT use HTTP proxy
LogInit:  - bDontReuseConnections = false  - Libcurl will reuse connections
LogInit:  - CertBundlePath = nullptr  - Libcurl will use whatever was configured at build time.
LogInit: Build: ++UE4+Release-4.18-CL-3832480
LogInit: Engine Version: 4.18.3-3832480+++UE4+Release-4.18
LogInit: Compatible Engine Version: 4.18.0-3709383+++UE4+Release-4.18
LogInit: Net CL: 3709383
LogDevObjectVersion: Number of dev versions registered: 16
LogDevObjectVersion:   Dev-Blueprints (B0D832E4-1F89-4F0D-ACCF-7EB736FD4AA2): 10
LogDevObjectVersion:   Dev-Build (E1C64328-A22C-4D53-A36C-8E866417BD8C): 0
LogDevObjectVersion:   Dev-Core (375EC13C-06E4-48FB-B500-84F0262A717E): 2
LogDevObjectVersion:   Dev-Editor (E4B068ED-F494-42E9-A231-DA0B2E46BB41): 20
LogDevObjectVersion:   Dev-Framework (CFFC743F-43B0-4480-9391-14DF171D2073): 30
LogDevObjectVersion:   Dev-Mobile (B02B49B5-BB20-44E9-A304-32B752E40360): 0
LogDevObjectVersion:   Dev-Networking (A4E4105C-59A1-49B5-A7C5-40C4547EDFEE): 0
LogDevObjectVersion:   Dev-Online (39C831C9-5AE6-47DC-9A44-9C173E1C8E7C): 0
LogDevObjectVersion:   Dev-Physics (78F01B33-EBEA-4F98-B9B4-84EACCB95AA2): 0
LogDevObjectVersion:   Dev-Platform (6631380F-2D4D-43E0-8009-CF276956A95A): 0
LogDevObjectVersion:   Dev-Rendering (12F88B9F-8875-4AFC-A67C-D90C383ABD29): 20
LogDevObjectVersion:   Dev-Sequencer (7B5AE74C-D270-4C10-A958-57980B212A5A): 4
LogDevObjectVersion:   Dev-VR (D7296918-1DD6-4BDD-9DE2-64A83CC13884): 0
LogDevObjectVersion:   Dev-LoadTimes (C2A15278-BFE7-4AFE-6C17-90FF531DF755): 1
LogDevObjectVersion:   Private-Geometry (6EACA3D4-40EC-4CC1-B786-8BED09428FC5): 1
LogDevObjectVersion:   Dev-AnimPhys (29E575DD-E0A3-4627-9D10-D276232CDCEA): 12
LogInit: Compiled (64-bit): Jan 12 2018 02:04:55
LogInit: Compiled with Visual C++: 19.00.24215.01
LogInit: Build Configuration: Development
LogInit: Branch Name: ++UE4+Release-4.18
LogInit: Command line: 
LogInit: Base directory: C:/Program Files/Epic Games/UE_4.18/Engine/Binaries/Win64/
LogInit: Installed Engine Build: 1
LogInit: Presizing for max 8388607 objects, including 0 objects not considered by GC, pre-allocating 0 bytes for permanent pool.
LogInit: Object subsystem initialized
[2018.03.13-00.17.41:989][  0]LogInit: Selected Device Profile: [Windows]
[2018.03.13-00.17.41:989][  0]LogInit: Applying CVar settings loaded from the selected device profile: [Windows]
[2018.03.13-00.17.42:021][  0]LogInit: Computer: DESKTOP-2QNA1SC
[2018.03.13-00.17.42:022][  0]LogInit: User: darkm
[2018.03.13-00.17.42:022][  0]LogInit: CPU Page size=4096, Cores=4
[2018.03.13-00.17.42:022][  0]LogInit: High frequency timer resolution =1.945314 MHz
[2018.03.13-00.17.42:022][  0]LogMemory: Memory total: Physical=15.9GB (16GB approx)
[2018.03.13-00.17.42:022][  0]LogMemory: Platform Memory Stats for Windows
[2018.03.13-00.17.42:022][  0]LogMemory: Process Physical Memory: 272.47 MB used, 272.47 MB peak
[2018.03.13-00.17.42:022][  0]LogMemory: Process Virtual Memory: 269.84 MB used, 269.84 MB peak
[2018.03.13-00.17.42:022][  0]LogMemory: Physical Memory: 5636.93 MB used,  10662.67 MB free, 16299.60 MB total
[2018.03.13-00.17.42:023][  0]LogMemory: Virtual Memory: 682.22 MB used,  10662.67 MB free, 134217728.00 MB total
[2018.03.13-00.17.42:241][  0]LogInit: Using OS detected language (en-US).
[2018.03.13-00.17.42:241][  0]LogInit: Using OS detected locale (en-US).
[2018.03.13-00.17.42:245][  0]LogTextLocalizationManager: No specific localization for 'en-US' exists, so the 'en' localization will be used.
[2018.03.13-00.17.42:734][  0]LogInit: Setting process to per monitor DPI aware
[2018.03.13-00.17.43:059][  0]LogD3D11RHI: D3D11 adapters:
[2018.03.13-00.17.43:076][  0]LogD3D11RHI:    0. 'Intel(R) UHD Graphics 620' (Feature Level 11_0)
[2018.03.13-00.17.43:076][  0]LogD3D11RHI:       128/0/8149 MB DedicatedVideo/DedicatedSystem/SharedSystem, Outputs:1, VendorId:0x8086
[2018.03.13-00.17.43:390][  0]LogD3D11RHI:    1. 'Radeon 500 Series' (Feature Level 11_0)
[2018.03.13-00.17.43:390][  0]LogD3D11RHI:       1995/0/8149 MB DedicatedVideo/DedicatedSystem/SharedSystem, Outputs:0, VendorId:0x1002
[2018.03.13-00.17.43:392][  0]LogD3D11RHI:    2. 'Microsoft Basic Render Driver' (Feature Level 11_0)
[2018.03.13-00.17.43:392][  0]LogD3D11RHI:       0/0/8149 MB DedicatedVideo/DedicatedSystem/SharedSystem, Outputs:0, VendorId:0x1414
[2018.03.13-00.17.43:392][  0]LogD3D11RHI: Chosen D3D11 Adapter: 1
[2018.03.13-00.17.43:402][  0]LogD3D11RHI: Creating new Direct3DDevice
[2018.03.13-00.17.43:402][  0]LogD3D11RHI:     GPU DeviceId: 0x699f (for the marketing name, search the web for "GPU Device Id")
[2018.03.13-00.17.43:403][  0]LogWindows: EnumDisplayDevices:
[2018.03.13-00.17.43:403][  0]LogWindows:    0. 'Intel(R) UHD Graphics 620' (P:1 D:1)
[2018.03.13-00.17.43:403][  0]LogWindows:    1. 'Intel(R) UHD Graphics 620' (P:0 D:0)
[2018.03.13-00.17.43:403][  0]LogWindows:    2. 'Intel(R) UHD Graphics 620' (P:0 D:0)
[2018.03.13-00.17.43:403][  0]LogWindows:    3. 'Radeon 500 Series' (P:0 D:0)
[2018.03.13-00.17.43:403][  0]LogWindows:    4. 'Radeon 500 Series' (P:0 D:0)
[2018.03.13-00.17.43:404][  0]LogWindows:    5. 'Radeon 500 Series' (P:0 D:0)
[2018.03.13-00.17.43:404][  0]LogWindows:    6. 'Radeon 500 Series' (P:0 D:0)
[2018.03.13-00.17.43:404][  0]LogWindows:    7. 'Radeon 500 Series' (P:0 D:0)
[2018.03.13-00.17.43:404][  0]LogWindows:    8. 'Radeon 500 Series' (P:0 D:0)
[2018.03.13-00.17.43:404][  0]LogWindows:    9. 'Radeon 500 Series' (P:0 D:0)
[2018.03.13-00.17.43:405][  0]LogWindows:    10. 'Radeon 500 Series' (P:0 D:0)
[2018.03.13-00.17.43:405][  0]LogWindows:    11. 'Radeon 500 Series' (P:0 D:0)
[2018.03.13-00.17.43:405][  0]LogWindows:    12. 'Radeon 500 Series' (P:0 D:0)
[2018.03.13-00.17.43:405][  0]LogWindows:    13. 'Radeon 500 Series' (P:0 D:0)
[2018.03.13-00.17.43:405][  0]LogWindows:    14. 'Radeon 500 Series' (P:0 D:0)
[2018.03.13-00.17.43:406][  0]LogWindows:    15. 'Radeon 500 Series' (P:0 D:0)
[2018.03.13-00.17.43:406][  0]LogWindows:    16. 'Radeon 500 Series' (P:0 D:0)
[2018.03.13-00.17.43:406][  0]LogWindows:    17. 'Radeon 500 Series' (P:0 D:0)
[2018.03.13-00.17.43:406][  0]LogWindows:    18. 'Radeon 500 Series' (P:0 D:0)
[2018.03.13-00.17.43:406][  0]LogWindows: DebugString: GetVideoDriverDetailsInvalid PrimaryIsNotTheChoosenAdapter GetVideoDriverDetailsInvalid PrimaryIsNotTheChoosenAdapter GetVideoDriverDetailsInvalid PrimaryIsNotTheChoosenAdapter GetVideoDriverDetailsInvalid PrimaryIsNotTheChoosenAdapter GetVideoDriverDetailsInvalid PrimaryIsNotTheChoosenAdapter GetVideoDriverDetailsInvalid PrimaryIsNotTheChoosenAdapter GetVideoDriverDetailsInvalid PrimaryIsNotTheChoosenAdapter GetVideoDriverDetailsInvalid PrimaryIsNotTheChoosenAdapter GetVideoDriverDetailsInvalid PrimaryIsNotTheChoosenAdapter GetVideoDriverDetailsInvalid PrimaryIsNotTheChoosenAdapter GetVideoDriverDetailsInvalid PrimaryIsNotTheChoosenAdapter GetVideoDriverDetailsInvalid PrimaryIsNotTheChoosenAdapter GetVideoDriverDetailsInvalid PrimaryIsNotTheChoosenAdapter GetVideoDriverDetailsInvalid PrimaryIsNotTheChoosenAdapter GetVideoDriverDetailsInvalid PrimaryIsNotTheChoosenAdapter GetVideoDriverDetailsInvalid PrimaryIsNotTheChoosenAdapter GetVideoDriverDetailsInvalid PrimaryIsNotTheChoosenAdapter GetVideoDriverDetailsInvalid PrimaryIsNotTheChoosenAdapter GetVideoDriverDetailsInvalid PrimaryIsNotTheChoosenAdapter FoundDriverCount:0 
[2018.03.13-00.17.43:406][  0]LogD3D11RHI:     Adapter Name: Radeon 500 Series
[2018.03.13-00.17.43:406][  0]LogD3D11RHI:   Driver Version: Unknown (internal:Unknown, unified:Unknown)
[2018.03.13-00.17.43:406][  0]LogD3D11RHI:      Driver Date: Unknown
[2018.03.13-00.17.43:406][  0]LogRHI: Texture pool is 1396 MB (70% of 1995 MB)
[2018.03.13-00.17.43:490][  0]LogD3D11RHI: Async texture creation enabled
[2018.03.13-00.17.43:511][  0]LogD3D11RHI: GPU Timing Frequency: 25.000000 (Debug: 2 1)
[2018.03.13-00.17.43:514][  0]LogShaderCompilers: Guid format shader working directory is -20 characters bigger than the processId version (../../../../../../Users/darkm/Documents/GitHub/SushiShop/SushiShop/Intermediate/Shaders/WorkingDirectory/7116/).
[2018.03.13-00.17.43:514][  0]LogShaderCompilers: Cleaned the shader compiler working directory 'C:/Users/darkm/AppData/Local/Temp/UnrealShaderWorkingDir/4094A8CB4F01FBF3247D2791ACFA1C91/'.
[2018.03.13-00.17.43:514][  0]LogShaderCompilers: Display: Using Local Shader Compiler.
[2018.03.13-00.17.44:815][  0]LogTemp: Display: Loaded TP AllDesktopTargetPlatform
[2018.03.13-00.17.44:879][  0]LogTemp: Display: Loaded TP MacClientTargetPlatform
[2018.03.13-00.17.44:983][  0]LogTemp: Display: Loaded TP MacNoEditorTargetPlatform
[2018.03.13-00.17.45:048][  0]LogTemp: Display: Loaded TP MacServerTargetPlatform
[2018.03.13-00.17.45:111][  0]LogTemp: Display: Loaded TP MacTargetPlatform
[2018.03.13-00.17.45:174][  0]LogTemp: Display: Loaded TP WindowsClientTargetPlatform
[2018.03.13-00.17.45:237][  0]LogTemp: Display: Loaded TP WindowsNoEditorTargetPlatform
[2018.03.13-00.17.45:302][  0]LogTemp: Display: Loaded TP WindowsServerTargetPlatform
[2018.03.13-00.17.45:359][  0]LogTemp: Display: Loaded TP WindowsTargetPlatform
[2018.03.13-00.17.45:421][  0]LogTemp: Display: Loaded TP AndroidTargetPlatform
[2018.03.13-00.17.45:480][  0]LogTemp: Display: Loaded TP Android_ASTCTargetPlatform
[2018.03.13-00.17.45:541][  0]LogTemp: Display: Loaded TP Android_ATCTargetPlatform
[2018.03.13-00.17.45:600][  0]LogTemp: Display: Loaded TP Android_DXTTargetPlatform
[2018.03.13-00.17.45:662][  0]LogTemp: Display: Loaded TP Android_ETC1TargetPlatform
[2018.03.13-00.17.45:738][  0]LogTemp: Display: Loaded TP Android_ETC2TargetPlatform
[2018.03.13-00.17.45:866][  0]LogTemp: Display: Loaded TP Android_MultiTargetPlatform
[2018.03.13-00.17.45:866][  0]LogTemp: Display: Loaded TP Android_PVRTCTargetPlatform
[2018.03.13-00.17.45:915][  0]LogTemp: Display: Loaded TP HTML5TargetPlatform
[2018.03.13-00.17.46:019][  0]LogTemp: Display: Loaded TP IOSTargetPlatform
[2018.03.13-00.17.46:073][  0]LogTemp: Display: Loaded TP TVOSTargetPlatform
[2018.03.13-00.17.46:159][  0]LogTemp: Display: Loaded TP LinuxClientTargetPlatform
[2018.03.13-00.17.46:219][  0]LogTemp: Display: Loaded TP LinuxNoEditorTargetPlatform
[2018.03.13-00.17.46:309][  0]LogTemp: Display: Loaded TP LinuxServerTargetPlatform
[2018.03.13-00.17.46:386][  0]LogTemp: Display: Loaded TP LinuxTargetPlatform
[2018.03.13-00.17.46:386][  0]LogTargetPlatformManager: Display: Building Assets For Windows
[2018.03.13-00.17.47:081][  0]LogDerivedDataCache: Display: Max Cache Size: 512 MB
[2018.03.13-00.17.47:177][  0]LogDerivedDataCache: Loaded boot cache 0.10s 96MB C:/Users/darkm/AppData/Local/UnrealEngine/4.18/DerivedDataCache/Boot.ddc.
[2018.03.13-00.17.47:178][  0]LogDerivedDataCache: Display: Loaded Boot cache: C:/Users/darkm/AppData/Local/UnrealEngine/4.18/DerivedDataCache/Boot.ddc
[2018.03.13-00.17.47:178][  0]LogDerivedDataCache: FDerivedDataBackendGraph:  Pak pak cache file ../../../../../../Users/darkm/Documents/GitHub/SushiShop/SushiShop/DerivedDataCache/DDC.ddp not found, will not use a pak cache.
[2018.03.13-00.17.47:178][  0]LogDerivedDataCache: Unable to find inner node Pak for hierarchical cache Hierarchy.
[2018.03.13-00.17.47:178][  0]LogDerivedDataCache: FDerivedDataBackendGraph:  CompressedPak pak cache file ../../../../../../Users/darkm/Documents/GitHub/SushiShop/SushiShop/DerivedDataCache/Compressed.ddp not found, will not use a pak cache.
[2018.03.13-00.17.47:178][  0]LogDerivedDataCache: Unable to find inner node CompressedPak for hierarchical cache Hierarchy.
[2018.03.13-00.17.47:197][  0]LogDerivedDataCache: Display: Pak cache opened for reading ../../../Engine/DerivedDataCache/Compressed.ddp.
[2018.03.13-00.17.47:209][  0]LogDerivedDataCache: Using Local data cache path C:/Users/darkm/AppData/Local/UnrealEngine/Common/DerivedDataCache: Writable
[2018.03.13-00.17.47:225][  0]LogMaterial: Verifying Global Shaders for PCD3D_SM5
[2018.03.13-00.17.47:226][  0]LogSlate: Using Freetype 2.6.0
[2018.03.13-00.17.47:226][  0]LogSlate: SlateFontCache - WITH_FREETYPE: 1, WITH_HARFBUZZ: 1
[2018.03.13-00.17.47:226][  0]LogSlate: SlateFontCache - WITH_FREETYPE: 1, WITH_HARFBUZZ: 1
[2018.03.13-00.17.47:644][  0]LogInit: Selected Device Profile: [Windows]
[2018.03.13-00.17.48:109][  0]LogSimplygon: Simplygon DLL not present - disabling.
[2018.03.13-00.17.48:163][  0]LogMeshReduction: Using SimplygonSwarm for distributed automatic mesh merging
[2018.03.13-00.17.48:163][  0]LogMeshReduction: Using QuadricMeshReduction for automatic static mesh reduction
[2018.03.13-00.17.48:163][  0]LogMeshReduction: No automatic skeletal mesh reduction module available
[2018.03.13-00.17.48:163][  0]LogMeshReduction: No automatic mesh merging module available
[2018.03.13-00.17.48:163][  0]LogMeshMerging: No automatic mesh merging module available
[2018.03.13-00.17.48:194][  0]LogNetVersion: SushiShop , NetCL: 3709383, EngineNetVer: 2, GameNetVer: 0 (Checksum: 2343829258)
[2018.03.13-00.17.48:406][  0]LogAssetRegistry: FAssetRegistry took 0.0270 seconds to start up
[2018.03.13-00.17.49:126][  0]LogPackageLocalizationCache: Processed 7 localized package path(s) for 2 prioritized culture(s) in 0.101311 seconds
[2018.03.13-00.17.49:137][  0]LogUObjectArray: 35870 objects as part of root set at end of initial load.
[2018.03.13-00.17.49:137][  0]LogUObjectAllocator: 7363704 out of 0 bytes used by permanent object pool.
[2018.03.13-00.17.49:137][  0]LogUObjectArray: CloseDisregardForGC: 0/0 objects in disregard for GC pool
[2018.03.13-00.17.49:226][  0]LogInit: WinSock: version 1.1 (2.2), MaxSocks=32767, MaxUdp=65467
[2018.03.13-00.17.52:803][  0]LogTcpMessaging: Initializing TcpMessaging bridge
[2018.03.13-00.17.52:875][  0]LogUdpMessaging: Initializing bridge on interface 0.0.0.0:0 to multicast group 230.0.0.1:6666.
[2018.03.13-00.17.53:912][  0]LogMaterial: Missing cached shader map for material BaseColor, compiling. 
[2018.03.13-00.17.53:913][  0]LogMaterial: Warning: C:\Program Files\Epic Games\UE_4.18\Engine\Content\BufferVisualization\BaseColor.uasset: Failed to compile Material for platform PCD3D_SM5, Default Material will be used in game.
[2018.03.13-00.17.53:913][  0]LogMaterial: 	(Node SceneTexture) GBuffer scene textures not available with forward shading.
[2018.03.13-00.17.53:941][  0]LogMaterial: Uniform references updated for custom material expression Custom.
[2018.03.13-00.17.53:956][  0]LogMaterial: Missing cached shader map for material LightingModel, compiling. 
[2018.03.13-00.17.53:956][  0]LogMaterial: Warning: C:\Program Files\Epic Games\UE_4.18\Engine\Content\BufferVisualization\LightingModel.uasset: Failed to compile Material for platform PCD3D_SM5, Default Material will be used in game.
[2018.03.13-00.17.53:956][  0]LogMaterial: 	(Node SceneTexture) GBuffer scene textures not available with forward shading.
[2018.03.13-00.17.53:960][  0]LogMaterial: Missing cached shader map for material MaterialAO, compiling. 
[2018.03.13-00.17.53:960][  0]LogMaterial: Warning: C:\Program Files\Epic Games\UE_4.18\Engine\Content\BufferVisualization\MaterialAO.uasset: Failed to compile Material for platform PCD3D_SM5, Default Material will be used in game.
[2018.03.13-00.17.53:960][  0]LogMaterial: 	(Node SceneTexture) GBuffer scene textures not available with forward shading.
[2018.03.13-00.17.53:964][  0]LogMaterial: Missing cached shader map for material Metallic, compiling. 
[2018.03.13-00.17.53:965][  0]LogMaterial: Warning: C:\Program Files\Epic Games\UE_4.18\Engine\Content\BufferVisualization\Metallic.uasset: Failed to compile Material for platform PCD3D_SM5, Default Material will be used in game.
[2018.03.13-00.17.53:965][  0]LogMaterial: 	(Node SceneTexture) GBuffer scene textures not available with forward shading.
[2018.03.13-00.17.53:968][  0]LogMaterial: Missing cached shader map for material Opacity, compiling. 
[2018.03.13-00.17.53:968][  0]LogMaterial: Warning: C:\Program Files\Epic Games\UE_4.18\Engine\Content\BufferVisualization\Opacity.uasset: Failed to compile Material for platform PCD3D_SM5, Default Material will be used in game.
[2018.03.13-00.17.53:968][  0]LogMaterial: 	(Node SceneTexture) GBuffer scene textures not available with forward shading.
[2018.03.13-00.17.53:972][  0]LogMaterial: Missing cached shader map for material Roughness, compiling. 
[2018.03.13-00.17.53:972][  0]LogMaterial: Warning: C:\Program Files\Epic Games\UE_4.18\Engine\Content\BufferVisualization\Roughness.uasset: Failed to compile Material for platform PCD3D_SM5, Default Material will be used in game.
[2018.03.13-00.17.53:972][  0]LogMaterial: 	(Node SceneTexture) GBuffer scene textures not available with forward shading.
[2018.03.13-00.17.53:995][  0]LogMaterial: Missing cached shader map for material Specular, compiling. 
[2018.03.13-00.17.53:995][  0]LogMaterial: Warning: C:\Program Files\Epic Games\UE_4.18\Engine\Content\BufferVisualization\Specular.uasset: Failed to compile Material for platform PCD3D_SM5, Default Material will be used in game.
[2018.03.13-00.17.53:995][  0]LogMaterial: 	(Node SceneTexture) GBuffer scene textures not available with forward shading.
[2018.03.13-00.17.53:999][  0]LogMaterial: Missing cached shader map for material SubsurfaceColor, compiling. 
[2018.03.13-00.17.53:999][  0]LogMaterial: Warning: C:\Program Files\Epic Games\UE_4.18\Engine\Content\BufferVisualization\SubsurfaceColor.uasset: Failed to compile Material for platform PCD3D_SM5, Default Material will be used in game.
[2018.03.13-00.17.54:000][  0]LogMaterial: 	(Node SceneTexture) GBuffer scene textures not available with forward shading.
[2018.03.13-00.17.54:003][  0]LogMaterial: Missing cached shader map for material WorldNormal, compiling. 
[2018.03.13-00.17.54:003][  0]LogMaterial: Warning: C:\Program Files\Epic Games\UE_4.18\Engine\Content\BufferVisualization\WorldNormal.uasset: Failed to compile Material for platform PCD3D_SM5, Default Material will be used in game.
[2018.03.13-00.17.54:003][  0]LogMaterial: 	(Node SceneTexture) GBuffer scene textures not available with forward shading.
[2018.03.13-00.17.54:502][  0]SourceControl: Source control is disabled
[2018.03.13-00.17.54:503][  0]SourceControl: Source control is disabled
[2018.03.13-00.17.54:580][  0]SourceControl: Source control is disabled
[2018.03.13-00.17.54:645][  0]SourceControl: Source control is disabled
[2018.03.13-00.17.55:686][  0]LogAndroidPermission: UAndroidPermissionCallbackProxy::GetInstance
[2018.03.13-00.17.56:023][  0]LogOcInput: OculusInput pre-init called
[2018.03.13-00.17.56:389][  0]LogEngine: Initializing Engine...
[2018.03.13-00.17.56:393][  0]LogHMD: Failed to initialize OpenVR with code 110
[2018.03.13-00.17.56:874][  0]LogStats: UGameplayTagsManager::ConstructGameplayTagTree: Construct from data asset -  0.000 s
[2018.03.13-00.17.56:874][  0]LogStats: UGameplayTagsManager::ConstructGameplayTagTree: GameplayTagTreeChangedEvent.Broadcast -  0.000 s
[2018.03.13-00.17.57:041][  0]LogAIModule: Creating AISystem for world Untitled
[2018.03.13-00.17.57:053][  0]LogInit: XAudio2 using 'Headphones (TaoTronics TT-BH07 Stereo)' : 2 channels at 44.1 kHz using 16 bits per sample (channel mask 0x3)
[2018.03.13-00.17.57:076][  0]LogInit: FAudioDevice initialized.
[2018.03.13-00.17.57:181][  0]LogDerivedDataCache: Saved boot cache 0.10s 96MB C:/Users/darkm/AppData/Local/UnrealEngine/4.18/DerivedDataCache/Boot.ddc.
[2018.03.13-00.17.57:194][  0]LogInit: Texture streaming: Enabled
[2018.03.13-00.17.57:328][  0]LogEngineSessionManager: EngineSessionManager initialized
[2018.03.13-00.17.57:328][  0]LogEngineSessionManager: EngineSessionManager sent abnormal shutdown report. Type=AbnormalShutdown, SessionId={672550AB-4E97-EA46-D5D4-F9825C7DD535}
[2018.03.13-00.17.57:328][  0]LogEngineSessionManager: EngineSessionManager sent abnormal shutdown report. Type=Crashed, SessionId={1B273103-42F5-ECC2-36BA-AFBD6C1F439C}
[2018.03.13-00.17.57:546][  0]LogInit: Transaction tracking system initialized
[2018.03.13-00.17.57:943][  0]BlueprintLog: New page: Editor Load
[2018.03.13-00.17.59:080][  0]LocalizationService: Localization service is disabled
[2018.03.13-00.18.00:169][  0]LogConsoleResponse: Display: 
[2018.03.13-00.18.00:406][  0]LogCook: Display: Max memory allowance for cook 16384mb min free memory 0mb
[2018.03.13-00.18.00:406][  0]LogCook: Display: Mobile HDR setting 1
[2018.03.13-00.18.00:406][  0]LogGameplayTags: Display: UGameplayTagsManager::DoneAddingNativeTags. DelegateIsBound: 0
[2018.03.13-00.18.01:612][  0]LogFileCache: Scanning file cache for directory 'C:/Users/darkm/Documents/GitHub/SushiShop/SushiShop/Content/' took 0.01s
[2018.03.13-00.18.01:671][  0]SourceControl: Source control is disabled
[2018.03.13-00.18.01:671][  0]Cmd: MAP LOAD FILE="../../../../../../Users/darkm/Documents/GitHub/SushiShop/SushiShop/Content/VirtualRealityBP/Maps/StartupMap.umap" TEMPLATE=0 SHOWPROGRESS=1 FEATURELEVEL=3
[2018.03.13-00.18.01:671][  0]LightingResults: New page: Lighting Build
[2018.03.13-00.18.01:724][  0]MapCheck: New page: Map Check
[2018.03.13-00.18.01:724][  0]LightingResults: New page: Lighting Build
[2018.03.13-00.18.01:853][  0]LogAIModule: Creating AISystem for world StartupMap
[2018.03.13-00.18.01:861][  0]LogEditorServer: Finished looking for orphan Actors (0.000 secs)
[2018.03.13-00.18.01:873][  0]Cmd: MAP CHECKDEP NOCLEARLOG
[2018.03.13-00.18.01:937][  0]MapCheck: Map check complete: 0 Error(s), 0 Warning(s), took 63.518ms to complete.
[2018.03.13-00.18.01:937][  0]LogFileHelpers: Loading map 'StartupMap' took 0.266
[2018.03.13-00.18.02:070][  0]LogWindowsTextInputMethodSystem: Display: IME system now deactivated.
[2018.03.13-00.18.02:070][  0]LogWindowsTextInputMethodSystem: Display: IME system now deactivated.
[2018.03.13-00.18.02:232][  0]LogCollectionManager: Loaded 0 collections in 0.001487 seconds
[2018.03.13-00.18.02:341][  0]LogFileCache: Scanning file cache for directory 'C:/Users/darkm/Documents/GitHub/SushiShop/SushiShop/Saved/Collections/' took 0.01s
[2018.03.13-00.18.02:341][  0]LogFileCache: Scanning file cache for directory 'C:/Users/darkm/Documents/GitHub/SushiShop/SushiShop/Content/Developers/darkm/Collections/' took 0.01s
[2018.03.13-00.18.02:341][  0]LogFileCache: Scanning file cache for directory 'C:/Users/darkm/Documents/GitHub/SushiShop/SushiShop/Content/Collections/' took 0.01s
[2018.03.13-00.18.02:341][  0]LogCollectionManager: Rebuilt the GUID cache for 0 collections in 0.000001 seconds
[2018.03.13-00.18.02:353][  0]LogContentBrowser: Native class hierarchy populated in 0.0114 seconds. Added 2364 classes and 521 folders.
[2018.03.13-00.18.02:430][  0]LogContentBrowser: Native class hierarchy updated for 'WidgetCarousel' in 0.0002 seconds. Added 0 classes and 0 folders.
[2018.03.13-00.18.02:466][  0]LogContentBrowser: Native class hierarchy updated for 'AddContentDialog' in 0.0004 seconds. Added 0 classes and 0 folders.
[2018.03.13-00.18.02:563][  0]LogContentBrowser: Native class hierarchy updated for 'HierarchicalLODOutliner' in 0.0002 seconds. Added 1 classes and 2 folders.
[2018.03.13-00.18.02:563][  0]LogLoad: (Engine Initialization) Total time: 23.15 seconds
[2018.03.13-00.18.02:563][  0]LogLoad: (Engine Initialization) Total Blueprint compile time: 0.00 seconds
[2018.03.13-00.18.02:563][  0]LogExternalProfiler: No external profilers were discovered.  External profiling features will not be available.
[2018.03.13-00.18.02:605][  0]LogContentStreaming: Texture pool size now 1000 MB
[2018.03.13-00.18.02:607][  0]LogSlate: Took 0.000217 seconds to synchronously load lazily loaded font '../../../Engine/Content/Slate/Fonts/Roboto-Regular.ttf' (155K)
[2018.03.13-00.18.02:610][  0]LogSlate: Took 0.000111 seconds to synchronously load lazily loaded font '../../../Engine/Content/Slate/Fonts/Roboto-Bold.ttf' (160K)
[2018.03.13-00.18.02:612][  0]LogSlate: Took 0.000108 seconds to synchronously load lazily loaded font '../../../Engine/Content/Editor/Slate/Fonts/FontAwesome.ttf' (139K)
[2018.03.13-00.18.02:739][  0]LogSlate: Took 0.000175 seconds to synchronously load lazily loaded font '../../../Engine/Content/Slate/Fonts/Roboto-Light.ttf' (159K)
[2018.03.13-00.18.02:769][  1]LogAssetRegistry: Asset discovery search completed in 14.3850 seconds
[2018.03.13-00.18.02:771][  1]LogCollectionManager: Rebuilt the object cache for 0 collections in 0.000001 seconds (found 0 objects)
[2018.03.13-00.18.02:771][  1]LogCollectionManager: Fixed up redirectors for 0 collections in 0.000079 seconds (updated 0 objects)
[2018.03.13-00.18.02:796][  2]LogRenderer: Reallocating scene render targets to support 512x372 Format 26 NumSamples 1 (Frame:1).
[2018.03.13-00.18.03:687][ 23]LogSlate: Took 0.000505 seconds to synchronously load lazily loaded font '../../../Engine/Content/Slate/Fonts/Roboto-Light.ttf' (159K)
[2018.03.13-00.18.05:878][120]LogRenderer: Reallocating scene render targets to support 928x456 Format 26 NumSamples 1 (Frame:63).
[2018.03.13-00.18.09:302][299]LogSlate: Took 0.000208 seconds to synchronously load lazily loaded font '../../../Engine/Content/Slate/Fonts/Roboto-Light.ttf' (159K)
[2018.03.13-00.18.09:653][299]LogLinker: Warning: Can't find file '/Game/SushiShop/BluePrints/lambert1'
[2018.03.13-00.18.09:654][299]LogLinker: Warning: Can't find file for asset '/Game/SushiShop/BluePrints/lambert1' while loading ../../../../../../Users/darkm/Documents/GitHub/SushiShop/SushiShop/Content/SushiShop/Assets/SushiBoat_SushiBoat.uasset.
[2018.03.13-00.18.09:654][299]LoadErrors: Error: /Game/SushiShop/Assets/SushiBoat_SushiBoat : Can't find file for asset. /Game/SushiShop/BluePrints/lambert1
[2018.03.13-00.18.09:654][299]LogLinker: Warning: Can't find file '/Game/SushiShop/BluePrints/lambert1'
[2018.03.13-00.18.09:654][299]LogLinker: Warning: Can't find file for asset '/Game/SushiShop/BluePrints/lambert1' while loading ../../../../../../Users/darkm/Documents/GitHub/SushiShop/SushiShop/Content/SushiShop/Assets/SushiBoat_SushiBoat.uasset.
[2018.03.13-00.18.09:981][299]LogLinker: Warning: Can't find file '/Game/SushiShop/BluePrints/lambert1'
[2018.03.13-00.18.09:981][299]LoadErrors: Failed to load /Game/SushiShop/BluePrints/lambert1.lambert1 Referenced by SushiBoat_SushiBoat
[2018.03.13-00.18.09:981][299]LogLinker: Warning: Can't find file for asset '/Game/SushiShop/BluePrints/lambert1' while loading NULL.
[2018.03.13-00.18.09:982][299]LogLinker: Warning: Can't find file '/Game/SushiShop/BluePrints/lambert1'
[2018.03.13-00.18.09:982][299]LogLinker: Warning: Can't find file for asset '/Game/SushiShop/BluePrints/lambert1' while loading NULL.
[2018.03.13-00.18.10:020][299]LogTexture: Display: Building textures: HQ_Lightmap0_2 (AutoDXT, 64X64)
[2018.03.13-00.18.10:021][299]LogTexture: Display: Building textures: HQ_Lightmap0_1 (AutoDXT, 512X512)
[2018.03.13-00.18.10:021][299]LogTexture: Display: Building textures: LQ_Lightmap_0_1 (DXT1, 512X512)
[2018.03.13-00.18.10:183][299]LogTexture: Display: Building textures: LQ_Lightmap_0_2 (DXT1, 64X64)
[2018.03.13-00.18.10:183][299]LogTexture: Display: Building textures: SkyOcclusion0_2 (AutoDXT, 64X32)
[2018.03.13-00.18.10:183][299]LogTexture: Display: Building textures: SkyOcclusion0_1 (AutoDXT, 512X256)
[2018.03.13-00.18.10:183][299]LogSlate: Took 0.000193 seconds to synchronously load lazily loaded font '../../../Engine/Content/Slate/Fonts/Roboto-Regular.ttf' (155K)
[2018.03.13-00.18.10:652][299]LogAIModule: Creating AISystem for world Shop_Main
[2018.03.13-00.18.10:657][299]LogScript: Warning: Attempted to access index 0 from array SushiStruct of length 0!
	Salmon_C /Game/SushiShop/Shop_Main.Shop_Main:PersistentLevel.Salmon_2
	Function /Game/SushiShop/Assets/Pickup_Items/Pickup_M.Pickup_M_C:UserConstructionScript:0137
[2018.03.13-00.18.10:657][299]LogScript: Warning: Accessed None reading structure IngredientName_2_012ADE8641A99411B752A29314B90D82
	Salmon_C /Game/SushiShop/Shop_Main.Shop_Main:PersistentLevel.Salmon_2
	Function /Game/SushiShop/Assets/Pickup_Items/Pickup_M.Pickup_M_C:UserConstructionScript:0137
[2018.03.13-00.18.10:658][299]LogScript: Warning: Attempted to access index 0 from array SushiStruct of length 0!
	Salmon_C /Game/SushiShop/Shop_Main.Shop_Main:PersistentLevel.Salmon_2
	Function /Game/SushiShop/Assets/Pickup_Items/Pickup_M.Pickup_M_C:UserConstructionScript:015F
[2018.03.13-00.18.10:658][299]LogScript: Warning: Accessed None reading structure Material_5_C6C2C2BF4998FBAB77ED6A9A0597DF4E
	Salmon_C /Game/SushiShop/Shop_Main.Shop_Main:PersistentLevel.Salmon_2
	Function /Game/SushiShop/Assets/Pickup_Items/Pickup_M.Pickup_M_C:UserConstructionScript:015F
[2018.03.13-00.18.10:658][299]LogScript: Warning: Attempted to access index 5 from array SushiStruct of length 0!
	Salmon_C /Game/SushiShop/Shop_Main.Shop_Main:PersistentLevel.Tuna
	Function /Game/SushiShop/Assets/Pickup_Items/Pickup_M.Pickup_M_C:UserConstructionScript:0137
[2018.03.13-00.18.10:658][299]LogScript: Warning: Accessed None reading structure IngredientName_2_012ADE8641A99411B752A29314B90D82
	Salmon_C /Game/SushiShop/Shop_Main.Shop_Main:PersistentLevel.Tuna
	Function /Game/SushiShop/Assets/Pickup_Items/Pickup_M.Pickup_M_C:UserConstructionScript:0137
[2018.03.13-00.18.10:658][299]LogScript: Warning: Attempted to access index 5 from array SushiStruct of length 0!
	Salmon_C /Game/SushiShop/Shop_Main.Shop_Main:PersistentLevel.Tuna
	Function /Game/SushiShop/Assets/Pickup_Items/Pickup_M.Pickup_M_C:UserConstructionScript:015F
[2018.03.13-00.18.10:658][299]LogScript: Warning: Accessed None reading structure Material_5_C6C2C2BF4998FBAB77ED6A9A0597DF4E
	Salmon_C /Game/SushiShop/Shop_Main.Shop_Main:PersistentLevel.Tuna
	Function /Game/SushiShop/Assets/Pickup_Items/Pickup_M.Pickup_M_C:UserConstructionScript:015F
[2018.03.13-00.18.10:710][299]Cmd: MAP LOAD FILE="../../../../../../Users/darkm/Documents/GitHub/SushiShop/SushiShop/Content/SushiShop/Shop_Main.umap" TEMPLATE=0 SHOWPROGRESS=1 FEATURELEVEL=3
[2018.03.13-00.18.10:710][299]LightingResults: New page: Lighting Build
[2018.03.13-00.18.10:711][299]LoadErrors: New page: Loading map: Shop_Main.umap
[2018.03.13-00.18.10:712][299]MapCheck: New page: Map Check
[2018.03.13-00.18.10:712][299]LightingResults: New page: Lighting Build
[2018.03.13-00.18.10:737][299]LogScript: Warning: Attempted to access index 0 from array SushiStruct of length 0!
	Salmon_C /Game/SushiShop/Shop_Main.Shop_Main:PersistentLevel.Salmon_2
	Function /Game/SushiShop/Assets/Pickup_Items/Pickup_M.Pickup_M_C:UserConstructionScript:0137
[2018.03.13-00.18.10:737][299]LogScript: Warning: Accessed None reading structure IngredientName_2_012ADE8641A99411B752A29314B90D82
	Salmon_C /Game/SushiShop/Shop_Main.Shop_Main:PersistentLevel.Salmon_2
	Function /Game/SushiShop/Assets/Pickup_Items/Pickup_M.Pickup_M_C:UserConstructionScript:0137
[2018.03.13-00.18.10:737][299]LogScript: Warning: Attempted to access index 0 from array SushiStruct of length 0!
	Salmon_C /Game/SushiShop/Shop_Main.Shop_Main:PersistentLevel.Salmon_2
	Function /Game/SushiShop/Assets/Pickup_Items/Pickup_M.Pickup_M_C:UserConstructionScript:015F
[2018.03.13-00.18.10:737][299]LogScript: Warning: Accessed None reading structure Material_5_C6C2C2BF4998FBAB77ED6A9A0597DF4E
	Salmon_C /Game/SushiShop/Shop_Main.Shop_Main:PersistentLevel.Salmon_2
	Function /Game/SushiShop/Assets/Pickup_Items/Pickup_M.Pickup_M_C:UserConstructionScript:015F
[2018.03.13-00.18.10:737][299]LogScript: Warning: Attempted to access index 5 from array SushiStruct of length 0!
	Salmon_C /Game/SushiShop/Shop_Main.Shop_Main:PersistentLevel.Tuna
	Function /Game/SushiShop/Assets/Pickup_Items/Pickup_M.Pickup_M_C:UserConstructionScript:0137
[2018.03.13-00.18.10:737][299]LogScript: Warning: Accessed None reading structure IngredientName_2_012ADE8641A99411B752A29314B90D82
	Salmon_C /Game/SushiShop/Shop_Main.Shop_Main:PersistentLevel.Tuna
	Function /Game/SushiShop/Assets/Pickup_Items/Pickup_M.Pickup_M_C:UserConstructionScript:0137
[2018.03.13-00.18.10:737][299]LogScript: Warning: Attempted to access index 5 from array SushiStruct of length 0!
	Salmon_C /Game/SushiShop/Shop_Main.Shop_Main:PersistentLevel.Tuna
	Function /Game/SushiShop/Assets/Pickup_Items/Pickup_M.Pickup_M_C:UserConstructionScript:015F
[2018.03.13-00.18.10:737][299]LogScript: Warning: Accessed None reading structure Material_5_C6C2C2BF4998FBAB77ED6A9A0597DF4E
	Salmon_C /Game/SushiShop/Shop_Main.Shop_Main:PersistentLevel.Tuna
	Function /Game/SushiShop/Assets/Pickup_Items/Pickup_M.Pickup_M_C:UserConstructionScript:015F
[2018.03.13-00.18.10:743][299]LogEditorServer: Finished looking for orphan Actors (0.000 secs)
[2018.03.13-00.18.10:833][299]Cmd: MAP CHECKDEP NOCLEARLOG
[2018.03.13-00.18.10:914][299]MapCheck: Map check complete: 0 Error(s), 0 Warning(s), took 81.302ms to complete.
[2018.03.13-00.18.10:915][299]LogFileHelpers: Loading map 'Shop_Main' took 0.206
[2018.03.13-00.19.02:070][108]LogEditorViewport: Clicking on Actor (LMB): BP_Boat_C (BP_Boat)
[2018.03.13-00.19.03:240][173]LogEditorViewport: Clicking on Actor (LMB): StaticMeshActor (SushiBar_2-26_Bar)
[2018.03.13-00.19.03:366][174]Cmd: CAMERA ALIGN ACTIVEVIEWPORTONLY
[2018.03.13-00.19.04:049][175]Cmd: CAMERA ALIGN ACTIVEVIEWPORTONLY
[2018.03.13-00.19.08:187][390]LogEditorViewport: Clicking on Actor (LMB): BP_Boat_C (BP_Boat)
[2018.03.13-00.19.08:600][411]Cmd: CAMERA ALIGN ACTIVEVIEWPORTONLY
[2018.03.13-00.19.17:417][818]LogContentBrowser: Native class hierarchy updated for 'BlueprintGraph' in 0.0008 seconds. Added 116 classes and 0 folders.
[2018.03.13-00.19.18:352][818]LogSlate: Took 0.000260 seconds to synchronously load lazily loaded font '../../../Engine/Content/Editor/Slate/Fonts/Roboto-BoldCondensed.ttf' (158K)
[2018.03.13-00.19.18:430][819]LogSlate: Took 0.000292 seconds to synchronously load lazily loaded font '../../../Engine/Content/Editor/Slate/Fonts/Roboto-Italic.ttf' (157K)
[2018.03.13-00.21.38:538][ 90]LogRenderer: Reallocating scene render targets to support 1028x548 Format 26 NumSamples 1 (Frame:1).
[2018.03.13-00.21.49:630][669]LogSavePackage: Save=156.26ms
[2018.03.13-00.21.49:630][669]LogSavePackage: Moving '../../../../../../Users/darkm/Documents/GitHub/SushiShop/SushiShop/Saved/BP_BoatB51B55FA4187BF575BAD2BA3A49B2100.tmp' to '../../../../../../Users/darkm/Documents/GitHub/SushiShop/SushiShop/Content/SushiShop/BluePrints/Scott_Remake/BP_Boat.uasset'
[2018.03.13-00.21.49:634][669]LogSavePackage: Display: Finished SavePackage ../../../../../../Users/darkm/Documents/GitHub/SushiShop/SushiShop/Content/SushiShop/BluePrints/Scott_Remake/BP_Boat.uasset
[2018.03.13-00.22.55:643][522]LogEditorTransaction: Undo Modify Component(s)
[2018.03.13-00.23.10:048][334]LogEditorTransaction: Undo Modify Component(s)
[2018.03.13-00.23.22:808][  3]LogSavePackage: Save=162.55ms
[2018.03.13-00.23.22:808][  3]LogSavePackage: Moving '../../../../../../Users/darkm/Documents/GitHub/SushiShop/SushiShop/Saved/BP_Boat081E65D344109A0F291C49B264382C9C.tmp' to '../../../../../../Users/darkm/Documents/GitHub/SushiShop/SushiShop/Content/SushiShop/BluePrints/Scott_Remake/BP_Boat.uasset'
[2018.03.13-00.23.22:812][  3]LogSavePackage: Display: Finished SavePackage ../../../../../../Users/darkm/Documents/GitHub/SushiShop/SushiShop/Content/SushiShop/BluePrints/Scott_Remake/BP_Boat.uasset
[2018.03.13-00.23.40:539][890]LogSavePackage: Save=84.79ms
[2018.03.13-00.23.40:539][890]LogSavePackage: Moving '../../../../../../Users/darkm/Documents/GitHub/SushiShop/SushiShop/Saved/Shop_Main701EF8B4486C6B1BB0EEE28159128E94.tmp' to '../../../../../../Users/darkm/Documents/GitHub/SushiShop/SushiShop/Content/SushiShop/Shop_Main.umap'
[2018.03.13-00.23.40:543][890]LogSavePackage: Display: Finished SavePackage ../../../../../../Users/darkm/Documents/GitHub/SushiShop/SushiShop/Content/SushiShop/Shop_Main.umap
[2018.03.13-00.23.40:599][890]Cmd: OBJ SAVEPACKAGE PACKAGE="/Game/SushiShop/Shop_Main_BuiltData" FILE="../../../../../../Users/darkm/Documents/GitHub/SushiShop/SushiShop/Content/SushiShop/Shop_Main_BuiltData.uasset" SILENT=true
[2018.03.13-00.23.40:756][890]LogSavePackage: Save=82.55ms
[2018.03.13-00.23.40:757][890]LogSavePackage: Moving '../../../../../../Users/darkm/Documents/GitHub/SushiShop/SushiShop/Saved/Shop_Main_BuiltData8DB1FF4F4164E5C2F8E0E5A6F55D4648.tmp' to '../../../../../../Users/darkm/Documents/GitHub/SushiShop/SushiShop/Content/SushiShop/Shop_Main_BuiltData.uasset'
[2018.03.13-00.23.40:759][890]LogSavePackage: Display: Finished SavePackage ../../../../../../Users/darkm/Documents/GitHub/SushiShop/SushiShop/Content/SushiShop/Shop_Main_BuiltData.uasset
[2018.03.13-00.23.42:238][931]LogSavePackage: Save=156.63ms
[2018.03.13-00.23.42:238][931]LogSavePackage: Moving '../../../../../../Users/darkm/Documents/GitHub/SushiShop/SushiShop/Saved/BP_Boat9C43B0B541133E9A83CB13A27DB58A3D.tmp' to '../../../../../../Users/darkm/Documents/GitHub/SushiShop/SushiShop/Content/SushiShop/BluePrints/Scott_Remake/BP_Boat.uasset'
[2018.03.13-00.23.42:243][931]LogSavePackage: Display: Finished SavePackage ../../../../../../Users/darkm/Documents/GitHub/SushiShop/SushiShop/Content/SushiShop/BluePrints/Scott_Remake/BP_Boat.uasset
[2018.03.13-00.24.01:496][911]LogD3D11RHI: Error: Result failed 
 at D:\Build\++UE4+Release-4.18+Compile\Sync\Engine\Source\Runtime\Windows\D3D11RHI\Private\D3D11Viewport.cpp:289 
 with error DXGI_ERROR_DEVICE_REMOVED DXGI_ERROR_DEVICE_HUNG
[2018.03.13-00.24.01:496][911]LogWindows: Windows GetLastError: The operation completed successfully. (0)
[2018.03.13-00.24.02:586][911]LogWindows: Windows GetLastError: The operation completed successfully. (0)
[2018.03.13-00.24.02:586][911]LogWindows: Error: === Critical error: ===
[2018.03.13-00.24.02:586][911]LogWindows: Error: 
[2018.03.13-00.24.02:586][911]LogWindows: Error: Fatal error: [File:D:\Build\++UE4+Release-4.18+Compile\Sync\Engine\Source\Runtime\RenderCore\Private\RenderingThread.cpp] [Line: 813] 
[2018.03.13-00.24.02:586][911]LogWindows: Error: Rendering thread exception:
[2018.03.13-00.24.02:586][911]LogWindows: Error: Fatal error: [File:D:\Build\++UE4+Release-4.18+Compile\Sync\Engine\Source\Runtime\Windows\D3D11RHI\Private\D3D11Util.cpp] [Line: 182] 
[2018.03.13-00.24.02:586][911]LogWindows: Error: Unreal Engine is exiting due to D3D device being lost. (Error: 0x887A0006 - 'HUNG')
[2018.03.13-00.24.02:586][911]LogWindows: Error: 
[2018.03.13-00.24.02:586][911]LogWindows: Error: 
[2018.03.13-00.24.02:586][911]LogWindows: Error: [Callstack] 0x00000000577C4008 KERNELBASE.dll!UnknownFunction []
[2018.03.13-00.24.02:586][911]LogWindows: Error: [Callstack] 0x00000000482676D4 UE4Editor-ApplicationCore.dll!UnknownFunction []
[2018.03.13-00.24.02:586][911]LogWindows: Error: [Callstack] 0x000000003402330B UE4Editor-Core.dll!UnknownFunction []
[2018.03.13-00.24.02:586][911]LogWindows: Error: [Callstack] 0x0000000033FB47F9 UE4Editor-Core.dll!UnknownFunction []
[2018.03.13-00.24.02:586][911]LogWindows: Error: [Callstack] 0x000000000F9479FF UE4Editor-D3D11RHI.dll!UnknownFunction []
[2018.03.13-00.24.02:586][911]LogWindows: Error: [Callstack] 0x000000000F94BBC0 UE4Editor-D3D11RHI.dll!UnknownFunction []
[2018.03.13-00.24.02:586][911]LogWindows: Error: [Callstack] 0x000000000F92B3FA UE4Editor-D3D11RHI.dll!UnknownFunction []
[2018.03.13-00.24.02:586][911]LogWindows: Error: [Callstack] 0x000000000F92B35E UE4Editor-D3D11RHI.dll!UnknownFunction []
[2018.03.13-00.24.02:586][911]LogWindows: Error: [Callstack] 0x000000000F9383E8 UE4Editor-D3D11RHI.dll!UnknownFunction []
[2018.03.13-00.24.02:586][911]LogWindows: Error: [Callstack] 0x00000000373CE4F7 UE4Editor-RHI.dll!UnknownFunction []
[2018.03.13-00.24.02:586][911]LogWindows: Error: [Callstack] 0x000000000E650B45 UE4Editor-SlateRHIRenderer.dll!UnknownFunction []
[2018.03.13-00.24.02:586][911]LogWindows: Error: [Callstack] 0x000000000E6560A9 UE4Editor-SlateRHIRenderer.dll!UnknownFunction []
[2018.03.13-00.24.02:586][911]LogWindows: Error: [Callstack] 0x0000000033E84845 UE4Editor-Core.dll!UnknownFunction []
[2018.03.13-00.24.02:586][911]LogWindows: Error: [Callstack] 0x0000000033E84E2A UE4Editor-Core.dll!UnknownFunction []
[2018.03.13-00.24.02:586][911]LogWindows: Error: [Callstack] 0x0000000048BE22C4 UE4Editor-RenderCore.dll!UnknownFunction []
[2018.03.13-00.24.02:586][911]LogWindows: Error: [Callstack] 0x0000000048BE32F6 UE4Editor-RenderCore.dll!UnknownFunction []
[2018.03.13-00.24.02:586][911]LogWindows: Error: [Callstack] 0x000000003422092C UE4Editor-Core.dll!UnknownFunction []
[2018.03.13-00.24.02:586][911]LogWindows: Error: [Callstack] 0x0000000034212563 UE4Editor-Core.dll!UnknownFunction []
[2018.03.13-00.24.02:586][911]LogWindows: Error: [Callstack] 0x0000000057C61FE4 KERNEL32.DLL!UnknownFunction []
[2018.03.13-00.24.02:586][911]LogWindows: Error: [Callstack] 0x000000005A7DEFC1 ntdll.dll!UnknownFunction []
[2018.03.13-00.24.02:586][911]LogWindows: Error: [Callstack] 0x000000005A7DEFC1 ntdll.dll!UnknownFunction []
[2018.03.13-00.24.02:586][911]LogWindows: Error: 
[2018.03.13-00.24.02:586][911]LogWindows: Error: 
[2018.03.13-00.24.02:586][911]LogWindows: Error: 
[2018.03.13-00.24.02:586][911]LogWindows: Error: 
[2018.03.13-00.24.02:611][911]LogExit: Executing StaticShutdownAfterError
[2018.03.13-00.24.02:616][911]LogWindows: FPlatformMisc::RequestExit(1)
[2018.03.13-00.24.02:616][911]Log file closed, 03/12/18 17:24:02
