Log file open, 02/12/18 15:06:13
LogWindows: Failed to load 'aqProf.dll' (GetLastError=126)
LogWindows: File 'aqProf.dll' does not exist
LogWindows: Failed to load 'VSPerf140.dll' (GetLastError=126)
LogWindows: File 'VSPerf140.dll' does not exist
LogWindows: Failed to load 'VtuneApi.dll' (GetLastError=126)
LogWindows: File 'VtuneApi.dll' does not exist
LogWindows: Failed to load 'VtuneApi32e.dll' (GetLastError=126)
LogWindows: File 'VtuneApi32e.dll' does not exist
LogInit: Display: Running engine for game: SushiShop
LogPlatformFile: Not using cached read wrapper
LogInit: Display: RandInit(-1069529259) SRandInit(-1069529259).
LogInit: Read version file with build ID '3709383'
LogInit: Overriding engine version to CL 3832480, compatible CL 3709383
LogInit: Registered custom module enumerator with build ID '3709383'
LogTaskGraph: Started task graph with 5 named threads and 14 total threads with 3 sets of task threads.
LogStats: Stats thread started at 0.865584
LogD3D11RHI: Aftermath initialized
LogModuleManager: Display: Found up-to-date module file ../../../Engine/Plugins/2D/Paper2D/Binaries/Win64/UE4Editor-Paper2D.dll (API version 3709383).
LogModuleManager: Display: Found up-to-date module file ../../../Engine/Plugins/2D/Paper2D/Binaries/Win64/UE4Editor-Paper2DEditor.dll (API version 3709383).
LogModuleManager: Display: Found up-to-date module file ../../../Engine/Plugins/2D/Paper2D/Binaries/Win64/UE4Editor-PaperSpriteSheetImporter.dll (API version 3709383).
LogModuleManager: Display: Found up-to-date module file ../../../Engine/Plugins/2D/Paper2D/Binaries/Win64/UE4Editor-PaperTiledImporter.dll (API version 3709383).
LogModuleManager: Display: Found up-to-date module file ../../../Engine/Plugins/2D/Paper2D/Binaries/Win64/UE4Editor-SmartSnapping.dll (API version 3709383).
LogModuleManager: Display: Found up-to-date module file ../../../Engine/Plugins/Blendables/LightPropagationVolume/Binaries/Win64/UE4Editor-LightPropagationVolumeRuntime.dll (API version 3709383).
LogModuleManager: Display: Found up-to-date module file ../../../Engine/Plugins/Blendables/LightPropagationVolume/Binaries/Win64/UE4Editor-LightPropagationVolumeEditor.dll (API version 3709383).
LogModuleManager: Display: Found up-to-date module file ../../../Engine/Plugins/Developer/GitSourceControl/Binaries/Win64/UE4Editor-GitSourceControl.dll (API version 3709383).
LogModuleManager: Display: Found up-to-date module file ../../../Engine/Plugins/Developer/PerforceSourceControl/Binaries/Win64/UE4Editor-PerforceSourceControl.dll (API version 3709383).
LogModuleManager: Display: Found up-to-date module file ../../../Engine/Plugins/Developer/SubversionSourceControl/Binaries/Win64/UE4Editor-SubversionSourceControl.dll (API version 3709383).
LogModuleManager: Display: Found up-to-date module file ../../../Engine/Plugins/Developer/UObjectPlugin/Binaries/Win64/UE4Editor-UObjectPlugin.dll (API version 3709383).
LogModuleManager: Display: Found up-to-date module file ../../../Engine/Plugins/Developer/VisualStudioCodeSourceCodeAccess/Binaries/Win64/UE4Editor-VisualStudioCodeSourceCodeAccess.dll (API version 3709383).
LogModuleManager: Display: Found up-to-date module file ../../../Engine/Plugins/Developer/VisualStudioSourceCodeAccess/Binaries/Win64/UE4Editor-VisualStudioSourceCodeAccess.dll (API version 3709383).
LogModuleManager: Display: Found up-to-date module file ../../../Engine/Plugins/Editor/AssetManagerEditor/Binaries/Win64/UE4Editor-AssetManagerEditor.dll (API version 3709383).
LogModuleManager: Display: Found up-to-date module file ../../../Engine/Plugins/Editor/AudioCapture/Binaries/Win64/UE4Editor-AudioCapture.dll (API version 3709383).
LogModuleManager: Display: Found up-to-date module file ../../../Engine/Plugins/Editor/FacialAnimation/Binaries/Win64/UE4Editor-FacialAnimation.dll (API version 3709383).
LogModuleManager: Display: Found up-to-date module file ../../../Engine/Plugins/Editor/FacialAnimation/Binaries/Win64/UE4Editor-FacialAnimationEditor.dll (API version 3709383).
LogModuleManager: Display: Found up-to-date module file ../../../Engine/Plugins/Editor/GameplayTagsEditor/Binaries/Win64/UE4Editor-GameplayTagsEditor.dll (API version 3709383).
LogModuleManager: Display: Found up-to-date module file ../../../Engine/Plugins/Editor/MobileLauncherProfileWizard/Binaries/Win64/UE4Editor-MobileLauncherProfileWizard.dll (API version 3709383).
LogModuleManager: Display: Found up-to-date module file ../../../Engine/Plugins/Editor/PluginBrowser/Binaries/Win64/UE4Editor-PluginBrowser.dll (API version 3709383).
LogModuleManager: Display: Found up-to-date module file ../../../Engine/Plugins/Editor/SpeedTreeImporter/Binaries/Win64/UE4Editor-SpeedTreeImporter.dll (API version 3709383).
LogModuleManager: Display: Found up-to-date module file ../../../Engine/Plugins/Experimental/AlembicImporter/Binaries/Win64/UE4Editor-AlembicImporter.dll (API version 3709383).
LogModuleManager: Display: Found up-to-date module file ../../../Engine/Plugins/Experimental/AlembicImporter/Binaries/Win64/UE4Editor-AlembicLibrary.dll (API version 3709383).
LogModuleManager: Display: Found up-to-date module file ../../../Engine/Plugins/Experimental/CharacterAI/Binaries/Win64/UE4Editor-CharacterAI.dll (API version 3709383).
LogModuleManager: Display: Found up-to-date module file ../../../Engine/Plugins/Experimental/HTML5Networking/Binaries/Win64/UE4Editor-HTML5Networking.dll (API version 3709383).
LogModuleManager: Display: Found up-to-date module file ../../../Engine/Plugins/Media/AndroidMedia/Binaries/Win64/UE4Editor-AndroidMediaEditor.dll (API version 3709383).
LogModuleManager: Display: Found up-to-date module file ../../../Engine/Plugins/Media/AndroidMedia/Binaries/Win64/UE4Editor-AndroidMediaFactory.dll (API version 3709383).
LogModuleManager: Display: Found up-to-date module file ../../../Engine/Plugins/Media/AvfMedia/Binaries/Win64/UE4Editor-AvfMediaEditor.dll (API version 3709383).
LogModuleManager: Display: Found up-to-date module file ../../../Engine/Plugins/Media/AvfMedia/Binaries/Win64/UE4Editor-AvfMediaFactory.dll (API version 3709383).
LogModuleManager: Display: Found up-to-date module file ../../../Engine/Plugins/Media/AvfMedia/Binaries/Win64/UE4Editor-AvfMediaFactory.dll (API version 3709383).
LogModuleManager: Display: Found up-to-date module file ../../../Engine/Plugins/Media/ImgMedia/Binaries/Win64/UE4Editor-ImgMedia.dll (API version 3709383).
LogModuleManager: Display: Found up-to-date module file ../../../Engine/Plugins/Media/ImgMedia/Binaries/Win64/UE4Editor-ImgMediaEditor.dll (API version 3709383).
LogModuleManager: Display: Found up-to-date module file ../../../Engine/Plugins/Media/ImgMedia/Binaries/Win64/UE4Editor-ImgMediaFactory.dll (API version 3709383).
LogModuleManager: Display: Found up-to-date module file ../../../Engine/Plugins/Media/ImgMedia/Binaries/Win64/UE4Editor-ImgMediaFactory.dll (API version 3709383).
LogModuleManager: Display: Found up-to-date module file ../../../Engine/Plugins/Media/ImgMedia/Binaries/Win64/UE4Editor-OpenExrWrapper.dll (API version 3709383).
LogModuleManager: Display: Found up-to-date module file ../../../Engine/Plugins/Media/MediaCompositing/Binaries/Win64/UE4Editor-MediaCompositing.dll (API version 3709383).
LogModuleManager: Display: Found up-to-date module file ../../../Engine/Plugins/Media/MediaCompositing/Binaries/Win64/UE4Editor-MediaCompositingEditor.dll (API version 3709383).
LogModuleManager: Display: Found up-to-date module file ../../../Engine/Plugins/Media/MediaPlayerEditor/Binaries/Win64/UE4Editor-MediaPlayerEditor.dll (API version 3709383).
LogModuleManager: Display: Found up-to-date module file ../../../Engine/Plugins/Media/WmfMedia/Binaries/Win64/UE4Editor-WmfMedia.dll (API version 3709383).
LogModuleManager: Display: Found up-to-date module file ../../../Engine/Plugins/Media/WmfMedia/Binaries/Win64/UE4Editor-WmfMediaEditor.dll (API version 3709383).
LogModuleManager: Display: Found up-to-date module file ../../../Engine/Plugins/Media/WmfMedia/Binaries/Win64/UE4Editor-WmfMediaFactory.dll (API version 3709383).
LogModuleManager: Display: Found up-to-date module file ../../../Engine/Plugins/Media/WmfMedia/Binaries/Win64/UE4Editor-WmfMediaFactory.dll (API version 3709383).
LogModuleManager: Display: Found up-to-date module file ../../../Engine/Plugins/Messaging/TcpMessaging/Binaries/Win64/UE4Editor-TcpMessaging.dll (API version 3709383).
LogModuleManager: Display: Found up-to-date module file ../../../Engine/Plugins/Messaging/UdpMessaging/Binaries/Win64/UE4Editor-UdpMessaging.dll (API version 3709383).
LogModuleManager: Display: Found up-to-date module file ../../../Engine/Plugins/MovieScene/ActorSequence/Binaries/Win64/UE4Editor-ActorSequence.dll (API version 3709383).
LogModuleManager: Display: Found up-to-date module file ../../../Engine/Plugins/MovieScene/LevelSequenceEditor/Binaries/Win64/UE4Editor-LevelSequenceEditor.dll (API version 3709383).
LogModuleManager: Display: Found up-to-date module file ../../../Engine/Plugins/MovieScene/MatineeToLevelSequence/Binaries/Win64/UE4Editor-MatineeToLevelSequence.dll (API version 3709383).
LogModuleManager: Display: Found up-to-date module file ../../../Engine/Plugins/Online/OnlineSubsystem/Binaries/Win64/UE4Editor-OnlineSubsystem.dll (API version 3709383).
LogModuleManager: Display: Found up-to-date module file ../../../Engine/Plugins/Runtime/AndroidPermission/Binaries/Win64/UE4Editor-AndroidPermission.dll (API version 3709383).
LogModuleManager: Display: Found up-to-date module file ../../../Engine/Plugins/Online/OnlineSubsystemNull/Binaries/Win64/UE4Editor-OnlineSubsystemNull.dll (API version 3709383).
LogModuleManager: Display: Found up-to-date module file ../../../Engine/Plugins/Online/OnlineSubsystemUtils/Binaries/Win64/UE4Editor-OnlineSubsystemUtils.dll (API version 3709383).
LogModuleManager: Display: Found up-to-date module file ../../../Engine/Plugins/Online/OnlineSubsystemUtils/Binaries/Win64/UE4Editor-OnlineBlueprintSupport.dll (API version 3709383).
LogModuleManager: Display: Found up-to-date module file ../../../Engine/Plugins/Runtime/AndroidDeviceProfileSelector/Binaries/Win64/UE4Editor-AndroidDeviceProfileSelector.dll (API version 3709383).
LogModuleManager: Display: Found up-to-date module file ../../../Engine/Plugins/Runtime/AppleARKit/Binaries/Win64/UE4Editor-AppleARKit.dll (API version 3709383).
LogModuleManager: Display: Found up-to-date module file ../../../Engine/Plugins/Runtime/ArchVisCharacter/Binaries/Win64/UE4Editor-ArchVisCharacter.dll (API version 3709383).
LogModuleManager: Display: Found up-to-date module file ../../../Engine/Plugins/Runtime/CableComponent/Binaries/Win64/UE4Editor-CableComponent.dll (API version 3709383).
LogModuleManager: Display: Found up-to-date module file ../../../Engine/Plugins/Runtime/CustomMeshComponent/Binaries/Win64/UE4Editor-CustomMeshComponent.dll (API version 3709383).
LogModuleManager: Display: Found up-to-date module file ../../../Engine/Plugins/Runtime/ExampleDeviceProfileSelector/Binaries/Win64/UE4Editor-ExampleDeviceProfileSelector.dll (API version 3709383).
LogModuleManager: Display: Found up-to-date module file ../../../Engine/Plugins/Runtime/ImmediatePhysics/Binaries/Win64/UE4Editor-ImmediatePhysics.dll (API version 3709383).
LogModuleManager: Display: Found up-to-date module file ../../../Engine/Plugins/Runtime/ImmediatePhysics/Binaries/Win64/UE4Editor-ImmediatePhysicsEditor.dll (API version 3709383).
LogModuleManager: Display: Found up-to-date module file ../../../Engine/Plugins/Runtime/LocationServicesBPLibrary/Binaries/Win64/UE4Editor-LocationServicesBPLibrary.dll (API version 3709383).
LogModuleManager: Display: Found up-to-date module file ../../../Engine/Plugins/Runtime/MobilePatchingUtils/Binaries/Win64/UE4Editor-MobilePatchingUtils.dll (API version 3709383).
LogModuleManager: Display: Found up-to-date module file ../../../Engine/Plugins/Runtime/Oculus/OculusVR/Binaries/Win64/UE4Editor-OculusHMD.dll (API version 3709383).
LogModuleManager: Display: Found up-to-date module file ../../../Engine/Plugins/Runtime/Oculus/OculusVR/Binaries/Win64/UE4Editor-OculusInput.dll (API version 3709383).
LogModuleManager: Display: Found up-to-date module file ../../../Engine/Plugins/Runtime/Oculus/OculusVR/Binaries/Win64/UE4Editor-OculusEditor.dll (API version 3709383).
LogModuleManager: Display: Found up-to-date module file ../../../Engine/Plugins/Runtime/PhysXVehicles/Binaries/Win64/UE4Editor-PhysXVehicles.dll (API version 3709383).
LogModuleManager: Display: Found up-to-date module file ../../../Engine/Plugins/Runtime/PhysXVehicles/Binaries/Win64/UE4Editor-PhysXVehiclesEditor.dll (API version 3709383).
LogModuleManager: Display: Found up-to-date module file ../../../Engine/Plugins/Runtime/ProceduralMeshComponent/Binaries/Win64/UE4Editor-ProceduralMeshComponent.dll (API version 3709383).
LogModuleManager: Display: Found up-to-date module file ../../../Engine/Plugins/Runtime/ProceduralMeshComponent/Binaries/Win64/UE4Editor-ProceduralMeshComponentEditor.dll (API version 3709383).
LogModuleManager: Display: Found up-to-date module file ../../../Engine/Plugins/Runtime/RuntimePhysXCooking/Binaries/Win64/UE4Editor-RuntimePhysXCooking.dll (API version 3709383).
LogModuleManager: Display: Found up-to-date module file ../../../Engine/Plugins/Runtime/Steam/SteamVR/Binaries/Win64/UE4Editor-SteamVR.dll (API version 3709383).
LogModuleManager: Display: Found up-to-date module file ../../../Engine/Plugins/Runtime/Steam/SteamVR/Binaries/Win64/UE4Editor-SteamVRController.dll (API version 3709383).
LogModuleManager: Display: Found up-to-date module file ../../../Engine/Plugins/Runtime/WindowsMoviePlayer/Binaries/Win64/UE4Editor-WindowsMoviePlayer.dll (API version 3709383).
LogPluginManager: Mounting plugin Paper2D
LogPluginManager: Mounting plugin LightPropagationVolume
LogPluginManager: Mounting plugin CodeLiteSourceCodeAccess
LogPluginManager: Mounting plugin GitSourceControl
LogPluginManager: Mounting plugin KDevelopSourceCodeAccess
LogPluginManager: Mounting plugin NullSourceCodeAccess
LogPluginManager: Mounting plugin PerforceSourceControl
LogPluginManager: Mounting plugin SubversionSourceControl
LogPluginManager: Mounting plugin UObjectPlugin
LogPluginManager: Mounting plugin VisualStudioCodeSourceCodeAccess
LogPluginManager: Mounting plugin VisualStudioSourceCodeAccess
LogPluginManager: Mounting plugin XCodeSourceCodeAccess
LogPluginManager: Mounting plugin AssetManagerEditor
LogPluginManager: Mounting plugin AudioCapture
LogPluginManager: Mounting plugin FacialAnimation
LogPluginManager: Mounting plugin GameplayTagsEditor
LogPluginManager: Mounting plugin MobileLauncherProfileWizard
LogPluginManager: Mounting plugin PluginBrowser
LogPluginManager: Mounting plugin SpeedTreeImporter
LogPluginManager: Mounting plugin AlembicImporter
LogPluginManager: Mounting plugin CharacterAI
LogPluginManager: Mounting plugin HTML5Networking
LogPluginManager: Mounting plugin AndroidMedia
LogPluginManager: Mounting plugin AvfMedia
LogPluginManager: Mounting plugin ImgMedia
LogPluginManager: Mounting plugin MediaCompositing
LogPluginManager: Mounting plugin MediaPlayerEditor
LogPluginManager: Mounting plugin WmfMedia
LogPluginManager: Mounting plugin TcpMessaging
LogPluginManager: Mounting plugin UdpMessaging
LogPluginManager: Mounting plugin ActorSequence
LogPluginManager: Mounting plugin LevelSequenceEditor
LogPluginManager: Mounting plugin MatineeToLevelSequence
LogPluginManager: Mounting plugin OnlineSubsystemGooglePlay
LogPluginManager: Mounting plugin OnlineSubsystemIOS
LogPluginManager: Mounting plugin OnlineSubsystem
LogPluginManager: Mounting plugin OnlineSubsystemNull
LogPluginManager: Mounting plugin OnlineSubsystemUtils
LogPluginManager: Mounting plugin AndroidDeviceProfileSelector
LogPluginManager: Mounting plugin AndroidMoviePlayer
LogPluginManager: Mounting plugin AndroidPermission
LogPluginManager: Mounting plugin AppleARKit
LogPluginManager: Mounting plugin AppleMoviePlayer
LogPluginManager: Mounting plugin ArchVisCharacter
LogPluginManager: Mounting plugin CableComponent
LogPluginManager: Mounting plugin CustomMeshComponent
LogPluginManager: Mounting plugin ExampleDeviceProfileSelector
LogPluginManager: Mounting plugin GoogleCloudMessaging
LogPluginManager: Mounting plugin ImmediatePhysics
LogPluginManager: Mounting plugin IOSDeviceProfileSelector
LogPluginManager: Mounting plugin LinuxDeviceProfileSelector
LogPluginManager: Mounting plugin LocationServicesBPLibrary
LogPluginManager: Mounting plugin MobilePatchingUtils
LogPluginManager: Mounting plugin OculusVR
LogPluginManager: Plugin shader directory ../../../Engine/Plugins/Runtime/Oculus/OculusVR/Shaders found
LogPluginManager: Mapping shader source directory ../../../Engine/Plugins/Runtime/Oculus/OculusVR/Shaders to virtual directory /Plugin/OculusVR
LogPluginManager: Mounting plugin PhysXVehicles
LogPluginManager: Mounting plugin ProceduralMeshComponent
LogPluginManager: Mounting plugin RuntimePhysXCooking
LogPluginManager: Mounting plugin SteamVR
LogPluginManager: Mounting plugin WindowsMoviePlayer
LogInit: Using libcurl 7.47.1
LogInit:  - built for x86_64-pc-win32
LogInit:  - supports SSL with OpenSSL/1.0.2g
LogInit:  - supports HTTP deflate (compression) using libz 1.2.8
LogInit:  - other features:
LogInit:      CURL_VERSION_SSL
LogInit:      CURL_VERSION_LIBZ
LogInit:      CURL_VERSION_IPV6
LogInit:      CURL_VERSION_ASYNCHDNS
LogInit:      CURL_VERSION_LARGEFILE
LogInit:      CURL_VERSION_IDN
LogInit:  CurlRequestOptions (configurable via config and command line):
LogInit:  - bVerifyPeer = false  - Libcurl will NOT verify peer certificate
LogInit:  - bUseHttpProxy = false  - Libcurl will NOT use HTTP proxy
LogInit:  - bDontReuseConnections = false  - Libcurl will reuse connections
LogInit:  - CertBundlePath = nullptr  - Libcurl will use whatever was configured at build time.
LogInit: Build: ++UE4+Release-4.18-CL-3832480
LogInit: Engine Version: 4.18.3-3832480+++UE4+Release-4.18
LogInit: Compatible Engine Version: 4.18.0-3709383+++UE4+Release-4.18
LogInit: Net CL: 3709383
LogDevObjectVersion: Number of dev versions registered: 16
LogDevObjectVersion:   Dev-Blueprints (B0D832E4-1F89-4F0D-ACCF-7EB736FD4AA2): 10
LogDevObjectVersion:   Dev-Build (E1C64328-A22C-4D53-A36C-8E866417BD8C): 0
LogDevObjectVersion:   Dev-Core (375EC13C-06E4-48FB-B500-84F0262A717E): 2
LogDevObjectVersion:   Dev-Editor (E4B068ED-F494-42E9-A231-DA0B2E46BB41): 20
LogDevObjectVersion:   Dev-Framework (CFFC743F-43B0-4480-9391-14DF171D2073): 30
LogDevObjectVersion:   Dev-Mobile (B02B49B5-BB20-44E9-A304-32B752E40360): 0
LogDevObjectVersion:   Dev-Networking (A4E4105C-59A1-49B5-A7C5-40C4547EDFEE): 0
LogDevObjectVersion:   Dev-Online (39C831C9-5AE6-47DC-9A44-9C173E1C8E7C): 0
LogDevObjectVersion:   Dev-Physics (78F01B33-EBEA-4F98-B9B4-84EACCB95AA2): 0
LogDevObjectVersion:   Dev-Platform (6631380F-2D4D-43E0-8009-CF276956A95A): 0
LogDevObjectVersion:   Dev-Rendering (12F88B9F-8875-4AFC-A67C-D90C383ABD29): 20
LogDevObjectVersion:   Dev-Sequencer (7B5AE74C-D270-4C10-A958-57980B212A5A): 4
LogDevObjectVersion:   Dev-VR (D7296918-1DD6-4BDD-9DE2-64A83CC13884): 0
LogDevObjectVersion:   Dev-LoadTimes (C2A15278-BFE7-4AFE-6C17-90FF531DF755): 1
LogDevObjectVersion:   Private-Geometry (6EACA3D4-40EC-4CC1-B786-8BED09428FC5): 1
LogDevObjectVersion:   Dev-AnimPhys (29E575DD-E0A3-4627-9D10-D276232CDCEA): 12
LogInit: Compiled (64-bit): Jan 12 2018 02:04:55
LogInit: Compiled with Visual C++: 19.00.24215.01
LogInit: Build Configuration: Development
LogInit: Branch Name: ++UE4+Release-4.18
LogInit: Command line:  
LogInit: Base directory: C:/Program Files/Epic Games/UE_4.18/Engine/Binaries/Win64/
LogInit: Installed Engine Build: 1
LogInit: Presizing for max 8388607 objects, including 0 objects not considered by GC, pre-allocating 0 bytes for permanent pool.
LogInit: Object subsystem initialized
[2018.02.12-23.06.14:711][  0]LogInit: Selected Device Profile: [Windows]
[2018.02.12-23.06.14:711][  0]LogInit: Applying CVar settings loaded from the selected device profile: [Windows]
[2018.02.12-23.06.14:722][  0]LogInit: Computer: ARCHER
[2018.02.12-23.06.14:722][  0]LogInit: User: darkm
[2018.02.12-23.06.14:722][  0]LogInit: CPU Page size=4096, Cores=4
[2018.02.12-23.06.14:722][  0]LogInit: High frequency timer resolution =1.945313 MHz
[2018.02.12-23.06.14:722][  0]LogMemory: Memory total: Physical=15.9GB (16GB approx)
[2018.02.12-23.06.14:722][  0]LogMemory: Platform Memory Stats for Windows
[2018.02.12-23.06.14:722][  0]LogMemory: Process Physical Memory: 272.87 MB used, 272.87 MB peak
[2018.02.12-23.06.14:722][  0]LogMemory: Process Virtual Memory: 269.58 MB used, 269.58 MB peak
[2018.02.12-23.06.14:722][  0]LogMemory: Physical Memory: 4593.27 MB used,  11706.33 MB free, 16299.60 MB total
[2018.02.12-23.06.14:722][  0]LogMemory: Virtual Memory: 677.43 MB used,  11706.33 MB free, 134217728.00 MB total
[2018.02.12-23.06.14:958][  0]LogInit: Using OS detected language (en-US).
[2018.02.12-23.06.14:958][  0]LogInit: Using OS detected locale (en-US).
[2018.02.12-23.06.14:968][  0]LogTextLocalizationManager: No specific localization for 'en-US' exists, so the 'en' localization will be used.
[2018.02.12-23.06.15:354][  0]LogInit: Setting process to per monitor DPI aware
[2018.02.12-23.06.15:769][  0]LogD3D11RHI: D3D11 adapters:
[2018.02.12-23.06.15:779][  0]LogD3D11RHI:    0. 'Intel(R) UHD Graphics 620' (Feature Level 11_0)
[2018.02.12-23.06.15:780][  0]LogD3D11RHI:       128/0/8149 MB DedicatedVideo/DedicatedSystem/SharedSystem, Outputs:1, VendorId:0x8086
[2018.02.12-23.06.17:069][  0]LogD3D11RHI:    1. 'Radeon 500 Series' (Feature Level 11_0)
[2018.02.12-23.06.17:069][  0]LogD3D11RHI:       1995/0/8149 MB DedicatedVideo/DedicatedSystem/SharedSystem, Outputs:0, VendorId:0x1002
[2018.02.12-23.06.17:070][  0]LogD3D11RHI:    2. 'Microsoft Basic Render Driver' (Feature Level 11_0)
[2018.02.12-23.06.17:070][  0]LogD3D11RHI:       0/0/8149 MB DedicatedVideo/DedicatedSystem/SharedSystem, Outputs:0, VendorId:0x1414
[2018.02.12-23.06.17:070][  0]LogD3D11RHI: Chosen D3D11 Adapter: 1
[2018.02.12-23.06.17:076][  0]LogD3D11RHI: Creating new Direct3DDevice
[2018.02.12-23.06.17:077][  0]LogD3D11RHI:     GPU DeviceId: 0x699f (for the marketing name, search the web for "GPU Device Id")
[2018.02.12-23.06.17:077][  0]LogWindows: EnumDisplayDevices:
[2018.02.12-23.06.17:077][  0]LogWindows:    0. 'Intel(R) UHD Graphics 620' (P:1 D:1)
[2018.02.12-23.06.17:077][  0]LogWindows:    1. 'Intel(R) UHD Graphics 620' (P:0 D:0)
[2018.02.12-23.06.17:077][  0]LogWindows:    2. 'Intel(R) UHD Graphics 620' (P:0 D:0)
[2018.02.12-23.06.17:077][  0]LogWindows:    3. 'Radeon 500 Series' (P:0 D:0)
[2018.02.12-23.06.17:078][  0]LogWindows:    4. 'Radeon 500 Series' (P:0 D:0)
[2018.02.12-23.06.17:078][  0]LogWindows:    5. 'Radeon 500 Series' (P:0 D:0)
[2018.02.12-23.06.17:078][  0]LogWindows:    6. 'Radeon 500 Series' (P:0 D:0)
[2018.02.12-23.06.17:078][  0]LogWindows:    7. 'Radeon 500 Series' (P:0 D:0)
[2018.02.12-23.06.17:078][  0]LogWindows:    8. 'Radeon 500 Series' (P:0 D:0)
[2018.02.12-23.06.17:078][  0]LogWindows:    9. 'Radeon 500 Series' (P:0 D:0)
[2018.02.12-23.06.17:078][  0]LogWindows:    10. 'Radeon 500 Series' (P:0 D:0)
[2018.02.12-23.06.17:078][  0]LogWindows:    11. 'Radeon 500 Series' (P:0 D:0)
[2018.02.12-23.06.17:078][  0]LogWindows:    12. 'Radeon 500 Series' (P:0 D:0)
[2018.02.12-23.06.17:078][  0]LogWindows:    13. 'Radeon 500 Series' (P:0 D:0)
[2018.02.12-23.06.17:079][  0]LogWindows:    14. 'Radeon 500 Series' (P:0 D:0)
[2018.02.12-23.06.17:079][  0]LogWindows:    15. 'Radeon 500 Series' (P:0 D:0)
[2018.02.12-23.06.17:079][  0]LogWindows:    16. 'Radeon 500 Series' (P:0 D:0)
[2018.02.12-23.06.17:079][  0]LogWindows:    17. 'Radeon 500 Series' (P:0 D:0)
[2018.02.12-23.06.17:079][  0]LogWindows:    18. 'Radeon 500 Series' (P:0 D:0)
[2018.02.12-23.06.17:079][  0]LogWindows: DebugString: GetVideoDriverDetailsInvalid PrimaryIsNotTheChoosenAdapter GetVideoDriverDetailsInvalid PrimaryIsNotTheChoosenAdapter GetVideoDriverDetailsInvalid PrimaryIsNotTheChoosenAdapter GetVideoDriverDetailsInvalid PrimaryIsNotTheChoosenAdapter GetVideoDriverDetailsInvalid PrimaryIsNotTheChoosenAdapter GetVideoDriverDetailsInvalid PrimaryIsNotTheChoosenAdapter GetVideoDriverDetailsInvalid PrimaryIsNotTheChoosenAdapter GetVideoDriverDetailsInvalid PrimaryIsNotTheChoosenAdapter GetVideoDriverDetailsInvalid PrimaryIsNotTheChoosenAdapter GetVideoDriverDetailsInvalid PrimaryIsNotTheChoosenAdapter GetVideoDriverDetailsInvalid PrimaryIsNotTheChoosenAdapter GetVideoDriverDetailsInvalid PrimaryIsNotTheChoosenAdapter GetVideoDriverDetailsInvalid PrimaryIsNotTheChoosenAdapter GetVideoDriverDetailsInvalid PrimaryIsNotTheChoosenAdapter GetVideoDriverDetailsInvalid PrimaryIsNotTheChoosenAdapter GetVideoDriverDetailsInvalid PrimaryIsNotTheChoosenAdapter GetVideoDriverDetailsInvalid PrimaryIsNotTheChoosenAdapter GetVideoDriverDetailsInvalid PrimaryIsNotTheChoosenAdapter GetVideoDriverDetailsInvalid PrimaryIsNotTheChoosenAdapter FoundDriverCount:0 
[2018.02.12-23.06.17:079][  0]LogD3D11RHI:     Adapter Name: Radeon 500 Series
[2018.02.12-23.06.17:079][  0]LogD3D11RHI:   Driver Version: Unknown (internal:Unknown, unified:Unknown)
[2018.02.12-23.06.17:079][  0]LogD3D11RHI:      Driver Date: Unknown
[2018.02.12-23.06.17:079][  0]LogRHI: Texture pool is 1396 MB (70% of 1995 MB)
[2018.02.12-23.06.17:148][  0]LogD3D11RHI: Async texture creation enabled
[2018.02.12-23.06.17:183][  0]LogD3D11RHI: GPU Timing Frequency: 25.000000 (Debug: 2 1)
[2018.02.12-23.06.17:192][  0]LogShaderCompilers: Guid format shader working directory is -20 characters bigger than the processId version (../../../../../../Users/darkm/Documents/GitHub/SushiShop/SushiShop/Intermediate/Shaders/WorkingDirectory/1812/).
[2018.02.12-23.06.17:192][  0]LogShaderCompilers: Cleaned the shader compiler working directory 'C:/Users/darkm/AppData/Local/Temp/UnrealShaderWorkingDir/D4918CDC412C54014E25C597B033E210/'.
[2018.02.12-23.06.17:194][  0]LogShaderCompilers: Display: Using Local Shader Compiler.
[2018.02.12-23.06.18:382][  0]LogTemp: Display: Loaded TP AllDesktopTargetPlatform
[2018.02.12-23.06.18:455][  0]LogTemp: Display: Loaded TP MacClientTargetPlatform
[2018.02.12-23.06.18:514][  0]LogTemp: Display: Loaded TP MacNoEditorTargetPlatform
[2018.02.12-23.06.18:569][  0]LogTemp: Display: Loaded TP MacServerTargetPlatform
[2018.02.12-23.06.18:624][  0]LogTemp: Display: Loaded TP MacTargetPlatform
[2018.02.12-23.06.18:679][  0]LogTemp: Display: Loaded TP WindowsClientTargetPlatform
[2018.02.12-23.06.18:740][  0]LogTemp: Display: Loaded TP WindowsNoEditorTargetPlatform
[2018.02.12-23.06.18:820][  0]LogTemp: Display: Loaded TP WindowsServerTargetPlatform
[2018.02.12-23.06.18:880][  0]LogTemp: Display: Loaded TP WindowsTargetPlatform
[2018.02.12-23.06.18:936][  0]LogTemp: Display: Loaded TP Android_ASTCTargetPlatform
[2018.02.12-23.06.18:988][  0]LogTemp: Display: Loaded TP Android_ATCTargetPlatform
[2018.02.12-23.06.19:038][  0]LogTemp: Display: Loaded TP Android_DXTTargetPlatform
[2018.02.12-23.06.19:089][  0]LogTemp: Display: Loaded TP Android_ETC1TargetPlatform
[2018.02.12-23.06.19:140][  0]LogTemp: Display: Loaded TP Android_ETC2TargetPlatform
[2018.02.12-23.06.19:239][  0]LogTemp: Display: Loaded TP Android_MultiTargetPlatform
[2018.02.12-23.06.19:240][  0]LogTemp: Display: Loaded TP Android_PVRTCTargetPlatform
[2018.02.12-23.06.19:291][  0]LogTemp: Display: Loaded TP AndroidTargetPlatform
[2018.02.12-23.06.19:333][  0]LogTemp: Display: Loaded TP HTML5TargetPlatform
[2018.02.12-23.06.19:430][  0]LogTemp: Display: Loaded TP IOSTargetPlatform
[2018.02.12-23.06.19:460][  0]LogTemp: Display: Loaded TP TVOSTargetPlatform
[2018.02.12-23.06.19:534][  0]LogTemp: Display: Loaded TP LinuxClientTargetPlatform
[2018.02.12-23.06.19:595][  0]LogTemp: Display: Loaded TP LinuxNoEditorTargetPlatform
[2018.02.12-23.06.19:657][  0]LogTemp: Display: Loaded TP LinuxServerTargetPlatform
[2018.02.12-23.06.19:712][  0]LogTemp: Display: Loaded TP LinuxTargetPlatform
[2018.02.12-23.06.19:712][  0]LogTargetPlatformManager: Display: Building Assets For Windows
[2018.02.12-23.06.20:231][  0]LogDerivedDataCache: Display: Max Cache Size: 512 MB
[2018.02.12-23.06.20:676][  0]LogDerivedDataCache: Loaded boot cache 0.44s 79MB C:/Users/darkm/AppData/Local/UnrealEngine/4.18/DerivedDataCache/Boot.ddc.
[2018.02.12-23.06.20:676][  0]LogDerivedDataCache: Display: Loaded Boot cache: C:/Users/darkm/AppData/Local/UnrealEngine/4.18/DerivedDataCache/Boot.ddc
[2018.02.12-23.06.20:676][  0]LogDerivedDataCache: FDerivedDataBackendGraph:  Pak pak cache file ../../../../../../Users/darkm/Documents/GitHub/SushiShop/SushiShop/DerivedDataCache/DDC.ddp not found, will not use a pak cache.
[2018.02.12-23.06.20:676][  0]LogDerivedDataCache: Unable to find inner node Pak for hierarchical cache Hierarchy.
[2018.02.12-23.06.20:676][  0]LogDerivedDataCache: FDerivedDataBackendGraph:  CompressedPak pak cache file ../../../../../../Users/darkm/Documents/GitHub/SushiShop/SushiShop/DerivedDataCache/Compressed.ddp not found, will not use a pak cache.
[2018.02.12-23.06.20:676][  0]LogDerivedDataCache: Unable to find inner node CompressedPak for hierarchical cache Hierarchy.
[2018.02.12-23.06.20:698][  0]LogDerivedDataCache: Display: Pak cache opened for reading ../../../Engine/DerivedDataCache/Compressed.ddp.
[2018.02.12-23.06.20:711][  0]LogDerivedDataCache: Using Local data cache path C:/Users/darkm/AppData/Local/UnrealEngine/Common/DerivedDataCache: Writable
[2018.02.12-23.06.20:726][  0]LogMaterial: Verifying Global Shaders for PCD3D_SM5
[2018.02.12-23.06.20:738][  0]LogSlate: Using Freetype 2.6.0
[2018.02.12-23.06.20:746][  0]LogSlate: SlateFontCache - WITH_FREETYPE: 1, WITH_HARFBUZZ: 1
[2018.02.12-23.06.20:747][  0]LogSlate: SlateFontCache - WITH_FREETYPE: 1, WITH_HARFBUZZ: 1
[2018.02.12-23.06.21:404][  0]LogInit: Selected Device Profile: [Windows]
[2018.02.12-23.06.21:822][  0]LogSimplygon: Simplygon DLL not present - disabling.
[2018.02.12-23.06.21:863][  0]LogMeshReduction: Using SimplygonSwarm for distributed automatic mesh merging
[2018.02.12-23.06.21:863][  0]LogMeshReduction: Using QuadricMeshReduction for automatic static mesh reduction
[2018.02.12-23.06.21:863][  0]LogMeshReduction: No automatic skeletal mesh reduction module available
[2018.02.12-23.06.21:863][  0]LogMeshReduction: No automatic mesh merging module available
[2018.02.12-23.06.21:863][  0]LogMeshMerging: No automatic mesh merging module available
[2018.02.12-23.06.21:912][  0]LogNetVersion: SushiShop , NetCL: 3709383, EngineNetVer: 2, GameNetVer: 0 (Checksum: 2343829258)
[2018.02.12-23.06.22:149][  0]LogAssetRegistry: FAssetRegistry took 0.0273 seconds to start up
[2018.02.12-23.06.22:887][  0]LogPackageLocalizationCache: Processed 7 localized package path(s) for 2 prioritized culture(s) in 0.047161 seconds
[2018.02.12-23.06.22:893][  0]LogUObjectArray: 35870 objects as part of root set at end of initial load.
[2018.02.12-23.06.22:893][  0]LogUObjectAllocator: 7363704 out of 0 bytes used by permanent object pool.
[2018.02.12-23.06.22:893][  0]LogUObjectArray: CloseDisregardForGC: 0/0 objects in disregard for GC pool
[2018.02.12-23.06.22:942][  0]LogInit: WinSock: version 1.1 (2.2), MaxSocks=32767, MaxUdp=65467
[2018.02.12-23.06.26:753][  0]LogTcpMessaging: Initializing TcpMessaging bridge
[2018.02.12-23.06.26:799][  0]LogUdpMessaging: Initializing bridge on interface 0.0.0.0:0 to multicast group 230.0.0.1:6666.
[2018.02.12-23.06.27:540][  0]LogMaterial: Uniform references updated for custom material expression Custom.
[2018.02.12-23.06.27:993][  0]SourceControl: Source control is disabled
[2018.02.12-23.06.27:994][  0]SourceControl: Source control is disabled
[2018.02.12-23.06.28:057][  0]SourceControl: Source control is disabled
[2018.02.12-23.06.28:109][  0]SourceControl: Source control is disabled
[2018.02.12-23.06.28:995][  0]LogAndroidPermission: UAndroidPermissionCallbackProxy::GetInstance
[2018.02.12-23.06.29:249][  0]LogOcInput: OculusInput pre-init called
[2018.02.12-23.06.29:551][  0]LogEngine: Initializing Engine...
[2018.02.12-23.06.29:555][  0]LogHMD: Failed to initialize OpenVR with code 110
[2018.02.12-23.06.29:775][  0]LogStats: UGameplayTagsManager::ConstructGameplayTagTree: Construct from data asset -  0.000 s
[2018.02.12-23.06.29:775][  0]LogStats: UGameplayTagsManager::ConstructGameplayTagTree: GameplayTagTreeChangedEvent.Broadcast -  0.000 s
[2018.02.12-23.06.29:927][  0]LogAIModule: Creating AISystem for world Untitled
[2018.02.12-23.06.29:948][  0]LogInit: XAudio2 using 'Speakers (Realtek High Definition Audio(SST))' : 2 channels at 48 kHz using 32 bits per sample (channel mask 0x3)
[2018.02.12-23.06.29:965][  0]LogInit: FAudioDevice initialized.
[2018.02.12-23.06.30:038][  0]LogDerivedDataCache: Saved boot cache 0.07s 79MB C:/Users/darkm/AppData/Local/UnrealEngine/4.18/DerivedDataCache/Boot.ddc.
[2018.02.12-23.06.30:042][  0]LogInit: Texture streaming: Enabled
[2018.02.12-23.06.30:149][  0]LogEngineSessionManager: EngineSessionManager initialized
[2018.02.12-23.06.30:356][  0]LogInit: Transaction tracking system initialized
[2018.02.12-23.06.30:708][  0]BlueprintLog: New page: Editor Load
[2018.02.12-23.06.31:748][  0]LocalizationService: Localization service is disabled
[2018.02.12-23.06.32:663][  0]LogConsoleResponse: Display: 
[2018.02.12-23.06.32:973][  0]LogCook: Display: Max memory allowance for cook 16384mb min free memory 0mb
[2018.02.12-23.06.32:974][  0]LogCook: Display: Mobile HDR setting 1
[2018.02.12-23.06.32:975][  0]LogFileCache: Scanning file cache for directory 'C:/Users/darkm/Documents/GitHub/SushiShop/SushiShop/Content/' took 0.02s
[2018.02.12-23.06.32:975][  0]LogGameplayTags: Display: UGameplayTagsManager::DoneAddingNativeTags. DelegateIsBound: 0
[2018.02.12-23.06.34:493][  0]SourceControl: Source control is disabled
[2018.02.12-23.06.34:496][  0]Cmd: MAP LOAD FILE="../../../../../../Users/darkm/Documents/GitHub/SushiShop/SushiShop/Content/VirtualRealityBP/Maps/StartupMap.umap" TEMPLATE=0 SHOWPROGRESS=1 FEATURELEVEL=3
[2018.02.12-23.06.34:499][  0]LightingResults: New page: Lighting Build
[2018.02.12-23.06.34:551][  0]MapCheck: New page: Map Check
[2018.02.12-23.06.34:551][  0]LightingResults: New page: Lighting Build
[2018.02.12-23.06.34:746][  0]LogAIModule: Creating AISystem for world StartupMap
[2018.02.12-23.06.34:770][  0]LogEditorServer: Finished looking for orphan Actors (0.000 secs)
[2018.02.12-23.06.34:786][  0]Cmd: MAP CHECKDEP NOCLEARLOG
[2018.02.12-23.06.34:852][  0]MapCheck: Map check complete: 0 Error(s), 0 Warning(s), took 66.083ms to complete.
[2018.02.12-23.06.34:852][  0]LogFileHelpers: Loading map 'StartupMap' took 0.358
[2018.02.12-23.06.35:067][  0]LogCollectionManager: Loaded 0 collections in 0.003300 seconds
[2018.02.12-23.06.35:173][  0]LogFileCache: Scanning file cache for directory 'C:/Users/darkm/Documents/GitHub/SushiShop/SushiShop/Saved/Collections/' took 0.01s
[2018.02.12-23.06.35:173][  0]LogFileCache: Scanning file cache for directory 'C:/Users/darkm/Documents/GitHub/SushiShop/SushiShop/Content/Developers/darkm/Collections/' took 0.01s
[2018.02.12-23.06.35:173][  0]LogFileCache: Scanning file cache for directory 'C:/Users/darkm/Documents/GitHub/SushiShop/SushiShop/Content/Collections/' took 0.01s
[2018.02.12-23.06.35:173][  0]LogCollectionManager: Rebuilt the GUID cache for 0 collections in 0.000000 seconds
[2018.02.12-23.06.35:183][  0]LogContentBrowser: Native class hierarchy populated in 0.0086 seconds. Added 2363 classes and 519 folders.
[2018.02.12-23.06.35:266][  0]LogContentBrowser: Native class hierarchy updated for 'WidgetCarousel' in 0.0003 seconds. Added 0 classes and 0 folders.
[2018.02.12-23.06.35:422][  0]LogContentBrowser: Native class hierarchy updated for 'AddContentDialog' in 0.0002 seconds. Added 0 classes and 0 folders.
[2018.02.12-23.06.35:481][  0]LogContentBrowser: Native class hierarchy updated for 'SceneOutliner' in 0.0003 seconds. Added 1 classes and 2 folders.
[2018.02.12-23.06.35:564][  0]LogSlate: Took 0.001898 seconds to synchronously load lazily loaded font '../../../Engine/Content/Slate/Fonts/Roboto-Regular.ttf' (155K)
[2018.02.12-23.06.35:569][  0]LogSlate: Took 0.001702 seconds to synchronously load lazily loaded font '../../../Engine/Content/Slate/Fonts/Roboto-Bold.ttf' (160K)
[2018.02.12-23.06.35:574][  0]LogSlate: Took 0.001836 seconds to synchronously load lazily loaded font '../../../Engine/Content/Editor/Slate/Fonts/FontAwesome.ttf' (139K)
[2018.02.12-23.06.35:676][  0]LogRenderer: Reallocating scene render targets to support 1132x384 Format 26 NumSamples 1 (Frame:1).
[2018.02.12-23.06.36:166][  0]LogContentBrowser: Native class hierarchy updated for 'HierarchicalLODOutliner' in 0.0002 seconds. Added 1 classes and 2 folders.
[2018.02.12-23.06.36:166][  0]LogLoad: (Engine Initialization) Total time: 25.63 seconds
[2018.02.12-23.06.36:166][  0]LogLoad: (Engine Initialization) Total Blueprint compile time: 0.00 seconds
[2018.02.12-23.06.36:166][  0]LogExternalProfiler: No external profilers were discovered.  External profiling features will not be available.
[2018.02.12-23.06.36:538][  0]LogContentStreaming: Texture pool size now 1000 MB
[2018.02.12-23.06.36:849][  1]LogAssetRegistry: Asset discovery search completed in 14.7216 seconds
[2018.02.12-23.06.36:850][  1]LogCollectionManager: Rebuilt the object cache for 0 collections in 0.000001 seconds (found 0 objects)
[2018.02.12-23.06.36:850][  1]LogCollectionManager: Fixed up redirectors for 0 collections in 0.000057 seconds (updated 0 objects)
[2018.02.12-23.06.37:514][  3]LogSlate: Took 0.006509 seconds to synchronously load lazily loaded font '../../../Engine/Content/Slate/Fonts/Roboto-Light.ttf' (159K)
[2018.02.12-23.06.40:851][ 13]LogSlate: Took 0.000196 seconds to synchronously load lazily loaded font '../../../Engine/Content/Slate/Fonts/Roboto-Light.ttf' (159K)
[2018.02.12-23.07.16:849][121]LogInit: XAudio2 using 'Headphones (TaoTronics TT-BH07 Stereo)' : 2 channels at 44.1 kHz using 16 bits per sample (channel mask 0x3)
[2018.02.12-23.12.04:751][532]LogSlate: Took 0.000119 seconds to synchronously load lazily loaded font '../../../Engine/Content/Slate/Fonts/Roboto-Light.ttf' (159K)
[2018.02.12-23.12.05:022][532]LogAIModule: Creating AISystem for world Shop_Main
[2018.02.12-23.12.05:043][532]Cmd: MAP LOAD FILE="../../../../../../Users/darkm/Documents/GitHub/SushiShop/SushiShop/Content/SushiShop/Shop_Main.umap" TEMPLATE=0 SHOWPROGRESS=1 FEATURELEVEL=3
[2018.02.12-23.12.05:043][532]LightingResults: New page: Lighting Build
[2018.02.12-23.12.05:043][532]LoadErrors: New page: Loading map: Shop_Main.umap
[2018.02.12-23.12.05:045][532]MapCheck: New page: Map Check
[2018.02.12-23.12.05:045][532]LightingResults: New page: Lighting Build
[2018.02.12-23.12.05:057][532]LogEditorServer: Finished looking for orphan Actors (0.000 secs)
[2018.02.12-23.12.05:079][532]Cmd: MAP CHECKDEP NOCLEARLOG
[2018.02.12-23.12.05:123][532]MapCheck: Map check complete: 0 Error(s), 0 Warning(s), took 44.219ms to complete.
[2018.02.12-23.12.05:123][532]LogFileHelpers: Loading map 'Shop_Main' took 0.082
[2018.02.12-23.15.42:721][540]LogMetaData: Removing '/Game/SushiShop/BluePrints/BoatTrigger.BoatTrigger_C' ref from Metadata '/Game/SushiShop/Assets/BoatTrigger.PackageMetaData'
[2018.02.12-23.15.42:721][540]LogMetaData: Removing '/Game/SushiShop/BluePrints/BoatTrigger.SKEL_BoatTrigger_C:ReceiveBeginPlay' ref from Metadata '/Game/SushiShop/Assets/BoatTrigger.PackageMetaData'
[2018.02.12-23.15.42:721][540]LogMetaData: Removing '/Game/SushiShop/BluePrints/BoatTrigger.SKEL_BoatTrigger_C:ReceiveActorBeginOverlap' ref from Metadata '/Game/SushiShop/Assets/BoatTrigger.PackageMetaData'
[2018.02.12-23.15.42:722][540]LogMetaData: Removing '/Game/SushiShop/BluePrints/BoatTrigger.SKEL_BoatTrigger_C:ReceiveTick' ref from Metadata '/Game/SushiShop/Assets/BoatTrigger.PackageMetaData'
[2018.02.12-23.15.42:722][540]LogMetaData: Removing '/Game/SushiShop/BluePrints/BoatTrigger.SKEL_BoatTrigger_C:UserConstructionScript' ref from Metadata '/Game/SushiShop/Assets/BoatTrigger.PackageMetaData'
[2018.02.12-23.15.42:722][540]LogMetaData: Removing '/Game/SushiShop/BluePrints/BoatTrigger.SKEL_BoatTrigger_C' ref from Metadata '/Game/SushiShop/Assets/BoatTrigger.PackageMetaData'
[2018.02.12-23.15.42:725][540]LogMetaData: Removing '/Game/SushiShop/BluePrints/CurrentOrderTrigger_Blueprint.CurrentOrderTrigger_Blueprint:UserConstructionScript.K2Node_FunctionEntry_0' ref from Metadata '/Game/SushiShop/Assets/CurrentOrderTrigger_Blueprint.PackageMetaData'
[2018.02.12-23.15.42:725][540]LogMetaData: Removing '/Game/SushiShop/BluePrints/CurrentOrderTrigger_Blueprint.CurrentOrderTrigger_Blueprint_C' ref from Metadata '/Game/SushiShop/Assets/CurrentOrderTrigger_Blueprint.PackageMetaData'
[2018.02.12-23.15.42:725][540]LogMetaData: Removing '/Game/SushiShop/BluePrints/CurrentOrderTrigger_Blueprint.CurrentOrderTrigger_Blueprint:EventGraph.K2Node_Event_0' ref from Metadata '/Game/SushiShop/Assets/CurrentOrderTrigger_Blueprint.PackageMetaData'
[2018.02.12-23.15.42:725][540]LogMetaData: Removing '/Game/SushiShop/BluePrints/CurrentOrderTrigger_Blueprint.CurrentOrderTrigger_Blueprint:EventGraph.K2Node_Event_1' ref from Metadata '/Game/SushiShop/Assets/CurrentOrderTrigger_Blueprint.PackageMetaData'
[2018.02.12-23.15.42:725][540]LogMetaData: Removing '/Game/SushiShop/BluePrints/CurrentOrderTrigger_Blueprint.CurrentOrderTrigger_Blueprint:EventGraph.K2Node_Event_2' ref from Metadata '/Game/SushiShop/Assets/CurrentOrderTrigger_Blueprint.PackageMetaData'
[2018.02.12-23.15.42:725][540]LogMetaData: Removing '/Game/SushiShop/BluePrints/CurrentOrderTrigger_Blueprint.SKEL_CurrentOrderTrigger_Blueprint_C:ReceiveBeginPlay' ref from Metadata '/Game/SushiShop/Assets/CurrentOrderTrigger_Blueprint.PackageMetaData'
[2018.02.12-23.15.42:725][540]LogMetaData: Removing '/Game/SushiShop/BluePrints/CurrentOrderTrigger_Blueprint.SKEL_CurrentOrderTrigger_Blueprint_C:ReceiveActorBeginOverlap' ref from Metadata '/Game/SushiShop/Assets/CurrentOrderTrigger_Blueprint.PackageMetaData'
[2018.02.12-23.15.42:725][540]LogMetaData: Removing '/Game/SushiShop/BluePrints/CurrentOrderTrigger_Blueprint.SKEL_CurrentOrderTrigger_Blueprint_C:ReceiveTick' ref from Metadata '/Game/SushiShop/Assets/CurrentOrderTrigger_Blueprint.PackageMetaData'
[2018.02.12-23.15.42:725][540]LogMetaData: Removing '/Game/SushiShop/BluePrints/CurrentOrderTrigger_Blueprint.SKEL_CurrentOrderTrigger_Blueprint_C:UserConstructionScript' ref from Metadata '/Game/SushiShop/Assets/CurrentOrderTrigger_Blueprint.PackageMetaData'
[2018.02.12-23.15.42:725][540]LogMetaData: Removing '/Game/SushiShop/BluePrints/CurrentOrderTrigger_Blueprint.SKEL_CurrentOrderTrigger_Blueprint_C' ref from Metadata '/Game/SushiShop/Assets/CurrentOrderTrigger_Blueprint.PackageMetaData'
[2018.02.12-23.15.42:728][540]LogMetaData: Removing '/Game/SushiShop/BluePrints/Display_Order.Display_Order_C' ref from Metadata '/Game/SushiShop/Assets/Display_Order.PackageMetaData'
[2018.02.12-23.15.42:728][540]LogMetaData: Removing '/Game/SushiShop/BluePrints/Display_Order.Display_Order:EventGraph.K2Node_Event_0' ref from Metadata '/Game/SushiShop/Assets/Display_Order.PackageMetaData'
[2018.02.12-23.15.42:728][540]LogMetaData: Removing '/Game/SushiShop/BluePrints/Display_Order.Display_Order:EventGraph.K2Node_Event_1' ref from Metadata '/Game/SushiShop/Assets/Display_Order.PackageMetaData'
[2018.02.12-23.15.42:728][540]LogMetaData: Removing '/Game/SushiShop/BluePrints/Display_Order.Display_Order:EventGraph.K2Node_Event_2' ref from Metadata '/Game/SushiShop/Assets/Display_Order.PackageMetaData'
[2018.02.12-23.15.42:728][540]LogMetaData: Removing '/Game/SushiShop/BluePrints/Display_Order.SKEL_Display_Order_C:PreConstruct' ref from Metadata '/Game/SushiShop/Assets/Display_Order.PackageMetaData'
[2018.02.12-23.15.42:728][540]LogMetaData: Removing '/Game/SushiShop/BluePrints/Display_Order.SKEL_Display_Order_C:Construct' ref from Metadata '/Game/SushiShop/Assets/Display_Order.PackageMetaData'
[2018.02.12-23.15.42:728][540]LogMetaData: Removing '/Game/SushiShop/BluePrints/Display_Order.SKEL_Display_Order_C:Tick' ref from Metadata '/Game/SushiShop/Assets/Display_Order.PackageMetaData'
[2018.02.12-23.15.42:728][540]LogMetaData: Removing '/Game/SushiShop/BluePrints/Display_Order.SKEL_Display_Order_C' ref from Metadata '/Game/SushiShop/Assets/Display_Order.PackageMetaData'
[2018.02.12-23.15.42:731][540]LogMetaData: Removing '/Game/SushiShop/BluePrints/FinishedOrderTrigger.FinishedOrderTrigger_C' ref from Metadata '/Game/SushiShop/Assets/FinishedOrderTrigger.PackageMetaData'
[2018.02.12-23.15.42:731][540]LogMetaData: Removing '/Game/SushiShop/BluePrints/FinishedOrderTrigger.SKEL_FinishedOrderTrigger_C:ReceiveBeginPlay' ref from Metadata '/Game/SushiShop/Assets/FinishedOrderTrigger.PackageMetaData'
[2018.02.12-23.15.42:731][540]LogMetaData: Removing '/Game/SushiShop/BluePrints/FinishedOrderTrigger.SKEL_FinishedOrderTrigger_C:ReceiveActorBeginOverlap' ref from Metadata '/Game/SushiShop/Assets/FinishedOrderTrigger.PackageMetaData'
[2018.02.12-23.15.42:731][540]LogMetaData: Removing '/Game/SushiShop/BluePrints/FinishedOrderTrigger.SKEL_FinishedOrderTrigger_C:ReceiveTick' ref from Metadata '/Game/SushiShop/Assets/FinishedOrderTrigger.PackageMetaData'
[2018.02.12-23.15.42:731][540]LogMetaData: Removing '/Game/SushiShop/BluePrints/FinishedOrderTrigger.SKEL_FinishedOrderTrigger_C:UserConstructionScript' ref from Metadata '/Game/SushiShop/Assets/FinishedOrderTrigger.PackageMetaData'
[2018.02.12-23.15.42:731][540]LogMetaData: Removing '/Game/SushiShop/BluePrints/FinishedOrderTrigger.SKEL_FinishedOrderTrigger_C' ref from Metadata '/Game/SushiShop/Assets/FinishedOrderTrigger.PackageMetaData'
[2018.02.12-23.15.42:837][540]Cmd: OBJ SAVEPACKAGE PACKAGE="/Game/SushiShop/BluePrints/BoatTrigger" FILE="../../../../../../Users/darkm/Documents/GitHub/SushiShop/SushiShop/Content/SushiShop/BluePrints/BoatTrigger.uasset" SILENT=true
[2018.02.12-23.15.42:848][540]LogSavePackage: Save=10.26ms
[2018.02.12-23.15.42:848][540]LogSavePackage: Moving '../../../../../../Users/darkm/Documents/GitHub/SushiShop/SushiShop/Saved/BoatTrigger25A941A94E69FB9033E6548F9A18CD7F.tmp' to '../../../../../../Users/darkm/Documents/GitHub/SushiShop/SushiShop/Content/SushiShop/BluePrints/BoatTrigger.uasset'
[2018.02.12-23.15.42:851][540]LogSavePackage: Display: Finished SavePackage ../../../../../../Users/darkm/Documents/GitHub/SushiShop/SushiShop/Content/SushiShop/BluePrints/BoatTrigger.uasset
[2018.02.12-23.15.42:867][540]LogSavePackage: Save=8.62ms
[2018.02.12-23.15.42:867][540]LogSavePackage: Moving '../../../../../../Users/darkm/Documents/GitHub/SushiShop/SushiShop/Saved/CurrentOrderTrigger_Blueprint7C2BAF604222280CE54AE0AD297CD66A.tmp' to '../../../../../../Users/darkm/Documents/GitHub/SushiShop/SushiShop/Content/SushiShop/BluePrints/CurrentOrderTrigger_Blueprint.uasset'
[2018.02.12-23.15.42:868][540]LogSavePackage: Display: Finished SavePackage ../../../../../../Users/darkm/Documents/GitHub/SushiShop/SushiShop/Content/SushiShop/BluePrints/CurrentOrderTrigger_Blueprint.uasset
[2018.02.12-23.15.42:878][540]LogSavePackage: Save=5.60ms
[2018.02.12-23.15.42:878][540]LogSavePackage: Moving '../../../../../../Users/darkm/Documents/GitHub/SushiShop/SushiShop/Saved/Display_Order0F2AE885474AAAF4A3BEF7ACF7F750B2.tmp' to '../../../../../../Users/darkm/Documents/GitHub/SushiShop/SushiShop/Content/SushiShop/BluePrints/Display_Order.uasset'
[2018.02.12-23.15.42:879][540]LogSavePackage: Display: Finished SavePackage ../../../../../../Users/darkm/Documents/GitHub/SushiShop/SushiShop/Content/SushiShop/BluePrints/Display_Order.uasset
[2018.02.12-23.15.42:891][540]LogSavePackage: Save=7.48ms
[2018.02.12-23.15.42:891][540]LogSavePackage: Moving '../../../../../../Users/darkm/Documents/GitHub/SushiShop/SushiShop/Saved/FinishedOrderTrigger1DA04BC442A4BFBCFD11C9BF9FB0D7F1.tmp' to '../../../../../../Users/darkm/Documents/GitHub/SushiShop/SushiShop/Content/SushiShop/BluePrints/FinishedOrderTrigger.uasset'
[2018.02.12-23.15.42:892][540]LogSavePackage: Display: Finished SavePackage ../../../../../../Users/darkm/Documents/GitHub/SushiShop/SushiShop/Content/SushiShop/BluePrints/FinishedOrderTrigger.uasset
[2018.02.12-23.20.21:792][568]LogFactory: FactoryCreateFile: StaticMesh with FbxFactory (0 0 ../../../../../../Users/darkm/Downloads/Bar.fbx)
[2018.02.12-23.20.21:814][568]LogFbx: ItemName: GlobalSettings, ItemCount : 1
[2018.02.12-23.20.21:814][568]LogFbx: ItemName: Geometry, ItemCount : 1
[2018.02.12-23.20.21:814][568]LogFbx: ItemName: Material, ItemCount : 1
[2018.02.12-23.20.21:814][568]LogFbx: ItemName: Model, ItemCount : 1
[2018.02.12-23.20.21:814][568]LogFbx: ItemName: CollectionExclusive, ItemCount : 1
[2018.02.12-23.20.21:822][568]LogFbx: Loading FBX Scene from ../../../../../../Users/darkm/Downloads/Bar.fbx
[2018.02.12-23.20.21:832][568]LogFbx: FBX Scene Loaded Succesfully
[2018.02.12-23.20.24:563][568]LogFbx: Loading FBX Scene from ../../../../../../Users/darkm/Downloads/Bar.fbx
[2018.02.12-23.20.24:568][568]LogFbx: FBX Scene Loaded Succesfully
[2018.02.12-23.20.24:572][568]LogLinker: Can't find file '/Game/SushiShop/Assets/lambert1'
[2018.02.12-23.20.24:572][568]LogLinker: Can't find file '/Game/SushiShop/Assets/lambert1'
[2018.02.12-23.20.24:576][568]LogMaterial: Missing cached shader map for material lambert1, compiling. 
[2018.02.12-23.20.24:616][568]LogFbx: Warning: Triangulating static mesh Bar
[2018.02.12-23.20.24:632][568]LogStaticMesh: Building static mesh Bar...
[2018.02.12-23.20.24:643][568]LogStaticMesh: Built static mesh [0.01s] /Game/SushiShop/Assets/Bar.Bar
[2018.02.12-23.20.24:646][568]LogStaticMesh: Warning: Bar has degenerate tangent bases which will result in incorrect shading.  MikkTSpace relies on tangent bases and may result in mesh corruption, consider disabling this option.
[2018.02.12-23.20.24:646][568]LogStaticMesh: Warning: Bar has some nearly zero bi-normals which can create some issues. (Tolerance of 1E-4)
[2018.02.12-23.20.24:657][568]FBXImport: Warning: No smoothing group information was found in this FBX scene.  Please make sure to enable the 'Export Smoothing Groups' option in the FBX Exporter plug-in before exporting the file.  Even for tools that don't support smoothing groups, the FBX Exporter will generate appropriate smoothing data at export-time so that correct vertex normals can be inferred while importing. 
[2018.02.12-23.20.24:657][568]FBXImport: Warning: Bar has degenerate tangent bases which will result in incorrect shading.  MikkTSpace relies on tangent bases and may result in mesh corruption, consider disabling this option. 
[2018.02.12-23.20.24:657][568]FBXImport: Warning: Bar has some nearly zero bi-normals which can create some issues. (Tolerance of 1E-4) 
[2018.02.12-23.20.24:841][568]LogFactory: FactoryCreateFile: StaticMesh with FbxFactory (0 0 ../../../../../../Users/darkm/Downloads/Refrigerator.fbx)
[2018.02.12-23.20.24:863][568]LogFbx: Loading FBX Scene from ../../../../../../Users/darkm/Downloads/Refrigerator.fbx
[2018.02.12-23.20.24:870][568]LogFbx: FBX Scene Loaded Succesfully
[2018.02.12-23.20.24:871][568]LogFbx: Warning: Triangulating static mesh Refrigerator
[2018.02.12-23.20.24:879][568]LogStaticMesh: Building static mesh Refrigerator...
[2018.02.12-23.20.24:885][568]LogStaticMesh: Built static mesh [0.01s] /Game/SushiShop/Assets/Refrigerator.Refrigerator
[2018.02.12-23.20.24:894][568]FBXImport: Warning: No smoothing group information was found in this FBX scene.  Please make sure to enable the 'Export Smoothing Groups' option in the FBX Exporter plug-in before exporting the file.  Even for tools that don't support smoothing groups, the FBX Exporter will generate appropriate smoothing data at export-time so that correct vertex normals can be inferred while importing. 
[2018.02.12-23.20.24:907][568]LogFactory: FactoryCreateFile: StaticMesh with FbxFactory (0 0 ../../../../../../Users/darkm/Downloads/Water.fbx)
[2018.02.12-23.20.24:925][568]LogFbx: Loading FBX Scene from ../../../../../../Users/darkm/Downloads/Water.fbx
[2018.02.12-23.20.24:933][568]LogFbx: FBX Scene Loaded Succesfully
[2018.02.12-23.20.24:933][568]LogFbx: Warning: Triangulating static mesh Water
[2018.02.12-23.20.24:935][568]LogStaticMesh: Building static mesh Water...
[2018.02.12-23.20.24:936][568]LogStaticMesh: Built static mesh [0.00s] /Game/SushiShop/Assets/Water.Water
[2018.02.12-23.20.24:941][568]FBXImport: Warning: No smoothing group information was found in this FBX scene.  Please make sure to enable the 'Export Smoothing Groups' option in the FBX Exporter plug-in before exporting the file.  Even for tools that don't support smoothing groups, the FBX Exporter will generate appropriate smoothing data at export-time so that correct vertex normals can be inferred while importing. 
[2018.02.12-23.22.06:880][219]LogFileHelpers: Editor autosave (incl. sublevels) for '/Game/SushiShop/Shop_Main' took 0.030
[2018.02.12-23.22.06:881][219]OBJ SavePackage: Generating thumbnails for [1] asset(s) in package [/Game/SushiShop/Assets/Bar] ([1] browsable assets)...
[2018.02.12-23.22.06:959][219]OBJ SavePackage:     Rendered thumbnail for [StaticMesh /Game/SushiShop/Assets/Bar.Bar]
[2018.02.12-23.22.06:959][219]OBJ SavePackage: Finished generating thumbnails for package [/Game/SushiShop/Assets/Bar]
[2018.02.12-23.22.06:977][219]LogSavePackage: Save=16.98ms
[2018.02.12-23.22.06:977][219]LogSavePackage: Moving '../../../../../../Users/darkm/Documents/GitHub/SushiShop/SushiShop/Saved/Bar_Auto1E3BB13F14A8490A021596890B2D407B5.tmp' to '../../../../../../Users/darkm/Documents/GitHub/SushiShop/SushiShop/Saved/Autosaves/Game/SushiShop/Assets/Bar_Auto1.uasset'
[2018.02.12-23.22.06:978][219]LogSavePackage: Display: Finished SavePackage ../../../../../../Users/darkm/Documents/GitHub/SushiShop/SushiShop/Saved/Autosaves/Game/SushiShop/Assets/Bar_Auto1.uasset
[2018.02.12-23.22.06:978][219]OBJ SavePackage: Generating thumbnails for [1] asset(s) in package [/Game/SushiShop/Assets/lambert1] ([1] browsable assets)...
[2018.02.12-23.22.07:013][219]OBJ SavePackage:     Rendered thumbnail for [Material /Game/SushiShop/Assets/lambert1.lambert1]
[2018.02.12-23.22.07:013][219]OBJ SavePackage: Finished generating thumbnails for package [/Game/SushiShop/Assets/lambert1]
[2018.02.12-23.22.07:023][219]LogSavePackage: Save=9.66ms
[2018.02.12-23.22.07:023][219]LogSavePackage: Moving '../../../../../../Users/darkm/Documents/GitHub/SushiShop/SushiShop/Saved/lambert1_Auto1950B2FCB43245B8153CACDB596CB807E.tmp' to '../../../../../../Users/darkm/Documents/GitHub/SushiShop/SushiShop/Saved/Autosaves/Game/SushiShop/Assets/lambert1_Auto1.uasset'
[2018.02.12-23.22.07:024][219]LogSavePackage: Display: Finished SavePackage ../../../../../../Users/darkm/Documents/GitHub/SushiShop/SushiShop/Saved/Autosaves/Game/SushiShop/Assets/lambert1_Auto1.uasset
[2018.02.12-23.22.07:024][219]OBJ SavePackage: Generating thumbnails for [1] asset(s) in package [/Game/SushiShop/Assets/Refrigerator] ([1] browsable assets)...
[2018.02.12-23.22.07:059][219]OBJ SavePackage:     Rendered thumbnail for [StaticMesh /Game/SushiShop/Assets/Refrigerator.Refrigerator]
[2018.02.12-23.22.07:060][219]OBJ SavePackage: Finished generating thumbnails for package [/Game/SushiShop/Assets/Refrigerator]
[2018.02.12-23.22.07:069][219]LogSavePackage: Save=9.07ms
[2018.02.12-23.22.07:069][219]LogSavePackage: Moving '../../../../../../Users/darkm/Documents/GitHub/SushiShop/SushiShop/Saved/Refrigerator_Auto17897D97348E10BAEF055028235A96EA1.tmp' to '../../../../../../Users/darkm/Documents/GitHub/SushiShop/SushiShop/Saved/Autosaves/Game/SushiShop/Assets/Refrigerator_Auto1.uasset'
[2018.02.12-23.22.07:070][219]LogSavePackage: Display: Finished SavePackage ../../../../../../Users/darkm/Documents/GitHub/SushiShop/SushiShop/Saved/Autosaves/Game/SushiShop/Assets/Refrigerator_Auto1.uasset
[2018.02.12-23.22.07:071][219]OBJ SavePackage: Generating thumbnails for [1] asset(s) in package [/Game/SushiShop/Assets/Water] ([1] browsable assets)...
[2018.02.12-23.22.07:106][219]OBJ SavePackage:     Rendered thumbnail for [StaticMesh /Game/SushiShop/Assets/Water.Water]
[2018.02.12-23.22.07:106][219]OBJ SavePackage: Finished generating thumbnails for package [/Game/SushiShop/Assets/Water]
[2018.02.12-23.22.07:117][219]LogSavePackage: Save=9.26ms
[2018.02.12-23.22.07:117][219]LogSavePackage: Moving '../../../../../../Users/darkm/Documents/GitHub/SushiShop/SushiShop/Saved/Water_Auto1AAD045CD445DA3BE20EACEB2C9463288.tmp' to '../../../../../../Users/darkm/Documents/GitHub/SushiShop/SushiShop/Saved/Autosaves/Game/SushiShop/Assets/Water_Auto1.uasset'
[2018.02.12-23.22.07:118][219]LogSavePackage: Display: Finished SavePackage ../../../../../../Users/darkm/Documents/GitHub/SushiShop/SushiShop/Saved/Autosaves/Game/SushiShop/Assets/Water_Auto1.uasset
[2018.02.12-23.22.07:118][219]LogFileHelpers: Auto-saving content packages took 0.237
[2018.02.12-23.24.45:829][216]LogActorFactory: Actor Factory created Cube
[2018.02.12-23.24.48:048][299]LogActorFactory: Actor Factory created Cube
[2018.02.12-23.25.06:874][138]LogEditorViewport: Clicking on Actor (LMB): StaticMeshActor (Cube)
[2018.02.12-23.25.07:204][157]Cmd: CAMERA ALIGN ACTIVEVIEWPORTONLY
[2018.02.12-23.25.27:533][279]LogEditorViewport: Clicking on Actor (LMB): StaticMeshActor (Cube)
[2018.02.12-23.25.28:304][324]LogEditorViewport: Clicking on Actor (LMB): BP_Sky_Sphere_C (BP_Sky_Sphere)
[2018.02.12-23.25.36:686][551]LogActorFactory: Actor Factory created Bar
[2018.02.12-23.25.36:687][551]LogActorFactory: Actor Factory created Water
[2018.02.12-23.25.36:687][551]LogActorFactory: Actor Factory created Refrigerator
[2018.02.12-23.25.37:913][596]LogActorFactory: Actor Factory created Bar
[2018.02.12-23.25.37:938][596]LogActorFactory: Actor Factory created Water
[2018.02.12-23.25.37:958][596]LogActorFactory: Actor Factory created Refrigerator
[2018.02.12-23.25.42:437][859]LogEditorViewport: Clicking on Actor (LMB): StaticMeshActor (Cube)
[2018.02.12-23.25.57:983][668]MapCheck: New page: Map Check
[2018.02.12-23.25.58:060][668]Cmd: MAP REBUILD ALLVISIBLE
[2018.02.12-23.25.58:061][668]LogEditorServer: Rebuildmap Clear paths rebuilt
[2018.02.12-23.25.58:087][668]LogMaterial: Missing cached shader map for material FDebugViewModeMaterialProxy MaterialInstanceDynamic_2, compiling. 
[2018.02.12-23.25.58:096][668]LogMaterial: Missing cached shader map for material FDebugViewModeMaterialProxy WorldGridMaterial, compiling. Is special engine material.
[2018.02.12-23.25.58:102][668]LogMaterial: Missing cached shader map for material FDebugViewModeMaterialProxy lambert1, compiling. 
[2018.02.12-23.25.58:574][668]TextureStreamingBuild: Display: Compiling optional shaders took 0.491 seconds.
[2018.02.12-23.25.58:600][668]LogLevel: Display: Export Material TexCoord Scales took 0.026 seconds.
[2018.02.12-23.25.58:610][668]TextureStreamingBuild: Display: Build Texture Streaming took 0.010 seconds.
[2018.02.12-23.25.58:622][668]LightingResults: New page: Lighting Build - Feb 12, 2018, 7:25:58 AM
[2018.02.12-23.25.58:661][668]LogSwarmInterface: [OpenConnection] Registering TCP channel ...
[2018.02.12-23.25.58:722][668]LogSwarmInterface: [OpenConnection] Connecting to agent ...
[2018.02.12-23.25.58:734][668]LogSwarmInterface: [TryOpenConnection] Testing the Agent
[2018.02.12-23.25.59:254][668]LogSwarmInterface: [TryOpenConnection] Opening Connection to Agent
[2018.02.12-23.25.59:254][668]LogSwarmInterface: [TryOpenConnection] Local Process ID is 1812
[2018.02.12-23.26.01:592][668]LogStaticLightingSystem: Warning: No importance volume found, so the scene bounding box was used.  You can optimize your scene's quality and lighting build times by adding importance volumes.
[2018.02.12-23.26.01:592][668]LogStaticLightingSystem: Running Lightmass w/ ImmediateImport mode ENABLED
[2018.02.12-23.26.01:592][668]LogStaticLightingSystem: Running Lightmass w/ ImmediateProcess mode ENABLED
[2018.02.12-23.26.01:592][668]LogStaticLightingSystem: Running Lightmass w/ Sorting mode ENABLED
[2018.02.12-23.26.01:592][668]LogStaticLightingSystem: Running Lightmass w/ Mapping paddings ENABLED
[2018.02.12-23.26.01:592][668]LogStaticLightingSystem: Running Lightmass w/ Mapping debug paddings DISABLED
[2018.02.12-23.26.01:721][668]Cmd: MAP CHECK DONTDISPLAYDIALOG
[2018.02.12-23.26.01:721][668]MapCheck: New page: Shop_Main - Feb 12, 2018, 7:26:01 AM
[2018.02.12-23.26.01:723][668]MapCheck: Error: WorldSettings Maps need lighting rebuilt 
[2018.02.12-23.26.01:763][668]MapCheck: Map check complete: 1 Error(s), 0 Warning(s), took 41.189ms to complete.
[2018.02.12-23.26.01:785][668]LogEditorBuildUtils: Build time 0:03
[2018.02.12-23.26.01:820][668]LogMaterial: Missing cached shader map for material FLightmassMaterialRenderer lambert1, compiling. 
[2018.02.12-23.26.01:825][668]LogMaterial: Missing cached shader map for material FLightmassMaterialRenderer lambert1, compiling. 
[2018.02.12-23.26.04:031][723]Job is a success!
[2018.02.12-23.26.04:259][724]LogVolumetricLightmapImport: Imported Volumetric Lightmap in 0.010s
[2018.02.12-23.26.04:260][724]LogVolumetricLightmapImport:      Indirection Texture 16x16x16 = 0.0Mb
[2018.02.12-23.26.04:260][724]LogVolumetricLightmapImport:      BrickData 150x5x5 = 0.1Mb
[2018.02.12-23.26.04:260][724]LogVolumetricLightmapImport:      Bricks at Level
[2018.02.12-23.26.04:260][724]LogVolumetricLightmapImport:          0: 3.3% covering 100.0% of volume
[2018.02.12-23.26.04:260][724]LogVolumetricLightmapImport:          1: 13.3% covering 6.3% of volume
[2018.02.12-23.26.04:260][724]LogVolumetricLightmapImport:          2: 83.3% covering 0.6% of volume
[2018.02.12-23.26.04:264][724]LogMaterial: Warning: Material /Game/SushiShop/Assets/lambert1.lambert1 needed to have new flag set bUsedWithStaticLighting !
[2018.02.12-23.26.04:267][724]LogMaterial: Missing cached shader map for material lambert1, compiling. 
[2018.02.12-23.26.04:454][724]LogTexture: Display: Building textures: SkyOcclusion0_1 (AutoDXT, 256X128)
[2018.02.12-23.26.04:454][724]LogTexture: Display: Building textures: HQ_Lightmap0_1 (AutoDXT, 256X256)
[2018.02.12-23.26.04:454][724]LogTexture: Display: Building textures: LQ_Lightmap_0_1 (DXT1, 256X256)
[2018.02.12-23.26.04:454][724]LogTexture: Display: Building textures: SkyOcclusion0_2 (AutoDXT, 64X32)
[2018.02.12-23.26.04:454][724]LogTexture: Display: Building textures: HQ_Lightmap0_2 (AutoDXT, 64X64)
[2018.02.12-23.26.04:454][724]LogTexture: Display: Building textures: LQ_Lightmap_0_2 (DXT1, 64X64)
[2018.02.12-23.26.04:454][724]LogTexture: Display: Building textures: ShadowMapTexture2D_1 (G8, 32X32)
[2018.02.12-23.26.04:454][724]LogTexture: Display: Building textures: ShadowMapTexture2D_0 (G8, 256X64)
[2018.02.12-23.26.04:551][724]Lightmass on ARCHER: 1.59 sec total, 100 ms importing, 3 ms setup, 398 ms photons, 1.08 sec processing, 0 ms extra exporting [5/5 mappings]. Threads: 7.43 sec total, 1.13 sec processing.
[2018.02.12-23.26.04:667][724]LogStaticLightingSystem: Illumination: 5.92 sec (44 ms encoding lightmaps, 7 ms encoding shadowmaps)
[2018.02.12-23.26.04:667][724]LogStaticLightingSystem: Lightmap texture memory:  0.2 MB (0.2 MB streaming, 0.0 MB non-streaming), 4 textures
[2018.02.12-23.26.04:667][724]LogStaticLightingSystem: Shadowmap texture memory: 0.0 MB (0.0 MB streaming, 0.0 MB non-streaming), 2 textures
[2018.02.12-23.26.05:595][724]DumpUnbuiltLightIteractions
[2018.02.12-23.26.05:595][724]Lights with unbuilt interactions: 0
[2018.02.12-23.26.05:595][724]
[2018.02.12-23.26.05:595][724]Primitives with unbuilt interactions: 0
[2018.02.12-23.26.05:604][725]Cmd: MAP CHECK NOTIFYRESULTS
[2018.02.12-23.26.05:605][725]MapCheck: New page: Shop_Main - Feb 12, 2018, 7:26:05 AM
[2018.02.12-23.26.05:672][725]MapCheck: Map check complete: 0 Error(s), 0 Warning(s), took 67.564ms to complete.
[2018.02.12-23.26.19:806][494]LogEditorViewport: Clicking on Actor (LMB): DirectionalLight (DirectionalLight)
[2018.02.12-23.27.43:105][479]LogEditorViewport: Clicking on Actor (LMB): StaticMeshActor (Bar)
[2018.02.12-23.27.43:453][497]Cmd: CAMERA ALIGN ACTIVEVIEWPORTONLY
[2018.02.12-23.27.48:568][798]LogSavePackage: Save=16.60ms
[2018.02.12-23.27.48:568][798]LogSavePackage: Moving '../../../../../../Users/darkm/Documents/GitHub/SushiShop/SushiShop/Saved/Shop_Main2F05B7C6439A36362C64CC9B25CCAAA9.tmp' to '../../../../../../Users/darkm/Documents/GitHub/SushiShop/SushiShop/Content/SushiShop/Shop_Main.umap'
[2018.02.12-23.27.48:570][798]LogSavePackage: Display: Finished SavePackage ../../../../../../Users/darkm/Documents/GitHub/SushiShop/SushiShop/Content/SushiShop/Shop_Main.umap
[2018.02.12-23.27.48:586][798]Cmd: OBJ SAVEPACKAGE PACKAGE="/Game/SushiShop/Shop_Main_BuiltData" FILE="../../../../../../Users/darkm/Documents/GitHub/SushiShop/SushiShop/Content/SushiShop/Shop_Main_BuiltData.uasset" SILENT=true
[2018.02.12-23.27.48:602][798]LogSavePackage: Save=14.88ms
[2018.02.12-23.27.48:602][798]LogSavePackage: Moving '../../../../../../Users/darkm/Documents/GitHub/SushiShop/SushiShop/Saved/Shop_Main_BuiltData57EC41BC4D2E147B48D4EC82DCD758AA.tmp' to '../../../../../../Users/darkm/Documents/GitHub/SushiShop/SushiShop/Content/SushiShop/Shop_Main_BuiltData.uasset'
[2018.02.12-23.27.48:603][798]LogSavePackage: Display: Finished SavePackage ../../../../../../Users/darkm/Documents/GitHub/SushiShop/SushiShop/Content/SushiShop/Shop_Main_BuiltData.uasset
[2018.02.12-23.31.38:997][471]LogSlate: Took 0.001461 seconds to synchronously load lazily loaded font '../../../Engine/Content/Editor/Slate/Fonts/Roboto-Italic.ttf' (157K)
[2018.02.12-23.32.12:655][254]Cmd: TRANSACTION UNDO
[2018.02.12-23.32.12:655][254]LogEditorTransaction: Undo Edit Intensity
[2018.02.12-23.32.23:897][702]Cmd: TRANSACTION UNDO
[2018.02.12-23.32.23:898][702]LogEditorTransaction: Undo Edit Light Color
[2018.02.12-23.34.47:238][183]LogAudio: Warning: Current Audio Device with ID {0.0.0.00000000}.{9361dd47-60d9-42f3-91a1-c33dd99b3bfd} was removed. Shutting down audio device.
[2018.02.12-23.34.47:238][183]LogInit: XAudio2 using 'Speakers (Realtek High Definition Audio(SST))' : 2 channels at 48 kHz using 32 bits per sample (channel mask 0x3)
[2018.02.12-23.37.49:044][728]LogSavePackage: Save=12.98ms
[2018.02.12-23.37.49:044][728]LogSavePackage: Moving '../../../../../../Users/darkm/Documents/GitHub/SushiShop/SushiShop/Saved/Shop_Main_Auto2E4CFB1FF4A4D78850AC07EB575F4EA79.tmp' to '../../../../../../Users/darkm/Documents/GitHub/SushiShop/SushiShop/Saved/Autosaves/Game/SushiShop/Shop_Main_Auto2.umap'
[2018.02.12-23.37.49:044][728]LogSavePackage: Display: Finished SavePackage ../../../../../../Users/darkm/Documents/GitHub/SushiShop/SushiShop/Saved/Autosaves/Game/SushiShop/Shop_Main_Auto2.umap
[2018.02.12-23.37.49:046][728]LogFileHelpers: Editor autosave (incl. sublevels) for '/Game/SushiShop/Shop_Main' took 0.073
[2018.02.12-23.37.49:046][728]LogFileHelpers: Editor autosave (incl. sublevels) for all levels took 0.073
[2018.02.12-23.37.49:062][728]OBJ SavePackage: Generating thumbnails for [1] asset(s) in package [/Game/SushiShop/Assets/lambert1] ([1] browsable assets)...
[2018.02.12-23.37.49:121][728]OBJ SavePackage:     Rendered thumbnail for [Material /Game/SushiShop/Assets/lambert1.lambert1]
[2018.02.12-23.37.49:121][728]OBJ SavePackage: Finished generating thumbnails for package [/Game/SushiShop/Assets/lambert1]
[2018.02.12-23.37.49:131][728]LogSavePackage: Save=9.45ms
[2018.02.12-23.37.49:131][728]LogSavePackage: Moving '../../../../../../Users/darkm/Documents/GitHub/SushiShop/SushiShop/Saved/lambert1_Auto2CC9A4C734E4F614B630D2B8CC1467362.tmp' to '../../../../../../Users/darkm/Documents/GitHub/SushiShop/SushiShop/Saved/Autosaves/Game/SushiShop/Assets/lambert1_Auto2.uasset'
[2018.02.12-23.37.49:132][728]LogSavePackage: Display: Finished SavePackage ../../../../../../Users/darkm/Documents/GitHub/SushiShop/SushiShop/Saved/Autosaves/Game/SushiShop/Assets/lambert1_Auto2.uasset
[2018.02.12-23.37.49:132][728]LogFileHelpers: Auto-saving content packages took 0.070
[2018.02.12-23.59.35:413][801]MapCheck: New page: Map Check
[2018.02.12-23.59.35:467][801]Cmd: MAP REBUILD ALLVISIBLE
[2018.02.12-23.59.35:468][801]LogEditorServer: Rebuildmap Clear paths rebuilt
[2018.02.12-23.59.35:489][801]LogMaterial: Missing cached shader map for material FDebugViewModeMaterialProxy MaterialInstanceDynamic_6728, compiling. 
[2018.02.12-23.59.35:498][801]LogMaterial: Missing cached shader map for material FDebugViewModeMaterialProxy WorldGridMaterial, compiling. Is special engine material.
[2018.02.12-23.59.35:507][801]LogMaterial: Missing cached shader map for material FDebugViewModeMaterialProxy lambert1, compiling. 
[2018.02.12-23.59.35:961][801]TextureStreamingBuild: Display: Compiling optional shaders took 0.474 seconds.
[2018.02.12-23.59.35:975][801]LogLevel: Display: Export Material TexCoord Scales took 0.014 seconds.
[2018.02.12-23.59.35:978][801]TextureStreamingBuild: Display: Build Texture Streaming took 0.003 seconds.
[2018.02.12-23.59.35:987][801]LightingResults: New page: Lighting Build - Feb 12, 2018, 7:59:35 AM
[2018.02.12-23.59.35:993][801]LogSwarmInterface: [OpenConnection] Registering TCP channel ...
[2018.02.12-23.59.35:996][801]LogSwarmInterface: [OpenConnection] Connecting to agent ...
[2018.02.12-23.59.35:996][801]LogSwarmInterface: [TryOpenConnection] Testing the Agent
[2018.02.12-23.59.35:996][801]LogSwarmInterface: [TryOpenConnection] Opening Connection to Agent
[2018.02.12-23.59.35:997][801]LogSwarmInterface: [TryOpenConnection] Local Process ID is 1812
[2018.02.12-23.59.40:524][801]LogStaticLightingSystem: Warning: No importance volume found, so the scene bounding box was used.  You can optimize your scene's quality and lighting build times by adding importance volumes.
[2018.02.12-23.59.40:524][801]LogStaticLightingSystem: Running Lightmass w/ ImmediateImport mode ENABLED
[2018.02.12-23.59.40:524][801]LogStaticLightingSystem: Running Lightmass w/ ImmediateProcess mode ENABLED
[2018.02.12-23.59.40:524][801]LogStaticLightingSystem: Running Lightmass w/ Sorting mode ENABLED
[2018.02.12-23.59.40:524][801]LogStaticLightingSystem: Running Lightmass w/ Mapping paddings ENABLED
[2018.02.12-23.59.40:524][801]LogStaticLightingSystem: Running Lightmass w/ Mapping debug paddings DISABLED
[2018.02.12-23.59.40:629][801]Cmd: MAP CHECK DONTDISPLAYDIALOG
[2018.02.12-23.59.40:630][801]MapCheck: New page: Shop_Main - Feb 12, 2018, 7:59:40 AM
[2018.02.12-23.59.40:630][801]MapCheck: Error: WorldSettings Maps need lighting rebuilt 
[2018.02.12-23.59.40:667][801]MapCheck: Map check complete: 1 Error(s), 0 Warning(s), took 37.879ms to complete.
[2018.02.12-23.59.40:690][801]LogEditorBuildUtils: Build time 0:05
[2018.02.12-23.59.40:717][801]LogMaterial: Missing cached shader map for material FLightmassMaterialRenderer lambert1, compiling. 
[2018.02.12-23.59.40:722][801]LogMaterial: Missing cached shader map for material FLightmassMaterialRenderer lambert1, compiling. 
[2018.02.12-23.59.42:686][853]Job is a success!
[2018.02.12-23.59.42:908][854]LogVolumetricLightmapImport: Imported Volumetric Lightmap in 0.008s
[2018.02.12-23.59.42:908][854]LogVolumetricLightmapImport:      Indirection Texture 16x16x16 = 0.0Mb
[2018.02.12-23.59.42:908][854]LogVolumetricLightmapImport:      BrickData 150x5x5 = 0.1Mb
[2018.02.12-23.59.42:908][854]LogVolumetricLightmapImport:      Bricks at Level
[2018.02.12-23.59.42:908][854]LogVolumetricLightmapImport:          0: 3.3% covering 100.0% of volume
[2018.02.12-23.59.42:908][854]LogVolumetricLightmapImport:          1: 13.3% covering 6.3% of volume
[2018.02.12-23.59.42:908][854]LogVolumetricLightmapImport:          2: 83.3% covering 0.6% of volume
[2018.02.12-23.59.43:027][854]LogTexture: Display: Building textures: SkyOcclusion1_1 (AutoDXT, 256X128)
[2018.02.12-23.59.43:027][854]LogTexture: Display: Building textures: HQ_Lightmap1_1 (AutoDXT, 256X256)
[2018.02.12-23.59.43:027][854]LogTexture: Display: Building textures: LQ_Lightmap_1_1 (DXT1, 256X256)
[2018.02.12-23.59.43:027][854]LogTexture: Display: Building textures: SkyOcclusion1_2 (AutoDXT, 64X32)
[2018.02.12-23.59.43:027][854]LogTexture: Display: Building textures: HQ_Lightmap1_2 (AutoDXT, 64X64)
[2018.02.12-23.59.43:028][854]LogTexture: Display: Building textures: LQ_Lightmap_1_2 (DXT1, 64X64)
[2018.02.12-23.59.43:028][854]LogTexture: Display: Building textures: ShadowMapTexture2D_3 (G8, 32X32)
[2018.02.12-23.59.43:028][854]LogTexture: Display: Building textures: ShadowMapTexture2D_2 (G8, 256X64)
[2018.02.12-23.59.43:087][854]Lightmass on ARCHER: 1.46 sec total, 86 ms importing, 9 ms setup, 390 ms photons, 973 ms processing, 0 ms extra exporting [5/5 mappings]. Threads: 6.65 sec total, 1.18 sec processing.
[2018.02.12-23.59.43:162][854]LogStaticLightingSystem: Illumination: 7.08 sec (39 ms encoding lightmaps, 5 ms encoding shadowmaps)
[2018.02.12-23.59.43:162][854]LogStaticLightingSystem: Lightmap texture memory:  0.2 MB (0.2 MB streaming, 0.0 MB non-streaming), 4 textures
[2018.02.12-23.59.43:162][854]LogStaticLightingSystem: Shadowmap texture memory: 0.0 MB (0.0 MB streaming, 0.0 MB non-streaming), 2 textures
[2018.02.12-23.59.43:527][854]DumpUnbuiltLightIteractions
[2018.02.12-23.59.43:527][854]Lights with unbuilt interactions: 0
[2018.02.12-23.59.43:527][854]
[2018.02.12-23.59.43:527][854]Primitives with unbuilt interactions: 0
[2018.02.12-23.59.43:541][855]Cmd: MAP CHECK NOTIFYRESULTS
[2018.02.12-23.59.43:541][855]MapCheck: New page: Shop_Main - Feb 12, 2018, 7:59:43 AM
[2018.02.12-23.59.43:582][855]MapCheck: Map check complete: 0 Error(s), 0 Warning(s), took 40.301ms to complete.
[2018.02.12-23.59.49:709][139]LogEditorViewport: Clicking on Actor (LMB): StaticMeshActor (Cube)
[2018.02.12-23.59.50:290][171]Cmd: CAMERA ALIGN ACTIVEVIEWPORTONLY
[2018.02.12-23.59.53:857][385]LogEditorViewport: Clicking on Actor (LMB): StaticMeshActor (Bar)
[2018.02.12-23.59.54:274][408]Cmd: CAMERA ALIGN ACTIVEVIEWPORTONLY
[2018.02.13-00.00.24:331][130]LogSavePackage: Save=18.37ms
[2018.02.13-00.00.24:331][130]LogSavePackage: Moving '../../../../../../Users/darkm/Documents/GitHub/SushiShop/SushiShop/Saved/Shop_Main_Auto32B64D7544015DFD3619897A4F9F8A608.tmp' to '../../../../../../Users/darkm/Documents/GitHub/SushiShop/SushiShop/Saved/Autosaves/Game/SushiShop/Shop_Main_Auto3.umap'
[2018.02.13-00.00.24:339][130]LogSavePackage: Display: Finished SavePackage ../../../../../../Users/darkm/Documents/GitHub/SushiShop/SushiShop/Saved/Autosaves/Game/SushiShop/Shop_Main_Auto3.umap
[2018.02.13-00.00.24:340][130]LogFileHelpers: Editor autosave (incl. sublevels) for '/Game/SushiShop/Shop_Main' took 0.052
[2018.02.13-00.00.24:340][130]LogFileHelpers: Editor autosave (incl. sublevels) for all levels took 0.052
[2018.02.13-00.00.24:358][130]OBJ SavePackage: Generating thumbnails for [0] asset(s) in package [/Game/SushiShop/Shop_Main_BuiltData] ([1] browsable assets)...
[2018.02.13-00.00.24:358][130]OBJ SavePackage: Finished generating thumbnails for package [/Game/SushiShop/Shop_Main_BuiltData]
[2018.02.13-00.00.24:367][130]LogSavePackage: Save=5.98ms
[2018.02.13-00.00.24:367][130]LogSavePackage: Moving '../../../../../../Users/darkm/Documents/GitHub/SushiShop/SushiShop/Saved/Shop_Main_BuiltData_Auto3A4E4A96645C91435CF042F81DD63886F.tmp' to '../../../../../../Users/darkm/Documents/GitHub/SushiShop/SushiShop/Saved/Autosaves/Game/SushiShop/Shop_Main_BuiltData_Auto3.uasset'
[2018.02.13-00.00.24:368][130]LogSavePackage: Display: Finished SavePackage ../../../../../../Users/darkm/Documents/GitHub/SushiShop/SushiShop/Saved/Autosaves/Game/SushiShop/Shop_Main_BuiltData_Auto3.uasset
[2018.02.13-00.00.24:368][130]LogFileHelpers: Auto-saving content packages took 0.011
[2018.02.13-00.02.02:425][963]LogRenderer: Reallocating scene render targets to support 1132x388 Format 26 NumSamples 1 (Frame:35021).
[2018.02.13-00.02.02:463][964]LogRenderer: Reallocating scene render targets to support 1132x404 Format 26 NumSamples 1 (Frame:35023).
[2018.02.13-00.02.02:502][965]LogRenderer: Reallocating scene render targets to support 1132x412 Format 26 NumSamples 1 (Frame:35025).
[2018.02.13-00.02.02:543][966]LogRenderer: Reallocating scene render targets to support 1132x416 Format 26 NumSamples 1 (Frame:35027).
[2018.02.13-00.02.02:580][967]LogRenderer: Reallocating scene render targets to support 1132x428 Format 26 NumSamples 1 (Frame:35029).
[2018.02.13-00.02.02:619][968]LogRenderer: Reallocating scene render targets to support 1132x440 Format 26 NumSamples 1 (Frame:35031).
[2018.02.13-00.02.02:656][969]LogRenderer: Reallocating scene render targets to support 1132x444 Format 26 NumSamples 1 (Frame:35033).
[2018.02.13-00.02.02:693][970]LogRenderer: Reallocating scene render targets to support 1132x452 Format 26 NumSamples 1 (Frame:35035).
[2018.02.13-00.02.02:734][971]LogRenderer: Reallocating scene render targets to support 1132x456 Format 26 NumSamples 1 (Frame:35037).
[2018.02.13-00.02.02:849][975]LogRenderer: Reallocating scene render targets to support 1132x460 Format 26 NumSamples 1 (Frame:35041).
[2018.02.13-00.02.02:921][978]LogRenderer: Reallocating scene render targets to support 1132x464 Format 26 NumSamples 1 (Frame:35043).
[2018.02.13-00.02.02:961][979]LogRenderer: Reallocating scene render targets to support 1132x468 Format 26 NumSamples 1 (Frame:35045).
[2018.02.13-00.02.04:058][ 33]LogRenderer: Reallocating scene render targets to support 1132x472 Format 26 NumSamples 1 (Frame:35067).
[2018.02.13-00.02.04:154][ 35]LogRenderer: Reallocating scene render targets to support 1132x476 Format 26 NumSamples 1 (Frame:35071).
[2018.02.13-00.02.04:306][ 41]LogRenderer: Reallocating scene render targets to support 1132x480 Format 26 NumSamples 1 (Frame:35077).
[2018.02.13-00.02.04:409][ 45]LogRenderer: Reallocating scene render targets to support 1132x484 Format 26 NumSamples 1 (Frame:35081).
[2018.02.13-00.02.04:479][ 47]LogRenderer: Reallocating scene render targets to support 1132x488 Format 26 NumSamples 1 (Frame:35085).
[2018.02.13-00.02.04:655][ 55]LogRenderer: Reallocating scene render targets to support 1132x492 Format 26 NumSamples 1 (Frame:35089).
[2018.02.13-00.02.04:734][ 57]LogRenderer: Reallocating scene render targets to support 1132x496 Format 26 NumSamples 1 (Frame:35093).
[2018.02.13-00.02.04:904][ 65]LogRenderer: Reallocating scene render targets to support 1132x500 Format 26 NumSamples 1 (Frame:35097).
[2018.02.13-00.04.06:118][712]LogEditorViewport: Clicking on Actor (LMB): StaticMeshActor (Bar)
[2018.02.13-00.04.16:794][346]Cmd: TRANSACTION UNDO
[2018.02.13-00.04.16:794][346]LogEditorTransaction: Undo Move Actors
[2018.02.13-00.04.23:467][721]MapCheck: New page: Map Check
[2018.02.13-00.04.23:489][721]Cmd: MAP REBUILD ALLVISIBLE
[2018.02.13-00.04.23:489][721]LogEditorServer: Rebuildmap Clear paths rebuilt
[2018.02.13-00.04.23:517][721]LogMaterial: Missing cached shader map for material FDebugViewModeMaterialProxy MaterialInstanceDynamic_6729, compiling. 
[2018.02.13-00.04.23:529][721]LogMaterial: Missing cached shader map for material FDebugViewModeMaterialProxy WorldGridMaterial, compiling. Is special engine material.
[2018.02.13-00.04.23:542][721]LogMaterial: Missing cached shader map for material FDebugViewModeMaterialProxy lambert1, compiling. 
[2018.02.13-00.04.24:034][721]TextureStreamingBuild: Display: Compiling optional shaders took 0.521 seconds.
[2018.02.13-00.04.24:046][721]LogLevel: Display: Export Material TexCoord Scales took 0.012 seconds.
[2018.02.13-00.04.24:049][721]TextureStreamingBuild: Display: Build Texture Streaming took 0.003 seconds.
[2018.02.13-00.04.24:057][721]LightingResults: New page: Lighting Build - Feb 12, 2018, 8:04:24 AM
[2018.02.13-00.04.24:063][721]LogSwarmInterface: [OpenConnection] Registering TCP channel ...
[2018.02.13-00.04.24:064][721]LogSwarmInterface: [OpenConnection] Connecting to agent ...
[2018.02.13-00.04.24:064][721]LogSwarmInterface: [TryOpenConnection] Testing the Agent
[2018.02.13-00.04.24:065][721]LogSwarmInterface: [TryOpenConnection] Opening Connection to Agent
[2018.02.13-00.04.24:065][721]LogSwarmInterface: [TryOpenConnection] Local Process ID is 1812
[2018.02.13-00.04.28:576][721]LogStaticLightingSystem: Warning: No importance volume found, so the scene bounding box was used.  You can optimize your scene's quality and lighting build times by adding importance volumes.
[2018.02.13-00.04.28:576][721]LogStaticLightingSystem: Running Lightmass w/ ImmediateImport mode ENABLED
[2018.02.13-00.04.28:576][721]LogStaticLightingSystem: Running Lightmass w/ ImmediateProcess mode ENABLED
[2018.02.13-00.04.28:576][721]LogStaticLightingSystem: Running Lightmass w/ Sorting mode ENABLED
[2018.02.13-00.04.28:576][721]LogStaticLightingSystem: Running Lightmass w/ Mapping paddings ENABLED
[2018.02.13-00.04.28:576][721]LogStaticLightingSystem: Running Lightmass w/ Mapping debug paddings DISABLED
[2018.02.13-00.04.28:678][721]Cmd: MAP CHECK DONTDISPLAYDIALOG
[2018.02.13-00.04.28:678][721]MapCheck: New page: Shop_Main - Feb 12, 2018, 8:04:28 AM
[2018.02.13-00.04.28:679][721]MapCheck: Error: WorldSettings Maps need lighting rebuilt 
[2018.02.13-00.04.28:716][721]MapCheck: Map check complete: 1 Error(s), 0 Warning(s), took 37.69ms to complete.
[2018.02.13-00.04.28:739][721]LogEditorBuildUtils: Build time 0:05
[2018.02.13-00.04.30:288][770]Job is a success!
[2018.02.13-00.04.30:515][771]LogVolumetricLightmapImport: Imported Volumetric Lightmap in 0.009s
[2018.02.13-00.04.30:515][771]LogVolumetricLightmapImport:      Indirection Texture 16x16x16 = 0.0Mb
[2018.02.13-00.04.30:515][771]LogVolumetricLightmapImport:      BrickData 150x5x5 = 0.1Mb
[2018.02.13-00.04.30:515][771]LogVolumetricLightmapImport:      Bricks at Level
[2018.02.13-00.04.30:515][771]LogVolumetricLightmapImport:          0: 3.3% covering 100.0% of volume
[2018.02.13-00.04.30:515][771]LogVolumetricLightmapImport:          1: 13.3% covering 6.3% of volume
[2018.02.13-00.04.30:515][771]LogVolumetricLightmapImport:          2: 83.3% covering 0.6% of volume
[2018.02.13-00.04.30:635][771]LogTexture: Display: Building textures: SkyOcclusion0_1 (AutoDXT, 256X128)
[2018.02.13-00.04.30:636][771]LogTexture: Display: Building textures: HQ_Lightmap0_1 (AutoDXT, 256X256)
[2018.02.13-00.04.30:636][771]LogTexture: Display: Building textures: LQ_Lightmap_0_1 (DXT1, 256X256)
[2018.02.13-00.04.30:636][771]LogTexture: Display: Building textures: SkyOcclusion0_2 (AutoDXT, 64X32)
[2018.02.13-00.04.30:636][771]LogTexture: Display: Building textures: HQ_Lightmap0_2 (AutoDXT, 64X64)
[2018.02.13-00.04.30:636][771]LogTexture: Display: Building textures: LQ_Lightmap_0_2 (DXT1, 64X64)
[2018.02.13-00.04.30:636][771]LogTexture: Display: Building textures: ShadowMapTexture2D_5 (G8, 32X32)
[2018.02.13-00.04.30:636][771]LogTexture: Display: Building textures: ShadowMapTexture2D_4 (G8, 256X64)
[2018.02.13-00.04.30:698][771]Lightmass on ARCHER: 1.47 sec total, 84 ms importing, 9 ms setup, 393 ms photons, 975 ms processing, 0 ms extra exporting [5/5 mappings]. Threads: 6.67 sec total, 1.15 sec processing.
[2018.02.13-00.04.30:773][771]LogStaticLightingSystem: Illumination: 6.60 sec (42 ms encoding lightmaps, 6 ms encoding shadowmaps)
[2018.02.13-00.04.30:773][771]LogStaticLightingSystem: Lightmap texture memory:  0.2 MB (0.2 MB streaming, 0.0 MB non-streaming), 4 textures
[2018.02.13-00.04.30:773][771]LogStaticLightingSystem: Shadowmap texture memory: 0.0 MB (0.0 MB streaming, 0.0 MB non-streaming), 2 textures
[2018.02.13-00.04.31:583][771]DumpUnbuiltLightIteractions
[2018.02.13-00.04.31:583][771]Lights with unbuilt interactions: 0
[2018.02.13-00.04.31:584][771]
[2018.02.13-00.04.31:584][771]Primitives with unbuilt interactions: 0
[2018.02.13-00.04.31:596][772]Cmd: MAP CHECK NOTIFYRESULTS
[2018.02.13-00.04.31:596][772]MapCheck: New page: Shop_Main - Feb 12, 2018, 8:04:31 AM
[2018.02.13-00.04.31:634][772]MapCheck: Map check complete: 0 Error(s), 0 Warning(s), took 37.684ms to complete.
[2018.02.13-00.05.32:316][178]LogContentBrowser: Native class hierarchy updated for 'BlueprintGraph' in 0.0006 seconds. Added 116 classes and 0 folders.
[2018.02.13-00.05.32:857][178]LogSlate: Took 0.000101 seconds to synchronously load lazily loaded font '../../../Engine/Content/Slate/Fonts/Roboto-Regular.ttf' (155K)
[2018.02.13-00.05.47:412][781]LogSlate: Took 0.001954 seconds to synchronously load lazily loaded font '../../../Engine/Content/Editor/Slate/Fonts/Roboto-BoldCondensed.ttf' (158K)
[2018.02.13-00.10.43:335][527]LogSavePackage: Save=13.71ms
[2018.02.13-00.10.43:335][527]LogSavePackage: Moving '../../../../../../Users/darkm/Documents/GitHub/SushiShop/SushiShop/Saved/Shop_Main_Auto40896018D4D19003ED97007B1EF5A2D6D.tmp' to '../../../../../../Users/darkm/Documents/GitHub/SushiShop/SushiShop/Saved/Autosaves/Game/SushiShop/Shop_Main_Auto4.umap'
[2018.02.13-00.10.43:336][527]LogSavePackage: Display: Finished SavePackage ../../../../../../Users/darkm/Documents/GitHub/SushiShop/SushiShop/Saved/Autosaves/Game/SushiShop/Shop_Main_Auto4.umap
[2018.02.13-00.10.43:337][527]LogFileHelpers: Editor autosave (incl. sublevels) for '/Game/SushiShop/Shop_Main' took 0.049
[2018.02.13-00.10.43:337][527]LogFileHelpers: Editor autosave (incl. sublevels) for all levels took 0.049
[2018.02.13-00.10.43:362][527]OBJ SavePackage: Generating thumbnails for [0] asset(s) in package [/Game/SushiShop/BluePrints/BoatTrigger] ([1] browsable assets)...
[2018.02.13-00.10.43:362][527]OBJ SavePackage: Finished generating thumbnails for package [/Game/SushiShop/BluePrints/BoatTrigger]
[2018.02.13-00.10.43:374][527]LogSavePackage: Save=9.35ms
[2018.02.13-00.10.43:374][527]LogSavePackage: Moving '../../../../../../Users/darkm/Documents/GitHub/SushiShop/SushiShop/Saved/BoatTrigger_Auto4B86625B34BB0F3F01283ACBC15C39777.tmp' to '../../../../../../Users/darkm/Documents/GitHub/SushiShop/SushiShop/Saved/Autosaves/Game/SushiShop/BluePrints/BoatTrigger_Auto4.uasset'
[2018.02.13-00.10.43:375][527]LogSavePackage: Display: Finished SavePackage ../../../../../../Users/darkm/Documents/GitHub/SushiShop/SushiShop/Saved/Autosaves/Game/SushiShop/BluePrints/BoatTrigger_Auto4.uasset
[2018.02.13-00.10.43:375][527]OBJ SavePackage: Generating thumbnails for [0] asset(s) in package [/Game/SushiShop/Shop_Main_BuiltData] ([1] browsable assets)...
[2018.02.13-00.10.43:375][527]OBJ SavePackage: Finished generating thumbnails for package [/Game/SushiShop/Shop_Main_BuiltData]
[2018.02.13-00.10.43:382][527]LogSavePackage: Save=4.72ms
[2018.02.13-00.10.43:382][527]LogSavePackage: Moving '../../../../../../Users/darkm/Documents/GitHub/SushiShop/SushiShop/Saved/Shop_Main_BuiltData_Auto4C403BAE24CB5135D6E897B9B41C430D9.tmp' to '../../../../../../Users/darkm/Documents/GitHub/SushiShop/SushiShop/Saved/Autosaves/Game/SushiShop/Shop_Main_BuiltData_Auto4.uasset'
[2018.02.13-00.10.43:389][527]LogSavePackage: Display: Finished SavePackage ../../../../../../Users/darkm/Documents/GitHub/SushiShop/SushiShop/Saved/Autosaves/Game/SushiShop/Shop_Main_BuiltData_Auto4.uasset
[2018.02.13-00.10.43:389][527]LogFileHelpers: Auto-saving content packages took 0.027
[2018.02.13-00.12.49:653][859]LogSlate: Took 0.002918 seconds to synchronously load lazily loaded font '../../../Engine/Content/Editor/Slate/Fonts/Roboto-BoldCondensedItalic.ttf' (160K)
[2018.02.13-00.12.50:967][871]LogWindows: Windows GetLastError: The operation completed successfully. (0)
[2018.02.13-00.12.51:891][871]LogWindows: Error: === Critical error: ===
[2018.02.13-00.12.51:891][871]LogWindows: Error: 
[2018.02.13-00.12.51:891][871]LogWindows: Error: Assertion failed: SetWindowRgn( HWnd, Region, false ) [File:D:\Build\++UE4+Release-4.18+Compile\Sync\Engine\Source\Runtime\ApplicationCore\Private\Windows\WindowsWindow.cpp] [Line: 400] 
[2018.02.13-00.12.51:891][871]LogWindows: Error: 
[2018.02.13-00.12.51:891][871]LogWindows: Error: 
[2018.02.13-00.12.51:892][871]LogWindows: Error: 
[2018.02.13-00.12.51:892][871]LogWindows: Error: [Callstack] 0x000000005B603FB8 KERNELBASE.dll!UnknownFunction []
[2018.02.13-00.12.51:892][871]LogWindows: Error: [Callstack] 0x000000004BF076D4 UE4Editor-ApplicationCore.dll!UnknownFunction []
[2018.02.13-00.12.51:892][871]LogWindows: Error: [Callstack] 0x00000000432A330B UE4Editor-Core.dll!UnknownFunction []
[2018.02.13-00.12.51:892][871]LogWindows: Error: [Callstack] 0x00000000432347F9 UE4Editor-Core.dll!UnknownFunction []
[2018.02.13-00.12.51:892][871]LogWindows: Error: [Callstack] 0x000000004BF04CF3 UE4Editor-ApplicationCore.dll!UnknownFunction []
[2018.02.13-00.12.51:892][871]LogWindows: Error: [Callstack] 0x00000000421E0F7D UE4Editor-SlateCore.dll!UnknownFunction []
[2018.02.13-00.12.51:892][871]LogWindows: Error: [Callstack] 0x0000000044F26A5D UE4Editor-Slate.dll!UnknownFunction []
[2018.02.13-00.12.51:892][871]LogWindows: Error: [Callstack] 0x0000000044EF2D46 UE4Editor-Slate.dll!UnknownFunction []
[2018.02.13-00.12.51:892][871]LogWindows: Error: [Callstack] 0x0000000044F27389 UE4Editor-Slate.dll!UnknownFunction []
[2018.02.13-00.12.51:892][871]LogWindows: Error: [Callstack] 0x0000000044EF4140 UE4Editor-Slate.dll!UnknownFunction []
[2018.02.13-00.12.51:892][871]LogWindows: Error: [Callstack] 0x0000000044F4D867 UE4Editor-Slate.dll!UnknownFunction []
[2018.02.13-00.12.51:892][871]LogWindows: Error: [Callstack] 0x0000000044F4C953 UE4Editor-Slate.dll!UnknownFunction []
[2018.02.13-00.12.51:892][871]LogWindows: Error: [Callstack] 0x00000000117A69CA UE4Editor.exe!UnknownFunction []
[2018.02.13-00.12.51:892][871]LogWindows: Error: [Callstack] 0x00000000117B5430 UE4Editor.exe!UnknownFunction []
[2018.02.13-00.12.51:892][871]LogWindows: Error: [Callstack] 0x00000000117B54AA UE4Editor.exe!UnknownFunction []
[2018.02.13-00.12.51:892][871]LogWindows: Error: [Callstack] 0x00000000117C2379 UE4Editor.exe!UnknownFunction []
[2018.02.13-00.12.51:892][871]LogWindows: Error: [Callstack] 0x00000000117C3D57 UE4Editor.exe!UnknownFunction []
[2018.02.13-00.12.51:892][871]LogWindows: Error: [Callstack] 0x000000005DE21FE4 KERNEL32.DLL!UnknownFunction []
[2018.02.13-00.12.51:892][871]LogWindows: Error: [Callstack] 0x000000005E63EFC1 ntdll.dll!UnknownFunction []
[2018.02.13-00.12.51:892][871]LogWindows: Error: [Callstack] 0x000000005E63EFC1 ntdll.dll!UnknownFunction []
[2018.02.13-00.12.51:892][871]LogWindows: Error: 
[2018.02.13-00.12.51:905][871]LogExit: Executing StaticShutdownAfterError
[2018.02.13-00.12.51:910][871]LogWindows: FPlatformMisc::RequestExit(1)
[2018.02.13-00.12.51:910][871]Log file closed, 02/12/18 16:12:51
