Log file open, 05/03/18 23:19:23
LogWindows: Failed to load 'aqProf.dll' (GetLastError=126)
LogWindows: File 'aqProf.dll' does not exist
LogWindows: Failed to load 'VSPerf140.dll' (GetLastError=126)
LogWindows: File 'VSPerf140.dll' does not exist
LogWindows: Failed to load 'VtuneApi.dll' (GetLastError=126)
LogWindows: File 'VtuneApi.dll' does not exist
LogWindows: Failed to load 'VtuneApi32e.dll' (GetLastError=126)
LogWindows: File 'VtuneApi32e.dll' does not exist
LogInit: Display: Running engine for game: SushiShop
LogPlatformFile: Not using cached read wrapper
LogInit: Display: RandInit(25475494) SRandInit(25475495).
LogInit: Read version file with build ID '3709383'
LogInit: Overriding engine version to CL 3832480, compatible CL 3709383
LogInit: Registered custom module enumerator with build ID '3709383'
LogTaskGraph: Started task graph with 5 named threads and 14 total threads with 3 sets of task threads.
LogStats: Stats thread started at 0.151121
LogD3D11RHI: Aftermath initialized
LogModuleManager: Display: Found up-to-date module file ../../../Engine/Plugins/Marketplace/Substance/Binaries/Win64/UE4Editor-SubstanceCore.dll (API version 3709383).
LogModuleManager: Display: Found up-to-date module file ../../../Engine/Plugins/Marketplace/Substance/Binaries/Win64/UE4Editor-SubstanceEditor.dll (API version 3709383).
LogModuleManager: Display: Found up-to-date module file ../../../Engine/Plugins/Marketplace/Substance/Binaries/Win64/UE4Editor-SubstanceSource.dll (API version 3709383).
LogModuleManager: Display: Found up-to-date module file ../../../Engine/Plugins/Marketplace/Substance/Binaries/Win64/UE4Editor-SubstanceLiveLink.dll (API version 3709383).
LogModuleManager: Display: Found up-to-date module file ../../../Engine/Plugins/Runtime/ApexDestruction/Binaries/Win64/UE4Editor-ApexDestruction.dll (API version 3709383).
LogModuleManager: Display: Found up-to-date module file ../../../Engine/Plugins/Runtime/ApexDestruction/Binaries/Win64/UE4Editor-ApexDestructionEditor.dll (API version 3709383).
LogModuleManager: Display: Found up-to-date module file ../../../Engine/Plugins/Experimental/BlueprintStats/Binaries/Win64/UE4Editor-BlueprintStats.dll (API version 3709383).
LogModuleManager: Display: Found up-to-date module file ../../../Engine/Plugins/Runtime/Oculus/OculusAudio/Binaries/Win64/UE4Editor-OculusAudio.dll (API version 3709383).
LogModuleManager: Display: Found up-to-date module file ../../../Engine/Plugins/Runtime/SoundVisualizations/Binaries/Win64/UE4Editor-SoundVisualizations.dll (API version 3709383).
LogModuleManager: Display: Found up-to-date module file ../../../Engine/Plugins/2D/Paper2D/Binaries/Win64/UE4Editor-Paper2D.dll (API version 3709383).
LogModuleManager: Display: Found up-to-date module file ../../../Engine/Plugins/2D/Paper2D/Binaries/Win64/UE4Editor-Paper2DEditor.dll (API version 3709383).
LogModuleManager: Display: Found up-to-date module file ../../../Engine/Plugins/2D/Paper2D/Binaries/Win64/UE4Editor-PaperSpriteSheetImporter.dll (API version 3709383).
LogModuleManager: Display: Found up-to-date module file ../../../Engine/Plugins/2D/Paper2D/Binaries/Win64/UE4Editor-PaperTiledImporter.dll (API version 3709383).
LogModuleManager: Display: Found up-to-date module file ../../../Engine/Plugins/2D/Paper2D/Binaries/Win64/UE4Editor-SmartSnapping.dll (API version 3709383).
LogModuleManager: Display: Found up-to-date module file ../../../Engine/Plugins/Blendables/LightPropagationVolume/Binaries/Win64/UE4Editor-LightPropagationVolumeRuntime.dll (API version 3709383).
LogModuleManager: Display: Found up-to-date module file ../../../Engine/Plugins/Blendables/LightPropagationVolume/Binaries/Win64/UE4Editor-LightPropagationVolumeEditor.dll (API version 3709383).
LogModuleManager: Display: Found up-to-date module file ../../../Engine/Plugins/Developer/GitSourceControl/Binaries/Win64/UE4Editor-GitSourceControl.dll (API version 3709383).
LogModuleManager: Display: Found up-to-date module file ../../../Engine/Plugins/Developer/PerforceSourceControl/Binaries/Win64/UE4Editor-PerforceSourceControl.dll (API version 3709383).
LogModuleManager: Display: Found up-to-date module file ../../../Engine/Plugins/Developer/SubversionSourceControl/Binaries/Win64/UE4Editor-SubversionSourceControl.dll (API version 3709383).
LogModuleManager: Display: Found up-to-date module file ../../../Engine/Plugins/Developer/UObjectPlugin/Binaries/Win64/UE4Editor-UObjectPlugin.dll (API version 3709383).
LogModuleManager: Display: Found up-to-date module file ../../../Engine/Plugins/Developer/VisualStudioCodeSourceCodeAccess/Binaries/Win64/UE4Editor-VisualStudioCodeSourceCodeAccess.dll (API version 3709383).
LogModuleManager: Display: Found up-to-date module file ../../../Engine/Plugins/Developer/VisualStudioSourceCodeAccess/Binaries/Win64/UE4Editor-VisualStudioSourceCodeAccess.dll (API version 3709383).
LogModuleManager: Display: Found up-to-date module file ../../../Engine/Plugins/Editor/AssetManagerEditor/Binaries/Win64/UE4Editor-AssetManagerEditor.dll (API version 3709383).
LogModuleManager: Display: Found up-to-date module file ../../../Engine/Plugins/Editor/AudioCapture/Binaries/Win64/UE4Editor-AudioCapture.dll (API version 3709383).
LogModuleManager: Display: Found up-to-date module file ../../../Engine/Plugins/Editor/FacialAnimation/Binaries/Win64/UE4Editor-FacialAnimation.dll (API version 3709383).
LogModuleManager: Display: Found up-to-date module file ../../../Engine/Plugins/Editor/FacialAnimation/Binaries/Win64/UE4Editor-FacialAnimationEditor.dll (API version 3709383).
LogModuleManager: Display: Found up-to-date module file ../../../Engine/Plugins/Editor/GameplayTagsEditor/Binaries/Win64/UE4Editor-GameplayTagsEditor.dll (API version 3709383).
LogModuleManager: Display: Found up-to-date module file ../../../Engine/Plugins/Editor/MobileLauncherProfileWizard/Binaries/Win64/UE4Editor-MobileLauncherProfileWizard.dll (API version 3709383).
LogModuleManager: Display: Found up-to-date module file ../../../Engine/Plugins/Editor/PluginBrowser/Binaries/Win64/UE4Editor-PluginBrowser.dll (API version 3709383).
LogModuleManager: Display: Found up-to-date module file ../../../Engine/Plugins/Editor/SpeedTreeImporter/Binaries/Win64/UE4Editor-SpeedTreeImporter.dll (API version 3709383).
LogModuleManager: Display: Found up-to-date module file ../../../Engine/Plugins/Experimental/AlembicImporter/Binaries/Win64/UE4Editor-AlembicImporter.dll (API version 3709383).
LogModuleManager: Display: Found up-to-date module file ../../../Engine/Plugins/Experimental/AlembicImporter/Binaries/Win64/UE4Editor-AlembicLibrary.dll (API version 3709383).
LogModuleManager: Display: Found up-to-date module file ../../../Engine/Plugins/Experimental/CharacterAI/Binaries/Win64/UE4Editor-CharacterAI.dll (API version 3709383).
LogModuleManager: Display: Found up-to-date module file ../../../Engine/Plugins/Experimental/HTML5Networking/Binaries/Win64/UE4Editor-HTML5Networking.dll (API version 3709383).
LogModuleManager: Display: Found up-to-date module file ../../../Engine/Plugins/Media/AndroidMedia/Binaries/Win64/UE4Editor-AndroidMediaEditor.dll (API version 3709383).
LogModuleManager: Display: Found up-to-date module file ../../../Engine/Plugins/Media/AndroidMedia/Binaries/Win64/UE4Editor-AndroidMediaFactory.dll (API version 3709383).
LogModuleManager: Display: Found up-to-date module file ../../../Engine/Plugins/Media/AvfMedia/Binaries/Win64/UE4Editor-AvfMediaEditor.dll (API version 3709383).
LogModuleManager: Display: Found up-to-date module file ../../../Engine/Plugins/Media/AvfMedia/Binaries/Win64/UE4Editor-AvfMediaFactory.dll (API version 3709383).
LogModuleManager: Display: Found up-to-date module file ../../../Engine/Plugins/Media/AvfMedia/Binaries/Win64/UE4Editor-AvfMediaFactory.dll (API version 3709383).
LogModuleManager: Display: Found up-to-date module file ../../../Engine/Plugins/Media/ImgMedia/Binaries/Win64/UE4Editor-ImgMedia.dll (API version 3709383).
LogModuleManager: Display: Found up-to-date module file ../../../Engine/Plugins/Media/ImgMedia/Binaries/Win64/UE4Editor-ImgMediaEditor.dll (API version 3709383).
LogModuleManager: Display: Found up-to-date module file ../../../Engine/Plugins/Media/ImgMedia/Binaries/Win64/UE4Editor-ImgMediaFactory.dll (API version 3709383).
LogModuleManager: Display: Found up-to-date module file ../../../Engine/Plugins/Media/ImgMedia/Binaries/Win64/UE4Editor-ImgMediaFactory.dll (API version 3709383).
LogModuleManager: Display: Found up-to-date module file ../../../Engine/Plugins/Media/ImgMedia/Binaries/Win64/UE4Editor-OpenExrWrapper.dll (API version 3709383).
LogModuleManager: Display: Found up-to-date module file ../../../Engine/Plugins/Media/MediaCompositing/Binaries/Win64/UE4Editor-MediaCompositing.dll (API version 3709383).
LogModuleManager: Display: Found up-to-date module file ../../../Engine/Plugins/Media/MediaCompositing/Binaries/Win64/UE4Editor-MediaCompositingEditor.dll (API version 3709383).
LogModuleManager: Display: Found up-to-date module file ../../../Engine/Plugins/Media/MediaPlayerEditor/Binaries/Win64/UE4Editor-MediaPlayerEditor.dll (API version 3709383).
LogModuleManager: Display: Found up-to-date module file ../../../Engine/Plugins/Media/WmfMedia/Binaries/Win64/UE4Editor-WmfMedia.dll (API version 3709383).
LogModuleManager: Display: Found up-to-date module file ../../../Engine/Plugins/Media/WmfMedia/Binaries/Win64/UE4Editor-WmfMediaEditor.dll (API version 3709383).
LogModuleManager: Display: Found up-to-date module file ../../../Engine/Plugins/Media/WmfMedia/Binaries/Win64/UE4Editor-WmfMediaFactory.dll (API version 3709383).
LogModuleManager: Display: Found up-to-date module file ../../../Engine/Plugins/Media/WmfMedia/Binaries/Win64/UE4Editor-WmfMediaFactory.dll (API version 3709383).
LogModuleManager: Display: Found up-to-date module file ../../../Engine/Plugins/Messaging/TcpMessaging/Binaries/Win64/UE4Editor-TcpMessaging.dll (API version 3709383).
LogModuleManager: Display: Found up-to-date module file ../../../Engine/Plugins/Messaging/UdpMessaging/Binaries/Win64/UE4Editor-UdpMessaging.dll (API version 3709383).
LogModuleManager: Display: Found up-to-date module file ../../../Engine/Plugins/MovieScene/ActorSequence/Binaries/Win64/UE4Editor-ActorSequence.dll (API version 3709383).
LogModuleManager: Display: Found up-to-date module file ../../../Engine/Plugins/MovieScene/LevelSequenceEditor/Binaries/Win64/UE4Editor-LevelSequenceEditor.dll (API version 3709383).
LogModuleManager: Display: Found up-to-date module file ../../../Engine/Plugins/MovieScene/MatineeToLevelSequence/Binaries/Win64/UE4Editor-MatineeToLevelSequence.dll (API version 3709383).
LogModuleManager: Display: Found up-to-date module file ../../../Engine/Plugins/Online/OnlineSubsystem/Binaries/Win64/UE4Editor-OnlineSubsystem.dll (API version 3709383).
LogModuleManager: Display: Found up-to-date module file ../../../Engine/Plugins/Runtime/AndroidPermission/Binaries/Win64/UE4Editor-AndroidPermission.dll (API version 3709383).
LogModuleManager: Display: Found up-to-date module file ../../../Engine/Plugins/Online/OnlineSubsystemNull/Binaries/Win64/UE4Editor-OnlineSubsystemNull.dll (API version 3709383).
LogModuleManager: Display: Found up-to-date module file ../../../Engine/Plugins/Online/OnlineSubsystemUtils/Binaries/Win64/UE4Editor-OnlineSubsystemUtils.dll (API version 3709383).
LogModuleManager: Display: Found up-to-date module file ../../../Engine/Plugins/Online/OnlineSubsystemUtils/Binaries/Win64/UE4Editor-OnlineBlueprintSupport.dll (API version 3709383).
LogModuleManager: Display: Found up-to-date module file ../../../Engine/Plugins/Runtime/AndroidDeviceProfileSelector/Binaries/Win64/UE4Editor-AndroidDeviceProfileSelector.dll (API version 3709383).
LogModuleManager: Display: Found up-to-date module file ../../../Engine/Plugins/Runtime/AppleARKit/Binaries/Win64/UE4Editor-AppleARKit.dll (API version 3709383).
LogModuleManager: Display: Found up-to-date module file ../../../Engine/Plugins/Runtime/ArchVisCharacter/Binaries/Win64/UE4Editor-ArchVisCharacter.dll (API version 3709383).
LogModuleManager: Display: Found up-to-date module file ../../../Engine/Plugins/Runtime/CableComponent/Binaries/Win64/UE4Editor-CableComponent.dll (API version 3709383).
LogModuleManager: Display: Found up-to-date module file ../../../Engine/Plugins/Runtime/CustomMeshComponent/Binaries/Win64/UE4Editor-CustomMeshComponent.dll (API version 3709383).
LogModuleManager: Display: Found up-to-date module file ../../../Engine/Plugins/Runtime/ExampleDeviceProfileSelector/Binaries/Win64/UE4Editor-ExampleDeviceProfileSelector.dll (API version 3709383).
LogModuleManager: Display: Found up-to-date module file ../../../Engine/Plugins/Runtime/ImmediatePhysics/Binaries/Win64/UE4Editor-ImmediatePhysics.dll (API version 3709383).
LogModuleManager: Display: Found up-to-date module file ../../../Engine/Plugins/Runtime/ImmediatePhysics/Binaries/Win64/UE4Editor-ImmediatePhysicsEditor.dll (API version 3709383).
LogModuleManager: Display: Found up-to-date module file ../../../Engine/Plugins/Runtime/LocationServicesBPLibrary/Binaries/Win64/UE4Editor-LocationServicesBPLibrary.dll (API version 3709383).
LogModuleManager: Display: Found up-to-date module file ../../../Engine/Plugins/Runtime/MobilePatchingUtils/Binaries/Win64/UE4Editor-MobilePatchingUtils.dll (API version 3709383).
LogModuleManager: Display: Found up-to-date module file ../../../Engine/Plugins/Runtime/Oculus/OculusVR/Binaries/Win64/UE4Editor-OculusHMD.dll (API version 3709383).
LogModuleManager: Display: Found up-to-date module file ../../../Engine/Plugins/Runtime/Oculus/OculusVR/Binaries/Win64/UE4Editor-OculusInput.dll (API version 3709383).
LogModuleManager: Display: Found up-to-date module file ../../../Engine/Plugins/Runtime/Oculus/OculusVR/Binaries/Win64/UE4Editor-OculusEditor.dll (API version 3709383).
LogModuleManager: Display: Found up-to-date module file ../../../Engine/Plugins/Runtime/PhysXVehicles/Binaries/Win64/UE4Editor-PhysXVehicles.dll (API version 3709383).
LogModuleManager: Display: Found up-to-date module file ../../../Engine/Plugins/Runtime/PhysXVehicles/Binaries/Win64/UE4Editor-PhysXVehiclesEditor.dll (API version 3709383).
LogModuleManager: Display: Found up-to-date module file ../../../Engine/Plugins/Runtime/ProceduralMeshComponent/Binaries/Win64/UE4Editor-ProceduralMeshComponent.dll (API version 3709383).
LogModuleManager: Display: Found up-to-date module file ../../../Engine/Plugins/Runtime/ProceduralMeshComponent/Binaries/Win64/UE4Editor-ProceduralMeshComponentEditor.dll (API version 3709383).
LogModuleManager: Display: Found up-to-date module file ../../../Engine/Plugins/Runtime/RuntimePhysXCooking/Binaries/Win64/UE4Editor-RuntimePhysXCooking.dll (API version 3709383).
LogModuleManager: Display: Found up-to-date module file ../../../Engine/Plugins/Runtime/Steam/SteamVR/Binaries/Win64/UE4Editor-SteamVR.dll (API version 3709383).
LogModuleManager: Display: Found up-to-date module file ../../../Engine/Plugins/Runtime/Steam/SteamVR/Binaries/Win64/UE4Editor-SteamVRController.dll (API version 3709383).
LogModuleManager: Display: Found up-to-date module file ../../../Engine/Plugins/Runtime/WindowsMoviePlayer/Binaries/Win64/UE4Editor-WindowsMoviePlayer.dll (API version 3709383).
LogPluginManager: Mounting plugin Paper2D
LogPluginManager: Mounting plugin LightPropagationVolume
LogPluginManager: Mounting plugin CodeLiteSourceCodeAccess
LogPluginManager: Mounting plugin GitSourceControl
LogPluginManager: Mounting plugin KDevelopSourceCodeAccess
LogPluginManager: Mounting plugin NullSourceCodeAccess
LogPluginManager: Mounting plugin PerforceSourceControl
LogPluginManager: Mounting plugin SubversionSourceControl
LogPluginManager: Mounting plugin UObjectPlugin
LogPluginManager: Mounting plugin VisualStudioCodeSourceCodeAccess
LogPluginManager: Mounting plugin VisualStudioSourceCodeAccess
LogPluginManager: Mounting plugin XCodeSourceCodeAccess
LogPluginManager: Mounting plugin AssetManagerEditor
LogPluginManager: Mounting plugin AudioCapture
LogPluginManager: Mounting plugin FacialAnimation
LogPluginManager: Mounting plugin GameplayTagsEditor
LogPluginManager: Mounting plugin MobileLauncherProfileWizard
LogPluginManager: Mounting plugin PluginBrowser
LogPluginManager: Mounting plugin SpeedTreeImporter
LogPluginManager: Mounting plugin AlembicImporter
LogPluginManager: Mounting plugin BlueprintStats
LogPluginManager: Mounting plugin CharacterAI
LogPluginManager: Mounting plugin HTML5Networking
LogPluginManager: Mounting plugin Substance
LogPluginManager: Mounting plugin AndroidMedia
LogPluginManager: Mounting plugin AvfMedia
LogPluginManager: Mounting plugin ImgMedia
LogPluginManager: Mounting plugin MediaCompositing
LogPluginManager: Mounting plugin MediaPlayerEditor
LogPluginManager: Mounting plugin WmfMedia
LogPluginManager: Mounting plugin TcpMessaging
LogPluginManager: Mounting plugin UdpMessaging
LogPluginManager: Mounting plugin ActorSequence
LogPluginManager: Mounting plugin LevelSequenceEditor
LogPluginManager: Mounting plugin MatineeToLevelSequence
LogPluginManager: Mounting plugin OnlineSubsystemGooglePlay
LogPluginManager: Mounting plugin OnlineSubsystemIOS
LogPluginManager: Mounting plugin OnlineSubsystem
LogPluginManager: Mounting plugin OnlineSubsystemNull
LogPluginManager: Mounting plugin OnlineSubsystemUtils
LogPluginManager: Mounting plugin AndroidDeviceProfileSelector
LogPluginManager: Mounting plugin AndroidMoviePlayer
LogPluginManager: Mounting plugin AndroidPermission
LogPluginManager: Mounting plugin ApexDestruction
LogPluginManager: Mounting plugin AppleARKit
LogPluginManager: Mounting plugin AppleMoviePlayer
LogPluginManager: Mounting plugin ArchVisCharacter
LogPluginManager: Mounting plugin CableComponent
LogPluginManager: Mounting plugin CustomMeshComponent
LogPluginManager: Mounting plugin ExampleDeviceProfileSelector
LogPluginManager: Mounting plugin GoogleCloudMessaging
LogPluginManager: Mounting plugin ImmediatePhysics
LogPluginManager: Mounting plugin IOSDeviceProfileSelector
LogPluginManager: Mounting plugin LinuxDeviceProfileSelector
LogPluginManager: Mounting plugin LocationServicesBPLibrary
LogPluginManager: Mounting plugin MobilePatchingUtils
LogPluginManager: Mounting plugin OculusAudio
LogPluginManager: Mounting plugin OculusVR
LogPluginManager: Plugin shader directory ../../../Engine/Plugins/Runtime/Oculus/OculusVR/Shaders found
LogPluginManager: Mapping shader source directory ../../../Engine/Plugins/Runtime/Oculus/OculusVR/Shaders to virtual directory /Plugin/OculusVR
LogPluginManager: Mounting plugin PhysXVehicles
LogPluginManager: Mounting plugin ProceduralMeshComponent
LogPluginManager: Mounting plugin RuntimePhysXCooking
LogPluginManager: Mounting plugin SoundVisualizations
LogPluginManager: Mounting plugin SteamVR
LogPluginManager: Mounting plugin WindowsMoviePlayer
LogInit: Using libcurl 7.47.1
LogInit:  - built for x86_64-pc-win32
LogInit:  - supports SSL with OpenSSL/1.0.2g
LogInit:  - supports HTTP deflate (compression) using libz 1.2.8
LogInit:  - other features:
LogInit:      CURL_VERSION_SSL
LogInit:      CURL_VERSION_LIBZ
LogInit:      CURL_VERSION_IPV6
LogInit:      CURL_VERSION_ASYNCHDNS
LogInit:      CURL_VERSION_LARGEFILE
LogInit:      CURL_VERSION_IDN
LogInit:  CurlRequestOptions (configurable via config and command line):
LogInit:  - bVerifyPeer = false  - Libcurl will NOT verify peer certificate
LogInit:  - bUseHttpProxy = false  - Libcurl will NOT use HTTP proxy
LogInit:  - bDontReuseConnections = false  - Libcurl will reuse connections
LogInit:  - CertBundlePath = nullptr  - Libcurl will use whatever was configured at build time.
LogInit: Build: ++UE4+Release-4.18-CL-3832480
LogInit: Engine Version: 4.18.3-3832480+++UE4+Release-4.18
LogInit: Compatible Engine Version: 4.18.0-3709383+++UE4+Release-4.18
LogInit: Net CL: 3709383
LogDevObjectVersion: Number of dev versions registered: 16
LogDevObjectVersion:   Dev-Blueprints (B0D832E4-1F89-4F0D-ACCF-7EB736FD4AA2): 10
LogDevObjectVersion:   Dev-Build (E1C64328-A22C-4D53-A36C-8E866417BD8C): 0
LogDevObjectVersion:   Dev-Core (375EC13C-06E4-48FB-B500-84F0262A717E): 2
LogDevObjectVersion:   Dev-Editor (E4B068ED-F494-42E9-A231-DA0B2E46BB41): 20
LogDevObjectVersion:   Dev-Framework (CFFC743F-43B0-4480-9391-14DF171D2073): 30
LogDevObjectVersion:   Dev-Mobile (B02B49B5-BB20-44E9-A304-32B752E40360): 0
LogDevObjectVersion:   Dev-Networking (A4E4105C-59A1-49B5-A7C5-40C4547EDFEE): 0
LogDevObjectVersion:   Dev-Online (39C831C9-5AE6-47DC-9A44-9C173E1C8E7C): 0
LogDevObjectVersion:   Dev-Physics (78F01B33-EBEA-4F98-B9B4-84EACCB95AA2): 0
LogDevObjectVersion:   Dev-Platform (6631380F-2D4D-43E0-8009-CF276956A95A): 0
LogDevObjectVersion:   Dev-Rendering (12F88B9F-8875-4AFC-A67C-D90C383ABD29): 20
LogDevObjectVersion:   Dev-Sequencer (7B5AE74C-D270-4C10-A958-57980B212A5A): 4
LogDevObjectVersion:   Dev-VR (D7296918-1DD6-4BDD-9DE2-64A83CC13884): 0
LogDevObjectVersion:   Dev-LoadTimes (C2A15278-BFE7-4AFE-6C17-90FF531DF755): 1
LogDevObjectVersion:   Private-Geometry (6EACA3D4-40EC-4CC1-B786-8BED09428FC5): 1
LogDevObjectVersion:   Dev-AnimPhys (29E575DD-E0A3-4627-9D10-D276232CDCEA): 12
LogInit: Compiled (64-bit): Jan 12 2018 02:04:55
LogInit: Compiled with Visual C++: 19.00.24215.01
LogInit: Build Configuration: Development
LogInit: Branch Name: ++UE4+Release-4.18
LogInit: Command line:  
LogInit: Base directory: C:/Program Files/Epic Games/UE_4.18/Engine/Binaries/Win64/
LogInit: Installed Engine Build: 1
LogInit: Presizing for max 8388607 objects, including 0 objects not considered by GC, pre-allocating 0 bytes for permanent pool.
LogInit: Object subsystem initialized
[2018.05.04-06.19.24:740][  0]LogInit: Selected Device Profile: [Windows]
[2018.05.04-06.19.24:740][  0]LogInit: Applying CVar settings loaded from the selected device profile: [Windows]
[2018.05.04-06.19.24:748][  0]LogInit: Computer: DESKTOP-TMTLRPJ
[2018.05.04-06.19.24:748][  0]LogInit: User: GameDevClub
[2018.05.04-06.19.24:748][  0]LogInit: CPU Page size=4096, Cores=4
[2018.05.04-06.19.24:748][  0]LogInit: High frequency timer resolution =4.101564 MHz
[2018.05.04-06.19.24:748][  0]LogMemory: Memory total: Physical=16.0GB (16GB approx)
[2018.05.04-06.19.24:748][  0]LogMemory: Platform Memory Stats for Windows
[2018.05.04-06.19.24:748][  0]LogMemory: Process Physical Memory: 280.91 MB used, 280.91 MB peak
[2018.05.04-06.19.24:748][  0]LogMemory: Process Virtual Memory: 272.43 MB used, 272.43 MB peak
[2018.05.04-06.19.24:748][  0]LogMemory: Physical Memory: 5533.35 MB used,  10813.78 MB free, 16347.13 MB total
[2018.05.04-06.19.24:748][  0]LogMemory: Virtual Memory: 734.14 MB used,  10813.78 MB free, 134217728.00 MB total
[2018.05.04-06.19.24:857][  0]LogInit: Using OS detected language (en-US).
[2018.05.04-06.19.24:857][  0]LogInit: Using OS detected locale (en-US).
[2018.05.04-06.19.24:859][  0]LogTextLocalizationManager: No specific localization for 'en-US' exists, so the 'en' localization will be used.
[2018.05.04-06.19.25:140][  0]LogInit: Setting process to per monitor DPI aware
[2018.05.04-06.19.25:329][  0]LogD3D11RHI: D3D11 adapters:
[2018.05.04-06.19.25:359][  0]LogD3D11RHI:    0. 'NVIDIA GeForce GTX 1080 Ti' (Feature Level 11_0)
[2018.05.04-06.19.25:359][  0]LogD3D11RHI:       11127/0/8173 MB DedicatedVideo/DedicatedSystem/SharedSystem, Outputs:3, VendorId:0x10de
[2018.05.04-06.19.25:360][  0]LogD3D11RHI:    1. 'Microsoft Basic Render Driver' (Feature Level 11_0)
[2018.05.04-06.19.25:360][  0]LogD3D11RHI:       0/0/8173 MB DedicatedVideo/DedicatedSystem/SharedSystem, Outputs:0, VendorId:0x1414
[2018.05.04-06.19.25:360][  0]LogD3D11RHI: Chosen D3D11 Adapter: 0
[2018.05.04-06.19.25:365][  0]LogD3D11RHI: Creating new Direct3DDevice
[2018.05.04-06.19.25:365][  0]LogD3D11RHI:     GPU DeviceId: 0x1b06 (for the marketing name, search the web for "GPU Device Id")
[2018.05.04-06.19.25:365][  0]LogWindows: EnumDisplayDevices:
[2018.05.04-06.19.25:365][  0]LogWindows:    0. 'NVIDIA GeForce GTX 1080 Ti' (P:1 D:1)
[2018.05.04-06.19.25:365][  0]LogWindows:    1. 'NVIDIA GeForce GTX 1080 Ti' (P:0 D:1)
[2018.05.04-06.19.25:365][  0]LogWindows:    2. 'NVIDIA GeForce GTX 1080 Ti' (P:0 D:1)
[2018.05.04-06.19.25:365][  0]LogWindows:    3. 'NVIDIA GeForce GTX 1080 Ti' (P:0 D:0)
[2018.05.04-06.19.25:365][  0]LogWindows: DebugString: GetVideoDriverDetailsInvalid PrimaryIsNotTheChoosenAdapter GetVideoDriverDetailsInvalid PrimaryIsNotTheChoosenAdapter GetVideoDriverDetailsInvalid PrimaryIsNotTheChoosenAdapter GetVideoDriverDetailsInvalid PrimaryIsNotTheChoosenAdapter FoundDriverCount:0 
[2018.05.04-06.19.25:365][  0]LogD3D11RHI:     Adapter Name: NVIDIA GeForce GTX 1080 Ti
[2018.05.04-06.19.25:365][  0]LogD3D11RHI:   Driver Version: Unknown (internal:Unknown, unified:Unknown)
[2018.05.04-06.19.25:365][  0]LogD3D11RHI:      Driver Date: Unknown
[2018.05.04-06.19.25:365][  0]LogRHI: Texture pool is 7788 MB (70% of 11127 MB)
[2018.05.04-06.19.25:385][  0]LogD3D11RHI: Async texture creation enabled
[2018.05.04-06.19.25:430][  0]LogD3D11RHI: GPU Timing Frequency: 1000.000000 (Debug: 2 2)
[2018.05.04-06.19.25:527][  0]LogShaderCompilers: Guid format shader working directory is -20 characters bigger than the processId version (../../../../../../Users/GameDevClub/Documents/GitHub/SushiShop/SushiShop/Intermediate/Shaders/WorkingDirectory/5068/).
[2018.05.04-06.19.25:527][  0]LogShaderCompilers: Cleaned the shader compiler working directory 'C:/Users/GameDevClub/AppData/Local/Temp/UnrealShaderWorkingDir/A98C5D5340A7E78E1A226D8D15D3AAF0/'.
[2018.05.04-06.19.25:527][  0]LogShaderCompilers: Display: Using Local Shader Compiler.
[2018.05.04-06.19.26:164][  0]LogTemp: Display: Loaded TP AllDesktopTargetPlatform
[2018.05.04-06.19.26:204][  0]LogTemp: Display: Loaded TP MacClientTargetPlatform
[2018.05.04-06.19.26:245][  0]LogTemp: Display: Loaded TP MacNoEditorTargetPlatform
[2018.05.04-06.19.26:287][  0]LogTemp: Display: Loaded TP MacServerTargetPlatform
[2018.05.04-06.19.26:329][  0]LogTemp: Display: Loaded TP MacTargetPlatform
[2018.05.04-06.19.26:371][  0]LogTemp: Display: Loaded TP WindowsClientTargetPlatform
[2018.05.04-06.19.26:413][  0]LogTemp: Display: Loaded TP WindowsNoEditorTargetPlatform
[2018.05.04-06.19.26:455][  0]LogTemp: Display: Loaded TP WindowsServerTargetPlatform
[2018.05.04-06.19.26:490][  0]LogTemp: Display: Loaded TP WindowsTargetPlatform
[2018.05.04-06.19.26:530][  0]LogTemp: Display: Loaded TP Android_ASTCTargetPlatform
[2018.05.04-06.19.26:569][  0]LogTemp: Display: Loaded TP Android_ATCTargetPlatform
[2018.05.04-06.19.26:609][  0]LogTemp: Display: Loaded TP Android_DXTTargetPlatform
[2018.05.04-06.19.26:650][  0]LogTemp: Display: Loaded TP Android_ETC1TargetPlatform
[2018.05.04-06.19.26:690][  0]LogTemp: Display: Loaded TP Android_ETC2TargetPlatform
[2018.05.04-06.19.26:770][  0]LogTemp: Display: Loaded TP Android_MultiTargetPlatform
[2018.05.04-06.19.26:770][  0]LogTemp: Display: Loaded TP Android_PVRTCTargetPlatform
[2018.05.04-06.19.26:810][  0]LogTemp: Display: Loaded TP AndroidTargetPlatform
[2018.05.04-06.19.26:840][  0]LogTemp: Display: Loaded TP HTML5TargetPlatform
[2018.05.04-06.19.26:914][  0]LogTemp: Display: Loaded TP IOSTargetPlatform
[2018.05.04-06.19.26:937][  0]LogTemp: Display: Loaded TP TVOSTargetPlatform
[2018.05.04-06.19.26:976][  0]LogTemp: Display: Loaded TP LinuxClientTargetPlatform
[2018.05.04-06.19.27:015][  0]LogTemp: Display: Loaded TP LinuxNoEditorTargetPlatform
[2018.05.04-06.19.27:054][  0]LogTemp: Display: Loaded TP LinuxServerTargetPlatform
[2018.05.04-06.19.27:093][  0]LogTemp: Display: Loaded TP LinuxTargetPlatform
[2018.05.04-06.19.27:093][  0]LogTargetPlatformManager: Display: Building Assets For Windows
[2018.05.04-06.19.27:449][  0]LogDerivedDataCache: Display: Max Cache Size: 512 MB
[2018.05.04-06.19.27:498][  0]LogDerivedDataCache: Loaded boot cache 0.05s 80MB C:/Users/GameDevClub/AppData/Local/UnrealEngine/4.18/DerivedDataCache/Boot.ddc.
[2018.05.04-06.19.27:498][  0]LogDerivedDataCache: Display: Loaded Boot cache: C:/Users/GameDevClub/AppData/Local/UnrealEngine/4.18/DerivedDataCache/Boot.ddc
[2018.05.04-06.19.27:498][  0]LogDerivedDataCache: FDerivedDataBackendGraph:  Pak pak cache file ../../../../../../Users/GameDevClub/Documents/GitHub/SushiShop/SushiShop/DerivedDataCache/DDC.ddp not found, will not use a pak cache.
[2018.05.04-06.19.27:498][  0]LogDerivedDataCache: Unable to find inner node Pak for hierarchical cache Hierarchy.
[2018.05.04-06.19.27:498][  0]LogDerivedDataCache: FDerivedDataBackendGraph:  CompressedPak pak cache file ../../../../../../Users/GameDevClub/Documents/GitHub/SushiShop/SushiShop/DerivedDataCache/Compressed.ddp not found, will not use a pak cache.
[2018.05.04-06.19.27:498][  0]LogDerivedDataCache: Unable to find inner node CompressedPak for hierarchical cache Hierarchy.
[2018.05.04-06.19.27:509][  0]LogDerivedDataCache: Display: Pak cache opened for reading ../../../Engine/DerivedDataCache/Compressed.ddp.
[2018.05.04-06.19.27:520][  0]LogDerivedDataCache: Using Local data cache path C:/Users/GameDevClub/AppData/Local/UnrealEngine/Common/DerivedDataCache: Writable
[2018.05.04-06.19.27:528][  0]LogMaterial: Verifying Global Shaders for PCD3D_SM5
[2018.05.04-06.19.27:528][  0]LogSlate: Using Freetype 2.6.0
[2018.05.04-06.19.27:528][  0]LogSlate: SlateFontCache - WITH_FREETYPE: 1, WITH_HARFBUZZ: 1
[2018.05.04-06.19.27:528][  0]LogSlate: SlateFontCache - WITH_FREETYPE: 1, WITH_HARFBUZZ: 1
[2018.05.04-06.19.27:776][  0]LogInit: Selected Device Profile: [Windows]
[2018.05.04-06.19.28:026][  0]LogSimplygon: Simplygon DLL not present - disabling.
[2018.05.04-06.19.28:058][  0]LogMeshReduction: Using SimplygonSwarm for distributed automatic mesh merging
[2018.05.04-06.19.28:058][  0]LogMeshReduction: Using QuadricMeshReduction for automatic static mesh reduction
[2018.05.04-06.19.28:058][  0]LogMeshReduction: No automatic skeletal mesh reduction module available
[2018.05.04-06.19.28:058][  0]LogMeshReduction: No automatic mesh merging module available
[2018.05.04-06.19.28:058][  0]LogMeshMerging: No automatic mesh merging module available
[2018.05.04-06.19.28:086][  0]LogNetVersion: SushiShop , NetCL: 3709383, EngineNetVer: 2, GameNetVer: 0 (Checksum: 2343829258)
[2018.05.04-06.19.28:232][  0]LogAssetRegistry: FAssetRegistry took 0.0253 seconds to start up
[2018.05.04-06.19.28:596][  0]LogPackageLocalizationCache: Processed 7 localized package path(s) for 2 prioritized culture(s) in 0.042489 seconds
[2018.05.04-06.19.28:600][  0]LogUObjectArray: 35870 objects as part of root set at end of initial load.
[2018.05.04-06.19.28:600][  0]LogUObjectAllocator: 7363696 out of 0 bytes used by permanent object pool.
[2018.05.04-06.19.28:600][  0]LogUObjectArray: CloseDisregardForGC: 0/0 objects in disregard for GC pool
[2018.05.04-06.19.28:640][  0]LogInit: WinSock: version 1.1 (2.2), MaxSocks=32767, MaxUdp=65467
[2018.05.04-06.19.30:591][  0]LogSubstanceCoreModule: Substance [CPU] Engine Loaded, Max Texture Size = 2048
[2018.05.04-06.19.30:616][  0]LogTcpMessaging: Initializing TcpMessaging bridge
[2018.05.04-06.19.30:650][  0]LogUdpMessaging: Initializing bridge on interface 0.0.0.0:0 to multicast group 230.0.0.1:6666.
[2018.05.04-06.19.31:251][  0]LogMaterial: Uniform references updated for custom material expression Custom.
[2018.05.04-06.19.31:567][  0]SourceControl: Source control is disabled
[2018.05.04-06.19.31:567][  0]SourceControl: Source control is disabled
[2018.05.04-06.19.31:606][  0]SourceControl: Source control is disabled
[2018.05.04-06.19.31:646][  0]SourceControl: Source control is disabled
[2018.05.04-06.19.32:298][  0]LogAndroidPermission: UAndroidPermissionCallbackProxy::GetInstance
[2018.05.04-06.19.32:501][  0]LogOcInput: OculusInput pre-init called
[2018.05.04-06.19.32:923][  0]LogEngine: Initializing Engine...
[2018.05.04-06.19.32:924][  0]LogHMD: Oculus plugin initialized. Version: 4.18.3-3832480+++UE4+Release-4.18, OVRPlugin: 1.19.0
[2018.05.04-06.19.33:066][  0]LogStats: UGameplayTagsManager::ConstructGameplayTagTree: Construct from data asset -  0.000 s
[2018.05.04-06.19.33:066][  0]LogStats: UGameplayTagsManager::ConstructGameplayTagTree: GameplayTagTreeChangedEvent.Broadcast -  0.000 s
[2018.05.04-06.19.33:157][  0]LogAIModule: Creating AISystem for world Untitled
[2018.05.04-06.19.33:165][  0]LogInit: XAudio2 using 'Headphones (Rift Audio)' : 2 channels at 48 kHz using 16 bits per sample (channel mask 0x3)
[2018.05.04-06.19.33:172][  0]LogInit: FAudioDevice initialized.
[2018.05.04-06.19.33:214][  0]LogDerivedDataCache: Saved boot cache 0.04s 80MB C:/Users/GameDevClub/AppData/Local/UnrealEngine/4.18/DerivedDataCache/Boot.ddc.
[2018.05.04-06.19.33:220][  0]LogInit: Texture streaming: Enabled
[2018.05.04-06.19.33:293][  0]LogEngineSessionManager: EngineSessionManager initialized
[2018.05.04-06.19.33:386][  0]LogInit: Transaction tracking system initialized
[2018.05.04-06.19.33:615][  0]BlueprintLog: New page: Editor Load
[2018.05.04-06.19.34:270][  0]LocalizationService: Localization service is disabled
[2018.05.04-06.19.34:818][  0]LogConsoleResponse: Display: 
[2018.05.04-06.19.34:942][  0]LogCook: Display: Max memory allowance for cook 16384mb min free memory 0mb
[2018.05.04-06.19.34:942][  0]LogCook: Display: Mobile HDR setting 1
[2018.05.04-06.19.34:942][  0]LogGameplayTags: Display: UGameplayTagsManager::DoneAddingNativeTags. DelegateIsBound: 0
[2018.05.04-06.19.35:486][  0]LogFileCache: Scanning file cache for directory 'C:/Users/GameDevClub/Documents/GitHub/SushiShop/SushiShop/Content/' took 0.02s
[2018.05.04-06.19.35:839][  0]SourceControl: Source control is disabled
[2018.05.04-06.19.35:839][  0]Cmd: MAP LOAD FILE="../../../../../../Users/GameDevClub/Documents/GitHub/SushiShop/SushiShop/Content/SushiShop/Levels/Main.umap" TEMPLATE=0 SHOWPROGRESS=1 FEATURELEVEL=3
[2018.05.04-06.19.35:839][  0]LightingResults: New page: Lighting Build
[2018.05.04-06.19.35:869][  0]MapCheck: New page: Map Check
[2018.05.04-06.19.35:869][  0]LightingResults: New page: Lighting Build
[2018.05.04-06.19.36:491][  0]LogLinker: Warning: Can't find file '/Game/SushiShop/Assets/Environment/LIGHTS/Lights1/lambert2'
[2018.05.04-06.19.36:491][  0]LogLinker: Warning: Can't find file for asset '/Game/SushiShop/Assets/Environment/LIGHTS/Lights1/lambert2' while loading ../../../../../../Users/GameDevClub/Documents/GitHub/SushiShop/SushiShop/Content/SushiShop/Assets/Environment/LIGHTS/Lights1/LoungeVR_CeilingLightNew_01.uasset.
[2018.05.04-06.19.36:491][  0]LoadErrors: Error: /Game/SushiShop/Assets/Environment/LIGHTS/Lights1/LoungeVR_CeilingLightNew_01 : Can't find file for asset. /Game/SushiShop/Assets/Environment/LIGHTS/Lights1/lambert2
[2018.05.04-06.19.36:491][  0]LogLinker: Warning: Can't find file '/Game/SushiShop/Assets/Environment/LIGHTS/Lights1/lambert2'
[2018.05.04-06.19.36:491][  0]LogLinker: Warning: Can't find file for asset '/Game/SushiShop/Assets/Environment/LIGHTS/Lights1/lambert2' while loading ../../../../../../Users/GameDevClub/Documents/GitHub/SushiShop/SushiShop/Content/SushiShop/Assets/Environment/LIGHTS/Lights1/LoungeVR_CeilingLightNew_01.uasset.
[2018.05.04-06.19.36:491][  0]LoadErrors: Error: /Game/SushiShop/Assets/Environment/LIGHTS/Lights1/LoungeVR_CeilingLightNew_01 : Can't find file for asset. /Game/SushiShop/Assets/Environment/LIGHTS/Lights1/lambert2
[2018.05.04-06.19.36:691][  0]LogLinker: Warning: Can't find file '/Game/SushiShop/Assets/Environment/LIGHTS/Lights1/lambert2'
[2018.05.04-06.19.36:691][  0]LoadErrors: Failed to load /Game/SushiShop/Assets/Environment/LIGHTS/Lights1/lambert2.lambert2 Referenced by LoungeVR_CeilingLightNew_01
[2018.05.04-06.19.36:691][  0]LogLinker: Warning: Can't find file for asset '/Game/SushiShop/Assets/Environment/LIGHTS/Lights1/lambert2' while loading NULL.
[2018.05.04-06.19.36:691][  0]LoadErrors: Failed to load /Game/SushiShop/Assets/Environment/LIGHTS/Lights1/lambert2.lambert2 Referenced by LoungeVR_CeilingLightNew_01
[2018.05.04-06.19.36:691][  0]LogLinker: Warning: Can't find file '/Game/SushiShop/Assets/Environment/LIGHTS/Lights1/lambert2'
[2018.05.04-06.19.36:691][  0]LoadErrors: Failed to load /Game/SushiShop/Assets/Environment/LIGHTS/Lights1/lambert2.lambert2 Referenced by LoungeVR_CeilingLightNew_01
[2018.05.04-06.19.36:692][  0]LogLinker: Warning: Can't find file for asset '/Game/SushiShop/Assets/Environment/LIGHTS/Lights1/lambert2' while loading NULL.
[2018.05.04-06.19.36:692][  0]LoadErrors: Failed to load /Game/SushiShop/Assets/Environment/LIGHTS/Lights1/lambert2.lambert2 Referenced by LoungeVR_CeilingLightNew_01
[2018.05.04-06.19.37:153][  0]LogAIModule: Creating AISystem for world Main
[2018.05.04-06.19.37:212][  0]LogEditorServer: Finished looking for orphan Actors (0.000 secs)
[2018.05.04-06.19.37:225][  0]Cmd: MAP CHECKDEP NOCLEARLOG
[2018.05.04-06.19.37:287][  0]MapCheck: Map check complete: 0 Error(s), 0 Warning(s), took 61.703ms to complete.
[2018.05.04-06.19.37:287][  0]LogFileHelpers: Loading map 'Main' took 1.448
[2018.05.04-06.19.37:456][  0]LogCollectionManager: Loaded 0 collections in 0.001306 seconds
[2018.05.04-06.19.37:528][  0]LogFileCache: Scanning file cache for directory 'C:/Users/GameDevClub/Documents/GitHub/SushiShop/SushiShop/Saved/Collections/' took 0.01s
[2018.05.04-06.19.37:529][  0]LogFileCache: Scanning file cache for directory 'C:/Users/GameDevClub/Documents/GitHub/SushiShop/SushiShop/Content/Developers/GameDevClub/Collections/' took 0.01s
[2018.05.04-06.19.37:529][  0]LogFileCache: Scanning file cache for directory 'C:/Users/GameDevClub/Documents/GitHub/SushiShop/SushiShop/Content/Collections/' took 0.01s
[2018.05.04-06.19.37:529][  0]LogCollectionManager: Rebuilt the GUID cache for 0 collections in 0.000000 seconds
[2018.05.04-06.19.37:534][  0]LogContentBrowser: Native class hierarchy populated in 0.0057 seconds. Added 2388 classes and 535 folders.
[2018.05.04-06.19.37:583][  0]LogContentBrowser: Native class hierarchy updated for 'WidgetCarousel' in 0.0001 seconds. Added 0 classes and 0 folders.
[2018.05.04-06.19.37:612][  0]LogContentBrowser: Native class hierarchy updated for 'AddContentDialog' in 0.0001 seconds. Added 0 classes and 0 folders.
[2018.05.04-06.19.37:661][  0]LogSlate: Took 0.000161 seconds to synchronously load lazily loaded font '../../../Engine/Content/Slate/Fonts/Roboto-Regular.ttf' (155K)
[2018.05.04-06.19.37:665][  0]LogSlate: Took 0.000159 seconds to synchronously load lazily loaded font '../../../Engine/Content/Slate/Fonts/Roboto-Bold.ttf' (160K)
[2018.05.04-06.19.37:666][  0]LogSlate: Took 0.000107 seconds to synchronously load lazily loaded font '../../../Engine/Content/Editor/Slate/Fonts/FontAwesome.ttf' (139K)
[2018.05.04-06.19.37:724][  0]LogRenderer: Reallocating scene render targets to support 892x516 Format 26 NumSamples 1 (Frame:1).
[2018.05.04-06.19.37:858][  0]LogContentBrowser: Native class hierarchy updated for 'HierarchicalLODOutliner' in 0.0002 seconds. Added 1 classes and 2 folders.
[2018.05.04-06.19.37:858][  0]LogLoad: (Engine Initialization) Total time: 15.08 seconds
[2018.05.04-06.19.37:858][  0]LogLoad: (Engine Initialization) Total Blueprint compile time: 0.00 seconds
[2018.05.04-06.19.37:858][  0]LogExternalProfiler: No external profilers were discovered.  External profiling features will not be available.
[2018.05.04-06.19.37:867][  0]LogWindowsTextInputMethodSystem: Display: IME system now deactivated.
[2018.05.04-06.19.37:873][  0]LogOcInput: OculusInput is initialized
[2018.05.04-06.19.37:891][  0]LogContentStreaming: Texture pool size now 1000 MB
[2018.05.04-06.19.37:933][  1]LogSubstanceLiveLink: Warning: Unable to send data along socket, closing connection
[2018.05.04-06.19.37:939][  1]LogAssetRegistry: Asset discovery search completed in 9.7287 seconds
[2018.05.04-06.19.37:941][  1]LogCollectionManager: Rebuilt the object cache for 0 collections in 0.000000 seconds (found 0 objects)
[2018.05.04-06.19.37:941][  1]LogCollectionManager: Fixed up redirectors for 0 collections in 0.000045 seconds (updated 0 objects)
[2018.05.04-06.19.50:187][463]LogSlate: Took 0.000122 seconds to synchronously load lazily loaded font '../../../Engine/Content/Slate/Fonts/Roboto-Light.ttf' (159K)
[2018.05.04-06.19.52:312][717]LogSlate: Took 0.000096 seconds to synchronously load lazily loaded font '../../../Engine/Content/Slate/Fonts/Roboto-Light.ttf' (159K)
[2018.05.04-06.19.52:437][717]LogAIModule: Creating AISystem for world Menu
[2018.05.04-06.19.52:452][717]Cmd: MAP LOAD FILE="../../../../../../Users/GameDevClub/Documents/GitHub/SushiShop/SushiShop/Content/SushiShop/Levels/Menu.umap" TEMPLATE=0 SHOWPROGRESS=1 FEATURELEVEL=3
[2018.05.04-06.19.52:452][717]LightingResults: New page: Lighting Build
[2018.05.04-06.19.52:453][717]LoadErrors: New page: Loading map: Menu.umap
[2018.05.04-06.19.52:456][717]MapCheck: New page: Map Check
[2018.05.04-06.19.52:456][717]LightingResults: New page: Lighting Build
[2018.05.04-06.19.52:507][717]LogEditorServer: Finished looking for orphan Actors (0.000 secs)
[2018.05.04-06.19.52:561][717]Cmd: MAP CHECKDEP NOCLEARLOG
[2018.05.04-06.19.52:626][717]MapCheck: Map check complete: 0 Error(s), 0 Warning(s), took 64.598ms to complete.
[2018.05.04-06.19.52:626][717]LogFileHelpers: Loading map 'Menu' took 0.174
[2018.05.04-06.19.53:826][860]LogTemp: Repeating last play command: VR Preview
[2018.05.04-06.19.53:884][860]LogPlayLevel: PlayLevel: No blueprints needed recompiling
[2018.05.04-06.19.53:884][860]LogHMD: Initializing OVRPlugin session
[2018.05.04-06.19.53:909][860]PIE: New page: PIE session: Menu (May 3, 2018, 4:19:53 PM)
[2018.05.04-06.19.53:909][860]LogPlayLevel: Creating play world package: /Game/SushiShop/Levels/UEDPIE_0_Menu
[2018.05.04-06.19.53:911][860]LogPlayLevel: PIE: StaticDuplicateObject took: (0.001520s)
[2018.05.04-06.19.53:911][860]LogAIModule: Creating AISystem for world Menu
[2018.05.04-06.19.53:912][860]LogPlayLevel: PIE: World Init took: (0.000677s)
[2018.05.04-06.19.53:912][860]LogPlayLevel: PIE: Created PIE world by copying editor world from /Game/SushiShop/Levels/Menu.Menu to /Game/SushiShop/Levels/UEDPIE_0_Menu.Menu (0.002465s)
[2018.05.04-06.19.53:926][860]LogInit: XAudio2 using 'Headphones (Rift Audio)' : 2 channels at 48 kHz using 16 bits per sample (channel mask 0x3)
[2018.05.04-06.19.53:932][860]LogInit: FAudioDevice initialized.
[2018.05.04-06.19.54:025][860]LogHMD: Allocating Oculus 2720 x 1600 rendertarget swapchain
[2018.05.04-06.19.54:060][860]LogLinker: Warning: Can't find file '/Game/SushiShop/BluePrints/LevelHandling/VR_GameMode'
[2018.05.04-06.19.54:060][860]LogLinker: Warning: Can't find file '/Game/SushiShop/BluePrints/LevelHandling/VR_GameMode'
[2018.05.04-06.19.54:060][860]LogUObjectGlobals: Warning: Failed to find object 'Class /Game/SushiShop/BluePrints/LevelHandling/VR_GameMode.VR_GameMode_C'
[2018.05.04-06.19.54:060][860]LogLoad: Game class is 'GameModeBase'
[2018.05.04-06.19.54:063][860]LogWorld: Bringing World /Game/SushiShop/Levels/UEDPIE_0_Menu.Menu up for play (max tick rate 0) at 2018.05.03-23.19.54
[2018.05.04-06.19.54:063][860]LogWorld: Bringing up level for play took: 0.001583
[2018.05.04-06.19.54:095][860]LogContentBrowser: Native class hierarchy updated for 'MovieSceneCapture' in 0.0002 seconds. Added 11 classes and 0 folders.
[2018.05.04-06.19.54:100][860]PIE: Play in editor start time for /Game/SushiShop/Levels/UEDPIE_0_Menu 1.099
[2018.05.04-06.19.54:107][860]LogRenderer: Reallocating scene render targets to support 2720x1600 Format 26 NumSamples 1 (Frame:1).
[2018.05.04-06.19.54:107][860]LogHMD: Allocating Oculus 2720 x 1600 depth rendertarget swapchain
[2018.05.04-06.20.40:738][335]LogTemp: Repeating last play command: VR Preview
[2018.05.04-06.20.40:764][335]LogPlayLevel: PlayLevel: No blueprints needed recompiling
[2018.05.04-06.20.40:764][335]LogHMD: Initializing OVRPlugin session
[2018.05.04-06.20.40:782][335]PIE: New page: PIE session: Menu (May 3, 2018, 4:20:40 PM)
[2018.05.04-06.20.40:782][335]LogPlayLevel: Creating play world package: /Game/SushiShop/Levels/UEDPIE_0_Menu
[2018.05.04-06.20.40:784][335]LogPlayLevel: PIE: StaticDuplicateObject took: (0.001598s)
[2018.05.04-06.20.40:784][335]LogAIModule: Creating AISystem for world Menu
[2018.05.04-06.20.40:785][335]LogPlayLevel: PIE: World Init took: (0.000759s)
[2018.05.04-06.20.40:785][335]LogPlayLevel: PIE: Created PIE world by copying editor world from /Game/SushiShop/Levels/Menu.Menu to /Game/SushiShop/Levels/UEDPIE_0_Menu.Menu (0.002639s)
[2018.05.04-06.20.40:797][335]LogInit: XAudio2 using 'Headphones (Rift Audio)' : 2 channels at 48 kHz using 16 bits per sample (channel mask 0x3)
[2018.05.04-06.20.40:802][335]LogInit: FAudioDevice initialized.
[2018.05.04-06.20.40:893][335]LogHMD: Allocating Oculus 2720 x 1600 rendertarget swapchain
[2018.05.04-06.20.40:919][335]LogLoad: Game class is 'GameModeBase'
[2018.05.04-06.20.40:920][335]LogWorld: Bringing World /Game/SushiShop/Levels/UEDPIE_0_Menu.Menu up for play (max tick rate 0) at 2018.05.03-23.20.40
[2018.05.04-06.20.40:921][335]LogWorld: Bringing up level for play took: 0.001328
[2018.05.04-06.20.40:926][335]PIE: Play in editor start time for /Game/SushiShop/Levels/UEDPIE_0_Menu -0.076
[2018.05.04-06.20.40:927][335]LogRenderer: Releasing previous depth to switch default clear from depth: 0.000000 stencil: 0 to depth: 0.000000 stencil: 0
[2018.05.04-06.20.40:927][335]LogHMD: Allocating Oculus 2720 x 1600 depth rendertarget swapchain
[2018.05.04-06.21.40:596][139]LogNet: Browse: /Game/SushiShop/Levels/Main
[2018.05.04-06.21.40:596][139]LogLoadingSplash: Loading begins
[2018.05.04-06.21.40:606][139]LogHMD: FSplash::OnShow
[2018.05.04-06.21.40:607][139]LogLoad: LoadMap: /Game/SushiShop/Levels/Main
[2018.05.04-06.21.41:560][139]LogAIModule: Creating AISystem for world Main
[2018.05.04-06.21.41:560][139]LogLoad: Game class is 'GameModeBase'
[2018.05.04-06.21.41:609][139]PIE: Warning: Attempting to move a fully simulated skeletal mesh SkeletalMeshComponent0. Please use the Teleport flag
[2018.05.04-06.21.41:609][139]PIE: Warning: Attempting to move a fully simulated skeletal mesh SkeletalMeshComponent0. Please use the Teleport flag
[2018.05.04-06.21.41:609][139]PIE: Warning: Attempting to move a fully simulated skeletal mesh SkeletalMeshComponent0. Please use the Teleport flag
[2018.05.04-06.21.41:609][139]PIE: Warning: Attempting to move a fully simulated skeletal mesh SkeletalMeshComponent0. Please use the Teleport flag
[2018.05.04-06.21.41:613][139]PIE: Warning: Attempting to move a fully simulated skeletal mesh SkeletalMeshComponent0. Please use the Teleport flag
[2018.05.04-06.21.41:613][139]PIE: Warning: Attempting to move a fully simulated skeletal mesh SkeletalMeshComponent0. Please use the Teleport flag
[2018.05.04-06.21.41:642][139]LogWorld: Bringing World /Game/SushiShop/Levels/UEDPIE_0_Main.Main up for play (max tick rate 0) at 2018.05.03-23.21.41
[2018.05.04-06.21.41:644][139]LogWorld: Bringing up level for play took: 0.083697
[2018.05.04-06.21.41:644][139]LogGameMode: FindPlayerStart: PATHS NOT DEFINED or NO PLAYERSTART with positive rating
[2018.05.04-06.21.41:647][139]LogLoadingSplash: Loading ends
[2018.05.04-06.21.41:647][139]LogHMD: FSplash::OnHide
[2018.05.04-06.21.41:649][139]LogLoad: Took 1.041637 seconds to LoadMap(/Game/SushiShop/Levels/Main)
[2018.05.04-06.22.38:939][290]PIE: Warning: Attempting to move a fully simulated skeletal mesh SkeletalMeshComponent0. Please use the Teleport flag
[2018.05.04-06.23.17:852][792]PIE: Warning: Attempting to move a fully simulated skeletal mesh SkeletalMeshComponent0. Please use the Teleport flag
[2018.05.04-06.26.42:941][237]LogRenderer: Reallocating scene render targets to support 3200x1800 Format 26 NumSamples 1 (Frame:27100).
[2018.05.04-06.26.43:855][337]LogTemp: Repeating last play command: VR Preview
[2018.05.04-06.26.43:885][337]LogPlayLevel: PlayLevel: No blueprints needed recompiling
[2018.05.04-06.26.43:885][337]LogHMD: Initializing OVRPlugin session
[2018.05.04-06.26.43:907][337]PIE: New page: PIE session: Menu (May 3, 2018, 4:26:43 PM)
[2018.05.04-06.26.43:907][337]LogPlayLevel: Creating play world package: /Game/SushiShop/Levels/UEDPIE_0_Menu
[2018.05.04-06.26.43:909][337]LogPlayLevel: PIE: StaticDuplicateObject took: (0.001977s)
[2018.05.04-06.26.43:910][337]LogAIModule: Creating AISystem for world Menu
[2018.05.04-06.26.43:910][337]LogPlayLevel: PIE: World Init took: (0.000743s)
[2018.05.04-06.26.43:910][337]LogPlayLevel: PIE: Created PIE world by copying editor world from /Game/SushiShop/Levels/Menu.Menu to /Game/SushiShop/Levels/UEDPIE_0_Menu.Menu (0.003013s)
[2018.05.04-06.26.43:928][337]LogInit: XAudio2 using 'Headphones (Rift Audio)' : 2 channels at 48 kHz using 16 bits per sample (channel mask 0x3)
[2018.05.04-06.26.43:934][337]LogInit: FAudioDevice initialized.
[2018.05.04-06.26.44:034][337]LogHMD: Allocating Oculus 2720 x 1600 rendertarget swapchain
[2018.05.04-06.26.44:061][337]LogLoad: Game class is 'GameModeBase'
[2018.05.04-06.26.44:064][337]LogWorld: Bringing World /Game/SushiShop/Levels/UEDPIE_0_Menu.Menu up for play (max tick rate 0) at 2018.05.03-23.26.44
[2018.05.04-06.26.44:065][337]LogWorld: Bringing up level for play took: 0.003279
[2018.05.04-06.26.44:072][337]PIE: Play in editor start time for /Game/SushiShop/Levels/UEDPIE_0_Menu 1.071
[2018.05.04-06.26.44:074][337]LogRenderer: Releasing previous depth to switch default clear from depth: 0.000000 stencil: 0 to depth: 0.000000 stencil: 0
[2018.05.04-06.26.44:074][337]LogHMD: Allocating Oculus 3200 x 1800 depth rendertarget swapchain
[2018.05.04-06.26.44:079][337]LogRenderer: Reallocating scene render targets to support 2720x1600 Format 26 NumSamples 1 (Frame:1).
[2018.05.04-06.26.44:079][337]LogHMD: Allocating Oculus 2720 x 1600 depth rendertarget swapchain
[2018.05.04-06.26.55:949][405]LogNet: Browse: /Game/SushiShop/Levels/Main
[2018.05.04-06.26.55:949][405]LogLoadingSplash: Loading begins
[2018.05.04-06.26.55:960][405]LogHMD: FSplash::OnShow
[2018.05.04-06.26.55:960][405]LogLoad: LoadMap: /Game/SushiShop/Levels/Main
[2018.05.04-06.26.56:414][405]LogLinker: Warning: Can't find file '/Game/SushiShop/Assets/Environment/LIGHTS/Lights1/lambert2'
[2018.05.04-06.26.56:414][405]LogLinker: Warning: Can't find file for asset '/Game/SushiShop/Assets/Environment/LIGHTS/Lights1/lambert2' while loading ../../../../../../Users/GameDevClub/Documents/GitHub/SushiShop/SushiShop/Content/SushiShop/Assets/Environment/LIGHTS/Lights1/LoungeVR_CeilingLightNew_01.uasset.
[2018.05.04-06.26.56:414][405]LoadErrors: Error: /Game/SushiShop/Assets/Environment/LIGHTS/Lights1/LoungeVR_CeilingLightNew_01 : Can't find file for asset. /Game/SushiShop/Assets/Environment/LIGHTS/Lights1/lambert2
[2018.05.04-06.26.56:414][405]LogLinker: Warning: Can't find file '/Game/SushiShop/Assets/Environment/LIGHTS/Lights1/lambert2'
[2018.05.04-06.26.56:414][405]LogLinker: Warning: Can't find file for asset '/Game/SushiShop/Assets/Environment/LIGHTS/Lights1/lambert2' while loading ../../../../../../Users/GameDevClub/Documents/GitHub/SushiShop/SushiShop/Content/SushiShop/Assets/Environment/LIGHTS/Lights1/LoungeVR_CeilingLightNew_01.uasset.
[2018.05.04-06.27.26:665][405]LogAIModule: Creating AISystem for world Main
[2018.05.04-06.27.26:666][405]LogLoad: Game class is 'GameModeBase'
[2018.05.04-06.27.26:715][405]PIE: Warning: Attempting to move a fully simulated skeletal mesh SkeletalMeshComponent0. Please use the Teleport flag
[2018.05.04-06.27.26:715][405]PIE: Warning: Attempting to move a fully simulated skeletal mesh SkeletalMeshComponent0. Please use the Teleport flag
[2018.05.04-06.27.26:715][405]PIE: Warning: Attempting to move a fully simulated skeletal mesh SkeletalMeshComponent0. Please use the Teleport flag
[2018.05.04-06.27.26:715][405]PIE: Warning: Attempting to move a fully simulated skeletal mesh SkeletalMeshComponent0. Please use the Teleport flag
[2018.05.04-06.27.26:718][405]PIE: Warning: Attempting to move a fully simulated skeletal mesh SkeletalMeshComponent0. Please use the Teleport flag
[2018.05.04-06.27.26:719][405]PIE: Warning: Attempting to move a fully simulated skeletal mesh SkeletalMeshComponent0. Please use the Teleport flag
[2018.05.04-06.27.26:750][405]LogWorld: Bringing World /Game/SushiShop/Levels/UEDPIE_0_Main.Main up for play (max tick rate 0) at 2018.05.03-23.27.26
[2018.05.04-06.27.26:751][405]LogWorld: Bringing up level for play took: 0.084653
[2018.05.04-06.27.26:751][405]LogGameMode: FindPlayerStart: PATHS NOT DEFINED or NO PLAYERSTART with positive rating
[2018.05.04-06.27.26:819][405]LogHMD: Initializing OVRPlugin session
[2018.05.04-06.27.26:844][405]LogRenderer: Reallocating scene render targets to support 3200x1800 Format 26 NumSamples 1 (Frame:1).
[2018.05.04-06.27.26:905][405]LogHMD: Allocating Oculus 2720 x 1600 rendertarget swapchain
[2018.05.04-06.27.26:930][405]LogRenderer: Reallocating scene render targets to support 2720x1600 Format 26 NumSamples 1 (Frame:2).
[2018.05.04-06.27.26:930][405]LogHMD: Allocating Oculus 2720 x 1600 depth rendertarget swapchain
[2018.05.04-06.27.26:930][405]LogLoadingSplash: Loading ends
[2018.05.04-06.27.26:930][405]LogHMD: FSplash::OnHide
[2018.05.04-06.27.26:943][405]LogLoad: Took 30.983336 seconds to LoadMap(/Game/SushiShop/Levels/Main)
[2018.05.04-06.27.27:088][406]LogRenderer: Reallocating scene render targets to support 3200x1800 Format 26 NumSamples 1 (Frame:5).
[2018.05.04-06.27.33:700][173]LogWindowsTextInputMethodSystem: Display: IME system now deactivated.
[2018.05.04-06.27.33:872][174]Cmd: QUIT_EDITOR
[2018.05.04-06.27.34:876][174]LogExit: Preparing to exit.
[2018.05.04-06.27.35:819][174]LogDirectoryWatcher: A directory notification for 'C:/Users/GameDevClub/Documents/GitHub/SushiShop/SushiShop/Content/' was aborted.
[2018.05.04-06.27.35:832][174]LogExit: Editor shut down
[2018.05.04-06.27.35:835][174]LogExit: Transaction tracking system shut down
[2018.05.04-06.27.36:001][174]LogDirectoryWatcher: A directory notification for '../../../Engine/Content/' was aborted.
[2018.05.04-06.27.36:001][174]LogDirectoryWatcher: A directory notification for '../../../../../../Users/GameDevClub/Documents/GitHub/SushiShop/SushiShop/Content/' was aborted.
[2018.05.04-06.27.36:001][174]LogDirectoryWatcher: A directory notification for '../../../Engine/Plugins/2D/Paper2D/Content/' was aborted.
[2018.05.04-06.27.36:001][174]LogDirectoryWatcher: A directory notification for '../../../Engine/Plugins/Media/MediaCompositing/Content/' was aborted.
[2018.05.04-06.27.36:001][174]LogDirectoryWatcher: A directory notification for '../../../Engine/Plugins/Runtime/AppleARKit/Content/' was aborted.
[2018.05.04-06.27.36:001][174]LogDirectoryWatcher: A directory notification for '../../../Engine/Plugins/Runtime/Oculus/OculusVR/Content/' was aborted.
[2018.05.04-06.27.36:001][174]LogDirectoryWatcher: A directory notification for '../../../Engine/Plugins/Runtime/Steam/SteamVR/Content/' was aborted.
[2018.05.04-06.27.36:097][174]LogExit: Object subsystem successfully closed.
[2018.05.04-06.27.36:124][174]LogD3D11RHI: Shutdown
[2018.05.04-06.27.36:124][174]LogD3D11RHI: CleanupD3DDevice
[2018.05.04-06.27.36:126][174]LogD3D11RHI: ~FD3D11DynamicRHI
[2018.05.04-06.27.36:139][174]LogModuleManager: Shutting down and abandoning module MovieSceneCapture (568)
[2018.05.04-06.27.36:139][174]LogModuleManager: Shutting down and abandoning module HierarchicalLODOutliner (566)
[2018.05.04-06.27.36:139][174]LogModuleManager: Shutting down and abandoning module AddContentDialog (564)
[2018.05.04-06.27.36:139][174]LogDirectoryWatcher: A directory notification for 'C:/Program Files/Epic Games/UE_4.18/FeaturePacks/' was aborted.
[2018.05.04-06.27.36:140][174]LogModuleManager: Shutting down and abandoning module WidgetCarousel (563)
[2018.05.04-06.27.36:140][174]LogModuleManager: Shutting down and abandoning module EditorWidgets (560)
[2018.05.04-06.27.36:140][174]LogModuleManager: Shutting down and abandoning module CollectionManager (558)
[2018.05.04-06.27.36:140][174]LogDirectoryWatcher: A directory notification for 'C:/Users/GameDevClub/Documents/GitHub/SushiShop/SushiShop/Content/Collections/' was aborted.
[2018.05.04-06.27.36:140][174]LogDirectoryWatcher: A directory notification for 'C:/Users/GameDevClub/Documents/GitHub/SushiShop/SushiShop/Content/Developers/GameDevClub/Collections/' was aborted.
[2018.05.04-06.27.36:140][174]LogDirectoryWatcher: A directory notification for 'C:/Users/GameDevClub/Documents/GitHub/SushiShop/SushiShop/Saved/Collections/' was aborted.
[2018.05.04-06.27.36:140][174]LogModuleManager: Shutting down and abandoning module SceneOutliner (556)
[2018.05.04-06.27.36:140][174]LogModuleManager: Shutting down and abandoning module StatsViewer (554)
[2018.05.04-06.27.36:140][174]LogModuleManager: Shutting down and abandoning module FoliageEdit (552)
[2018.05.04-06.27.36:140][174]LogModuleManager: Shutting down and abandoning module LandscapeEditor (550)
[2018.05.04-06.27.36:140][174]LogModuleManager: Shutting down and abandoning module MeshPaintMode (548)
[2018.05.04-06.27.36:140][174]LogModuleManager: Shutting down and abandoning module SceneDepthPickerMode (546)
[2018.05.04-06.27.36:140][174]LogModuleManager: Shutting down and abandoning module ActorPickerMode (544)
[2018.05.04-06.27.36:140][174]LogModuleManager: Shutting down and abandoning module GeometryMode (542)
[2018.05.04-06.27.36:140][174]LogModuleManager: Shutting down and abandoning module TextureAlignMode (540)
[2018.05.04-06.27.36:140][174]LogModuleManager: Shutting down and abandoning module BspMode (538)
[2018.05.04-06.27.36:140][174]LogModuleManager: Shutting down and abandoning module PIEPreviewDeviceProfileSelector (536)
[2018.05.04-06.27.36:140][174]LogModuleManager: Shutting down and abandoning module HardwareSurvey (534)
[2018.05.04-06.27.36:140][174]LogModuleManager: Shutting down and abandoning module SequenceRecorderSections (532)
[2018.05.04-06.27.36:140][174]LogModuleManager: Shutting down and abandoning module AutomationWorker (530)
[2018.05.04-06.27.36:140][174]LogModuleManager: Shutting down and abandoning module MatineeToLevelSequence (528)
[2018.05.04-06.27.36:140][174]LogModuleManager: Shutting down and abandoning module LevelSequenceEditor (526)
[2018.05.04-06.27.36:140][174]LogModuleManager: Shutting down and abandoning module PlacementMode (525)
[2018.05.04-06.27.36:140][174]LogModuleManager: Shutting down and abandoning module WmfMediaFactory (522)
[2018.05.04-06.27.36:140][174]LogModuleManager: Shutting down and abandoning module WmfMediaEditor (520)
[2018.05.04-06.27.36:140][174]LogModuleManager: Shutting down and abandoning module OpenExrWrapper (518)
[2018.05.04-06.27.36:140][174]LogModuleManager: Shutting down and abandoning module ImgMediaFactory (516)
[2018.05.04-06.27.36:140][174]LogModuleManager: Shutting down and abandoning module ImgMediaEditor (514)
[2018.05.04-06.27.36:140][174]LogModuleManager: Shutting down and abandoning module AvfMediaFactory (512)
[2018.05.04-06.27.36:140][174]LogModuleManager: Shutting down and abandoning module AvfMediaEditor (510)
[2018.05.04-06.27.36:140][174]LogModuleManager: Shutting down and abandoning module AndroidMediaFactory (508)
[2018.05.04-06.27.36:141][174]LogModuleManager: Shutting down and abandoning module AndroidMediaEditor (506)
[2018.05.04-06.27.36:141][174]LogModuleManager: Shutting down and abandoning module CharacterAI (504)
[2018.05.04-06.27.36:141][174]LogModuleManager: Shutting down and abandoning module AudioCapture (502)
[2018.05.04-06.27.36:141][174]LogModuleManager: Shutting down and abandoning module SequenceRecorder (501)
[2018.05.04-06.27.36:141][174]LogModuleManager: Shutting down and abandoning module SmartSnapping (498)
[2018.05.04-06.27.36:141][174]LogModuleManager: Shutting down and abandoning module SessionServices (496)
[2018.05.04-06.27.36:141][174]LogModuleManager: Shutting down and abandoning module ViewportSnapping (494)
[2018.05.04-06.27.36:141][174]LogModuleManager: Shutting down and abandoning module ViewportInteraction (492)
[2018.05.04-06.27.36:141][174]LogModuleManager: Shutting down and abandoning module ClothPainter (490)
[2018.05.04-06.27.36:141][174]LogModuleManager: Shutting down and abandoning module SkeletalMeshEditor (489)
[2018.05.04-06.27.36:141][174]LogModuleManager: Shutting down and abandoning module LogVisualizer (486)
[2018.05.04-06.27.36:141][174]LogModuleManager: Shutting down and abandoning module IntroTutorials (484)
[2018.05.04-06.27.36:141][174]LogModuleManager: Shutting down and abandoning module GameProjectGeneration (483)
[2018.05.04-06.27.36:141][174]LogModuleManager: Shutting down and abandoning module IOSPlatformEditor (480)
[2018.05.04-06.27.36:141][174]LogModuleManager: Shutting down and abandoning module HTML5PlatformEditor (478)
[2018.05.04-06.27.36:141][174]LogModuleManager: Shutting down and abandoning module AndroidPlatformEditor (476)
[2018.05.04-06.27.36:141][174]LogModuleManager: Shutting down and abandoning module AndroidDeviceDetection (475)
[2018.05.04-06.27.36:724][174]LogModuleManager: Shutting down and abandoning module WindowsPlatformEditor (472)
[2018.05.04-06.27.36:724][174]LogModuleManager: Shutting down and abandoning module IOSRuntimeSettings (470)
[2018.05.04-06.27.36:724][174]LogModuleManager: Shutting down and abandoning module AndroidRuntimeSettings (468)
[2018.05.04-06.27.36:724][174]LogModuleManager: Shutting down and abandoning module InputBindingEditor (466)
[2018.05.04-06.27.36:724][174]LogModuleManager: Shutting down and abandoning module MergeActors (464)
[2018.05.04-06.27.36:725][174]LogModuleManager: Shutting down and abandoning module SizeMap (462)
[2018.05.04-06.27.36:725][174]LogModuleManager: Shutting down and abandoning module TreeMap (460)
[2018.05.04-06.27.36:725][174]LogModuleManager: Shutting down and abandoning module ReferenceViewer (458)
[2018.05.04-06.27.36:725][174]LogModuleManager: Shutting down and abandoning module LocalizationDashboard (456)
[2018.05.04-06.27.36:725][174]LogModuleManager: Shutting down and abandoning module LocalizationService (455)
[2018.05.04-06.27.36:725][174]LogModuleManager: Shutting down and abandoning module HardwareTargeting (452)
[2018.05.04-06.27.36:725][174]LogModuleManager: Shutting down and abandoning module DeviceProfileEditor (450)
[2018.05.04-06.27.36:725][174]LogModuleManager: Shutting down and abandoning module UndoHistory (448)
[2018.05.04-06.27.36:725][174]LogModuleManager: Shutting down and abandoning module XmlParser (446)
[2018.05.04-06.27.36:725][174]LogModuleManager: Shutting down and abandoning module Blutility (444)
[2018.05.04-06.27.36:725][174]LogModuleManager: Shutting down and abandoning module ProjectSettingsViewer (442)
[2018.05.04-06.27.36:725][174]LogModuleManager: Shutting down and abandoning module ProjectTargetPlatformEditor (441)
[2018.05.04-06.27.36:725][174]LogModuleManager: Shutting down and abandoning module EditorSettingsViewer (438)
[2018.05.04-06.27.36:725][174]LogModuleManager: Shutting down and abandoning module SettingsEditor (436)
[2018.05.04-06.27.36:725][174]LogModuleManager: Shutting down and abandoning module ProjectLauncher (434)
[2018.05.04-06.27.36:725][174]LogModuleManager: Shutting down and abandoning module SessionFrontend (432)
[2018.05.04-06.27.36:725][174]LogModuleManager: Shutting down and abandoning module ProfilerClient (430)
[2018.05.04-06.27.36:725][174]LogModuleManager: Shutting down and abandoning module DeviceManager (428)
[2018.05.04-06.27.36:725][174]LogModuleManager: Shutting down and abandoning module TargetDeviceServices (427)
[2018.05.04-06.27.36:777][174]LogModuleManager: Shutting down and abandoning module AutomationController (424)
[2018.05.04-06.27.36:777][174]LogModuleManager: Shutting down and abandoning module AutomationWindow (422)
[2018.05.04-06.27.36:777][174]LogModuleManager: Shutting down and abandoning module Layers (420)
[2018.05.04-06.27.36:777][174]LogModuleManager: Shutting down and abandoning module ComponentVisualizers (418)
[2018.05.04-06.27.36:777][174]LogModuleManager: Shutting down and abandoning module DetailCustomizations (416)
[2018.05.04-06.27.36:777][174]LogModuleManager: Shutting down and abandoning module PackagesDialog (414)
[2018.05.04-06.27.36:777][174]LogModuleManager: Shutting down and abandoning module Persona (412)
[2018.05.04-06.27.36:777][174]LogModuleManager: Shutting down and abandoning module AdvancedPreviewScene (411)
[2018.05.04-06.27.36:777][174]LogModuleManager: Shutting down and abandoning module AnimGraph (409)
[2018.05.04-06.27.36:777][174]LogModuleManager: Shutting down and abandoning module Kismet (406)
[2018.05.04-06.27.36:778][174]LogModuleManager: Shutting down and abandoning module ClassViewer (404)
[2018.05.04-06.27.36:778][174]LogModuleManager: Shutting down and abandoning module Toolbox (402)
[2018.05.04-06.27.36:778][174]LogModuleManager: Shutting down and abandoning module ModuleUI (400)
[2018.05.04-06.27.36:778][174]LogModuleManager: Shutting down and abandoning module MovieSceneTools (398)
[2018.05.04-06.27.36:778][174]LogModuleManager: Shutting down and abandoning module OutputLog (396)
[2018.05.04-06.27.36:778][174]LogModuleManager: Shutting down and abandoning module GammaUI (394)
[2018.05.04-06.27.36:778][174]LogModuleManager: Shutting down and abandoning module Documentation (392)
[2018.05.04-06.27.36:778][174]LogModuleManager: Shutting down and abandoning module MovieSceneTracks (390)
[2018.05.04-06.27.36:778][174]LogModuleManager: Shutting down and abandoning module MovieScene (388)
[2018.05.04-06.27.36:778][174]LogModuleManager: Shutting down and abandoning module StreamingPauseRendering (386)
[2018.05.04-06.27.36:778][174]LogModuleManager: Shutting down and abandoning module LauncherPlatform (384)
[2018.05.04-06.27.36:778][174]LogModuleManager: Shutting down and abandoning module AnalyticsET (382)
[2018.05.04-06.27.36:778][174]LogModuleManager: Shutting down and abandoning module PortalServices (380)
[2018.05.04-06.27.36:778][174]LogModuleManager: Shutting down and abandoning module PortalRpc (378)
[2018.05.04-06.27.36:778][174]LogModuleManager: Shutting down and abandoning module MessagingRpc (376)
[2018.05.04-06.27.36:778][174]LogModuleManager: Shutting down and abandoning module AIModule (374)
[2018.05.04-06.27.36:778][174]LogModuleManager: Shutting down and abandoning module GameplayDebugger (373)
[2018.05.04-06.27.36:778][174]LogModuleManager: Shutting down and abandoning module AITestSuite (371)
[2018.05.04-06.27.36:778][174]LogModuleManager: Shutting down and abandoning module DesktopPlatform (368)
[2018.05.04-06.27.36:778][174]LogModuleManager: Shutting down and abandoning module ProfilerService (366)
[2018.05.04-06.27.36:973][174]LogModuleManager: Shutting down and abandoning module TaskGraph (364)
[2018.05.04-06.27.36:973][174]LogModuleManager: Shutting down and abandoning module SubstanceLiveLink (362)
[2018.05.04-06.27.36:973][174]LogModuleManager: Shutting down and abandoning module SubstanceSource (360)
[2018.05.04-06.27.36:973][174]LogModuleManager: Shutting down and abandoning module SubstanceEditor (358)
[2018.05.04-06.27.36:973][174]LogModuleManager: Shutting down and abandoning module SteamVRController (356)
[2018.05.04-06.27.36:973][174]LogModuleManager: Shutting down and abandoning module SoundVisualizations (354)
[2018.05.04-06.27.36:973][174]LogModuleManager: Shutting down and abandoning module ProceduralMeshComponentEditor (352)
[2018.05.04-06.27.36:973][174]LogModuleManager: Shutting down and abandoning module ProceduralMeshComponent (350)
[2018.05.04-06.27.36:973][174]LogModuleManager: Shutting down and abandoning module OculusInput (348)
[2018.05.04-06.27.36:973][174]LogModuleManager: Shutting down and abandoning module MobilePatchingUtils (346)
[2018.05.04-06.27.36:973][174]LogModuleManager: Shutting down and abandoning module CustomMeshComponent (344)
[2018.05.04-06.27.36:973][174]LogModuleManager: Shutting down and abandoning module CableComponent (342)
[2018.05.04-06.27.36:973][174]LogModuleManager: Shutting down and abandoning module ArchVisCharacter (340)
[2018.05.04-06.27.36:973][174]LogModuleManager: Shutting down and abandoning module AndroidPermission (338)
[2018.05.04-06.27.36:973][174]LogModuleManager: Shutting down and abandoning module ActorSequence (334)
[2018.05.04-06.27.36:973][174]LogModuleManager: Shutting down and abandoning module MediaPlayerEditor (332)
[2018.05.04-06.27.36:973][174]LogModuleManager: Shutting down and abandoning module MediaCompositingEditor (330)
[2018.05.04-06.27.36:973][174]LogModuleManager: Shutting down and abandoning module MediaCompositing (328)
[2018.05.04-06.27.36:973][174]LogModuleManager: Shutting down and abandoning module HTML5Networking (326)
[2018.05.04-06.27.36:973][174]LogModuleManager: Shutting down and abandoning module BlueprintStats (324)
[2018.05.04-06.27.36:973][174]LogModuleManager: Shutting down and abandoning module AlembicImporter (322)
[2018.05.04-06.27.36:973][174]LogModuleManager: Shutting down and abandoning module AlembicLibrary (321)
[2018.05.04-06.27.36:973][174]LogModuleManager: Shutting down and abandoning module GeometryCache (320)
[2018.05.04-06.27.36:973][174]LogModuleManager: Shutting down and abandoning module GeometryCacheEd (319)
[2018.05.04-06.27.36:973][174]LogModuleManager: Shutting down and abandoning module SpeedTreeImporter (314)
[2018.05.04-06.27.36:973][174]LogModuleManager: Shutting down and abandoning module PluginBrowser (312)
[2018.05.04-06.27.36:973][174]LogModuleManager: Shutting down and abandoning module MobileLauncherProfileWizard (310)
[2018.05.04-06.27.36:973][174]LogModuleManager: Shutting down and abandoning module VisualStudioSourceCodeAccess (308)
[2018.05.04-06.27.36:973][174]LogModuleManager: Shutting down and abandoning module VisualStudioCodeSourceCodeAccess (306)
[2018.05.04-06.27.36:973][174]LogModuleManager: Shutting down and abandoning module UObjectPlugin (304)
[2018.05.04-06.27.36:973][174]LogModuleManager: Shutting down and abandoning module SubversionSourceControl (302)
[2018.05.04-06.27.36:974][174]LogModuleManager: Shutting down and abandoning module PerforceSourceControl (300)
[2018.05.04-06.27.36:974][174]LogModuleManager: Shutting down and abandoning module GitSourceControl (298)
[2018.05.04-06.27.36:974][174]LogModuleManager: Shutting down and abandoning module SourceControl (297)
[2018.05.04-06.27.36:974][174]LogModuleManager: Shutting down and abandoning module LightPropagationVolumeEditor (294)
[2018.05.04-06.27.36:974][174]LogModuleManager: Shutting down and abandoning module PaperTiledImporter (292)
[2018.05.04-06.27.36:974][174]LogModuleManager: Shutting down and abandoning module PaperSpriteSheetImporter (290)
[2018.05.04-06.27.36:974][174]LogModuleManager: Shutting down and abandoning module Paper2DEditor (288)
[2018.05.04-06.27.36:974][174]LogModuleManager: Shutting down and abandoning module MeshPaint (287)
[2018.05.04-06.27.36:974][174]LogModuleManager: Shutting down and abandoning module LevelEditor (285)
[2018.05.04-06.27.36:974][174]LogModuleManager: Shutting down and abandoning module PixelInspectorModule (284)
[2018.05.04-06.27.36:974][174]LogModuleManager: Shutting down and abandoning module MainFrame (282)
[2018.05.04-06.27.36:974][174]LogModuleManager: Shutting down and abandoning module HotReload (281)
[2018.05.04-06.27.36:975][174]LogModuleManager: Shutting down and abandoning module RuntimePhysXCooking (276)
[2018.05.04-06.27.36:975][174]LogModuleManager: Shutting down and abandoning module PhysXVehiclesEditor (274)
[2018.05.04-06.27.36:975][174]LogModuleManager: Shutting down and abandoning module PhysXVehicles (272)
[2018.05.04-06.27.36:975][174]LogModuleManager: Shutting down and abandoning module OculusEditor (270)
[2018.05.04-06.27.36:975][174]LogModuleManager: Shutting down and abandoning module LocationServicesBPLibrary (268)
[2018.05.04-06.27.36:975][174]LogModuleManager: Shutting down and abandoning module ImmediatePhysicsEditor (266)
[2018.05.04-06.27.36:975][174]LogModuleManager: Shutting down and abandoning module ImmediatePhysics (264)
[2018.05.04-06.27.36:975][174]LogModuleManager: Shutting down and abandoning module ApexDestructionEditor (262)
[2018.05.04-06.27.36:975][174]LogModuleManager: Shutting down and abandoning module ApexDestruction (260)
[2018.05.04-06.27.36:975][174]LogModuleManager: Shutting down and abandoning module UdpMessaging (258)
[2018.05.04-06.27.37:075][174]LogModuleManager: Shutting down and abandoning module TcpMessaging (256)
[2018.05.04-06.27.37:175][174]LogModuleManager: Shutting down and abandoning module SubstanceCore (254)
[2018.05.04-06.27.37:175][174]LogModuleManager: Shutting down and abandoning module GameplayTagsEditor (252)
[2018.05.04-06.27.37:175][174]LogModuleManager: Shutting down and abandoning module FacialAnimationEditor (250)
[2018.05.04-06.27.37:175][174]LogModuleManager: Shutting down and abandoning module FacialAnimation (248)
[2018.05.04-06.27.37:175][174]LogModuleManager: Shutting down and abandoning module AssetManagerEditor (246)
[2018.05.04-06.27.37:175][174]LogModuleManager: Shutting down and abandoning module GraphEditor (245)
[2018.05.04-06.27.37:175][174]LogModuleManager: Shutting down and abandoning module ContentBrowser (243)
[2018.05.04-06.27.37:176][174]LogModuleManager: Shutting down and abandoning module LightPropagationVolumeRuntime (240)
[2018.05.04-06.27.37:176][174]LogModuleManager: Shutting down and abandoning module Paper2D (238)
[2018.05.04-06.27.37:176][174]LogModuleManager: Shutting down and abandoning module WindowsMoviePlayer (236)
[2018.05.04-06.27.37:176][174]LogModuleManager: Shutting down and abandoning module WmfMedia (234)
[2018.05.04-06.27.37:177][174]LogModuleManager: Shutting down and abandoning module ImgMedia (232)
[2018.05.04-06.27.37:178][174]LogModuleManager: Shutting down and abandoning module PacketHandler (230)
[2018.05.04-06.27.37:178][174]LogModuleManager: Shutting down and abandoning module ClothingSystemEditor (228)
[2018.05.04-06.27.37:178][174]LogModuleManager: Shutting down and abandoning module ClothingSystemRuntime (226)
[2018.05.04-06.27.37:178][174]LogModuleManager: Shutting down and abandoning module MediaAssets (224)
[2018.05.04-06.27.37:178][174]LogModuleManager: Shutting down and abandoning module Media (223)
[2018.05.04-06.27.37:184][174]LogModuleManager: Shutting down and abandoning module Overlay (220)
[2018.05.04-06.27.37:184][174]LogModuleManager: Shutting down and abandoning module OverlayEditor (219)
[2018.05.04-06.27.37:184][174]LogModuleManager: Shutting down and abandoning module VREditor (216)
[2018.05.04-06.27.37:184][174]LogModuleManager: Shutting down and abandoning module StringTableEditor (214)
[2018.05.04-06.27.37:184][174]LogModuleManager: Shutting down and abandoning module GameplayTasksEditor (212)
[2018.05.04-06.27.37:184][174]LogModuleManager: Shutting down and abandoning module BehaviorTreeEditor (210)
[2018.05.04-06.27.37:184][174]LogModuleManager: Shutting down and abandoning module FunctionalTesting (208)
[2018.05.04-06.27.37:184][174]LogModuleManager: Shutting down and abandoning module CollisionAnalyzer (206)
[2018.05.04-06.27.37:184][174]LogModuleManager: Shutting down and abandoning module WorkspaceMenuStructure (205)
[2018.05.04-06.27.37:184][174]LogModuleManager: Shutting down and abandoning module UMG (202)
[2018.05.04-06.27.37:184][174]LogModuleManager: Shutting down and abandoning module UMGEditor (201)
[2018.05.04-06.27.37:184][174]LogModuleManager: Shutting down and abandoning module Sequencer (200)
[2018.05.04-06.27.37:184][174]LogModuleManager: Shutting down and abandoning module MessageLog (197)
[2018.05.04-06.27.37:184][174]LogModuleManager: Shutting down and abandoning module SlateReflector (192)
[2018.05.04-06.27.37:184][174]LogModuleManager: Shutting down and abandoning module Slate (190)
[2018.05.04-06.27.37:185][174]LogModuleManager: Shutting down and abandoning module EditorStyle (188)
[2018.05.04-06.27.37:186][174]LogModuleManager: Shutting down and abandoning module MRMesh (186)
[2018.05.04-06.27.37:186][174]LogModuleManager: Shutting down and abandoning module SourceCodeAccess (184)
[2018.05.04-06.27.37:186][174]LogModuleManager: Shutting down and abandoning module HeadMountedDisplay (182)
[2018.05.04-06.27.37:186][174]LogModuleManager: Shutting down and abandoning module XAudio2 (180)
[2018.05.04-06.27.37:186][174]LogModuleManager: Shutting down and abandoning module Networking (178)
[2018.05.04-06.27.37:186][174]LogModuleManager: Shutting down and abandoning module Core (174)
[2018.05.04-06.27.37:186][174]LogModuleManager: Shutting down and abandoning module LevelSequence (170)
[2018.05.04-06.27.37:186][174]LogModuleManager: Shutting down and abandoning module DirectoryWatcher (168)
[2018.05.04-06.27.37:187][174]LogModuleManager: Shutting down and abandoning module KismetCompiler (166)
[2018.05.04-06.27.37:187][174]LogModuleManager: Shutting down and abandoning module MeshUtilities (164)
[2018.05.04-06.27.37:187][174]LogModuleManager: Shutting down and abandoning module MeshMergeUtilities (163)
[2018.05.04-06.27.37:187][174]LogModuleManager: Shutting down and abandoning module MeshReductionInterface (162)
[2018.05.04-06.27.37:187][174]LogModuleManager: Shutting down and abandoning module SimplygonSwarm (161)
[2018.05.04-06.27.37:187][174]LogModuleManager: Shutting down and abandoning module SimplygonMeshReduction (159)
[2018.05.04-06.27.37:187][174]LogModuleManager: Shutting down and abandoning module QuadricMeshReduction (157)
[2018.05.04-06.27.37:187][174]LogModuleManager: Shutting down and abandoning module MaterialBaking (153)
[2018.05.04-06.27.37:187][174]LogModuleManager: Shutting down and abandoning module DerivedDataCache (150)
[2018.05.04-06.27.37:196][174]LogDerivedDataCache: Shutdown
[2018.05.04-06.27.37:196][174]LogModuleManager: Shutting down and abandoning module TargetPlatform (148)
[2018.05.04-06.27.37:197][174]LogModuleManager: Shutting down and abandoning module VulkanShaderFormat (147)
[2018.05.04-06.27.37:197][174]LogModuleManager: Shutting down and abandoning module ShaderFormatVectorVM (145)
[2018.05.04-06.27.37:197][174]LogModuleManager: Shutting down and abandoning module ShaderFormatOpenGL (143)
[2018.05.04-06.27.37:197][174]LogModuleManager: Shutting down and abandoning module ShaderFormatD3D (141)
[2018.05.04-06.27.37:197][174]LogModuleManager: Shutting down and abandoning module MetalShaderFormat (139)
[2018.05.04-06.27.37:197][174]LogModuleManager: Shutting down and abandoning module TextureFormatUncompressed (137)
[2018.05.04-06.27.37:197][174]LogModuleManager: Shutting down and abandoning module TextureFormatPVR (135)
[2018.05.04-06.27.37:197][174]LogModuleManager: Shutting down and abandoning module TextureFormatDXT (133)
[2018.05.04-06.27.37:197][174]LogModuleManager: Shutting down and abandoning module TextureFormatIntelISPCTexComp (131)
[2018.05.04-06.27.37:197][174]LogModuleManager: Shutting down and abandoning module TextureFormatASTC (129)
[2018.05.04-06.27.37:197][174]LogModuleManager: Shutting down and abandoning module ImageWrapper (128)
[2018.05.04-06.27.37:197][174]LogModuleManager: Shutting down and abandoning module TextureFormatAndroid (125)
[2018.05.04-06.27.37:197][174]LogModuleManager: Shutting down and abandoning module AudioFormatOpus (123)
[2018.05.04-06.27.37:197][174]LogModuleManager: Shutting down and abandoning module AudioFormatOgg (121)
[2018.05.04-06.27.37:197][174]LogModuleManager: Shutting down and abandoning module AudioFormatADPCM (119)
[2018.05.04-06.27.37:197][174]LogModuleManager: Shutting down and abandoning module LinuxTargetPlatform (117)
[2018.05.04-06.27.37:197][174]LogModuleManager: Shutting down and abandoning module LinuxServerTargetPlatform (115)
[2018.05.04-06.27.37:197][174]LogModuleManager: Shutting down and abandoning module LinuxNoEditorTargetPlatform (113)
[2018.05.04-06.27.37:197][174]LogModuleManager: Shutting down and abandoning module LinuxClientTargetPlatform (111)
[2018.05.04-06.27.37:197][174]LogModuleManager: Shutting down and abandoning module TVOSTargetPlatform (109)
[2018.05.04-06.27.37:197][174]LogModuleManager: Shutting down and abandoning module Messaging (107)
[2018.05.04-06.27.37:197][174]LogModuleManager: Shutting down and abandoning module IOSTargetPlatform (105)
[2018.05.04-06.27.37:197][174]LogModuleManager: Shutting down and abandoning module HTML5TargetPlatform (103)
[2018.05.04-06.27.37:197][174]LogModuleManager: Shutting down and abandoning module AndroidTargetPlatform (101)
[2018.05.04-06.27.37:197][174]LogModuleManager: Shutting down and abandoning module Android_PVRTCTargetPlatform (99)
[2018.05.04-06.27.37:197][174]LogModuleManager: Shutting down and abandoning module Android_MultiTargetPlatform (97)
[2018.05.04-06.27.37:197][174]LogModuleManager: Shutting down and abandoning module Android_ETC2TargetPlatform (95)
[2018.05.04-06.27.37:197][174]LogModuleManager: Shutting down and abandoning module Android_ETC1TargetPlatform (93)
[2018.05.04-06.27.37:197][174]LogModuleManager: Shutting down and abandoning module Android_DXTTargetPlatform (91)
[2018.05.04-06.27.37:197][174]LogModuleManager: Shutting down and abandoning module Android_ATCTargetPlatform (89)
[2018.05.04-06.27.37:197][174]LogModuleManager: Shutting down and abandoning module Android_ASTCTargetPlatform (87)
[2018.05.04-06.27.37:197][174]LogModuleManager: Shutting down and abandoning module WindowsTargetPlatform (85)
[2018.05.04-06.27.37:197][174]LogModuleManager: Shutting down and abandoning module WindowsServerTargetPlatform (83)
[2018.05.04-06.27.37:197][174]LogModuleManager: Shutting down and abandoning module WindowsNoEditorTargetPlatform (81)
[2018.05.04-06.27.37:197][174]LogModuleManager: Shutting down and abandoning module WindowsClientTargetPlatform (79)
[2018.05.04-06.27.37:197][174]LogModuleManager: Shutting down and abandoning module MacTargetPlatform (77)
[2018.05.04-06.27.37:197][174]LogModuleManager: Shutting down and abandoning module MacServerTargetPlatform (75)
[2018.05.04-06.27.37:197][174]LogModuleManager: Shutting down and abandoning module MacNoEditorTargetPlatform (73)
[2018.05.04-06.27.37:197][174]LogModuleManager: Shutting down and abandoning module MacClientTargetPlatform (71)
[2018.05.04-06.27.37:197][174]LogModuleManager: Shutting down and abandoning module AllDesktopTargetPlatform (69)
[2018.05.04-06.27.37:197][174]LogModuleManager: Shutting down and abandoning module InputCore (66)
[2018.05.04-06.27.37:197][174]LogModuleManager: Shutting down and abandoning module Settings (64)
[2018.05.04-06.27.37:197][174]LogModuleManager: Shutting down and abandoning module PhysXCooking (62)
[2018.05.04-06.27.37:197][174]LogModuleManager: Shutting down and abandoning module SteamVR (60)
[2018.05.04-06.27.37:197][174]LogModuleManager: Shutting down and abandoning module OculusHMD (58)
[2018.05.04-06.27.37:197][174]LogModuleManager: Shutting down and abandoning module OculusAudio (56)
[2018.05.04-06.27.37:197][174]LogModuleManager: Shutting down and abandoning module ExampleDeviceProfileSelector (54)
[2018.05.04-06.27.37:197][174]LogModuleManager: Shutting down and abandoning module AppleARKit (52)
[2018.05.04-06.27.37:197][174]LogModuleManager: Shutting down and abandoning module AugmentedReality (51)
[2018.05.04-06.27.37:197][174]LogModuleManager: Shutting down and abandoning module OnlineBlueprintSupport (48)
[2018.05.04-06.27.37:197][174]LogModuleManager: Shutting down and abandoning module OnlineSubsystem (44)
[2018.05.04-06.27.37:197][174]LogModuleManager: Shutting down and abandoning module XMPP (43)
[2018.05.04-06.27.37:197][174]LogModuleManager: Shutting down and abandoning module HTTP (41)
[2018.05.04-06.27.37:197][174]LogHttp: Display: Http module shutting down, but needs to wait on 1 outstanding Http requests:
[2018.05.04-06.27.37:197][174]LogHttp: Display: 	verb=[POST] url=[https://datarouter.ol.epicgames.com/datarouter/api/v1/public/data?SessionID=%7B1B1D1FEE-4999-BA04-EDD5-538837711F07%7D&AppID=UEEditor.Rocket.Release&AppVersion=4.18.3-3832480%2B%2B%2BUE4%2BRelease-4.18&UserID=2bae70db41f084004a2ce0bd3e06ec0c%7Cb3a122d34d8d4250b2d7520357a10a81%7C5f585d7b-ecc4-4dd4-88bd-af123f1b33ca&AppEnvironment=datacollector-binary&UploadType=eteventstream] status=Processing
[2018.05.04-06.27.37:209][174]LogModuleManager: Shutting down and abandoning module SSL (40)
[2018.05.04-06.27.37:210][174]LogModuleManager: Shutting down and abandoning module AnimationModifiers (36)
[2018.05.04-06.27.37:210][174]LogModuleManager: Shutting down and abandoning module PropertyEditor (35)
[2018.05.04-06.27.37:210][174]LogModuleManager: Shutting down and abandoning module AudioEditor (32)
[2018.05.04-06.27.37:210][174]LogModuleManager: Shutting down and abandoning module TextureCompressor (30)
[2018.05.04-06.27.37:210][174]LogModuleManager: Shutting down and abandoning module ShaderCore (28)
[2018.05.04-06.27.37:210][174]LogModuleManager: Shutting down and abandoning module Landscape (26)
[2018.05.04-06.27.37:210][174]LogModuleManager: Shutting down and abandoning module SlateRHIRenderer (24)
[2018.05.04-06.27.37:211][174]LogModuleManager: Shutting down and abandoning module OpenGLDrv (22)
[2018.05.04-06.27.37:211][174]LogModuleManager: Shutting down and abandoning module D3D11RHI (20)
[2018.05.04-06.27.37:211][174]LogModuleManager: Shutting down and abandoning module AnimGraphRuntime (18)
[2018.05.04-06.27.37:211][174]LogModuleManager: Shutting down and abandoning module Renderer (16)
[2018.05.04-06.27.37:211][174]LogModuleManager: Shutting down and abandoning module Engine (14)
[2018.05.04-06.27.37:211][174]LogModuleManager: Shutting down and abandoning module CoreUObject (12)
[2018.05.04-06.27.37:211][174]LogModuleManager: Shutting down and abandoning module NetworkFile (10)
[2018.05.04-06.27.37:211][174]LogModuleManager: Shutting down and abandoning module CookedIterativeFile (8)
[2018.05.04-06.27.37:211][174]LogModuleManager: Shutting down and abandoning module StreamingFile (6)
[2018.05.04-06.27.37:211][174]LogModuleManager: Shutting down and abandoning module SandboxFile (4)
[2018.05.04-06.27.37:211][174]LogModuleManager: Shutting down and abandoning module PakFile (2)
[2018.05.04-06.27.37:213][174]LogExit: Exiting.
[2018.05.04-06.27.37:214][174]Log file closed, 05/03/18 23:27:37
