Log file open, 03/26/18 17:45:28
LogWindows: Failed to load 'aqProf.dll' (GetLastError=126)
LogWindows: File 'aqProf.dll' does not exist
LogWindows: Failed to load 'VtuneApi.dll' (GetLastError=126)
LogWindows: File 'VtuneApi.dll' does not exist
LogWindows: Failed to load 'VtuneApi32e.dll' (GetLastError=126)
LogWindows: File 'VtuneApi32e.dll' does not exist
LogInit: Display: Running engine for game: SushiShop
LogPlatformFile: Not using cached read wrapper
LogInit: Display: RandInit(-1368002585) SRandInit(-1368002585).
LogInit: Read version file with build ID '3709383'
LogInit: Overriding engine version to CL 3832480, compatible CL 3709383
LogInit: Registered custom module enumerator with build ID '3709383'
LogTaskGraph: Started task graph with 5 named threads and 20 total threads with 3 sets of task threads.
LogStats: Stats thread started at 0.232446
LogD3D11RHI: Aftermath initialized
LogModuleManager: Display: Found up-to-date module file ../../../Engine/Plugins/2D/Paper2D/Binaries/Win64/UE4Editor-Paper2D.dll (API version 3709383).
LogModuleManager: Display: Found up-to-date module file ../../../Engine/Plugins/2D/Paper2D/Binaries/Win64/UE4Editor-Paper2DEditor.dll (API version 3709383).
LogModuleManager: Display: Found up-to-date module file ../../../Engine/Plugins/2D/Paper2D/Binaries/Win64/UE4Editor-PaperSpriteSheetImporter.dll (API version 3709383).
LogModuleManager: Display: Found up-to-date module file ../../../Engine/Plugins/2D/Paper2D/Binaries/Win64/UE4Editor-PaperTiledImporter.dll (API version 3709383).
LogModuleManager: Display: Found up-to-date module file ../../../Engine/Plugins/2D/Paper2D/Binaries/Win64/UE4Editor-SmartSnapping.dll (API version 3709383).
LogModuleManager: Display: Found up-to-date module file ../../../Engine/Plugins/Blendables/LightPropagationVolume/Binaries/Win64/UE4Editor-LightPropagationVolumeRuntime.dll (API version 3709383).
LogModuleManager: Display: Found up-to-date module file ../../../Engine/Plugins/Blendables/LightPropagationVolume/Binaries/Win64/UE4Editor-LightPropagationVolumeEditor.dll (API version 3709383).
LogModuleManager: Display: Found up-to-date module file ../../../Engine/Plugins/Developer/GitSourceControl/Binaries/Win64/UE4Editor-GitSourceControl.dll (API version 3709383).
LogModuleManager: Display: Found up-to-date module file ../../../Engine/Plugins/Developer/PerforceSourceControl/Binaries/Win64/UE4Editor-PerforceSourceControl.dll (API version 3709383).
LogModuleManager: Display: Found up-to-date module file ../../../Engine/Plugins/Developer/SubversionSourceControl/Binaries/Win64/UE4Editor-SubversionSourceControl.dll (API version 3709383).
LogModuleManager: Display: Found up-to-date module file ../../../Engine/Plugins/Developer/UObjectPlugin/Binaries/Win64/UE4Editor-UObjectPlugin.dll (API version 3709383).
LogModuleManager: Display: Found up-to-date module file ../../../Engine/Plugins/Developer/VisualStudioCodeSourceCodeAccess/Binaries/Win64/UE4Editor-VisualStudioCodeSourceCodeAccess.dll (API version 3709383).
LogModuleManager: Display: Found up-to-date module file ../../../Engine/Plugins/Developer/VisualStudioSourceCodeAccess/Binaries/Win64/UE4Editor-VisualStudioSourceCodeAccess.dll (API version 3709383).
LogModuleManager: Display: Found up-to-date module file ../../../Engine/Plugins/Editor/AssetManagerEditor/Binaries/Win64/UE4Editor-AssetManagerEditor.dll (API version 3709383).
LogModuleManager: Display: Found up-to-date module file ../../../Engine/Plugins/Editor/AudioCapture/Binaries/Win64/UE4Editor-AudioCapture.dll (API version 3709383).
LogModuleManager: Display: Found up-to-date module file ../../../Engine/Plugins/Editor/FacialAnimation/Binaries/Win64/UE4Editor-FacialAnimation.dll (API version 3709383).
LogModuleManager: Display: Found up-to-date module file ../../../Engine/Plugins/Editor/FacialAnimation/Binaries/Win64/UE4Editor-FacialAnimationEditor.dll (API version 3709383).
LogModuleManager: Display: Found up-to-date module file ../../../Engine/Plugins/Editor/GameplayTagsEditor/Binaries/Win64/UE4Editor-GameplayTagsEditor.dll (API version 3709383).
LogModuleManager: Display: Found up-to-date module file ../../../Engine/Plugins/Editor/MobileLauncherProfileWizard/Binaries/Win64/UE4Editor-MobileLauncherProfileWizard.dll (API version 3709383).
LogModuleManager: Display: Found up-to-date module file ../../../Engine/Plugins/Editor/PluginBrowser/Binaries/Win64/UE4Editor-PluginBrowser.dll (API version 3709383).
LogModuleManager: Display: Found up-to-date module file ../../../Engine/Plugins/Editor/SpeedTreeImporter/Binaries/Win64/UE4Editor-SpeedTreeImporter.dll (API version 3709383).
LogModuleManager: Display: Found up-to-date module file ../../../Engine/Plugins/Experimental/AlembicImporter/Binaries/Win64/UE4Editor-AlembicImporter.dll (API version 3709383).
LogModuleManager: Display: Found up-to-date module file ../../../Engine/Plugins/Experimental/AlembicImporter/Binaries/Win64/UE4Editor-AlembicLibrary.dll (API version 3709383).
LogModuleManager: Display: Found up-to-date module file ../../../Engine/Plugins/Experimental/CharacterAI/Binaries/Win64/UE4Editor-CharacterAI.dll (API version 3709383).
LogModuleManager: Display: Found up-to-date module file ../../../Engine/Plugins/Experimental/HTML5Networking/Binaries/Win64/UE4Editor-HTML5Networking.dll (API version 3709383).
LogModuleManager: Display: Found up-to-date module file ../../../Engine/Plugins/Media/AndroidMedia/Binaries/Win64/UE4Editor-AndroidMediaEditor.dll (API version 3709383).
LogModuleManager: Display: Found up-to-date module file ../../../Engine/Plugins/Media/AndroidMedia/Binaries/Win64/UE4Editor-AndroidMediaFactory.dll (API version 3709383).
LogModuleManager: Display: Found up-to-date module file ../../../Engine/Plugins/Media/AvfMedia/Binaries/Win64/UE4Editor-AvfMediaEditor.dll (API version 3709383).
LogModuleManager: Display: Found up-to-date module file ../../../Engine/Plugins/Media/AvfMedia/Binaries/Win64/UE4Editor-AvfMediaFactory.dll (API version 3709383).
LogModuleManager: Display: Found up-to-date module file ../../../Engine/Plugins/Media/AvfMedia/Binaries/Win64/UE4Editor-AvfMediaFactory.dll (API version 3709383).
LogModuleManager: Display: Found up-to-date module file ../../../Engine/Plugins/Media/ImgMedia/Binaries/Win64/UE4Editor-ImgMedia.dll (API version 3709383).
LogModuleManager: Display: Found up-to-date module file ../../../Engine/Plugins/Media/ImgMedia/Binaries/Win64/UE4Editor-ImgMediaEditor.dll (API version 3709383).
LogModuleManager: Display: Found up-to-date module file ../../../Engine/Plugins/Media/ImgMedia/Binaries/Win64/UE4Editor-ImgMediaFactory.dll (API version 3709383).
LogModuleManager: Display: Found up-to-date module file ../../../Engine/Plugins/Media/ImgMedia/Binaries/Win64/UE4Editor-ImgMediaFactory.dll (API version 3709383).
LogModuleManager: Display: Found up-to-date module file ../../../Engine/Plugins/Media/ImgMedia/Binaries/Win64/UE4Editor-OpenExrWrapper.dll (API version 3709383).
LogModuleManager: Display: Found up-to-date module file ../../../Engine/Plugins/Media/MediaCompositing/Binaries/Win64/UE4Editor-MediaCompositing.dll (API version 3709383).
LogModuleManager: Display: Found up-to-date module file ../../../Engine/Plugins/Media/MediaCompositing/Binaries/Win64/UE4Editor-MediaCompositingEditor.dll (API version 3709383).
LogModuleManager: Display: Found up-to-date module file ../../../Engine/Plugins/Media/MediaPlayerEditor/Binaries/Win64/UE4Editor-MediaPlayerEditor.dll (API version 3709383).
LogModuleManager: Display: Found up-to-date module file ../../../Engine/Plugins/Media/WmfMedia/Binaries/Win64/UE4Editor-WmfMedia.dll (API version 3709383).
LogModuleManager: Display: Found up-to-date module file ../../../Engine/Plugins/Media/WmfMedia/Binaries/Win64/UE4Editor-WmfMediaEditor.dll (API version 3709383).
LogModuleManager: Display: Found up-to-date module file ../../../Engine/Plugins/Media/WmfMedia/Binaries/Win64/UE4Editor-WmfMediaFactory.dll (API version 3709383).
LogModuleManager: Display: Found up-to-date module file ../../../Engine/Plugins/Media/WmfMedia/Binaries/Win64/UE4Editor-WmfMediaFactory.dll (API version 3709383).
LogModuleManager: Display: Found up-to-date module file ../../../Engine/Plugins/Messaging/TcpMessaging/Binaries/Win64/UE4Editor-TcpMessaging.dll (API version 3709383).
LogModuleManager: Display: Found up-to-date module file ../../../Engine/Plugins/Messaging/UdpMessaging/Binaries/Win64/UE4Editor-UdpMessaging.dll (API version 3709383).
LogModuleManager: Display: Found up-to-date module file ../../../Engine/Plugins/MovieScene/ActorSequence/Binaries/Win64/UE4Editor-ActorSequence.dll (API version 3709383).
LogModuleManager: Display: Found up-to-date module file ../../../Engine/Plugins/MovieScene/LevelSequenceEditor/Binaries/Win64/UE4Editor-LevelSequenceEditor.dll (API version 3709383).
LogModuleManager: Display: Found up-to-date module file ../../../Engine/Plugins/MovieScene/MatineeToLevelSequence/Binaries/Win64/UE4Editor-MatineeToLevelSequence.dll (API version 3709383).
LogModuleManager: Display: Found up-to-date module file ../../../Engine/Plugins/Online/OnlineSubsystem/Binaries/Win64/UE4Editor-OnlineSubsystem.dll (API version 3709383).
LogModuleManager: Display: Found up-to-date module file ../../../Engine/Plugins/Runtime/AndroidPermission/Binaries/Win64/UE4Editor-AndroidPermission.dll (API version 3709383).
LogModuleManager: Display: Found up-to-date module file ../../../Engine/Plugins/Online/OnlineSubsystemNull/Binaries/Win64/UE4Editor-OnlineSubsystemNull.dll (API version 3709383).
LogModuleManager: Display: Found up-to-date module file ../../../Engine/Plugins/Online/OnlineSubsystemUtils/Binaries/Win64/UE4Editor-OnlineSubsystemUtils.dll (API version 3709383).
LogModuleManager: Display: Found up-to-date module file ../../../Engine/Plugins/Online/OnlineSubsystemUtils/Binaries/Win64/UE4Editor-OnlineBlueprintSupport.dll (API version 3709383).
LogModuleManager: Display: Found up-to-date module file ../../../Engine/Plugins/Runtime/AndroidDeviceProfileSelector/Binaries/Win64/UE4Editor-AndroidDeviceProfileSelector.dll (API version 3709383).
LogModuleManager: Display: Found up-to-date module file ../../../Engine/Plugins/Runtime/AppleARKit/Binaries/Win64/UE4Editor-AppleARKit.dll (API version 3709383).
LogModuleManager: Display: Found up-to-date module file ../../../Engine/Plugins/Runtime/ArchVisCharacter/Binaries/Win64/UE4Editor-ArchVisCharacter.dll (API version 3709383).
LogModuleManager: Display: Found up-to-date module file ../../../Engine/Plugins/Runtime/CableComponent/Binaries/Win64/UE4Editor-CableComponent.dll (API version 3709383).
LogModuleManager: Display: Found up-to-date module file ../../../Engine/Plugins/Runtime/CustomMeshComponent/Binaries/Win64/UE4Editor-CustomMeshComponent.dll (API version 3709383).
LogModuleManager: Display: Found up-to-date module file ../../../Engine/Plugins/Runtime/ExampleDeviceProfileSelector/Binaries/Win64/UE4Editor-ExampleDeviceProfileSelector.dll (API version 3709383).
LogModuleManager: Display: Found up-to-date module file ../../../Engine/Plugins/Runtime/ImmediatePhysics/Binaries/Win64/UE4Editor-ImmediatePhysics.dll (API version 3709383).
LogModuleManager: Display: Found up-to-date module file ../../../Engine/Plugins/Runtime/ImmediatePhysics/Binaries/Win64/UE4Editor-ImmediatePhysicsEditor.dll (API version 3709383).
LogModuleManager: Display: Found up-to-date module file ../../../Engine/Plugins/Runtime/LocationServicesBPLibrary/Binaries/Win64/UE4Editor-LocationServicesBPLibrary.dll (API version 3709383).
LogModuleManager: Display: Found up-to-date module file ../../../Engine/Plugins/Runtime/MobilePatchingUtils/Binaries/Win64/UE4Editor-MobilePatchingUtils.dll (API version 3709383).
LogModuleManager: Display: Found up-to-date module file ../../../Engine/Plugins/Runtime/Oculus/OculusVR/Binaries/Win64/UE4Editor-OculusHMD.dll (API version 3709383).
LogModuleManager: Display: Found up-to-date module file ../../../Engine/Plugins/Runtime/Oculus/OculusVR/Binaries/Win64/UE4Editor-OculusInput.dll (API version 3709383).
LogModuleManager: Display: Found up-to-date module file ../../../Engine/Plugins/Runtime/Oculus/OculusVR/Binaries/Win64/UE4Editor-OculusEditor.dll (API version 3709383).
LogModuleManager: Display: Found up-to-date module file ../../../Engine/Plugins/Runtime/PhysXVehicles/Binaries/Win64/UE4Editor-PhysXVehicles.dll (API version 3709383).
LogModuleManager: Display: Found up-to-date module file ../../../Engine/Plugins/Runtime/PhysXVehicles/Binaries/Win64/UE4Editor-PhysXVehiclesEditor.dll (API version 3709383).
LogModuleManager: Display: Found up-to-date module file ../../../Engine/Plugins/Runtime/ProceduralMeshComponent/Binaries/Win64/UE4Editor-ProceduralMeshComponent.dll (API version 3709383).
LogModuleManager: Display: Found up-to-date module file ../../../Engine/Plugins/Runtime/ProceduralMeshComponent/Binaries/Win64/UE4Editor-ProceduralMeshComponentEditor.dll (API version 3709383).
LogModuleManager: Display: Found up-to-date module file ../../../Engine/Plugins/Runtime/RuntimePhysXCooking/Binaries/Win64/UE4Editor-RuntimePhysXCooking.dll (API version 3709383).
LogModuleManager: Display: Found up-to-date module file ../../../Engine/Plugins/Runtime/Steam/SteamVR/Binaries/Win64/UE4Editor-SteamVR.dll (API version 3709383).
LogModuleManager: Display: Found up-to-date module file ../../../Engine/Plugins/Runtime/Steam/SteamVR/Binaries/Win64/UE4Editor-SteamVRController.dll (API version 3709383).
LogModuleManager: Display: Found up-to-date module file ../../../Engine/Plugins/Runtime/WindowsMoviePlayer/Binaries/Win64/UE4Editor-WindowsMoviePlayer.dll (API version 3709383).
LogPluginManager: Mounting plugin Paper2D
LogPluginManager: Mounting plugin LightPropagationVolume
LogPluginManager: Mounting plugin CodeLiteSourceCodeAccess
LogPluginManager: Mounting plugin GitSourceControl
LogPluginManager: Mounting plugin KDevelopSourceCodeAccess
LogPluginManager: Mounting plugin NullSourceCodeAccess
LogPluginManager: Mounting plugin PerforceSourceControl
LogPluginManager: Mounting plugin SubversionSourceControl
LogPluginManager: Mounting plugin UObjectPlugin
LogPluginManager: Mounting plugin VisualStudioCodeSourceCodeAccess
LogPluginManager: Mounting plugin VisualStudioSourceCodeAccess
LogPluginManager: Mounting plugin XCodeSourceCodeAccess
LogPluginManager: Mounting plugin AssetManagerEditor
LogPluginManager: Mounting plugin AudioCapture
LogPluginManager: Mounting plugin FacialAnimation
LogPluginManager: Mounting plugin GameplayTagsEditor
LogPluginManager: Mounting plugin MobileLauncherProfileWizard
LogPluginManager: Mounting plugin PluginBrowser
LogPluginManager: Mounting plugin SpeedTreeImporter
LogPluginManager: Mounting plugin AlembicImporter
LogPluginManager: Mounting plugin CharacterAI
LogPluginManager: Mounting plugin HTML5Networking
LogPluginManager: Mounting plugin AndroidMedia
LogPluginManager: Mounting plugin AvfMedia
LogPluginManager: Mounting plugin ImgMedia
LogPluginManager: Mounting plugin MediaCompositing
LogPluginManager: Mounting plugin MediaPlayerEditor
LogPluginManager: Mounting plugin WmfMedia
LogPluginManager: Mounting plugin TcpMessaging
LogPluginManager: Mounting plugin UdpMessaging
LogPluginManager: Mounting plugin ActorSequence
LogPluginManager: Mounting plugin LevelSequenceEditor
LogPluginManager: Mounting plugin MatineeToLevelSequence
LogPluginManager: Mounting plugin OnlineSubsystemGooglePlay
LogPluginManager: Mounting plugin OnlineSubsystemIOS
LogPluginManager: Mounting plugin OnlineSubsystem
LogPluginManager: Mounting plugin OnlineSubsystemNull
LogPluginManager: Mounting plugin OnlineSubsystemUtils
LogPluginManager: Mounting plugin AndroidDeviceProfileSelector
LogPluginManager: Mounting plugin AndroidMoviePlayer
LogPluginManager: Mounting plugin AndroidPermission
LogPluginManager: Mounting plugin AppleARKit
LogPluginManager: Mounting plugin AppleMoviePlayer
LogPluginManager: Mounting plugin ArchVisCharacter
LogPluginManager: Mounting plugin CableComponent
LogPluginManager: Mounting plugin CustomMeshComponent
LogPluginManager: Mounting plugin ExampleDeviceProfileSelector
LogPluginManager: Mounting plugin GoogleCloudMessaging
LogPluginManager: Mounting plugin ImmediatePhysics
LogPluginManager: Mounting plugin IOSDeviceProfileSelector
LogPluginManager: Mounting plugin LinuxDeviceProfileSelector
LogPluginManager: Mounting plugin LocationServicesBPLibrary
LogPluginManager: Mounting plugin MobilePatchingUtils
LogPluginManager: Mounting plugin OculusVR
LogPluginManager: Plugin shader directory ../../../Engine/Plugins/Runtime/Oculus/OculusVR/Shaders found
LogPluginManager: Mapping shader source directory ../../../Engine/Plugins/Runtime/Oculus/OculusVR/Shaders to virtual directory /Plugin/OculusVR
LogPluginManager: Mounting plugin PhysXVehicles
LogPluginManager: Mounting plugin ProceduralMeshComponent
LogPluginManager: Mounting plugin RuntimePhysXCooking
LogPluginManager: Mounting plugin SteamVR
LogPluginManager: Mounting plugin WindowsMoviePlayer
LogInit: Using libcurl 7.47.1
LogInit:  - built for x86_64-pc-win32
LogInit:  - supports SSL with OpenSSL/1.0.2g
LogInit:  - supports HTTP deflate (compression) using libz 1.2.8
LogInit:  - other features:
LogInit:      CURL_VERSION_SSL
LogInit:      CURL_VERSION_LIBZ
LogInit:      CURL_VERSION_IPV6
LogInit:      CURL_VERSION_ASYNCHDNS
LogInit:      CURL_VERSION_LARGEFILE
LogInit:      CURL_VERSION_IDN
LogInit:  CurlRequestOptions (configurable via config and command line):
LogInit:  - bVerifyPeer = false  - Libcurl will NOT verify peer certificate
LogInit:  - bUseHttpProxy = false  - Libcurl will NOT use HTTP proxy
LogInit:  - bDontReuseConnections = false  - Libcurl will reuse connections
LogInit:  - CertBundlePath = nullptr  - Libcurl will use whatever was configured at build time.
LogHMD: Failed initializing OVRPlugin 1.19.0
LogInit: Build: ++UE4+Release-4.18-CL-3832480
LogInit: Engine Version: 4.18.3-3832480+++UE4+Release-4.18
LogInit: Compatible Engine Version: 4.18.0-3709383+++UE4+Release-4.18
LogInit: Net CL: 3709383
LogDevObjectVersion: Number of dev versions registered: 16
LogDevObjectVersion:   Dev-Blueprints (B0D832E4-1F89-4F0D-ACCF-7EB736FD4AA2): 10
LogDevObjectVersion:   Dev-Build (E1C64328-A22C-4D53-A36C-8E866417BD8C): 0
LogDevObjectVersion:   Dev-Core (375EC13C-06E4-48FB-B500-84F0262A717E): 2
LogDevObjectVersion:   Dev-Editor (E4B068ED-F494-42E9-A231-DA0B2E46BB41): 20
LogDevObjectVersion:   Dev-Framework (CFFC743F-43B0-4480-9391-14DF171D2073): 30
LogDevObjectVersion:   Dev-Mobile (B02B49B5-BB20-44E9-A304-32B752E40360): 0
LogDevObjectVersion:   Dev-Networking (A4E4105C-59A1-49B5-A7C5-40C4547EDFEE): 0
LogDevObjectVersion:   Dev-Online (39C831C9-5AE6-47DC-9A44-9C173E1C8E7C): 0
LogDevObjectVersion:   Dev-Physics (78F01B33-EBEA-4F98-B9B4-84EACCB95AA2): 0
LogDevObjectVersion:   Dev-Platform (6631380F-2D4D-43E0-8009-CF276956A95A): 0
LogDevObjectVersion:   Dev-Rendering (12F88B9F-8875-4AFC-A67C-D90C383ABD29): 20
LogDevObjectVersion:   Dev-Sequencer (7B5AE74C-D270-4C10-A958-57980B212A5A): 4
LogDevObjectVersion:   Dev-VR (D7296918-1DD6-4BDD-9DE2-64A83CC13884): 0
LogDevObjectVersion:   Dev-LoadTimes (C2A15278-BFE7-4AFE-6C17-90FF531DF755): 1
LogDevObjectVersion:   Private-Geometry (6EACA3D4-40EC-4CC1-B786-8BED09428FC5): 1
LogDevObjectVersion:   Dev-AnimPhys (29E575DD-E0A3-4627-9D10-D276232CDCEA): 12
LogInit: Compiled (64-bit): Jan 12 2018 02:04:55
LogInit: Compiled with Visual C++: 19.00.24215.01
LogInit: Build Configuration: Development
LogInit: Branch Name: ++UE4+Release-4.18
LogInit: Command line:  
LogInit: Base directory: D:/Epic Games/Epic Games/UE_4.18/Engine/Binaries/Win64/
LogInit: Installed Engine Build: 1
LogInit: Presizing for max 8388607 objects, including 0 objects not considered by GC, pre-allocating 0 bytes for permanent pool.
LogInit: Object subsystem initialized
[2018.03.27-00.45.30:309][  0]LogInit: Selected Device Profile: [Windows]
[2018.03.27-00.45.30:309][  0]LogInit: Applying CVar settings loaded from the selected device profile: [Windows]
[2018.03.27-00.45.30:321][  0]LogInit: Computer: CAPTAINARCHER
[2018.03.27-00.45.30:321][  0]LogInit: User: ENDER
[2018.03.27-00.45.30:321][  0]LogInit: CPU Page size=4096, Cores=6
[2018.03.27-00.45.30:321][  0]LogInit: High frequency timer resolution =3.417969 MHz
[2018.03.27-00.45.30:321][  0]LogMemory: Memory total: Physical=15.9GB (16GB approx)
[2018.03.27-00.45.30:321][  0]LogMemory: Platform Memory Stats for Windows
[2018.03.27-00.45.30:321][  0]LogMemory: Process Physical Memory: 281.71 MB used, 281.71 MB peak
[2018.03.27-00.45.30:321][  0]LogMemory: Process Virtual Memory: 282.00 MB used, 282.00 MB peak
[2018.03.27-00.45.30:321][  0]LogMemory: Physical Memory: 3758.23 MB used,  12521.27 MB free, 16279.50 MB total
[2018.03.27-00.45.30:321][  0]LogMemory: Virtual Memory: 740.50 MB used,  12521.27 MB free, 134217728.00 MB total
[2018.03.27-00.45.30:430][  0]LogInit: Using OS detected language (en-US).
[2018.03.27-00.45.30:430][  0]LogInit: Using OS detected locale (en-US).
[2018.03.27-00.45.30:434][  0]LogTextLocalizationManager: No specific localization for 'en-US' exists, so the 'en' localization will be used.
[2018.03.27-00.45.30:825][  0]LogInit: Setting process to per monitor DPI aware
[2018.03.27-00.45.31:206][  0]LogD3D11RHI: D3D11 adapters:
[2018.03.27-00.45.31:225][  0]LogD3D11RHI:    0. 'AMD Radeon (TM) R9 390 Series' (Feature Level 11_0)
[2018.03.27-00.45.31:225][  0]LogD3D11RHI:       8168/0/8139 MB DedicatedVideo/DedicatedSystem/SharedSystem, Outputs:2, VendorId:0x1002
[2018.03.27-00.45.31:227][  0]LogD3D11RHI:    1. 'Microsoft Basic Render Driver' (Feature Level 11_0)
[2018.03.27-00.45.31:227][  0]LogD3D11RHI:       0/0/8139 MB DedicatedVideo/DedicatedSystem/SharedSystem, Outputs:0, VendorId:0x1414
[2018.03.27-00.45.31:227][  0]LogD3D11RHI: Chosen D3D11 Adapter: 0
[2018.03.27-00.45.31:232][  0]LogD3D11RHI: Creating new Direct3DDevice
[2018.03.27-00.45.31:232][  0]LogD3D11RHI:     GPU DeviceId: 0x67b1 (for the marketing name, search the web for "GPU Device Id")
[2018.03.27-00.45.31:232][  0]LogWindows: EnumDisplayDevices:
[2018.03.27-00.45.31:232][  0]LogWindows:    0. 'AMD Radeon (TM) R9 390 Series' (P:1 D:1)
[2018.03.27-00.45.31:233][  0]LogWindows:    1. 'AMD Radeon (TM) R9 390 Series' (P:0 D:1)
[2018.03.27-00.45.31:233][  0]LogWindows:    2. 'AMD Radeon (TM) R9 390 Series' (P:0 D:0)
[2018.03.27-00.45.31:233][  0]LogWindows:    3. 'AMD Radeon (TM) R9 390 Series' (P:0 D:0)
[2018.03.27-00.45.31:233][  0]LogWindows:    4. 'AMD Radeon (TM) R9 390 Series' (P:0 D:0)
[2018.03.27-00.45.31:233][  0]LogWindows:    5. 'AMD Radeon (TM) R9 390 Series' (P:0 D:0)
[2018.03.27-00.45.31:233][  0]LogWindows:    6. 'AMD Radeon (TM) R9 390 Series' (P:0 D:0)
[2018.03.27-00.45.31:233][  0]LogWindows:    7. 'AMD Radeon (TM) R9 390 Series' (P:0 D:0)
[2018.03.27-00.45.31:233][  0]LogWindows:    8. 'AMD Radeon (TM) R9 390 Series' (P:0 D:0)
[2018.03.27-00.45.31:233][  0]LogWindows:    9. 'AMD Radeon (TM) R9 390 Series' (P:0 D:0)
[2018.03.27-00.45.31:234][  0]LogWindows:    10. 'AMD Radeon (TM) R9 390 Series' (P:0 D:0)
[2018.03.27-00.45.31:234][  0]LogWindows:    11. 'AMD Radeon (TM) R9 390 Series' (P:0 D:0)
[2018.03.27-00.45.31:234][  0]LogWindows:    12. 'AMD Radeon (TM) R9 390 Series' (P:0 D:0)
[2018.03.27-00.45.31:234][  0]LogWindows:    13. 'AMD Radeon (TM) R9 390 Series' (P:0 D:0)
[2018.03.27-00.45.31:234][  0]LogWindows:    14. 'AMD Radeon (TM) R9 390 Series' (P:0 D:0)
[2018.03.27-00.45.31:234][  0]LogWindows:    15. 'AMD Radeon (TM) R9 390 Series' (P:0 D:0)
[2018.03.27-00.45.31:234][  0]LogWindows: DebugString: GetVideoDriverDetailsInvalid PrimaryIsNotTheChoosenAdapter GetVideoDriverDetailsInvalid PrimaryIsNotTheChoosenAdapter GetVideoDriverDetailsInvalid PrimaryIsNotTheChoosenAdapter GetVideoDriverDetailsInvalid PrimaryIsNotTheChoosenAdapter GetVideoDriverDetailsInvalid PrimaryIsNotTheChoosenAdapter GetVideoDriverDetailsInvalid PrimaryIsNotTheChoosenAdapter GetVideoDriverDetailsInvalid PrimaryIsNotTheChoosenAdapter GetVideoDriverDetailsInvalid PrimaryIsNotTheChoosenAdapter GetVideoDriverDetailsInvalid PrimaryIsNotTheChoosenAdapter GetVideoDriverDetailsInvalid PrimaryIsNotTheChoosenAdapter GetVideoDriverDetailsInvalid PrimaryIsNotTheChoosenAdapter GetVideoDriverDetailsInvalid PrimaryIsNotTheChoosenAdapter GetVideoDriverDetailsInvalid PrimaryIsNotTheChoosenAdapter GetVideoDriverDetailsInvalid PrimaryIsNotTheChoosenAdapter GetVideoDriverDetailsInvalid PrimaryIsNotTheChoosenAdapter GetVideoDriverDetailsInvalid PrimaryIsNotTheChoosenAdapter FoundDriverCount:0 
[2018.03.27-00.45.31:234][  0]LogD3D11RHI:     Adapter Name: AMD Radeon (TM) R9 390 Series
[2018.03.27-00.45.31:234][  0]LogD3D11RHI:   Driver Version: Unknown (internal:Unknown, unified:Unknown)
[2018.03.27-00.45.31:234][  0]LogD3D11RHI:      Driver Date: Unknown
[2018.03.27-00.45.31:234][  0]LogRHI: Texture pool is 5717 MB (70% of 8168 MB)
[2018.03.27-00.45.31:274][  0]LogD3D11RHI: Async texture creation enabled
[2018.03.27-00.45.31:287][  0]LogD3D11RHI: GPU Timing Frequency: 27.000000 (Debug: 2 1)
[2018.03.27-00.45.31:288][  0]LogShaderCompilers: Guid format shader working directory is -6 characters bigger than the processId version (C:/Users/ENDER/Documents/GitHub/SushiShop/SushiShop/Intermediate/Shaders/WorkingDirectory/16688/).
[2018.03.27-00.45.31:289][  0]LogShaderCompilers: Cleaned the shader compiler working directory 'C:/Users/ENDER/AppData/Local/Temp/UnrealShaderWorkingDir/B8570B2D4E1DAED987F230BC29DCEAC6/'.
[2018.03.27-00.45.31:289][  0]LogShaderCompilers: Display: Using Local Shader Compiler.
[2018.03.27-00.45.32:277][  0]LogTemp: Display: Loaded TP AllDesktopTargetPlatform
[2018.03.27-00.45.32:323][  0]LogTemp: Display: Loaded TP MacClientTargetPlatform
[2018.03.27-00.45.32:369][  0]LogTemp: Display: Loaded TP MacNoEditorTargetPlatform
[2018.03.27-00.45.32:414][  0]LogTemp: Display: Loaded TP MacServerTargetPlatform
[2018.03.27-00.45.32:460][  0]LogTemp: Display: Loaded TP MacTargetPlatform
[2018.03.27-00.45.32:506][  0]LogTemp: Display: Loaded TP WindowsClientTargetPlatform
[2018.03.27-00.45.32:551][  0]LogTemp: Display: Loaded TP WindowsNoEditorTargetPlatform
[2018.03.27-00.45.32:597][  0]LogTemp: Display: Loaded TP WindowsServerTargetPlatform
[2018.03.27-00.45.32:636][  0]LogTemp: Display: Loaded TP WindowsTargetPlatform
[2018.03.27-00.45.32:681][  0]LogTemp: Display: Loaded TP Android_ASTCTargetPlatform
[2018.03.27-00.45.32:727][  0]LogTemp: Display: Loaded TP Android_ATCTargetPlatform
[2018.03.27-00.45.32:773][  0]LogTemp: Display: Loaded TP Android_DXTTargetPlatform
[2018.03.27-00.45.32:819][  0]LogTemp: Display: Loaded TP Android_ETC1TargetPlatform
[2018.03.27-00.45.32:865][  0]LogTemp: Display: Loaded TP Android_ETC2TargetPlatform
[2018.03.27-00.45.32:955][  0]LogTemp: Display: Loaded TP Android_MultiTargetPlatform
[2018.03.27-00.45.32:955][  0]LogTemp: Display: Loaded TP Android_PVRTCTargetPlatform
[2018.03.27-00.45.33:000][  0]LogTemp: Display: Loaded TP AndroidTargetPlatform
[2018.03.27-00.45.33:034][  0]LogTemp: Display: Loaded TP HTML5TargetPlatform
[2018.03.27-00.45.33:113][  0]LogTemp: Display: Loaded TP IOSTargetPlatform
[2018.03.27-00.45.33:136][  0]LogTemp: Display: Loaded TP TVOSTargetPlatform
[2018.03.27-00.45.33:182][  0]LogTemp: Display: Loaded TP LinuxClientTargetPlatform
[2018.03.27-00.45.33:228][  0]LogTemp: Display: Loaded TP LinuxNoEditorTargetPlatform
[2018.03.27-00.45.33:273][  0]LogTemp: Display: Loaded TP LinuxServerTargetPlatform
[2018.03.27-00.45.33:319][  0]LogTemp: Display: Loaded TP LinuxTargetPlatform
[2018.03.27-00.45.33:319][  0]LogTargetPlatformManager: Display: Building Assets For Windows
[2018.03.27-00.45.33:689][  0]LogDerivedDataCache: Display: Max Cache Size: 512 MB
[2018.03.27-00.45.33:769][  0]LogDerivedDataCache: Loaded boot cache 0.08s 83MB C:/Users/ENDER/AppData/Local/UnrealEngine/4.18/DerivedDataCache/Boot.ddc.
[2018.03.27-00.45.33:769][  0]LogDerivedDataCache: Display: Loaded Boot cache: C:/Users/ENDER/AppData/Local/UnrealEngine/4.18/DerivedDataCache/Boot.ddc
[2018.03.27-00.45.33:769][  0]LogDerivedDataCache: FDerivedDataBackendGraph:  Pak pak cache file C:/Users/ENDER/Documents/GitHub/SushiShop/SushiShop/DerivedDataCache/DDC.ddp not found, will not use a pak cache.
[2018.03.27-00.45.33:769][  0]LogDerivedDataCache: Unable to find inner node Pak for hierarchical cache Hierarchy.
[2018.03.27-00.45.33:769][  0]LogDerivedDataCache: FDerivedDataBackendGraph:  CompressedPak pak cache file C:/Users/ENDER/Documents/GitHub/SushiShop/SushiShop/DerivedDataCache/Compressed.ddp not found, will not use a pak cache.
[2018.03.27-00.45.33:769][  0]LogDerivedDataCache: Unable to find inner node CompressedPak for hierarchical cache Hierarchy.
[2018.03.27-00.45.33:785][  0]LogDerivedDataCache: Display: Pak cache opened for reading ../../../Engine/DerivedDataCache/Compressed.ddp.
[2018.03.27-00.45.33:797][  0]LogDerivedDataCache: Using Local data cache path C:/Users/ENDER/AppData/Local/UnrealEngine/Common/DerivedDataCache: Writable
[2018.03.27-00.45.33:807][  0]LogMaterial: Verifying Global Shaders for PCD3D_SM5
[2018.03.27-00.45.33:807][  0]LogSlate: Using Freetype 2.6.0
[2018.03.27-00.45.33:808][  0]LogSlate: SlateFontCache - WITH_FREETYPE: 1, WITH_HARFBUZZ: 1
[2018.03.27-00.45.33:808][  0]LogSlate: SlateFontCache - WITH_FREETYPE: 1, WITH_HARFBUZZ: 1
[2018.03.27-00.45.34:180][  0]LogInit: Selected Device Profile: [Windows]
[2018.03.27-00.45.34:403][  0]LogSimplygon: Simplygon DLL not present - disabling.
[2018.03.27-00.45.34:438][  0]LogMeshReduction: Using SimplygonSwarm for distributed automatic mesh merging
[2018.03.27-00.45.34:438][  0]LogMeshReduction: Using QuadricMeshReduction for automatic static mesh reduction
[2018.03.27-00.45.34:438][  0]LogMeshReduction: No automatic skeletal mesh reduction module available
[2018.03.27-00.45.34:438][  0]LogMeshReduction: No automatic mesh merging module available
[2018.03.27-00.45.34:438][  0]LogMeshMerging: No automatic mesh merging module available
[2018.03.27-00.45.34:572][  0]LogNetVersion: SushiShop , NetCL: 3709383, EngineNetVer: 2, GameNetVer: 0 (Checksum: 2343829258)
[2018.03.27-00.45.34:723][  0]LogAssetRegistry: FAssetRegistry took 0.0263 seconds to start up
[2018.03.27-00.45.35:193][  0]LogPackageLocalizationCache: Processed 7 localized package path(s) for 2 prioritized culture(s) in 0.058321 seconds
[2018.03.27-00.45.35:198][  0]LogUObjectArray: 35870 objects as part of root set at end of initial load.
[2018.03.27-00.45.35:198][  0]LogUObjectAllocator: 7363696 out of 0 bytes used by permanent object pool.
[2018.03.27-00.45.35:198][  0]LogUObjectArray: CloseDisregardForGC: 0/0 objects in disregard for GC pool
[2018.03.27-00.45.35:234][  0]LogInit: WinSock: version 1.1 (2.2), MaxSocks=32767, MaxUdp=65467
[2018.03.27-00.45.37:831][  0]LogTcpMessaging: Initializing TcpMessaging bridge
[2018.03.27-00.45.37:873][  0]LogUdpMessaging: Initializing bridge on interface 0.0.0.0:0 to multicast group 230.0.0.1:6666.
[2018.03.27-00.45.38:505][  0]LogMaterial: Missing cached shader map for material BaseColor, compiling. 
[2018.03.27-00.45.38:506][  0]LogMaterial: Warning: D:\Epic Games\Epic Games\UE_4.18\Engine\Content\BufferVisualization\BaseColor.uasset: Failed to compile Material for platform PCD3D_SM5, Default Material will be used in game.
[2018.03.27-00.45.38:506][  0]LogMaterial: 	(Node SceneTexture) GBuffer scene textures not available with forward shading.
[2018.03.27-00.45.38:525][  0]LogMaterial: Uniform references updated for custom material expression Custom.
[2018.03.27-00.45.38:535][  0]LogMaterial: Missing cached shader map for material LightingModel, compiling. 
[2018.03.27-00.45.38:535][  0]LogMaterial: Warning: D:\Epic Games\Epic Games\UE_4.18\Engine\Content\BufferVisualization\LightingModel.uasset: Failed to compile Material for platform PCD3D_SM5, Default Material will be used in game.
[2018.03.27-00.45.38:535][  0]LogMaterial: 	(Node SceneTexture) GBuffer scene textures not available with forward shading.
[2018.03.27-00.45.38:538][  0]LogMaterial: Missing cached shader map for material MaterialAO, compiling. 
[2018.03.27-00.45.38:538][  0]LogMaterial: Warning: D:\Epic Games\Epic Games\UE_4.18\Engine\Content\BufferVisualization\MaterialAO.uasset: Failed to compile Material for platform PCD3D_SM5, Default Material will be used in game.
[2018.03.27-00.45.38:538][  0]LogMaterial: 	(Node SceneTexture) GBuffer scene textures not available with forward shading.
[2018.03.27-00.45.38:540][  0]LogMaterial: Missing cached shader map for material Metallic, compiling. 
[2018.03.27-00.45.38:540][  0]LogMaterial: Warning: D:\Epic Games\Epic Games\UE_4.18\Engine\Content\BufferVisualization\Metallic.uasset: Failed to compile Material for platform PCD3D_SM5, Default Material will be used in game.
[2018.03.27-00.45.38:541][  0]LogMaterial: 	(Node SceneTexture) GBuffer scene textures not available with forward shading.
[2018.03.27-00.45.38:543][  0]LogMaterial: Missing cached shader map for material Opacity, compiling. 
[2018.03.27-00.45.38:543][  0]LogMaterial: Warning: D:\Epic Games\Epic Games\UE_4.18\Engine\Content\BufferVisualization\Opacity.uasset: Failed to compile Material for platform PCD3D_SM5, Default Material will be used in game.
[2018.03.27-00.45.38:543][  0]LogMaterial: 	(Node SceneTexture) GBuffer scene textures not available with forward shading.
[2018.03.27-00.45.38:545][  0]LogMaterial: Missing cached shader map for material Roughness, compiling. 
[2018.03.27-00.45.38:546][  0]LogMaterial: Warning: D:\Epic Games\Epic Games\UE_4.18\Engine\Content\BufferVisualization\Roughness.uasset: Failed to compile Material for platform PCD3D_SM5, Default Material will be used in game.
[2018.03.27-00.45.38:546][  0]LogMaterial: 	(Node SceneTexture) GBuffer scene textures not available with forward shading.
[2018.03.27-00.45.38:562][  0]LogMaterial: Missing cached shader map for material Specular, compiling. 
[2018.03.27-00.45.38:562][  0]LogMaterial: Warning: D:\Epic Games\Epic Games\UE_4.18\Engine\Content\BufferVisualization\Specular.uasset: Failed to compile Material for platform PCD3D_SM5, Default Material will be used in game.
[2018.03.27-00.45.38:563][  0]LogMaterial: 	(Node SceneTexture) GBuffer scene textures not available with forward shading.
[2018.03.27-00.45.38:565][  0]LogMaterial: Missing cached shader map for material SubsurfaceColor, compiling. 
[2018.03.27-00.45.38:565][  0]LogMaterial: Warning: D:\Epic Games\Epic Games\UE_4.18\Engine\Content\BufferVisualization\SubsurfaceColor.uasset: Failed to compile Material for platform PCD3D_SM5, Default Material will be used in game.
[2018.03.27-00.45.38:565][  0]LogMaterial: 	(Node SceneTexture) GBuffer scene textures not available with forward shading.
[2018.03.27-00.45.38:568][  0]LogMaterial: Missing cached shader map for material WorldNormal, compiling. 
[2018.03.27-00.45.38:568][  0]LogMaterial: Warning: D:\Epic Games\Epic Games\UE_4.18\Engine\Content\BufferVisualization\WorldNormal.uasset: Failed to compile Material for platform PCD3D_SM5, Default Material will be used in game.
[2018.03.27-00.45.38:568][  0]LogMaterial: 	(Node SceneTexture) GBuffer scene textures not available with forward shading.
[2018.03.27-00.45.38:925][  0]SourceControl: Source control is disabled
[2018.03.27-00.45.38:926][  0]SourceControl: Source control is disabled
[2018.03.27-00.45.38:978][  0]SourceControl: Source control is disabled
[2018.03.27-00.45.39:029][  0]SourceControl: Source control is disabled
[2018.03.27-00.45.39:822][  0]LogAndroidPermission: UAndroidPermissionCallbackProxy::GetInstance
[2018.03.27-00.45.40:102][  0]LogOcInput: OculusInput pre-init called
[2018.03.27-00.45.40:386][  0]LogEngine: Initializing Engine...
[2018.03.27-00.45.40:388][  0]LogHMD: Failed to initialize OpenVR with code 110
[2018.03.27-00.45.40:630][  0]LogStats: UGameplayTagsManager::ConstructGameplayTagTree: Construct from data asset -  0.000 s
[2018.03.27-00.45.40:630][  0]LogStats: UGameplayTagsManager::ConstructGameplayTagTree: GameplayTagTreeChangedEvent.Broadcast -  0.000 s
[2018.03.27-00.45.40:737][  0]LogAIModule: Creating AISystem for world Untitled
[2018.03.27-00.45.40:744][  0]LogInit: XAudio2 using 'Speakers (Logitech G533 Gaming Headset)' : 6 channels at 48 kHz using 16 bits per sample (channel mask 0x3f)
[2018.03.27-00.45.40:762][  0]LogInit: FAudioDevice initialized.
[2018.03.27-00.45.40:845][  0]LogDerivedDataCache: Saved boot cache 0.08s 83MB C:/Users/ENDER/AppData/Local/UnrealEngine/4.18/DerivedDataCache/Boot.ddc.
[2018.03.27-00.45.40:859][  0]LogInit: Texture streaming: Enabled
[2018.03.27-00.45.40:928][  0]LogEngineSessionManager: EngineSessionManager initialized
[2018.03.27-00.45.40:928][  0]LogEngineSessionManager: EngineSessionManager sent abnormal shutdown report. Type=AbnormalShutdown, SessionId={9DBC0847-4CB2-0AFC-9CCA-B3ACF3D92C78}
[2018.03.27-00.45.41:039][  0]LogInit: Transaction tracking system initialized
[2018.03.27-00.45.41:301][  0]BlueprintLog: New page: Editor Load
[2018.03.27-00.45.42:037][  0]LocalizationService: Localization service is disabled
[2018.03.27-00.45.42:680][  0]LogConsoleResponse: Display: 
[2018.03.27-00.45.42:836][  0]LogCook: Display: Max memory allowance for cook 16384mb min free memory 0mb
[2018.03.27-00.45.42:836][  0]LogCook: Display: Mobile HDR setting 1
[2018.03.27-00.45.42:836][  0]LogGameplayTags: Display: UGameplayTagsManager::DoneAddingNativeTags. DelegateIsBound: 0
[2018.03.27-00.45.43:902][  0]LogFileCache: Scanning file cache for directory 'C:/Users/ENDER/Documents/GitHub/SushiShop/SushiShop/Content/' took 0.02s
[2018.03.27-00.45.43:942][  0]SourceControl: Source control is disabled
[2018.03.27-00.45.43:942][  0]Cmd: MAP LOAD FILE="C:/Users/ENDER/Documents/GitHub/SushiShop/SushiShop/Content/VirtualRealityBP/Maps/StartupMap.umap" TEMPLATE=0 SHOWPROGRESS=1 FEATURELEVEL=3
[2018.03.27-00.45.43:942][  0]LightingResults: New page: Lighting Build
[2018.03.27-00.45.43:978][  0]MapCheck: New page: Map Check
[2018.03.27-00.45.43:978][  0]LightingResults: New page: Lighting Build
[2018.03.27-00.45.44:081][  0]LogAIModule: Creating AISystem for world StartupMap
[2018.03.27-00.45.44:087][  0]LogEditorServer: Finished looking for orphan Actors (0.000 secs)
[2018.03.27-00.45.44:100][  0]Cmd: MAP CHECKDEP NOCLEARLOG
[2018.03.27-00.45.44:162][  0]MapCheck: Map check complete: 0 Error(s), 0 Warning(s), took 61.358ms to complete.
[2018.03.27-00.45.44:162][  0]LogFileHelpers: Loading map 'StartupMap' took 0.220
[2018.03.27-00.45.44:417][  0]LogCollectionManager: Loaded 0 collections in 0.000944 seconds
[2018.03.27-00.45.44:519][  0]LogFileCache: Scanning file cache for directory 'C:/Users/ENDER/Documents/GitHub/SushiShop/SushiShop/Saved/Collections/' took 0.01s
[2018.03.27-00.45.44:519][  0]LogFileCache: Scanning file cache for directory 'C:/Users/ENDER/Documents/GitHub/SushiShop/SushiShop/Content/Developers/ENDER/Collections/' took 0.01s
[2018.03.27-00.45.44:519][  0]LogFileCache: Scanning file cache for directory 'C:/Users/ENDER/Documents/GitHub/SushiShop/SushiShop/Content/Collections/' took 0.01s
[2018.03.27-00.45.44:519][  0]LogCollectionManager: Rebuilt the GUID cache for 0 collections in 0.000000 seconds
[2018.03.27-00.45.44:528][  0]LogContentBrowser: Native class hierarchy populated in 0.0088 seconds. Added 2364 classes and 521 folders.
[2018.03.27-00.45.44:579][  0]LogContentBrowser: Native class hierarchy updated for 'WidgetCarousel' in 0.0002 seconds. Added 0 classes and 0 folders.
[2018.03.27-00.45.44:634][  0]LogContentBrowser: Native class hierarchy updated for 'AddContentDialog' in 0.0002 seconds. Added 0 classes and 0 folders.
[2018.03.27-00.45.44:693][  0]LogSlate: Took 0.000250 seconds to synchronously load lazily loaded font '../../../Engine/Content/Slate/Fonts/Roboto-Regular.ttf' (155K)
[2018.03.27-00.45.44:698][  0]LogSlate: Took 0.000233 seconds to synchronously load lazily loaded font '../../../Engine/Content/Slate/Fonts/Roboto-Bold.ttf' (160K)
[2018.03.27-00.45.44:700][  0]LogSlate: Took 0.000191 seconds to synchronously load lazily loaded font '../../../Engine/Content/Editor/Slate/Fonts/FontAwesome.ttf' (139K)
[2018.03.27-00.45.44:793][  0]LogRenderer: Reallocating scene render targets to support 1328x672 Format 26 NumSamples 1 (Frame:1).
[2018.03.27-00.45.44:969][  0]LogContentBrowser: Native class hierarchy updated for 'HierarchicalLODOutliner' in 0.0002 seconds. Added 1 classes and 2 folders.
[2018.03.27-00.45.44:969][  0]LogLoad: (Engine Initialization) Total time: 17.85 seconds
[2018.03.27-00.45.44:969][  0]LogLoad: (Engine Initialization) Total Blueprint compile time: 0.00 seconds
[2018.03.27-00.45.44:969][  0]LogExternalProfiler: Found external profiler: VSPerf
[2018.03.27-00.45.44:969][  0]LogExternalProfiler: Using external profiler: VSPerf
[2018.03.27-00.45.44:978][  0]LogWindowsTextInputMethodSystem: Display: IME system now deactivated.
[2018.03.27-00.45.44:997][  0]LogContentStreaming: Texture pool size now 1000 MB
[2018.03.27-00.45.45:054][  1]LogAssetRegistry: Asset discovery search completed in 10.3535 seconds
[2018.03.27-00.45.45:056][  1]LogCollectionManager: Rebuilt the object cache for 0 collections in 0.000000 seconds (found 0 objects)
[2018.03.27-00.45.45:056][  1]LogCollectionManager: Fixed up redirectors for 0 collections in 0.000055 seconds (updated 0 objects)
[2018.03.27-00.46.04:420][263]LogSlate: Took 0.000244 seconds to synchronously load lazily loaded font '../../../Engine/Content/Slate/Fonts/Roboto-Light.ttf' (159K)
[2018.03.27-00.46.22:263][541]LogSlate: Warning: Prevented a slow task dialog from being summoned while a context menu was open
[2018.03.27-00.46.22:363][541]LogMaterial: Missing cached shader map for material BogMyrtle_01_Billboard_Mat, compiling. 
[2018.03.27-00.46.22:755][541]LogMaterial: Missing cached shader map for material M_Fern_01, compiling. 
[2018.03.27-00.46.22:940][541]LogMaterial: Missing cached shader map for material M_Fern_01, compiling. 
[2018.03.27-00.46.23:245][541]LogMaterial: Uniform references updated for custom material expression Custom.
[2018.03.27-00.46.23:365][541]LogMaterial: Missing cached shader map for material M_FieldScabious_01, compiling. 
[2018.03.27-00.46.23:554][541]LogMaterial: Missing cached shader map for material M_FieldScabious_01, compiling. 
[2018.03.27-00.46.23:834][541]LogMaterial: Missing cached shader map for material M_HeatherNew_Master, compiling. 
[2018.03.27-00.46.24:046][541]LogMaterial: Missing cached shader map for material M_HeatherNew_MasterWorldColorVarience, compiling. 
[2018.03.27-00.46.24:221][541]LogMaterial: Missing cached shader map for material M_HeatherNew_Master, compiling. 
[2018.03.27-00.46.24:410][541]LogMaterial: Missing cached shader map for material M_HeatherNew_MasterWorldColorVarience, compiling. 
[2018.03.27-00.46.24:598][541]LogMaterial: Missing cached shader map for material M_HeatherNew_MasterWorldColorVarience, compiling. 
[2018.03.27-00.46.24:910][541]LogMaterial: Missing cached shader map for material M_HeatherNew_Master, compiling. 
[2018.03.27-00.46.25:327][541]LogMaterial: Missing cached shader map for material M_FieldGrass_01, compiling. 
[2018.03.27-00.46.25:511][541]LogMaterial: Missing cached shader map for material M_FieldGrass_01, compiling. 
[2018.03.27-00.46.25:696][541]LogMaterial: Missing cached shader map for material M_FieldGrass_01, compiling. 
[2018.03.27-00.46.25:937][541]LogMaterial: Missing cached shader map for material M_DeadLeaves, compiling. 
[2018.03.27-00.46.26:680][541]LogMaterial: Missing cached shader map for material M_AssetPlatform_Grass, compiling. 
[2018.03.27-00.46.26:929][541]LogMaterial: Missing cached shader map for material M_Ground_Grass2, compiling. 
[2018.03.27-00.46.27:082][541]LogMaterial: Missing cached shader map for material M_Photoscan_Master_Displacement, compiling. 
[2018.03.27-00.46.27:461][541]LogMaterial: Missing cached shader map for material M_Photoscan_Master_Displacement, compiling. 
[2018.03.27-00.46.29:783][541]LogMaterial: Missing cached shader map for material M_Photoscan_Master, compiling. 
[2018.03.27-00.46.31:353][541]LogMaterial: Missing cached shader map for material HillTree_01_Billboard_Mat, compiling. 
[2018.03.27-00.46.31:540][541]LogMaterial: Missing cached shader map for material HillTree_01_Branches_2_Mat, compiling. 
[2018.03.27-00.46.31:760][541]LogMaterial: Missing cached shader map for material HillTree_01_Branches_Mat, compiling. 
[2018.03.27-00.46.31:926][541]LogMaterial: Missing cached shader map for material HillTree_01_Fronds_Mat, compiling. 
[2018.03.27-00.46.32:161][541]LogMaterial: Missing cached shader map for material HillTree_01_Leaves_Mat, compiling. 
[2018.03.27-00.46.32:365][541]LogMaterial: Missing cached shader map for material HillTree_01_Leaves_Mat2, compiling. 
[2018.03.27-00.46.32:796][541]LogMaterial: Missing cached shader map for material M_CustomDepthBillboard, compiling. 
[2018.03.27-00.46.33:053][541]LogStaticMesh: Building static mesh HillTree_02...
