Log file open, 02/21/18 17:39:07
LogWindows: Failed to load 'aqProf.dll' (GetLastError=126)
LogWindows: File 'aqProf.dll' does not exist
LogWindows: Failed to load 'VSPerf140.dll' (GetLastError=126)
LogWindows: File 'VSPerf140.dll' does not exist
LogWindows: Failed to load 'VtuneApi.dll' (GetLastError=126)
LogWindows: File 'VtuneApi.dll' does not exist
LogWindows: Failed to load 'VtuneApi32e.dll' (GetLastError=126)
LogWindows: File 'VtuneApi32e.dll' does not exist
LogInit: Display: Running engine for game: SushiShop
LogPlatformFile: Not using cached read wrapper
LogInit: Display: RandInit(-1795528838) SRandInit(-1795528838).
LogInit: Read version file with build ID '3709383'
LogInit: Overriding engine version to CL 3832480, compatible CL 3709383
LogInit: Registered custom module enumerator with build ID '3709383'
LogTaskGraph: Started task graph with 5 named threads and 14 total threads with 3 sets of task threads.
LogStats: Stats thread started at 0.166169
LogD3D11RHI: Aftermath initialized
LogModuleManager: Display: Found up-to-date module file ../../../Engine/Plugins/2D/Paper2D/Binaries/Win64/UE4Editor-Paper2D.dll (API version 3709383).
LogModuleManager: Display: Found up-to-date module file ../../../Engine/Plugins/2D/Paper2D/Binaries/Win64/UE4Editor-Paper2DEditor.dll (API version 3709383).
LogModuleManager: Display: Found up-to-date module file ../../../Engine/Plugins/2D/Paper2D/Binaries/Win64/UE4Editor-PaperSpriteSheetImporter.dll (API version 3709383).
LogModuleManager: Display: Found up-to-date module file ../../../Engine/Plugins/2D/Paper2D/Binaries/Win64/UE4Editor-PaperTiledImporter.dll (API version 3709383).
LogModuleManager: Display: Found up-to-date module file ../../../Engine/Plugins/2D/Paper2D/Binaries/Win64/UE4Editor-SmartSnapping.dll (API version 3709383).
LogModuleManager: Display: Found up-to-date module file ../../../Engine/Plugins/Blendables/LightPropagationVolume/Binaries/Win64/UE4Editor-LightPropagationVolumeRuntime.dll (API version 3709383).
LogModuleManager: Display: Found up-to-date module file ../../../Engine/Plugins/Blendables/LightPropagationVolume/Binaries/Win64/UE4Editor-LightPropagationVolumeEditor.dll (API version 3709383).
LogModuleManager: Display: Found up-to-date module file ../../../Engine/Plugins/Developer/GitSourceControl/Binaries/Win64/UE4Editor-GitSourceControl.dll (API version 3709383).
LogModuleManager: Display: Found up-to-date module file ../../../Engine/Plugins/Developer/PerforceSourceControl/Binaries/Win64/UE4Editor-PerforceSourceControl.dll (API version 3709383).
LogModuleManager: Display: Found up-to-date module file ../../../Engine/Plugins/Developer/SubversionSourceControl/Binaries/Win64/UE4Editor-SubversionSourceControl.dll (API version 3709383).
LogModuleManager: Display: Found up-to-date module file ../../../Engine/Plugins/Developer/UObjectPlugin/Binaries/Win64/UE4Editor-UObjectPlugin.dll (API version 3709383).
LogModuleManager: Display: Found up-to-date module file ../../../Engine/Plugins/Developer/VisualStudioCodeSourceCodeAccess/Binaries/Win64/UE4Editor-VisualStudioCodeSourceCodeAccess.dll (API version 3709383).
LogModuleManager: Display: Found up-to-date module file ../../../Engine/Plugins/Developer/VisualStudioSourceCodeAccess/Binaries/Win64/UE4Editor-VisualStudioSourceCodeAccess.dll (API version 3709383).
LogModuleManager: Display: Found up-to-date module file ../../../Engine/Plugins/Editor/AssetManagerEditor/Binaries/Win64/UE4Editor-AssetManagerEditor.dll (API version 3709383).
LogModuleManager: Display: Found up-to-date module file ../../../Engine/Plugins/Editor/AudioCapture/Binaries/Win64/UE4Editor-AudioCapture.dll (API version 3709383).
LogModuleManager: Display: Found up-to-date module file ../../../Engine/Plugins/Editor/FacialAnimation/Binaries/Win64/UE4Editor-FacialAnimation.dll (API version 3709383).
LogModuleManager: Display: Found up-to-date module file ../../../Engine/Plugins/Editor/FacialAnimation/Binaries/Win64/UE4Editor-FacialAnimationEditor.dll (API version 3709383).
LogModuleManager: Display: Found up-to-date module file ../../../Engine/Plugins/Editor/GameplayTagsEditor/Binaries/Win64/UE4Editor-GameplayTagsEditor.dll (API version 3709383).
LogModuleManager: Display: Found up-to-date module file ../../../Engine/Plugins/Editor/MobileLauncherProfileWizard/Binaries/Win64/UE4Editor-MobileLauncherProfileWizard.dll (API version 3709383).
LogModuleManager: Display: Found up-to-date module file ../../../Engine/Plugins/Editor/PluginBrowser/Binaries/Win64/UE4Editor-PluginBrowser.dll (API version 3709383).
LogModuleManager: Display: Found up-to-date module file ../../../Engine/Plugins/Editor/SpeedTreeImporter/Binaries/Win64/UE4Editor-SpeedTreeImporter.dll (API version 3709383).
LogModuleManager: Display: Found up-to-date module file ../../../Engine/Plugins/Experimental/AlembicImporter/Binaries/Win64/UE4Editor-AlembicImporter.dll (API version 3709383).
LogModuleManager: Display: Found up-to-date module file ../../../Engine/Plugins/Experimental/AlembicImporter/Binaries/Win64/UE4Editor-AlembicLibrary.dll (API version 3709383).
LogModuleManager: Display: Found up-to-date module file ../../../Engine/Plugins/Experimental/CharacterAI/Binaries/Win64/UE4Editor-CharacterAI.dll (API version 3709383).
LogModuleManager: Display: Found up-to-date module file ../../../Engine/Plugins/Experimental/HTML5Networking/Binaries/Win64/UE4Editor-HTML5Networking.dll (API version 3709383).
LogModuleManager: Display: Found up-to-date module file ../../../Engine/Plugins/Media/AndroidMedia/Binaries/Win64/UE4Editor-AndroidMediaEditor.dll (API version 3709383).
LogModuleManager: Display: Found up-to-date module file ../../../Engine/Plugins/Media/AndroidMedia/Binaries/Win64/UE4Editor-AndroidMediaFactory.dll (API version 3709383).
LogModuleManager: Display: Found up-to-date module file ../../../Engine/Plugins/Media/AvfMedia/Binaries/Win64/UE4Editor-AvfMediaEditor.dll (API version 3709383).
LogModuleManager: Display: Found up-to-date module file ../../../Engine/Plugins/Media/AvfMedia/Binaries/Win64/UE4Editor-AvfMediaFactory.dll (API version 3709383).
LogModuleManager: Display: Found up-to-date module file ../../../Engine/Plugins/Media/AvfMedia/Binaries/Win64/UE4Editor-AvfMediaFactory.dll (API version 3709383).
LogModuleManager: Display: Found up-to-date module file ../../../Engine/Plugins/Media/ImgMedia/Binaries/Win64/UE4Editor-ImgMedia.dll (API version 3709383).
LogModuleManager: Display: Found up-to-date module file ../../../Engine/Plugins/Media/ImgMedia/Binaries/Win64/UE4Editor-ImgMediaEditor.dll (API version 3709383).
LogModuleManager: Display: Found up-to-date module file ../../../Engine/Plugins/Media/ImgMedia/Binaries/Win64/UE4Editor-ImgMediaFactory.dll (API version 3709383).
LogModuleManager: Display: Found up-to-date module file ../../../Engine/Plugins/Media/ImgMedia/Binaries/Win64/UE4Editor-ImgMediaFactory.dll (API version 3709383).
LogModuleManager: Display: Found up-to-date module file ../../../Engine/Plugins/Media/ImgMedia/Binaries/Win64/UE4Editor-OpenExrWrapper.dll (API version 3709383).
LogModuleManager: Display: Found up-to-date module file ../../../Engine/Plugins/Media/MediaCompositing/Binaries/Win64/UE4Editor-MediaCompositing.dll (API version 3709383).
LogModuleManager: Display: Found up-to-date module file ../../../Engine/Plugins/Media/MediaCompositing/Binaries/Win64/UE4Editor-MediaCompositingEditor.dll (API version 3709383).
LogModuleManager: Display: Found up-to-date module file ../../../Engine/Plugins/Media/MediaPlayerEditor/Binaries/Win64/UE4Editor-MediaPlayerEditor.dll (API version 3709383).
LogModuleManager: Display: Found up-to-date module file ../../../Engine/Plugins/Media/WmfMedia/Binaries/Win64/UE4Editor-WmfMedia.dll (API version 3709383).
LogModuleManager: Display: Found up-to-date module file ../../../Engine/Plugins/Media/WmfMedia/Binaries/Win64/UE4Editor-WmfMediaEditor.dll (API version 3709383).
LogModuleManager: Display: Found up-to-date module file ../../../Engine/Plugins/Media/WmfMedia/Binaries/Win64/UE4Editor-WmfMediaFactory.dll (API version 3709383).
LogModuleManager: Display: Found up-to-date module file ../../../Engine/Plugins/Media/WmfMedia/Binaries/Win64/UE4Editor-WmfMediaFactory.dll (API version 3709383).
LogModuleManager: Display: Found up-to-date module file ../../../Engine/Plugins/Messaging/TcpMessaging/Binaries/Win64/UE4Editor-TcpMessaging.dll (API version 3709383).
LogModuleManager: Display: Found up-to-date module file ../../../Engine/Plugins/Messaging/UdpMessaging/Binaries/Win64/UE4Editor-UdpMessaging.dll (API version 3709383).
LogModuleManager: Display: Found up-to-date module file ../../../Engine/Plugins/MovieScene/ActorSequence/Binaries/Win64/UE4Editor-ActorSequence.dll (API version 3709383).
LogModuleManager: Display: Found up-to-date module file ../../../Engine/Plugins/MovieScene/LevelSequenceEditor/Binaries/Win64/UE4Editor-LevelSequenceEditor.dll (API version 3709383).
LogModuleManager: Display: Found up-to-date module file ../../../Engine/Plugins/MovieScene/MatineeToLevelSequence/Binaries/Win64/UE4Editor-MatineeToLevelSequence.dll (API version 3709383).
LogModuleManager: Display: Found up-to-date module file ../../../Engine/Plugins/Online/OnlineSubsystem/Binaries/Win64/UE4Editor-OnlineSubsystem.dll (API version 3709383).
LogModuleManager: Display: Found up-to-date module file ../../../Engine/Plugins/Runtime/AndroidPermission/Binaries/Win64/UE4Editor-AndroidPermission.dll (API version 3709383).
LogModuleManager: Display: Found up-to-date module file ../../../Engine/Plugins/Online/OnlineSubsystemNull/Binaries/Win64/UE4Editor-OnlineSubsystemNull.dll (API version 3709383).
LogModuleManager: Display: Found up-to-date module file ../../../Engine/Plugins/Online/OnlineSubsystemUtils/Binaries/Win64/UE4Editor-OnlineSubsystemUtils.dll (API version 3709383).
LogModuleManager: Display: Found up-to-date module file ../../../Engine/Plugins/Online/OnlineSubsystemUtils/Binaries/Win64/UE4Editor-OnlineBlueprintSupport.dll (API version 3709383).
LogModuleManager: Display: Found up-to-date module file ../../../Engine/Plugins/Runtime/AndroidDeviceProfileSelector/Binaries/Win64/UE4Editor-AndroidDeviceProfileSelector.dll (API version 3709383).
LogModuleManager: Display: Found up-to-date module file ../../../Engine/Plugins/Runtime/AppleARKit/Binaries/Win64/UE4Editor-AppleARKit.dll (API version 3709383).
LogModuleManager: Display: Found up-to-date module file ../../../Engine/Plugins/Runtime/ArchVisCharacter/Binaries/Win64/UE4Editor-ArchVisCharacter.dll (API version 3709383).
LogModuleManager: Display: Found up-to-date module file ../../../Engine/Plugins/Runtime/CableComponent/Binaries/Win64/UE4Editor-CableComponent.dll (API version 3709383).
LogModuleManager: Display: Found up-to-date module file ../../../Engine/Plugins/Runtime/CustomMeshComponent/Binaries/Win64/UE4Editor-CustomMeshComponent.dll (API version 3709383).
LogModuleManager: Display: Found up-to-date module file ../../../Engine/Plugins/Runtime/ExampleDeviceProfileSelector/Binaries/Win64/UE4Editor-ExampleDeviceProfileSelector.dll (API version 3709383).
LogModuleManager: Display: Found up-to-date module file ../../../Engine/Plugins/Runtime/ImmediatePhysics/Binaries/Win64/UE4Editor-ImmediatePhysics.dll (API version 3709383).
LogModuleManager: Display: Found up-to-date module file ../../../Engine/Plugins/Runtime/ImmediatePhysics/Binaries/Win64/UE4Editor-ImmediatePhysicsEditor.dll (API version 3709383).
LogModuleManager: Display: Found up-to-date module file ../../../Engine/Plugins/Runtime/LocationServicesBPLibrary/Binaries/Win64/UE4Editor-LocationServicesBPLibrary.dll (API version 3709383).
LogModuleManager: Display: Found up-to-date module file ../../../Engine/Plugins/Runtime/MobilePatchingUtils/Binaries/Win64/UE4Editor-MobilePatchingUtils.dll (API version 3709383).
LogModuleManager: Display: Found up-to-date module file ../../../Engine/Plugins/Runtime/Oculus/OculusVR/Binaries/Win64/UE4Editor-OculusHMD.dll (API version 3709383).
LogModuleManager: Display: Found up-to-date module file ../../../Engine/Plugins/Runtime/Oculus/OculusVR/Binaries/Win64/UE4Editor-OculusInput.dll (API version 3709383).
LogModuleManager: Display: Found up-to-date module file ../../../Engine/Plugins/Runtime/Oculus/OculusVR/Binaries/Win64/UE4Editor-OculusEditor.dll (API version 3709383).
LogModuleManager: Display: Found up-to-date module file ../../../Engine/Plugins/Runtime/PhysXVehicles/Binaries/Win64/UE4Editor-PhysXVehicles.dll (API version 3709383).
LogModuleManager: Display: Found up-to-date module file ../../../Engine/Plugins/Runtime/PhysXVehicles/Binaries/Win64/UE4Editor-PhysXVehiclesEditor.dll (API version 3709383).
LogModuleManager: Display: Found up-to-date module file ../../../Engine/Plugins/Runtime/ProceduralMeshComponent/Binaries/Win64/UE4Editor-ProceduralMeshComponent.dll (API version 3709383).
LogModuleManager: Display: Found up-to-date module file ../../../Engine/Plugins/Runtime/ProceduralMeshComponent/Binaries/Win64/UE4Editor-ProceduralMeshComponentEditor.dll (API version 3709383).
LogModuleManager: Display: Found up-to-date module file ../../../Engine/Plugins/Runtime/RuntimePhysXCooking/Binaries/Win64/UE4Editor-RuntimePhysXCooking.dll (API version 3709383).
LogModuleManager: Display: Found up-to-date module file ../../../Engine/Plugins/Runtime/Steam/SteamVR/Binaries/Win64/UE4Editor-SteamVR.dll (API version 3709383).
LogModuleManager: Display: Found up-to-date module file ../../../Engine/Plugins/Runtime/Steam/SteamVR/Binaries/Win64/UE4Editor-SteamVRController.dll (API version 3709383).
LogModuleManager: Display: Found up-to-date module file ../../../Engine/Plugins/Runtime/WindowsMoviePlayer/Binaries/Win64/UE4Editor-WindowsMoviePlayer.dll (API version 3709383).
LogPluginManager: Mounting plugin Paper2D
LogPluginManager: Mounting plugin LightPropagationVolume
LogPluginManager: Mounting plugin CodeLiteSourceCodeAccess
LogPluginManager: Mounting plugin GitSourceControl
LogPluginManager: Mounting plugin KDevelopSourceCodeAccess
LogPluginManager: Mounting plugin NullSourceCodeAccess
LogPluginManager: Mounting plugin PerforceSourceControl
LogPluginManager: Mounting plugin SubversionSourceControl
LogPluginManager: Mounting plugin UObjectPlugin
LogPluginManager: Mounting plugin VisualStudioCodeSourceCodeAccess
LogPluginManager: Mounting plugin VisualStudioSourceCodeAccess
LogPluginManager: Mounting plugin XCodeSourceCodeAccess
LogPluginManager: Mounting plugin AssetManagerEditor
LogPluginManager: Mounting plugin AudioCapture
LogPluginManager: Mounting plugin FacialAnimation
LogPluginManager: Mounting plugin GameplayTagsEditor
LogPluginManager: Mounting plugin MobileLauncherProfileWizard
LogPluginManager: Mounting plugin PluginBrowser
LogPluginManager: Mounting plugin SpeedTreeImporter
LogPluginManager: Mounting plugin AlembicImporter
LogPluginManager: Mounting plugin CharacterAI
LogPluginManager: Mounting plugin HTML5Networking
LogPluginManager: Mounting plugin AndroidMedia
LogPluginManager: Mounting plugin AvfMedia
LogPluginManager: Mounting plugin ImgMedia
LogPluginManager: Mounting plugin MediaCompositing
LogPluginManager: Mounting plugin MediaPlayerEditor
LogPluginManager: Mounting plugin WmfMedia
LogPluginManager: Mounting plugin TcpMessaging
LogPluginManager: Mounting plugin UdpMessaging
LogPluginManager: Mounting plugin ActorSequence
LogPluginManager: Mounting plugin LevelSequenceEditor
LogPluginManager: Mounting plugin MatineeToLevelSequence
LogPluginManager: Mounting plugin OnlineSubsystemGooglePlay
LogPluginManager: Mounting plugin OnlineSubsystemIOS
LogPluginManager: Mounting plugin OnlineSubsystem
LogPluginManager: Mounting plugin OnlineSubsystemNull
LogPluginManager: Mounting plugin OnlineSubsystemUtils
LogPluginManager: Mounting plugin AndroidDeviceProfileSelector
LogPluginManager: Mounting plugin AndroidMoviePlayer
LogPluginManager: Mounting plugin AndroidPermission
LogPluginManager: Mounting plugin AppleARKit
LogPluginManager: Mounting plugin AppleMoviePlayer
LogPluginManager: Mounting plugin ArchVisCharacter
LogPluginManager: Mounting plugin CableComponent
LogPluginManager: Mounting plugin CustomMeshComponent
LogPluginManager: Mounting plugin ExampleDeviceProfileSelector
LogPluginManager: Mounting plugin GoogleCloudMessaging
LogPluginManager: Mounting plugin ImmediatePhysics
LogPluginManager: Mounting plugin IOSDeviceProfileSelector
LogPluginManager: Mounting plugin LinuxDeviceProfileSelector
LogPluginManager: Mounting plugin LocationServicesBPLibrary
LogPluginManager: Mounting plugin MobilePatchingUtils
LogPluginManager: Mounting plugin OculusVR
LogPluginManager: Plugin shader directory ../../../Engine/Plugins/Runtime/Oculus/OculusVR/Shaders found
LogPluginManager: Mapping shader source directory ../../../Engine/Plugins/Runtime/Oculus/OculusVR/Shaders to virtual directory /Plugin/OculusVR
LogPluginManager: Mounting plugin PhysXVehicles
LogPluginManager: Mounting plugin ProceduralMeshComponent
LogPluginManager: Mounting plugin RuntimePhysXCooking
LogPluginManager: Mounting plugin SteamVR
LogPluginManager: Mounting plugin WindowsMoviePlayer
LogInit: Using libcurl 7.47.1
LogInit:  - built for x86_64-pc-win32
LogInit:  - supports SSL with OpenSSL/1.0.2g
LogInit:  - supports HTTP deflate (compression) using libz 1.2.8
LogInit:  - other features:
LogInit:      CURL_VERSION_SSL
LogInit:      CURL_VERSION_LIBZ
LogInit:      CURL_VERSION_IPV6
LogInit:      CURL_VERSION_ASYNCHDNS
LogInit:      CURL_VERSION_LARGEFILE
LogInit:      CURL_VERSION_IDN
LogInit:  CurlRequestOptions (configurable via config and command line):
LogInit:  - bVerifyPeer = false  - Libcurl will NOT verify peer certificate
LogInit:  - bUseHttpProxy = false  - Libcurl will NOT use HTTP proxy
LogInit:  - bDontReuseConnections = false  - Libcurl will reuse connections
LogInit:  - CertBundlePath = nullptr  - Libcurl will use whatever was configured at build time.
LogInit: Build: ++UE4+Release-4.18-CL-3832480
LogInit: Engine Version: 4.18.3-3832480+++UE4+Release-4.18
LogInit: Compatible Engine Version: 4.18.0-3709383+++UE4+Release-4.18
LogInit: Net CL: 3709383
LogDevObjectVersion: Number of dev versions registered: 16
LogDevObjectVersion:   Dev-Blueprints (B0D832E4-1F89-4F0D-ACCF-7EB736FD4AA2): 10
LogDevObjectVersion:   Dev-Build (E1C64328-A22C-4D53-A36C-8E866417BD8C): 0
LogDevObjectVersion:   Dev-Core (375EC13C-06E4-48FB-B500-84F0262A717E): 2
LogDevObjectVersion:   Dev-Editor (E4B068ED-F494-42E9-A231-DA0B2E46BB41): 20
LogDevObjectVersion:   Dev-Framework (CFFC743F-43B0-4480-9391-14DF171D2073): 30
LogDevObjectVersion:   Dev-Mobile (B02B49B5-BB20-44E9-A304-32B752E40360): 0
LogDevObjectVersion:   Dev-Networking (A4E4105C-59A1-49B5-A7C5-40C4547EDFEE): 0
LogDevObjectVersion:   Dev-Online (39C831C9-5AE6-47DC-9A44-9C173E1C8E7C): 0
LogDevObjectVersion:   Dev-Physics (78F01B33-EBEA-4F98-B9B4-84EACCB95AA2): 0
LogDevObjectVersion:   Dev-Platform (6631380F-2D4D-43E0-8009-CF276956A95A): 0
LogDevObjectVersion:   Dev-Rendering (12F88B9F-8875-4AFC-A67C-D90C383ABD29): 20
LogDevObjectVersion:   Dev-Sequencer (7B5AE74C-D270-4C10-A958-57980B212A5A): 4
LogDevObjectVersion:   Dev-VR (D7296918-1DD6-4BDD-9DE2-64A83CC13884): 0
LogDevObjectVersion:   Dev-LoadTimes (C2A15278-BFE7-4AFE-6C17-90FF531DF755): 1
LogDevObjectVersion:   Private-Geometry (6EACA3D4-40EC-4CC1-B786-8BED09428FC5): 1
LogDevObjectVersion:   Dev-AnimPhys (29E575DD-E0A3-4627-9D10-D276232CDCEA): 12
LogInit: Compiled (64-bit): Jan 12 2018 02:04:55
LogInit: Compiled with Visual C++: 19.00.24215.01
LogInit: Build Configuration: Development
LogInit: Branch Name: ++UE4+Release-4.18
LogInit: Command line:  
LogInit: Base directory: C:/Program Files/Epic Games/UE_4.18/Engine/Binaries/Win64/
LogInit: Installed Engine Build: 1
LogInit: Presizing for max 8388607 objects, including 0 objects not considered by GC, pre-allocating 0 bytes for permanent pool.
LogInit: Object subsystem initialized
[2018.02.22-01.39.08:880][  0]LogInit: Selected Device Profile: [Windows]
[2018.02.22-01.39.08:880][  0]LogInit: Applying CVar settings loaded from the selected device profile: [Windows]
[2018.02.22-01.39.08:890][  0]LogInit: Computer: DESKTOP-2QNA1SC
[2018.02.22-01.39.08:890][  0]LogInit: User: darkm
[2018.02.22-01.39.08:890][  0]LogInit: CPU Page size=4096, Cores=4
[2018.02.22-01.39.08:890][  0]LogInit: High frequency timer resolution =1.945309 MHz
[2018.02.22-01.39.08:890][  0]LogMemory: Memory total: Physical=15.9GB (16GB approx)
[2018.02.22-01.39.08:890][  0]LogMemory: Platform Memory Stats for Windows
[2018.02.22-01.39.08:890][  0]LogMemory: Process Physical Memory: 272.17 MB used, 272.17 MB peak
[2018.02.22-01.39.08:890][  0]LogMemory: Process Virtual Memory: 269.87 MB used, 269.87 MB peak
[2018.02.22-01.39.08:890][  0]LogMemory: Physical Memory: 6387.68 MB used,  9911.92 MB free, 16299.60 MB total
[2018.02.22-01.39.08:890][  0]LogMemory: Virtual Memory: 682.20 MB used,  9911.92 MB free, 134217728.00 MB total
[2018.02.22-01.39.09:010][  0]LogInit: Using OS detected language (en-US).
[2018.02.22-01.39.09:010][  0]LogInit: Using OS detected locale (en-US).
[2018.02.22-01.39.09:012][  0]LogTextLocalizationManager: No specific localization for 'en-US' exists, so the 'en' localization will be used.
[2018.02.22-01.39.09:341][  0]LogInit: Setting process to per monitor DPI aware
[2018.02.22-01.39.09:559][  0]LogD3D11RHI: D3D11 adapters:
[2018.02.22-01.39.09:570][  0]LogD3D11RHI:    0. 'Intel(R) UHD Graphics 620' (Feature Level 11_0)
[2018.02.22-01.39.09:570][  0]LogD3D11RHI:       128/0/8149 MB DedicatedVideo/DedicatedSystem/SharedSystem, Outputs:1, VendorId:0x8086
[2018.02.22-01.39.09:601][  0]LogD3D11RHI:    1. 'Radeon 500 Series' (Feature Level 11_0)
[2018.02.22-01.39.09:601][  0]LogD3D11RHI:       1995/0/8149 MB DedicatedVideo/DedicatedSystem/SharedSystem, Outputs:0, VendorId:0x1002
[2018.02.22-01.39.09:603][  0]LogD3D11RHI:    2. 'Microsoft Basic Render Driver' (Feature Level 11_0)
[2018.02.22-01.39.09:603][  0]LogD3D11RHI:       0/0/8149 MB DedicatedVideo/DedicatedSystem/SharedSystem, Outputs:0, VendorId:0x1414
[2018.02.22-01.39.09:603][  0]LogD3D11RHI: Chosen D3D11 Adapter: 1
[2018.02.22-01.39.09:609][  0]LogD3D11RHI: Creating new Direct3DDevice
[2018.02.22-01.39.09:609][  0]LogD3D11RHI:     GPU DeviceId: 0x699f (for the marketing name, search the web for "GPU Device Id")
[2018.02.22-01.39.09:609][  0]LogWindows: EnumDisplayDevices:
[2018.02.22-01.39.09:609][  0]LogWindows:    0. 'Intel(R) UHD Graphics 620' (P:1 D:1)
[2018.02.22-01.39.09:609][  0]LogWindows:    1. 'Intel(R) UHD Graphics 620' (P:0 D:0)
[2018.02.22-01.39.09:609][  0]LogWindows:    2. 'Intel(R) UHD Graphics 620' (P:0 D:0)
[2018.02.22-01.39.09:609][  0]LogWindows:    3. 'Radeon 500 Series' (P:0 D:0)
[2018.02.22-01.39.09:609][  0]LogWindows:    4. 'Radeon 500 Series' (P:0 D:0)
[2018.02.22-01.39.09:610][  0]LogWindows:    5. 'Radeon 500 Series' (P:0 D:0)
[2018.02.22-01.39.09:610][  0]LogWindows:    6. 'Radeon 500 Series' (P:0 D:0)
[2018.02.22-01.39.09:610][  0]LogWindows:    7. 'Radeon 500 Series' (P:0 D:0)
[2018.02.22-01.39.09:610][  0]LogWindows:    8. 'Radeon 500 Series' (P:0 D:0)
[2018.02.22-01.39.09:610][  0]LogWindows:    9. 'Radeon 500 Series' (P:0 D:0)
[2018.02.22-01.39.09:610][  0]LogWindows:    10. 'Radeon 500 Series' (P:0 D:0)
[2018.02.22-01.39.09:610][  0]LogWindows:    11. 'Radeon 500 Series' (P:0 D:0)
[2018.02.22-01.39.09:610][  0]LogWindows:    12. 'Radeon 500 Series' (P:0 D:0)
[2018.02.22-01.39.09:610][  0]LogWindows:    13. 'Radeon 500 Series' (P:0 D:0)
[2018.02.22-01.39.09:610][  0]LogWindows:    14. 'Radeon 500 Series' (P:0 D:0)
[2018.02.22-01.39.09:611][  0]LogWindows:    15. 'Radeon 500 Series' (P:0 D:0)
[2018.02.22-01.39.09:611][  0]LogWindows:    16. 'Radeon 500 Series' (P:0 D:0)
[2018.02.22-01.39.09:611][  0]LogWindows:    17. 'Radeon 500 Series' (P:0 D:0)
[2018.02.22-01.39.09:611][  0]LogWindows:    18. 'Radeon 500 Series' (P:0 D:0)
[2018.02.22-01.39.09:611][  0]LogWindows: DebugString: GetVideoDriverDetailsInvalid PrimaryIsNotTheChoosenAdapter GetVideoDriverDetailsInvalid PrimaryIsNotTheChoosenAdapter GetVideoDriverDetailsInvalid PrimaryIsNotTheChoosenAdapter GetVideoDriverDetailsInvalid PrimaryIsNotTheChoosenAdapter GetVideoDriverDetailsInvalid PrimaryIsNotTheChoosenAdapter GetVideoDriverDetailsInvalid PrimaryIsNotTheChoosenAdapter GetVideoDriverDetailsInvalid PrimaryIsNotTheChoosenAdapter GetVideoDriverDetailsInvalid PrimaryIsNotTheChoosenAdapter GetVideoDriverDetailsInvalid PrimaryIsNotTheChoosenAdapter GetVideoDriverDetailsInvalid PrimaryIsNotTheChoosenAdapter GetVideoDriverDetailsInvalid PrimaryIsNotTheChoosenAdapter GetVideoDriverDetailsInvalid PrimaryIsNotTheChoosenAdapter GetVideoDriverDetailsInvalid PrimaryIsNotTheChoosenAdapter GetVideoDriverDetailsInvalid PrimaryIsNotTheChoosenAdapter GetVideoDriverDetailsInvalid PrimaryIsNotTheChoosenAdapter GetVideoDriverDetailsInvalid PrimaryIsNotTheChoosenAdapter GetVideoDriverDetailsInvalid PrimaryIsNotTheChoosenAdapter GetVideoDriverDetailsInvalid PrimaryIsNotTheChoosenAdapter GetVideoDriverDetailsInvalid PrimaryIsNotTheChoosenAdapter FoundDriverCount:0 
[2018.02.22-01.39.09:611][  0]LogD3D11RHI:     Adapter Name: Radeon 500 Series
[2018.02.22-01.39.09:611][  0]LogD3D11RHI:   Driver Version: Unknown (internal:Unknown, unified:Unknown)
[2018.02.22-01.39.09:611][  0]LogD3D11RHI:      Driver Date: Unknown
[2018.02.22-01.39.09:611][  0]LogRHI: Texture pool is 1396 MB (70% of 1995 MB)
[2018.02.22-01.39.09:647][  0]LogD3D11RHI: Async texture creation enabled
[2018.02.22-01.39.09:659][  0]LogD3D11RHI: GPU Timing Frequency: 25.000000 (Debug: 2 1)
[2018.02.22-01.39.09:662][  0]LogShaderCompilers: Guid format shader working directory is -20 characters bigger than the processId version (../../../../../../Users/darkm/Documents/GitHub/SushiShop/SushiShop/Intermediate/Shaders/WorkingDirectory/1908/).
[2018.02.22-01.39.09:662][  0]LogShaderCompilers: Cleaned the shader compiler working directory 'C:/Users/darkm/AppData/Local/Temp/UnrealShaderWorkingDir/DFB88D344E12DE0DC2B60A999BECA472/'.
[2018.02.22-01.39.09:662][  0]LogShaderCompilers: Display: Using Local Shader Compiler.
[2018.02.22-01.39.10:410][  0]LogTemp: Display: Loaded TP AllDesktopTargetPlatform
[2018.02.22-01.39.10:455][  0]LogTemp: Display: Loaded TP MacClientTargetPlatform
[2018.02.22-01.39.10:499][  0]LogTemp: Display: Loaded TP MacNoEditorTargetPlatform
[2018.02.22-01.39.10:544][  0]LogTemp: Display: Loaded TP MacServerTargetPlatform
[2018.02.22-01.39.10:588][  0]LogTemp: Display: Loaded TP MacTargetPlatform
[2018.02.22-01.39.10:630][  0]LogTemp: Display: Loaded TP WindowsClientTargetPlatform
[2018.02.22-01.39.10:673][  0]LogTemp: Display: Loaded TP WindowsNoEditorTargetPlatform
[2018.02.22-01.39.10:717][  0]LogTemp: Display: Loaded TP WindowsServerTargetPlatform
[2018.02.22-01.39.10:755][  0]LogTemp: Display: Loaded TP WindowsTargetPlatform
[2018.02.22-01.39.10:799][  0]LogTemp: Display: Loaded TP Android_ASTCTargetPlatform
[2018.02.22-01.39.10:841][  0]LogTemp: Display: Loaded TP Android_ATCTargetPlatform
[2018.02.22-01.39.10:883][  0]LogTemp: Display: Loaded TP Android_DXTTargetPlatform
[2018.02.22-01.39.10:925][  0]LogTemp: Display: Loaded TP Android_ETC1TargetPlatform
[2018.02.22-01.39.10:966][  0]LogTemp: Display: Loaded TP Android_ETC2TargetPlatform
[2018.02.22-01.39.11:051][  0]LogTemp: Display: Loaded TP Android_MultiTargetPlatform
[2018.02.22-01.39.11:051][  0]LogTemp: Display: Loaded TP Android_PVRTCTargetPlatform
[2018.02.22-01.39.11:092][  0]LogTemp: Display: Loaded TP AndroidTargetPlatform
[2018.02.22-01.39.11:125][  0]LogTemp: Display: Loaded TP HTML5TargetPlatform
[2018.02.22-01.39.11:203][  0]LogTemp: Display: Loaded TP IOSTargetPlatform
[2018.02.22-01.39.11:237][  0]LogTemp: Display: Loaded TP TVOSTargetPlatform
[2018.02.22-01.39.11:280][  0]LogTemp: Display: Loaded TP LinuxClientTargetPlatform
[2018.02.22-01.39.11:322][  0]LogTemp: Display: Loaded TP LinuxNoEditorTargetPlatform
[2018.02.22-01.39.11:364][  0]LogTemp: Display: Loaded TP LinuxServerTargetPlatform
[2018.02.22-01.39.11:405][  0]LogTemp: Display: Loaded TP LinuxTargetPlatform
[2018.02.22-01.39.11:405][  0]LogTargetPlatformManager: Display: Building Assets For Windows
[2018.02.22-01.39.11:789][  0]LogDerivedDataCache: Display: Max Cache Size: 512 MB
[2018.02.22-01.39.11:849][  0]LogDerivedDataCache: Loaded boot cache 0.06s 82MB C:/Users/darkm/AppData/Local/UnrealEngine/4.18/DerivedDataCache/Boot.ddc.
[2018.02.22-01.39.11:849][  0]LogDerivedDataCache: Display: Loaded Boot cache: C:/Users/darkm/AppData/Local/UnrealEngine/4.18/DerivedDataCache/Boot.ddc
[2018.02.22-01.39.11:849][  0]LogDerivedDataCache: FDerivedDataBackendGraph:  Pak pak cache file ../../../../../../Users/darkm/Documents/GitHub/SushiShop/SushiShop/DerivedDataCache/DDC.ddp not found, will not use a pak cache.
[2018.02.22-01.39.11:849][  0]LogDerivedDataCache: Unable to find inner node Pak for hierarchical cache Hierarchy.
[2018.02.22-01.39.11:849][  0]LogDerivedDataCache: FDerivedDataBackendGraph:  CompressedPak pak cache file ../../../../../../Users/darkm/Documents/GitHub/SushiShop/SushiShop/DerivedDataCache/Compressed.ddp not found, will not use a pak cache.
[2018.02.22-01.39.11:849][  0]LogDerivedDataCache: Unable to find inner node CompressedPak for hierarchical cache Hierarchy.
[2018.02.22-01.39.11:863][  0]LogDerivedDataCache: Display: Pak cache opened for reading ../../../Engine/DerivedDataCache/Compressed.ddp.
[2018.02.22-01.39.11:875][  0]LogDerivedDataCache: Using Local data cache path C:/Users/darkm/AppData/Local/UnrealEngine/Common/DerivedDataCache: Writable
[2018.02.22-01.39.11:884][  0]LogMaterial: Verifying Global Shaders for PCD3D_SM5
[2018.02.22-01.39.11:884][  0]LogSlate: Using Freetype 2.6.0
[2018.02.22-01.39.11:885][  0]LogSlate: SlateFontCache - WITH_FREETYPE: 1, WITH_HARFBUZZ: 1
[2018.02.22-01.39.11:885][  0]LogSlate: SlateFontCache - WITH_FREETYPE: 1, WITH_HARFBUZZ: 1
[2018.02.22-01.39.12:183][  0]LogInit: Selected Device Profile: [Windows]
[2018.02.22-01.39.12:465][  0]LogSimplygon: Simplygon DLL not present - disabling.
[2018.02.22-01.39.12:500][  0]LogMeshReduction: Using SimplygonSwarm for distributed automatic mesh merging
[2018.02.22-01.39.12:500][  0]LogMeshReduction: Using QuadricMeshReduction for automatic static mesh reduction
[2018.02.22-01.39.12:500][  0]LogMeshReduction: No automatic skeletal mesh reduction module available
[2018.02.22-01.39.12:500][  0]LogMeshReduction: No automatic mesh merging module available
[2018.02.22-01.39.12:500][  0]LogMeshMerging: No automatic mesh merging module available
[2018.02.22-01.39.12:523][  0]LogNetVersion: SushiShop , NetCL: 3709383, EngineNetVer: 2, GameNetVer: 0 (Checksum: 2343829258)
[2018.02.22-01.39.12:666][  0]LogAssetRegistry: FAssetRegistry took 0.0256 seconds to start up
[2018.02.22-01.39.13:116][  0]LogPackageLocalizationCache: Processed 7 localized package path(s) for 2 prioritized culture(s) in 0.072458 seconds
[2018.02.22-01.39.13:121][  0]LogUObjectArray: 35870 objects as part of root set at end of initial load.
[2018.02.22-01.39.13:121][  0]LogUObjectAllocator: 7363704 out of 0 bytes used by permanent object pool.
[2018.02.22-01.39.13:121][  0]LogUObjectArray: CloseDisregardForGC: 0/0 objects in disregard for GC pool
[2018.02.22-01.39.13:172][  0]LogInit: WinSock: version 1.1 (2.2), MaxSocks=32767, MaxUdp=65467
[2018.02.22-01.39.15:892][  0]LogTcpMessaging: Initializing TcpMessaging bridge
[2018.02.22-01.39.15:938][  0]LogUdpMessaging: Initializing bridge on interface 0.0.0.0:0 to multicast group 230.0.0.1:6666.
[2018.02.22-01.39.16:637][  0]LogMaterial: Missing cached shader map for material BaseColor, compiling. 
[2018.02.22-01.39.16:637][  0]LogMaterial: Warning: C:\Program Files\Epic Games\UE_4.18\Engine\Content\BufferVisualization\BaseColor.uasset: Failed to compile Material for platform PCD3D_SM5, Default Material will be used in game.
[2018.02.22-01.39.16:637][  0]LogMaterial: 	(Node SceneTexture) GBuffer scene textures not available with forward shading.
[2018.02.22-01.39.16:656][  0]LogMaterial: Uniform references updated for custom material expression Custom.
[2018.02.22-01.39.16:665][  0]LogMaterial: Missing cached shader map for material LightingModel, compiling. 
[2018.02.22-01.39.16:666][  0]LogMaterial: Warning: C:\Program Files\Epic Games\UE_4.18\Engine\Content\BufferVisualization\LightingModel.uasset: Failed to compile Material for platform PCD3D_SM5, Default Material will be used in game.
[2018.02.22-01.39.16:666][  0]LogMaterial: 	(Node SceneTexture) GBuffer scene textures not available with forward shading.
[2018.02.22-01.39.16:668][  0]LogMaterial: Missing cached shader map for material MaterialAO, compiling. 
[2018.02.22-01.39.16:668][  0]LogMaterial: Warning: C:\Program Files\Epic Games\UE_4.18\Engine\Content\BufferVisualization\MaterialAO.uasset: Failed to compile Material for platform PCD3D_SM5, Default Material will be used in game.
[2018.02.22-01.39.16:668][  0]LogMaterial: 	(Node SceneTexture) GBuffer scene textures not available with forward shading.
[2018.02.22-01.39.16:671][  0]LogMaterial: Missing cached shader map for material Metallic, compiling. 
[2018.02.22-01.39.16:671][  0]LogMaterial: Warning: C:\Program Files\Epic Games\UE_4.18\Engine\Content\BufferVisualization\Metallic.uasset: Failed to compile Material for platform PCD3D_SM5, Default Material will be used in game.
[2018.02.22-01.39.16:671][  0]LogMaterial: 	(Node SceneTexture) GBuffer scene textures not available with forward shading.
[2018.02.22-01.39.16:673][  0]LogMaterial: Missing cached shader map for material Opacity, compiling. 
[2018.02.22-01.39.16:674][  0]LogMaterial: Warning: C:\Program Files\Epic Games\UE_4.18\Engine\Content\BufferVisualization\Opacity.uasset: Failed to compile Material for platform PCD3D_SM5, Default Material will be used in game.
[2018.02.22-01.39.16:674][  0]LogMaterial: 	(Node SceneTexture) GBuffer scene textures not available with forward shading.
[2018.02.22-01.39.16:676][  0]LogMaterial: Missing cached shader map for material Roughness, compiling. 
[2018.02.22-01.39.16:676][  0]LogMaterial: Warning: C:\Program Files\Epic Games\UE_4.18\Engine\Content\BufferVisualization\Roughness.uasset: Failed to compile Material for platform PCD3D_SM5, Default Material will be used in game.
[2018.02.22-01.39.16:676][  0]LogMaterial: 	(Node SceneTexture) GBuffer scene textures not available with forward shading.
[2018.02.22-01.39.16:692][  0]LogMaterial: Missing cached shader map for material Specular, compiling. 
[2018.02.22-01.39.16:693][  0]LogMaterial: Warning: C:\Program Files\Epic Games\UE_4.18\Engine\Content\BufferVisualization\Specular.uasset: Failed to compile Material for platform PCD3D_SM5, Default Material will be used in game.
[2018.02.22-01.39.16:693][  0]LogMaterial: 	(Node SceneTexture) GBuffer scene textures not available with forward shading.
[2018.02.22-01.39.16:695][  0]LogMaterial: Missing cached shader map for material SubsurfaceColor, compiling. 
[2018.02.22-01.39.16:695][  0]LogMaterial: Warning: C:\Program Files\Epic Games\UE_4.18\Engine\Content\BufferVisualization\SubsurfaceColor.uasset: Failed to compile Material for platform PCD3D_SM5, Default Material will be used in game.
[2018.02.22-01.39.16:695][  0]LogMaterial: 	(Node SceneTexture) GBuffer scene textures not available with forward shading.
[2018.02.22-01.39.16:698][  0]LogMaterial: Missing cached shader map for material WorldNormal, compiling. 
[2018.02.22-01.39.16:698][  0]LogMaterial: Warning: C:\Program Files\Epic Games\UE_4.18\Engine\Content\BufferVisualization\WorldNormal.uasset: Failed to compile Material for platform PCD3D_SM5, Default Material will be used in game.
[2018.02.22-01.39.16:698][  0]LogMaterial: 	(Node SceneTexture) GBuffer scene textures not available with forward shading.
[2018.02.22-01.39.17:029][  0]SourceControl: Source control is disabled
[2018.02.22-01.39.17:029][  0]SourceControl: Source control is disabled
[2018.02.22-01.39.17:077][  0]SourceControl: Source control is disabled
[2018.02.22-01.39.17:126][  0]SourceControl: Source control is disabled
[2018.02.22-01.39.17:859][  0]LogAndroidPermission: UAndroidPermissionCallbackProxy::GetInstance
[2018.02.22-01.39.18:112][  0]LogOcInput: OculusInput pre-init called
[2018.02.22-01.39.18:382][  0]LogEngine: Initializing Engine...
[2018.02.22-01.39.18:383][  0]LogHMD: Failed to initialize OpenVR with code 110
[2018.02.22-01.39.18:615][  0]LogStats: UGameplayTagsManager::ConstructGameplayTagTree: Construct from data asset -  0.000 s
[2018.02.22-01.39.18:615][  0]LogStats: UGameplayTagsManager::ConstructGameplayTagTree: GameplayTagTreeChangedEvent.Broadcast -  0.000 s
[2018.02.22-01.39.18:731][  0]LogAIModule: Creating AISystem for world Untitled
[2018.02.22-01.39.18:741][  0]LogInit: XAudio2 using 'Headphones (TaoTronics TT-BH07 Stereo)' : 2 channels at 44.1 kHz using 16 bits per sample (channel mask 0x3)
[2018.02.22-01.39.18:750][  0]LogInit: FAudioDevice initialized.
[2018.02.22-01.39.18:833][  0]LogDerivedDataCache: Saved boot cache 0.08s 82MB C:/Users/darkm/AppData/Local/UnrealEngine/4.18/DerivedDataCache/Boot.ddc.
[2018.02.22-01.39.18:842][  0]LogInit: Texture streaming: Enabled
[2018.02.22-01.39.18:953][  0]LogEngineSessionManager: EngineSessionManager initialized
[2018.02.22-01.39.18:953][  0]LogEngineSessionManager: EngineSessionManager sent abnormal shutdown report. Type=Crashed, SessionId={B7E19E85-41C4-250B-75F5-8684739CA070}
[2018.02.22-01.39.19:083][  0]LogInit: Transaction tracking system initialized
[2018.02.22-01.39.19:370][  0]BlueprintLog: New page: Editor Load
[2018.02.22-01.39.20:267][  0]LocalizationService: Localization service is disabled
[2018.02.22-01.39.20:924][  0]LogConsoleResponse: Display: 
[2018.02.22-01.39.21:092][  0]LogCook: Display: Max memory allowance for cook 16384mb min free memory 0mb
[2018.02.22-01.39.21:092][  0]LogCook: Display: Mobile HDR setting 1
[2018.02.22-01.39.21:092][  0]LogGameplayTags: Display: UGameplayTagsManager::DoneAddingNativeTags. DelegateIsBound: 0
[2018.02.22-01.39.22:099][  0]LogFileCache: Scanning file cache for directory 'C:/Users/darkm/Documents/GitHub/SushiShop/SushiShop/Content/' took 0.01s
[2018.02.22-01.39.22:137][  0]SourceControl: Source control is disabled
[2018.02.22-01.39.22:137][  0]Cmd: MAP LOAD FILE="../../../../../../Users/darkm/Documents/GitHub/SushiShop/SushiShop/Content/VirtualRealityBP/Maps/StartupMap.umap" TEMPLATE=0 SHOWPROGRESS=1 FEATURELEVEL=3
[2018.02.22-01.39.22:138][  0]LightingResults: New page: Lighting Build
[2018.02.22-01.39.22:173][  0]MapCheck: New page: Map Check
[2018.02.22-01.39.22:173][  0]LightingResults: New page: Lighting Build
[2018.02.22-01.39.22:261][  0]LogAIModule: Creating AISystem for world StartupMap
[2018.02.22-01.39.22:267][  0]LogEditorServer: Finished looking for orphan Actors (0.000 secs)
[2018.02.22-01.39.22:276][  0]Cmd: MAP CHECKDEP NOCLEARLOG
[2018.02.22-01.39.22:336][  0]MapCheck: Map check complete: 0 Error(s), 0 Warning(s), took 59.557ms to complete.
[2018.02.22-01.39.22:336][  0]LogFileHelpers: Loading map 'StartupMap' took 0.199
[2018.02.22-01.39.22:435][  0]LogWindowsTextInputMethodSystem: Display: IME system now deactivated.
[2018.02.22-01.39.22:435][  0]LogWindowsTextInputMethodSystem: Display: IME system now deactivated.
[2018.02.22-01.39.22:535][  0]LogCollectionManager: Loaded 0 collections in 0.001566 seconds
[2018.02.22-01.39.22:623][  0]LogFileCache: Scanning file cache for directory 'C:/Users/darkm/Documents/GitHub/SushiShop/SushiShop/Saved/Collections/' took 0.01s
[2018.02.22-01.39.22:623][  0]LogFileCache: Scanning file cache for directory 'C:/Users/darkm/Documents/GitHub/SushiShop/SushiShop/Content/Developers/darkm/Collections/' took 0.01s
[2018.02.22-01.39.22:623][  0]LogFileCache: Scanning file cache for directory 'C:/Users/darkm/Documents/GitHub/SushiShop/SushiShop/Content/Collections/' took 0.01s
[2018.02.22-01.39.22:623][  0]LogCollectionManager: Rebuilt the GUID cache for 0 collections in 0.000000 seconds
[2018.02.22-01.39.22:631][  0]LogContentBrowser: Native class hierarchy populated in 0.0080 seconds. Added 2363 classes and 519 folders.
[2018.02.22-01.39.22:692][  0]LogContentBrowser: Native class hierarchy updated for 'WidgetCarousel' in 0.0002 seconds. Added 0 classes and 0 folders.
[2018.02.22-01.39.22:724][  0]LogContentBrowser: Native class hierarchy updated for 'AddContentDialog' in 0.0002 seconds. Added 0 classes and 0 folders.
[2018.02.22-01.39.22:762][  0]LogContentBrowser: Native class hierarchy updated for 'SceneOutliner' in 0.0002 seconds. Added 1 classes and 2 folders.
[2018.02.22-01.39.22:778][  0]LogSlate: Took 0.000185 seconds to synchronously load lazily loaded font '../../../Engine/Content/Slate/Fonts/Roboto-Regular.ttf' (155K)
[2018.02.22-01.39.22:780][  0]LogSlate: Took 0.000209 seconds to synchronously load lazily loaded font '../../../Engine/Content/Slate/Fonts/Roboto-Bold.ttf' (160K)
[2018.02.22-01.39.22:785][  0]LogSlate: Took 0.000198 seconds to synchronously load lazily loaded font '../../../Engine/Content/Editor/Slate/Fonts/FontAwesome.ttf' (139K)
[2018.02.22-01.39.22:874][  0]LogRenderer: Reallocating scene render targets to support 964x440 Format 26 NumSamples 1 (Frame:1).
[2018.02.22-01.39.23:224][  0]LogContentBrowser: Native class hierarchy updated for 'HierarchicalLODOutliner' in 0.0002 seconds. Added 1 classes and 2 folders.
[2018.02.22-01.39.23:224][  0]LogLoad: (Engine Initialization) Total time: 16.23 seconds
[2018.02.22-01.39.23:224][  0]LogLoad: (Engine Initialization) Total Blueprint compile time: 0.00 seconds
[2018.02.22-01.39.23:225][  0]LogExternalProfiler: No external profilers were discovered.  External profiling features will not be available.
[2018.02.22-01.39.23:263][  0]LogContentStreaming: Texture pool size now 1000 MB
[2018.02.22-01.39.23:302][  0]LogSlate: Took 0.000178 seconds to synchronously load lazily loaded font '../../../Engine/Content/Slate/Fonts/Roboto-Light.ttf' (159K)
[2018.02.22-01.39.23:317][  1]LogAssetRegistry: Asset discovery search completed in 10.6729 seconds
[2018.02.22-01.39.23:318][  1]LogCollectionManager: Rebuilt the object cache for 0 collections in 0.000001 seconds (found 0 objects)
[2018.02.22-01.39.23:318][  1]LogCollectionManager: Fixed up redirectors for 0 collections in 0.000038 seconds (updated 0 objects)
[2018.02.22-01.39.24:265][ 46]LogSlate: Took 0.000252 seconds to synchronously load lazily loaded font '../../../Engine/Content/Slate/Fonts/Roboto-Light.ttf' (159K)
[2018.02.22-01.39.48:118][253]LogSlate: Took 0.000141 seconds to synchronously load lazily loaded font '../../../Engine/Content/Slate/Fonts/Roboto-Light.ttf' (159K)
[2018.02.22-01.39.48:194][253]LogContentBrowser: Native class hierarchy updated for 'MaterialEditor' in 0.0002 seconds. Added 1 classes and 0 folders.
[2018.02.22-01.39.48:196][253]LogMaterial: Missing cached shader map for material bamboo_light_Mat, compiling. 
[2018.02.22-01.39.48:576][253]LogMaterial: Missing cached shader map for material bamboo_light_Mat, compiling. 
[2018.02.22-01.39.48:596][253]LogMaterial: Missing cached shader map for material bamboo_light_Mat, compiling. 
[2018.02.22-01.39.48:648][253]LogMaterial: Missing cached shader map for material FMatExpressionPreview MaterialExpressionTextureSample_0, compiling. 
[2018.02.22-01.39.48:658][253]LogSlate: Took 0.000164 seconds to synchronously load lazily loaded font '../../../Engine/Content/Editor/Slate/Fonts/Roboto-BoldCondensed.ttf' (158K)
[2018.02.22-01.39.54:439][487]MaterialEditorStats: Base pass shader: 610 instructions
[2018.02.22-01.39.54:439][487]MaterialEditorStats: Base pass shader with Surface Lightmap: 624 instructions
[2018.02.22-01.39.54:439][487]MaterialEditorStats: Base pass shader with Volumetric Lightmap: 679 instructions
[2018.02.22-01.39.54:439][487]MaterialEditorStats: Vertex shader: 206 instructions
[2018.02.22-01.39.54:439][487]MaterialEditorStats: Texture samplers: 7/16
[2018.02.22-01.39.54:439][487]MaterialEditorStats: User interpolators: 2/4 Scalars (1/4 Vectors) (TexCoords: 2, Custom: 0)
[2018.02.22-01.40.38:974][351]LogMaterial: Missing cached shader map for material bamboo_light_Mat, compiling. 
[2018.02.22-01.40.38:991][351]LogMaterial: Missing cached shader map for material FMatExpressionPreview MaterialExpressionBumpOffset_0, compiling. 
[2018.02.22-01.40.41:443][485]LogMaterial: Missing cached shader map for material bamboo_light_Mat, compiling. 
[2018.02.22-01.40.47:195][814]LogMaterial: Missing cached shader map for material bamboo_light_Mat, compiling. 
[2018.02.22-01.40.47:255][815]LogMaterial: Missing cached shader map for material Material_0, compiling. 
[2018.02.22-01.40.50:458][939]LogMaterialEditor: Saving and Compiling material bamboo_light_Mat
[2018.02.22-01.40.51:142][939]LogMaterial: Missing cached shader map for material bamboo_light_Mat, compiling. 
[2018.02.22-01.40.51:249][939]LogMaterial: Missing cached shader map for material bamboo_light_Mat, compiling. 
[2018.02.22-01.40.51:333][939]LogMaterial: Missing cached shader map for material bamboo_light_Mat, compiling. 
[2018.02.22-01.40.51:403][939]LogMaterial: Missing cached shader map for material FDebugViewModeMaterialProxy bamboo_light_Mat, compiling. 
[2018.02.22-01.40.53:789][939]TextureStreamingBuild: Display: Compiling optional shaders took 2.395 seconds.
[2018.02.22-01.40.59:208][939]LogSlate: Took 0.000126 seconds to synchronously load lazily loaded font '../../../Engine/Content/Slate/Fonts/Roboto-Regular.ttf' (155K)
[2018.02.22-01.40.59:351][939]LogSavePackage: Save=15.01ms
[2018.02.22-01.40.59:351][939]LogSavePackage: Moving '../../../../../../Users/darkm/Documents/GitHub/SushiShop/SushiShop/Saved/bamboo_light_Mat2E2391AF4211F3BF736FA782CE52ECCA.tmp' to '../../../../../../Users/darkm/Documents/GitHub/SushiShop/SushiShop/Content/SushiShop/Materials/bamboo_light_Mat.uasset'
[2018.02.22-01.40.59:354][939]LogSavePackage: Display: Finished SavePackage ../../../../../../Users/darkm/Documents/GitHub/SushiShop/SushiShop/Content/SushiShop/Materials/bamboo_light_Mat.uasset
[2018.02.22-01.40.59:370][939]MaterialEditorStats: Base pass shader: 610 instructions
[2018.02.22-01.40.59:370][939]MaterialEditorStats: Base pass shader with Surface Lightmap: 624 instructions
[2018.02.22-01.40.59:370][939]MaterialEditorStats: Base pass shader with Volumetric Lightmap: 679 instructions
[2018.02.22-01.40.59:370][939]MaterialEditorStats: Vertex shader: 206 instructions
[2018.02.22-01.40.59:370][939]MaterialEditorStats: Texture samplers: 7/16
[2018.02.22-01.40.59:370][939]MaterialEditorStats: User interpolators: 2/4 Scalars (1/4 Vectors) (TexCoords: 2, Custom: 0)
[2018.02.22-01.42.41:355][670]LogMaterial: Missing cached shader map for material bamboo_light_Mat, compiling. 
[2018.02.22-01.42.43:814][785]LogMaterial: Missing cached shader map for material bamboo_light_Mat, compiling. 
[2018.02.22-01.42.43:900][785]LogMaterial: Missing cached shader map for material FMatExpressionPreview MaterialExpressionTextureSample_0, compiling. 
[2018.02.22-01.42.43:910][785]LogMaterial: Missing cached shader map for material FMatExpressionPreview MaterialExpressionTextureSample_1, compiling. 
[2018.02.22-01.42.49:494][114]MaterialEditorStats: Base pass shader: 610 instructions
[2018.02.22-01.42.49:494][114]MaterialEditorStats: Base pass shader with Surface Lightmap: 624 instructions
[2018.02.22-01.42.49:494][114]MaterialEditorStats: Base pass shader with Volumetric Lightmap: 679 instructions
[2018.02.22-01.42.49:494][114]MaterialEditorStats: Vertex shader: 206 instructions
[2018.02.22-01.42.49:495][114]MaterialEditorStats: Texture samplers: 7/16
[2018.02.22-01.42.49:495][114]MaterialEditorStats: User interpolators: 2/4 Scalars (1/4 Vectors) (TexCoords: 2, Custom: 0)
[2018.02.22-01.46.24:338][577]LogFactory: FactoryCreateFile: Texture with ReimportTextureFactory (0 0 ../../../../../../Users/darkm/Downloads/Grey_Bamboo.exr)
[2018.02.22-01.46.24:860][577]LogTexture: Display: Building textures: Grey_Bamboo (RGBA16F, 2071X1990)
[2018.02.22-01.46.28:115][657]Cmd: OBJ SAVEPACKAGE PACKAGE="/Game/SushiShop/Materials/Grey_Bamboo" FILE="../../../../../../Users/darkm/Documents/GitHub/SushiShop/SushiShop/Content/SushiShop/Materials/Grey_Bamboo.uasset" SILENT=true
[2018.02.22-01.46.28:449][657]LogSavePackage: Save=332.67ms
[2018.02.22-01.46.28:449][657]LogSavePackage: Moving '../../../../../../Users/darkm/Documents/GitHub/SushiShop/SushiShop/Saved/Grey_BambooAC1C149A4C9A92B005D87E87D86A28CB.tmp' to '../../../../../../Users/darkm/Documents/GitHub/SushiShop/SushiShop/Content/SushiShop/Materials/Grey_Bamboo.uasset'
[2018.02.22-01.46.28:453][657]LogSavePackage: Display: Finished SavePackage ../../../../../../Users/darkm/Documents/GitHub/SushiShop/SushiShop/Content/SushiShop/Materials/Grey_Bamboo.uasset
[2018.02.22-01.46.35:034][903]LogMaterial: Missing cached shader map for material bamboo_light_Mat, compiling. 
[2018.02.22-01.46.35:067][903]LogMaterial: Missing cached shader map for material FMatExpressionPreview MaterialExpressionTextureSample_1, compiling. 
[2018.02.22-01.46.40:774][179]MaterialEditorStats: Base pass shader: 610 instructions
[2018.02.22-01.46.40:774][179]MaterialEditorStats: Base pass shader with Surface Lightmap: 624 instructions
[2018.02.22-01.46.40:774][179]MaterialEditorStats: Base pass shader with Volumetric Lightmap: 679 instructions
[2018.02.22-01.46.40:774][179]MaterialEditorStats: Vertex shader: 206 instructions
[2018.02.22-01.46.40:774][179]MaterialEditorStats: Texture samplers: 7/16
[2018.02.22-01.46.40:774][179]MaterialEditorStats: User interpolators: 2/4 Scalars (1/4 Vectors) (TexCoords: 2, Custom: 0)
[2018.02.22-01.46.50:565][328]LogMaterial: Missing cached shader map for material bamboo_light_Mat, compiling. 
[2018.02.22-01.46.54:243][460]MaterialEditorStats: Base pass shader: 610 instructions
[2018.02.22-01.46.54:243][460]MaterialEditorStats: Base pass shader with Surface Lightmap: 624 instructions
[2018.02.22-01.46.54:243][460]MaterialEditorStats: Base pass shader with Volumetric Lightmap: 679 instructions
[2018.02.22-01.46.54:243][460]MaterialEditorStats: Vertex shader: 206 instructions
[2018.02.22-01.46.54:243][460]MaterialEditorStats: Texture samplers: 7/16
[2018.02.22-01.46.54:243][460]MaterialEditorStats: User interpolators: 2/4 Scalars (1/4 Vectors) (TexCoords: 2, Custom: 0)
[2018.02.22-01.46.55:828][547]LogMaterial: Missing cached shader map for material bamboo_light_Mat, compiling. 
[2018.02.22-01.46.55:855][547]LogMaterial: Missing cached shader map for material FMatExpressionPreview MaterialExpressionTextureSample_1, compiling. 
[2018.02.22-01.46.59:406][697]MaterialEditorStats: Base pass shader: 610 instructions
[2018.02.22-01.46.59:406][697]MaterialEditorStats: Base pass shader with Surface Lightmap: 624 instructions
[2018.02.22-01.46.59:406][697]MaterialEditorStats: Base pass shader with Volumetric Lightmap: 679 instructions
[2018.02.22-01.46.59:406][697]MaterialEditorStats: Vertex shader: 206 instructions
[2018.02.22-01.46.59:406][697]MaterialEditorStats: Texture samplers: 7/16
[2018.02.22-01.46.59:406][697]MaterialEditorStats: User interpolators: 2/4 Scalars (1/4 Vectors) (TexCoords: 2, Custom: 0)
[2018.02.22-01.47.14:115][508]LogMaterial: Missing cached shader map for material bamboo_light_Mat, compiling. 
[2018.02.22-01.47.14:131][508]LogMaterial: Missing cached shader map for material FMatExpressionPreview MaterialExpressionVectorParameter_0, compiling. 
[2018.02.22-01.47.14:177][509]LogSlate: Took 0.000224 seconds to synchronously load lazily loaded font '../../../Engine/Content/Editor/Slate/Fonts/Roboto-Italic.ttf' (157K)
[2018.02.22-01.47.15:866][571]LogMaterial: Missing cached shader map for material bamboo_light_Mat, compiling. 
[2018.02.22-01.47.18:439][679]LogMaterial: Missing cached shader map for material bamboo_light_Mat, compiling. 
[2018.02.22-01.47.20:979][765]LogMaterial: Missing cached shader map for material bamboo_light_Mat, compiling. 
[2018.02.22-01.47.22:554][818]LogMaterialEditor: Saving and Compiling material bamboo_light_Mat
[2018.02.22-01.47.23:333][818]LogMaterial: Missing cached shader map for material bamboo_light_Mat, compiling. 
[2018.02.22-01.47.23:480][818]LogMaterial: Missing cached shader map for material bamboo_light_Mat, compiling. 
[2018.02.22-01.47.23:550][818]LogMaterial: Missing cached shader map for material bamboo_light_Mat, compiling. 
[2018.02.22-01.47.23:613][818]LogMaterial: Missing cached shader map for material FDebugViewModeMaterialProxy bamboo_light_Mat, compiling. 
[2018.02.22-01.47.26:477][818]TextureStreamingBuild: Display: Compiling optional shaders took 2.872 seconds.
[2018.02.22-01.47.32:485][818]LogSavePackage: Save=20.60ms
[2018.02.22-01.47.32:485][818]LogSavePackage: Moving '../../../../../../Users/darkm/Documents/GitHub/SushiShop/SushiShop/Saved/bamboo_light_Mat7E4D403348497AFDE208ECB8DF1BF740.tmp' to '../../../../../../Users/darkm/Documents/GitHub/SushiShop/SushiShop/Content/SushiShop/Materials/bamboo_light_Mat.uasset'
[2018.02.22-01.47.32:489][818]LogSavePackage: Display: Finished SavePackage ../../../../../../Users/darkm/Documents/GitHub/SushiShop/SushiShop/Content/SushiShop/Materials/bamboo_light_Mat.uasset
[2018.02.22-01.47.32:519][818]MaterialEditorStats: Base pass shader: 610 instructions
[2018.02.22-01.47.32:519][818]MaterialEditorStats: Base pass shader with Surface Lightmap: 624 instructions
[2018.02.22-01.47.32:519][818]MaterialEditorStats: Base pass shader with Volumetric Lightmap: 679 instructions
[2018.02.22-01.47.32:519][818]MaterialEditorStats: Vertex shader: 206 instructions
[2018.02.22-01.47.32:519][818]MaterialEditorStats: Texture samplers: 7/16
[2018.02.22-01.47.32:519][818]MaterialEditorStats: User interpolators: 2/4 Scalars (1/4 Vectors) (TexCoords: 2, Custom: 0)
[2018.02.22-01.50.07:428][395]LogMaterial: Missing cached shader map for material bamboo_light_Mat, compiling. 
[2018.02.22-01.50.12:980][704]MaterialEditorStats: Base pass shader: 610 instructions
[2018.02.22-01.50.12:980][704]MaterialEditorStats: Base pass shader with Surface Lightmap: 624 instructions
[2018.02.22-01.50.12:980][704]MaterialEditorStats: Base pass shader with Volumetric Lightmap: 679 instructions
[2018.02.22-01.50.12:980][704]MaterialEditorStats: Vertex shader: 206 instructions
[2018.02.22-01.50.12:980][704]MaterialEditorStats: Texture samplers: 7/16
[2018.02.22-01.50.12:980][704]MaterialEditorStats: User interpolators: 2/4 Scalars (1/4 Vectors) (TexCoords: 2, Custom: 0)
[2018.02.22-01.50.33:740][719]LogMaterial: Missing cached shader map for material bamboo_light_Mat, compiling. 
[2018.02.22-01.50.38:757][934]MaterialEditorStats: Base pass shader: 610 instructions
[2018.02.22-01.50.38:757][934]MaterialEditorStats: Base pass shader with Surface Lightmap: 624 instructions
[2018.02.22-01.50.38:757][934]MaterialEditorStats: Base pass shader with Volumetric Lightmap: 679 instructions
[2018.02.22-01.50.38:757][934]MaterialEditorStats: Vertex shader: 206 instructions
[2018.02.22-01.50.38:757][934]MaterialEditorStats: Texture samplers: 7/16
[2018.02.22-01.50.38:757][934]MaterialEditorStats: User interpolators: 2/4 Scalars (1/4 Vectors) (TexCoords: 2, Custom: 0)
[2018.02.22-01.50.39:891][968]LogMaterialEditor: Saving and Compiling material bamboo_light_Mat
[2018.02.22-01.50.40:315][968]LogMaterial: Missing cached shader map for material bamboo_light_Mat, compiling. 
[2018.02.22-01.50.40:468][968]LogMaterial: Missing cached shader map for material bamboo_light_Mat, compiling. 
[2018.02.22-01.50.40:538][968]LogMaterial: Missing cached shader map for material bamboo_light_Mat, compiling. 
[2018.02.22-01.50.40:601][968]LogMaterial: Missing cached shader map for material FDebugViewModeMaterialProxy bamboo_light_Mat, compiling. 
[2018.02.22-01.50.42:874][968]TextureStreamingBuild: Display: Compiling optional shaders took 2.280 seconds.
[2018.02.22-01.50.48:499][968]LogSavePackage: Save=16.40ms
[2018.02.22-01.50.48:499][968]LogSavePackage: Moving '../../../../../../Users/darkm/Documents/GitHub/SushiShop/SushiShop/Saved/bamboo_light_MatF22EAE4B488E94EDEB0275A0551C218F.tmp' to '../../../../../../Users/darkm/Documents/GitHub/SushiShop/SushiShop/Content/SushiShop/Materials/bamboo_light_Mat.uasset'
[2018.02.22-01.50.48:502][968]LogSavePackage: Display: Finished SavePackage ../../../../../../Users/darkm/Documents/GitHub/SushiShop/SushiShop/Content/SushiShop/Materials/bamboo_light_Mat.uasset
[2018.02.22-01.50.52:902][177]LogMaterial: Missing cached shader map for material bamboo_light_Mat, compiling. 
[2018.02.22-01.50.54:532][274]LogMaterial: Missing cached shader map for material bamboo_light_Mat, compiling. 
[2018.02.22-01.51.01:880][711]MaterialEditorStats: Base pass shader: 610 instructions
[2018.02.22-01.51.01:880][711]MaterialEditorStats: Base pass shader with Surface Lightmap: 624 instructions
[2018.02.22-01.51.01:880][711]MaterialEditorStats: Base pass shader with Volumetric Lightmap: 679 instructions
[2018.02.22-01.51.01:880][711]MaterialEditorStats: Vertex shader: 206 instructions
[2018.02.22-01.51.01:880][711]MaterialEditorStats: Texture samplers: 7/16
[2018.02.22-01.51.01:880][711]MaterialEditorStats: User interpolators: 2/4 Scalars (1/4 Vectors) (TexCoords: 2, Custom: 0)
[2018.02.22-01.51.47:933][ 40]LogMaterial: Missing cached shader map for material bamboo_light_Mat, compiling. 
[2018.02.22-01.51.50:642][ 88]LogMaterial: Missing cached shader map for material bamboo_light_Mat, compiling. 
[2018.02.22-01.51.53:726][155]LogMaterialEditor: Saving and Compiling material bamboo_light_Mat
[2018.02.22-01.51.54:451][155]LogMaterial: Missing cached shader map for material bamboo_light_Mat, compiling. 
[2018.02.22-01.51.54:690][155]LogMaterial: Missing cached shader map for material bamboo_light_Mat, compiling. 
[2018.02.22-01.51.54:748][155]LogMaterial: Missing cached shader map for material bamboo_light_Mat, compiling. 
[2018.02.22-01.51.54:814][155]LogMaterial: Missing cached shader map for material FDebugViewModeMaterialProxy bamboo_light_Mat, compiling. 
[2018.02.22-01.51.57:094][155]TextureStreamingBuild: Display: Compiling optional shaders took 2.287 seconds.
[2018.02.22-01.52.02:796][155]LogSavePackage: Save=15.79ms
[2018.02.22-01.52.02:796][155]LogSavePackage: Moving '../../../../../../Users/darkm/Documents/GitHub/SushiShop/SushiShop/Saved/bamboo_light_MatBB82C5B74228912FDDEC78886F03FB7B.tmp' to '../../../../../../Users/darkm/Documents/GitHub/SushiShop/SushiShop/Content/SushiShop/Materials/bamboo_light_Mat.uasset'
[2018.02.22-01.52.02:800][155]LogSavePackage: Display: Finished SavePackage ../../../../../../Users/darkm/Documents/GitHub/SushiShop/SushiShop/Content/SushiShop/Materials/bamboo_light_Mat.uasset
[2018.02.22-01.52.02:845][155]MaterialEditorStats: Base pass shader: 611 instructions
[2018.02.22-01.52.02:845][155]MaterialEditorStats: Base pass shader with Surface Lightmap: 625 instructions
[2018.02.22-01.52.02:845][155]MaterialEditorStats: Base pass shader with Volumetric Lightmap: 680 instructions
[2018.02.22-01.52.02:845][155]MaterialEditorStats: Vertex shader: 206 instructions
[2018.02.22-01.52.02:845][155]MaterialEditorStats: Texture samplers: 7/16
[2018.02.22-01.52.02:845][155]MaterialEditorStats: User interpolators: 2/4 Scalars (1/4 Vectors) (TexCoords: 2, Custom: 0)
[2018.02.22-01.52.20:747][916]LogMaterial: Missing cached shader map for material bamboo_light_Mat, compiling. 
[2018.02.22-01.52.27:764][332]MaterialEditorStats: Base pass shader: 611 instructions
[2018.02.22-01.52.27:764][332]MaterialEditorStats: Base pass shader with Surface Lightmap: 625 instructions
[2018.02.22-01.52.27:764][332]MaterialEditorStats: Base pass shader with Volumetric Lightmap: 680 instructions
[2018.02.22-01.52.27:764][332]MaterialEditorStats: Vertex shader: 206 instructions
[2018.02.22-01.52.27:764][332]MaterialEditorStats: Texture samplers: 7/16
[2018.02.22-01.52.27:765][332]MaterialEditorStats: User interpolators: 2/4 Scalars (1/4 Vectors) (TexCoords: 2, Custom: 0)
[2018.02.22-01.52.43:881][160]LogMaterial: Missing cached shader map for material bamboo_light_Mat, compiling. 
[2018.02.22-01.52.50:326][525]MaterialEditorStats: Base pass shader: 611 instructions
[2018.02.22-01.52.50:326][525]MaterialEditorStats: Base pass shader with Surface Lightmap: 625 instructions
[2018.02.22-01.52.50:326][525]MaterialEditorStats: Base pass shader with Volumetric Lightmap: 680 instructions
[2018.02.22-01.52.50:326][525]MaterialEditorStats: Vertex shader: 206 instructions
[2018.02.22-01.52.50:326][525]MaterialEditorStats: Texture samplers: 7/16
[2018.02.22-01.52.50:326][525]MaterialEditorStats: User interpolators: 2/4 Scalars (1/4 Vectors) (TexCoords: 2, Custom: 0)
[2018.02.22-01.53.05:933][170]LogMaterial: Missing cached shader map for material FMatExpressionPreview MaterialExpressionTextureCoordinate_0, compiling. 
[2018.02.22-01.53.10:076][260]LogMaterial: Missing cached shader map for material FMatExpressionPreview MaterialExpressionScalarParameter_1, compiling. 
[2018.02.22-01.53.22:969][617]LogWindows: Windows GetLastError: The operation completed successfully. (0)
[2018.02.22-01.53.23:708][617]LogWindows: Error: === Critical error: ===
[2018.02.22-01.53.23:708][617]LogWindows: Error: 
[2018.02.22-01.53.23:708][617]LogWindows: Error: Assertion failed: SetWindowRgn( HWnd, Region, false ) [File:D:\Build\++UE4+Release-4.18+Compile\Sync\Engine\Source\Runtime\ApplicationCore\Private\Windows\WindowsWindow.cpp] [Line: 400] 
[2018.02.22-01.53.23:708][617]LogWindows: Error: 
[2018.02.22-01.53.23:708][617]LogWindows: Error: 
[2018.02.22-01.53.23:708][617]LogWindows: Error: 
[2018.02.22-01.53.23:708][617]LogWindows: Error: [Callstack] 0x00000000DA5B4008 KERNELBASE.dll!UnknownFunction []
[2018.02.22-01.53.23:708][617]LogWindows: Error: [Callstack] 0x00000000BD5976D4 UE4Editor-ApplicationCore.dll!UnknownFunction []
[2018.02.22-01.53.23:708][617]LogWindows: Error: [Callstack] 0x000000009878330B UE4Editor-Core.dll!UnknownFunction []
[2018.02.22-01.53.23:708][617]LogWindows: Error: [Callstack] 0x00000000987147F9 UE4Editor-Core.dll!UnknownFunction []
[2018.02.22-01.53.23:708][617]LogWindows: Error: [Callstack] 0x00000000BD594CF3 UE4Editor-ApplicationCore.dll!UnknownFunction []
[2018.02.22-01.53.23:708][617]LogWindows: Error: [Callstack] 0x00000000B4C60F7D UE4Editor-SlateCore.dll!UnknownFunction []
[2018.02.22-01.53.23:708][617]LogWindows: Error: [Callstack] 0x0000000098076A5D UE4Editor-Slate.dll!UnknownFunction []
[2018.02.22-01.53.23:708][617]LogWindows: Error: [Callstack] 0x0000000098042D46 UE4Editor-Slate.dll!UnknownFunction []
[2018.02.22-01.53.23:708][617]LogWindows: Error: [Callstack] 0x0000000098077389 UE4Editor-Slate.dll!UnknownFunction []
[2018.02.22-01.53.23:708][617]LogWindows: Error: [Callstack] 0x0000000098044140 UE4Editor-Slate.dll!UnknownFunction []
[2018.02.22-01.53.23:708][617]LogWindows: Error: [Callstack] 0x000000009809D867 UE4Editor-Slate.dll!UnknownFunction []
[2018.02.22-01.53.23:708][617]LogWindows: Error: [Callstack] 0x000000009809C953 UE4Editor-Slate.dll!UnknownFunction []
[2018.02.22-01.53.23:708][617]LogWindows: Error: [Callstack] 0x000000008E6869CA UE4Editor.exe!UnknownFunction []
[2018.02.22-01.53.23:708][617]LogWindows: Error: [Callstack] 0x000000008E695430 UE4Editor.exe!UnknownFunction []
[2018.02.22-01.53.23:708][617]LogWindows: Error: [Callstack] 0x000000008E6954AA UE4Editor.exe!UnknownFunction []
[2018.02.22-01.53.23:708][617]LogWindows: Error: [Callstack] 0x000000008E6A2379 UE4Editor.exe!UnknownFunction []
[2018.02.22-01.53.23:708][617]LogWindows: Error: [Callstack] 0x000000008E6A3D57 UE4Editor.exe!UnknownFunction []
[2018.02.22-01.53.23:708][617]LogWindows: Error: [Callstack] 0x00000000DD6E1FE4 KERNEL32.DLL!UnknownFunction []
[2018.02.22-01.53.23:708][617]LogWindows: Error: [Callstack] 0x00000000DD93EFC1 ntdll.dll!UnknownFunction []
[2018.02.22-01.53.23:708][617]LogWindows: Error: [Callstack] 0x00000000DD93EFC1 ntdll.dll!UnknownFunction []
[2018.02.22-01.53.23:708][617]LogWindows: Error: 
[2018.02.22-01.53.23:727][617]LogExit: Executing StaticShutdownAfterError
[2018.02.22-01.53.23:730][617]LogWindows: FPlatformMisc::RequestExit(1)
[2018.02.22-01.53.23:730][617]Log file closed, 02/21/18 17:53:23
