Log file open, 04/04/18 20:52:04
LogWindows: Failed to load 'aqProf.dll' (GetLastError=126)
LogWindows: File 'aqProf.dll' does not exist
LogWindows: Failed to load 'VSPerf140.dll' (GetLastError=126)
LogWindows: File 'VSPerf140.dll' does not exist
LogWindows: Failed to load 'VtuneApi.dll' (GetLastError=126)
LogWindows: File 'VtuneApi.dll' does not exist
LogWindows: Failed to load 'VtuneApi32e.dll' (GetLastError=126)
LogWindows: File 'VtuneApi32e.dll' does not exist
LogInit: Display: Running engine for game: SushiShop
LogPlatformFile: Not using cached read wrapper
LogInit: Display: RandInit(684582622) SRandInit(684582623).
LogInit: Read version file with build ID '3709383'
LogInit: Overriding engine version to CL 3832480, compatible CL 3709383
LogInit: Registered custom module enumerator with build ID '3709383'
LogTaskGraph: Started task graph with 5 named threads and 14 total threads with 3 sets of task threads.
LogStats: Stats thread started at 0.161216
LogD3D11RHI: Aftermath initialized
LogModuleManager: Display: Found up-to-date module file ../../../Engine/Plugins/2D/Paper2D/Binaries/Win64/UE4Editor-Paper2D.dll (API version 3709383).
LogModuleManager: Display: Found up-to-date module file ../../../Engine/Plugins/2D/Paper2D/Binaries/Win64/UE4Editor-Paper2DEditor.dll (API version 3709383).
LogModuleManager: Display: Found up-to-date module file ../../../Engine/Plugins/2D/Paper2D/Binaries/Win64/UE4Editor-PaperSpriteSheetImporter.dll (API version 3709383).
LogModuleManager: Display: Found up-to-date module file ../../../Engine/Plugins/2D/Paper2D/Binaries/Win64/UE4Editor-PaperTiledImporter.dll (API version 3709383).
LogModuleManager: Display: Found up-to-date module file ../../../Engine/Plugins/2D/Paper2D/Binaries/Win64/UE4Editor-SmartSnapping.dll (API version 3709383).
LogModuleManager: Display: Found up-to-date module file ../../../Engine/Plugins/Blendables/LightPropagationVolume/Binaries/Win64/UE4Editor-LightPropagationVolumeRuntime.dll (API version 3709383).
LogModuleManager: Display: Found up-to-date module file ../../../Engine/Plugins/Blendables/LightPropagationVolume/Binaries/Win64/UE4Editor-LightPropagationVolumeEditor.dll (API version 3709383).
LogModuleManager: Display: Found up-to-date module file ../../../Engine/Plugins/Developer/GitSourceControl/Binaries/Win64/UE4Editor-GitSourceControl.dll (API version 3709383).
LogModuleManager: Display: Found up-to-date module file ../../../Engine/Plugins/Developer/PerforceSourceControl/Binaries/Win64/UE4Editor-PerforceSourceControl.dll (API version 3709383).
LogModuleManager: Display: Found up-to-date module file ../../../Engine/Plugins/Developer/SubversionSourceControl/Binaries/Win64/UE4Editor-SubversionSourceControl.dll (API version 3709383).
LogModuleManager: Display: Found up-to-date module file ../../../Engine/Plugins/Developer/UObjectPlugin/Binaries/Win64/UE4Editor-UObjectPlugin.dll (API version 3709383).
LogModuleManager: Display: Found up-to-date module file ../../../Engine/Plugins/Developer/VisualStudioCodeSourceCodeAccess/Binaries/Win64/UE4Editor-VisualStudioCodeSourceCodeAccess.dll (API version 3709383).
LogModuleManager: Display: Found up-to-date module file ../../../Engine/Plugins/Developer/VisualStudioSourceCodeAccess/Binaries/Win64/UE4Editor-VisualStudioSourceCodeAccess.dll (API version 3709383).
LogModuleManager: Display: Found up-to-date module file ../../../Engine/Plugins/Editor/AssetManagerEditor/Binaries/Win64/UE4Editor-AssetManagerEditor.dll (API version 3709383).
LogModuleManager: Display: Found up-to-date module file ../../../Engine/Plugins/Editor/AudioCapture/Binaries/Win64/UE4Editor-AudioCapture.dll (API version 3709383).
LogModuleManager: Display: Found up-to-date module file ../../../Engine/Plugins/Editor/FacialAnimation/Binaries/Win64/UE4Editor-FacialAnimation.dll (API version 3709383).
LogModuleManager: Display: Found up-to-date module file ../../../Engine/Plugins/Editor/FacialAnimation/Binaries/Win64/UE4Editor-FacialAnimationEditor.dll (API version 3709383).
LogModuleManager: Display: Found up-to-date module file ../../../Engine/Plugins/Editor/GameplayTagsEditor/Binaries/Win64/UE4Editor-GameplayTagsEditor.dll (API version 3709383).
LogModuleManager: Display: Found up-to-date module file ../../../Engine/Plugins/Editor/MobileLauncherProfileWizard/Binaries/Win64/UE4Editor-MobileLauncherProfileWizard.dll (API version 3709383).
LogModuleManager: Display: Found up-to-date module file ../../../Engine/Plugins/Editor/PluginBrowser/Binaries/Win64/UE4Editor-PluginBrowser.dll (API version 3709383).
LogModuleManager: Display: Found up-to-date module file ../../../Engine/Plugins/Editor/SpeedTreeImporter/Binaries/Win64/UE4Editor-SpeedTreeImporter.dll (API version 3709383).
LogModuleManager: Display: Found up-to-date module file ../../../Engine/Plugins/Experimental/AlembicImporter/Binaries/Win64/UE4Editor-AlembicImporter.dll (API version 3709383).
LogModuleManager: Display: Found up-to-date module file ../../../Engine/Plugins/Experimental/AlembicImporter/Binaries/Win64/UE4Editor-AlembicLibrary.dll (API version 3709383).
LogModuleManager: Display: Found up-to-date module file ../../../Engine/Plugins/Experimental/CharacterAI/Binaries/Win64/UE4Editor-CharacterAI.dll (API version 3709383).
LogModuleManager: Display: Found up-to-date module file ../../../Engine/Plugins/Experimental/HTML5Networking/Binaries/Win64/UE4Editor-HTML5Networking.dll (API version 3709383).
LogModuleManager: Display: Found up-to-date module file ../../../Engine/Plugins/Media/AndroidMedia/Binaries/Win64/UE4Editor-AndroidMediaEditor.dll (API version 3709383).
LogModuleManager: Display: Found up-to-date module file ../../../Engine/Plugins/Media/AndroidMedia/Binaries/Win64/UE4Editor-AndroidMediaFactory.dll (API version 3709383).
LogModuleManager: Display: Found up-to-date module file ../../../Engine/Plugins/Media/AvfMedia/Binaries/Win64/UE4Editor-AvfMediaEditor.dll (API version 3709383).
LogModuleManager: Display: Found up-to-date module file ../../../Engine/Plugins/Media/AvfMedia/Binaries/Win64/UE4Editor-AvfMediaFactory.dll (API version 3709383).
LogModuleManager: Display: Found up-to-date module file ../../../Engine/Plugins/Media/AvfMedia/Binaries/Win64/UE4Editor-AvfMediaFactory.dll (API version 3709383).
LogModuleManager: Display: Found up-to-date module file ../../../Engine/Plugins/Media/ImgMedia/Binaries/Win64/UE4Editor-ImgMedia.dll (API version 3709383).
LogModuleManager: Display: Found up-to-date module file ../../../Engine/Plugins/Media/ImgMedia/Binaries/Win64/UE4Editor-ImgMediaEditor.dll (API version 3709383).
LogModuleManager: Display: Found up-to-date module file ../../../Engine/Plugins/Media/ImgMedia/Binaries/Win64/UE4Editor-ImgMediaFactory.dll (API version 3709383).
LogModuleManager: Display: Found up-to-date module file ../../../Engine/Plugins/Media/ImgMedia/Binaries/Win64/UE4Editor-ImgMediaFactory.dll (API version 3709383).
LogModuleManager: Display: Found up-to-date module file ../../../Engine/Plugins/Media/ImgMedia/Binaries/Win64/UE4Editor-OpenExrWrapper.dll (API version 3709383).
LogModuleManager: Display: Found up-to-date module file ../../../Engine/Plugins/Media/MediaCompositing/Binaries/Win64/UE4Editor-MediaCompositing.dll (API version 3709383).
LogModuleManager: Display: Found up-to-date module file ../../../Engine/Plugins/Media/MediaCompositing/Binaries/Win64/UE4Editor-MediaCompositingEditor.dll (API version 3709383).
LogModuleManager: Display: Found up-to-date module file ../../../Engine/Plugins/Media/MediaPlayerEditor/Binaries/Win64/UE4Editor-MediaPlayerEditor.dll (API version 3709383).
LogModuleManager: Display: Found up-to-date module file ../../../Engine/Plugins/Media/WmfMedia/Binaries/Win64/UE4Editor-WmfMedia.dll (API version 3709383).
LogModuleManager: Display: Found up-to-date module file ../../../Engine/Plugins/Media/WmfMedia/Binaries/Win64/UE4Editor-WmfMediaEditor.dll (API version 3709383).
LogModuleManager: Display: Found up-to-date module file ../../../Engine/Plugins/Media/WmfMedia/Binaries/Win64/UE4Editor-WmfMediaFactory.dll (API version 3709383).
LogModuleManager: Display: Found up-to-date module file ../../../Engine/Plugins/Media/WmfMedia/Binaries/Win64/UE4Editor-WmfMediaFactory.dll (API version 3709383).
LogModuleManager: Display: Found up-to-date module file ../../../Engine/Plugins/Messaging/TcpMessaging/Binaries/Win64/UE4Editor-TcpMessaging.dll (API version 3709383).
LogModuleManager: Display: Found up-to-date module file ../../../Engine/Plugins/Messaging/UdpMessaging/Binaries/Win64/UE4Editor-UdpMessaging.dll (API version 3709383).
LogModuleManager: Display: Found up-to-date module file ../../../Engine/Plugins/MovieScene/ActorSequence/Binaries/Win64/UE4Editor-ActorSequence.dll (API version 3709383).
LogModuleManager: Display: Found up-to-date module file ../../../Engine/Plugins/MovieScene/LevelSequenceEditor/Binaries/Win64/UE4Editor-LevelSequenceEditor.dll (API version 3709383).
LogModuleManager: Display: Found up-to-date module file ../../../Engine/Plugins/MovieScene/MatineeToLevelSequence/Binaries/Win64/UE4Editor-MatineeToLevelSequence.dll (API version 3709383).
LogModuleManager: Display: Found up-to-date module file ../../../Engine/Plugins/Online/OnlineSubsystem/Binaries/Win64/UE4Editor-OnlineSubsystem.dll (API version 3709383).
LogModuleManager: Display: Found up-to-date module file ../../../Engine/Plugins/Runtime/AndroidPermission/Binaries/Win64/UE4Editor-AndroidPermission.dll (API version 3709383).
LogModuleManager: Display: Found up-to-date module file ../../../Engine/Plugins/Online/OnlineSubsystemNull/Binaries/Win64/UE4Editor-OnlineSubsystemNull.dll (API version 3709383).
LogModuleManager: Display: Found up-to-date module file ../../../Engine/Plugins/Online/OnlineSubsystemUtils/Binaries/Win64/UE4Editor-OnlineSubsystemUtils.dll (API version 3709383).
LogModuleManager: Display: Found up-to-date module file ../../../Engine/Plugins/Online/OnlineSubsystemUtils/Binaries/Win64/UE4Editor-OnlineBlueprintSupport.dll (API version 3709383).
LogModuleManager: Display: Found up-to-date module file ../../../Engine/Plugins/Runtime/AndroidDeviceProfileSelector/Binaries/Win64/UE4Editor-AndroidDeviceProfileSelector.dll (API version 3709383).
LogModuleManager: Display: Found up-to-date module file ../../../Engine/Plugins/Runtime/AppleARKit/Binaries/Win64/UE4Editor-AppleARKit.dll (API version 3709383).
LogModuleManager: Display: Found up-to-date module file ../../../Engine/Plugins/Runtime/ArchVisCharacter/Binaries/Win64/UE4Editor-ArchVisCharacter.dll (API version 3709383).
LogModuleManager: Display: Found up-to-date module file ../../../Engine/Plugins/Runtime/CableComponent/Binaries/Win64/UE4Editor-CableComponent.dll (API version 3709383).
LogModuleManager: Display: Found up-to-date module file ../../../Engine/Plugins/Runtime/CustomMeshComponent/Binaries/Win64/UE4Editor-CustomMeshComponent.dll (API version 3709383).
LogModuleManager: Display: Found up-to-date module file ../../../Engine/Plugins/Runtime/ExampleDeviceProfileSelector/Binaries/Win64/UE4Editor-ExampleDeviceProfileSelector.dll (API version 3709383).
LogModuleManager: Display: Found up-to-date module file ../../../Engine/Plugins/Runtime/ImmediatePhysics/Binaries/Win64/UE4Editor-ImmediatePhysics.dll (API version 3709383).
LogModuleManager: Display: Found up-to-date module file ../../../Engine/Plugins/Runtime/ImmediatePhysics/Binaries/Win64/UE4Editor-ImmediatePhysicsEditor.dll (API version 3709383).
LogModuleManager: Display: Found up-to-date module file ../../../Engine/Plugins/Runtime/LocationServicesBPLibrary/Binaries/Win64/UE4Editor-LocationServicesBPLibrary.dll (API version 3709383).
LogModuleManager: Display: Found up-to-date module file ../../../Engine/Plugins/Runtime/MobilePatchingUtils/Binaries/Win64/UE4Editor-MobilePatchingUtils.dll (API version 3709383).
LogModuleManager: Display: Found up-to-date module file ../../../Engine/Plugins/Runtime/Oculus/OculusVR/Binaries/Win64/UE4Editor-OculusHMD.dll (API version 3709383).
LogModuleManager: Display: Found up-to-date module file ../../../Engine/Plugins/Runtime/Oculus/OculusVR/Binaries/Win64/UE4Editor-OculusInput.dll (API version 3709383).
LogModuleManager: Display: Found up-to-date module file ../../../Engine/Plugins/Runtime/Oculus/OculusVR/Binaries/Win64/UE4Editor-OculusEditor.dll (API version 3709383).
LogModuleManager: Display: Found up-to-date module file ../../../Engine/Plugins/Runtime/PhysXVehicles/Binaries/Win64/UE4Editor-PhysXVehicles.dll (API version 3709383).
LogModuleManager: Display: Found up-to-date module file ../../../Engine/Plugins/Runtime/PhysXVehicles/Binaries/Win64/UE4Editor-PhysXVehiclesEditor.dll (API version 3709383).
LogModuleManager: Display: Found up-to-date module file ../../../Engine/Plugins/Runtime/ProceduralMeshComponent/Binaries/Win64/UE4Editor-ProceduralMeshComponent.dll (API version 3709383).
LogModuleManager: Display: Found up-to-date module file ../../../Engine/Plugins/Runtime/ProceduralMeshComponent/Binaries/Win64/UE4Editor-ProceduralMeshComponentEditor.dll (API version 3709383).
LogModuleManager: Display: Found up-to-date module file ../../../Engine/Plugins/Runtime/RuntimePhysXCooking/Binaries/Win64/UE4Editor-RuntimePhysXCooking.dll (API version 3709383).
LogModuleManager: Display: Found up-to-date module file ../../../Engine/Plugins/Runtime/Steam/SteamVR/Binaries/Win64/UE4Editor-SteamVR.dll (API version 3709383).
LogModuleManager: Display: Found up-to-date module file ../../../Engine/Plugins/Runtime/Steam/SteamVR/Binaries/Win64/UE4Editor-SteamVRController.dll (API version 3709383).
LogModuleManager: Display: Found up-to-date module file ../../../Engine/Plugins/Runtime/WindowsMoviePlayer/Binaries/Win64/UE4Editor-WindowsMoviePlayer.dll (API version 3709383).
LogPluginManager: Mounting plugin Paper2D
LogPluginManager: Mounting plugin LightPropagationVolume
LogPluginManager: Mounting plugin CodeLiteSourceCodeAccess
LogPluginManager: Mounting plugin GitSourceControl
LogPluginManager: Mounting plugin KDevelopSourceCodeAccess
LogPluginManager: Mounting plugin NullSourceCodeAccess
LogPluginManager: Mounting plugin PerforceSourceControl
LogPluginManager: Mounting plugin SubversionSourceControl
LogPluginManager: Mounting plugin UObjectPlugin
LogPluginManager: Mounting plugin VisualStudioCodeSourceCodeAccess
LogPluginManager: Mounting plugin VisualStudioSourceCodeAccess
LogPluginManager: Mounting plugin XCodeSourceCodeAccess
LogPluginManager: Mounting plugin AssetManagerEditor
LogPluginManager: Mounting plugin AudioCapture
LogPluginManager: Mounting plugin FacialAnimation
LogPluginManager: Mounting plugin GameplayTagsEditor
LogPluginManager: Mounting plugin MobileLauncherProfileWizard
LogPluginManager: Mounting plugin PluginBrowser
LogPluginManager: Mounting plugin SpeedTreeImporter
LogPluginManager: Mounting plugin AlembicImporter
LogPluginManager: Mounting plugin CharacterAI
LogPluginManager: Mounting plugin HTML5Networking
LogPluginManager: Mounting plugin AndroidMedia
LogPluginManager: Mounting plugin AvfMedia
LogPluginManager: Mounting plugin ImgMedia
LogPluginManager: Mounting plugin MediaCompositing
LogPluginManager: Mounting plugin MediaPlayerEditor
LogPluginManager: Mounting plugin WmfMedia
LogPluginManager: Mounting plugin TcpMessaging
LogPluginManager: Mounting plugin UdpMessaging
LogPluginManager: Mounting plugin ActorSequence
LogPluginManager: Mounting plugin LevelSequenceEditor
LogPluginManager: Mounting plugin MatineeToLevelSequence
LogPluginManager: Mounting plugin OnlineSubsystemGooglePlay
LogPluginManager: Mounting plugin OnlineSubsystemIOS
LogPluginManager: Mounting plugin OnlineSubsystem
LogPluginManager: Mounting plugin OnlineSubsystemNull
LogPluginManager: Mounting plugin OnlineSubsystemUtils
LogPluginManager: Mounting plugin AndroidDeviceProfileSelector
LogPluginManager: Mounting plugin AndroidMoviePlayer
LogPluginManager: Mounting plugin AndroidPermission
LogPluginManager: Mounting plugin AppleARKit
LogPluginManager: Mounting plugin AppleMoviePlayer
LogPluginManager: Mounting plugin ArchVisCharacter
LogPluginManager: Mounting plugin CableComponent
LogPluginManager: Mounting plugin CustomMeshComponent
LogPluginManager: Mounting plugin ExampleDeviceProfileSelector
LogPluginManager: Mounting plugin GoogleCloudMessaging
LogPluginManager: Mounting plugin ImmediatePhysics
LogPluginManager: Mounting plugin IOSDeviceProfileSelector
LogPluginManager: Mounting plugin LinuxDeviceProfileSelector
LogPluginManager: Mounting plugin LocationServicesBPLibrary
LogPluginManager: Mounting plugin MobilePatchingUtils
LogPluginManager: Mounting plugin OculusVR
LogPluginManager: Plugin shader directory ../../../Engine/Plugins/Runtime/Oculus/OculusVR/Shaders found
LogPluginManager: Mapping shader source directory ../../../Engine/Plugins/Runtime/Oculus/OculusVR/Shaders to virtual directory /Plugin/OculusVR
LogPluginManager: Mounting plugin PhysXVehicles
LogPluginManager: Mounting plugin ProceduralMeshComponent
LogPluginManager: Mounting plugin RuntimePhysXCooking
LogPluginManager: Mounting plugin SteamVR
LogPluginManager: Mounting plugin WindowsMoviePlayer
LogInit: Using libcurl 7.47.1
LogInit:  - built for x86_64-pc-win32
LogInit:  - supports SSL with OpenSSL/1.0.2g
LogInit:  - supports HTTP deflate (compression) using libz 1.2.8
LogInit:  - other features:
LogInit:      CURL_VERSION_SSL
LogInit:      CURL_VERSION_LIBZ
LogInit:      CURL_VERSION_IPV6
LogInit:      CURL_VERSION_ASYNCHDNS
LogInit:      CURL_VERSION_LARGEFILE
LogInit:      CURL_VERSION_IDN
LogInit:  CurlRequestOptions (configurable via config and command line):
LogInit:  - bVerifyPeer = false  - Libcurl will NOT verify peer certificate
LogInit:  - bUseHttpProxy = false  - Libcurl will NOT use HTTP proxy
LogInit:  - bDontReuseConnections = false  - Libcurl will reuse connections
LogInit:  - CertBundlePath = nullptr  - Libcurl will use whatever was configured at build time.
LogInit: Build: ++UE4+Release-4.18-CL-3832480
LogInit: Engine Version: 4.18.3-3832480+++UE4+Release-4.18
LogInit: Compatible Engine Version: 4.18.0-3709383+++UE4+Release-4.18
LogInit: Net CL: 3709383
LogDevObjectVersion: Number of dev versions registered: 16
LogDevObjectVersion:   Dev-Blueprints (B0D832E4-1F89-4F0D-ACCF-7EB736FD4AA2): 10
LogDevObjectVersion:   Dev-Build (E1C64328-A22C-4D53-A36C-8E866417BD8C): 0
LogDevObjectVersion:   Dev-Core (375EC13C-06E4-48FB-B500-84F0262A717E): 2
LogDevObjectVersion:   Dev-Editor (E4B068ED-F494-42E9-A231-DA0B2E46BB41): 20
LogDevObjectVersion:   Dev-Framework (CFFC743F-43B0-4480-9391-14DF171D2073): 30
LogDevObjectVersion:   Dev-Mobile (B02B49B5-BB20-44E9-A304-32B752E40360): 0
LogDevObjectVersion:   Dev-Networking (A4E4105C-59A1-49B5-A7C5-40C4547EDFEE): 0
LogDevObjectVersion:   Dev-Online (39C831C9-5AE6-47DC-9A44-9C173E1C8E7C): 0
LogDevObjectVersion:   Dev-Physics (78F01B33-EBEA-4F98-B9B4-84EACCB95AA2): 0
LogDevObjectVersion:   Dev-Platform (6631380F-2D4D-43E0-8009-CF276956A95A): 0
LogDevObjectVersion:   Dev-Rendering (12F88B9F-8875-4AFC-A67C-D90C383ABD29): 20
LogDevObjectVersion:   Dev-Sequencer (7B5AE74C-D270-4C10-A958-57980B212A5A): 4
LogDevObjectVersion:   Dev-VR (D7296918-1DD6-4BDD-9DE2-64A83CC13884): 0
LogDevObjectVersion:   Dev-LoadTimes (C2A15278-BFE7-4AFE-6C17-90FF531DF755): 1
LogDevObjectVersion:   Private-Geometry (6EACA3D4-40EC-4CC1-B786-8BED09428FC5): 1
LogDevObjectVersion:   Dev-AnimPhys (29E575DD-E0A3-4627-9D10-D276232CDCEA): 12
LogInit: Compiled (64-bit): Jan 12 2018 02:04:55
LogInit: Compiled with Visual C++: 19.00.24215.01
LogInit: Build Configuration: Development
LogInit: Branch Name: ++UE4+Release-4.18
LogInit: Command line: 
LogInit: Base directory: C:/Program Files/Epic Games/UE_4.18/Engine/Binaries/Win64/
LogInit: Installed Engine Build: 1
LogInit: Presizing for max 8388607 objects, including 0 objects not considered by GC, pre-allocating 0 bytes for permanent pool.
LogInit: Object subsystem initialized
[2018.04.05-03.52.05:834][  0]LogInit: Selected Device Profile: [Windows]
[2018.04.05-03.52.05:834][  0]LogInit: Applying CVar settings loaded from the selected device profile: [Windows]
[2018.04.05-03.52.05:842][  0]LogInit: Computer: DESKTOP-TMTLRPJ
[2018.04.05-03.52.05:842][  0]LogInit: User: GameDevClub
[2018.04.05-03.52.05:842][  0]LogInit: CPU Page size=4096, Cores=4
[2018.04.05-03.52.05:842][  0]LogInit: High frequency timer resolution =4.101573 MHz
[2018.04.05-03.52.05:843][  0]LogMemory: Memory total: Physical=16.0GB (16GB approx)
[2018.04.05-03.52.05:843][  0]LogMemory: Platform Memory Stats for Windows
[2018.04.05-03.52.05:843][  0]LogMemory: Process Physical Memory: 280.44 MB used, 280.44 MB peak
[2018.04.05-03.52.05:843][  0]LogMemory: Process Virtual Memory: 280.23 MB used, 280.23 MB peak
[2018.04.05-03.52.05:843][  0]LogMemory: Physical Memory: 4515.52 MB used,  11831.61 MB free, 16347.13 MB total
[2018.04.05-03.52.05:843][  0]LogMemory: Virtual Memory: 744.75 MB used,  11831.61 MB free, 134217728.00 MB total
[2018.04.05-03.52.05:944][  0]LogInit: Using OS detected language (en-US).
[2018.04.05-03.52.05:944][  0]LogInit: Using OS detected locale (en-US).
[2018.04.05-03.52.05:946][  0]LogTextLocalizationManager: No specific localization for 'en-US' exists, so the 'en' localization will be used.
[2018.04.05-03.52.06:225][  0]LogInit: Setting process to per monitor DPI aware
[2018.04.05-03.52.06:399][  0]LogD3D11RHI: D3D11 adapters:
[2018.04.05-03.52.06:425][  0]LogD3D11RHI:    0. 'NVIDIA GeForce GTX 1080 Ti' (Feature Level 11_0)
[2018.04.05-03.52.06:425][  0]LogD3D11RHI:       11127/0/8173 MB DedicatedVideo/DedicatedSystem/SharedSystem, Outputs:3, VendorId:0x10de
[2018.04.05-03.52.06:427][  0]LogD3D11RHI:    1. 'Microsoft Basic Render Driver' (Feature Level 11_0)
[2018.04.05-03.52.06:427][  0]LogD3D11RHI:       0/0/8173 MB DedicatedVideo/DedicatedSystem/SharedSystem, Outputs:0, VendorId:0x1414
[2018.04.05-03.52.06:427][  0]LogD3D11RHI: Chosen D3D11 Adapter: 0
[2018.04.05-03.52.06:431][  0]LogD3D11RHI: Creating new Direct3DDevice
[2018.04.05-03.52.06:432][  0]LogD3D11RHI:     GPU DeviceId: 0x1b06 (for the marketing name, search the web for "GPU Device Id")
[2018.04.05-03.52.06:432][  0]LogWindows: EnumDisplayDevices:
[2018.04.05-03.52.06:432][  0]LogWindows:    0. 'NVIDIA GeForce GTX 1080 Ti' (P:1 D:1)
[2018.04.05-03.52.06:432][  0]LogWindows:    1. 'NVIDIA GeForce GTX 1080 Ti' (P:0 D:1)
[2018.04.05-03.52.06:432][  0]LogWindows:    2. 'NVIDIA GeForce GTX 1080 Ti' (P:0 D:1)
[2018.04.05-03.52.06:432][  0]LogWindows:    3. 'NVIDIA GeForce GTX 1080 Ti' (P:0 D:0)
[2018.04.05-03.52.06:432][  0]LogWindows: DebugString: GetVideoDriverDetailsInvalid PrimaryIsNotTheChoosenAdapter GetVideoDriverDetailsInvalid PrimaryIsNotTheChoosenAdapter GetVideoDriverDetailsInvalid PrimaryIsNotTheChoosenAdapter GetVideoDriverDetailsInvalid PrimaryIsNotTheChoosenAdapter FoundDriverCount:0 
[2018.04.05-03.52.06:432][  0]LogD3D11RHI:     Adapter Name: NVIDIA GeForce GTX 1080 Ti
[2018.04.05-03.52.06:432][  0]LogD3D11RHI:   Driver Version: Unknown (internal:Unknown, unified:Unknown)
[2018.04.05-03.52.06:432][  0]LogD3D11RHI:      Driver Date: Unknown
[2018.04.05-03.52.06:432][  0]LogRHI: Texture pool is 7788 MB (70% of 11127 MB)
[2018.04.05-03.52.06:451][  0]LogD3D11RHI: Async texture creation enabled
[2018.04.05-03.52.06:497][  0]LogD3D11RHI: GPU Timing Frequency: 1000.000000 (Debug: 2 2)
[2018.04.05-03.52.06:593][  0]LogShaderCompilers: Guid format shader working directory is -21 characters bigger than the processId version (../../../../../../Users/GameDevClub/Documents/GitHub/SushiShop/SushiShop/Intermediate/Shaders/WorkingDirectory/16544/).
[2018.04.05-03.52.06:593][  0]LogShaderCompilers: Cleaned the shader compiler working directory 'C:/Users/GameDevClub/AppData/Local/Temp/UnrealShaderWorkingDir/3419C6E84DDA29041879388ACE6F71E6/'.
[2018.04.05-03.52.06:593][  0]LogShaderCompilers: Display: Using Local Shader Compiler.
[2018.04.05-03.52.07:216][  0]LogTemp: Display: Loaded TP AllDesktopTargetPlatform
[2018.04.05-03.52.07:252][  0]LogTemp: Display: Loaded TP MacClientTargetPlatform
[2018.04.05-03.52.07:288][  0]LogTemp: Display: Loaded TP MacNoEditorTargetPlatform
[2018.04.05-03.52.07:323][  0]LogTemp: Display: Loaded TP MacServerTargetPlatform
[2018.04.05-03.52.07:359][  0]LogTemp: Display: Loaded TP MacTargetPlatform
[2018.04.05-03.52.07:394][  0]LogTemp: Display: Loaded TP WindowsClientTargetPlatform
[2018.04.05-03.52.07:431][  0]LogTemp: Display: Loaded TP WindowsNoEditorTargetPlatform
[2018.04.05-03.52.07:468][  0]LogTemp: Display: Loaded TP WindowsServerTargetPlatform
[2018.04.05-03.52.07:500][  0]LogTemp: Display: Loaded TP WindowsTargetPlatform
[2018.04.05-03.52.07:536][  0]LogTemp: Display: Loaded TP Android_ASTCTargetPlatform
[2018.04.05-03.52.07:572][  0]LogTemp: Display: Loaded TP Android_ATCTargetPlatform
[2018.04.05-03.52.07:608][  0]LogTemp: Display: Loaded TP Android_DXTTargetPlatform
[2018.04.05-03.52.07:644][  0]LogTemp: Display: Loaded TP Android_ETC1TargetPlatform
[2018.04.05-03.52.07:680][  0]LogTemp: Display: Loaded TP Android_ETC2TargetPlatform
[2018.04.05-03.52.07:750][  0]LogTemp: Display: Loaded TP Android_MultiTargetPlatform
[2018.04.05-03.52.07:750][  0]LogTemp: Display: Loaded TP Android_PVRTCTargetPlatform
[2018.04.05-03.52.07:785][  0]LogTemp: Display: Loaded TP AndroidTargetPlatform
[2018.04.05-03.52.07:813][  0]LogTemp: Display: Loaded TP HTML5TargetPlatform
[2018.04.05-03.52.07:883][  0]LogTemp: Display: Loaded TP IOSTargetPlatform
[2018.04.05-03.52.07:901][  0]LogTemp: Display: Loaded TP TVOSTargetPlatform
[2018.04.05-03.52.07:936][  0]LogTemp: Display: Loaded TP LinuxClientTargetPlatform
[2018.04.05-03.52.07:971][  0]LogTemp: Display: Loaded TP LinuxNoEditorTargetPlatform
[2018.04.05-03.52.08:006][  0]LogTemp: Display: Loaded TP LinuxServerTargetPlatform
[2018.04.05-03.52.08:040][  0]LogTemp: Display: Loaded TP LinuxTargetPlatform
[2018.04.05-03.52.08:040][  0]LogTargetPlatformManager: Display: Building Assets For Windows
[2018.04.05-03.52.08:360][  0]LogDerivedDataCache: Display: Max Cache Size: 512 MB
[2018.04.05-03.52.08:408][  0]LogDerivedDataCache: Loaded boot cache 0.05s 83MB C:/Users/GameDevClub/AppData/Local/UnrealEngine/4.18/DerivedDataCache/Boot.ddc.
[2018.04.05-03.52.08:408][  0]LogDerivedDataCache: Display: Loaded Boot cache: C:/Users/GameDevClub/AppData/Local/UnrealEngine/4.18/DerivedDataCache/Boot.ddc
[2018.04.05-03.52.08:408][  0]LogDerivedDataCache: FDerivedDataBackendGraph:  Pak pak cache file ../../../../../../Users/GameDevClub/Documents/GitHub/SushiShop/SushiShop/DerivedDataCache/DDC.ddp not found, will not use a pak cache.
[2018.04.05-03.52.08:408][  0]LogDerivedDataCache: Unable to find inner node Pak for hierarchical cache Hierarchy.
[2018.04.05-03.52.08:408][  0]LogDerivedDataCache: FDerivedDataBackendGraph:  CompressedPak pak cache file ../../../../../../Users/GameDevClub/Documents/GitHub/SushiShop/SushiShop/DerivedDataCache/Compressed.ddp not found, will not use a pak cache.
[2018.04.05-03.52.08:408][  0]LogDerivedDataCache: Unable to find inner node CompressedPak for hierarchical cache Hierarchy.
[2018.04.05-03.52.08:419][  0]LogDerivedDataCache: Display: Pak cache opened for reading ../../../Engine/DerivedDataCache/Compressed.ddp.
[2018.04.05-03.52.08:430][  0]LogDerivedDataCache: Using Local data cache path C:/Users/GameDevClub/AppData/Local/UnrealEngine/Common/DerivedDataCache: Writable
[2018.04.05-03.52.08:437][  0]LogMaterial: Verifying Global Shaders for PCD3D_SM5
[2018.04.05-03.52.08:437][  0]LogSlate: Using Freetype 2.6.0
[2018.04.05-03.52.08:438][  0]LogSlate: SlateFontCache - WITH_FREETYPE: 1, WITH_HARFBUZZ: 1
[2018.04.05-03.52.08:438][  0]LogSlate: SlateFontCache - WITH_FREETYPE: 1, WITH_HARFBUZZ: 1
[2018.04.05-03.52.08:682][  0]LogInit: Selected Device Profile: [Windows]
[2018.04.05-03.52.08:912][  0]LogSimplygon: Simplygon DLL not present - disabling.
[2018.04.05-03.52.08:940][  0]LogMeshReduction: Using SimplygonSwarm for distributed automatic mesh merging
[2018.04.05-03.52.08:941][  0]LogMeshReduction: Using QuadricMeshReduction for automatic static mesh reduction
[2018.04.05-03.52.08:941][  0]LogMeshReduction: No automatic skeletal mesh reduction module available
[2018.04.05-03.52.08:941][  0]LogMeshReduction: No automatic mesh merging module available
[2018.04.05-03.52.08:941][  0]LogMeshMerging: No automatic mesh merging module available
[2018.04.05-03.52.08:966][  0]LogNetVersion: SushiShop , NetCL: 3709383, EngineNetVer: 2, GameNetVer: 0 (Checksum: 2343829258)
[2018.04.05-03.52.09:085][  0]LogAssetRegistry: FAssetRegistry took 0.0243 seconds to start up
[2018.04.05-03.52.09:423][  0]LogPackageLocalizationCache: Processed 7 localized package path(s) for 2 prioritized culture(s) in 0.046326 seconds
[2018.04.05-03.52.09:427][  0]LogUObjectArray: 35870 objects as part of root set at end of initial load.
[2018.04.05-03.52.09:427][  0]LogUObjectAllocator: 7363696 out of 0 bytes used by permanent object pool.
[2018.04.05-03.52.09:427][  0]LogUObjectArray: CloseDisregardForGC: 0/0 objects in disregard for GC pool
[2018.04.05-03.52.09:462][  0]LogInit: WinSock: version 1.1 (2.2), MaxSocks=32767, MaxUdp=65467
[2018.04.05-03.52.11:304][  0]LogTcpMessaging: Initializing TcpMessaging bridge
[2018.04.05-03.52.11:337][  0]LogUdpMessaging: Initializing bridge on interface 0.0.0.0:0 to multicast group 230.0.0.1:6666.
[2018.04.05-03.52.11:804][  0]LogMaterial: Missing cached shader map for material BaseColor, compiling. 
[2018.04.05-03.52.11:805][  0]LogMaterial: Warning: C:\Program Files\Epic Games\UE_4.18\Engine\Content\BufferVisualization\BaseColor.uasset: Failed to compile Material for platform PCD3D_SM5, Default Material will be used in game.
[2018.04.05-03.52.11:805][  0]LogMaterial: 	(Node SceneTexture) GBuffer scene textures not available with forward shading.
[2018.04.05-03.52.11:819][  0]LogMaterial: Uniform references updated for custom material expression Custom.
[2018.04.05-03.52.11:826][  0]LogMaterial: Missing cached shader map for material LightingModel, compiling. 
[2018.04.05-03.52.11:827][  0]LogMaterial: Warning: C:\Program Files\Epic Games\UE_4.18\Engine\Content\BufferVisualization\LightingModel.uasset: Failed to compile Material for platform PCD3D_SM5, Default Material will be used in game.
[2018.04.05-03.52.11:827][  0]LogMaterial: 	(Node SceneTexture) GBuffer scene textures not available with forward shading.
[2018.04.05-03.52.11:828][  0]LogMaterial: Missing cached shader map for material MaterialAO, compiling. 
[2018.04.05-03.52.11:829][  0]LogMaterial: Warning: C:\Program Files\Epic Games\UE_4.18\Engine\Content\BufferVisualization\MaterialAO.uasset: Failed to compile Material for platform PCD3D_SM5, Default Material will be used in game.
[2018.04.05-03.52.11:829][  0]LogMaterial: 	(Node SceneTexture) GBuffer scene textures not available with forward shading.
[2018.04.05-03.52.11:830][  0]LogMaterial: Missing cached shader map for material Metallic, compiling. 
[2018.04.05-03.52.11:831][  0]LogMaterial: Warning: C:\Program Files\Epic Games\UE_4.18\Engine\Content\BufferVisualization\Metallic.uasset: Failed to compile Material for platform PCD3D_SM5, Default Material will be used in game.
[2018.04.05-03.52.11:831][  0]LogMaterial: 	(Node SceneTexture) GBuffer scene textures not available with forward shading.
[2018.04.05-03.52.11:833][  0]LogMaterial: Missing cached shader map for material Opacity, compiling. 
[2018.04.05-03.52.11:833][  0]LogMaterial: Warning: C:\Program Files\Epic Games\UE_4.18\Engine\Content\BufferVisualization\Opacity.uasset: Failed to compile Material for platform PCD3D_SM5, Default Material will be used in game.
[2018.04.05-03.52.11:833][  0]LogMaterial: 	(Node SceneTexture) GBuffer scene textures not available with forward shading.
[2018.04.05-03.52.11:835][  0]LogMaterial: Missing cached shader map for material Roughness, compiling. 
[2018.04.05-03.52.11:835][  0]LogMaterial: Warning: C:\Program Files\Epic Games\UE_4.18\Engine\Content\BufferVisualization\Roughness.uasset: Failed to compile Material for platform PCD3D_SM5, Default Material will be used in game.
[2018.04.05-03.52.11:835][  0]LogMaterial: 	(Node SceneTexture) GBuffer scene textures not available with forward shading.
[2018.04.05-03.52.11:847][  0]LogMaterial: Missing cached shader map for material Specular, compiling. 
[2018.04.05-03.52.11:847][  0]LogMaterial: Warning: C:\Program Files\Epic Games\UE_4.18\Engine\Content\BufferVisualization\Specular.uasset: Failed to compile Material for platform PCD3D_SM5, Default Material will be used in game.
[2018.04.05-03.52.11:847][  0]LogMaterial: 	(Node SceneTexture) GBuffer scene textures not available with forward shading.
[2018.04.05-03.52.11:849][  0]LogMaterial: Missing cached shader map for material SubsurfaceColor, compiling. 
[2018.04.05-03.52.11:849][  0]LogMaterial: Warning: C:\Program Files\Epic Games\UE_4.18\Engine\Content\BufferVisualization\SubsurfaceColor.uasset: Failed to compile Material for platform PCD3D_SM5, Default Material will be used in game.
[2018.04.05-03.52.11:849][  0]LogMaterial: 	(Node SceneTexture) GBuffer scene textures not available with forward shading.
[2018.04.05-03.52.11:851][  0]LogMaterial: Missing cached shader map for material WorldNormal, compiling. 
[2018.04.05-03.52.11:852][  0]LogMaterial: Warning: C:\Program Files\Epic Games\UE_4.18\Engine\Content\BufferVisualization\WorldNormal.uasset: Failed to compile Material for platform PCD3D_SM5, Default Material will be used in game.
[2018.04.05-03.52.11:852][  0]LogMaterial: 	(Node SceneTexture) GBuffer scene textures not available with forward shading.
[2018.04.05-03.52.12:114][  0]SourceControl: Source control is disabled
[2018.04.05-03.52.12:114][  0]SourceControl: Source control is disabled
[2018.04.05-03.52.12:151][  0]SourceControl: Source control is disabled
[2018.04.05-03.52.12:187][  0]SourceControl: Source control is disabled
[2018.04.05-03.52.12:753][  0]LogAndroidPermission: UAndroidPermissionCallbackProxy::GetInstance
[2018.04.05-03.52.12:940][  0]LogOcInput: OculusInput pre-init called
[2018.04.05-03.52.13:143][  0]LogEngine: Initializing Engine...
[2018.04.05-03.52.13:145][  0]LogHMD: Oculus plugin initialized. Version: 4.18.3-3832480+++UE4+Release-4.18, OVRPlugin: 1.19.0
[2018.04.05-03.52.13:289][  0]LogStats: UGameplayTagsManager::ConstructGameplayTagTree: Construct from data asset -  0.000 s
[2018.04.05-03.52.13:289][  0]LogStats: UGameplayTagsManager::ConstructGameplayTagTree: GameplayTagTreeChangedEvent.Broadcast -  0.000 s
[2018.04.05-03.52.13:375][  0]LogAIModule: Creating AISystem for world Untitled
[2018.04.05-03.52.13:382][  0]LogInit: XAudio2 using 'Headphones (Rift Audio)' : 2 channels at 48 kHz using 16 bits per sample (channel mask 0x3)
[2018.04.05-03.52.13:390][  0]LogInit: FAudioDevice initialized.
[2018.04.05-03.52.13:432][  0]LogDerivedDataCache: Saved boot cache 0.04s 83MB C:/Users/GameDevClub/AppData/Local/UnrealEngine/4.18/DerivedDataCache/Boot.ddc.
[2018.04.05-03.52.13:437][  0]LogInit: Texture streaming: Enabled
[2018.04.05-03.52.13:503][  0]LogEngineSessionManager: EngineSessionManager initialized
[2018.04.05-03.52.13:504][  0]LogEngineSessionManager: EngineSessionManager sent abnormal shutdown report. Type=Crashed, SessionId={CEE1A825-48FB-B1E3-67C7-4A8BCE798E60}
[2018.04.05-03.52.13:593][  0]LogInit: Transaction tracking system initialized
[2018.04.05-03.52.13:805][  0]BlueprintLog: New page: Editor Load
[2018.04.05-03.52.14:406][  0]LocalizationService: Localization service is disabled
[2018.04.05-03.52.14:911][  0]LogConsoleResponse: Display: 
[2018.04.05-03.52.15:034][  0]LogCook: Display: Max memory allowance for cook 16384mb min free memory 0mb
[2018.04.05-03.52.15:034][  0]LogCook: Display: Mobile HDR setting 1
[2018.04.05-03.52.15:034][  0]LogGameplayTags: Display: UGameplayTagsManager::DoneAddingNativeTags. DelegateIsBound: 0
[2018.04.05-03.52.15:396][  0]LogFileCache: Scanning file cache for directory 'C:/Users/GameDevClub/Documents/GitHub/SushiShop/SushiShop/Content/' took 0.02s
[2018.04.05-03.52.15:852][  0]SourceControl: Source control is disabled
[2018.04.05-03.52.15:852][  0]Cmd: MAP LOAD FILE="../../../../../../Users/GameDevClub/Documents/GitHub/SushiShop/SushiShop/Content/VirtualRealityBP/Maps/StartupMap.umap" TEMPLATE=0 SHOWPROGRESS=1 FEATURELEVEL=3
[2018.04.05-03.52.15:852][  0]LightingResults: New page: Lighting Build
[2018.04.05-03.52.15:879][  0]MapCheck: New page: Map Check
[2018.04.05-03.52.15:880][  0]LightingResults: New page: Lighting Build
[2018.04.05-03.52.15:950][  0]LogAIModule: Creating AISystem for world StartupMap
[2018.04.05-03.52.15:954][  0]LogEditorServer: Finished looking for orphan Actors (0.000 secs)
[2018.04.05-03.52.15:961][  0]Cmd: MAP CHECKDEP NOCLEARLOG
[2018.04.05-03.52.15:993][  0]MapCheck: Map check complete: 0 Error(s), 0 Warning(s), took 31.558ms to complete.
[2018.04.05-03.52.15:993][  0]LogFileHelpers: Loading map 'StartupMap' took 0.141
[2018.04.05-03.52.16:193][  0]LogCollectionManager: Loaded 0 collections in 0.001899 seconds
[2018.04.05-03.52.16:276][  0]LogFileCache: Scanning file cache for directory 'C:/Users/GameDevClub/Documents/GitHub/SushiShop/SushiShop/Saved/Collections/' took 0.01s
[2018.04.05-03.52.16:276][  0]LogFileCache: Scanning file cache for directory 'C:/Users/GameDevClub/Documents/GitHub/SushiShop/SushiShop/Content/Developers/GameDevClub/Collections/' took 0.01s
[2018.04.05-03.52.16:276][  0]LogFileCache: Scanning file cache for directory 'C:/Users/GameDevClub/Documents/GitHub/SushiShop/SushiShop/Content/Collections/' took 0.01s
[2018.04.05-03.52.16:276][  0]LogCollectionManager: Rebuilt the GUID cache for 0 collections in 0.000000 seconds
[2018.04.05-03.52.16:281][  0]LogContentBrowser: Native class hierarchy populated in 0.0057 seconds. Added 2364 classes and 521 folders.
[2018.04.05-03.52.16:328][  0]LogContentBrowser: Native class hierarchy updated for 'WidgetCarousel' in 0.0001 seconds. Added 0 classes and 0 folders.
[2018.04.05-03.52.16:355][  0]LogContentBrowser: Native class hierarchy updated for 'AddContentDialog' in 0.0001 seconds. Added 0 classes and 0 folders.
[2018.04.05-03.52.16:394][  0]LogSlate: Took 0.000129 seconds to synchronously load lazily loaded font '../../../Engine/Content/Slate/Fonts/Roboto-Regular.ttf' (155K)
[2018.04.05-03.52.16:398][  0]LogSlate: Took 0.000143 seconds to synchronously load lazily loaded font '../../../Engine/Content/Slate/Fonts/Roboto-Bold.ttf' (160K)
[2018.04.05-03.52.16:463][  0]LogRenderer: Reallocating scene render targets to support 916x504 Format 26 NumSamples 1 (Frame:1).
[2018.04.05-03.52.16:568][  0]LogContentBrowser: Native class hierarchy updated for 'HierarchicalLODOutliner' in 0.0002 seconds. Added 1 classes and 2 folders.
[2018.04.05-03.52.16:568][  0]LogLoad: (Engine Initialization) Total time: 12.49 seconds
[2018.04.05-03.52.16:568][  0]LogLoad: (Engine Initialization) Total Blueprint compile time: 0.00 seconds
[2018.04.05-03.52.16:568][  0]LogExternalProfiler: No external profilers were discovered.  External profiling features will not be available.
[2018.04.05-03.52.16:578][  0]LogWindowsTextInputMethodSystem: Display: IME system now deactivated.
[2018.04.05-03.52.16:583][  0]LogOcInput: OculusInput is initialized
[2018.04.05-03.52.16:601][  0]LogContentStreaming: Texture pool size now 1000 MB
[2018.04.05-03.52.16:636][  1]LogAssetRegistry: Asset discovery search completed in 7.5733 seconds
[2018.04.05-03.52.16:638][  1]LogCollectionManager: Rebuilt the object cache for 0 collections in 0.000000 seconds (found 0 objects)
[2018.04.05-03.52.16:638][  1]LogCollectionManager: Fixed up redirectors for 0 collections in 0.000082 seconds (updated 0 objects)
[2018.04.05-03.52.17:606][114]LogSlate: Took 0.000164 seconds to synchronously load lazily loaded font '../../../Engine/Content/Slate/Fonts/Roboto-Light.ttf' (159K)
[2018.04.05-03.53.02:090][421]LogSlate: Took 0.000099 seconds to synchronously load lazily loaded font '../../../Engine/Content/Slate/Fonts/Roboto-Light.ttf' (159K)
[2018.04.05-03.53.02:312][421]LogContentBrowser: Native class hierarchy updated for 'BlueprintGraph' in 0.0004 seconds. Added 116 classes and 0 folders.
[2018.04.05-03.53.02:770][421]LogSlate: Took 0.000140 seconds to synchronously load lazily loaded font '../../../Engine/Content/Editor/Slate/Fonts/FontAwesome.ttf' (139K)
[2018.04.05-03.53.17:397][125]LogSlate: Took 0.000112 seconds to synchronously load lazily loaded font '../../../Engine/Content/Slate/Fonts/Roboto-Light.ttf' (159K)
[2018.04.05-03.53.21:172][488]LogAIModule: Creating AISystem for world Shop_Main_1
[2018.04.05-03.53.21:223][488]Cmd: MAP LOAD FILE="../../../../../../Users/GameDevClub/Documents/GitHub/SushiShop/SushiShop/Content/SushiShop/Levels/Shop_Main_1.umap" TEMPLATE=0 SHOWPROGRESS=1 FEATURELEVEL=3
[2018.04.05-03.53.21:223][488]LightingResults: New page: Lighting Build
[2018.04.05-03.53.21:224][488]LoadErrors: New page: Loading map: Shop_Main_1.umap
[2018.04.05-03.53.21:224][488]MapCheck: New page: Map Check
[2018.04.05-03.53.21:224][488]LightingResults: New page: Lighting Build
[2018.04.05-03.53.21:288][488]LogEditorServer: Finished looking for orphan Actors (0.000 secs)
[2018.04.05-03.53.21:329][488]Cmd: MAP CHECKDEP NOCLEARLOG
[2018.04.05-03.53.21:379][488]MapCheck: Map check complete: 0 Error(s), 0 Warning(s), took 49.22ms to complete.
[2018.04.05-03.53.21:379][488]LogFileHelpers: Loading map 'Shop_Main_1' took 0.156
[2018.04.05-03.53.22:174][575]LogEditorViewport: Clicking on Actor (LMB): BP_Boat_C (BP_Boat)
[2018.04.05-03.53.24:142][801]LogSlate: Took 0.000128 seconds to synchronously load lazily loaded font '../../../Engine/Content/Editor/Slate/Fonts/Roboto-Italic.ttf' (157K)
[2018.04.05-03.53.25:058][907]LogSlate: Took 0.000125 seconds to synchronously load lazily loaded font '../../../Engine/Content/Editor/Slate/Fonts/Roboto-BoldCondensed.ttf' (158K)
[2018.04.05-03.53.25:684][968]LogRenderer: Reallocating scene render targets to support 952x568 Format 26 NumSamples 1 (Frame:1).
[2018.04.05-03.53.29:401][399]LogEditorViewport: Clicking on Actor (LMB): StaticMeshActor (SushiBar_2-26_Water)
[2018.04.05-03.53.31:218][608]LogEditorViewport: Clicking on Actor (LMB): BP_Boat_C (BP_Boat)
[2018.04.05-03.53.37:177][302]Cmd: EDIT COPY
[2018.04.05-03.53.37:817][377]Cmd: EDIT PASTE
[2018.04.05-03.53.37:831][377]LogWindows: Windows GetLastError: The operation completed successfully. (0)
[2018.04.05-03.53.38:100][377]LogWindows: Error: === Critical error: ===
[2018.04.05-03.53.38:100][377]LogWindows: Error: 
[2018.04.05-03.53.38:100][377]LogWindows: Error: Assertion failed: Index>=0 && Index + Count <= Num() [File:D:\Build\++UE4+Release-4.18+Compile\Sync\Engine\Source\Runtime\CoreUObject\Public\UObject/UnrealType.h] [Line: 2827] 
[2018.04.05-03.53.38:100][377]LogWindows: Error: 
[2018.04.05-03.53.38:100][377]LogWindows: Error: 
[2018.04.05-03.53.38:100][377]LogWindows: Error: 
[2018.04.05-03.53.38:100][377]LogWindows: Error: [Callstack] 0x0000000011A54008 KERNELBASE.dll!UnknownFunction []
[2018.04.05-03.53.38:100][377]LogWindows: Error: [Callstack] 0x00000000F6F276D4 UE4Editor-ApplicationCore.dll!UnknownFunction []
[2018.04.05-03.53.38:100][377]LogWindows: Error: [Callstack] 0x00000000DC9F330B UE4Editor-Core.dll!UnknownFunction []
[2018.04.05-03.53.38:100][377]LogWindows: Error: [Callstack] 0x00000000DC9847F9 UE4Editor-Core.dll!UnknownFunction []
[2018.04.05-03.53.38:100][377]LogWindows: Error: [Callstack] 0x00000000DC46E93F UE4Editor-CoreUObject.dll!UnknownFunction []
[2018.04.05-03.53.38:100][377]LogWindows: Error: [Callstack] 0x00000000DC458804 UE4Editor-CoreUObject.dll!UnknownFunction []
[2018.04.05-03.53.38:100][377]LogWindows: Error: [Callstack] 0x00000000D8499436 UE4Editor-UnrealEd.dll!UnknownFunction []
[2018.04.05-03.53.38:100][377]LogWindows: Error: [Callstack] 0x00000000D8497C6B UE4Editor-UnrealEd.dll!UnknownFunction []
[2018.04.05-03.53.38:100][377]LogWindows: Error: [Callstack] 0x00000000D8497E4B UE4Editor-UnrealEd.dll!UnknownFunction []
[2018.04.05-03.53.38:100][377]LogWindows: Error: [Callstack] 0x00000000D8498AC5 UE4Editor-UnrealEd.dll!UnknownFunction []
[2018.04.05-03.53.38:100][377]LogWindows: Error: [Callstack] 0x00000000D8497C6B UE4Editor-UnrealEd.dll!UnknownFunction []
[2018.04.05-03.53.38:100][377]LogWindows: Error: [Callstack] 0x00000000D8497E4B UE4Editor-UnrealEd.dll!UnknownFunction []
[2018.04.05-03.53.38:100][377]LogWindows: Error: [Callstack] 0x00000000D85703EF UE4Editor-UnrealEd.dll!UnknownFunction []
[2018.04.05-03.53.38:100][377]LogWindows: Error: [Callstack] 0x00000000D83E6318 UE4Editor-UnrealEd.dll!UnknownFunction []
[2018.04.05-03.53.38:100][377]LogWindows: Error: [Callstack] 0x00000000D84AAA3F UE4Editor-UnrealEd.dll!UnknownFunction []
[2018.04.05-03.53.38:100][377]LogWindows: Error: [Callstack] 0x00000000D8D12E61 UE4Editor-UnrealEd.dll!UnknownFunction []
[2018.04.05-03.53.38:100][377]LogWindows: Error: [Callstack] 0x00000000D8D0BCA9 UE4Editor-UnrealEd.dll!UnknownFunction []
[2018.04.05-03.53.38:100][377]LogWindows: Error: [Callstack] 0x00000000D2AF7805 UE4Editor-LevelEditor.dll!UnknownFunction []
[2018.04.05-03.53.38:100][377]LogWindows: Error: [Callstack] 0x00000000D2AF8E7E UE4Editor-LevelEditor.dll!UnknownFunction []
[2018.04.05-03.53.38:100][377]LogWindows: Error: [Callstack] 0x00000000DE399636 UE4Editor-Slate.dll!UnknownFunction []
[2018.04.05-03.53.38:100][377]LogWindows: Error: [Callstack] 0x00000000DE3D83A0 UE4Editor-Slate.dll!UnknownFunction []
[2018.04.05-03.53.38:100][377]LogWindows: Error: [Callstack] 0x00000000D2C24FAD UE4Editor-LevelEditor.dll!UnknownFunction []
[2018.04.05-03.53.38:100][377]LogWindows: Error: [Callstack] 0x00000000DE3863A1 UE4Editor-Slate.dll!UnknownFunction []
[2018.04.05-03.53.38:100][377]LogWindows: Error: [Callstack] 0x00000000DE35700E UE4Editor-Slate.dll!UnknownFunction []
[2018.04.05-03.53.38:100][377]LogWindows: Error: [Callstack] 0x00000000DE358C16 UE4Editor-Slate.dll!UnknownFunction []
[2018.04.05-03.53.38:100][377]LogWindows: Error: [Callstack] 0x00000000DE3D988C UE4Editor-Slate.dll!UnknownFunction []
[2018.04.05-03.53.38:100][377]LogWindows: Error: [Callstack] 0x00000000DE3CBEE8 UE4Editor-Slate.dll!UnknownFunction []
[2018.04.05-03.53.38:100][377]LogWindows: Error: [Callstack] 0x00000000F6F1E28A UE4Editor-ApplicationCore.dll!UnknownFunction []
[2018.04.05-03.53.38:100][377]LogWindows: Error: [Callstack] 0x00000000F6F11A48 UE4Editor-ApplicationCore.dll!UnknownFunction []
[2018.04.05-03.53.38:100][377]LogWindows: Error: [Callstack] 0x00000000F6F203EC UE4Editor-ApplicationCore.dll!UnknownFunction []
[2018.04.05-03.53.38:100][377]LogWindows: Error: [Callstack] 0x00000000F6F0D5A9 UE4Editor-ApplicationCore.dll!UnknownFunction []
[2018.04.05-03.53.38:100][377]LogWindows: Error: [Callstack] 0x00000000148EB85D USER32.dll!UnknownFunction []
[2018.04.05-03.53.38:100][377]LogWindows: Error: [Callstack] 0x00000000148EB1EF USER32.dll!UnknownFunction []
[2018.04.05-03.53.38:100][377]LogWindows: Error: [Callstack] 0x00000000F6F21516 UE4Editor-ApplicationCore.dll!UnknownFunction []
[2018.04.05-03.53.38:100][377]LogWindows: Error: [Callstack] 0x00000000C65E50C8 UE4Editor.exe!UnknownFunction []
[2018.04.05-03.53.38:100][377]LogWindows: Error: [Callstack] 0x00000000C65F5430 UE4Editor.exe!UnknownFunction []
[2018.04.05-03.53.38:100][377]LogWindows: Error: [Callstack] 0x00000000C65F54AA UE4Editor.exe!UnknownFunction []
[2018.04.05-03.53.38:100][377]LogWindows: Error: [Callstack] 0x00000000C6602379 UE4Editor.exe!UnknownFunction []
[2018.04.05-03.53.38:100][377]LogWindows: Error: [Callstack] 0x00000000C6603D57 UE4Editor.exe!UnknownFunction []
[2018.04.05-03.53.38:100][377]LogWindows: Error: [Callstack] 0x0000000012A91FE4 KERNEL32.DLL!UnknownFunction []
[2018.04.05-03.53.38:100][377]LogWindows: Error: [Callstack] 0x000000001555EFC1 ntdll.dll!UnknownFunction []
[2018.04.05-03.53.38:100][377]LogWindows: Error: [Callstack] 0x000000001555EFC1 ntdll.dll!UnknownFunction []
[2018.04.05-03.53.38:100][377]LogWindows: Error: 
[2018.04.05-03.53.38:106][377]LogExit: Executing StaticShutdownAfterError
[2018.04.05-03.53.38:108][377]LogWindows: FPlatformMisc::RequestExit(1)
[2018.04.05-03.53.38:108][377]Log file closed, 04/04/18 20:53:38
