Log file open, 03/06/18 23:17:34
LogWindows: Failed to load 'aqProf.dll' (GetLastError=126)
LogWindows: File 'aqProf.dll' does not exist
LogWindows: Failed to load 'VSPerf140.dll' (GetLastError=126)
LogWindows: File 'VSPerf140.dll' does not exist
LogWindows: Failed to load 'VtuneApi.dll' (GetLastError=126)
LogWindows: File 'VtuneApi.dll' does not exist
LogWindows: Failed to load 'VtuneApi32e.dll' (GetLastError=126)
LogWindows: File 'VtuneApi32e.dll' does not exist
LogInit: Display: Running engine for game: SushiShop
LogPlatformFile: Not using cached read wrapper
LogInit: Display: RandInit(-657162021) SRandInit(-657162021).
LogTaskGraph: Started task graph with 5 named threads and 14 total threads with 3 sets of task threads.
LogStats: Stats thread started at 0.196157
LogD3D11RHI: Aftermath initialized
LogModuleManager: Display: Found up-to-date module file ../../../Engine/Plugins/2D/Paper2D/Binaries/Win64/UE4Editor-Paper2D.dll (API version 3709383).
LogModuleManager: Display: Found up-to-date module file ../../../Engine/Plugins/2D/Paper2D/Binaries/Win64/UE4Editor-Paper2DEditor.dll (API version 3709383).
LogModuleManager: Display: Found up-to-date module file ../../../Engine/Plugins/2D/Paper2D/Binaries/Win64/UE4Editor-PaperSpriteSheetImporter.dll (API version 3709383).
LogModuleManager: Display: Found up-to-date module file ../../../Engine/Plugins/2D/Paper2D/Binaries/Win64/UE4Editor-PaperTiledImporter.dll (API version 3709383).
LogModuleManager: Display: Found up-to-date module file ../../../Engine/Plugins/2D/Paper2D/Binaries/Win64/UE4Editor-SmartSnapping.dll (API version 3709383).
LogModuleManager: Display: Found up-to-date module file ../../../Engine/Plugins/Blendables/LightPropagationVolume/Binaries/Win64/UE4Editor-LightPropagationVolumeRuntime.dll (API version 3709383).
LogModuleManager: Display: Found up-to-date module file ../../../Engine/Plugins/Blendables/LightPropagationVolume/Binaries/Win64/UE4Editor-LightPropagationVolumeEditor.dll (API version 3709383).
LogModuleManager: Display: Found up-to-date module file ../../../Engine/Plugins/Developer/GitSourceControl/Binaries/Win64/UE4Editor-GitSourceControl.dll (API version 3709383).
LogModuleManager: Display: Found up-to-date module file ../../../Engine/Plugins/Developer/PerforceSourceControl/Binaries/Win64/UE4Editor-PerforceSourceControl.dll (API version 3709383).
LogModuleManager: Display: Found up-to-date module file ../../../Engine/Plugins/Developer/SubversionSourceControl/Binaries/Win64/UE4Editor-SubversionSourceControl.dll (API version 3709383).
LogModuleManager: Display: Found up-to-date module file ../../../Engine/Plugins/Developer/UObjectPlugin/Binaries/Win64/UE4Editor-UObjectPlugin.dll (API version 3709383).
LogModuleManager: Display: Found up-to-date module file ../../../Engine/Plugins/Developer/VisualStudioCodeSourceCodeAccess/Binaries/Win64/UE4Editor-VisualStudioCodeSourceCodeAccess.dll (API version 3709383).
LogModuleManager: Display: Found up-to-date module file ../../../Engine/Plugins/Developer/VisualStudioSourceCodeAccess/Binaries/Win64/UE4Editor-VisualStudioSourceCodeAccess.dll (API version 3709383).
LogModuleManager: Display: Found up-to-date module file ../../../Engine/Plugins/Editor/AssetManagerEditor/Binaries/Win64/UE4Editor-AssetManagerEditor.dll (API version 3709383).
LogModuleManager: Display: Found up-to-date module file ../../../Engine/Plugins/Editor/AudioCapture/Binaries/Win64/UE4Editor-AudioCapture.dll (API version 3709383).
LogModuleManager: Display: Found up-to-date module file ../../../Engine/Plugins/Editor/FacialAnimation/Binaries/Win64/UE4Editor-FacialAnimation.dll (API version 3709383).
LogModuleManager: Display: Found up-to-date module file ../../../Engine/Plugins/Editor/FacialAnimation/Binaries/Win64/UE4Editor-FacialAnimationEditor.dll (API version 3709383).
LogModuleManager: Display: Found up-to-date module file ../../../Engine/Plugins/Editor/GameplayTagsEditor/Binaries/Win64/UE4Editor-GameplayTagsEditor.dll (API version 3709383).
LogModuleManager: Display: Found up-to-date module file ../../../Engine/Plugins/Editor/MobileLauncherProfileWizard/Binaries/Win64/UE4Editor-MobileLauncherProfileWizard.dll (API version 3709383).
LogModuleManager: Display: Found up-to-date module file ../../../Engine/Plugins/Editor/PluginBrowser/Binaries/Win64/UE4Editor-PluginBrowser.dll (API version 3709383).
LogModuleManager: Display: Found up-to-date module file ../../../Engine/Plugins/Editor/SpeedTreeImporter/Binaries/Win64/UE4Editor-SpeedTreeImporter.dll (API version 3709383).
LogModuleManager: Display: Found up-to-date module file ../../../Engine/Plugins/Experimental/AlembicImporter/Binaries/Win64/UE4Editor-AlembicImporter.dll (API version 3709383).
LogModuleManager: Display: Found up-to-date module file ../../../Engine/Plugins/Experimental/AlembicImporter/Binaries/Win64/UE4Editor-AlembicLibrary.dll (API version 3709383).
LogModuleManager: Display: Found up-to-date module file ../../../Engine/Plugins/Experimental/CharacterAI/Binaries/Win64/UE4Editor-CharacterAI.dll (API version 3709383).
LogModuleManager: Display: Found up-to-date module file ../../../Engine/Plugins/Experimental/HTML5Networking/Binaries/Win64/UE4Editor-HTML5Networking.dll (API version 3709383).
LogModuleManager: Display: Found up-to-date module file ../../../Engine/Plugins/Media/AndroidMedia/Binaries/Win64/UE4Editor-AndroidMediaEditor.dll (API version 3709383).
LogModuleManager: Display: Found up-to-date module file ../../../Engine/Plugins/Media/AndroidMedia/Binaries/Win64/UE4Editor-AndroidMediaFactory.dll (API version 3709383).
LogModuleManager: Display: Found up-to-date module file ../../../Engine/Plugins/Media/AvfMedia/Binaries/Win64/UE4Editor-AvfMediaEditor.dll (API version 3709383).
LogModuleManager: Display: Found up-to-date module file ../../../Engine/Plugins/Media/AvfMedia/Binaries/Win64/UE4Editor-AvfMediaFactory.dll (API version 3709383).
LogModuleManager: Display: Found up-to-date module file ../../../Engine/Plugins/Media/AvfMedia/Binaries/Win64/UE4Editor-AvfMediaFactory.dll (API version 3709383).
LogModuleManager: Display: Found up-to-date module file ../../../Engine/Plugins/Media/ImgMedia/Binaries/Win64/UE4Editor-ImgMedia.dll (API version 3709383).
LogModuleManager: Display: Found up-to-date module file ../../../Engine/Plugins/Media/ImgMedia/Binaries/Win64/UE4Editor-ImgMediaEditor.dll (API version 3709383).
LogModuleManager: Display: Found up-to-date module file ../../../Engine/Plugins/Media/ImgMedia/Binaries/Win64/UE4Editor-ImgMediaFactory.dll (API version 3709383).
LogModuleManager: Display: Found up-to-date module file ../../../Engine/Plugins/Media/ImgMedia/Binaries/Win64/UE4Editor-ImgMediaFactory.dll (API version 3709383).
LogModuleManager: Display: Found up-to-date module file ../../../Engine/Plugins/Media/ImgMedia/Binaries/Win64/UE4Editor-OpenExrWrapper.dll (API version 3709383).
LogModuleManager: Display: Found up-to-date module file ../../../Engine/Plugins/Media/MediaCompositing/Binaries/Win64/UE4Editor-MediaCompositing.dll (API version 3709383).
LogModuleManager: Display: Found up-to-date module file ../../../Engine/Plugins/Media/MediaCompositing/Binaries/Win64/UE4Editor-MediaCompositingEditor.dll (API version 3709383).
LogModuleManager: Display: Found up-to-date module file ../../../Engine/Plugins/Media/MediaPlayerEditor/Binaries/Win64/UE4Editor-MediaPlayerEditor.dll (API version 3709383).
LogModuleManager: Display: Found up-to-date module file ../../../Engine/Plugins/Media/WmfMedia/Binaries/Win64/UE4Editor-WmfMedia.dll (API version 3709383).
LogModuleManager: Display: Found up-to-date module file ../../../Engine/Plugins/Media/WmfMedia/Binaries/Win64/UE4Editor-WmfMediaEditor.dll (API version 3709383).
LogModuleManager: Display: Found up-to-date module file ../../../Engine/Plugins/Media/WmfMedia/Binaries/Win64/UE4Editor-WmfMediaFactory.dll (API version 3709383).
LogModuleManager: Display: Found up-to-date module file ../../../Engine/Plugins/Media/WmfMedia/Binaries/Win64/UE4Editor-WmfMediaFactory.dll (API version 3709383).
LogModuleManager: Display: Found up-to-date module file ../../../Engine/Plugins/Messaging/TcpMessaging/Binaries/Win64/UE4Editor-TcpMessaging.dll (API version 3709383).
LogModuleManager: Display: Found up-to-date module file ../../../Engine/Plugins/Messaging/UdpMessaging/Binaries/Win64/UE4Editor-UdpMessaging.dll (API version 3709383).
LogModuleManager: Display: Found up-to-date module file ../../../Engine/Plugins/MovieScene/ActorSequence/Binaries/Win64/UE4Editor-ActorSequence.dll (API version 3709383).
LogModuleManager: Display: Found up-to-date module file ../../../Engine/Plugins/MovieScene/LevelSequenceEditor/Binaries/Win64/UE4Editor-LevelSequenceEditor.dll (API version 3709383).
LogModuleManager: Display: Found up-to-date module file ../../../Engine/Plugins/MovieScene/MatineeToLevelSequence/Binaries/Win64/UE4Editor-MatineeToLevelSequence.dll (API version 3709383).
LogModuleManager: Display: Found up-to-date module file ../../../Engine/Plugins/Online/OnlineSubsystem/Binaries/Win64/UE4Editor-OnlineSubsystem.dll (API version 3709383).
LogModuleManager: Display: Found up-to-date module file ../../../Engine/Plugins/Runtime/AndroidPermission/Binaries/Win64/UE4Editor-AndroidPermission.dll (API version 3709383).
LogModuleManager: Display: Found up-to-date module file ../../../Engine/Plugins/Online/OnlineSubsystemNull/Binaries/Win64/UE4Editor-OnlineSubsystemNull.dll (API version 3709383).
LogModuleManager: Display: Found up-to-date module file ../../../Engine/Plugins/Online/OnlineSubsystemUtils/Binaries/Win64/UE4Editor-OnlineSubsystemUtils.dll (API version 3709383).
LogModuleManager: Display: Found up-to-date module file ../../../Engine/Plugins/Online/OnlineSubsystemUtils/Binaries/Win64/UE4Editor-OnlineBlueprintSupport.dll (API version 3709383).
LogModuleManager: Display: Found up-to-date module file ../../../Engine/Plugins/Runtime/AndroidDeviceProfileSelector/Binaries/Win64/UE4Editor-AndroidDeviceProfileSelector.dll (API version 3709383).
LogModuleManager: Display: Found up-to-date module file ../../../Engine/Plugins/Runtime/AppleARKit/Binaries/Win64/UE4Editor-AppleARKit.dll (API version 3709383).
LogModuleManager: Display: Found up-to-date module file ../../../Engine/Plugins/Runtime/ArchVisCharacter/Binaries/Win64/UE4Editor-ArchVisCharacter.dll (API version 3709383).
LogModuleManager: Display: Found up-to-date module file ../../../Engine/Plugins/Runtime/CableComponent/Binaries/Win64/UE4Editor-CableComponent.dll (API version 3709383).
LogModuleManager: Display: Found up-to-date module file ../../../Engine/Plugins/Runtime/CustomMeshComponent/Binaries/Win64/UE4Editor-CustomMeshComponent.dll (API version 3709383).
LogModuleManager: Display: Found up-to-date module file ../../../Engine/Plugins/Runtime/ExampleDeviceProfileSelector/Binaries/Win64/UE4Editor-ExampleDeviceProfileSelector.dll (API version 3709383).
LogModuleManager: Display: Found up-to-date module file ../../../Engine/Plugins/Runtime/ImmediatePhysics/Binaries/Win64/UE4Editor-ImmediatePhysics.dll (API version 3709383).
LogModuleManager: Display: Found up-to-date module file ../../../Engine/Plugins/Runtime/ImmediatePhysics/Binaries/Win64/UE4Editor-ImmediatePhysicsEditor.dll (API version 3709383).
LogModuleManager: Display: Found up-to-date module file ../../../Engine/Plugins/Runtime/LocationServicesBPLibrary/Binaries/Win64/UE4Editor-LocationServicesBPLibrary.dll (API version 3709383).
LogModuleManager: Display: Found up-to-date module file ../../../Engine/Plugins/Runtime/MobilePatchingUtils/Binaries/Win64/UE4Editor-MobilePatchingUtils.dll (API version 3709383).
LogModuleManager: Display: Found up-to-date module file ../../../Engine/Plugins/Runtime/Oculus/OculusVR/Binaries/Win64/UE4Editor-OculusHMD.dll (API version 3709383).
LogModuleManager: Display: Found up-to-date module file ../../../Engine/Plugins/Runtime/Oculus/OculusVR/Binaries/Win64/UE4Editor-OculusInput.dll (API version 3709383).
LogModuleManager: Display: Found up-to-date module file ../../../Engine/Plugins/Runtime/Oculus/OculusVR/Binaries/Win64/UE4Editor-OculusEditor.dll (API version 3709383).
LogModuleManager: Display: Found up-to-date module file ../../../Engine/Plugins/Runtime/PhysXVehicles/Binaries/Win64/UE4Editor-PhysXVehicles.dll (API version 3709383).
LogModuleManager: Display: Found up-to-date module file ../../../Engine/Plugins/Runtime/PhysXVehicles/Binaries/Win64/UE4Editor-PhysXVehiclesEditor.dll (API version 3709383).
LogModuleManager: Display: Found up-to-date module file ../../../Engine/Plugins/Runtime/ProceduralMeshComponent/Binaries/Win64/UE4Editor-ProceduralMeshComponent.dll (API version 3709383).
LogModuleManager: Display: Found up-to-date module file ../../../Engine/Plugins/Runtime/ProceduralMeshComponent/Binaries/Win64/UE4Editor-ProceduralMeshComponentEditor.dll (API version 3709383).
LogModuleManager: Display: Found up-to-date module file ../../../Engine/Plugins/Runtime/RuntimePhysXCooking/Binaries/Win64/UE4Editor-RuntimePhysXCooking.dll (API version 3709383).
LogModuleManager: Display: Found up-to-date module file ../../../Engine/Plugins/Runtime/Steam/SteamVR/Binaries/Win64/UE4Editor-SteamVR.dll (API version 3709383).
LogModuleManager: Display: Found up-to-date module file ../../../Engine/Plugins/Runtime/Steam/SteamVR/Binaries/Win64/UE4Editor-SteamVRController.dll (API version 3709383).
LogModuleManager: Display: Found up-to-date module file ../../../Engine/Plugins/Runtime/WindowsMoviePlayer/Binaries/Win64/UE4Editor-WindowsMoviePlayer.dll (API version 3709383).
LogPluginManager: Mounting plugin Paper2D
LogPluginManager: Mounting plugin LightPropagationVolume
LogPluginManager: Mounting plugin CodeLiteSourceCodeAccess
LogPluginManager: Mounting plugin GitSourceControl
LogPluginManager: Mounting plugin KDevelopSourceCodeAccess
LogPluginManager: Mounting plugin NullSourceCodeAccess
LogPluginManager: Mounting plugin PerforceSourceControl
LogPluginManager: Mounting plugin SubversionSourceControl
LogPluginManager: Mounting plugin UObjectPlugin
LogPluginManager: Mounting plugin VisualStudioCodeSourceCodeAccess
LogPluginManager: Mounting plugin VisualStudioSourceCodeAccess
LogPluginManager: Mounting plugin XCodeSourceCodeAccess
LogPluginManager: Mounting plugin AssetManagerEditor
LogPluginManager: Mounting plugin AudioCapture
LogPluginManager: Mounting plugin FacialAnimation
LogPluginManager: Mounting plugin GameplayTagsEditor
LogPluginManager: Mounting plugin MobileLauncherProfileWizard
LogPluginManager: Mounting plugin PluginBrowser
LogPluginManager: Mounting plugin SpeedTreeImporter
LogPluginManager: Mounting plugin AlembicImporter
LogPluginManager: Mounting plugin CharacterAI
LogPluginManager: Mounting plugin HTML5Networking
LogPluginManager: Mounting plugin AndroidMedia
LogPluginManager: Mounting plugin AvfMedia
LogPluginManager: Mounting plugin ImgMedia
LogPluginManager: Mounting plugin MediaCompositing
LogPluginManager: Mounting plugin MediaPlayerEditor
LogPluginManager: Mounting plugin WmfMedia
LogPluginManager: Mounting plugin TcpMessaging
LogPluginManager: Mounting plugin UdpMessaging
LogPluginManager: Mounting plugin ActorSequence
LogPluginManager: Mounting plugin LevelSequenceEditor
LogPluginManager: Mounting plugin MatineeToLevelSequence
LogPluginManager: Mounting plugin OnlineSubsystemGooglePlay
LogPluginManager: Mounting plugin OnlineSubsystemIOS
LogPluginManager: Mounting plugin OnlineSubsystem
LogPluginManager: Mounting plugin OnlineSubsystemNull
LogPluginManager: Mounting plugin OnlineSubsystemUtils
LogPluginManager: Mounting plugin AndroidDeviceProfileSelector
LogPluginManager: Mounting plugin AndroidMoviePlayer
LogPluginManager: Mounting plugin AndroidPermission
LogPluginManager: Mounting plugin AppleARKit
LogPluginManager: Mounting plugin AppleMoviePlayer
LogPluginManager: Mounting plugin ArchVisCharacter
LogPluginManager: Mounting plugin CableComponent
LogPluginManager: Mounting plugin CustomMeshComponent
LogPluginManager: Mounting plugin ExampleDeviceProfileSelector
LogPluginManager: Mounting plugin GoogleCloudMessaging
LogPluginManager: Mounting plugin ImmediatePhysics
LogPluginManager: Mounting plugin IOSDeviceProfileSelector
LogPluginManager: Mounting plugin LinuxDeviceProfileSelector
LogPluginManager: Mounting plugin LocationServicesBPLibrary
LogPluginManager: Mounting plugin MobilePatchingUtils
LogPluginManager: Mounting plugin OculusVR
LogPluginManager: Plugin shader directory ../../../Engine/Plugins/Runtime/Oculus/OculusVR/Shaders found
LogPluginManager: Mapping shader source directory ../../../Engine/Plugins/Runtime/Oculus/OculusVR/Shaders to virtual directory /Plugin/OculusVR
LogPluginManager: Mounting plugin PhysXVehicles
LogPluginManager: Mounting plugin ProceduralMeshComponent
LogPluginManager: Mounting plugin RuntimePhysXCooking
LogPluginManager: Mounting plugin SteamVR
LogPluginManager: Mounting plugin WindowsMoviePlayer
LogInit: Using libcurl 7.47.1
LogInit:  - built for x86_64-pc-win32
LogInit:  - supports SSL with OpenSSL/1.0.2g
LogInit:  - supports HTTP deflate (compression) using libz 1.2.8
LogInit:  - other features:
LogInit:      CURL_VERSION_SSL
LogInit:      CURL_VERSION_LIBZ
LogInit:      CURL_VERSION_IPV6
LogInit:      CURL_VERSION_ASYNCHDNS
LogInit:      CURL_VERSION_LARGEFILE
LogInit:      CURL_VERSION_IDN
LogInit:  CurlRequestOptions (configurable via config and command line):
LogInit:  - bVerifyPeer = false  - Libcurl will NOT verify peer certificate
LogInit:  - bUseHttpProxy = false  - Libcurl will NOT use HTTP proxy
LogInit:  - bDontReuseConnections = false  - Libcurl will reuse connections
LogInit:  - CertBundlePath = nullptr  - Libcurl will use whatever was configured at build time.
LogInit: Build: ++UE4+Release-4.18-CL-3832480
LogInit: Engine Version: 4.18.3-3832480+++UE4+Release-4.18
LogInit: Compatible Engine Version: 4.18.0-3709383+++UE4+Release-4.18
LogInit: Net CL: 3709383
LogDevObjectVersion: Number of dev versions registered: 16
LogDevObjectVersion:   Dev-Blueprints (B0D832E4-1F89-4F0D-ACCF-7EB736FD4AA2): 10
LogDevObjectVersion:   Dev-Build (E1C64328-A22C-4D53-A36C-8E866417BD8C): 0
LogDevObjectVersion:   Dev-Core (375EC13C-06E4-48FB-B500-84F0262A717E): 2
LogDevObjectVersion:   Dev-Editor (E4B068ED-F494-42E9-A231-DA0B2E46BB41): 20
LogDevObjectVersion:   Dev-Framework (CFFC743F-43B0-4480-9391-14DF171D2073): 30
LogDevObjectVersion:   Dev-Mobile (B02B49B5-BB20-44E9-A304-32B752E40360): 0
LogDevObjectVersion:   Dev-Networking (A4E4105C-59A1-49B5-A7C5-40C4547EDFEE): 0
LogDevObjectVersion:   Dev-Online (39C831C9-5AE6-47DC-9A44-9C173E1C8E7C): 0
LogDevObjectVersion:   Dev-Physics (78F01B33-EBEA-4F98-B9B4-84EACCB95AA2): 0
LogDevObjectVersion:   Dev-Platform (6631380F-2D4D-43E0-8009-CF276956A95A): 0
LogDevObjectVersion:   Dev-Rendering (12F88B9F-8875-4AFC-A67C-D90C383ABD29): 20
LogDevObjectVersion:   Dev-Sequencer (7B5AE74C-D270-4C10-A958-57980B212A5A): 4
LogDevObjectVersion:   Dev-VR (D7296918-1DD6-4BDD-9DE2-64A83CC13884): 0
LogDevObjectVersion:   Dev-LoadTimes (C2A15278-BFE7-4AFE-6C17-90FF531DF755): 1
LogDevObjectVersion:   Private-Geometry (6EACA3D4-40EC-4CC1-B786-8BED09428FC5): 1
LogDevObjectVersion:   Dev-AnimPhys (29E575DD-E0A3-4627-9D10-D276232CDCEA): 12
LogInit: Compiled (64-bit): Jan 12 2018 02:04:55
LogInit: Compiled with Visual C++: 19.00.24215.01
LogInit: Build Configuration: Development
LogInit: Branch Name: ++UE4+Release-4.18
LogInit: Command line: 
LogInit: Base directory: C:/Program Files/Epic Games/UE_4.18/Engine/Binaries/Win64/
LogInit: Installed Engine Build: 1
LogInit: Presizing for max 8388607 objects, including 0 objects not considered by GC, pre-allocating 0 bytes for permanent pool.
LogInit: Object subsystem initialized
[2018.03.07-07.17.35:279][  0]LogInit: Selected Device Profile: [Windows]
[2018.03.07-07.17.35:279][  0]LogInit: Applying CVar settings loaded from the selected device profile: [Windows]
[2018.03.07-07.17.35:291][  0]LogInit: Computer: DESKTOP-2QNA1SC
[2018.03.07-07.17.35:291][  0]LogInit: User: darkm
[2018.03.07-07.17.35:291][  0]LogInit: CPU Page size=4096, Cores=4
[2018.03.07-07.17.35:291][  0]LogInit: High frequency timer resolution =1.945316 MHz
[2018.03.07-07.17.35:291][  0]LogMemory: Memory total: Physical=15.9GB (16GB approx)
[2018.03.07-07.17.35:291][  0]LogMemory: Platform Memory Stats for Windows
[2018.03.07-07.17.35:291][  0]LogMemory: Process Physical Memory: 272.52 MB used, 272.52 MB peak
[2018.03.07-07.17.35:291][  0]LogMemory: Process Virtual Memory: 269.82 MB used, 269.82 MB peak
[2018.03.07-07.17.35:291][  0]LogMemory: Physical Memory: 6698.43 MB used,  9601.18 MB free, 16299.60 MB total
[2018.03.07-07.17.35:291][  0]LogMemory: Virtual Memory: 682.20 MB used,  9601.18 MB free, 134217728.00 MB total
[2018.03.07-07.17.35:430][  0]LogInit: Using OS detected language (en-US).
[2018.03.07-07.17.35:430][  0]LogInit: Using OS detected locale (en-US).
[2018.03.07-07.17.35:432][  0]LogTextLocalizationManager: No specific localization for 'en-US' exists, so the 'en' localization will be used.
[2018.03.07-07.17.35:827][  0]LogInit: Setting process to per monitor DPI aware
[2018.03.07-07.17.36:083][  0]LogD3D11RHI: D3D11 adapters:
[2018.03.07-07.17.36:096][  0]LogD3D11RHI:    0. 'Intel(R) UHD Graphics 620' (Feature Level 11_0)
[2018.03.07-07.17.36:096][  0]LogD3D11RHI:       128/0/8149 MB DedicatedVideo/DedicatedSystem/SharedSystem, Outputs:1, VendorId:0x8086
[2018.03.07-07.17.36:138][  0]LogD3D11RHI:    1. 'Radeon 500 Series' (Feature Level 11_0)
[2018.03.07-07.17.36:138][  0]LogD3D11RHI:       1995/0/8149 MB DedicatedVideo/DedicatedSystem/SharedSystem, Outputs:0, VendorId:0x1002
[2018.03.07-07.17.36:140][  0]LogD3D11RHI:    2. 'Microsoft Basic Render Driver' (Feature Level 11_0)
[2018.03.07-07.17.36:140][  0]LogD3D11RHI:       0/0/8149 MB DedicatedVideo/DedicatedSystem/SharedSystem, Outputs:0, VendorId:0x1414
[2018.03.07-07.17.36:140][  0]LogD3D11RHI: Chosen D3D11 Adapter: 1
[2018.03.07-07.17.36:148][  0]LogD3D11RHI: Creating new Direct3DDevice
[2018.03.07-07.17.36:148][  0]LogD3D11RHI:     GPU DeviceId: 0x699f (for the marketing name, search the web for "GPU Device Id")
[2018.03.07-07.17.36:148][  0]LogWindows: EnumDisplayDevices:
[2018.03.07-07.17.36:148][  0]LogWindows:    0. 'Intel(R) UHD Graphics 620' (P:1 D:1)
[2018.03.07-07.17.36:149][  0]LogWindows:    1. 'Intel(R) UHD Graphics 620' (P:0 D:0)
[2018.03.07-07.17.36:149][  0]LogWindows:    2. 'Intel(R) UHD Graphics 620' (P:0 D:0)
[2018.03.07-07.17.36:149][  0]LogWindows:    3. 'Radeon 500 Series' (P:0 D:0)
[2018.03.07-07.17.36:149][  0]LogWindows:    4. 'Radeon 500 Series' (P:0 D:0)
[2018.03.07-07.17.36:149][  0]LogWindows:    5. 'Radeon 500 Series' (P:0 D:0)
[2018.03.07-07.17.36:149][  0]LogWindows:    6. 'Radeon 500 Series' (P:0 D:0)
[2018.03.07-07.17.36:149][  0]LogWindows:    7. 'Radeon 500 Series' (P:0 D:0)
[2018.03.07-07.17.36:149][  0]LogWindows:    8. 'Radeon 500 Series' (P:0 D:0)
[2018.03.07-07.17.36:149][  0]LogWindows:    9. 'Radeon 500 Series' (P:0 D:0)
[2018.03.07-07.17.36:150][  0]LogWindows:    10. 'Radeon 500 Series' (P:0 D:0)
[2018.03.07-07.17.36:150][  0]LogWindows:    11. 'Radeon 500 Series' (P:0 D:0)
[2018.03.07-07.17.36:150][  0]LogWindows:    12. 'Radeon 500 Series' (P:0 D:0)
[2018.03.07-07.17.36:150][  0]LogWindows:    13. 'Radeon 500 Series' (P:0 D:0)
[2018.03.07-07.17.36:150][  0]LogWindows:    14. 'Radeon 500 Series' (P:0 D:0)
[2018.03.07-07.17.36:150][  0]LogWindows:    15. 'Radeon 500 Series' (P:0 D:0)
[2018.03.07-07.17.36:150][  0]LogWindows:    16. 'Radeon 500 Series' (P:0 D:0)
[2018.03.07-07.17.36:150][  0]LogWindows:    17. 'Radeon 500 Series' (P:0 D:0)
[2018.03.07-07.17.36:151][  0]LogWindows:    18. 'Radeon 500 Series' (P:0 D:0)
[2018.03.07-07.17.36:151][  0]LogWindows: DebugString: GetVideoDriverDetailsInvalid PrimaryIsNotTheChoosenAdapter GetVideoDriverDetailsInvalid PrimaryIsNotTheChoosenAdapter GetVideoDriverDetailsInvalid PrimaryIsNotTheChoosenAdapter GetVideoDriverDetailsInvalid PrimaryIsNotTheChoosenAdapter GetVideoDriverDetailsInvalid PrimaryIsNotTheChoosenAdapter GetVideoDriverDetailsInvalid PrimaryIsNotTheChoosenAdapter GetVideoDriverDetailsInvalid PrimaryIsNotTheChoosenAdapter GetVideoDriverDetailsInvalid PrimaryIsNotTheChoosenAdapter GetVideoDriverDetailsInvalid PrimaryIsNotTheChoosenAdapter GetVideoDriverDetailsInvalid PrimaryIsNotTheChoosenAdapter GetVideoDriverDetailsInvalid PrimaryIsNotTheChoosenAdapter GetVideoDriverDetailsInvalid PrimaryIsNotTheChoosenAdapter GetVideoDriverDetailsInvalid PrimaryIsNotTheChoosenAdapter GetVideoDriverDetailsInvalid PrimaryIsNotTheChoosenAdapter GetVideoDriverDetailsInvalid PrimaryIsNotTheChoosenAdapter GetVideoDriverDetailsInvalid PrimaryIsNotTheChoosenAdapter GetVideoDriverDetailsInvalid PrimaryIsNotTheChoosenAdapter GetVideoDriverDetailsInvalid PrimaryIsNotTheChoosenAdapter GetVideoDriverDetailsInvalid PrimaryIsNotTheChoosenAdapter FoundDriverCount:0 
[2018.03.07-07.17.36:151][  0]LogD3D11RHI:     Adapter Name: Radeon 500 Series
[2018.03.07-07.17.36:151][  0]LogD3D11RHI:   Driver Version: Unknown (internal:Unknown, unified:Unknown)
[2018.03.07-07.17.36:151][  0]LogD3D11RHI:      Driver Date: Unknown
[2018.03.07-07.17.36:151][  0]LogRHI: Texture pool is 1396 MB (70% of 1995 MB)
[2018.03.07-07.17.36:192][  0]LogD3D11RHI: Async texture creation enabled
[2018.03.07-07.17.36:205][  0]LogD3D11RHI: GPU Timing Frequency: 25.000000 (Debug: 2 1)
[2018.03.07-07.17.36:207][  0]LogShaderCompilers: Guid format shader working directory is -20 characters bigger than the processId version (../../../../../../Users/darkm/Documents/GitHub/SushiShop/SushiShop/Intermediate/Shaders/WorkingDirectory/4308/).
[2018.03.07-07.17.36:207][  0]LogShaderCompilers: Cleaned the shader compiler working directory 'C:/Users/darkm/AppData/Local/Temp/UnrealShaderWorkingDir/E65467F84279305A32AAD295C985BD70/'.
[2018.03.07-07.17.36:207][  0]LogShaderCompilers: Display: Using Local Shader Compiler.
[2018.03.07-07.17.37:084][  0]LogTemp: Display: Loaded TP AllDesktopTargetPlatform
[2018.03.07-07.17.37:137][  0]LogTemp: Display: Loaded TP MacClientTargetPlatform
[2018.03.07-07.17.37:190][  0]LogTemp: Display: Loaded TP MacNoEditorTargetPlatform
[2018.03.07-07.17.37:242][  0]LogTemp: Display: Loaded TP MacServerTargetPlatform
[2018.03.07-07.17.37:293][  0]LogTemp: Display: Loaded TP MacTargetPlatform
[2018.03.07-07.17.37:345][  0]LogTemp: Display: Loaded TP WindowsClientTargetPlatform
[2018.03.07-07.17.37:396][  0]LogTemp: Display: Loaded TP WindowsNoEditorTargetPlatform
[2018.03.07-07.17.37:449][  0]LogTemp: Display: Loaded TP WindowsServerTargetPlatform
[2018.03.07-07.17.37:495][  0]LogTemp: Display: Loaded TP WindowsTargetPlatform
[2018.03.07-07.17.37:545][  0]LogTemp: Display: Loaded TP AndroidTargetPlatform
[2018.03.07-07.17.37:596][  0]LogTemp: Display: Loaded TP Android_ASTCTargetPlatform
[2018.03.07-07.17.37:646][  0]LogTemp: Display: Loaded TP Android_ATCTargetPlatform
[2018.03.07-07.17.37:696][  0]LogTemp: Display: Loaded TP Android_DXTTargetPlatform
[2018.03.07-07.17.37:747][  0]LogTemp: Display: Loaded TP Android_ETC1TargetPlatform
[2018.03.07-07.17.37:797][  0]LogTemp: Display: Loaded TP Android_ETC2TargetPlatform
[2018.03.07-07.17.37:898][  0]LogTemp: Display: Loaded TP Android_MultiTargetPlatform
[2018.03.07-07.17.37:898][  0]LogTemp: Display: Loaded TP Android_PVRTCTargetPlatform
[2018.03.07-07.17.37:937][  0]LogTemp: Display: Loaded TP HTML5TargetPlatform
[2018.03.07-07.17.38:025][  0]LogTemp: Display: Loaded TP IOSTargetPlatform
[2018.03.07-07.17.38:051][  0]LogTemp: Display: Loaded TP TVOSTargetPlatform
[2018.03.07-07.17.38:101][  0]LogTemp: Display: Loaded TP LinuxClientTargetPlatform
[2018.03.07-07.17.38:150][  0]LogTemp: Display: Loaded TP LinuxNoEditorTargetPlatform
[2018.03.07-07.17.38:198][  0]LogTemp: Display: Loaded TP LinuxServerTargetPlatform
[2018.03.07-07.17.38:246][  0]LogTemp: Display: Loaded TP LinuxTargetPlatform
[2018.03.07-07.17.38:246][  0]LogTargetPlatformManager: Display: Building Assets For Windows
[2018.03.07-07.17.38:673][  0]LogDerivedDataCache: Display: Max Cache Size: 512 MB
[2018.03.07-07.17.38:747][  0]LogDerivedDataCache: Loaded boot cache 0.07s 96MB C:/Users/darkm/AppData/Local/UnrealEngine/4.18/DerivedDataCache/Boot.ddc.
[2018.03.07-07.17.38:747][  0]LogDerivedDataCache: Display: Loaded Boot cache: C:/Users/darkm/AppData/Local/UnrealEngine/4.18/DerivedDataCache/Boot.ddc
[2018.03.07-07.17.38:747][  0]LogDerivedDataCache: FDerivedDataBackendGraph:  Pak pak cache file ../../../../../../Users/darkm/Documents/GitHub/SushiShop/SushiShop/DerivedDataCache/DDC.ddp not found, will not use a pak cache.
[2018.03.07-07.17.38:747][  0]LogDerivedDataCache: Unable to find inner node Pak for hierarchical cache Hierarchy.
[2018.03.07-07.17.38:748][  0]LogDerivedDataCache: FDerivedDataBackendGraph:  CompressedPak pak cache file ../../../../../../Users/darkm/Documents/GitHub/SushiShop/SushiShop/DerivedDataCache/Compressed.ddp not found, will not use a pak cache.
[2018.03.07-07.17.38:748][  0]LogDerivedDataCache: Unable to find inner node CompressedPak for hierarchical cache Hierarchy.
[2018.03.07-07.17.38:762][  0]LogDerivedDataCache: Display: Pak cache opened for reading ../../../Engine/DerivedDataCache/Compressed.ddp.
[2018.03.07-07.17.38:774][  0]LogDerivedDataCache: Using Local data cache path C:/Users/darkm/AppData/Local/UnrealEngine/Common/DerivedDataCache: Writable
[2018.03.07-07.17.38:784][  0]LogMaterial: Verifying Global Shaders for PCD3D_SM5
[2018.03.07-07.17.38:785][  0]LogSlate: Using Freetype 2.6.0
[2018.03.07-07.17.38:785][  0]LogSlate: SlateFontCache - WITH_FREETYPE: 1, WITH_HARFBUZZ: 1
[2018.03.07-07.17.38:785][  0]LogSlate: SlateFontCache - WITH_FREETYPE: 1, WITH_HARFBUZZ: 1
[2018.03.07-07.17.39:118][  0]LogInit: Selected Device Profile: [Windows]
[2018.03.07-07.17.39:436][  0]LogSimplygon: Simplygon DLL not present - disabling.
[2018.03.07-07.17.39:476][  0]LogMeshReduction: Using SimplygonSwarm for distributed automatic mesh merging
[2018.03.07-07.17.39:476][  0]LogMeshReduction: Using QuadricMeshReduction for automatic static mesh reduction
[2018.03.07-07.17.39:476][  0]LogMeshReduction: No automatic skeletal mesh reduction module available
[2018.03.07-07.17.39:476][  0]LogMeshReduction: No automatic mesh merging module available
[2018.03.07-07.17.39:476][  0]LogMeshMerging: No automatic mesh merging module available
[2018.03.07-07.17.39:497][  0]LogNetVersion: SushiShop , NetCL: 3709383, EngineNetVer: 2, GameNetVer: 0 (Checksum: 2343829258)
[2018.03.07-07.17.39:665][  0]LogAssetRegistry: FAssetRegistry took 0.0258 seconds to start up
[2018.03.07-07.17.40:164][  0]LogPackageLocalizationCache: Processed 7 localized package path(s) for 2 prioritized culture(s) in 0.066169 seconds
[2018.03.07-07.17.40:169][  0]LogUObjectArray: 35870 objects as part of root set at end of initial load.
[2018.03.07-07.17.40:169][  0]LogUObjectAllocator: 7363696 out of 0 bytes used by permanent object pool.
[2018.03.07-07.17.40:169][  0]LogUObjectArray: CloseDisregardForGC: 0/0 objects in disregard for GC pool
[2018.03.07-07.17.40:221][  0]LogInit: WinSock: version 1.1 (2.2), MaxSocks=32767, MaxUdp=65467
[2018.03.07-07.17.42:809][  0]LogTcpMessaging: Initializing TcpMessaging bridge
[2018.03.07-07.17.42:843][  0]LogUdpMessaging: Initializing bridge on interface 0.0.0.0:0 to multicast group 230.0.0.1:6666.
[2018.03.07-07.17.43:429][  0]LogMaterial: Missing cached shader map for material BaseColor, compiling. 
[2018.03.07-07.17.43:430][  0]LogMaterial: Warning: C:\Program Files\Epic Games\UE_4.18\Engine\Content\BufferVisualization\BaseColor.uasset: Failed to compile Material for platform PCD3D_SM5, Default Material will be used in game.
[2018.03.07-07.17.43:430][  0]LogMaterial: 	(Node SceneTexture) GBuffer scene textures not available with forward shading.
[2018.03.07-07.17.43:450][  0]LogMaterial: Uniform references updated for custom material expression Custom.
[2018.03.07-07.17.43:460][  0]LogMaterial: Missing cached shader map for material LightingModel, compiling. 
[2018.03.07-07.17.43:461][  0]LogMaterial: Warning: C:\Program Files\Epic Games\UE_4.18\Engine\Content\BufferVisualization\LightingModel.uasset: Failed to compile Material for platform PCD3D_SM5, Default Material will be used in game.
[2018.03.07-07.17.43:461][  0]LogMaterial: 	(Node SceneTexture) GBuffer scene textures not available with forward shading.
[2018.03.07-07.17.43:464][  0]LogMaterial: Missing cached shader map for material MaterialAO, compiling. 
[2018.03.07-07.17.43:464][  0]LogMaterial: Warning: C:\Program Files\Epic Games\UE_4.18\Engine\Content\BufferVisualization\MaterialAO.uasset: Failed to compile Material for platform PCD3D_SM5, Default Material will be used in game.
[2018.03.07-07.17.43:464][  0]LogMaterial: 	(Node SceneTexture) GBuffer scene textures not available with forward shading.
[2018.03.07-07.17.43:467][  0]LogMaterial: Missing cached shader map for material Metallic, compiling. 
[2018.03.07-07.17.43:467][  0]LogMaterial: Warning: C:\Program Files\Epic Games\UE_4.18\Engine\Content\BufferVisualization\Metallic.uasset: Failed to compile Material for platform PCD3D_SM5, Default Material will be used in game.
[2018.03.07-07.17.43:467][  0]LogMaterial: 	(Node SceneTexture) GBuffer scene textures not available with forward shading.
[2018.03.07-07.17.43:469][  0]LogMaterial: Missing cached shader map for material Opacity, compiling. 
[2018.03.07-07.17.43:470][  0]LogMaterial: Warning: C:\Program Files\Epic Games\UE_4.18\Engine\Content\BufferVisualization\Opacity.uasset: Failed to compile Material for platform PCD3D_SM5, Default Material will be used in game.
[2018.03.07-07.17.43:470][  0]LogMaterial: 	(Node SceneTexture) GBuffer scene textures not available with forward shading.
[2018.03.07-07.17.43:472][  0]LogMaterial: Missing cached shader map for material Roughness, compiling. 
[2018.03.07-07.17.43:473][  0]LogMaterial: Warning: C:\Program Files\Epic Games\UE_4.18\Engine\Content\BufferVisualization\Roughness.uasset: Failed to compile Material for platform PCD3D_SM5, Default Material will be used in game.
[2018.03.07-07.17.43:473][  0]LogMaterial: 	(Node SceneTexture) GBuffer scene textures not available with forward shading.
[2018.03.07-07.17.43:489][  0]LogMaterial: Missing cached shader map for material Specular, compiling. 
[2018.03.07-07.17.43:490][  0]LogMaterial: Warning: C:\Program Files\Epic Games\UE_4.18\Engine\Content\BufferVisualization\Specular.uasset: Failed to compile Material for platform PCD3D_SM5, Default Material will be used in game.
[2018.03.07-07.17.43:490][  0]LogMaterial: 	(Node SceneTexture) GBuffer scene textures not available with forward shading.
[2018.03.07-07.17.43:492][  0]LogMaterial: Missing cached shader map for material SubsurfaceColor, compiling. 
[2018.03.07-07.17.43:493][  0]LogMaterial: Warning: C:\Program Files\Epic Games\UE_4.18\Engine\Content\BufferVisualization\SubsurfaceColor.uasset: Failed to compile Material for platform PCD3D_SM5, Default Material will be used in game.
[2018.03.07-07.17.43:493][  0]LogMaterial: 	(Node SceneTexture) GBuffer scene textures not available with forward shading.
[2018.03.07-07.17.43:495][  0]LogMaterial: Missing cached shader map for material WorldNormal, compiling. 
[2018.03.07-07.17.43:495][  0]LogMaterial: Warning: C:\Program Files\Epic Games\UE_4.18\Engine\Content\BufferVisualization\WorldNormal.uasset: Failed to compile Material for platform PCD3D_SM5, Default Material will be used in game.
[2018.03.07-07.17.43:496][  0]LogMaterial: 	(Node SceneTexture) GBuffer scene textures not available with forward shading.
[2018.03.07-07.17.43:840][  0]SourceControl: Source control is disabled
[2018.03.07-07.17.43:841][  0]SourceControl: Source control is disabled
[2018.03.07-07.17.43:887][  0]SourceControl: Source control is disabled
[2018.03.07-07.17.43:932][  0]SourceControl: Source control is disabled
[2018.03.07-07.17.44:656][  0]LogAndroidPermission: UAndroidPermissionCallbackProxy::GetInstance
[2018.03.07-07.17.44:894][  0]LogOcInput: OculusInput pre-init called
[2018.03.07-07.17.45:170][  0]LogEngine: Initializing Engine...
[2018.03.07-07.17.45:173][  0]LogHMD: Failed to initialize OpenVR with code 110
[2018.03.07-07.17.45:387][  0]LogStats: UGameplayTagsManager::ConstructGameplayTagTree: Construct from data asset -  0.000 s
[2018.03.07-07.17.45:387][  0]LogStats: UGameplayTagsManager::ConstructGameplayTagTree: GameplayTagTreeChangedEvent.Broadcast -  0.000 s
[2018.03.07-07.17.45:515][  0]LogAIModule: Creating AISystem for world Untitled
[2018.03.07-07.17.45:523][  0]LogInit: XAudio2 using 'Speakers (Realtek High Definition Audio(SST))' : 2 channels at 48 kHz using 32 bits per sample (channel mask 0x3)
[2018.03.07-07.17.45:539][  0]LogInit: FAudioDevice initialized.
[2018.03.07-07.17.45:627][  0]LogDerivedDataCache: Saved boot cache 0.09s 83MB C:/Users/darkm/AppData/Local/UnrealEngine/4.18/DerivedDataCache/Boot.ddc.
[2018.03.07-07.17.45:636][  0]LogInit: Texture streaming: Enabled
[2018.03.07-07.17.45:735][  0]LogEngineSessionManager: EngineSessionManager initialized
[2018.03.07-07.17.45:735][  0]LogEngineSessionManager: EngineSessionManager sent abnormal shutdown report. Type=Crashed, SessionId={422A3F9B-4E7D-BE4F-D6D7-7196BE41CF34}
[2018.03.07-07.17.45:869][  0]LogInit: Transaction tracking system initialized
[2018.03.07-07.17.46:186][  0]BlueprintLog: New page: Editor Load
[2018.03.07-07.17.47:065][  0]LocalizationService: Localization service is disabled
[2018.03.07-07.17.47:771][  0]LogConsoleResponse: Display: 
[2018.03.07-07.17.47:948][  0]LogCook: Display: Max memory allowance for cook 16384mb min free memory 0mb
[2018.03.07-07.17.47:948][  0]LogCook: Display: Mobile HDR setting 1
[2018.03.07-07.17.47:948][  0]LogGameplayTags: Display: UGameplayTagsManager::DoneAddingNativeTags. DelegateIsBound: 0
[2018.03.07-07.17.47:975][  0]LogFileCache: Scanning file cache for directory 'C:/Users/darkm/Documents/GitHub/SushiShop/SushiShop/Content/' took 0.01s
[2018.03.07-07.17.49:074][  0]SourceControl: Source control is disabled
[2018.03.07-07.17.49:074][  0]Cmd: MAP LOAD FILE="../../../../../../Users/darkm/Documents/GitHub/SushiShop/SushiShop/Content/VirtualRealityBP/Maps/StartupMap.umap" TEMPLATE=0 SHOWPROGRESS=1 FEATURELEVEL=3
[2018.03.07-07.17.49:075][  0]LightingResults: New page: Lighting Build
[2018.03.07-07.17.49:116][  0]MapCheck: New page: Map Check
[2018.03.07-07.17.49:116][  0]LightingResults: New page: Lighting Build
[2018.03.07-07.17.49:219][  0]LogAIModule: Creating AISystem for world StartupMap
[2018.03.07-07.17.49:226][  0]LogEditorServer: Finished looking for orphan Actors (0.000 secs)
[2018.03.07-07.17.49:235][  0]Cmd: MAP CHECKDEP NOCLEARLOG
[2018.03.07-07.17.49:283][  0]MapCheck: Map check complete: 0 Error(s), 0 Warning(s), took 48.184ms to complete.
[2018.03.07-07.17.49:283][  0]LogFileHelpers: Loading map 'StartupMap' took 0.209
[2018.03.07-07.17.49:393][  0]LogWindowsTextInputMethodSystem: Display: IME system now deactivated.
[2018.03.07-07.17.49:393][  0]LogWindowsTextInputMethodSystem: Display: IME system now deactivated.
[2018.03.07-07.17.49:548][  0]LogCollectionManager: Loaded 0 collections in 0.001524 seconds
[2018.03.07-07.17.49:630][  0]LogFileCache: Scanning file cache for directory 'C:/Users/darkm/Documents/GitHub/SushiShop/SushiShop/Saved/Collections/' took 0.01s
[2018.03.07-07.17.49:630][  0]LogFileCache: Scanning file cache for directory 'C:/Users/darkm/Documents/GitHub/SushiShop/SushiShop/Content/Developers/darkm/Collections/' took 0.01s
[2018.03.07-07.17.49:630][  0]LogFileCache: Scanning file cache for directory 'C:/Users/darkm/Documents/GitHub/SushiShop/SushiShop/Content/Collections/' took 0.01s
[2018.03.07-07.17.49:630][  0]LogCollectionManager: Rebuilt the GUID cache for 0 collections in 0.000001 seconds
[2018.03.07-07.17.49:639][  0]LogContentBrowser: Native class hierarchy populated in 0.0083 seconds. Added 2364 classes and 521 folders.
[2018.03.07-07.17.49:707][  0]LogContentBrowser: Native class hierarchy updated for 'WidgetCarousel' in 0.0002 seconds. Added 0 classes and 0 folders.
[2018.03.07-07.17.49:740][  0]LogContentBrowser: Native class hierarchy updated for 'AddContentDialog' in 0.0002 seconds. Added 0 classes and 0 folders.
[2018.03.07-07.17.49:756][  0]LogSlate: Took 0.000147 seconds to synchronously load lazily loaded font '../../../Engine/Content/Slate/Fonts/Roboto-Regular.ttf' (155K)
[2018.03.07-07.17.49:761][  0]LogSlate: Took 0.000184 seconds to synchronously load lazily loaded font '../../../Engine/Content/Slate/Fonts/Roboto-Bold.ttf' (160K)
[2018.03.07-07.17.49:764][  0]LogSlate: Took 0.000165 seconds to synchronously load lazily loaded font '../../../Engine/Content/Editor/Slate/Fonts/FontAwesome.ttf' (139K)
[2018.03.07-07.17.49:864][  0]LogRenderer: Reallocating scene render targets to support 928x456 Format 26 NumSamples 1 (Frame:1).
[2018.03.07-07.17.50:224][  0]LogContentBrowser: Native class hierarchy updated for 'HierarchicalLODOutliner' in 0.0003 seconds. Added 1 classes and 2 folders.
[2018.03.07-07.17.50:224][  0]LogLoad: (Engine Initialization) Total time: 16.91 seconds
[2018.03.07-07.17.50:224][  0]LogLoad: (Engine Initialization) Total Blueprint compile time: 0.00 seconds
[2018.03.07-07.17.50:224][  0]LogExternalProfiler: No external profilers were discovered.  External profiling features will not be available.
[2018.03.07-07.17.50:270][  0]LogContentStreaming: Texture pool size now 1000 MB
[2018.03.07-07.17.50:312][  0]LogSlate: Took 0.000211 seconds to synchronously load lazily loaded font '../../../Engine/Content/Slate/Fonts/Roboto-Light.ttf' (159K)
[2018.03.07-07.17.50:355][  1]LogAssetRegistry: Asset discovery search completed in 10.7110 seconds
[2018.03.07-07.17.50:356][  1]LogCollectionManager: Rebuilt the object cache for 0 collections in 0.000001 seconds (found 0 objects)
[2018.03.07-07.17.50:357][  1]LogCollectionManager: Fixed up redirectors for 0 collections in 0.000064 seconds (updated 0 objects)
[2018.03.07-07.18.00:249][541]LogSlate: Took 0.000138 seconds to synchronously load lazily loaded font '../../../Engine/Content/Slate/Fonts/Roboto-Light.ttf' (159K)
[2018.03.07-07.18.00:679][541]LogContentBrowser: Native class hierarchy updated for 'BlueprintGraph' in 0.0006 seconds. Added 116 classes and 0 folders.
[2018.03.07-07.18.01:348][541]LogSlate: Took 0.000132 seconds to synchronously load lazily loaded font '../../../Engine/Content/Slate/Fonts/Roboto-Light.ttf' (159K)
[2018.03.07-07.18.01:384][541]LogSlate: Took 0.000227 seconds to synchronously load lazily loaded font '../../../Engine/Content/Editor/Slate/Fonts/Roboto-BoldCondensed.ttf' (158K)
[2018.03.07-07.18.06:144][724]LogSlate: Took 0.001796 seconds to synchronously load lazily loaded font '../../../Engine/Content/Slate/Fonts/DroidSansFallback.ttf' (3848K)
[2018.03.07-07.27.21:739][819]LogSavePackage: Save=37.79ms
[2018.03.07-07.27.21:739][819]LogSavePackage: Moving '../../../../../../Users/darkm/Documents/GitHub/SushiShop/SushiShop/Saved/BP_OrderItemB5F1538B4FF333F397B772AF6A63E1A9.tmp' to '../../../../../../Users/darkm/Documents/GitHub/SushiShop/SushiShop/Content/SushiShop/BluePrints/Scott_Remake/BP_OrderItem.uasset'
[2018.03.07-07.27.21:743][819]LogSavePackage: Display: Finished SavePackage ../../../../../../Users/darkm/Documents/GitHub/SushiShop/SushiShop/Content/SushiShop/BluePrints/Scott_Remake/BP_OrderItem.uasset
[2018.03.07-07.27.23:925][855]LogAIModule: Creating AISystem for world Shop_Main
[2018.03.07-07.27.23:930][855]LogScript: Warning: Attempted to access index 0 from array SushiStruct of length 0!
	Salmon_C /Game/SushiShop/Shop_Main.Shop_Main:PersistentLevel.Salmon_2
	Function /Game/SushiShop/Assets/Pickup_Items/Pickup_M.Pickup_M_C:UserConstructionScript:0137
[2018.03.07-07.27.23:930][855]LogScript: Warning: Accessed None reading structure IngredientName_2_012ADE8641A99411B752A29314B90D82
	Salmon_C /Game/SushiShop/Shop_Main.Shop_Main:PersistentLevel.Salmon_2
	Function /Game/SushiShop/Assets/Pickup_Items/Pickup_M.Pickup_M_C:UserConstructionScript:0137
[2018.03.07-07.27.23:930][855]LogScript: Warning: Attempted to access index 0 from array SushiStruct of length 0!
	Salmon_C /Game/SushiShop/Shop_Main.Shop_Main:PersistentLevel.Salmon_2
	Function /Game/SushiShop/Assets/Pickup_Items/Pickup_M.Pickup_M_C:UserConstructionScript:015F
[2018.03.07-07.27.23:930][855]LogScript: Warning: Accessed None reading structure Material_5_C6C2C2BF4998FBAB77ED6A9A0597DF4E
	Salmon_C /Game/SushiShop/Shop_Main.Shop_Main:PersistentLevel.Salmon_2
	Function /Game/SushiShop/Assets/Pickup_Items/Pickup_M.Pickup_M_C:UserConstructionScript:015F
[2018.03.07-07.27.23:930][855]LogScript: Warning: Attempted to access index 5 from array SushiStruct of length 0!
	Salmon_C /Game/SushiShop/Shop_Main.Shop_Main:PersistentLevel.Tuna
	Function /Game/SushiShop/Assets/Pickup_Items/Pickup_M.Pickup_M_C:UserConstructionScript:0137
[2018.03.07-07.27.23:930][855]LogScript: Warning: Accessed None reading structure IngredientName_2_012ADE8641A99411B752A29314B90D82
	Salmon_C /Game/SushiShop/Shop_Main.Shop_Main:PersistentLevel.Tuna
	Function /Game/SushiShop/Assets/Pickup_Items/Pickup_M.Pickup_M_C:UserConstructionScript:0137
[2018.03.07-07.27.23:930][855]LogScript: Warning: Attempted to access index 5 from array SushiStruct of length 0!
	Salmon_C /Game/SushiShop/Shop_Main.Shop_Main:PersistentLevel.Tuna
	Function /Game/SushiShop/Assets/Pickup_Items/Pickup_M.Pickup_M_C:UserConstructionScript:015F
[2018.03.07-07.27.23:931][855]LogScript: Warning: Accessed None reading structure Material_5_C6C2C2BF4998FBAB77ED6A9A0597DF4E
	Salmon_C /Game/SushiShop/Shop_Main.Shop_Main:PersistentLevel.Tuna
	Function /Game/SushiShop/Assets/Pickup_Items/Pickup_M.Pickup_M_C:UserConstructionScript:015F
[2018.03.07-07.27.24:074][855]Cmd: MAP LOAD FILE="../../../../../../Users/darkm/Documents/GitHub/SushiShop/SushiShop/Content/SushiShop/Shop_Main.umap" TEMPLATE=0 SHOWPROGRESS=1 FEATURELEVEL=3
[2018.03.07-07.27.24:075][855]LightingResults: New page: Lighting Build
[2018.03.07-07.27.24:075][855]LoadErrors: New page: Loading map: Shop_Main.umap
[2018.03.07-07.27.24:076][855]MapCheck: New page: Map Check
[2018.03.07-07.27.24:076][855]LightingResults: New page: Lighting Build
[2018.03.07-07.27.24:110][855]LogScript: Warning: Attempted to access index 0 from array SushiStruct of length 0!
	Salmon_C /Game/SushiShop/Shop_Main.Shop_Main:PersistentLevel.Salmon_2
	Function /Game/SushiShop/Assets/Pickup_Items/Pickup_M.Pickup_M_C:UserConstructionScript:0137
[2018.03.07-07.27.24:110][855]LogScript: Warning: Accessed None reading structure IngredientName_2_012ADE8641A99411B752A29314B90D82
	Salmon_C /Game/SushiShop/Shop_Main.Shop_Main:PersistentLevel.Salmon_2
	Function /Game/SushiShop/Assets/Pickup_Items/Pickup_M.Pickup_M_C:UserConstructionScript:0137
[2018.03.07-07.27.24:110][855]LogScript: Warning: Attempted to access index 0 from array SushiStruct of length 0!
	Salmon_C /Game/SushiShop/Shop_Main.Shop_Main:PersistentLevel.Salmon_2
	Function /Game/SushiShop/Assets/Pickup_Items/Pickup_M.Pickup_M_C:UserConstructionScript:015F
[2018.03.07-07.27.24:111][855]LogScript: Warning: Accessed None reading structure Material_5_C6C2C2BF4998FBAB77ED6A9A0597DF4E
	Salmon_C /Game/SushiShop/Shop_Main.Shop_Main:PersistentLevel.Salmon_2
	Function /Game/SushiShop/Assets/Pickup_Items/Pickup_M.Pickup_M_C:UserConstructionScript:015F
[2018.03.07-07.27.24:111][855]LogScript: Warning: Attempted to access index 5 from array SushiStruct of length 0!
	Salmon_C /Game/SushiShop/Shop_Main.Shop_Main:PersistentLevel.Tuna
	Function /Game/SushiShop/Assets/Pickup_Items/Pickup_M.Pickup_M_C:UserConstructionScript:0137
[2018.03.07-07.27.24:111][855]LogScript: Warning: Accessed None reading structure IngredientName_2_012ADE8641A99411B752A29314B90D82
	Salmon_C /Game/SushiShop/Shop_Main.Shop_Main:PersistentLevel.Tuna
	Function /Game/SushiShop/Assets/Pickup_Items/Pickup_M.Pickup_M_C:UserConstructionScript:0137
[2018.03.07-07.27.24:111][855]LogScript: Warning: Attempted to access index 5 from array SushiStruct of length 0!
	Salmon_C /Game/SushiShop/Shop_Main.Shop_Main:PersistentLevel.Tuna
	Function /Game/SushiShop/Assets/Pickup_Items/Pickup_M.Pickup_M_C:UserConstructionScript:015F
[2018.03.07-07.27.24:111][855]LogScript: Warning: Accessed None reading structure Material_5_C6C2C2BF4998FBAB77ED6A9A0597DF4E
	Salmon_C /Game/SushiShop/Shop_Main.Shop_Main:PersistentLevel.Tuna
	Function /Game/SushiShop/Assets/Pickup_Items/Pickup_M.Pickup_M_C:UserConstructionScript:015F
[2018.03.07-07.27.24:117][855]LogEditorServer: Finished looking for orphan Actors (0.000 secs)
[2018.03.07-07.27.24:194][855]Cmd: MAP CHECKDEP NOCLEARLOG
[2018.03.07-07.27.24:280][855]MapCheck: Map check complete: 0 Error(s), 0 Warning(s), took 86.084ms to complete.
[2018.03.07-07.27.24:281][855]LogFileHelpers: Loading map 'Shop_Main' took 0.207
[2018.03.07-07.27.26:907][990]LogEditorViewport: Clicking on Actor (LMB): BP_Boat_C (BP_Boat)
[2018.03.07-07.27.27:118][  0]Cmd: CAMERA ALIGN ACTIVEVIEWPORTONLY
[2018.03.07-07.27.31:367][235]LogTemp: Repeating last play command: Simulate
[2018.03.07-07.27.31:423][235]BlueprintLog: New page: Pre-Play auto-recompile
[2018.03.07-07.27.31:433][235]LogPlayLevel: [PlayLevel] Compiling BP_OrderItem before play...
[2018.03.07-07.27.31:624][235]LogPlayLevel: PlayLevel: Blueprint regeneration took 200 ms (1 blueprints)
[2018.03.07-07.27.31:624][235]PIE: New page: SIE session: Shop_Main (Mar 6, 2018, 3:27:31 PM)
[2018.03.07-07.27.31:624][235]LogPlayLevel: Creating play world package: /Game/SushiShop/UEDPIE_0_Shop_Main
[2018.03.07-07.27.31:627][235]LogPlayLevel: PIE: StaticDuplicateObject took: (0.002815s)
[2018.03.07-07.27.31:627][235]LogAIModule: Creating AISystem for world Shop_Main
[2018.03.07-07.27.31:628][235]LogPlayLevel: PIE: World Init took: (0.000637s)
[2018.03.07-07.27.31:628][235]LogPlayLevel: PIE: Created PIE world by copying editor world from /Game/SushiShop/Shop_Main.Shop_Main to /Game/SushiShop/UEDPIE_0_Shop_Main.Shop_Main (0.003734s)
[2018.03.07-07.27.31:647][235]LogInit: XAudio2 using 'Speakers (Realtek High Definition Audio(SST))' : 2 channels at 48 kHz using 32 bits per sample (channel mask 0x3)
[2018.03.07-07.27.31:661][235]LogInit: FAudioDevice initialized.
[2018.03.07-07.27.31:720][235]LogUObjectGlobals: Warning: Failed to find object 'Class None.'
[2018.03.07-07.27.31:720][235]LogLoad: Game class is 'GameModeBase'
[2018.03.07-07.27.31:724][235]LogWorld: Bringing World /Game/SushiShop/UEDPIE_0_Shop_Main.Shop_Main up for play (max tick rate 60) at 2018.03.06-23.27.31
[2018.03.07-07.27.31:724][235]LogWorld: Bringing up level for play took: 0.003094
[2018.03.07-07.27.31:725][235]LogGameMode: FindPlayerStart: PATHS NOT DEFINED or NO PLAYERSTART with positive rating
[2018.03.07-07.27.31:775][235]LogContentBrowser: Native class hierarchy updated for 'MovieSceneCapture' in 0.0003 seconds. Added 11 classes and 0 folders.
[2018.03.07-07.27.31:781][235]PIE: Play in editor start time for /Game/SushiShop/UEDPIE_0_Shop_Main -0.047
[2018.03.07-07.27.31:797][235]LogBlueprintUserMessages: [Display_Order_C_0] 0
[2018.03.07-07.27.31:797][235]LogBlueprintUserMessages: [Display_Order_C_0] 3
[2018.03.07-07.27.31:797][235]LogBlueprintUserMessages: [Display_Order_C_0] Order1Checkbox
[2018.03.07-07.27.31:797][235]LogBlueprintUserMessages: [Display_Order_C_0] Order2Checkbox
[2018.03.07-07.27.31:797][235]LogBlueprintUserMessages: [Display_Order_C_0] Tuna
[2018.03.07-07.27.31:798][235]LogBlueprintUserMessages: [Display_Order_C_0] Salmon
[2018.03.07-07.27.31:798][235]LogBlueprintUserMessages: [Display_Order_C_0] Unagi
[2018.03.07-07.27.31:798][235]LogBlueprintUserMessages: [Display_Order_C_0] WhiteTuna
[2018.03.07-07.27.31:798][235]LogBlueprintUserMessages: [Display_Order_C_0] Tuna
[2018.03.07-07.27.31:798][235]LogBlueprintUserMessages: [Display_Order_C_0] Tuna
[2018.03.07-07.27.32:195][246]LogBlueprintUserMessages: [Display_Order_C_0] Order1Checkbox
[2018.03.07-07.27.32:195][246]LogBlueprintUserMessages: [Display_Order_C_0] Order2Checkbox
[2018.03.07-07.27.32:195][246]LogBlueprintUserMessages: [Display_Order_C_0] Order1Checkbox
[2018.03.07-07.27.32:195][246]LogBlueprintUserMessages: [Display_Order_C_0] Unchecked
[2018.03.07-07.27.32:195][246]LogBlueprintUserMessages: [BoatTrigger_2] Salmon
[2018.03.07-07.27.32:195][246]LogBlueprintUserMessages: [Display_Order_C_0] Order1Checkbox
[2018.03.07-07.27.32:195][246]LogBlueprintUserMessages: [Display_Order_C_0] Order2Checkbox
[2018.03.07-07.27.32:195][246]LogBlueprintUserMessages: [Display_Order_C_0] Order1Checkbox
[2018.03.07-07.27.32:195][246]LogBlueprintUserMessages: [Display_Order_C_0] Checked
[2018.03.07-07.27.32:195][246]LogBlueprintUserMessages: [BoatTrigger_2] Salmon
[2018.03.07-07.27.32:195][246]LogBlueprintUserMessages: [BoatTrigger_2] Tuna
[2018.03.07-07.27.55:169][607]LogTemp: Repeating last play command: Simulate
[2018.03.07-07.27.55:192][607]LogPlayLevel: PlayLevel: No blueprints needed recompiling
[2018.03.07-07.27.55:192][607]PIE: New page: SIE session: Shop_Main (Mar 6, 2018, 3:27:55 PM)
[2018.03.07-07.27.55:192][607]LogPlayLevel: Creating play world package: /Game/SushiShop/UEDPIE_0_Shop_Main
[2018.03.07-07.27.55:196][607]LogPlayLevel: PIE: StaticDuplicateObject took: (0.002801s)
[2018.03.07-07.27.55:196][607]LogAIModule: Creating AISystem for world Shop_Main
[2018.03.07-07.27.55:196][607]LogPlayLevel: PIE: World Init took: (0.000641s)
[2018.03.07-07.27.55:197][607]LogPlayLevel: PIE: Created PIE world by copying editor world from /Game/SushiShop/Shop_Main.Shop_Main to /Game/SushiShop/UEDPIE_0_Shop_Main.Shop_Main (0.003704s)
[2018.03.07-07.27.55:214][607]LogInit: XAudio2 using 'Speakers (Realtek High Definition Audio(SST))' : 2 channels at 48 kHz using 32 bits per sample (channel mask 0x3)
[2018.03.07-07.27.55:228][607]LogInit: FAudioDevice initialized.
[2018.03.07-07.27.55:264][607]LogUObjectGlobals: Warning: Failed to find object 'Class None.'
[2018.03.07-07.27.55:264][607]LogLoad: Game class is 'GameModeBase'
[2018.03.07-07.27.55:267][607]LogWorld: Bringing World /Game/SushiShop/UEDPIE_0_Shop_Main.Shop_Main up for play (max tick rate 60) at 2018.03.06-23.27.55
[2018.03.07-07.27.55:267][607]LogWorld: Bringing up level for play took: 0.002105
[2018.03.07-07.27.55:267][607]LogGameMode: FindPlayerStart: PATHS NOT DEFINED or NO PLAYERSTART with positive rating
[2018.03.07-07.27.55:270][607]PIE: Play in editor start time for /Game/SushiShop/UEDPIE_0_Shop_Main -0.558
[2018.03.07-07.27.55:273][607]LogBlueprintUserMessages: [Display_Order_C_1] 0
[2018.03.07-07.27.55:273][607]LogBlueprintUserMessages: [Display_Order_C_1] 0
[2018.03.07-07.27.55:273][607]LogBlueprintUserMessages: [Display_Order_C_1] Order1Checkbox
[2018.03.07-07.27.55:273][607]LogBlueprintUserMessages: [Display_Order_C_1] Order2Checkbox
[2018.03.07-07.27.55:274][607]LogBlueprintUserMessages: [Display_Order_C_1] Tuna
[2018.03.07-07.27.55:274][607]LogBlueprintUserMessages: [Display_Order_C_1] Salmon
[2018.03.07-07.27.55:274][607]LogBlueprintUserMessages: [Display_Order_C_1] Unagi
[2018.03.07-07.27.55:274][607]LogBlueprintUserMessages: [Display_Order_C_1] WhiteTuna
[2018.03.07-07.27.55:274][607]LogBlueprintUserMessages: [Display_Order_C_1] WhiteTuna
[2018.03.07-07.27.55:274][607]LogBlueprintUserMessages: [Display_Order_C_1] WhiteTuna
[2018.03.07-07.27.55:568][620]LogBlueprintUserMessages: [Display_Order_C_1] Order1Checkbox
[2018.03.07-07.27.55:568][620]LogBlueprintUserMessages: [Display_Order_C_1] Order2Checkbox
[2018.03.07-07.27.55:568][620]LogBlueprintUserMessages: [Display_Order_C_1] Order1Checkbox
[2018.03.07-07.27.55:568][620]LogBlueprintUserMessages: [Display_Order_C_1] Unchecked
[2018.03.07-07.27.55:568][620]LogBlueprintUserMessages: [BoatTrigger_2] Salmon
[2018.03.07-07.27.55:568][620]LogBlueprintUserMessages: [Display_Order_C_1] Order1Checkbox
[2018.03.07-07.27.55:568][620]LogBlueprintUserMessages: [Display_Order_C_1] Order2Checkbox
[2018.03.07-07.27.55:568][620]LogBlueprintUserMessages: [Display_Order_C_1] Order1Checkbox
[2018.03.07-07.27.55:568][620]LogBlueprintUserMessages: [Display_Order_C_1] Checked
[2018.03.07-07.27.55:569][620]LogBlueprintUserMessages: [BoatTrigger_2] Salmon
[2018.03.07-07.27.55:569][620]LogBlueprintUserMessages: [BoatTrigger_2] Tuna
[2018.03.07-07.28.02:569][ 31]LogTemp: Repeating last play command: Simulate
[2018.03.07-07.28.02:598][ 31]LogTemp: Repeating last play command: Simulate
[2018.03.07-07.28.02:628][ 31]LogPlayLevel: PlayLevel: No blueprints needed recompiling
[2018.03.07-07.28.02:628][ 31]PIE: New page: SIE session: Shop_Main (Mar 6, 2018, 3:28:02 PM)
[2018.03.07-07.28.02:628][ 31]LogPlayLevel: Creating play world package: /Game/SushiShop/UEDPIE_0_Shop_Main
[2018.03.07-07.28.02:631][ 31]LogPlayLevel: PIE: StaticDuplicateObject took: (0.003044s)
[2018.03.07-07.28.02:632][ 31]LogAIModule: Creating AISystem for world Shop_Main
[2018.03.07-07.28.02:632][ 31]LogPlayLevel: PIE: World Init took: (0.000765s)
[2018.03.07-07.28.02:632][ 31]LogPlayLevel: PIE: Created PIE world by copying editor world from /Game/SushiShop/Shop_Main.Shop_Main to /Game/SushiShop/UEDPIE_0_Shop_Main.Shop_Main (0.004083s)
[2018.03.07-07.28.02:655][ 31]LogInit: XAudio2 using 'Speakers (Realtek High Definition Audio(SST))' : 2 channels at 48 kHz using 32 bits per sample (channel mask 0x3)
[2018.03.07-07.28.02:668][ 31]LogInit: FAudioDevice initialized.
[2018.03.07-07.28.02:704][ 31]LogUObjectGlobals: Warning: Failed to find object 'Class None.'
[2018.03.07-07.28.02:704][ 31]LogLoad: Game class is 'GameModeBase'
[2018.03.07-07.28.02:707][ 31]LogWorld: Bringing World /Game/SushiShop/UEDPIE_0_Shop_Main.Shop_Main up for play (max tick rate 60) at 2018.03.06-23.28.02
[2018.03.07-07.28.02:708][ 31]LogWorld: Bringing up level for play took: 0.002667
[2018.03.07-07.28.02:708][ 31]LogGameMode: FindPlayerStart: PATHS NOT DEFINED or NO PLAYERSTART with positive rating
[2018.03.07-07.28.02:711][ 31]PIE: Play in editor start time for /Game/SushiShop/UEDPIE_0_Shop_Main 0.883
[2018.03.07-07.28.02:716][ 31]LogBlueprintUserMessages: [Display_Order_C_2] 2
[2018.03.07-07.28.02:716][ 31]LogBlueprintUserMessages: [Display_Order_C_2] 2
[2018.03.07-07.28.02:716][ 31]LogBlueprintUserMessages: [Display_Order_C_2] Order1Checkbox
[2018.03.07-07.28.02:716][ 31]LogBlueprintUserMessages: [Display_Order_C_2] Order2Checkbox
[2018.03.07-07.28.02:716][ 31]LogBlueprintUserMessages: [Display_Order_C_2] Tuna
[2018.03.07-07.28.02:716][ 31]LogBlueprintUserMessages: [Display_Order_C_2] Salmon
[2018.03.07-07.28.02:716][ 31]LogBlueprintUserMessages: [Display_Order_C_2] Unagi
[2018.03.07-07.28.02:716][ 31]LogBlueprintUserMessages: [Display_Order_C_2] WhiteTuna
[2018.03.07-07.28.02:716][ 31]LogBlueprintUserMessages: [Display_Order_C_2] Tuna
[2018.03.07-07.28.02:716][ 31]LogBlueprintUserMessages: [Display_Order_C_2] Tuna
[2018.03.07-07.28.03:046][ 46]LogBlueprintUserMessages: [Display_Order_C_2] Order1Checkbox
[2018.03.07-07.28.03:046][ 46]LogBlueprintUserMessages: [Display_Order_C_2] Order2Checkbox
[2018.03.07-07.28.03:046][ 46]LogBlueprintUserMessages: [Display_Order_C_2] Order1Checkbox
[2018.03.07-07.28.03:046][ 46]LogBlueprintUserMessages: [Display_Order_C_2] Unchecked
[2018.03.07-07.28.03:047][ 46]LogBlueprintUserMessages: [BoatTrigger_2] Salmon
[2018.03.07-07.28.03:047][ 46]LogBlueprintUserMessages: [Display_Order_C_2] Order1Checkbox
[2018.03.07-07.28.03:047][ 46]LogBlueprintUserMessages: [Display_Order_C_2] Order2Checkbox
[2018.03.07-07.28.03:047][ 46]LogBlueprintUserMessages: [Display_Order_C_2] Order1Checkbox
[2018.03.07-07.28.03:047][ 46]LogBlueprintUserMessages: [Display_Order_C_2] Checked
[2018.03.07-07.28.03:047][ 46]LogBlueprintUserMessages: [BoatTrigger_2] Salmon
[2018.03.07-07.28.03:047][ 46]LogBlueprintUserMessages: [BoatTrigger_2] Tuna
[2018.03.07-07.28.18:998][871]LogSavePackage: Save=74.26ms
[2018.03.07-07.28.18:999][871]LogSavePackage: Moving '../../../../../../Users/darkm/Documents/GitHub/SushiShop/SushiShop/Saved/Shop_MainA3722BE44CAAC67757A65EAA8A9A1857.tmp' to '../../../../../../Users/darkm/Documents/GitHub/SushiShop/SushiShop/Content/SushiShop/Shop_Main.umap'
[2018.03.07-07.28.19:001][871]LogSavePackage: Display: Finished SavePackage ../../../../../../Users/darkm/Documents/GitHub/SushiShop/SushiShop/Content/SushiShop/Shop_Main.umap
[2018.03.07-07.28.19:052][871]Cmd: OBJ SAVEPACKAGE PACKAGE="/Game/SushiShop/Shop_Main_BuiltData" FILE="../../../../../../Users/darkm/Documents/GitHub/SushiShop/SushiShop/Content/SushiShop/Shop_Main_BuiltData.uasset" SILENT=true
[2018.03.07-07.28.19:199][871]LogSavePackage: Save=84.89ms
[2018.03.07-07.28.19:199][871]LogSavePackage: Moving '../../../../../../Users/darkm/Documents/GitHub/SushiShop/SushiShop/Saved/Shop_Main_BuiltData5436119A4198E16E91B7BBA731970E26.tmp' to '../../../../../../Users/darkm/Documents/GitHub/SushiShop/SushiShop/Content/SushiShop/Shop_Main_BuiltData.uasset'
[2018.03.07-07.28.19:201][871]LogSavePackage: Display: Finished SavePackage ../../../../../../Users/darkm/Documents/GitHub/SushiShop/SushiShop/Content/SushiShop/Shop_Main_BuiltData.uasset
[2018.03.07-07.28.25:529][ 97]LogEditorViewport: Clicking on Actor (LMB): StaticMeshActor (Floor3)
[2018.03.07-07.29.32:039][784]Cmd: QUIT_EDITOR
[2018.03.07-07.29.32:180][784]LogWindowsTextInputMethodSystem: Display: IME system now deactivated.
[2018.03.07-07.29.32:180][784]LogWindowsTextInputMethodSystem: Display: IME system now deactivated.
[2018.03.07-07.29.32:201][784]LogExit: Preparing to exit.
[2018.03.07-07.29.33:268][784]LogDirectoryWatcher: A directory notification for 'C:/Users/darkm/Documents/GitHub/SushiShop/SushiShop/Content/' was aborted.
[2018.03.07-07.29.33:269][784]PIE: UWidget::RemoveFromParent() called on '/Game/SushiShop/Shop_Main.Shop_Main:None' which has no UMG parent (if it was added directly to a native Slate widget via TakeWidget() then it must be removed explicitly rather than via RemoveFromParent())
[2018.03.07-07.29.33:270][784]PIE: UWidget::RemoveFromParent() called on '/Game/SushiShop/Shop_Main.Shop_Main:None' which has no UMG parent (if it was added directly to a native Slate widget via TakeWidget() then it must be removed explicitly rather than via RemoveFromParent())
[2018.03.07-07.29.33:319][784]LogExit: Editor shut down
[2018.03.07-07.29.33:325][784]LogExit: Transaction tracking system shut down
[2018.03.07-07.29.33:513][784]LogDirectoryWatcher: A directory notification for '../../../Engine/Content/' was aborted.
[2018.03.07-07.29.33:513][784]LogDirectoryWatcher: A directory notification for '../../../../../../Users/darkm/Documents/GitHub/SushiShop/SushiShop/Content/' was aborted.
[2018.03.07-07.29.33:513][784]LogDirectoryWatcher: A directory notification for '../../../Engine/Plugins/2D/Paper2D/Content/' was aborted.
[2018.03.07-07.29.33:513][784]LogDirectoryWatcher: A directory notification for '../../../Engine/Plugins/Media/MediaCompositing/Content/' was aborted.
[2018.03.07-07.29.33:513][784]LogDirectoryWatcher: A directory notification for '../../../Engine/Plugins/Runtime/AppleARKit/Content/' was aborted.
[2018.03.07-07.29.33:513][784]LogDirectoryWatcher: A directory notification for '../../../Engine/Plugins/Runtime/Oculus/OculusVR/Content/' was aborted.
[2018.03.07-07.29.33:513][784]LogDirectoryWatcher: A directory notification for '../../../Engine/Plugins/Runtime/Steam/SteamVR/Content/' was aborted.
[2018.03.07-07.29.33:617][784]LogExit: Object subsystem successfully closed.
[2018.03.07-07.29.33:638][784]LogD3D11RHI: Shutdown
[2018.03.07-07.29.33:638][784]LogD3D11RHI: CleanupD3DDevice
[2018.03.07-07.29.33:640][784]LogD3D11RHI: ~FD3D11DynamicRHI
[2018.03.07-07.29.33:659][784]LogModuleManager: Shutting down and abandoning module MovieSceneCapture (554)
[2018.03.07-07.29.33:659][784]LogModuleManager: Shutting down and abandoning module SequencerWidgets (552)
[2018.03.07-07.29.33:659][784]LogModuleManager: Shutting down and abandoning module BlueprintGraph (550)
[2018.03.07-07.29.33:659][784]LogModuleManager: Shutting down and abandoning module HierarchicalLODOutliner (548)
[2018.03.07-07.29.33:659][784]LogModuleManager: Shutting down and abandoning module AddContentDialog (546)
[2018.03.07-07.29.33:659][784]LogDirectoryWatcher: A directory notification for 'C:/Program Files/Epic Games/UE_4.18/FeaturePacks/' was aborted.
[2018.03.07-07.29.33:660][784]LogModuleManager: Shutting down and abandoning module WidgetCarousel (545)
[2018.03.07-07.29.33:660][784]LogModuleManager: Shutting down and abandoning module EditorWidgets (542)
[2018.03.07-07.29.33:660][784]LogModuleManager: Shutting down and abandoning module CollectionManager (540)
[2018.03.07-07.29.33:660][784]LogDirectoryWatcher: A directory notification for 'C:/Users/darkm/Documents/GitHub/SushiShop/SushiShop/Content/Collections/' was aborted.
[2018.03.07-07.29.33:660][784]LogDirectoryWatcher: A directory notification for 'C:/Users/darkm/Documents/GitHub/SushiShop/SushiShop/Content/Developers/darkm/Collections/' was aborted.
[2018.03.07-07.29.33:660][784]LogDirectoryWatcher: A directory notification for 'C:/Users/darkm/Documents/GitHub/SushiShop/SushiShop/Saved/Collections/' was aborted.
[2018.03.07-07.29.33:661][784]LogModuleManager: Shutting down and abandoning module SceneOutliner (538)
[2018.03.07-07.29.33:661][784]LogModuleManager: Shutting down and abandoning module StatsViewer (536)
[2018.03.07-07.29.33:661][784]LogModuleManager: Shutting down and abandoning module FoliageEdit (534)
[2018.03.07-07.29.33:661][784]LogModuleManager: Shutting down and abandoning module LandscapeEditor (532)
[2018.03.07-07.29.33:661][784]LogModuleManager: Shutting down and abandoning module MeshPaintMode (530)
[2018.03.07-07.29.33:661][784]LogModuleManager: Shutting down and abandoning module SceneDepthPickerMode (528)
[2018.03.07-07.29.33:661][784]LogModuleManager: Shutting down and abandoning module ActorPickerMode (526)
[2018.03.07-07.29.33:661][784]LogModuleManager: Shutting down and abandoning module GeometryMode (524)
[2018.03.07-07.29.33:661][784]LogModuleManager: Shutting down and abandoning module TextureAlignMode (522)
[2018.03.07-07.29.33:661][784]LogModuleManager: Shutting down and abandoning module BspMode (520)
[2018.03.07-07.29.33:661][784]LogModuleManager: Shutting down and abandoning module PIEPreviewDeviceProfileSelector (518)
[2018.03.07-07.29.33:661][784]LogModuleManager: Shutting down and abandoning module HardwareSurvey (516)
[2018.03.07-07.29.33:661][784]LogModuleManager: Shutting down and abandoning module SequenceRecorderSections (514)
[2018.03.07-07.29.33:661][784]LogModuleManager: Shutting down and abandoning module AutomationWorker (512)
[2018.03.07-07.29.33:661][784]LogModuleManager: Shutting down and abandoning module MatineeToLevelSequence (510)
[2018.03.07-07.29.33:661][784]LogModuleManager: Shutting down and abandoning module LevelSequenceEditor (508)
[2018.03.07-07.29.33:661][784]LogModuleManager: Shutting down and abandoning module PlacementMode (507)
[2018.03.07-07.29.33:661][784]LogModuleManager: Shutting down and abandoning module WmfMediaFactory (504)
[2018.03.07-07.29.33:661][784]LogModuleManager: Shutting down and abandoning module WmfMediaEditor (502)
[2018.03.07-07.29.33:661][784]LogModuleManager: Shutting down and abandoning module OpenExrWrapper (500)
[2018.03.07-07.29.33:661][784]LogModuleManager: Shutting down and abandoning module ImgMediaFactory (498)
[2018.03.07-07.29.33:661][784]LogModuleManager: Shutting down and abandoning module ImgMediaEditor (496)
[2018.03.07-07.29.33:661][784]LogModuleManager: Shutting down and abandoning module AvfMediaFactory (494)
[2018.03.07-07.29.33:661][784]LogModuleManager: Shutting down and abandoning module AvfMediaEditor (492)
[2018.03.07-07.29.33:661][784]LogModuleManager: Shutting down and abandoning module AndroidMediaFactory (490)
[2018.03.07-07.29.33:661][784]LogModuleManager: Shutting down and abandoning module AndroidMediaEditor (488)
[2018.03.07-07.29.33:661][784]LogModuleManager: Shutting down and abandoning module CharacterAI (486)
[2018.03.07-07.29.33:661][784]LogModuleManager: Shutting down and abandoning module AudioCapture (484)
[2018.03.07-07.29.33:661][784]LogModuleManager: Shutting down and abandoning module SequenceRecorder (483)
[2018.03.07-07.29.33:661][784]LogModuleManager: Shutting down and abandoning module SmartSnapping (480)
[2018.03.07-07.29.33:661][784]LogModuleManager: Shutting down and abandoning module SessionServices (478)
[2018.03.07-07.29.33:661][784]LogModuleManager: Shutting down and abandoning module ViewportSnapping (476)
[2018.03.07-07.29.33:662][784]LogModuleManager: Shutting down and abandoning module ViewportInteraction (474)
[2018.03.07-07.29.33:662][784]LogModuleManager: Shutting down and abandoning module ClothPainter (472)
[2018.03.07-07.29.33:662][784]LogModuleManager: Shutting down and abandoning module SkeletalMeshEditor (471)
[2018.03.07-07.29.33:662][784]LogModuleManager: Shutting down and abandoning module LogVisualizer (468)
[2018.03.07-07.29.33:662][784]LogModuleManager: Shutting down and abandoning module IntroTutorials (466)
[2018.03.07-07.29.33:662][784]LogModuleManager: Shutting down and abandoning module GameProjectGeneration (465)
[2018.03.07-07.29.33:662][784]LogModuleManager: Shutting down and abandoning module IOSPlatformEditor (462)
[2018.03.07-07.29.33:662][784]LogModuleManager: Shutting down and abandoning module HTML5PlatformEditor (460)
[2018.03.07-07.29.33:662][784]LogModuleManager: Shutting down and abandoning module AndroidPlatformEditor (458)
[2018.03.07-07.29.33:662][784]LogModuleManager: Shutting down and abandoning module AndroidDeviceDetection (457)
[2018.03.07-07.29.33:704][784]LogModuleManager: Shutting down and abandoning module WindowsPlatformEditor (454)
[2018.03.07-07.29.33:704][784]LogModuleManager: Shutting down and abandoning module IOSRuntimeSettings (452)
[2018.03.07-07.29.33:704][784]LogModuleManager: Shutting down and abandoning module AndroidRuntimeSettings (450)
[2018.03.07-07.29.33:704][784]LogModuleManager: Shutting down and abandoning module InputBindingEditor (448)
[2018.03.07-07.29.33:705][784]LogModuleManager: Shutting down and abandoning module MergeActors (446)
[2018.03.07-07.29.33:705][784]LogModuleManager: Shutting down and abandoning module SizeMap (444)
[2018.03.07-07.29.33:705][784]LogModuleManager: Shutting down and abandoning module TreeMap (442)
[2018.03.07-07.29.33:705][784]LogModuleManager: Shutting down and abandoning module ReferenceViewer (440)
[2018.03.07-07.29.33:705][784]LogModuleManager: Shutting down and abandoning module LocalizationDashboard (438)
[2018.03.07-07.29.33:705][784]LogModuleManager: Shutting down and abandoning module LocalizationService (437)
[2018.03.07-07.29.33:705][784]LogModuleManager: Shutting down and abandoning module HardwareTargeting (434)
[2018.03.07-07.29.33:705][784]LogModuleManager: Shutting down and abandoning module DeviceProfileEditor (432)
[2018.03.07-07.29.33:705][784]LogModuleManager: Shutting down and abandoning module UndoHistory (430)
[2018.03.07-07.29.33:705][784]LogModuleManager: Shutting down and abandoning module XmlParser (428)
[2018.03.07-07.29.33:705][784]LogModuleManager: Shutting down and abandoning module Blutility (426)
[2018.03.07-07.29.33:705][784]LogModuleManager: Shutting down and abandoning module ProjectSettingsViewer (424)
[2018.03.07-07.29.33:705][784]LogModuleManager: Shutting down and abandoning module ProjectTargetPlatformEditor (423)
[2018.03.07-07.29.33:705][784]LogModuleManager: Shutting down and abandoning module EditorSettingsViewer (420)
[2018.03.07-07.29.33:705][784]LogModuleManager: Shutting down and abandoning module SettingsEditor (418)
[2018.03.07-07.29.33:705][784]LogModuleManager: Shutting down and abandoning module ProjectLauncher (416)
[2018.03.07-07.29.33:705][784]LogModuleManager: Shutting down and abandoning module SessionFrontend (414)
[2018.03.07-07.29.33:705][784]LogModuleManager: Shutting down and abandoning module ProfilerClient (412)
[2018.03.07-07.29.33:705][784]LogModuleManager: Shutting down and abandoning module DeviceManager (410)
[2018.03.07-07.29.33:705][784]LogModuleManager: Shutting down and abandoning module TargetDeviceServices (409)
[2018.03.07-07.29.33:759][784]LogModuleManager: Shutting down and abandoning module AutomationController (406)
[2018.03.07-07.29.33:759][784]LogModuleManager: Shutting down and abandoning module AutomationWindow (404)
[2018.03.07-07.29.33:759][784]LogModuleManager: Shutting down and abandoning module Layers (402)
[2018.03.07-07.29.33:759][784]LogModuleManager: Shutting down and abandoning module ComponentVisualizers (400)
[2018.03.07-07.29.33:759][784]LogModuleManager: Shutting down and abandoning module DetailCustomizations (398)
[2018.03.07-07.29.33:759][784]LogModuleManager: Shutting down and abandoning module PackagesDialog (396)
[2018.03.07-07.29.33:759][784]LogModuleManager: Shutting down and abandoning module Persona (394)
[2018.03.07-07.29.33:759][784]LogModuleManager: Shutting down and abandoning module AdvancedPreviewScene (393)
[2018.03.07-07.29.33:759][784]LogModuleManager: Shutting down and abandoning module AnimGraph (391)
[2018.03.07-07.29.33:759][784]LogModuleManager: Shutting down and abandoning module Kismet (388)
[2018.03.07-07.29.33:766][784]LogModuleManager: Shutting down and abandoning module ClassViewer (386)
[2018.03.07-07.29.33:766][784]LogModuleManager: Shutting down and abandoning module Toolbox (384)
[2018.03.07-07.29.33:766][784]LogModuleManager: Shutting down and abandoning module ModuleUI (382)
[2018.03.07-07.29.33:766][784]LogModuleManager: Shutting down and abandoning module MovieSceneTools (380)
[2018.03.07-07.29.33:767][784]LogModuleManager: Shutting down and abandoning module OutputLog (378)
[2018.03.07-07.29.33:767][784]LogModuleManager: Shutting down and abandoning module GammaUI (376)
[2018.03.07-07.29.33:767][784]LogModuleManager: Shutting down and abandoning module Documentation (374)
[2018.03.07-07.29.33:767][784]LogModuleManager: Shutting down and abandoning module MovieSceneTracks (372)
[2018.03.07-07.29.33:767][784]LogModuleManager: Shutting down and abandoning module MovieScene (370)
[2018.03.07-07.29.33:767][784]LogModuleManager: Shutting down and abandoning module StreamingPauseRendering (368)
[2018.03.07-07.29.33:767][784]LogModuleManager: Shutting down and abandoning module LauncherPlatform (366)
[2018.03.07-07.29.33:767][784]LogModuleManager: Shutting down and abandoning module AnalyticsET (364)
[2018.03.07-07.29.33:767][784]LogModuleManager: Shutting down and abandoning module PortalServices (362)
[2018.03.07-07.29.33:767][784]LogModuleManager: Shutting down and abandoning module PortalRpc (360)
[2018.03.07-07.29.33:767][784]LogModuleManager: Shutting down and abandoning module MessagingRpc (358)
[2018.03.07-07.29.33:767][784]LogModuleManager: Shutting down and abandoning module AIModule (356)
[2018.03.07-07.29.33:767][784]LogModuleManager: Shutting down and abandoning module GameplayDebugger (355)
[2018.03.07-07.29.33:767][784]LogModuleManager: Shutting down and abandoning module AITestSuite (353)
[2018.03.07-07.29.33:767][784]LogModuleManager: Shutting down and abandoning module DesktopPlatform (350)
[2018.03.07-07.29.33:767][784]LogModuleManager: Shutting down and abandoning module ProfilerService (348)
[2018.03.07-07.29.33:848][784]LogModuleManager: Shutting down and abandoning module TaskGraph (346)
[2018.03.07-07.29.33:848][784]LogModuleManager: Shutting down and abandoning module SteamVRController (344)
[2018.03.07-07.29.33:848][784]LogModuleManager: Shutting down and abandoning module ProceduralMeshComponentEditor (342)
[2018.03.07-07.29.33:848][784]LogModuleManager: Shutting down and abandoning module ProceduralMeshComponent (340)
[2018.03.07-07.29.33:848][784]LogModuleManager: Shutting down and abandoning module OculusInput (338)
[2018.03.07-07.29.33:848][784]LogModuleManager: Shutting down and abandoning module MobilePatchingUtils (336)
[2018.03.07-07.29.33:848][784]LogModuleManager: Shutting down and abandoning module CustomMeshComponent (334)
[2018.03.07-07.29.33:848][784]LogModuleManager: Shutting down and abandoning module CableComponent (332)
[2018.03.07-07.29.33:848][784]LogModuleManager: Shutting down and abandoning module ArchVisCharacter (330)
[2018.03.07-07.29.33:848][784]LogModuleManager: Shutting down and abandoning module AndroidPermission (328)
[2018.03.07-07.29.33:848][784]LogModuleManager: Shutting down and abandoning module ActorSequence (324)
[2018.03.07-07.29.33:848][784]LogModuleManager: Shutting down and abandoning module MediaPlayerEditor (322)
[2018.03.07-07.29.33:848][784]LogModuleManager: Shutting down and abandoning module MediaCompositingEditor (320)
[2018.03.07-07.29.33:848][784]LogModuleManager: Shutting down and abandoning module MediaCompositing (318)
[2018.03.07-07.29.33:848][784]LogModuleManager: Shutting down and abandoning module HTML5Networking (316)
[2018.03.07-07.29.33:848][784]LogModuleManager: Shutting down and abandoning module AlembicImporter (314)
[2018.03.07-07.29.33:848][784]LogModuleManager: Shutting down and abandoning module AlembicLibrary (313)
[2018.03.07-07.29.33:848][784]LogModuleManager: Shutting down and abandoning module GeometryCache (312)
[2018.03.07-07.29.33:848][784]LogModuleManager: Shutting down and abandoning module GeometryCacheEd (311)
[2018.03.07-07.29.33:848][784]LogModuleManager: Shutting down and abandoning module SpeedTreeImporter (306)
[2018.03.07-07.29.33:848][784]LogModuleManager: Shutting down and abandoning module PluginBrowser (304)
[2018.03.07-07.29.33:848][784]LogModuleManager: Shutting down and abandoning module MobileLauncherProfileWizard (302)
[2018.03.07-07.29.33:848][784]LogModuleManager: Shutting down and abandoning module VisualStudioSourceCodeAccess (300)
[2018.03.07-07.29.33:848][784]LogModuleManager: Shutting down and abandoning module VisualStudioCodeSourceCodeAccess (298)
[2018.03.07-07.29.33:848][784]LogModuleManager: Shutting down and abandoning module UObjectPlugin (296)
[2018.03.07-07.29.33:848][784]LogModuleManager: Shutting down and abandoning module SubversionSourceControl (294)
[2018.03.07-07.29.33:848][784]LogModuleManager: Shutting down and abandoning module PerforceSourceControl (292)
[2018.03.07-07.29.33:848][784]LogModuleManager: Shutting down and abandoning module GitSourceControl (290)
[2018.03.07-07.29.33:848][784]LogModuleManager: Shutting down and abandoning module SourceControl (289)
[2018.03.07-07.29.33:848][784]LogModuleManager: Shutting down and abandoning module LightPropagationVolumeEditor (286)
[2018.03.07-07.29.33:848][784]LogModuleManager: Shutting down and abandoning module PaperTiledImporter (284)
[2018.03.07-07.29.33:848][784]LogModuleManager: Shutting down and abandoning module PaperSpriteSheetImporter (282)
[2018.03.07-07.29.33:848][784]LogModuleManager: Shutting down and abandoning module Paper2DEditor (280)
[2018.03.07-07.29.33:849][784]LogModuleManager: Shutting down and abandoning module MeshPaint (279)
[2018.03.07-07.29.33:849][784]LogModuleManager: Shutting down and abandoning module LevelEditor (277)
[2018.03.07-07.29.33:849][784]LogModuleManager: Shutting down and abandoning module PixelInspectorModule (276)
[2018.03.07-07.29.33:849][784]LogModuleManager: Shutting down and abandoning module MainFrame (274)
[2018.03.07-07.29.33:850][784]LogModuleManager: Shutting down and abandoning module HotReload (273)
[2018.03.07-07.29.33:850][784]LogModuleManager: Shutting down and abandoning module RuntimePhysXCooking (268)
[2018.03.07-07.29.33:850][784]LogModuleManager: Shutting down and abandoning module PhysXVehiclesEditor (266)
[2018.03.07-07.29.33:850][784]LogModuleManager: Shutting down and abandoning module PhysXVehicles (264)
[2018.03.07-07.29.33:850][784]LogModuleManager: Shutting down and abandoning module OculusEditor (262)
[2018.03.07-07.29.33:850][784]LogModuleManager: Shutting down and abandoning module LocationServicesBPLibrary (260)
[2018.03.07-07.29.33:850][784]LogModuleManager: Shutting down and abandoning module ImmediatePhysicsEditor (258)
[2018.03.07-07.29.33:850][784]LogModuleManager: Shutting down and abandoning module ImmediatePhysics (256)
[2018.03.07-07.29.33:850][784]LogModuleManager: Shutting down and abandoning module UdpMessaging (254)
[2018.03.07-07.29.33:950][784]LogModuleManager: Shutting down and abandoning module TcpMessaging (252)
[2018.03.07-07.29.34:095][784]LogModuleManager: Shutting down and abandoning module GameplayTagsEditor (250)
[2018.03.07-07.29.34:095][784]LogModuleManager: Shutting down and abandoning module FacialAnimationEditor (248)
[2018.03.07-07.29.34:095][784]LogModuleManager: Shutting down and abandoning module FacialAnimation (246)
[2018.03.07-07.29.34:095][784]LogModuleManager: Shutting down and abandoning module AssetManagerEditor (244)
[2018.03.07-07.29.34:095][784]LogModuleManager: Shutting down and abandoning module GraphEditor (243)
[2018.03.07-07.29.34:095][784]LogModuleManager: Shutting down and abandoning module ContentBrowser (241)
[2018.03.07-07.29.34:096][784]LogModuleManager: Shutting down and abandoning module LightPropagationVolumeRuntime (238)
[2018.03.07-07.29.34:096][784]LogModuleManager: Shutting down and abandoning module Paper2D (236)
[2018.03.07-07.29.34:096][784]LogModuleManager: Shutting down and abandoning module WindowsMoviePlayer (234)
[2018.03.07-07.29.34:096][784]LogModuleManager: Shutting down and abandoning module WmfMedia (232)
[2018.03.07-07.29.34:098][784]LogModuleManager: Shutting down and abandoning module ImgMedia (230)
[2018.03.07-07.29.34:098][784]LogModuleManager: Shutting down and abandoning module PacketHandler (228)
[2018.03.07-07.29.34:098][784]LogModuleManager: Shutting down and abandoning module ClothingSystemEditor (226)
[2018.03.07-07.29.34:098][784]LogModuleManager: Shutting down and abandoning module ClothingSystemRuntime (224)
[2018.03.07-07.29.34:098][784]LogModuleManager: Shutting down and abandoning module MediaAssets (222)
[2018.03.07-07.29.34:098][784]LogModuleManager: Shutting down and abandoning module Media (221)
[2018.03.07-07.29.34:104][784]LogModuleManager: Shutting down and abandoning module Overlay (218)
[2018.03.07-07.29.34:104][784]LogModuleManager: Shutting down and abandoning module OverlayEditor (217)
[2018.03.07-07.29.34:104][784]LogModuleManager: Shutting down and abandoning module VREditor (214)
[2018.03.07-07.29.34:104][784]LogModuleManager: Shutting down and abandoning module StringTableEditor (212)
[2018.03.07-07.29.34:104][784]LogModuleManager: Shutting down and abandoning module GameplayTasksEditor (210)
[2018.03.07-07.29.34:104][784]LogModuleManager: Shutting down and abandoning module BehaviorTreeEditor (208)
[2018.03.07-07.29.34:104][784]LogModuleManager: Shutting down and abandoning module FunctionalTesting (206)
[2018.03.07-07.29.34:104][784]LogModuleManager: Shutting down and abandoning module CollisionAnalyzer (204)
[2018.03.07-07.29.34:105][784]LogModuleManager: Shutting down and abandoning module WorkspaceMenuStructure (203)
[2018.03.07-07.29.34:105][784]LogModuleManager: Shutting down and abandoning module UMG (200)
[2018.03.07-07.29.34:105][784]LogModuleManager: Shutting down and abandoning module UMGEditor (199)
[2018.03.07-07.29.34:105][784]LogModuleManager: Shutting down and abandoning module Sequencer (198)
[2018.03.07-07.29.34:105][784]LogModuleManager: Shutting down and abandoning module MessageLog (195)
[2018.03.07-07.29.34:105][784]LogModuleManager: Shutting down and abandoning module SlateReflector (190)
[2018.03.07-07.29.34:105][784]LogModuleManager: Shutting down and abandoning module Slate (188)
[2018.03.07-07.29.34:105][784]LogModuleManager: Shutting down and abandoning module EditorStyle (186)
[2018.03.07-07.29.34:107][784]LogModuleManager: Shutting down and abandoning module MRMesh (184)
[2018.03.07-07.29.34:107][784]LogModuleManager: Shutting down and abandoning module SourceCodeAccess (182)
[2018.03.07-07.29.34:107][784]LogModuleManager: Shutting down and abandoning module HeadMountedDisplay (180)
[2018.03.07-07.29.34:107][784]LogModuleManager: Shutting down and abandoning module XAudio2 (178)
[2018.03.07-07.29.34:107][784]LogModuleManager: Shutting down and abandoning module Networking (176)
[2018.03.07-07.29.34:107][784]LogModuleManager: Shutting down and abandoning module Core (172)
[2018.03.07-07.29.34:107][784]LogModuleManager: Shutting down and abandoning module LevelSequence (168)
[2018.03.07-07.29.34:107][784]LogModuleManager: Shutting down and abandoning module DirectoryWatcher (166)
[2018.03.07-07.29.34:108][784]LogModuleManager: Shutting down and abandoning module KismetCompiler (164)
[2018.03.07-07.29.34:108][784]LogModuleManager: Shutting down and abandoning module MeshUtilities (162)
[2018.03.07-07.29.34:108][784]LogModuleManager: Shutting down and abandoning module MeshMergeUtilities (161)
[2018.03.07-07.29.34:108][784]LogModuleManager: Shutting down and abandoning module MeshReductionInterface (160)
[2018.03.07-07.29.34:108][784]LogModuleManager: Shutting down and abandoning module SimplygonSwarm (159)
[2018.03.07-07.29.34:108][784]LogModuleManager: Shutting down and abandoning module SimplygonMeshReduction (157)
[2018.03.07-07.29.34:108][784]LogModuleManager: Shutting down and abandoning module QuadricMeshReduction (155)
[2018.03.07-07.29.34:108][784]LogModuleManager: Shutting down and abandoning module MaterialBaking (151)
[2018.03.07-07.29.34:108][784]LogModuleManager: Shutting down and abandoning module DerivedDataCache (148)
[2018.03.07-07.29.34:134][784]LogDerivedDataCache: Shutdown
[2018.03.07-07.29.34:134][784]LogModuleManager: Shutting down and abandoning module TargetPlatform (146)
[2018.03.07-07.29.34:134][784]LogModuleManager: Shutting down and abandoning module VulkanShaderFormat (145)
[2018.03.07-07.29.34:134][784]LogModuleManager: Shutting down and abandoning module ShaderFormatVectorVM (143)
[2018.03.07-07.29.34:134][784]LogModuleManager: Shutting down and abandoning module ShaderFormatOpenGL (141)
[2018.03.07-07.29.34:134][784]LogModuleManager: Shutting down and abandoning module ShaderFormatD3D (139)
[2018.03.07-07.29.34:134][784]LogModuleManager: Shutting down and abandoning module MetalShaderFormat (137)
[2018.03.07-07.29.34:134][784]LogModuleManager: Shutting down and abandoning module TextureFormatUncompressed (135)
[2018.03.07-07.29.34:134][784]LogModuleManager: Shutting down and abandoning module TextureFormatPVR (133)
[2018.03.07-07.29.34:134][784]LogModuleManager: Shutting down and abandoning module TextureFormatDXT (131)
[2018.03.07-07.29.34:134][784]LogModuleManager: Shutting down and abandoning module TextureFormatIntelISPCTexComp (129)
[2018.03.07-07.29.34:134][784]LogModuleManager: Shutting down and abandoning module TextureFormatASTC (127)
[2018.03.07-07.29.34:134][784]LogModuleManager: Shutting down and abandoning module ImageWrapper (126)
[2018.03.07-07.29.34:134][784]LogModuleManager: Shutting down and abandoning module TextureFormatAndroid (123)
[2018.03.07-07.29.34:134][784]LogModuleManager: Shutting down and abandoning module AudioFormatOpus (121)
[2018.03.07-07.29.34:134][784]LogModuleManager: Shutting down and abandoning module AudioFormatOgg (119)
[2018.03.07-07.29.34:134][784]LogModuleManager: Shutting down and abandoning module AudioFormatADPCM (117)
[2018.03.07-07.29.34:134][784]LogModuleManager: Shutting down and abandoning module LinuxTargetPlatform (115)
[2018.03.07-07.29.34:134][784]LogModuleManager: Shutting down and abandoning module LinuxServerTargetPlatform (113)
[2018.03.07-07.29.34:134][784]LogModuleManager: Shutting down and abandoning module LinuxNoEditorTargetPlatform (111)
[2018.03.07-07.29.34:134][784]LogModuleManager: Shutting down and abandoning module LinuxClientTargetPlatform (109)
[2018.03.07-07.29.34:134][784]LogModuleManager: Shutting down and abandoning module TVOSTargetPlatform (107)
[2018.03.07-07.29.34:134][784]LogModuleManager: Shutting down and abandoning module Messaging (105)
[2018.03.07-07.29.34:134][784]LogModuleManager: Shutting down and abandoning module IOSTargetPlatform (103)
[2018.03.07-07.29.34:134][784]LogModuleManager: Shutting down and abandoning module HTML5TargetPlatform (101)
[2018.03.07-07.29.34:134][784]LogModuleManager: Shutting down and abandoning module Android_PVRTCTargetPlatform (99)
[2018.03.07-07.29.34:134][784]LogModuleManager: Shutting down and abandoning module Android_MultiTargetPlatform (97)
[2018.03.07-07.29.34:134][784]LogModuleManager: Shutting down and abandoning module Android_ETC2TargetPlatform (95)
[2018.03.07-07.29.34:134][784]LogModuleManager: Shutting down and abandoning module Android_ETC1TargetPlatform (93)
[2018.03.07-07.29.34:134][784]LogModuleManager: Shutting down and abandoning module Android_DXTTargetPlatform (91)
[2018.03.07-07.29.34:134][784]LogModuleManager: Shutting down and abandoning module Android_ATCTargetPlatform (89)
[2018.03.07-07.29.34:134][784]LogModuleManager: Shutting down and abandoning module Android_ASTCTargetPlatform (87)
[2018.03.07-07.29.34:134][784]LogModuleManager: Shutting down and abandoning module AndroidTargetPlatform (85)
[2018.03.07-07.29.34:134][784]LogModuleManager: Shutting down and abandoning module WindowsTargetPlatform (83)
[2018.03.07-07.29.34:134][784]LogModuleManager: Shutting down and abandoning module WindowsServerTargetPlatform (81)
[2018.03.07-07.29.34:134][784]LogModuleManager: Shutting down and abandoning module WindowsNoEditorTargetPlatform (79)
[2018.03.07-07.29.34:134][784]LogModuleManager: Shutting down and abandoning module WindowsClientTargetPlatform (77)
[2018.03.07-07.29.34:134][784]LogModuleManager: Shutting down and abandoning module MacTargetPlatform (75)
[2018.03.07-07.29.34:135][784]LogModuleManager: Shutting down and abandoning module MacServerTargetPlatform (73)
[2018.03.07-07.29.34:135][784]LogModuleManager: Shutting down and abandoning module MacNoEditorTargetPlatform (71)
[2018.03.07-07.29.34:135][784]LogModuleManager: Shutting down and abandoning module MacClientTargetPlatform (69)
[2018.03.07-07.29.34:135][784]LogModuleManager: Shutting down and abandoning module AllDesktopTargetPlatform (67)
[2018.03.07-07.29.34:135][784]LogModuleManager: Shutting down and abandoning module InputCore (64)
[2018.03.07-07.29.34:135][784]LogModuleManager: Shutting down and abandoning module Settings (62)
[2018.03.07-07.29.34:135][784]LogModuleManager: Shutting down and abandoning module PhysXCooking (60)
[2018.03.07-07.29.34:135][784]LogModuleManager: Shutting down and abandoning module SteamVR (58)
[2018.03.07-07.29.34:135][784]LogModuleManager: Shutting down and abandoning module OculusHMD (56)
[2018.03.07-07.29.34:135][784]LogModuleManager: Shutting down and abandoning module ExampleDeviceProfileSelector (54)
[2018.03.07-07.29.34:135][784]LogModuleManager: Shutting down and abandoning module AppleARKit (52)
[2018.03.07-07.29.34:135][784]LogModuleManager: Shutting down and abandoning module AugmentedReality (51)
[2018.03.07-07.29.34:135][784]LogModuleManager: Shutting down and abandoning module OnlineBlueprintSupport (48)
[2018.03.07-07.29.34:135][784]LogModuleManager: Shutting down and abandoning module OnlineSubsystem (44)
[2018.03.07-07.29.34:135][784]LogModuleManager: Shutting down and abandoning module XMPP (43)
[2018.03.07-07.29.34:135][784]LogModuleManager: Shutting down and abandoning module HTTP (41)
[2018.03.07-07.29.34:135][784]LogHttp: Display: Http module shutting down, but needs to wait on 1 outstanding Http requests:
[2018.03.07-07.29.34:135][784]LogHttp: Display: 	verb=[POST] url=[https://datarouter.ol.epicgames.com/datarouter/api/v1/public/data?SessionID=%7B09768F9E-480B-A288-D627-A1A432E8A84A%7D&AppID=UEEditor.Rocket.Release&AppVersion=4.18.3-3832480%2B%2B%2BUE4%2BRelease-4.18&UserID=b914ff53478b5f622d6555bf0841b6f9%7C86b6ae209afd4afba3857a84ef1c03f5%7C42b6a3b4-a436-4b48-864c-cd0cc8a0dc50&AppEnvironment=datacollector-binary&UploadType=eteventstream] status=Processing
[2018.03.07-07.29.34:166][784]LogModuleManager: Shutting down and abandoning module SSL (40)
[2018.03.07-07.29.34:167][784]LogModuleManager: Shutting down and abandoning module AnimationModifiers (36)
[2018.03.07-07.29.34:167][784]LogModuleManager: Shutting down and abandoning module PropertyEditor (35)
[2018.03.07-07.29.34:167][784]LogModuleManager: Shutting down and abandoning module AudioEditor (32)
[2018.03.07-07.29.34:167][784]LogModuleManager: Shutting down and abandoning module TextureCompressor (30)
[2018.03.07-07.29.34:167][784]LogModuleManager: Shutting down and abandoning module ShaderCore (28)
[2018.03.07-07.29.34:167][784]LogModuleManager: Shutting down and abandoning module Landscape (26)
[2018.03.07-07.29.34:167][784]LogModuleManager: Shutting down and abandoning module SlateRHIRenderer (24)
[2018.03.07-07.29.34:168][784]LogModuleManager: Shutting down and abandoning module OpenGLDrv (22)
[2018.03.07-07.29.34:169][784]LogModuleManager: Shutting down and abandoning module D3D11RHI (20)
[2018.03.07-07.29.34:169][784]LogModuleManager: Shutting down and abandoning module AnimGraphRuntime (18)
[2018.03.07-07.29.34:169][784]LogModuleManager: Shutting down and abandoning module Renderer (16)
[2018.03.07-07.29.34:169][784]LogModuleManager: Shutting down and abandoning module Engine (14)
[2018.03.07-07.29.34:169][784]LogModuleManager: Shutting down and abandoning module CoreUObject (12)
[2018.03.07-07.29.34:169][784]LogModuleManager: Shutting down and abandoning module NetworkFile (10)
[2018.03.07-07.29.34:169][784]LogModuleManager: Shutting down and abandoning module CookedIterativeFile (8)
[2018.03.07-07.29.34:169][784]LogModuleManager: Shutting down and abandoning module StreamingFile (6)
[2018.03.07-07.29.34:169][784]LogModuleManager: Shutting down and abandoning module SandboxFile (4)
[2018.03.07-07.29.34:169][784]LogModuleManager: Shutting down and abandoning module PakFile (2)
[2018.03.07-07.29.34:172][784]LogExit: Exiting.
[2018.03.07-07.29.34:191][784]Log file closed, 03/06/18 23:29:34
