Log file open, 04/04/18 20:54:45
LogWindows: Failed to load 'aqProf.dll' (GetLastError=126)
LogWindows: File 'aqProf.dll' does not exist
LogWindows: Failed to load 'VSPerf140.dll' (GetLastError=126)
LogWindows: File 'VSPerf140.dll' does not exist
LogWindows: Failed to load 'VtuneApi.dll' (GetLastError=126)
LogWindows: File 'VtuneApi.dll' does not exist
LogWindows: Failed to load 'VtuneApi32e.dll' (GetLastError=126)
LogWindows: File 'VtuneApi32e.dll' does not exist
LogInit: Display: Running engine for game: SushiShop
LogPlatformFile: Not using cached read wrapper
LogInit: Display: RandInit(1344411360) SRandInit(1344411360).
LogInit: Read version file with build ID '3709383'
LogInit: Overriding engine version to CL 3832480, compatible CL 3709383
LogInit: Registered custom module enumerator with build ID '3709383'
LogTaskGraph: Started task graph with 5 named threads and 14 total threads with 3 sets of task threads.
LogStats: Stats thread started at 0.149506
LogD3D11RHI: Aftermath initialized
LogModuleManager: Display: Found up-to-date module file ../../../Engine/Plugins/2D/Paper2D/Binaries/Win64/UE4Editor-Paper2D.dll (API version 3709383).
LogModuleManager: Display: Found up-to-date module file ../../../Engine/Plugins/2D/Paper2D/Binaries/Win64/UE4Editor-Paper2DEditor.dll (API version 3709383).
LogModuleManager: Display: Found up-to-date module file ../../../Engine/Plugins/2D/Paper2D/Binaries/Win64/UE4Editor-PaperSpriteSheetImporter.dll (API version 3709383).
LogModuleManager: Display: Found up-to-date module file ../../../Engine/Plugins/2D/Paper2D/Binaries/Win64/UE4Editor-PaperTiledImporter.dll (API version 3709383).
LogModuleManager: Display: Found up-to-date module file ../../../Engine/Plugins/2D/Paper2D/Binaries/Win64/UE4Editor-SmartSnapping.dll (API version 3709383).
LogModuleManager: Display: Found up-to-date module file ../../../Engine/Plugins/Blendables/LightPropagationVolume/Binaries/Win64/UE4Editor-LightPropagationVolumeRuntime.dll (API version 3709383).
LogModuleManager: Display: Found up-to-date module file ../../../Engine/Plugins/Blendables/LightPropagationVolume/Binaries/Win64/UE4Editor-LightPropagationVolumeEditor.dll (API version 3709383).
LogModuleManager: Display: Found up-to-date module file ../../../Engine/Plugins/Developer/GitSourceControl/Binaries/Win64/UE4Editor-GitSourceControl.dll (API version 3709383).
LogModuleManager: Display: Found up-to-date module file ../../../Engine/Plugins/Developer/PerforceSourceControl/Binaries/Win64/UE4Editor-PerforceSourceControl.dll (API version 3709383).
LogModuleManager: Display: Found up-to-date module file ../../../Engine/Plugins/Developer/SubversionSourceControl/Binaries/Win64/UE4Editor-SubversionSourceControl.dll (API version 3709383).
LogModuleManager: Display: Found up-to-date module file ../../../Engine/Plugins/Developer/UObjectPlugin/Binaries/Win64/UE4Editor-UObjectPlugin.dll (API version 3709383).
LogModuleManager: Display: Found up-to-date module file ../../../Engine/Plugins/Developer/VisualStudioCodeSourceCodeAccess/Binaries/Win64/UE4Editor-VisualStudioCodeSourceCodeAccess.dll (API version 3709383).
LogModuleManager: Display: Found up-to-date module file ../../../Engine/Plugins/Developer/VisualStudioSourceCodeAccess/Binaries/Win64/UE4Editor-VisualStudioSourceCodeAccess.dll (API version 3709383).
LogModuleManager: Display: Found up-to-date module file ../../../Engine/Plugins/Editor/AssetManagerEditor/Binaries/Win64/UE4Editor-AssetManagerEditor.dll (API version 3709383).
LogModuleManager: Display: Found up-to-date module file ../../../Engine/Plugins/Editor/AudioCapture/Binaries/Win64/UE4Editor-AudioCapture.dll (API version 3709383).
LogModuleManager: Display: Found up-to-date module file ../../../Engine/Plugins/Editor/FacialAnimation/Binaries/Win64/UE4Editor-FacialAnimation.dll (API version 3709383).
LogModuleManager: Display: Found up-to-date module file ../../../Engine/Plugins/Editor/FacialAnimation/Binaries/Win64/UE4Editor-FacialAnimationEditor.dll (API version 3709383).
LogModuleManager: Display: Found up-to-date module file ../../../Engine/Plugins/Editor/GameplayTagsEditor/Binaries/Win64/UE4Editor-GameplayTagsEditor.dll (API version 3709383).
LogModuleManager: Display: Found up-to-date module file ../../../Engine/Plugins/Editor/MobileLauncherProfileWizard/Binaries/Win64/UE4Editor-MobileLauncherProfileWizard.dll (API version 3709383).
LogModuleManager: Display: Found up-to-date module file ../../../Engine/Plugins/Editor/PluginBrowser/Binaries/Win64/UE4Editor-PluginBrowser.dll (API version 3709383).
LogModuleManager: Display: Found up-to-date module file ../../../Engine/Plugins/Editor/SpeedTreeImporter/Binaries/Win64/UE4Editor-SpeedTreeImporter.dll (API version 3709383).
LogModuleManager: Display: Found up-to-date module file ../../../Engine/Plugins/Experimental/AlembicImporter/Binaries/Win64/UE4Editor-AlembicImporter.dll (API version 3709383).
LogModuleManager: Display: Found up-to-date module file ../../../Engine/Plugins/Experimental/AlembicImporter/Binaries/Win64/UE4Editor-AlembicLibrary.dll (API version 3709383).
LogModuleManager: Display: Found up-to-date module file ../../../Engine/Plugins/Experimental/CharacterAI/Binaries/Win64/UE4Editor-CharacterAI.dll (API version 3709383).
LogModuleManager: Display: Found up-to-date module file ../../../Engine/Plugins/Experimental/HTML5Networking/Binaries/Win64/UE4Editor-HTML5Networking.dll (API version 3709383).
LogModuleManager: Display: Found up-to-date module file ../../../Engine/Plugins/Media/AndroidMedia/Binaries/Win64/UE4Editor-AndroidMediaEditor.dll (API version 3709383).
LogModuleManager: Display: Found up-to-date module file ../../../Engine/Plugins/Media/AndroidMedia/Binaries/Win64/UE4Editor-AndroidMediaFactory.dll (API version 3709383).
LogModuleManager: Display: Found up-to-date module file ../../../Engine/Plugins/Media/AvfMedia/Binaries/Win64/UE4Editor-AvfMediaEditor.dll (API version 3709383).
LogModuleManager: Display: Found up-to-date module file ../../../Engine/Plugins/Media/AvfMedia/Binaries/Win64/UE4Editor-AvfMediaFactory.dll (API version 3709383).
LogModuleManager: Display: Found up-to-date module file ../../../Engine/Plugins/Media/AvfMedia/Binaries/Win64/UE4Editor-AvfMediaFactory.dll (API version 3709383).
LogModuleManager: Display: Found up-to-date module file ../../../Engine/Plugins/Media/ImgMedia/Binaries/Win64/UE4Editor-ImgMedia.dll (API version 3709383).
LogModuleManager: Display: Found up-to-date module file ../../../Engine/Plugins/Media/ImgMedia/Binaries/Win64/UE4Editor-ImgMediaEditor.dll (API version 3709383).
LogModuleManager: Display: Found up-to-date module file ../../../Engine/Plugins/Media/ImgMedia/Binaries/Win64/UE4Editor-ImgMediaFactory.dll (API version 3709383).
LogModuleManager: Display: Found up-to-date module file ../../../Engine/Plugins/Media/ImgMedia/Binaries/Win64/UE4Editor-ImgMediaFactory.dll (API version 3709383).
LogModuleManager: Display: Found up-to-date module file ../../../Engine/Plugins/Media/ImgMedia/Binaries/Win64/UE4Editor-OpenExrWrapper.dll (API version 3709383).
LogModuleManager: Display: Found up-to-date module file ../../../Engine/Plugins/Media/MediaCompositing/Binaries/Win64/UE4Editor-MediaCompositing.dll (API version 3709383).
LogModuleManager: Display: Found up-to-date module file ../../../Engine/Plugins/Media/MediaCompositing/Binaries/Win64/UE4Editor-MediaCompositingEditor.dll (API version 3709383).
LogModuleManager: Display: Found up-to-date module file ../../../Engine/Plugins/Media/MediaPlayerEditor/Binaries/Win64/UE4Editor-MediaPlayerEditor.dll (API version 3709383).
LogModuleManager: Display: Found up-to-date module file ../../../Engine/Plugins/Media/WmfMedia/Binaries/Win64/UE4Editor-WmfMedia.dll (API version 3709383).
LogModuleManager: Display: Found up-to-date module file ../../../Engine/Plugins/Media/WmfMedia/Binaries/Win64/UE4Editor-WmfMediaEditor.dll (API version 3709383).
LogModuleManager: Display: Found up-to-date module file ../../../Engine/Plugins/Media/WmfMedia/Binaries/Win64/UE4Editor-WmfMediaFactory.dll (API version 3709383).
LogModuleManager: Display: Found up-to-date module file ../../../Engine/Plugins/Media/WmfMedia/Binaries/Win64/UE4Editor-WmfMediaFactory.dll (API version 3709383).
LogModuleManager: Display: Found up-to-date module file ../../../Engine/Plugins/Messaging/TcpMessaging/Binaries/Win64/UE4Editor-TcpMessaging.dll (API version 3709383).
LogModuleManager: Display: Found up-to-date module file ../../../Engine/Plugins/Messaging/UdpMessaging/Binaries/Win64/UE4Editor-UdpMessaging.dll (API version 3709383).
LogModuleManager: Display: Found up-to-date module file ../../../Engine/Plugins/MovieScene/ActorSequence/Binaries/Win64/UE4Editor-ActorSequence.dll (API version 3709383).
LogModuleManager: Display: Found up-to-date module file ../../../Engine/Plugins/MovieScene/LevelSequenceEditor/Binaries/Win64/UE4Editor-LevelSequenceEditor.dll (API version 3709383).
LogModuleManager: Display: Found up-to-date module file ../../../Engine/Plugins/MovieScene/MatineeToLevelSequence/Binaries/Win64/UE4Editor-MatineeToLevelSequence.dll (API version 3709383).
LogModuleManager: Display: Found up-to-date module file ../../../Engine/Plugins/Online/OnlineSubsystem/Binaries/Win64/UE4Editor-OnlineSubsystem.dll (API version 3709383).
LogModuleManager: Display: Found up-to-date module file ../../../Engine/Plugins/Runtime/AndroidPermission/Binaries/Win64/UE4Editor-AndroidPermission.dll (API version 3709383).
LogModuleManager: Display: Found up-to-date module file ../../../Engine/Plugins/Online/OnlineSubsystemNull/Binaries/Win64/UE4Editor-OnlineSubsystemNull.dll (API version 3709383).
LogModuleManager: Display: Found up-to-date module file ../../../Engine/Plugins/Online/OnlineSubsystemUtils/Binaries/Win64/UE4Editor-OnlineSubsystemUtils.dll (API version 3709383).
LogModuleManager: Display: Found up-to-date module file ../../../Engine/Plugins/Online/OnlineSubsystemUtils/Binaries/Win64/UE4Editor-OnlineBlueprintSupport.dll (API version 3709383).
LogModuleManager: Display: Found up-to-date module file ../../../Engine/Plugins/Runtime/AndroidDeviceProfileSelector/Binaries/Win64/UE4Editor-AndroidDeviceProfileSelector.dll (API version 3709383).
LogModuleManager: Display: Found up-to-date module file ../../../Engine/Plugins/Runtime/AppleARKit/Binaries/Win64/UE4Editor-AppleARKit.dll (API version 3709383).
LogModuleManager: Display: Found up-to-date module file ../../../Engine/Plugins/Runtime/ArchVisCharacter/Binaries/Win64/UE4Editor-ArchVisCharacter.dll (API version 3709383).
LogModuleManager: Display: Found up-to-date module file ../../../Engine/Plugins/Runtime/CableComponent/Binaries/Win64/UE4Editor-CableComponent.dll (API version 3709383).
LogModuleManager: Display: Found up-to-date module file ../../../Engine/Plugins/Runtime/CustomMeshComponent/Binaries/Win64/UE4Editor-CustomMeshComponent.dll (API version 3709383).
LogModuleManager: Display: Found up-to-date module file ../../../Engine/Plugins/Runtime/ExampleDeviceProfileSelector/Binaries/Win64/UE4Editor-ExampleDeviceProfileSelector.dll (API version 3709383).
LogModuleManager: Display: Found up-to-date module file ../../../Engine/Plugins/Runtime/ImmediatePhysics/Binaries/Win64/UE4Editor-ImmediatePhysics.dll (API version 3709383).
LogModuleManager: Display: Found up-to-date module file ../../../Engine/Plugins/Runtime/ImmediatePhysics/Binaries/Win64/UE4Editor-ImmediatePhysicsEditor.dll (API version 3709383).
LogModuleManager: Display: Found up-to-date module file ../../../Engine/Plugins/Runtime/LocationServicesBPLibrary/Binaries/Win64/UE4Editor-LocationServicesBPLibrary.dll (API version 3709383).
LogModuleManager: Display: Found up-to-date module file ../../../Engine/Plugins/Runtime/MobilePatchingUtils/Binaries/Win64/UE4Editor-MobilePatchingUtils.dll (API version 3709383).
LogModuleManager: Display: Found up-to-date module file ../../../Engine/Plugins/Runtime/Oculus/OculusVR/Binaries/Win64/UE4Editor-OculusHMD.dll (API version 3709383).
LogModuleManager: Display: Found up-to-date module file ../../../Engine/Plugins/Runtime/Oculus/OculusVR/Binaries/Win64/UE4Editor-OculusInput.dll (API version 3709383).
LogModuleManager: Display: Found up-to-date module file ../../../Engine/Plugins/Runtime/Oculus/OculusVR/Binaries/Win64/UE4Editor-OculusEditor.dll (API version 3709383).
LogModuleManager: Display: Found up-to-date module file ../../../Engine/Plugins/Runtime/PhysXVehicles/Binaries/Win64/UE4Editor-PhysXVehicles.dll (API version 3709383).
LogModuleManager: Display: Found up-to-date module file ../../../Engine/Plugins/Runtime/PhysXVehicles/Binaries/Win64/UE4Editor-PhysXVehiclesEditor.dll (API version 3709383).
LogModuleManager: Display: Found up-to-date module file ../../../Engine/Plugins/Runtime/ProceduralMeshComponent/Binaries/Win64/UE4Editor-ProceduralMeshComponent.dll (API version 3709383).
LogModuleManager: Display: Found up-to-date module file ../../../Engine/Plugins/Runtime/ProceduralMeshComponent/Binaries/Win64/UE4Editor-ProceduralMeshComponentEditor.dll (API version 3709383).
LogModuleManager: Display: Found up-to-date module file ../../../Engine/Plugins/Runtime/RuntimePhysXCooking/Binaries/Win64/UE4Editor-RuntimePhysXCooking.dll (API version 3709383).
LogModuleManager: Display: Found up-to-date module file ../../../Engine/Plugins/Runtime/Steam/SteamVR/Binaries/Win64/UE4Editor-SteamVR.dll (API version 3709383).
LogModuleManager: Display: Found up-to-date module file ../../../Engine/Plugins/Runtime/Steam/SteamVR/Binaries/Win64/UE4Editor-SteamVRController.dll (API version 3709383).
LogModuleManager: Display: Found up-to-date module file ../../../Engine/Plugins/Runtime/WindowsMoviePlayer/Binaries/Win64/UE4Editor-WindowsMoviePlayer.dll (API version 3709383).
LogPluginManager: Mounting plugin Paper2D
LogPluginManager: Mounting plugin LightPropagationVolume
LogPluginManager: Mounting plugin CodeLiteSourceCodeAccess
LogPluginManager: Mounting plugin GitSourceControl
LogPluginManager: Mounting plugin KDevelopSourceCodeAccess
LogPluginManager: Mounting plugin NullSourceCodeAccess
LogPluginManager: Mounting plugin PerforceSourceControl
LogPluginManager: Mounting plugin SubversionSourceControl
LogPluginManager: Mounting plugin UObjectPlugin
LogPluginManager: Mounting plugin VisualStudioCodeSourceCodeAccess
LogPluginManager: Mounting plugin VisualStudioSourceCodeAccess
LogPluginManager: Mounting plugin XCodeSourceCodeAccess
LogPluginManager: Mounting plugin AssetManagerEditor
LogPluginManager: Mounting plugin AudioCapture
LogPluginManager: Mounting plugin FacialAnimation
LogPluginManager: Mounting plugin GameplayTagsEditor
LogPluginManager: Mounting plugin MobileLauncherProfileWizard
LogPluginManager: Mounting plugin PluginBrowser
LogPluginManager: Mounting plugin SpeedTreeImporter
LogPluginManager: Mounting plugin AlembicImporter
LogPluginManager: Mounting plugin CharacterAI
LogPluginManager: Mounting plugin HTML5Networking
LogPluginManager: Mounting plugin AndroidMedia
LogPluginManager: Mounting plugin AvfMedia
LogPluginManager: Mounting plugin ImgMedia
LogPluginManager: Mounting plugin MediaCompositing
LogPluginManager: Mounting plugin MediaPlayerEditor
LogPluginManager: Mounting plugin WmfMedia
LogPluginManager: Mounting plugin TcpMessaging
LogPluginManager: Mounting plugin UdpMessaging
LogPluginManager: Mounting plugin ActorSequence
LogPluginManager: Mounting plugin LevelSequenceEditor
LogPluginManager: Mounting plugin MatineeToLevelSequence
LogPluginManager: Mounting plugin OnlineSubsystemGooglePlay
LogPluginManager: Mounting plugin OnlineSubsystemIOS
LogPluginManager: Mounting plugin OnlineSubsystem
LogPluginManager: Mounting plugin OnlineSubsystemNull
LogPluginManager: Mounting plugin OnlineSubsystemUtils
LogPluginManager: Mounting plugin AndroidDeviceProfileSelector
LogPluginManager: Mounting plugin AndroidMoviePlayer
LogPluginManager: Mounting plugin AndroidPermission
LogPluginManager: Mounting plugin AppleARKit
LogPluginManager: Mounting plugin AppleMoviePlayer
LogPluginManager: Mounting plugin ArchVisCharacter
LogPluginManager: Mounting plugin CableComponent
LogPluginManager: Mounting plugin CustomMeshComponent
LogPluginManager: Mounting plugin ExampleDeviceProfileSelector
LogPluginManager: Mounting plugin GoogleCloudMessaging
LogPluginManager: Mounting plugin ImmediatePhysics
LogPluginManager: Mounting plugin IOSDeviceProfileSelector
LogPluginManager: Mounting plugin LinuxDeviceProfileSelector
LogPluginManager: Mounting plugin LocationServicesBPLibrary
LogPluginManager: Mounting plugin MobilePatchingUtils
LogPluginManager: Mounting plugin OculusVR
LogPluginManager: Plugin shader directory ../../../Engine/Plugins/Runtime/Oculus/OculusVR/Shaders found
LogPluginManager: Mapping shader source directory ../../../Engine/Plugins/Runtime/Oculus/OculusVR/Shaders to virtual directory /Plugin/OculusVR
LogPluginManager: Mounting plugin PhysXVehicles
LogPluginManager: Mounting plugin ProceduralMeshComponent
LogPluginManager: Mounting plugin RuntimePhysXCooking
LogPluginManager: Mounting plugin SteamVR
LogPluginManager: Mounting plugin WindowsMoviePlayer
LogInit: Using libcurl 7.47.1
LogInit:  - built for x86_64-pc-win32
LogInit:  - supports SSL with OpenSSL/1.0.2g
LogInit:  - supports HTTP deflate (compression) using libz 1.2.8
LogInit:  - other features:
LogInit:      CURL_VERSION_SSL
LogInit:      CURL_VERSION_LIBZ
LogInit:      CURL_VERSION_IPV6
LogInit:      CURL_VERSION_ASYNCHDNS
LogInit:      CURL_VERSION_LARGEFILE
LogInit:      CURL_VERSION_IDN
LogInit:  CurlRequestOptions (configurable via config and command line):
LogInit:  - bVerifyPeer = false  - Libcurl will NOT verify peer certificate
LogInit:  - bUseHttpProxy = false  - Libcurl will NOT use HTTP proxy
LogInit:  - bDontReuseConnections = false  - Libcurl will reuse connections
LogInit:  - CertBundlePath = nullptr  - Libcurl will use whatever was configured at build time.
LogInit: Build: ++UE4+Release-4.18-CL-3832480
LogInit: Engine Version: 4.18.3-3832480+++UE4+Release-4.18
LogInit: Compatible Engine Version: 4.18.0-3709383+++UE4+Release-4.18
LogInit: Net CL: 3709383
LogDevObjectVersion: Number of dev versions registered: 16
LogDevObjectVersion:   Dev-Blueprints (B0D832E4-1F89-4F0D-ACCF-7EB736FD4AA2): 10
LogDevObjectVersion:   Dev-Build (E1C64328-A22C-4D53-A36C-8E866417BD8C): 0
LogDevObjectVersion:   Dev-Core (375EC13C-06E4-48FB-B500-84F0262A717E): 2
LogDevObjectVersion:   Dev-Editor (E4B068ED-F494-42E9-A231-DA0B2E46BB41): 20
LogDevObjectVersion:   Dev-Framework (CFFC743F-43B0-4480-9391-14DF171D2073): 30
LogDevObjectVersion:   Dev-Mobile (B02B49B5-BB20-44E9-A304-32B752E40360): 0
LogDevObjectVersion:   Dev-Networking (A4E4105C-59A1-49B5-A7C5-40C4547EDFEE): 0
LogDevObjectVersion:   Dev-Online (39C831C9-5AE6-47DC-9A44-9C173E1C8E7C): 0
LogDevObjectVersion:   Dev-Physics (78F01B33-EBEA-4F98-B9B4-84EACCB95AA2): 0
LogDevObjectVersion:   Dev-Platform (6631380F-2D4D-43E0-8009-CF276956A95A): 0
LogDevObjectVersion:   Dev-Rendering (12F88B9F-8875-4AFC-A67C-D90C383ABD29): 20
LogDevObjectVersion:   Dev-Sequencer (7B5AE74C-D270-4C10-A958-57980B212A5A): 4
LogDevObjectVersion:   Dev-VR (D7296918-1DD6-4BDD-9DE2-64A83CC13884): 0
LogDevObjectVersion:   Dev-LoadTimes (C2A15278-BFE7-4AFE-6C17-90FF531DF755): 1
LogDevObjectVersion:   Private-Geometry (6EACA3D4-40EC-4CC1-B786-8BED09428FC5): 1
LogDevObjectVersion:   Dev-AnimPhys (29E575DD-E0A3-4627-9D10-D276232CDCEA): 12
LogInit: Compiled (64-bit): Jan 12 2018 02:04:55
LogInit: Compiled with Visual C++: 19.00.24215.01
LogInit: Build Configuration: Development
LogInit: Branch Name: ++UE4+Release-4.18
LogInit: Command line:  
LogInit: Base directory: C:/Program Files/Epic Games/UE_4.18/Engine/Binaries/Win64/
LogInit: Installed Engine Build: 1
LogInit: Presizing for max 8388607 objects, including 0 objects not considered by GC, pre-allocating 0 bytes for permanent pool.
LogInit: Object subsystem initialized
[2018.04.05-03.54.46:663][  0]LogInit: Selected Device Profile: [Windows]
[2018.04.05-03.54.46:663][  0]LogInit: Applying CVar settings loaded from the selected device profile: [Windows]
[2018.04.05-03.54.46:672][  0]LogInit: Computer: DESKTOP-TMTLRPJ
[2018.04.05-03.54.46:672][  0]LogInit: User: GameDevClub
[2018.04.05-03.54.46:672][  0]LogInit: CPU Page size=4096, Cores=4
[2018.04.05-03.54.46:672][  0]LogInit: High frequency timer resolution =4.101573 MHz
[2018.04.05-03.54.46:672][  0]LogMemory: Memory total: Physical=16.0GB (16GB approx)
[2018.04.05-03.54.46:672][  0]LogMemory: Platform Memory Stats for Windows
[2018.04.05-03.54.46:672][  0]LogMemory: Process Physical Memory: 280.43 MB used, 280.43 MB peak
[2018.04.05-03.54.46:672][  0]LogMemory: Process Virtual Memory: 280.26 MB used, 280.26 MB peak
[2018.04.05-03.54.46:672][  0]LogMemory: Physical Memory: 4363.29 MB used,  11983.84 MB free, 16347.13 MB total
[2018.04.05-03.54.46:672][  0]LogMemory: Virtual Memory: 744.75 MB used,  11983.84 MB free, 134217728.00 MB total
[2018.04.05-03.54.46:770][  0]LogInit: Using OS detected language (en-US).
[2018.04.05-03.54.46:770][  0]LogInit: Using OS detected locale (en-US).
[2018.04.05-03.54.46:772][  0]LogTextLocalizationManager: No specific localization for 'en-US' exists, so the 'en' localization will be used.
[2018.04.05-03.54.47:052][  0]LogInit: Setting process to per monitor DPI aware
[2018.04.05-03.54.47:228][  0]LogD3D11RHI: D3D11 adapters:
[2018.04.05-03.54.47:257][  0]LogD3D11RHI:    0. 'NVIDIA GeForce GTX 1080 Ti' (Feature Level 11_0)
[2018.04.05-03.54.47:257][  0]LogD3D11RHI:       11127/0/8173 MB DedicatedVideo/DedicatedSystem/SharedSystem, Outputs:3, VendorId:0x10de
[2018.04.05-03.54.47:258][  0]LogD3D11RHI:    1. 'Microsoft Basic Render Driver' (Feature Level 11_0)
[2018.04.05-03.54.47:258][  0]LogD3D11RHI:       0/0/8173 MB DedicatedVideo/DedicatedSystem/SharedSystem, Outputs:0, VendorId:0x1414
[2018.04.05-03.54.47:258][  0]LogD3D11RHI: Chosen D3D11 Adapter: 0
[2018.04.05-03.54.47:263][  0]LogD3D11RHI: Creating new Direct3DDevice
[2018.04.05-03.54.47:263][  0]LogD3D11RHI:     GPU DeviceId: 0x1b06 (for the marketing name, search the web for "GPU Device Id")
[2018.04.05-03.54.47:263][  0]LogWindows: EnumDisplayDevices:
[2018.04.05-03.54.47:264][  0]LogWindows:    0. 'NVIDIA GeForce GTX 1080 Ti' (P:1 D:1)
[2018.04.05-03.54.47:264][  0]LogWindows:    1. 'NVIDIA GeForce GTX 1080 Ti' (P:0 D:1)
[2018.04.05-03.54.47:264][  0]LogWindows:    2. 'NVIDIA GeForce GTX 1080 Ti' (P:0 D:1)
[2018.04.05-03.54.47:264][  0]LogWindows:    3. 'NVIDIA GeForce GTX 1080 Ti' (P:0 D:0)
[2018.04.05-03.54.47:264][  0]LogWindows: DebugString: GetVideoDriverDetailsInvalid PrimaryIsNotTheChoosenAdapter GetVideoDriverDetailsInvalid PrimaryIsNotTheChoosenAdapter GetVideoDriverDetailsInvalid PrimaryIsNotTheChoosenAdapter GetVideoDriverDetailsInvalid PrimaryIsNotTheChoosenAdapter FoundDriverCount:0 
[2018.04.05-03.54.47:264][  0]LogD3D11RHI:     Adapter Name: NVIDIA GeForce GTX 1080 Ti
[2018.04.05-03.54.47:264][  0]LogD3D11RHI:   Driver Version: Unknown (internal:Unknown, unified:Unknown)
[2018.04.05-03.54.47:264][  0]LogD3D11RHI:      Driver Date: Unknown
[2018.04.05-03.54.47:264][  0]LogRHI: Texture pool is 7788 MB (70% of 11127 MB)
[2018.04.05-03.54.47:284][  0]LogD3D11RHI: Async texture creation enabled
[2018.04.05-03.54.47:330][  0]LogD3D11RHI: GPU Timing Frequency: 1000.000000 (Debug: 2 2)
[2018.04.05-03.54.47:427][  0]LogShaderCompilers: Guid format shader working directory is -21 characters bigger than the processId version (../../../../../../Users/GameDevClub/Documents/GitHub/SushiShop/SushiShop/Intermediate/Shaders/WorkingDirectory/16276/).
[2018.04.05-03.54.47:427][  0]LogShaderCompilers: Cleaned the shader compiler working directory 'C:/Users/GameDevClub/AppData/Local/Temp/UnrealShaderWorkingDir/760568284E90A63486C0DEAA32058296/'.
[2018.04.05-03.54.47:427][  0]LogShaderCompilers: Display: Using Local Shader Compiler.
[2018.04.05-03.54.48:072][  0]LogTemp: Display: Loaded TP AllDesktopTargetPlatform
[2018.04.05-03.54.48:108][  0]LogTemp: Display: Loaded TP MacClientTargetPlatform
[2018.04.05-03.54.48:143][  0]LogTemp: Display: Loaded TP MacNoEditorTargetPlatform
[2018.04.05-03.54.48:179][  0]LogTemp: Display: Loaded TP MacServerTargetPlatform
[2018.04.05-03.54.48:216][  0]LogTemp: Display: Loaded TP MacTargetPlatform
[2018.04.05-03.54.48:252][  0]LogTemp: Display: Loaded TP WindowsClientTargetPlatform
[2018.04.05-03.54.48:288][  0]LogTemp: Display: Loaded TP WindowsNoEditorTargetPlatform
[2018.04.05-03.54.48:324][  0]LogTemp: Display: Loaded TP WindowsServerTargetPlatform
[2018.04.05-03.54.48:356][  0]LogTemp: Display: Loaded TP WindowsTargetPlatform
[2018.04.05-03.54.48:391][  0]LogTemp: Display: Loaded TP Android_ASTCTargetPlatform
[2018.04.05-03.54.48:425][  0]LogTemp: Display: Loaded TP Android_ATCTargetPlatform
[2018.04.05-03.54.48:459][  0]LogTemp: Display: Loaded TP Android_DXTTargetPlatform
[2018.04.05-03.54.48:495][  0]LogTemp: Display: Loaded TP Android_ETC1TargetPlatform
[2018.04.05-03.54.48:531][  0]LogTemp: Display: Loaded TP Android_ETC2TargetPlatform
[2018.04.05-03.54.48:602][  0]LogTemp: Display: Loaded TP Android_MultiTargetPlatform
[2018.04.05-03.54.48:602][  0]LogTemp: Display: Loaded TP Android_PVRTCTargetPlatform
[2018.04.05-03.54.48:637][  0]LogTemp: Display: Loaded TP AndroidTargetPlatform
[2018.04.05-03.54.48:664][  0]LogTemp: Display: Loaded TP HTML5TargetPlatform
[2018.04.05-03.54.48:733][  0]LogTemp: Display: Loaded TP IOSTargetPlatform
[2018.04.05-03.54.48:751][  0]LogTemp: Display: Loaded TP TVOSTargetPlatform
[2018.04.05-03.54.48:786][  0]LogTemp: Display: Loaded TP LinuxClientTargetPlatform
[2018.04.05-03.54.48:820][  0]LogTemp: Display: Loaded TP LinuxNoEditorTargetPlatform
[2018.04.05-03.54.48:855][  0]LogTemp: Display: Loaded TP LinuxServerTargetPlatform
[2018.04.05-03.54.48:890][  0]LogTemp: Display: Loaded TP LinuxTargetPlatform
[2018.04.05-03.54.48:890][  0]LogTargetPlatformManager: Display: Building Assets For Windows
[2018.04.05-03.54.49:206][  0]LogDerivedDataCache: Display: Max Cache Size: 512 MB
[2018.04.05-03.54.49:255][  0]LogDerivedDataCache: Loaded boot cache 0.05s 83MB C:/Users/GameDevClub/AppData/Local/UnrealEngine/4.18/DerivedDataCache/Boot.ddc.
[2018.04.05-03.54.49:255][  0]LogDerivedDataCache: Display: Loaded Boot cache: C:/Users/GameDevClub/AppData/Local/UnrealEngine/4.18/DerivedDataCache/Boot.ddc
[2018.04.05-03.54.49:255][  0]LogDerivedDataCache: FDerivedDataBackendGraph:  Pak pak cache file ../../../../../../Users/GameDevClub/Documents/GitHub/SushiShop/SushiShop/DerivedDataCache/DDC.ddp not found, will not use a pak cache.
[2018.04.05-03.54.49:255][  0]LogDerivedDataCache: Unable to find inner node Pak for hierarchical cache Hierarchy.
[2018.04.05-03.54.49:255][  0]LogDerivedDataCache: FDerivedDataBackendGraph:  CompressedPak pak cache file ../../../../../../Users/GameDevClub/Documents/GitHub/SushiShop/SushiShop/DerivedDataCache/Compressed.ddp not found, will not use a pak cache.
[2018.04.05-03.54.49:255][  0]LogDerivedDataCache: Unable to find inner node CompressedPak for hierarchical cache Hierarchy.
[2018.04.05-03.54.49:267][  0]LogDerivedDataCache: Display: Pak cache opened for reading ../../../Engine/DerivedDataCache/Compressed.ddp.
[2018.04.05-03.54.49:278][  0]LogDerivedDataCache: Using Local data cache path C:/Users/GameDevClub/AppData/Local/UnrealEngine/Common/DerivedDataCache: Writable
[2018.04.05-03.54.49:285][  0]LogMaterial: Verifying Global Shaders for PCD3D_SM5
[2018.04.05-03.54.49:285][  0]LogSlate: Using Freetype 2.6.0
[2018.04.05-03.54.49:285][  0]LogSlate: SlateFontCache - WITH_FREETYPE: 1, WITH_HARFBUZZ: 1
[2018.04.05-03.54.49:285][  0]LogSlate: SlateFontCache - WITH_FREETYPE: 1, WITH_HARFBUZZ: 1
[2018.04.05-03.54.49:529][  0]LogInit: Selected Device Profile: [Windows]
[2018.04.05-03.54.49:758][  0]LogSimplygon: Simplygon DLL not present - disabling.
[2018.04.05-03.54.49:786][  0]LogMeshReduction: Using SimplygonSwarm for distributed automatic mesh merging
[2018.04.05-03.54.49:786][  0]LogMeshReduction: Using QuadricMeshReduction for automatic static mesh reduction
[2018.04.05-03.54.49:786][  0]LogMeshReduction: No automatic skeletal mesh reduction module available
[2018.04.05-03.54.49:786][  0]LogMeshReduction: No automatic mesh merging module available
[2018.04.05-03.54.49:786][  0]LogMeshMerging: No automatic mesh merging module available
[2018.04.05-03.54.49:809][  0]LogNetVersion: SushiShop , NetCL: 3709383, EngineNetVer: 2, GameNetVer: 0 (Checksum: 2343829258)
[2018.04.05-03.54.49:926][  0]LogAssetRegistry: FAssetRegistry took 0.0248 seconds to start up
[2018.04.05-03.54.50:264][  0]LogPackageLocalizationCache: Processed 7 localized package path(s) for 2 prioritized culture(s) in 0.046654 seconds
[2018.04.05-03.54.50:268][  0]LogUObjectArray: 35870 objects as part of root set at end of initial load.
[2018.04.05-03.54.50:268][  0]LogUObjectAllocator: 7363696 out of 0 bytes used by permanent object pool.
[2018.04.05-03.54.50:268][  0]LogUObjectArray: CloseDisregardForGC: 0/0 objects in disregard for GC pool
[2018.04.05-03.54.50:303][  0]LogInit: WinSock: version 1.1 (2.2), MaxSocks=32767, MaxUdp=65467
[2018.04.05-03.54.52:132][  0]LogTcpMessaging: Initializing TcpMessaging bridge
[2018.04.05-03.54.52:168][  0]LogUdpMessaging: Initializing bridge on interface 0.0.0.0:0 to multicast group 230.0.0.1:6666.
[2018.04.05-03.54.52:636][  0]LogMaterial: Missing cached shader map for material BaseColor, compiling. 
[2018.04.05-03.54.52:636][  0]LogMaterial: Warning: C:\Program Files\Epic Games\UE_4.18\Engine\Content\BufferVisualization\BaseColor.uasset: Failed to compile Material for platform PCD3D_SM5, Default Material will be used in game.
[2018.04.05-03.54.52:637][  0]LogMaterial: 	(Node SceneTexture) GBuffer scene textures not available with forward shading.
[2018.04.05-03.54.52:651][  0]LogMaterial: Uniform references updated for custom material expression Custom.
[2018.04.05-03.54.52:657][  0]LogMaterial: Missing cached shader map for material LightingModel, compiling. 
[2018.04.05-03.54.52:657][  0]LogMaterial: Warning: C:\Program Files\Epic Games\UE_4.18\Engine\Content\BufferVisualization\LightingModel.uasset: Failed to compile Material for platform PCD3D_SM5, Default Material will be used in game.
[2018.04.05-03.54.52:657][  0]LogMaterial: 	(Node SceneTexture) GBuffer scene textures not available with forward shading.
[2018.04.05-03.54.52:659][  0]LogMaterial: Missing cached shader map for material MaterialAO, compiling. 
[2018.04.05-03.54.52:659][  0]LogMaterial: Warning: C:\Program Files\Epic Games\UE_4.18\Engine\Content\BufferVisualization\MaterialAO.uasset: Failed to compile Material for platform PCD3D_SM5, Default Material will be used in game.
[2018.04.05-03.54.52:659][  0]LogMaterial: 	(Node SceneTexture) GBuffer scene textures not available with forward shading.
[2018.04.05-03.54.52:660][  0]LogMaterial: Missing cached shader map for material Metallic, compiling. 
[2018.04.05-03.54.52:661][  0]LogMaterial: Warning: C:\Program Files\Epic Games\UE_4.18\Engine\Content\BufferVisualization\Metallic.uasset: Failed to compile Material for platform PCD3D_SM5, Default Material will be used in game.
[2018.04.05-03.54.52:661][  0]LogMaterial: 	(Node SceneTexture) GBuffer scene textures not available with forward shading.
[2018.04.05-03.54.52:662][  0]LogMaterial: Missing cached shader map for material Opacity, compiling. 
[2018.04.05-03.54.52:662][  0]LogMaterial: Warning: C:\Program Files\Epic Games\UE_4.18\Engine\Content\BufferVisualization\Opacity.uasset: Failed to compile Material for platform PCD3D_SM5, Default Material will be used in game.
[2018.04.05-03.54.52:662][  0]LogMaterial: 	(Node SceneTexture) GBuffer scene textures not available with forward shading.
[2018.04.05-03.54.52:664][  0]LogMaterial: Missing cached shader map for material Roughness, compiling. 
[2018.04.05-03.54.52:664][  0]LogMaterial: Warning: C:\Program Files\Epic Games\UE_4.18\Engine\Content\BufferVisualization\Roughness.uasset: Failed to compile Material for platform PCD3D_SM5, Default Material will be used in game.
[2018.04.05-03.54.52:664][  0]LogMaterial: 	(Node SceneTexture) GBuffer scene textures not available with forward shading.
[2018.04.05-03.54.52:675][  0]LogMaterial: Missing cached shader map for material Specular, compiling. 
[2018.04.05-03.54.52:675][  0]LogMaterial: Warning: C:\Program Files\Epic Games\UE_4.18\Engine\Content\BufferVisualization\Specular.uasset: Failed to compile Material for platform PCD3D_SM5, Default Material will be used in game.
[2018.04.05-03.54.52:675][  0]LogMaterial: 	(Node SceneTexture) GBuffer scene textures not available with forward shading.
[2018.04.05-03.54.52:677][  0]LogMaterial: Missing cached shader map for material SubsurfaceColor, compiling. 
[2018.04.05-03.54.52:677][  0]LogMaterial: Warning: C:\Program Files\Epic Games\UE_4.18\Engine\Content\BufferVisualization\SubsurfaceColor.uasset: Failed to compile Material for platform PCD3D_SM5, Default Material will be used in game.
[2018.04.05-03.54.52:677][  0]LogMaterial: 	(Node SceneTexture) GBuffer scene textures not available with forward shading.
[2018.04.05-03.54.52:679][  0]LogMaterial: Missing cached shader map for material WorldNormal, compiling. 
[2018.04.05-03.54.52:679][  0]LogMaterial: Warning: C:\Program Files\Epic Games\UE_4.18\Engine\Content\BufferVisualization\WorldNormal.uasset: Failed to compile Material for platform PCD3D_SM5, Default Material will be used in game.
[2018.04.05-03.54.52:679][  0]LogMaterial: 	(Node SceneTexture) GBuffer scene textures not available with forward shading.
[2018.04.05-03.54.52:935][  0]SourceControl: Source control is disabled
[2018.04.05-03.54.52:935][  0]SourceControl: Source control is disabled
[2018.04.05-03.54.52:972][  0]SourceControl: Source control is disabled
[2018.04.05-03.54.53:008][  0]SourceControl: Source control is disabled
[2018.04.05-03.54.53:569][  0]LogAndroidPermission: UAndroidPermissionCallbackProxy::GetInstance
[2018.04.05-03.54.53:755][  0]LogOcInput: OculusInput pre-init called
[2018.04.05-03.54.53:956][  0]LogEngine: Initializing Engine...
[2018.04.05-03.54.53:957][  0]LogHMD: Oculus plugin initialized. Version: 4.18.3-3832480+++UE4+Release-4.18, OVRPlugin: 1.19.0
[2018.04.05-03.54.54:104][  0]LogStats: UGameplayTagsManager::ConstructGameplayTagTree: Construct from data asset -  0.000 s
[2018.04.05-03.54.54:104][  0]LogStats: UGameplayTagsManager::ConstructGameplayTagTree: GameplayTagTreeChangedEvent.Broadcast -  0.000 s
[2018.04.05-03.54.54:194][  0]LogAIModule: Creating AISystem for world Untitled
[2018.04.05-03.54.54:201][  0]LogInit: XAudio2 using 'Headphones (Rift Audio)' : 2 channels at 48 kHz using 16 bits per sample (channel mask 0x3)
[2018.04.05-03.54.54:209][  0]LogInit: FAudioDevice initialized.
[2018.04.05-03.54.54:249][  0]LogDerivedDataCache: Saved boot cache 0.04s 83MB C:/Users/GameDevClub/AppData/Local/UnrealEngine/4.18/DerivedDataCache/Boot.ddc.
[2018.04.05-03.54.54:257][  0]LogInit: Texture streaming: Enabled
[2018.04.05-03.54.54:324][  0]LogEngineSessionManager: EngineSessionManager initialized
[2018.04.05-03.54.54:324][  0]LogEngineSessionManager: EngineSessionManager sent abnormal shutdown report. Type=Crashed, SessionId={121B4BA1-4193-5B6C-F742-92A2FC1AAFD7}
[2018.04.05-03.54.54:412][  0]LogInit: Transaction tracking system initialized
[2018.04.05-03.54.54:627][  0]BlueprintLog: New page: Editor Load
[2018.04.05-03.54.55:230][  0]LocalizationService: Localization service is disabled
[2018.04.05-03.54.55:750][  0]LogConsoleResponse: Display: 
[2018.04.05-03.54.55:874][  0]LogCook: Display: Max memory allowance for cook 16384mb min free memory 0mb
[2018.04.05-03.54.55:874][  0]LogCook: Display: Mobile HDR setting 1
[2018.04.05-03.54.55:874][  0]LogGameplayTags: Display: UGameplayTagsManager::DoneAddingNativeTags. DelegateIsBound: 0
[2018.04.05-03.54.56:236][  0]LogFileCache: Scanning file cache for directory 'C:/Users/GameDevClub/Documents/GitHub/SushiShop/SushiShop/Content/' took 0.01s
[2018.04.05-03.54.56:690][  0]SourceControl: Source control is disabled
[2018.04.05-03.54.56:690][  0]Cmd: MAP LOAD FILE="../../../../../../Users/GameDevClub/Documents/GitHub/SushiShop/SushiShop/Content/VirtualRealityBP/Maps/StartupMap.umap" TEMPLATE=0 SHOWPROGRESS=1 FEATURELEVEL=3
[2018.04.05-03.54.56:690][  0]LightingResults: New page: Lighting Build
[2018.04.05-03.54.56:718][  0]MapCheck: New page: Map Check
[2018.04.05-03.54.56:718][  0]LightingResults: New page: Lighting Build
[2018.04.05-03.54.56:790][  0]LogAIModule: Creating AISystem for world StartupMap
[2018.04.05-03.54.56:794][  0]LogEditorServer: Finished looking for orphan Actors (0.000 secs)
[2018.04.05-03.54.56:800][  0]Cmd: MAP CHECKDEP NOCLEARLOG
[2018.04.05-03.54.56:832][  0]MapCheck: Map check complete: 0 Error(s), 0 Warning(s), took 31.344ms to complete.
[2018.04.05-03.54.56:832][  0]LogFileHelpers: Loading map 'StartupMap' took 0.143
[2018.04.05-03.54.56:995][  0]LogCollectionManager: Loaded 0 collections in 0.001216 seconds
[2018.04.05-03.54.57:065][  0]LogFileCache: Scanning file cache for directory 'C:/Users/GameDevClub/Documents/GitHub/SushiShop/SushiShop/Saved/Collections/' took 0.01s
[2018.04.05-03.54.57:065][  0]LogFileCache: Scanning file cache for directory 'C:/Users/GameDevClub/Documents/GitHub/SushiShop/SushiShop/Content/Developers/GameDevClub/Collections/' took 0.01s
[2018.04.05-03.54.57:065][  0]LogFileCache: Scanning file cache for directory 'C:/Users/GameDevClub/Documents/GitHub/SushiShop/SushiShop/Content/Collections/' took 0.01s
[2018.04.05-03.54.57:065][  0]LogCollectionManager: Rebuilt the GUID cache for 0 collections in 0.000000 seconds
[2018.04.05-03.54.57:071][  0]LogContentBrowser: Native class hierarchy populated in 0.0055 seconds. Added 2364 classes and 521 folders.
[2018.04.05-03.54.57:116][  0]LogContentBrowser: Native class hierarchy updated for 'WidgetCarousel' in 0.0001 seconds. Added 0 classes and 0 folders.
[2018.04.05-03.54.57:142][  0]LogContentBrowser: Native class hierarchy updated for 'AddContentDialog' in 0.0001 seconds. Added 0 classes and 0 folders.
[2018.04.05-03.54.57:182][  0]LogSlate: Took 0.000181 seconds to synchronously load lazily loaded font '../../../Engine/Content/Slate/Fonts/Roboto-Regular.ttf' (155K)
[2018.04.05-03.54.57:186][  0]LogSlate: Took 0.000194 seconds to synchronously load lazily loaded font '../../../Engine/Content/Slate/Fonts/Roboto-Bold.ttf' (160K)
[2018.04.05-03.54.57:252][  0]LogRenderer: Reallocating scene render targets to support 916x504 Format 26 NumSamples 1 (Frame:1).
[2018.04.05-03.54.57:356][  0]LogContentBrowser: Native class hierarchy updated for 'HierarchicalLODOutliner' in 0.0002 seconds. Added 1 classes and 2 folders.
[2018.04.05-03.54.57:356][  0]LogLoad: (Engine Initialization) Total time: 12.39 seconds
[2018.04.05-03.54.57:356][  0]LogLoad: (Engine Initialization) Total Blueprint compile time: 0.00 seconds
[2018.04.05-03.54.57:356][  0]LogExternalProfiler: No external profilers were discovered.  External profiling features will not be available.
[2018.04.05-03.54.57:366][  0]LogWindowsTextInputMethodSystem: Display: IME system now deactivated.
[2018.04.05-03.54.57:371][  0]LogOcInput: OculusInput is initialized
[2018.04.05-03.54.57:387][  0]LogAssetRegistry: Asset discovery search completed in 7.4838 seconds
[2018.04.05-03.54.57:389][  0]LogCollectionManager: Rebuilt the object cache for 0 collections in 0.000000 seconds (found 0 objects)
[2018.04.05-03.54.57:389][  0]LogCollectionManager: Fixed up redirectors for 0 collections in 0.000042 seconds (updated 0 objects)
[2018.04.05-03.54.57:391][  0]LogContentStreaming: Texture pool size now 1000 MB
[2018.04.05-03.54.58:388][114]LogSlate: Took 0.000131 seconds to synchronously load lazily loaded font '../../../Engine/Content/Slate/Fonts/Roboto-Light.ttf' (159K)
[2018.04.05-03.55.00:241][312]LogSlate: Took 0.000119 seconds to synchronously load lazily loaded font '../../../Engine/Content/Slate/Fonts/Roboto-Light.ttf' (159K)
[2018.04.05-03.55.00:458][312]LogContentBrowser: Native class hierarchy updated for 'BlueprintGraph' in 0.0004 seconds. Added 116 classes and 0 folders.
[2018.04.05-03.55.00:918][312]LogSlate: Took 0.000130 seconds to synchronously load lazily loaded font '../../../Engine/Content/Editor/Slate/Fonts/FontAwesome.ttf' (139K)
[2018.04.05-03.55.02:149][454]LogSlate: Took 0.000137 seconds to synchronously load lazily loaded font '../../../Engine/Content/Editor/Slate/Fonts/Roboto-BoldCondensed.ttf' (158K)
[2018.04.05-03.55.02:193][455]LogSlate: Took 0.000126 seconds to synchronously load lazily loaded font '../../../Engine/Content/Editor/Slate/Fonts/Roboto-Italic.ttf' (157K)
[2018.04.05-03.55.10:296][377]LogRenderer: Reallocating scene render targets to support 952x568 Format 26 NumSamples 1 (Frame:1).
[2018.04.05-03.55.18:787][371]LogSavePackage: Save=100.26ms
[2018.04.05-03.55.18:787][371]LogSavePackage: Moving '../../../../../../Users/GameDevClub/Documents/GitHub/SushiShop/SushiShop/Saved/BP_Boat000563AB465013F6E6AFC1A0AC20946A.tmp' to '../../../../../../Users/GameDevClub/Documents/GitHub/SushiShop/SushiShop/Content/SushiShop/BluePrints/Scott_Remake/BP_Boat.uasset'
[2018.04.05-03.55.18:790][371]LogSavePackage: Display: Finished SavePackage ../../../../../../Users/GameDevClub/Documents/GitHub/SushiShop/SushiShop/Content/SushiShop/BluePrints/Scott_Remake/BP_Boat.uasset
[2018.04.05-03.55.27:630][428]LogSlate: Took 0.000113 seconds to synchronously load lazily loaded font '../../../Engine/Content/Slate/Fonts/Roboto-Light.ttf' (159K)
[2018.04.05-03.55.31:254][800]LogAIModule: Creating AISystem for world Shop_Main_1
[2018.04.05-03.55.31:282][800]Cmd: MAP LOAD FILE="../../../../../../Users/GameDevClub/Documents/GitHub/SushiShop/SushiShop/Content/SushiShop/Levels/Shop_Main_1.umap" TEMPLATE=0 SHOWPROGRESS=1 FEATURELEVEL=3
[2018.04.05-03.55.31:282][800]LightingResults: New page: Lighting Build
[2018.04.05-03.55.31:283][800]LoadErrors: New page: Loading map: Shop_Main_1.umap
[2018.04.05-03.55.31:283][800]MapCheck: New page: Map Check
[2018.04.05-03.55.31:283][800]LightingResults: New page: Lighting Build
[2018.04.05-03.55.31:349][800]LogEditorServer: Finished looking for orphan Actors (0.000 secs)
[2018.04.05-03.55.31:391][800]Cmd: MAP CHECKDEP NOCLEARLOG
[2018.04.05-03.55.31:445][800]MapCheck: Map check complete: 0 Error(s), 0 Warning(s), took 53.999ms to complete.
[2018.04.05-03.55.31:445][800]LogFileHelpers: Loading map 'Shop_Main_1' took 0.163
[2018.04.05-03.55.32:997][978]LogEditorViewport: Clicking on Actor (LMB): BP_Boat_C (BP_Boat)
[2018.04.05-03.55.35:372][255]Cmd: EDIT COPY
[2018.04.05-03.55.35:856][312]Cmd: EDIT PASTE
[2018.04.05-03.55.35:868][312]LogWindows: Windows GetLastError: The operation completed successfully. (0)
[2018.04.05-03.55.36:129][312]LogWindows: Error: === Critical error: ===
[2018.04.05-03.55.36:129][312]LogWindows: Error: 
[2018.04.05-03.55.36:129][312]LogWindows: Error: Assertion failed: Index>=0 && Index + Count <= Num() [File:D:\Build\++UE4+Release-4.18+Compile\Sync\Engine\Source\Runtime\CoreUObject\Public\UObject/UnrealType.h] [Line: 2827] 
[2018.04.05-03.55.36:129][312]LogWindows: Error: 
[2018.04.05-03.55.36:129][312]LogWindows: Error: 
[2018.04.05-03.55.36:129][312]LogWindows: Error: 
[2018.04.05-03.55.36:129][312]LogWindows: Error: [Callstack] 0x0000000011A54008 KERNELBASE.dll!UnknownFunction []
[2018.04.05-03.55.36:129][312]LogWindows: Error: [Callstack] 0x00000000F07F76D4 UE4Editor-ApplicationCore.dll!UnknownFunction []
[2018.04.05-03.55.36:129][312]LogWindows: Error: [Callstack] 0x00000000DC9F330B UE4Editor-Core.dll!UnknownFunction []
[2018.04.05-03.55.36:129][312]LogWindows: Error: [Callstack] 0x00000000DC9847F9 UE4Editor-Core.dll!UnknownFunction []
[2018.04.05-03.55.36:129][312]LogWindows: Error: [Callstack] 0x00000000DE78E93F UE4Editor-CoreUObject.dll!UnknownFunction []
[2018.04.05-03.55.36:129][312]LogWindows: Error: [Callstack] 0x00000000DE778804 UE4Editor-CoreUObject.dll!UnknownFunction []
[2018.04.05-03.55.36:129][312]LogWindows: Error: [Callstack] 0x00000000D8539436 UE4Editor-UnrealEd.dll!UnknownFunction []
[2018.04.05-03.55.36:129][312]LogWindows: Error: [Callstack] 0x00000000D8537C6B UE4Editor-UnrealEd.dll!UnknownFunction []
[2018.04.05-03.55.36:129][312]LogWindows: Error: [Callstack] 0x00000000D8537E4B UE4Editor-UnrealEd.dll!UnknownFunction []
[2018.04.05-03.55.36:129][312]LogWindows: Error: [Callstack] 0x00000000D8538AC5 UE4Editor-UnrealEd.dll!UnknownFunction []
[2018.04.05-03.55.36:129][312]LogWindows: Error: [Callstack] 0x00000000D8537C6B UE4Editor-UnrealEd.dll!UnknownFunction []
[2018.04.05-03.55.36:129][312]LogWindows: Error: [Callstack] 0x00000000D8537E4B UE4Editor-UnrealEd.dll!UnknownFunction []
[2018.04.05-03.55.36:129][312]LogWindows: Error: [Callstack] 0x00000000D86103EF UE4Editor-UnrealEd.dll!UnknownFunction []
[2018.04.05-03.55.36:129][312]LogWindows: Error: [Callstack] 0x00000000D8486318 UE4Editor-UnrealEd.dll!UnknownFunction []
[2018.04.05-03.55.36:129][312]LogWindows: Error: [Callstack] 0x00000000D854AA3F UE4Editor-UnrealEd.dll!UnknownFunction []
[2018.04.05-03.55.36:129][312]LogWindows: Error: [Callstack] 0x00000000D8DB2E61 UE4Editor-UnrealEd.dll!UnknownFunction []
[2018.04.05-03.55.36:129][312]LogWindows: Error: [Callstack] 0x00000000D8DABCA9 UE4Editor-UnrealEd.dll!UnknownFunction []
[2018.04.05-03.55.36:129][312]LogWindows: Error: [Callstack] 0x00000000D2867805 UE4Editor-LevelEditor.dll!UnknownFunction []
[2018.04.05-03.55.36:130][312]LogWindows: Error: [Callstack] 0x00000000D2868E7E UE4Editor-LevelEditor.dll!UnknownFunction []
[2018.04.05-03.55.36:130][312]LogWindows: Error: [Callstack] 0x00000000D9819636 UE4Editor-Slate.dll!UnknownFunction []
[2018.04.05-03.55.36:130][312]LogWindows: Error: [Callstack] 0x00000000D98583A0 UE4Editor-Slate.dll!UnknownFunction []
[2018.04.05-03.55.36:130][312]LogWindows: Error: [Callstack] 0x00000000D8B5BEE6 UE4Editor-UnrealEd.dll!UnknownFunction []
[2018.04.05-03.55.36:130][312]LogWindows: Error: [Callstack] 0x00000000D2995188 UE4Editor-LevelEditor.dll!UnknownFunction []
[2018.04.05-03.55.36:130][312]LogWindows: Error: [Callstack] 0x00000000D98063A1 UE4Editor-Slate.dll!UnknownFunction []
[2018.04.05-03.55.36:130][312]LogWindows: Error: [Callstack] 0x00000000D97D700E UE4Editor-Slate.dll!UnknownFunction []
[2018.04.05-03.55.36:130][312]LogWindows: Error: [Callstack] 0x00000000D97D8C16 UE4Editor-Slate.dll!UnknownFunction []
[2018.04.05-03.55.36:130][312]LogWindows: Error: [Callstack] 0x00000000D985988C UE4Editor-Slate.dll!UnknownFunction []
[2018.04.05-03.55.36:130][312]LogWindows: Error: [Callstack] 0x00000000D984BEE8 UE4Editor-Slate.dll!UnknownFunction []
[2018.04.05-03.55.36:130][312]LogWindows: Error: [Callstack] 0x00000000F07EE28A UE4Editor-ApplicationCore.dll!UnknownFunction []
[2018.04.05-03.55.36:130][312]LogWindows: Error: [Callstack] 0x00000000F07E1A48 UE4Editor-ApplicationCore.dll!UnknownFunction []
[2018.04.05-03.55.36:130][312]LogWindows: Error: [Callstack] 0x00000000F07F03EC UE4Editor-ApplicationCore.dll!UnknownFunction []
[2018.04.05-03.55.36:130][312]LogWindows: Error: [Callstack] 0x00000000F07DD5A9 UE4Editor-ApplicationCore.dll!UnknownFunction []
[2018.04.05-03.55.36:130][312]LogWindows: Error: [Callstack] 0x00000000461DB85D USER32.dll!UnknownFunction []
[2018.04.05-03.55.36:130][312]LogWindows: Error: [Callstack] 0x00000000461DB1EF USER32.dll!UnknownFunction []
[2018.04.05-03.55.36:130][312]LogWindows: Error: [Callstack] 0x00000000F07F1516 UE4Editor-ApplicationCore.dll!UnknownFunction []
[2018.04.05-03.55.36:130][312]LogWindows: Error: [Callstack] 0x00000000C65E50C8 UE4Editor.exe!UnknownFunction []
[2018.04.05-03.55.36:130][312]LogWindows: Error: [Callstack] 0x00000000C65F5430 UE4Editor.exe!UnknownFunction []
[2018.04.05-03.55.36:130][312]LogWindows: Error: [Callstack] 0x00000000C65F54AA UE4Editor.exe!UnknownFunction []
[2018.04.05-03.55.36:130][312]LogWindows: Error: [Callstack] 0x00000000C6602379 UE4Editor.exe!UnknownFunction []
[2018.04.05-03.55.36:130][312]LogWindows: Error: [Callstack] 0x00000000C6603D57 UE4Editor.exe!UnknownFunction []
[2018.04.05-03.55.36:130][312]LogWindows: Error: [Callstack] 0x0000000012A91FE4 KERNEL32.DLL!UnknownFunction []
[2018.04.05-03.55.36:130][312]LogWindows: Error: [Callstack] 0x000000001555EFC1 ntdll.dll!UnknownFunction []
[2018.04.05-03.55.36:130][312]LogWindows: Error: [Callstack] 0x000000001555EFC1 ntdll.dll!UnknownFunction []
[2018.04.05-03.55.36:130][312]LogWindows: Error: 
[2018.04.05-03.55.36:138][312]LogExit: Executing StaticShutdownAfterError
[2018.04.05-03.55.36:139][312]LogWindows: FPlatformMisc::RequestExit(1)
[2018.04.05-03.55.36:139][312]Log file closed, 04/04/18 20:55:36
