Log file open, 02/12/18 21:03:21
LogWindows: Failed to load 'aqProf.dll' (GetLastError=126)
LogWindows: File 'aqProf.dll' does not exist
LogWindows: Failed to load 'VSPerf140.dll' (GetLastError=126)
LogWindows: File 'VSPerf140.dll' does not exist
LogWindows: Failed to load 'VtuneApi.dll' (GetLastError=126)
LogWindows: File 'VtuneApi.dll' does not exist
LogWindows: Failed to load 'VtuneApi32e.dll' (GetLastError=126)
LogWindows: File 'VtuneApi32e.dll' does not exist
LogInit: Display: Running engine for game: SushiShop
LogPlatformFile: Not using cached read wrapper
LogInit: Display: RandInit(1597962033) SRandInit(1597962033).
LogInit: Read version file with build ID '3709383'
LogInit: Overriding engine version to CL 3832480, compatible CL 3709383
LogInit: Registered custom module enumerator with build ID '3709383'
LogTaskGraph: Started task graph with 5 named threads and 14 total threads with 3 sets of task threads.
LogStats: Stats thread started at 0.177806
LogD3D11RHI: Aftermath initialized
LogModuleManager: Display: Found up-to-date module file ../../../Engine/Plugins/2D/Paper2D/Binaries/Win64/UE4Editor-Paper2D.dll (API version 3709383).
LogModuleManager: Display: Found up-to-date module file ../../../Engine/Plugins/2D/Paper2D/Binaries/Win64/UE4Editor-Paper2DEditor.dll (API version 3709383).
LogModuleManager: Display: Found up-to-date module file ../../../Engine/Plugins/2D/Paper2D/Binaries/Win64/UE4Editor-PaperSpriteSheetImporter.dll (API version 3709383).
LogModuleManager: Display: Found up-to-date module file ../../../Engine/Plugins/2D/Paper2D/Binaries/Win64/UE4Editor-PaperTiledImporter.dll (API version 3709383).
LogModuleManager: Display: Found up-to-date module file ../../../Engine/Plugins/2D/Paper2D/Binaries/Win64/UE4Editor-SmartSnapping.dll (API version 3709383).
LogModuleManager: Display: Found up-to-date module file ../../../Engine/Plugins/Blendables/LightPropagationVolume/Binaries/Win64/UE4Editor-LightPropagationVolumeRuntime.dll (API version 3709383).
LogModuleManager: Display: Found up-to-date module file ../../../Engine/Plugins/Blendables/LightPropagationVolume/Binaries/Win64/UE4Editor-LightPropagationVolumeEditor.dll (API version 3709383).
LogModuleManager: Display: Found up-to-date module file ../../../Engine/Plugins/Developer/GitSourceControl/Binaries/Win64/UE4Editor-GitSourceControl.dll (API version 3709383).
LogModuleManager: Display: Found up-to-date module file ../../../Engine/Plugins/Developer/PerforceSourceControl/Binaries/Win64/UE4Editor-PerforceSourceControl.dll (API version 3709383).
LogModuleManager: Display: Found up-to-date module file ../../../Engine/Plugins/Developer/SubversionSourceControl/Binaries/Win64/UE4Editor-SubversionSourceControl.dll (API version 3709383).
LogModuleManager: Display: Found up-to-date module file ../../../Engine/Plugins/Developer/UObjectPlugin/Binaries/Win64/UE4Editor-UObjectPlugin.dll (API version 3709383).
LogModuleManager: Display: Found up-to-date module file ../../../Engine/Plugins/Developer/VisualStudioCodeSourceCodeAccess/Binaries/Win64/UE4Editor-VisualStudioCodeSourceCodeAccess.dll (API version 3709383).
LogModuleManager: Display: Found up-to-date module file ../../../Engine/Plugins/Developer/VisualStudioSourceCodeAccess/Binaries/Win64/UE4Editor-VisualStudioSourceCodeAccess.dll (API version 3709383).
LogModuleManager: Display: Found up-to-date module file ../../../Engine/Plugins/Editor/AssetManagerEditor/Binaries/Win64/UE4Editor-AssetManagerEditor.dll (API version 3709383).
LogModuleManager: Display: Found up-to-date module file ../../../Engine/Plugins/Editor/AudioCapture/Binaries/Win64/UE4Editor-AudioCapture.dll (API version 3709383).
LogModuleManager: Display: Found up-to-date module file ../../../Engine/Plugins/Editor/FacialAnimation/Binaries/Win64/UE4Editor-FacialAnimation.dll (API version 3709383).
LogModuleManager: Display: Found up-to-date module file ../../../Engine/Plugins/Editor/FacialAnimation/Binaries/Win64/UE4Editor-FacialAnimationEditor.dll (API version 3709383).
LogModuleManager: Display: Found up-to-date module file ../../../Engine/Plugins/Editor/GameplayTagsEditor/Binaries/Win64/UE4Editor-GameplayTagsEditor.dll (API version 3709383).
LogModuleManager: Display: Found up-to-date module file ../../../Engine/Plugins/Editor/MobileLauncherProfileWizard/Binaries/Win64/UE4Editor-MobileLauncherProfileWizard.dll (API version 3709383).
LogModuleManager: Display: Found up-to-date module file ../../../Engine/Plugins/Editor/PluginBrowser/Binaries/Win64/UE4Editor-PluginBrowser.dll (API version 3709383).
LogModuleManager: Display: Found up-to-date module file ../../../Engine/Plugins/Editor/SpeedTreeImporter/Binaries/Win64/UE4Editor-SpeedTreeImporter.dll (API version 3709383).
LogModuleManager: Display: Found up-to-date module file ../../../Engine/Plugins/Experimental/AlembicImporter/Binaries/Win64/UE4Editor-AlembicImporter.dll (API version 3709383).
LogModuleManager: Display: Found up-to-date module file ../../../Engine/Plugins/Experimental/AlembicImporter/Binaries/Win64/UE4Editor-AlembicLibrary.dll (API version 3709383).
LogModuleManager: Display: Found up-to-date module file ../../../Engine/Plugins/Experimental/CharacterAI/Binaries/Win64/UE4Editor-CharacterAI.dll (API version 3709383).
LogModuleManager: Display: Found up-to-date module file ../../../Engine/Plugins/Experimental/HTML5Networking/Binaries/Win64/UE4Editor-HTML5Networking.dll (API version 3709383).
LogModuleManager: Display: Found up-to-date module file ../../../Engine/Plugins/Media/AndroidMedia/Binaries/Win64/UE4Editor-AndroidMediaEditor.dll (API version 3709383).
LogModuleManager: Display: Found up-to-date module file ../../../Engine/Plugins/Media/AndroidMedia/Binaries/Win64/UE4Editor-AndroidMediaFactory.dll (API version 3709383).
LogModuleManager: Display: Found up-to-date module file ../../../Engine/Plugins/Media/AvfMedia/Binaries/Win64/UE4Editor-AvfMediaEditor.dll (API version 3709383).
LogModuleManager: Display: Found up-to-date module file ../../../Engine/Plugins/Media/AvfMedia/Binaries/Win64/UE4Editor-AvfMediaFactory.dll (API version 3709383).
LogModuleManager: Display: Found up-to-date module file ../../../Engine/Plugins/Media/AvfMedia/Binaries/Win64/UE4Editor-AvfMediaFactory.dll (API version 3709383).
LogModuleManager: Display: Found up-to-date module file ../../../Engine/Plugins/Media/ImgMedia/Binaries/Win64/UE4Editor-ImgMedia.dll (API version 3709383).
LogModuleManager: Display: Found up-to-date module file ../../../Engine/Plugins/Media/ImgMedia/Binaries/Win64/UE4Editor-ImgMediaEditor.dll (API version 3709383).
LogModuleManager: Display: Found up-to-date module file ../../../Engine/Plugins/Media/ImgMedia/Binaries/Win64/UE4Editor-ImgMediaFactory.dll (API version 3709383).
LogModuleManager: Display: Found up-to-date module file ../../../Engine/Plugins/Media/ImgMedia/Binaries/Win64/UE4Editor-ImgMediaFactory.dll (API version 3709383).
LogModuleManager: Display: Found up-to-date module file ../../../Engine/Plugins/Media/ImgMedia/Binaries/Win64/UE4Editor-OpenExrWrapper.dll (API version 3709383).
LogModuleManager: Display: Found up-to-date module file ../../../Engine/Plugins/Media/MediaCompositing/Binaries/Win64/UE4Editor-MediaCompositing.dll (API version 3709383).
LogModuleManager: Display: Found up-to-date module file ../../../Engine/Plugins/Media/MediaCompositing/Binaries/Win64/UE4Editor-MediaCompositingEditor.dll (API version 3709383).
LogModuleManager: Display: Found up-to-date module file ../../../Engine/Plugins/Media/MediaPlayerEditor/Binaries/Win64/UE4Editor-MediaPlayerEditor.dll (API version 3709383).
LogModuleManager: Display: Found up-to-date module file ../../../Engine/Plugins/Media/WmfMedia/Binaries/Win64/UE4Editor-WmfMedia.dll (API version 3709383).
LogModuleManager: Display: Found up-to-date module file ../../../Engine/Plugins/Media/WmfMedia/Binaries/Win64/UE4Editor-WmfMediaEditor.dll (API version 3709383).
LogModuleManager: Display: Found up-to-date module file ../../../Engine/Plugins/Media/WmfMedia/Binaries/Win64/UE4Editor-WmfMediaFactory.dll (API version 3709383).
LogModuleManager: Display: Found up-to-date module file ../../../Engine/Plugins/Media/WmfMedia/Binaries/Win64/UE4Editor-WmfMediaFactory.dll (API version 3709383).
LogModuleManager: Display: Found up-to-date module file ../../../Engine/Plugins/Messaging/TcpMessaging/Binaries/Win64/UE4Editor-TcpMessaging.dll (API version 3709383).
LogModuleManager: Display: Found up-to-date module file ../../../Engine/Plugins/Messaging/UdpMessaging/Binaries/Win64/UE4Editor-UdpMessaging.dll (API version 3709383).
LogModuleManager: Display: Found up-to-date module file ../../../Engine/Plugins/MovieScene/ActorSequence/Binaries/Win64/UE4Editor-ActorSequence.dll (API version 3709383).
LogModuleManager: Display: Found up-to-date module file ../../../Engine/Plugins/MovieScene/LevelSequenceEditor/Binaries/Win64/UE4Editor-LevelSequenceEditor.dll (API version 3709383).
LogModuleManager: Display: Found up-to-date module file ../../../Engine/Plugins/MovieScene/MatineeToLevelSequence/Binaries/Win64/UE4Editor-MatineeToLevelSequence.dll (API version 3709383).
LogModuleManager: Display: Found up-to-date module file ../../../Engine/Plugins/Online/OnlineSubsystem/Binaries/Win64/UE4Editor-OnlineSubsystem.dll (API version 3709383).
LogModuleManager: Display: Found up-to-date module file ../../../Engine/Plugins/Runtime/AndroidPermission/Binaries/Win64/UE4Editor-AndroidPermission.dll (API version 3709383).
LogModuleManager: Display: Found up-to-date module file ../../../Engine/Plugins/Online/OnlineSubsystemNull/Binaries/Win64/UE4Editor-OnlineSubsystemNull.dll (API version 3709383).
LogModuleManager: Display: Found up-to-date module file ../../../Engine/Plugins/Online/OnlineSubsystemUtils/Binaries/Win64/UE4Editor-OnlineSubsystemUtils.dll (API version 3709383).
LogModuleManager: Display: Found up-to-date module file ../../../Engine/Plugins/Online/OnlineSubsystemUtils/Binaries/Win64/UE4Editor-OnlineBlueprintSupport.dll (API version 3709383).
LogModuleManager: Display: Found up-to-date module file ../../../Engine/Plugins/Runtime/AndroidDeviceProfileSelector/Binaries/Win64/UE4Editor-AndroidDeviceProfileSelector.dll (API version 3709383).
LogModuleManager: Display: Found up-to-date module file ../../../Engine/Plugins/Runtime/AppleARKit/Binaries/Win64/UE4Editor-AppleARKit.dll (API version 3709383).
LogModuleManager: Display: Found up-to-date module file ../../../Engine/Plugins/Runtime/ArchVisCharacter/Binaries/Win64/UE4Editor-ArchVisCharacter.dll (API version 3709383).
LogModuleManager: Display: Found up-to-date module file ../../../Engine/Plugins/Runtime/CableComponent/Binaries/Win64/UE4Editor-CableComponent.dll (API version 3709383).
LogModuleManager: Display: Found up-to-date module file ../../../Engine/Plugins/Runtime/CustomMeshComponent/Binaries/Win64/UE4Editor-CustomMeshComponent.dll (API version 3709383).
LogModuleManager: Display: Found up-to-date module file ../../../Engine/Plugins/Runtime/ExampleDeviceProfileSelector/Binaries/Win64/UE4Editor-ExampleDeviceProfileSelector.dll (API version 3709383).
LogModuleManager: Display: Found up-to-date module file ../../../Engine/Plugins/Runtime/ImmediatePhysics/Binaries/Win64/UE4Editor-ImmediatePhysics.dll (API version 3709383).
LogModuleManager: Display: Found up-to-date module file ../../../Engine/Plugins/Runtime/ImmediatePhysics/Binaries/Win64/UE4Editor-ImmediatePhysicsEditor.dll (API version 3709383).
LogModuleManager: Display: Found up-to-date module file ../../../Engine/Plugins/Runtime/LocationServicesBPLibrary/Binaries/Win64/UE4Editor-LocationServicesBPLibrary.dll (API version 3709383).
LogModuleManager: Display: Found up-to-date module file ../../../Engine/Plugins/Runtime/MobilePatchingUtils/Binaries/Win64/UE4Editor-MobilePatchingUtils.dll (API version 3709383).
LogModuleManager: Display: Found up-to-date module file ../../../Engine/Plugins/Runtime/Oculus/OculusVR/Binaries/Win64/UE4Editor-OculusHMD.dll (API version 3709383).
LogModuleManager: Display: Found up-to-date module file ../../../Engine/Plugins/Runtime/Oculus/OculusVR/Binaries/Win64/UE4Editor-OculusInput.dll (API version 3709383).
LogModuleManager: Display: Found up-to-date module file ../../../Engine/Plugins/Runtime/Oculus/OculusVR/Binaries/Win64/UE4Editor-OculusEditor.dll (API version 3709383).
LogModuleManager: Display: Found up-to-date module file ../../../Engine/Plugins/Runtime/PhysXVehicles/Binaries/Win64/UE4Editor-PhysXVehicles.dll (API version 3709383).
LogModuleManager: Display: Found up-to-date module file ../../../Engine/Plugins/Runtime/PhysXVehicles/Binaries/Win64/UE4Editor-PhysXVehiclesEditor.dll (API version 3709383).
LogModuleManager: Display: Found up-to-date module file ../../../Engine/Plugins/Runtime/ProceduralMeshComponent/Binaries/Win64/UE4Editor-ProceduralMeshComponent.dll (API version 3709383).
LogModuleManager: Display: Found up-to-date module file ../../../Engine/Plugins/Runtime/ProceduralMeshComponent/Binaries/Win64/UE4Editor-ProceduralMeshComponentEditor.dll (API version 3709383).
LogModuleManager: Display: Found up-to-date module file ../../../Engine/Plugins/Runtime/RuntimePhysXCooking/Binaries/Win64/UE4Editor-RuntimePhysXCooking.dll (API version 3709383).
LogModuleManager: Display: Found up-to-date module file ../../../Engine/Plugins/Runtime/Steam/SteamVR/Binaries/Win64/UE4Editor-SteamVR.dll (API version 3709383).
LogModuleManager: Display: Found up-to-date module file ../../../Engine/Plugins/Runtime/Steam/SteamVR/Binaries/Win64/UE4Editor-SteamVRController.dll (API version 3709383).
LogModuleManager: Display: Found up-to-date module file ../../../Engine/Plugins/Runtime/WindowsMoviePlayer/Binaries/Win64/UE4Editor-WindowsMoviePlayer.dll (API version 3709383).
LogPluginManager: Mounting plugin Paper2D
LogPluginManager: Mounting plugin LightPropagationVolume
LogPluginManager: Mounting plugin CodeLiteSourceCodeAccess
LogPluginManager: Mounting plugin GitSourceControl
LogPluginManager: Mounting plugin KDevelopSourceCodeAccess
LogPluginManager: Mounting plugin NullSourceCodeAccess
LogPluginManager: Mounting plugin PerforceSourceControl
LogPluginManager: Mounting plugin SubversionSourceControl
LogPluginManager: Mounting plugin UObjectPlugin
LogPluginManager: Mounting plugin VisualStudioCodeSourceCodeAccess
LogPluginManager: Mounting plugin VisualStudioSourceCodeAccess
LogPluginManager: Mounting plugin XCodeSourceCodeAccess
LogPluginManager: Mounting plugin AssetManagerEditor
LogPluginManager: Mounting plugin AudioCapture
LogPluginManager: Mounting plugin FacialAnimation
LogPluginManager: Mounting plugin GameplayTagsEditor
LogPluginManager: Mounting plugin MobileLauncherProfileWizard
LogPluginManager: Mounting plugin PluginBrowser
LogPluginManager: Mounting plugin SpeedTreeImporter
LogPluginManager: Mounting plugin AlembicImporter
LogPluginManager: Mounting plugin CharacterAI
LogPluginManager: Mounting plugin HTML5Networking
LogPluginManager: Mounting plugin AndroidMedia
LogPluginManager: Mounting plugin AvfMedia
LogPluginManager: Mounting plugin ImgMedia
LogPluginManager: Mounting plugin MediaCompositing
LogPluginManager: Mounting plugin MediaPlayerEditor
LogPluginManager: Mounting plugin WmfMedia
LogPluginManager: Mounting plugin TcpMessaging
LogPluginManager: Mounting plugin UdpMessaging
LogPluginManager: Mounting plugin ActorSequence
LogPluginManager: Mounting plugin LevelSequenceEditor
LogPluginManager: Mounting plugin MatineeToLevelSequence
LogPluginManager: Mounting plugin OnlineSubsystemGooglePlay
LogPluginManager: Mounting plugin OnlineSubsystemIOS
LogPluginManager: Mounting plugin OnlineSubsystem
LogPluginManager: Mounting plugin OnlineSubsystemNull
LogPluginManager: Mounting plugin OnlineSubsystemUtils
LogPluginManager: Mounting plugin AndroidDeviceProfileSelector
LogPluginManager: Mounting plugin AndroidMoviePlayer
LogPluginManager: Mounting plugin AndroidPermission
LogPluginManager: Mounting plugin AppleARKit
LogPluginManager: Mounting plugin AppleMoviePlayer
LogPluginManager: Mounting plugin ArchVisCharacter
LogPluginManager: Mounting plugin CableComponent
LogPluginManager: Mounting plugin CustomMeshComponent
LogPluginManager: Mounting plugin ExampleDeviceProfileSelector
LogPluginManager: Mounting plugin GoogleCloudMessaging
LogPluginManager: Mounting plugin ImmediatePhysics
LogPluginManager: Mounting plugin IOSDeviceProfileSelector
LogPluginManager: Mounting plugin LinuxDeviceProfileSelector
LogPluginManager: Mounting plugin LocationServicesBPLibrary
LogPluginManager: Mounting plugin MobilePatchingUtils
LogPluginManager: Mounting plugin OculusVR
LogPluginManager: Plugin shader directory ../../../Engine/Plugins/Runtime/Oculus/OculusVR/Shaders found
LogPluginManager: Mapping shader source directory ../../../Engine/Plugins/Runtime/Oculus/OculusVR/Shaders to virtual directory /Plugin/OculusVR
LogPluginManager: Mounting plugin PhysXVehicles
LogPluginManager: Mounting plugin ProceduralMeshComponent
LogPluginManager: Mounting plugin RuntimePhysXCooking
LogPluginManager: Mounting plugin SteamVR
LogPluginManager: Mounting plugin WindowsMoviePlayer
LogInit: Using libcurl 7.47.1
LogInit:  - built for x86_64-pc-win32
LogInit:  - supports SSL with OpenSSL/1.0.2g
LogInit:  - supports HTTP deflate (compression) using libz 1.2.8
LogInit:  - other features:
LogInit:      CURL_VERSION_SSL
LogInit:      CURL_VERSION_LIBZ
LogInit:      CURL_VERSION_IPV6
LogInit:      CURL_VERSION_ASYNCHDNS
LogInit:      CURL_VERSION_LARGEFILE
LogInit:      CURL_VERSION_IDN
LogInit:  CurlRequestOptions (configurable via config and command line):
LogInit:  - bVerifyPeer = false  - Libcurl will NOT verify peer certificate
LogInit:  - bUseHttpProxy = false  - Libcurl will NOT use HTTP proxy
LogInit:  - bDontReuseConnections = false  - Libcurl will reuse connections
LogInit:  - CertBundlePath = nullptr  - Libcurl will use whatever was configured at build time.
LogInit: Build: ++UE4+Release-4.18-CL-3832480
LogInit: Engine Version: 4.18.3-3832480+++UE4+Release-4.18
LogInit: Compatible Engine Version: 4.18.0-3709383+++UE4+Release-4.18
LogInit: Net CL: 3709383
LogDevObjectVersion: Number of dev versions registered: 16
LogDevObjectVersion:   Dev-Blueprints (B0D832E4-1F89-4F0D-ACCF-7EB736FD4AA2): 10
LogDevObjectVersion:   Dev-Build (E1C64328-A22C-4D53-A36C-8E866417BD8C): 0
LogDevObjectVersion:   Dev-Core (375EC13C-06E4-48FB-B500-84F0262A717E): 2
LogDevObjectVersion:   Dev-Editor (E4B068ED-F494-42E9-A231-DA0B2E46BB41): 20
LogDevObjectVersion:   Dev-Framework (CFFC743F-43B0-4480-9391-14DF171D2073): 30
LogDevObjectVersion:   Dev-Mobile (B02B49B5-BB20-44E9-A304-32B752E40360): 0
LogDevObjectVersion:   Dev-Networking (A4E4105C-59A1-49B5-A7C5-40C4547EDFEE): 0
LogDevObjectVersion:   Dev-Online (39C831C9-5AE6-47DC-9A44-9C173E1C8E7C): 0
LogDevObjectVersion:   Dev-Physics (78F01B33-EBEA-4F98-B9B4-84EACCB95AA2): 0
LogDevObjectVersion:   Dev-Platform (6631380F-2D4D-43E0-8009-CF276956A95A): 0
LogDevObjectVersion:   Dev-Rendering (12F88B9F-8875-4AFC-A67C-D90C383ABD29): 20
LogDevObjectVersion:   Dev-Sequencer (7B5AE74C-D270-4C10-A958-57980B212A5A): 4
LogDevObjectVersion:   Dev-VR (D7296918-1DD6-4BDD-9DE2-64A83CC13884): 0
LogDevObjectVersion:   Dev-LoadTimes (C2A15278-BFE7-4AFE-6C17-90FF531DF755): 1
LogDevObjectVersion:   Private-Geometry (6EACA3D4-40EC-4CC1-B786-8BED09428FC5): 1
LogDevObjectVersion:   Dev-AnimPhys (29E575DD-E0A3-4627-9D10-D276232CDCEA): 12
LogInit: Compiled (64-bit): Jan 12 2018 02:04:55
LogInit: Compiled with Visual C++: 19.00.24215.01
LogInit: Build Configuration: Development
LogInit: Branch Name: ++UE4+Release-4.18
LogInit: Command line: 
LogInit: Base directory: C:/Program Files/Epic Games/UE_4.18/Engine/Binaries/Win64/
LogInit: Installed Engine Build: 1
LogInit: Presizing for max 8388607 objects, including 0 objects not considered by GC, pre-allocating 0 bytes for permanent pool.
LogInit: Object subsystem initialized
[2018.02.13-05.03.23:355][  0]LogInit: Selected Device Profile: [Windows]
[2018.02.13-05.03.23:355][  0]LogInit: Applying CVar settings loaded from the selected device profile: [Windows]
[2018.02.13-05.03.23:390][  0]LogInit: Computer: ARCHER
[2018.02.13-05.03.23:390][  0]LogInit: User: darkm
[2018.02.13-05.03.23:390][  0]LogInit: CPU Page size=4096, Cores=4
[2018.02.13-05.03.23:390][  0]LogInit: High frequency timer resolution =1.945313 MHz
[2018.02.13-05.03.23:390][  0]LogMemory: Memory total: Physical=15.9GB (16GB approx)
[2018.02.13-05.03.23:390][  0]LogMemory: Platform Memory Stats for Windows
[2018.02.13-05.03.23:390][  0]LogMemory: Process Physical Memory: 273.09 MB used, 273.09 MB peak
[2018.02.13-05.03.23:390][  0]LogMemory: Process Virtual Memory: 271.82 MB used, 271.82 MB peak
[2018.02.13-05.03.23:391][  0]LogMemory: Physical Memory: 4551.53 MB used,  11748.07 MB free, 16299.60 MB total
[2018.02.13-05.03.23:391][  0]LogMemory: Virtual Memory: 684.30 MB used,  11748.07 MB free, 134217728.00 MB total
[2018.02.13-05.03.23:535][  0]LogInit: Using OS detected language (en-US).
[2018.02.13-05.03.23:535][  0]LogInit: Using OS detected locale (en-US).
[2018.02.13-05.03.23:539][  0]LogTextLocalizationManager: No specific localization for 'en-US' exists, so the 'en' localization will be used.
[2018.02.13-05.03.23:866][  0]LogInit: Setting process to per monitor DPI aware
[2018.02.13-05.03.24:700][  0]LogD3D11RHI: D3D11 adapters:
[2018.02.13-05.03.24:712][  0]LogD3D11RHI:    0. 'Intel(R) UHD Graphics 620' (Feature Level 11_0)
[2018.02.13-05.03.24:712][  0]LogD3D11RHI:       128/0/8149 MB DedicatedVideo/DedicatedSystem/SharedSystem, Outputs:1, VendorId:0x8086
[2018.02.13-05.03.25:257][  0]LogD3D11RHI:    1. 'Radeon(TM) 540 Graphics' (Feature Level 11_0)
[2018.02.13-05.03.25:257][  0]LogD3D11RHI:       1997/0/8149 MB DedicatedVideo/DedicatedSystem/SharedSystem, Outputs:0, VendorId:0x1002
[2018.02.13-05.03.25:260][  0]LogD3D11RHI:    2. 'Microsoft Basic Render Driver' (Feature Level 11_0)
[2018.02.13-05.03.25:260][  0]LogD3D11RHI:       0/0/8149 MB DedicatedVideo/DedicatedSystem/SharedSystem, Outputs:0, VendorId:0x1414
[2018.02.13-05.03.25:260][  0]LogD3D11RHI: Chosen D3D11 Adapter: 1
[2018.02.13-05.03.25:266][  0]LogD3D11RHI: Creating new Direct3DDevice
[2018.02.13-05.03.25:266][  0]LogD3D11RHI:     GPU DeviceId: 0x699f (for the marketing name, search the web for "GPU Device Id")
[2018.02.13-05.03.25:266][  0]LogWindows: EnumDisplayDevices:
[2018.02.13-05.03.25:266][  0]LogWindows:    0. 'Intel(R) UHD Graphics 620' (P:1 D:1)
[2018.02.13-05.03.25:266][  0]LogWindows:    1. 'Intel(R) UHD Graphics 620' (P:0 D:0)
[2018.02.13-05.03.25:266][  0]LogWindows:    2. 'Intel(R) UHD Graphics 620' (P:0 D:0)
[2018.02.13-05.03.25:266][  0]LogWindows:    3. 'Radeon(TM) 540 Graphics' (P:0 D:0)
[2018.02.13-05.03.25:266][  0]LogWindows: DebugString: GetVideoDriverDetailsInvalid PrimaryIsNotTheChoosenAdapter GetVideoDriverDetailsInvalid PrimaryIsNotTheChoosenAdapter GetVideoDriverDetailsInvalid PrimaryIsNotTheChoosenAdapter GetVideoDriverDetailsInvalid PrimaryIsNotTheChoosenAdapter FoundDriverCount:0 
[2018.02.13-05.03.25:266][  0]LogD3D11RHI:     Adapter Name: Radeon(TM) 540 Graphics
[2018.02.13-05.03.25:266][  0]LogD3D11RHI:   Driver Version: Unknown (internal:Unknown, unified:Unknown)
[2018.02.13-05.03.25:266][  0]LogD3D11RHI:      Driver Date: Unknown
[2018.02.13-05.03.25:266][  0]LogRHI: Texture pool is 1398 MB (70% of 1997 MB)
[2018.02.13-05.03.25:294][  0]LogD3D11RHI: Async texture creation enabled
[2018.02.13-05.03.25:307][  0]LogD3D11RHI: GPU Timing Frequency: 25.000000 (Debug: 2 1)
[2018.02.13-05.03.25:310][  0]LogShaderCompilers: Guid format shader working directory is -19 characters bigger than the processId version (../../../../../../Users/darkm/Documents/GitHub/SushiShop/SushiShop/Intermediate/Shaders/WorkingDirectory/556/).
[2018.02.13-05.03.25:310][  0]LogShaderCompilers: Cleaned the shader compiler working directory 'C:/Users/darkm/AppData/Local/Temp/UnrealShaderWorkingDir/230309654009DEBEB24B2692EAF39DFB/'.
[2018.02.13-05.03.25:310][  0]LogShaderCompilers: Display: Using Local Shader Compiler.
[2018.02.13-05.03.27:094][  0]LogTemp: Display: Loaded TP AllDesktopTargetPlatform
[2018.02.13-05.03.27:149][  0]LogTemp: Display: Loaded TP MacClientTargetPlatform
[2018.02.13-05.03.27:204][  0]LogTemp: Display: Loaded TP MacNoEditorTargetPlatform
[2018.02.13-05.03.27:258][  0]LogTemp: Display: Loaded TP MacServerTargetPlatform
[2018.02.13-05.03.27:313][  0]LogTemp: Display: Loaded TP MacTargetPlatform
[2018.02.13-05.03.27:368][  0]LogTemp: Display: Loaded TP WindowsClientTargetPlatform
[2018.02.13-05.03.27:423][  0]LogTemp: Display: Loaded TP WindowsNoEditorTargetPlatform
[2018.02.13-05.03.27:479][  0]LogTemp: Display: Loaded TP WindowsServerTargetPlatform
[2018.02.13-05.03.27:529][  0]LogTemp: Display: Loaded TP WindowsTargetPlatform
[2018.02.13-05.03.27:583][  0]LogTemp: Display: Loaded TP Android_ASTCTargetPlatform
[2018.02.13-05.03.27:636][  0]LogTemp: Display: Loaded TP Android_ATCTargetPlatform
[2018.02.13-05.03.27:691][  0]LogTemp: Display: Loaded TP Android_DXTTargetPlatform
[2018.02.13-05.03.27:745][  0]LogTemp: Display: Loaded TP Android_ETC1TargetPlatform
[2018.02.13-05.03.27:799][  0]LogTemp: Display: Loaded TP Android_ETC2TargetPlatform
[2018.02.13-05.03.27:905][  0]LogTemp: Display: Loaded TP Android_MultiTargetPlatform
[2018.02.13-05.03.27:905][  0]LogTemp: Display: Loaded TP Android_PVRTCTargetPlatform
[2018.02.13-05.03.27:959][  0]LogTemp: Display: Loaded TP AndroidTargetPlatform
[2018.02.13-05.03.28:004][  0]LogTemp: Display: Loaded TP HTML5TargetPlatform
[2018.02.13-05.03.28:101][  0]LogTemp: Display: Loaded TP IOSTargetPlatform
[2018.02.13-05.03.28:125][  0]LogTemp: Display: Loaded TP TVOSTargetPlatform
[2018.02.13-05.03.28:179][  0]LogTemp: Display: Loaded TP LinuxClientTargetPlatform
[2018.02.13-05.03.28:233][  0]LogTemp: Display: Loaded TP LinuxNoEditorTargetPlatform
[2018.02.13-05.03.28:285][  0]LogTemp: Display: Loaded TP LinuxServerTargetPlatform
[2018.02.13-05.03.28:338][  0]LogTemp: Display: Loaded TP LinuxTargetPlatform
[2018.02.13-05.03.28:338][  0]LogTargetPlatformManager: Display: Building Assets For Windows
[2018.02.13-05.03.28:803][  0]LogDerivedDataCache: Display: Max Cache Size: 512 MB
[2018.02.13-05.03.28:853][  0]LogDerivedDataCache: Loaded boot cache 0.05s 69MB C:/Users/darkm/AppData/Local/UnrealEngine/4.18/DerivedDataCache/Boot.ddc.
[2018.02.13-05.03.28:853][  0]LogDerivedDataCache: Display: Loaded Boot cache: C:/Users/darkm/AppData/Local/UnrealEngine/4.18/DerivedDataCache/Boot.ddc
[2018.02.13-05.03.28:853][  0]LogDerivedDataCache: FDerivedDataBackendGraph:  Pak pak cache file ../../../../../../Users/darkm/Documents/GitHub/SushiShop/SushiShop/DerivedDataCache/DDC.ddp not found, will not use a pak cache.
[2018.02.13-05.03.28:853][  0]LogDerivedDataCache: Unable to find inner node Pak for hierarchical cache Hierarchy.
[2018.02.13-05.03.28:853][  0]LogDerivedDataCache: FDerivedDataBackendGraph:  CompressedPak pak cache file ../../../../../../Users/darkm/Documents/GitHub/SushiShop/SushiShop/DerivedDataCache/Compressed.ddp not found, will not use a pak cache.
[2018.02.13-05.03.28:853][  0]LogDerivedDataCache: Unable to find inner node CompressedPak for hierarchical cache Hierarchy.
[2018.02.13-05.03.28:866][  0]LogDerivedDataCache: Display: Pak cache opened for reading ../../../Engine/DerivedDataCache/Compressed.ddp.
[2018.02.13-05.03.28:881][  0]LogDerivedDataCache: Using Local data cache path C:/Users/darkm/AppData/Local/UnrealEngine/Common/DerivedDataCache: Writable
[2018.02.13-05.03.28:888][  0]LogMaterial: Verifying Global Shaders for PCD3D_SM5
[2018.02.13-05.03.28:888][  0]LogSlate: Using Freetype 2.6.0
[2018.02.13-05.03.28:889][  0]LogSlate: SlateFontCache - WITH_FREETYPE: 1, WITH_HARFBUZZ: 1
[2018.02.13-05.03.28:889][  0]LogSlate: SlateFontCache - WITH_FREETYPE: 1, WITH_HARFBUZZ: 1
[2018.02.13-05.03.29:438][  0]LogInit: Selected Device Profile: [Windows]
[2018.02.13-05.03.29:785][  0]LogSimplygon: Simplygon DLL not present - disabling.
[2018.02.13-05.03.29:831][  0]LogMeshReduction: Using SimplygonSwarm for distributed automatic mesh merging
[2018.02.13-05.03.29:831][  0]LogMeshReduction: Using QuadricMeshReduction for automatic static mesh reduction
[2018.02.13-05.03.29:831][  0]LogMeshReduction: No automatic skeletal mesh reduction module available
[2018.02.13-05.03.29:831][  0]LogMeshReduction: No automatic mesh merging module available
[2018.02.13-05.03.29:831][  0]LogMeshMerging: No automatic mesh merging module available
[2018.02.13-05.03.29:862][  0]LogNetVersion: SushiShop , NetCL: 3709383, EngineNetVer: 2, GameNetVer: 0 (Checksum: 2343829258)
[2018.02.13-05.03.30:047][  0]LogAssetRegistry: FAssetRegistry took 0.0260 seconds to start up
[2018.02.13-05.03.30:601][  0]LogPackageLocalizationCache: Processed 7 localized package path(s) for 2 prioritized culture(s) in 0.094557 seconds
[2018.02.13-05.03.30:606][  0]LogUObjectArray: 35870 objects as part of root set at end of initial load.
[2018.02.13-05.03.30:606][  0]LogUObjectAllocator: 7363704 out of 0 bytes used by permanent object pool.
[2018.02.13-05.03.30:606][  0]LogUObjectArray: CloseDisregardForGC: 0/0 objects in disregard for GC pool
[2018.02.13-05.03.30:662][  0]LogInit: WinSock: version 1.1 (2.2), MaxSocks=32767, MaxUdp=65467
[2018.02.13-05.03.33:685][  0]LogTcpMessaging: Initializing TcpMessaging bridge
[2018.02.13-05.03.33:732][  0]LogUdpMessaging: Initializing bridge on interface 0.0.0.0:0 to multicast group 230.0.0.1:6666.
[2018.02.13-05.03.34:538][  0]LogMaterial: Uniform references updated for custom material expression Custom.
[2018.02.13-05.03.35:018][  0]SourceControl: Source control is disabled
[2018.02.13-05.03.35:018][  0]SourceControl: Source control is disabled
[2018.02.13-05.03.35:083][  0]SourceControl: Source control is disabled
[2018.02.13-05.03.35:146][  0]SourceControl: Source control is disabled
[2018.02.13-05.03.36:103][  0]LogAndroidPermission: UAndroidPermissionCallbackProxy::GetInstance
[2018.02.13-05.03.36:428][  0]LogOcInput: OculusInput pre-init called
[2018.02.13-05.03.36:759][  0]LogEngine: Initializing Engine...
[2018.02.13-05.03.36:761][  0]LogHMD: Failed to initialize OpenVR with code 110
[2018.02.13-05.03.37:004][  0]LogStats: UGameplayTagsManager::ConstructGameplayTagTree: Construct from data asset -  0.000 s
[2018.02.13-05.03.37:004][  0]LogStats: UGameplayTagsManager::ConstructGameplayTagTree: GameplayTagTreeChangedEvent.Broadcast -  0.000 s
[2018.02.13-05.03.37:151][  0]LogAIModule: Creating AISystem for world Untitled
[2018.02.13-05.03.37:157][  0]LogInit: XAudio2 using 'Speakers (Realtek High Definition Audio(SST))' : 2 channels at 48 kHz using 32 bits per sample (channel mask 0x3)
[2018.02.13-05.03.37:218][  0]LogInit: FAudioDevice initialized.
[2018.02.13-05.03.37:311][  0]LogDerivedDataCache: Saved boot cache 0.09s 79MB C:/Users/darkm/AppData/Local/UnrealEngine/4.18/DerivedDataCache/Boot.ddc.
[2018.02.13-05.03.37:319][  0]LogInit: Texture streaming: Enabled
[2018.02.13-05.03.37:412][  0]LogEngineSessionManager: EngineSessionManager initialized
[2018.02.13-05.03.37:412][  0]LogEngineSessionManager: EngineSessionManager sent abnormal shutdown report. Type=Crashed, SessionId={00CF5AB3-480A-74A5-54AF-07B2104E5857}
[2018.02.13-05.03.37:558][  0]LogInit: Transaction tracking system initialized
[2018.02.13-05.03.37:917][  0]BlueprintLog: New page: Editor Load
[2018.02.13-05.03.38:913][  0]LocalizationService: Localization service is disabled
[2018.02.13-05.03.39:758][  0]LogConsoleResponse: Display: 
[2018.02.13-05.03.39:969][  0]LogCook: Display: Max memory allowance for cook 16384mb min free memory 0mb
[2018.02.13-05.03.39:970][  0]LogCook: Display: Mobile HDR setting 1
[2018.02.13-05.03.39:970][  0]LogGameplayTags: Display: UGameplayTagsManager::DoneAddingNativeTags. DelegateIsBound: 0
[2018.02.13-05.03.40:862][  0]LogFileCache: Scanning file cache for directory 'C:/Users/darkm/Documents/GitHub/SushiShop/SushiShop/Content/' took 0.01s
[2018.02.13-05.03.41:431][  0]SourceControl: Source control is disabled
[2018.02.13-05.03.41:431][  0]Cmd: MAP LOAD FILE="../../../../../../Users/darkm/Documents/GitHub/SushiShop/SushiShop/Content/VirtualRealityBP/Maps/StartupMap.umap" TEMPLATE=0 SHOWPROGRESS=1 FEATURELEVEL=3
[2018.02.13-05.03.41:431][  0]LightingResults: New page: Lighting Build
[2018.02.13-05.03.41:480][  0]MapCheck: New page: Map Check
[2018.02.13-05.03.41:480][  0]LightingResults: New page: Lighting Build
[2018.02.13-05.03.41:590][  0]LogAIModule: Creating AISystem for world StartupMap
[2018.02.13-05.03.41:597][  0]LogEditorServer: Finished looking for orphan Actors (0.000 secs)
[2018.02.13-05.03.41:605][  0]Cmd: MAP CHECKDEP NOCLEARLOG
[2018.02.13-05.03.41:697][  0]MapCheck: Map check complete: 0 Error(s), 0 Warning(s), took 92.321ms to complete.
[2018.02.13-05.03.41:697][  0]LogFileHelpers: Loading map 'StartupMap' took 0.266
[2018.02.13-05.03.41:764][  0]LogWindowsTextInputMethodSystem: Display: IME system now deactivated.
[2018.02.13-05.03.41:764][  0]LogWindowsTextInputMethodSystem: Display: IME system now deactivated.
[2018.02.13-05.03.41:839][  0]LogCollectionManager: Loaded 0 collections in 0.001714 seconds
[2018.02.13-05.03.41:930][  0]LogFileCache: Scanning file cache for directory 'C:/Users/darkm/Documents/GitHub/SushiShop/SushiShop/Saved/Collections/' took 0.01s
[2018.02.13-05.03.41:930][  0]LogFileCache: Scanning file cache for directory 'C:/Users/darkm/Documents/GitHub/SushiShop/SushiShop/Content/Developers/darkm/Collections/' took 0.01s
[2018.02.13-05.03.41:930][  0]LogFileCache: Scanning file cache for directory 'C:/Users/darkm/Documents/GitHub/SushiShop/SushiShop/Content/Collections/' took 0.01s
[2018.02.13-05.03.41:930][  0]LogCollectionManager: Rebuilt the GUID cache for 0 collections in 0.000001 seconds
[2018.02.13-05.03.41:937][  0]LogContentBrowser: Native class hierarchy populated in 0.0071 seconds. Added 2363 classes and 519 folders.
[2018.02.13-05.03.42:010][  0]LogContentBrowser: Native class hierarchy updated for 'WidgetCarousel' in 0.0003 seconds. Added 0 classes and 0 folders.
[2018.02.13-05.03.42:065][  0]LogContentBrowser: Native class hierarchy updated for 'AddContentDialog' in 0.0002 seconds. Added 0 classes and 0 folders.
[2018.02.13-05.03.42:116][  0]LogContentBrowser: Native class hierarchy updated for 'SceneOutliner' in 0.0002 seconds. Added 1 classes and 2 folders.
[2018.02.13-05.03.42:136][  0]LogSlate: Took 0.006085 seconds to synchronously load lazily loaded font '../../../Engine/Content/Slate/Fonts/Roboto-Regular.ttf' (155K)
[2018.02.13-05.03.42:138][  0]LogSlate: Took 0.000294 seconds to synchronously load lazily loaded font '../../../Engine/Content/Slate/Fonts/Roboto-Bold.ttf' (160K)
[2018.02.13-05.03.42:143][  0]LogSlate: Took 0.000312 seconds to synchronously load lazily loaded font '../../../Engine/Content/Editor/Slate/Fonts/FontAwesome.ttf' (139K)
[2018.02.13-05.03.42:240][  0]LogRenderer: Reallocating scene render targets to support 964x440 Format 26 NumSamples 1 (Frame:1).
[2018.02.13-05.03.42:499][  0]LogContentBrowser: Native class hierarchy updated for 'HierarchicalLODOutliner' in 0.0004 seconds. Added 1 classes and 2 folders.
[2018.02.13-05.03.42:499][  0]LogLoad: (Engine Initialization) Total time: 22.58 seconds
[2018.02.13-05.03.42:499][  0]LogLoad: (Engine Initialization) Total Blueprint compile time: 0.00 seconds
[2018.02.13-05.03.42:499][  0]LogExternalProfiler: No external profilers were discovered.  External profiling features will not be available.
[2018.02.13-05.03.42:530][  0]LogContentStreaming: Texture pool size now 1000 MB
[2018.02.13-05.03.42:572][  0]LogSlate: Took 0.000285 seconds to synchronously load lazily loaded font '../../../Engine/Content/Slate/Fonts/Roboto-Light.ttf' (159K)
[2018.02.13-05.03.42:593][  1]LogAssetRegistry: Asset discovery search completed in 12.5685 seconds
[2018.02.13-05.03.42:594][  1]LogCollectionManager: Rebuilt the object cache for 0 collections in 0.000001 seconds (found 0 objects)
[2018.02.13-05.03.42:594][  1]LogCollectionManager: Fixed up redirectors for 0 collections in 0.000042 seconds (updated 0 objects)
[2018.02.13-05.03.51:712][545]LogSlate: Took 0.000633 seconds to synchronously load lazily loaded font '../../../Engine/Content/Slate/Fonts/Roboto-Light.ttf' (159K)
[2018.02.13-05.03.52:005][545]LogTexture: Display: Building textures: HQ_Lightmap0_2 (AutoDXT, 64X64)
[2018.02.13-05.03.52:005][545]LogTexture: Display: Building textures: SkyOcclusion0_2 (AutoDXT, 64X32)
[2018.02.13-05.03.52:005][545]LogTexture: Display: Building textures: LQ_Lightmap_0_2 (DXT1, 64X64)
[2018.02.13-05.03.52:005][545]LogTexture: Display: Building textures: SkyOcclusion0_1 (AutoDXT, 256X128)
[2018.02.13-05.03.52:005][545]LogTexture: Display: Building textures: HQ_Lightmap0_1 (AutoDXT, 256X256)
[2018.02.13-05.03.52:005][545]LogTexture: Display: Building textures: LQ_Lightmap_0_1 (DXT1, 256X256)
[2018.02.13-05.03.52:005][545]LogTexture: Display: Building textures: ShadowMapTexture2D_4 (G8, 256X64)
[2018.02.13-05.03.52:005][545]LogTexture: Display: Building textures: ShadowMapTexture2D_5 (G8, 32X32)
[2018.02.13-05.03.52:005][545]LogMaterial: Missing cached shader map for material M_Sky_Panning_Clouds2, compiling. 
[2018.02.13-05.03.52:044][545]LogStaticMesh: Building static mesh Bar...
[2018.02.13-05.03.52:074][545]LogStaticMesh: Built static mesh [0.03s] /Game/SushiShop/Assets/Bar.Bar
[2018.02.13-05.03.52:079][545]LogStaticMesh: Building static mesh Refrigerator...
[2018.02.13-05.03.52:091][545]LogStaticMesh: Built static mesh [0.01s] /Game/SushiShop/Assets/Refrigerator.Refrigerator
[2018.02.13-05.03.52:092][545]LogStaticMesh: Building static mesh Water...
[2018.02.13-05.03.52:093][545]LogStaticMesh: Built static mesh [0.00s] /Game/SushiShop/Assets/Water.Water
[2018.02.13-05.03.52:209][545]LogMaterial: Missing cached shader map for material lambert1, compiling. 
[2018.02.13-05.03.52:289][545]LogAIModule: Creating AISystem for world Shop_Main
[2018.02.13-05.03.52:319][545]Cmd: MAP LOAD FILE="../../../../../../Users/darkm/Documents/GitHub/SushiShop/SushiShop/Content/SushiShop/Shop_Main.umap" TEMPLATE=0 SHOWPROGRESS=1 FEATURELEVEL=3
[2018.02.13-05.03.52:319][545]LightingResults: New page: Lighting Build
[2018.02.13-05.03.52:320][545]LoadErrors: New page: Loading map: Shop_Main.umap
[2018.02.13-05.03.52:321][545]MapCheck: New page: Map Check
[2018.02.13-05.03.52:321][545]LightingResults: New page: Lighting Build
[2018.02.13-05.03.52:342][545]LogEditorServer: Finished looking for orphan Actors (0.000 secs)
[2018.02.13-05.03.52:375][545]Cmd: MAP CHECKDEP NOCLEARLOG
[2018.02.13-05.03.52:532][545]MapCheck: Map check complete: 0 Error(s), 0 Warning(s), took 156.709ms to complete.
[2018.02.13-05.03.52:533][545]LogFileHelpers: Loading map 'Shop_Main' took 0.216
[2018.02.13-05.03.55:381][693]MapCheck: New page: Map Check
[2018.02.13-05.03.55:414][693]Cmd: MAP REBUILD ALLVISIBLE
[2018.02.13-05.03.55:414][693]LogEditorServer: Rebuildmap Clear paths rebuilt
[2018.02.13-05.03.57:419][693]LogMaterial: Missing cached shader map for material FDebugViewModeMaterialProxy MaterialInstanceDynamic_2, compiling. 
[2018.02.13-05.03.57:429][693]LogMaterial: Missing cached shader map for material FDebugViewModeMaterialProxy WorldGridMaterial, compiling. Is special engine material.
[2018.02.13-05.03.57:435][693]LogMaterial: Missing cached shader map for material FDebugViewModeMaterialProxy lambert1, compiling. 
[2018.02.13-05.03.57:721][693]TextureStreamingBuild: Display: Compiling optional shaders took 0.309 seconds.
[2018.02.13-05.03.57:742][693]LogLevel: Display: Export Material TexCoord Scales took 0.020 seconds.
[2018.02.13-05.03.57:745][693]TextureStreamingBuild: Display: Build Texture Streaming took 0.003 seconds.
[2018.02.13-05.03.57:755][693]LightingResults: New page: Lighting Build - Feb 12, 2018, 1:03:57 PM
[2018.02.13-05.03.57:848][693]LogSwarmInterface: [OpenConnection] Registering TCP channel ...
[2018.02.13-05.03.58:038][693]LogSwarmInterface: [OpenConnection] Connecting to agent ...
[2018.02.13-05.03.58:404][693]LogSwarmInterface: [TryOpenConnection] Testing the Agent
[2018.02.13-05.04.00:613][693]LogSwarmInterface: [TryOpenConnection] Opening Connection to Agent
[2018.02.13-05.04.00:614][693]LogSwarmInterface: [TryOpenConnection] Local Process ID is 556
[2018.02.13-05.04.02:890][693]LogStaticLightingSystem: Warning: No importance volume found, so the scene bounding box was used.  You can optimize your scene's quality and lighting build times by adding importance volumes.
[2018.02.13-05.04.02:890][693]LogStaticLightingSystem: Running Lightmass w/ ImmediateImport mode ENABLED
[2018.02.13-05.04.02:890][693]LogStaticLightingSystem: Running Lightmass w/ ImmediateProcess mode ENABLED
[2018.02.13-05.04.02:890][693]LogStaticLightingSystem: Running Lightmass w/ Sorting mode ENABLED
[2018.02.13-05.04.02:890][693]LogStaticLightingSystem: Running Lightmass w/ Mapping paddings ENABLED
[2018.02.13-05.04.02:890][693]LogStaticLightingSystem: Running Lightmass w/ Mapping debug paddings DISABLED
[2018.02.13-05.04.03:109][693]Cmd: MAP CHECK DONTDISPLAYDIALOG
[2018.02.13-05.04.03:109][693]MapCheck: New page: Shop_Main - Feb 12, 2018, 1:04:03 PM
[2018.02.13-05.04.03:217][693]MapCheck: Map check complete: 0 Error(s), 0 Warning(s), took 107.827ms to complete.
[2018.02.13-05.04.03:241][693]LogEditorBuildUtils: Build time 0:07
[2018.02.13-05.04.03:258][693]LogMaterial: Missing cached shader map for material FLightmassMaterialRenderer MaterialInstanceDynamic_2, compiling. 
[2018.02.13-05.04.03:264][693]LogMaterial: Missing cached shader map for material FLightmassMaterialRenderer MaterialInstanceDynamic_2, compiling. 
[2018.02.13-05.04.03:309][694]LogMaterial: Missing cached shader map for material FLightmassMaterialRenderer WorldGridMaterial, compiling. Is special engine material.
[2018.02.13-05.04.03:317][694]LogMaterial: Missing cached shader map for material FLightmassMaterialRenderer WorldGridMaterial, compiling. Is special engine material.
[2018.02.13-05.04.03:365][695]LogMaterial: Missing cached shader map for material FLightmassMaterialRenderer lambert1, compiling. 
[2018.02.13-05.04.03:374][695]LogMaterial: Missing cached shader map for material FLightmassMaterialRenderer lambert1, compiling. 
[2018.02.13-05.04.06:227][763]LogEditorViewport: Clicking on Actor (LMB): StaticMeshActor (Bar)
[2018.02.13-05.04.06:829][779]Cmd: CAMERA ALIGN ACTIVEVIEWPORTONLY
[2018.02.13-05.04.09:264][878]Job is a success!
[2018.02.13-05.04.09:401][879]LogVolumetricLightmapImport: Imported Volumetric Lightmap in 0.035s
[2018.02.13-05.04.09:401][879]LogVolumetricLightmapImport:      Indirection Texture 16x16x16 = 0.0Mb
[2018.02.13-05.04.09:402][879]LogVolumetricLightmapImport:      BrickData 150x5x5 = 0.1Mb
[2018.02.13-05.04.09:402][879]LogVolumetricLightmapImport:      Bricks at Level
[2018.02.13-05.04.09:402][879]LogVolumetricLightmapImport:          0: 3.3% covering 100.0% of volume
[2018.02.13-05.04.09:402][879]LogVolumetricLightmapImport:          1: 13.3% covering 6.3% of volume
[2018.02.13-05.04.09:402][879]LogVolumetricLightmapImport:          2: 83.3% covering 0.6% of volume
[2018.02.13-05.04.09:504][879]LogTexture: Display: Building textures: SkyOcclusion1_1 (AutoDXT, 256X128)
[2018.02.13-05.04.09:504][879]LogTexture: Display: Building textures: HQ_Lightmap1_1 (AutoDXT, 256X256)
[2018.02.13-05.04.09:504][879]LogTexture: Display: Building textures: LQ_Lightmap_1_1 (DXT1, 256X256)
[2018.02.13-05.04.09:504][879]LogTexture: Display: Building textures: SkyOcclusion1_2 (AutoDXT, 64X32)
[2018.02.13-05.04.09:504][879]LogTexture: Display: Building textures: HQ_Lightmap1_2 (AutoDXT, 64X64)
[2018.02.13-05.04.09:504][879]LogTexture: Display: Building textures: LQ_Lightmap_1_2 (DXT1, 64X64)
[2018.02.13-05.04.09:504][879]LogTexture: Display: Building textures: ShadowMapTexture2D_1 (G8, 32X32)
[2018.02.13-05.04.09:504][879]LogTexture: Display: Building textures: ShadowMapTexture2D_0 (G8, 256X64)
[2018.02.13-05.04.09:572][879]Lightmass on ARCHER: 4.01 sec total, 2.62 sec importing, 17 ms setup, 491 ms photons, 859 ms processing, 0 ms extra exporting [5/5 mappings]. Threads: 5.86 sec total, 1.10 sec processing.
[2018.02.13-05.04.09:612][879]LogStaticLightingSystem: Illumination: 11.8 sec (65 ms encoding lightmaps, 16 ms encoding shadowmaps)
[2018.02.13-05.04.09:612][879]LogStaticLightingSystem: Lightmap texture memory:  0.2 MB (0.2 MB streaming, 0.0 MB non-streaming), 4 textures
[2018.02.13-05.04.09:612][879]LogStaticLightingSystem: Shadowmap texture memory: 0.0 MB (0.0 MB streaming, 0.0 MB non-streaming), 2 textures
[2018.02.13-05.04.09:900][879]DumpUnbuiltLightIteractions
[2018.02.13-05.04.09:901][879]Lights with unbuilt interactions: 0
[2018.02.13-05.04.09:901][879]
[2018.02.13-05.04.09:901][879]Primitives with unbuilt interactions: 0
[2018.02.13-05.04.09:946][880]Cmd: MAP CHECK NOTIFYRESULTS
[2018.02.13-05.04.09:947][880]MapCheck: New page: Shop_Main - Feb 12, 2018, 1:04:09 PM
[2018.02.13-05.04.10:064][880]MapCheck: Map check complete: 0 Error(s), 0 Warning(s), took 117.956ms to complete.
[2018.02.13-05.04.17:216][239]LogSavePackage: Save=49.26ms
[2018.02.13-05.04.17:216][239]LogSavePackage: Moving '../../../../../../Users/darkm/Documents/GitHub/SushiShop/SushiShop/Saved/Shop_Main7C80514B4DF3BED473666EBD562F6B39.tmp' to '../../../../../../Users/darkm/Documents/GitHub/SushiShop/SushiShop/Content/SushiShop/Shop_Main.umap'
[2018.02.13-05.04.17:227][239]LogSavePackage: Display: Finished SavePackage ../../../../../../Users/darkm/Documents/GitHub/SushiShop/SushiShop/Content/SushiShop/Shop_Main.umap
[2018.02.13-05.04.17:272][239]Cmd: OBJ SAVEPACKAGE PACKAGE="/Game/SushiShop/Shop_Main_BuiltData" FILE="../../../../../../Users/darkm/Documents/GitHub/SushiShop/SushiShop/Content/SushiShop/Shop_Main_BuiltData.uasset" SILENT=true
[2018.02.13-05.04.17:328][239]LogSavePackage: Save=39.68ms
[2018.02.13-05.04.17:328][239]LogSavePackage: Moving '../../../../../../Users/darkm/Documents/GitHub/SushiShop/SushiShop/Saved/Shop_Main_BuiltData57102C0F4AE6A78FBC1451ABCB4FE932.tmp' to '../../../../../../Users/darkm/Documents/GitHub/SushiShop/SushiShop/Content/SushiShop/Shop_Main_BuiltData.uasset'
[2018.02.13-05.04.17:337][239]LogSavePackage: Display: Finished SavePackage ../../../../../../Users/darkm/Documents/GitHub/SushiShop/SushiShop/Content/SushiShop/Shop_Main_BuiltData.uasset
[2018.02.13-05.04.27:698][885]LogRenderer: Reallocating scene render targets to support 964x444 Format 26 NumSamples 1 (Frame:1123).
[2018.02.13-05.04.27:757][886]LogRenderer: Reallocating scene render targets to support 964x456 Format 26 NumSamples 1 (Frame:1125).
[2018.02.13-05.04.27:813][887]LogRenderer: Reallocating scene render targets to support 964x460 Format 26 NumSamples 1 (Frame:1127).
[2018.02.13-05.04.27:950][894]LogRenderer: Reallocating scene render targets to support 964x464 Format 26 NumSamples 1 (Frame:1131).
[2018.02.13-05.04.28:036][896]LogRenderer: Reallocating scene render targets to support 964x468 Format 26 NumSamples 1 (Frame:1135).
[2018.02.13-05.04.28:188][901]LogRenderer: Reallocating scene render targets to support 964x472 Format 26 NumSamples 1 (Frame:1141).
[2018.02.13-05.04.28:328][910]LogRenderer: Reallocating scene render targets to support 964x476 Format 26 NumSamples 1 (Frame:1145).
[2018.02.13-05.08.42:215][266]LogSlate: Took 0.012809 seconds to synchronously load lazily loaded font '../../../Engine/Content/Editor/Slate/Fonts/Roboto-Italic.ttf' (157K)
[2018.02.13-05.08.46:738][485]LogD3D11RHI: Error: Result failed 
 at D:\Build\++UE4+Release-4.18+Compile\Sync\Engine\Source\Runtime\Windows\D3D11RHI\Private\D3D11Viewport.cpp:289 
 with error DXGI_ERROR_DEVICE_REMOVED DXGI_ERROR_DRIVER_INTERNAL_ERROR
[2018.02.13-05.08.46:738][485]LogWindows: Windows GetLastError: The operation completed successfully. (0)
[2018.02.13-05.08.47:737][485]LogWindows: Windows GetLastError: The operation completed successfully. (0)
[2018.02.13-05.08.47:737][485]LogWindows: Error: === Critical error: ===
[2018.02.13-05.08.47:737][485]LogWindows: Error: 
[2018.02.13-05.08.47:737][485]LogWindows: Error: Fatal error: [File:D:\Build\++UE4+Release-4.18+Compile\Sync\Engine\Source\Runtime\RenderCore\Private\RenderingThread.cpp] [Line: 813] 
[2018.02.13-05.08.47:737][485]LogWindows: Error: Rendering thread exception:
[2018.02.13-05.08.47:737][485]LogWindows: Error: Fatal error: [File:D:\Build\++UE4+Release-4.18+Compile\Sync\Engine\Source\Runtime\Windows\D3D11RHI\Private\D3D11Util.cpp] [Line: 182] 
[2018.02.13-05.08.47:737][485]LogWindows: Error: Unreal Engine is exiting due to D3D device being lost. (Error: 0x887A0020 - 'INTERNAL_ERROR')
[2018.02.13-05.08.47:737][485]LogWindows: Error: 
[2018.02.13-05.08.47:737][485]LogWindows: Error: 
[2018.02.13-05.08.47:737][485]LogWindows: Error: [Callstack] 0x0000000038223FB8 KERNELBASE.dll!UnknownFunction []
[2018.02.13-05.08.47:737][485]LogWindows: Error: [Callstack] 0x000000001ECE76D4 UE4Editor-ApplicationCore.dll!UnknownFunction []
[2018.02.13-05.08.47:737][485]LogWindows: Error: [Callstack] 0x000000000BC5330B UE4Editor-Core.dll!UnknownFunction []
[2018.02.13-05.08.47:737][485]LogWindows: Error: [Callstack] 0x000000000BBE47F9 UE4Editor-Core.dll!UnknownFunction []
[2018.02.13-05.08.47:737][485]LogWindows: Error: [Callstack] 0x00000000F26079FF UE4Editor-D3D11RHI.dll!UnknownFunction []
[2018.02.13-05.08.47:737][485]LogWindows: Error: [Callstack] 0x00000000F260BBC0 UE4Editor-D3D11RHI.dll!UnknownFunction []
[2018.02.13-05.08.47:737][485]LogWindows: Error: [Callstack] 0x00000000F25EB3FA UE4Editor-D3D11RHI.dll!UnknownFunction []
[2018.02.13-05.08.47:737][485]LogWindows: Error: [Callstack] 0x00000000F25EB35E UE4Editor-D3D11RHI.dll!UnknownFunction []
[2018.02.13-05.08.47:737][485]LogWindows: Error: [Callstack] 0x00000000F25F83E8 UE4Editor-D3D11RHI.dll!UnknownFunction []
[2018.02.13-05.08.47:737][485]LogWindows: Error: [Callstack] 0x000000001896E4F7 UE4Editor-RHI.dll!UnknownFunction []
[2018.02.13-05.08.47:737][485]LogWindows: Error: [Callstack] 0x00000000F23D0B45 UE4Editor-SlateRHIRenderer.dll!UnknownFunction []
[2018.02.13-05.08.47:737][485]LogWindows: Error: [Callstack] 0x00000000F23D60A9 UE4Editor-SlateRHIRenderer.dll!UnknownFunction []
[2018.02.13-05.08.47:737][485]LogWindows: Error: [Callstack] 0x000000000BAB4845 UE4Editor-Core.dll!UnknownFunction []
[2018.02.13-05.08.47:737][485]LogWindows: Error: [Callstack] 0x000000000BAB4E2A UE4Editor-Core.dll!UnknownFunction []
[2018.02.13-05.08.47:737][485]LogWindows: Error: [Callstack] 0x000000001ED622C4 UE4Editor-RenderCore.dll!UnknownFunction []
[2018.02.13-05.08.47:738][485]LogWindows: Error: [Callstack] 0x000000001ED632F6 UE4Editor-RenderCore.dll!UnknownFunction []
[2018.02.13-05.08.47:738][485]LogWindows: Error: [Callstack] 0x000000000BE5092C UE4Editor-Core.dll!UnknownFunction []
[2018.02.13-05.08.47:738][485]LogWindows: Error: [Callstack] 0x000000000BE42563 UE4Editor-Core.dll!UnknownFunction []
[2018.02.13-05.08.47:738][485]LogWindows: Error: [Callstack] 0x0000000038FC1FE4 KERNEL32.DLL!UnknownFunction []
[2018.02.13-05.08.47:738][485]LogWindows: Error: [Callstack] 0x000000003BB4EFC1 ntdll.dll!UnknownFunction []
[2018.02.13-05.08.47:738][485]LogWindows: Error: [Callstack] 0x000000003BB4EFC1 ntdll.dll!UnknownFunction []
[2018.02.13-05.08.47:738][485]LogWindows: Error: 
[2018.02.13-05.08.47:738][485]LogWindows: Error: 
[2018.02.13-05.08.47:738][485]LogWindows: Error: 
[2018.02.13-05.08.47:738][485]LogWindows: Error: 
[2018.02.13-05.08.47:754][485]LogExit: Executing StaticShutdownAfterError
[2018.02.13-05.08.47:757][485]LogWindows: FPlatformMisc::RequestExit(1)
[2018.02.13-05.08.47:757][485]Log file closed, 02/12/18 21:08:47
