Log file open, 04/30/18 16:10:23
LogWindows: Failed to load 'aqProf.dll' (GetLastError=126)
LogWindows: File 'aqProf.dll' does not exist
LogWindows: Failed to load 'VSPerf140.dll' (GetLastError=126)
LogWindows: File 'VSPerf140.dll' does not exist
LogWindows: Failed to load 'VtuneApi.dll' (GetLastError=126)
LogWindows: File 'VtuneApi.dll' does not exist
LogWindows: Failed to load 'VtuneApi32e.dll' (GetLastError=126)
LogWindows: File 'VtuneApi32e.dll' does not exist
LogInit: Display: Running engine for game: SushiShop
LogPlatformFile: Not using cached read wrapper
LogInit: Display: RandInit(-677500838) SRandInit(-677500838).
LogInit: Read version file with build ID '3709383'
LogInit: Overriding engine version to CL 3832480, compatible CL 3709383
LogInit: Registered custom module enumerator with build ID '3709383'
LogTaskGraph: Started task graph with 5 named threads and 14 total threads with 3 sets of task threads.
LogStats: Stats thread started at 0.154175
LogD3D11RHI: Aftermath initialized
LogModuleManager: Display: Found up-to-date module file ../../../Engine/Plugins/Marketplace/Substance/Binaries/Win64/UE4Editor-SubstanceCore.dll (API version 3709383).
LogModuleManager: Display: Found up-to-date module file ../../../Engine/Plugins/Marketplace/Substance/Binaries/Win64/UE4Editor-SubstanceEditor.dll (API version 3709383).
LogModuleManager: Display: Found up-to-date module file ../../../Engine/Plugins/Marketplace/Substance/Binaries/Win64/UE4Editor-SubstanceSource.dll (API version 3709383).
LogModuleManager: Display: Found up-to-date module file ../../../Engine/Plugins/Marketplace/Substance/Binaries/Win64/UE4Editor-SubstanceLiveLink.dll (API version 3709383).
LogModuleManager: Display: Found up-to-date module file ../../../Engine/Plugins/Runtime/ApexDestruction/Binaries/Win64/UE4Editor-ApexDestruction.dll (API version 3709383).
LogModuleManager: Display: Found up-to-date module file ../../../Engine/Plugins/Runtime/ApexDestruction/Binaries/Win64/UE4Editor-ApexDestructionEditor.dll (API version 3709383).
LogModuleManager: Display: Found up-to-date module file ../../../Engine/Plugins/Experimental/BlueprintStats/Binaries/Win64/UE4Editor-BlueprintStats.dll (API version 3709383).
LogModuleManager: Display: Found up-to-date module file ../../../Engine/Plugins/Runtime/Oculus/OculusAudio/Binaries/Win64/UE4Editor-OculusAudio.dll (API version 3709383).
LogModuleManager: Display: Found up-to-date module file ../../../Engine/Plugins/Runtime/SoundVisualizations/Binaries/Win64/UE4Editor-SoundVisualizations.dll (API version 3709383).
LogModuleManager: Display: Found up-to-date module file ../../../Engine/Plugins/2D/Paper2D/Binaries/Win64/UE4Editor-Paper2D.dll (API version 3709383).
LogModuleManager: Display: Found up-to-date module file ../../../Engine/Plugins/2D/Paper2D/Binaries/Win64/UE4Editor-Paper2DEditor.dll (API version 3709383).
LogModuleManager: Display: Found up-to-date module file ../../../Engine/Plugins/2D/Paper2D/Binaries/Win64/UE4Editor-PaperSpriteSheetImporter.dll (API version 3709383).
LogModuleManager: Display: Found up-to-date module file ../../../Engine/Plugins/2D/Paper2D/Binaries/Win64/UE4Editor-PaperTiledImporter.dll (API version 3709383).
LogModuleManager: Display: Found up-to-date module file ../../../Engine/Plugins/2D/Paper2D/Binaries/Win64/UE4Editor-SmartSnapping.dll (API version 3709383).
LogModuleManager: Display: Found up-to-date module file ../../../Engine/Plugins/Blendables/LightPropagationVolume/Binaries/Win64/UE4Editor-LightPropagationVolumeRuntime.dll (API version 3709383).
LogModuleManager: Display: Found up-to-date module file ../../../Engine/Plugins/Blendables/LightPropagationVolume/Binaries/Win64/UE4Editor-LightPropagationVolumeEditor.dll (API version 3709383).
LogModuleManager: Display: Found up-to-date module file ../../../Engine/Plugins/Developer/GitSourceControl/Binaries/Win64/UE4Editor-GitSourceControl.dll (API version 3709383).
LogModuleManager: Display: Found up-to-date module file ../../../Engine/Plugins/Developer/PerforceSourceControl/Binaries/Win64/UE4Editor-PerforceSourceControl.dll (API version 3709383).
LogModuleManager: Display: Found up-to-date module file ../../../Engine/Plugins/Developer/SubversionSourceControl/Binaries/Win64/UE4Editor-SubversionSourceControl.dll (API version 3709383).
LogModuleManager: Display: Found up-to-date module file ../../../Engine/Plugins/Developer/UObjectPlugin/Binaries/Win64/UE4Editor-UObjectPlugin.dll (API version 3709383).
LogModuleManager: Display: Found up-to-date module file ../../../Engine/Plugins/Developer/VisualStudioCodeSourceCodeAccess/Binaries/Win64/UE4Editor-VisualStudioCodeSourceCodeAccess.dll (API version 3709383).
LogModuleManager: Display: Found up-to-date module file ../../../Engine/Plugins/Developer/VisualStudioSourceCodeAccess/Binaries/Win64/UE4Editor-VisualStudioSourceCodeAccess.dll (API version 3709383).
LogModuleManager: Display: Found up-to-date module file ../../../Engine/Plugins/Editor/AssetManagerEditor/Binaries/Win64/UE4Editor-AssetManagerEditor.dll (API version 3709383).
LogModuleManager: Display: Found up-to-date module file ../../../Engine/Plugins/Editor/AudioCapture/Binaries/Win64/UE4Editor-AudioCapture.dll (API version 3709383).
LogModuleManager: Display: Found up-to-date module file ../../../Engine/Plugins/Editor/FacialAnimation/Binaries/Win64/UE4Editor-FacialAnimation.dll (API version 3709383).
LogModuleManager: Display: Found up-to-date module file ../../../Engine/Plugins/Editor/FacialAnimation/Binaries/Win64/UE4Editor-FacialAnimationEditor.dll (API version 3709383).
LogModuleManager: Display: Found up-to-date module file ../../../Engine/Plugins/Editor/GameplayTagsEditor/Binaries/Win64/UE4Editor-GameplayTagsEditor.dll (API version 3709383).
LogModuleManager: Display: Found up-to-date module file ../../../Engine/Plugins/Editor/MobileLauncherProfileWizard/Binaries/Win64/UE4Editor-MobileLauncherProfileWizard.dll (API version 3709383).
LogModuleManager: Display: Found up-to-date module file ../../../Engine/Plugins/Editor/PluginBrowser/Binaries/Win64/UE4Editor-PluginBrowser.dll (API version 3709383).
LogModuleManager: Display: Found up-to-date module file ../../../Engine/Plugins/Editor/SpeedTreeImporter/Binaries/Win64/UE4Editor-SpeedTreeImporter.dll (API version 3709383).
LogModuleManager: Display: Found up-to-date module file ../../../Engine/Plugins/Experimental/AlembicImporter/Binaries/Win64/UE4Editor-AlembicImporter.dll (API version 3709383).
LogModuleManager: Display: Found up-to-date module file ../../../Engine/Plugins/Experimental/AlembicImporter/Binaries/Win64/UE4Editor-AlembicLibrary.dll (API version 3709383).
LogModuleManager: Display: Found up-to-date module file ../../../Engine/Plugins/Experimental/CharacterAI/Binaries/Win64/UE4Editor-CharacterAI.dll (API version 3709383).
LogModuleManager: Display: Found up-to-date module file ../../../Engine/Plugins/Experimental/HTML5Networking/Binaries/Win64/UE4Editor-HTML5Networking.dll (API version 3709383).
LogModuleManager: Display: Found up-to-date module file ../../../Engine/Plugins/Media/AndroidMedia/Binaries/Win64/UE4Editor-AndroidMediaEditor.dll (API version 3709383).
LogModuleManager: Display: Found up-to-date module file ../../../Engine/Plugins/Media/AndroidMedia/Binaries/Win64/UE4Editor-AndroidMediaFactory.dll (API version 3709383).
LogModuleManager: Display: Found up-to-date module file ../../../Engine/Plugins/Media/AvfMedia/Binaries/Win64/UE4Editor-AvfMediaEditor.dll (API version 3709383).
LogModuleManager: Display: Found up-to-date module file ../../../Engine/Plugins/Media/AvfMedia/Binaries/Win64/UE4Editor-AvfMediaFactory.dll (API version 3709383).
LogModuleManager: Display: Found up-to-date module file ../../../Engine/Plugins/Media/AvfMedia/Binaries/Win64/UE4Editor-AvfMediaFactory.dll (API version 3709383).
LogModuleManager: Display: Found up-to-date module file ../../../Engine/Plugins/Media/ImgMedia/Binaries/Win64/UE4Editor-ImgMedia.dll (API version 3709383).
LogModuleManager: Display: Found up-to-date module file ../../../Engine/Plugins/Media/ImgMedia/Binaries/Win64/UE4Editor-ImgMediaEditor.dll (API version 3709383).
LogModuleManager: Display: Found up-to-date module file ../../../Engine/Plugins/Media/ImgMedia/Binaries/Win64/UE4Editor-ImgMediaFactory.dll (API version 3709383).
LogModuleManager: Display: Found up-to-date module file ../../../Engine/Plugins/Media/ImgMedia/Binaries/Win64/UE4Editor-ImgMediaFactory.dll (API version 3709383).
LogModuleManager: Display: Found up-to-date module file ../../../Engine/Plugins/Media/ImgMedia/Binaries/Win64/UE4Editor-OpenExrWrapper.dll (API version 3709383).
LogModuleManager: Display: Found up-to-date module file ../../../Engine/Plugins/Media/MediaCompositing/Binaries/Win64/UE4Editor-MediaCompositing.dll (API version 3709383).
LogModuleManager: Display: Found up-to-date module file ../../../Engine/Plugins/Media/MediaCompositing/Binaries/Win64/UE4Editor-MediaCompositingEditor.dll (API version 3709383).
LogModuleManager: Display: Found up-to-date module file ../../../Engine/Plugins/Media/MediaPlayerEditor/Binaries/Win64/UE4Editor-MediaPlayerEditor.dll (API version 3709383).
LogModuleManager: Display: Found up-to-date module file ../../../Engine/Plugins/Media/WmfMedia/Binaries/Win64/UE4Editor-WmfMedia.dll (API version 3709383).
LogModuleManager: Display: Found up-to-date module file ../../../Engine/Plugins/Media/WmfMedia/Binaries/Win64/UE4Editor-WmfMediaEditor.dll (API version 3709383).
LogModuleManager: Display: Found up-to-date module file ../../../Engine/Plugins/Media/WmfMedia/Binaries/Win64/UE4Editor-WmfMediaFactory.dll (API version 3709383).
LogModuleManager: Display: Found up-to-date module file ../../../Engine/Plugins/Media/WmfMedia/Binaries/Win64/UE4Editor-WmfMediaFactory.dll (API version 3709383).
LogModuleManager: Display: Found up-to-date module file ../../../Engine/Plugins/Messaging/TcpMessaging/Binaries/Win64/UE4Editor-TcpMessaging.dll (API version 3709383).
LogModuleManager: Display: Found up-to-date module file ../../../Engine/Plugins/Messaging/UdpMessaging/Binaries/Win64/UE4Editor-UdpMessaging.dll (API version 3709383).
LogModuleManager: Display: Found up-to-date module file ../../../Engine/Plugins/MovieScene/ActorSequence/Binaries/Win64/UE4Editor-ActorSequence.dll (API version 3709383).
LogModuleManager: Display: Found up-to-date module file ../../../Engine/Plugins/MovieScene/LevelSequenceEditor/Binaries/Win64/UE4Editor-LevelSequenceEditor.dll (API version 3709383).
LogModuleManager: Display: Found up-to-date module file ../../../Engine/Plugins/MovieScene/MatineeToLevelSequence/Binaries/Win64/UE4Editor-MatineeToLevelSequence.dll (API version 3709383).
LogModuleManager: Display: Found up-to-date module file ../../../Engine/Plugins/Online/OnlineSubsystem/Binaries/Win64/UE4Editor-OnlineSubsystem.dll (API version 3709383).
LogModuleManager: Display: Found up-to-date module file ../../../Engine/Plugins/Runtime/AndroidPermission/Binaries/Win64/UE4Editor-AndroidPermission.dll (API version 3709383).
LogModuleManager: Display: Found up-to-date module file ../../../Engine/Plugins/Online/OnlineSubsystemNull/Binaries/Win64/UE4Editor-OnlineSubsystemNull.dll (API version 3709383).
LogModuleManager: Display: Found up-to-date module file ../../../Engine/Plugins/Online/OnlineSubsystemUtils/Binaries/Win64/UE4Editor-OnlineSubsystemUtils.dll (API version 3709383).
LogModuleManager: Display: Found up-to-date module file ../../../Engine/Plugins/Online/OnlineSubsystemUtils/Binaries/Win64/UE4Editor-OnlineBlueprintSupport.dll (API version 3709383).
LogModuleManager: Display: Found up-to-date module file ../../../Engine/Plugins/Runtime/AndroidDeviceProfileSelector/Binaries/Win64/UE4Editor-AndroidDeviceProfileSelector.dll (API version 3709383).
LogModuleManager: Display: Found up-to-date module file ../../../Engine/Plugins/Runtime/AppleARKit/Binaries/Win64/UE4Editor-AppleARKit.dll (API version 3709383).
LogModuleManager: Display: Found up-to-date module file ../../../Engine/Plugins/Runtime/ArchVisCharacter/Binaries/Win64/UE4Editor-ArchVisCharacter.dll (API version 3709383).
LogModuleManager: Display: Found up-to-date module file ../../../Engine/Plugins/Runtime/CableComponent/Binaries/Win64/UE4Editor-CableComponent.dll (API version 3709383).
LogModuleManager: Display: Found up-to-date module file ../../../Engine/Plugins/Runtime/CustomMeshComponent/Binaries/Win64/UE4Editor-CustomMeshComponent.dll (API version 3709383).
LogModuleManager: Display: Found up-to-date module file ../../../Engine/Plugins/Runtime/ExampleDeviceProfileSelector/Binaries/Win64/UE4Editor-ExampleDeviceProfileSelector.dll (API version 3709383).
LogModuleManager: Display: Found up-to-date module file ../../../Engine/Plugins/Runtime/ImmediatePhysics/Binaries/Win64/UE4Editor-ImmediatePhysics.dll (API version 3709383).
LogModuleManager: Display: Found up-to-date module file ../../../Engine/Plugins/Runtime/ImmediatePhysics/Binaries/Win64/UE4Editor-ImmediatePhysicsEditor.dll (API version 3709383).
LogModuleManager: Display: Found up-to-date module file ../../../Engine/Plugins/Runtime/LocationServicesBPLibrary/Binaries/Win64/UE4Editor-LocationServicesBPLibrary.dll (API version 3709383).
LogModuleManager: Display: Found up-to-date module file ../../../Engine/Plugins/Runtime/MobilePatchingUtils/Binaries/Win64/UE4Editor-MobilePatchingUtils.dll (API version 3709383).
LogModuleManager: Display: Found up-to-date module file ../../../Engine/Plugins/Runtime/Oculus/OculusVR/Binaries/Win64/UE4Editor-OculusHMD.dll (API version 3709383).
LogModuleManager: Display: Found up-to-date module file ../../../Engine/Plugins/Runtime/Oculus/OculusVR/Binaries/Win64/UE4Editor-OculusInput.dll (API version 3709383).
LogModuleManager: Display: Found up-to-date module file ../../../Engine/Plugins/Runtime/Oculus/OculusVR/Binaries/Win64/UE4Editor-OculusEditor.dll (API version 3709383).
LogModuleManager: Display: Found up-to-date module file ../../../Engine/Plugins/Runtime/PhysXVehicles/Binaries/Win64/UE4Editor-PhysXVehicles.dll (API version 3709383).
LogModuleManager: Display: Found up-to-date module file ../../../Engine/Plugins/Runtime/PhysXVehicles/Binaries/Win64/UE4Editor-PhysXVehiclesEditor.dll (API version 3709383).
LogModuleManager: Display: Found up-to-date module file ../../../Engine/Plugins/Runtime/ProceduralMeshComponent/Binaries/Win64/UE4Editor-ProceduralMeshComponent.dll (API version 3709383).
LogModuleManager: Display: Found up-to-date module file ../../../Engine/Plugins/Runtime/ProceduralMeshComponent/Binaries/Win64/UE4Editor-ProceduralMeshComponentEditor.dll (API version 3709383).
LogModuleManager: Display: Found up-to-date module file ../../../Engine/Plugins/Runtime/RuntimePhysXCooking/Binaries/Win64/UE4Editor-RuntimePhysXCooking.dll (API version 3709383).
LogModuleManager: Display: Found up-to-date module file ../../../Engine/Plugins/Runtime/Steam/SteamVR/Binaries/Win64/UE4Editor-SteamVR.dll (API version 3709383).
LogModuleManager: Display: Found up-to-date module file ../../../Engine/Plugins/Runtime/Steam/SteamVR/Binaries/Win64/UE4Editor-SteamVRController.dll (API version 3709383).
LogModuleManager: Display: Found up-to-date module file ../../../Engine/Plugins/Runtime/WindowsMoviePlayer/Binaries/Win64/UE4Editor-WindowsMoviePlayer.dll (API version 3709383).
LogPluginManager: Mounting plugin Paper2D
LogPluginManager: Mounting plugin LightPropagationVolume
LogPluginManager: Mounting plugin CodeLiteSourceCodeAccess
LogPluginManager: Mounting plugin GitSourceControl
LogPluginManager: Mounting plugin KDevelopSourceCodeAccess
LogPluginManager: Mounting plugin NullSourceCodeAccess
LogPluginManager: Mounting plugin PerforceSourceControl
LogPluginManager: Mounting plugin SubversionSourceControl
LogPluginManager: Mounting plugin UObjectPlugin
LogPluginManager: Mounting plugin VisualStudioCodeSourceCodeAccess
LogPluginManager: Mounting plugin VisualStudioSourceCodeAccess
LogPluginManager: Mounting plugin XCodeSourceCodeAccess
LogPluginManager: Mounting plugin AssetManagerEditor
LogPluginManager: Mounting plugin AudioCapture
LogPluginManager: Mounting plugin FacialAnimation
LogPluginManager: Mounting plugin GameplayTagsEditor
LogPluginManager: Mounting plugin MobileLauncherProfileWizard
LogPluginManager: Mounting plugin PluginBrowser
LogPluginManager: Mounting plugin SpeedTreeImporter
LogPluginManager: Mounting plugin AlembicImporter
LogPluginManager: Mounting plugin BlueprintStats
LogPluginManager: Mounting plugin CharacterAI
LogPluginManager: Mounting plugin HTML5Networking
LogPluginManager: Mounting plugin Substance
LogPluginManager: Mounting plugin AndroidMedia
LogPluginManager: Mounting plugin AvfMedia
LogPluginManager: Mounting plugin ImgMedia
LogPluginManager: Mounting plugin MediaCompositing
LogPluginManager: Mounting plugin MediaPlayerEditor
LogPluginManager: Mounting plugin WmfMedia
LogPluginManager: Mounting plugin TcpMessaging
LogPluginManager: Mounting plugin UdpMessaging
LogPluginManager: Mounting plugin ActorSequence
LogPluginManager: Mounting plugin LevelSequenceEditor
LogPluginManager: Mounting plugin MatineeToLevelSequence
LogPluginManager: Mounting plugin OnlineSubsystemGooglePlay
LogPluginManager: Mounting plugin OnlineSubsystemIOS
LogPluginManager: Mounting plugin OnlineSubsystem
LogPluginManager: Mounting plugin OnlineSubsystemNull
LogPluginManager: Mounting plugin OnlineSubsystemUtils
LogPluginManager: Mounting plugin AndroidDeviceProfileSelector
LogPluginManager: Mounting plugin AndroidMoviePlayer
LogPluginManager: Mounting plugin AndroidPermission
LogPluginManager: Mounting plugin ApexDestruction
LogPluginManager: Mounting plugin AppleARKit
LogPluginManager: Mounting plugin AppleMoviePlayer
LogPluginManager: Mounting plugin ArchVisCharacter
LogPluginManager: Mounting plugin CableComponent
LogPluginManager: Mounting plugin CustomMeshComponent
LogPluginManager: Mounting plugin ExampleDeviceProfileSelector
LogPluginManager: Mounting plugin GoogleCloudMessaging
LogPluginManager: Mounting plugin ImmediatePhysics
LogPluginManager: Mounting plugin IOSDeviceProfileSelector
LogPluginManager: Mounting plugin LinuxDeviceProfileSelector
LogPluginManager: Mounting plugin LocationServicesBPLibrary
LogPluginManager: Mounting plugin MobilePatchingUtils
LogPluginManager: Mounting plugin OculusAudio
LogPluginManager: Mounting plugin OculusVR
LogPluginManager: Plugin shader directory ../../../Engine/Plugins/Runtime/Oculus/OculusVR/Shaders found
LogPluginManager: Mapping shader source directory ../../../Engine/Plugins/Runtime/Oculus/OculusVR/Shaders to virtual directory /Plugin/OculusVR
LogPluginManager: Mounting plugin PhysXVehicles
LogPluginManager: Mounting plugin ProceduralMeshComponent
LogPluginManager: Mounting plugin RuntimePhysXCooking
LogPluginManager: Mounting plugin SoundVisualizations
LogPluginManager: Mounting plugin SteamVR
LogPluginManager: Mounting plugin WindowsMoviePlayer
LogInit: Using libcurl 7.47.1
LogInit:  - built for x86_64-pc-win32
LogInit:  - supports SSL with OpenSSL/1.0.2g
LogInit:  - supports HTTP deflate (compression) using libz 1.2.8
LogInit:  - other features:
LogInit:      CURL_VERSION_SSL
LogInit:      CURL_VERSION_LIBZ
LogInit:      CURL_VERSION_IPV6
LogInit:      CURL_VERSION_ASYNCHDNS
LogInit:      CURL_VERSION_LARGEFILE
LogInit:      CURL_VERSION_IDN
LogInit:  CurlRequestOptions (configurable via config and command line):
LogInit:  - bVerifyPeer = false  - Libcurl will NOT verify peer certificate
LogInit:  - bUseHttpProxy = false  - Libcurl will NOT use HTTP proxy
LogInit:  - bDontReuseConnections = false  - Libcurl will reuse connections
LogInit:  - CertBundlePath = nullptr  - Libcurl will use whatever was configured at build time.
LogInit: Build: ++UE4+Release-4.18-CL-3832480
LogInit: Engine Version: 4.18.3-3832480+++UE4+Release-4.18
LogInit: Compatible Engine Version: 4.18.0-3709383+++UE4+Release-4.18
LogInit: Net CL: 3709383
LogDevObjectVersion: Number of dev versions registered: 16
LogDevObjectVersion:   Dev-Blueprints (B0D832E4-1F89-4F0D-ACCF-7EB736FD4AA2): 10
LogDevObjectVersion:   Dev-Build (E1C64328-A22C-4D53-A36C-8E866417BD8C): 0
LogDevObjectVersion:   Dev-Core (375EC13C-06E4-48FB-B500-84F0262A717E): 2
LogDevObjectVersion:   Dev-Editor (E4B068ED-F494-42E9-A231-DA0B2E46BB41): 20
LogDevObjectVersion:   Dev-Framework (CFFC743F-43B0-4480-9391-14DF171D2073): 30
LogDevObjectVersion:   Dev-Mobile (B02B49B5-BB20-44E9-A304-32B752E40360): 0
LogDevObjectVersion:   Dev-Networking (A4E4105C-59A1-49B5-A7C5-40C4547EDFEE): 0
LogDevObjectVersion:   Dev-Online (39C831C9-5AE6-47DC-9A44-9C173E1C8E7C): 0
LogDevObjectVersion:   Dev-Physics (78F01B33-EBEA-4F98-B9B4-84EACCB95AA2): 0
LogDevObjectVersion:   Dev-Platform (6631380F-2D4D-43E0-8009-CF276956A95A): 0
LogDevObjectVersion:   Dev-Rendering (12F88B9F-8875-4AFC-A67C-D90C383ABD29): 20
LogDevObjectVersion:   Dev-Sequencer (7B5AE74C-D270-4C10-A958-57980B212A5A): 4
LogDevObjectVersion:   Dev-VR (D7296918-1DD6-4BDD-9DE2-64A83CC13884): 0
LogDevObjectVersion:   Dev-LoadTimes (C2A15278-BFE7-4AFE-6C17-90FF531DF755): 1
LogDevObjectVersion:   Private-Geometry (6EACA3D4-40EC-4CC1-B786-8BED09428FC5): 1
LogDevObjectVersion:   Dev-AnimPhys (29E575DD-E0A3-4627-9D10-D276232CDCEA): 12
LogInit: Compiled (64-bit): Jan 12 2018 02:04:55
LogInit: Compiled with Visual C++: 19.00.24215.01
LogInit: Build Configuration: Development
LogInit: Branch Name: ++UE4+Release-4.18
LogInit: Command line:  
LogInit: Base directory: C:/Program Files/Epic Games/UE_4.18/Engine/Binaries/Win64/
LogInit: Installed Engine Build: 1
LogInit: Presizing for max 8388607 objects, including 0 objects not considered by GC, pre-allocating 0 bytes for permanent pool.
LogInit: Object subsystem initialized
[2018.04.30-23.10.24:749][  0]LogInit: Selected Device Profile: [Windows]
[2018.04.30-23.10.24:749][  0]LogInit: Applying CVar settings loaded from the selected device profile: [Windows]
[2018.04.30-23.10.24:758][  0]LogInit: Computer: DESKTOP-TMTLRPJ
[2018.04.30-23.10.24:758][  0]LogInit: User: GameDevClub
[2018.04.30-23.10.24:758][  0]LogInit: CPU Page size=4096, Cores=4
[2018.04.30-23.10.24:758][  0]LogInit: High frequency timer resolution =4.101559 MHz
[2018.04.30-23.10.24:758][  0]LogMemory: Memory total: Physical=16.0GB (16GB approx)
[2018.04.30-23.10.24:758][  0]LogMemory: Platform Memory Stats for Windows
[2018.04.30-23.10.24:758][  0]LogMemory: Process Physical Memory: 282.78 MB used, 282.78 MB peak
[2018.04.30-23.10.24:758][  0]LogMemory: Process Virtual Memory: 276.54 MB used, 276.54 MB peak
[2018.04.30-23.10.24:758][  0]LogMemory: Physical Memory: 5048.57 MB used,  11298.56 MB free, 16347.13 MB total
[2018.04.30-23.10.24:758][  0]LogMemory: Virtual Memory: 741.94 MB used,  11298.56 MB free, 134217728.00 MB total
[2018.04.30-23.10.24:865][  0]LogInit: Using OS detected language (en-US).
[2018.04.30-23.10.24:865][  0]LogInit: Using OS detected locale (en-US).
[2018.04.30-23.10.24:867][  0]LogTextLocalizationManager: No specific localization for 'en-US' exists, so the 'en' localization will be used.
[2018.04.30-23.10.25:156][  0]LogInit: Setting process to per monitor DPI aware
[2018.04.30-23.10.25:341][  0]LogD3D11RHI: D3D11 adapters:
[2018.04.30-23.10.25:369][  0]LogD3D11RHI:    0. 'NVIDIA GeForce GTX 1080 Ti' (Feature Level 11_0)
[2018.04.30-23.10.25:369][  0]LogD3D11RHI:       11127/0/8173 MB DedicatedVideo/DedicatedSystem/SharedSystem, Outputs:3, VendorId:0x10de
[2018.04.30-23.10.25:370][  0]LogD3D11RHI:    1. 'Microsoft Basic Render Driver' (Feature Level 11_0)
[2018.04.30-23.10.25:370][  0]LogD3D11RHI:       0/0/8173 MB DedicatedVideo/DedicatedSystem/SharedSystem, Outputs:0, VendorId:0x1414
[2018.04.30-23.10.25:370][  0]LogD3D11RHI: Chosen D3D11 Adapter: 0
[2018.04.30-23.10.25:375][  0]LogD3D11RHI: Creating new Direct3DDevice
[2018.04.30-23.10.25:375][  0]LogD3D11RHI:     GPU DeviceId: 0x1b06 (for the marketing name, search the web for "GPU Device Id")
[2018.04.30-23.10.25:375][  0]LogWindows: EnumDisplayDevices:
[2018.04.30-23.10.25:375][  0]LogWindows:    0. 'NVIDIA GeForce GTX 1080 Ti' (P:1 D:1)
[2018.04.30-23.10.25:375][  0]LogWindows:    1. 'NVIDIA GeForce GTX 1080 Ti' (P:0 D:1)
[2018.04.30-23.10.25:375][  0]LogWindows:    2. 'NVIDIA GeForce GTX 1080 Ti' (P:0 D:1)
[2018.04.30-23.10.25:375][  0]LogWindows:    3. 'NVIDIA GeForce GTX 1080 Ti' (P:0 D:0)
[2018.04.30-23.10.25:375][  0]LogWindows: DebugString: GetVideoDriverDetailsInvalid PrimaryIsNotTheChoosenAdapter GetVideoDriverDetailsInvalid PrimaryIsNotTheChoosenAdapter GetVideoDriverDetailsInvalid PrimaryIsNotTheChoosenAdapter GetVideoDriverDetailsInvalid PrimaryIsNotTheChoosenAdapter FoundDriverCount:0 
[2018.04.30-23.10.25:375][  0]LogD3D11RHI:     Adapter Name: NVIDIA GeForce GTX 1080 Ti
[2018.04.30-23.10.25:375][  0]LogD3D11RHI:   Driver Version: Unknown (internal:Unknown, unified:Unknown)
[2018.04.30-23.10.25:375][  0]LogD3D11RHI:      Driver Date: Unknown
[2018.04.30-23.10.25:375][  0]LogRHI: Texture pool is 7788 MB (70% of 11127 MB)
[2018.04.30-23.10.25:393][  0]LogD3D11RHI: Async texture creation enabled
[2018.04.30-23.10.25:438][  0]LogD3D11RHI: GPU Timing Frequency: 1000.000000 (Debug: 2 2)
[2018.04.30-23.10.25:536][  0]LogShaderCompilers: Guid format shader working directory is -20 characters bigger than the processId version (../../../../../../Users/GameDevClub/Documents/GitHub/SushiShop/SushiShop/Intermediate/Shaders/WorkingDirectory/8568/).
[2018.04.30-23.10.25:536][  0]LogShaderCompilers: Cleaned the shader compiler working directory 'C:/Users/GameDevClub/AppData/Local/Temp/UnrealShaderWorkingDir/E954BA0F42B8B89B9D445CA4E29F2C6A/'.
[2018.04.30-23.10.25:536][  0]LogShaderCompilers: Display: Using Local Shader Compiler.
[2018.04.30-23.10.26:172][  0]LogTemp: Display: Loaded TP AllDesktopTargetPlatform
[2018.04.30-23.10.26:212][  0]LogTemp: Display: Loaded TP MacClientTargetPlatform
[2018.04.30-23.10.26:252][  0]LogTemp: Display: Loaded TP MacNoEditorTargetPlatform
[2018.04.30-23.10.26:293][  0]LogTemp: Display: Loaded TP MacServerTargetPlatform
[2018.04.30-23.10.26:333][  0]LogTemp: Display: Loaded TP MacTargetPlatform
[2018.04.30-23.10.26:373][  0]LogTemp: Display: Loaded TP WindowsClientTargetPlatform
[2018.04.30-23.10.26:414][  0]LogTemp: Display: Loaded TP WindowsNoEditorTargetPlatform
[2018.04.30-23.10.26:454][  0]LogTemp: Display: Loaded TP WindowsServerTargetPlatform
[2018.04.30-23.10.26:488][  0]LogTemp: Display: Loaded TP WindowsTargetPlatform
[2018.04.30-23.10.26:526][  0]LogTemp: Display: Loaded TP Android_ASTCTargetPlatform
[2018.04.30-23.10.26:565][  0]LogTemp: Display: Loaded TP Android_ATCTargetPlatform
[2018.04.30-23.10.26:605][  0]LogTemp: Display: Loaded TP Android_DXTTargetPlatform
[2018.04.30-23.10.26:644][  0]LogTemp: Display: Loaded TP Android_ETC1TargetPlatform
[2018.04.30-23.10.26:684][  0]LogTemp: Display: Loaded TP Android_ETC2TargetPlatform
[2018.04.30-23.10.26:761][  0]LogTemp: Display: Loaded TP Android_MultiTargetPlatform
[2018.04.30-23.10.26:761][  0]LogTemp: Display: Loaded TP Android_PVRTCTargetPlatform
[2018.04.30-23.10.26:799][  0]LogTemp: Display: Loaded TP AndroidTargetPlatform
[2018.04.30-23.10.26:828][  0]LogTemp: Display: Loaded TP HTML5TargetPlatform
[2018.04.30-23.10.26:900][  0]LogTemp: Display: Loaded TP IOSTargetPlatform
[2018.04.30-23.10.26:922][  0]LogTemp: Display: Loaded TP TVOSTargetPlatform
[2018.04.30-23.10.26:961][  0]LogTemp: Display: Loaded TP LinuxClientTargetPlatform
[2018.04.30-23.10.27:000][  0]LogTemp: Display: Loaded TP LinuxNoEditorTargetPlatform
[2018.04.30-23.10.27:040][  0]LogTemp: Display: Loaded TP LinuxServerTargetPlatform
[2018.04.30-23.10.27:079][  0]LogTemp: Display: Loaded TP LinuxTargetPlatform
[2018.04.30-23.10.27:079][  0]LogTargetPlatformManager: Display: Building Assets For Windows
[2018.04.30-23.10.27:423][  0]LogDerivedDataCache: Display: Max Cache Size: 512 MB
[2018.04.30-23.10.27:472][  0]LogDerivedDataCache: Loaded boot cache 0.05s 80MB C:/Users/GameDevClub/AppData/Local/UnrealEngine/4.18/DerivedDataCache/Boot.ddc.
[2018.04.30-23.10.27:472][  0]LogDerivedDataCache: Display: Loaded Boot cache: C:/Users/GameDevClub/AppData/Local/UnrealEngine/4.18/DerivedDataCache/Boot.ddc
[2018.04.30-23.10.27:472][  0]LogDerivedDataCache: FDerivedDataBackendGraph:  Pak pak cache file ../../../../../../Users/GameDevClub/Documents/GitHub/SushiShop/SushiShop/DerivedDataCache/DDC.ddp not found, will not use a pak cache.
[2018.04.30-23.10.27:472][  0]LogDerivedDataCache: Unable to find inner node Pak for hierarchical cache Hierarchy.
[2018.04.30-23.10.27:472][  0]LogDerivedDataCache: FDerivedDataBackendGraph:  CompressedPak pak cache file ../../../../../../Users/GameDevClub/Documents/GitHub/SushiShop/SushiShop/DerivedDataCache/Compressed.ddp not found, will not use a pak cache.
[2018.04.30-23.10.27:472][  0]LogDerivedDataCache: Unable to find inner node CompressedPak for hierarchical cache Hierarchy.
[2018.04.30-23.10.27:483][  0]LogDerivedDataCache: Display: Pak cache opened for reading ../../../Engine/DerivedDataCache/Compressed.ddp.
[2018.04.30-23.10.27:495][  0]LogDerivedDataCache: Using Local data cache path C:/Users/GameDevClub/AppData/Local/UnrealEngine/Common/DerivedDataCache: Writable
[2018.04.30-23.10.27:504][  0]LogMaterial: Verifying Global Shaders for PCD3D_SM5
[2018.04.30-23.10.27:504][  0]LogSlate: Using Freetype 2.6.0
[2018.04.30-23.10.27:505][  0]LogSlate: SlateFontCache - WITH_FREETYPE: 1, WITH_HARFBUZZ: 1
[2018.04.30-23.10.27:505][  0]LogSlate: SlateFontCache - WITH_FREETYPE: 1, WITH_HARFBUZZ: 1
[2018.04.30-23.10.27:761][  0]LogInit: Selected Device Profile: [Windows]
[2018.04.30-23.10.28:001][  0]LogSimplygon: Simplygon DLL not present - disabling.
[2018.04.30-23.10.28:031][  0]LogMeshReduction: Using SimplygonSwarm for distributed automatic mesh merging
[2018.04.30-23.10.28:032][  0]LogMeshReduction: Using QuadricMeshReduction for automatic static mesh reduction
[2018.04.30-23.10.28:032][  0]LogMeshReduction: No automatic skeletal mesh reduction module available
[2018.04.30-23.10.28:032][  0]LogMeshReduction: No automatic mesh merging module available
[2018.04.30-23.10.28:032][  0]LogMeshMerging: No automatic mesh merging module available
[2018.04.30-23.10.28:058][  0]LogNetVersion: SushiShop , NetCL: 3709383, EngineNetVer: 2, GameNetVer: 0 (Checksum: 2343829258)
[2018.04.30-23.10.28:178][  0]LogAssetRegistry: FAssetRegistry took 0.0239 seconds to start up
[2018.04.30-23.10.28:529][  0]LogPackageLocalizationCache: Processed 7 localized package path(s) for 2 prioritized culture(s) in 0.047138 seconds
[2018.04.30-23.10.28:533][  0]LogUObjectArray: 35870 objects as part of root set at end of initial load.
[2018.04.30-23.10.28:533][  0]LogUObjectAllocator: 7363696 out of 0 bytes used by permanent object pool.
[2018.04.30-23.10.28:533][  0]LogUObjectArray: CloseDisregardForGC: 0/0 objects in disregard for GC pool
[2018.04.30-23.10.28:571][  0]LogInit: WinSock: version 1.1 (2.2), MaxSocks=32767, MaxUdp=65467
[2018.04.30-23.10.30:527][  0]LogSubstanceCoreModule: Substance [CPU] Engine Loaded, Max Texture Size = 2048
[2018.04.30-23.10.30:551][  0]LogTcpMessaging: Initializing TcpMessaging bridge
[2018.04.30-23.10.30:586][  0]LogUdpMessaging: Initializing bridge on interface 0.0.0.0:0 to multicast group 230.0.0.1:6666.
[2018.04.30-23.10.31:195][  0]LogMaterial: Uniform references updated for custom material expression Custom.
[2018.04.30-23.10.31:504][  0]SourceControl: Source control is disabled
[2018.04.30-23.10.31:504][  0]SourceControl: Source control is disabled
[2018.04.30-23.10.31:546][  0]SourceControl: Source control is disabled
[2018.04.30-23.10.31:586][  0]SourceControl: Source control is disabled
[2018.04.30-23.10.32:232][  0]LogAndroidPermission: UAndroidPermissionCallbackProxy::GetInstance
[2018.04.30-23.10.32:433][  0]LogOcInput: OculusInput pre-init called
[2018.04.30-23.10.32:860][  0]LogEngine: Initializing Engine...
[2018.04.30-23.10.32:861][  0]LogHMD: Oculus plugin initialized. Version: 4.18.3-3832480+++UE4+Release-4.18, OVRPlugin: 1.19.0
[2018.04.30-23.10.33:006][  0]LogStats: UGameplayTagsManager::ConstructGameplayTagTree: Construct from data asset -  0.000 s
[2018.04.30-23.10.33:006][  0]LogStats: UGameplayTagsManager::ConstructGameplayTagTree: GameplayTagTreeChangedEvent.Broadcast -  0.000 s
[2018.04.30-23.10.33:099][  0]LogAIModule: Creating AISystem for world Untitled
[2018.04.30-23.10.33:106][  0]LogInit: XAudio2 using 'Headphones (Rift Audio)' : 2 channels at 48 kHz using 16 bits per sample (channel mask 0x3)
[2018.04.30-23.10.33:114][  0]LogInit: FAudioDevice initialized.
[2018.04.30-23.10.33:154][  0]LogDerivedDataCache: Saved boot cache 0.04s 80MB C:/Users/GameDevClub/AppData/Local/UnrealEngine/4.18/DerivedDataCache/Boot.ddc.
[2018.04.30-23.10.33:162][  0]LogInit: Texture streaming: Enabled
[2018.04.30-23.10.33:233][  0]LogEngineSessionManager: EngineSessionManager initialized
[2018.04.30-23.10.33:327][  0]LogInit: Transaction tracking system initialized
[2018.04.30-23.10.33:554][  0]BlueprintLog: New page: Editor Load
[2018.04.30-23.10.34:207][  0]LocalizationService: Localization service is disabled
[2018.04.30-23.10.34:761][  0]LogConsoleResponse: Display: 
[2018.04.30-23.10.34:888][  0]LogCook: Display: Max memory allowance for cook 16384mb min free memory 0mb
[2018.04.30-23.10.34:888][  0]LogCook: Display: Mobile HDR setting 1
[2018.04.30-23.10.34:888][  0]LogGameplayTags: Display: UGameplayTagsManager::DoneAddingNativeTags. DelegateIsBound: 0
[2018.04.30-23.10.35:798][  0]LogFileCache: Scanning file cache for directory 'C:/Users/GameDevClub/Documents/GitHub/SushiShop/SushiShop/Content/' took 0.02s
[2018.04.30-23.10.35:831][  0]SourceControl: Source control is disabled
[2018.04.30-23.10.35:831][  0]Cmd: MAP LOAD FILE="../../../../../../Users/GameDevClub/Documents/GitHub/SushiShop/SushiShop/Content/VirtualRealityBP/Maps/StartupMap.umap" TEMPLATE=0 SHOWPROGRESS=1 FEATURELEVEL=3
[2018.04.30-23.10.35:831][  0]LightingResults: New page: Lighting Build
[2018.04.30-23.10.35:861][  0]MapCheck: New page: Map Check
[2018.04.30-23.10.35:861][  0]LightingResults: New page: Lighting Build
[2018.04.30-23.10.35:934][  0]LogAIModule: Creating AISystem for world StartupMap
[2018.04.30-23.10.35:938][  0]LogEditorServer: Finished looking for orphan Actors (0.000 secs)
[2018.04.30-23.10.35:945][  0]Cmd: MAP CHECKDEP NOCLEARLOG
[2018.04.30-23.10.35:978][  0]MapCheck: Map check complete: 0 Error(s), 0 Warning(s), took 32.938ms to complete.
[2018.04.30-23.10.35:978][  0]LogFileHelpers: Loading map 'StartupMap' took 0.147
[2018.04.30-23.10.36:140][  0]LogCollectionManager: Loaded 0 collections in 0.001476 seconds
[2018.04.30-23.10.36:212][  0]LogFileCache: Scanning file cache for directory 'C:/Users/GameDevClub/Documents/GitHub/SushiShop/SushiShop/Saved/Collections/' took 0.01s
[2018.04.30-23.10.36:212][  0]LogFileCache: Scanning file cache for directory 'C:/Users/GameDevClub/Documents/GitHub/SushiShop/SushiShop/Content/Developers/GameDevClub/Collections/' took 0.01s
[2018.04.30-23.10.36:212][  0]LogFileCache: Scanning file cache for directory 'C:/Users/GameDevClub/Documents/GitHub/SushiShop/SushiShop/Content/Collections/' took 0.01s
[2018.04.30-23.10.36:212][  0]LogCollectionManager: Rebuilt the GUID cache for 0 collections in 0.000000 seconds
[2018.04.30-23.10.36:218][  0]LogContentBrowser: Native class hierarchy populated in 0.0057 seconds. Added 2388 classes and 535 folders.
[2018.04.30-23.10.36:266][  0]LogContentBrowser: Native class hierarchy updated for 'WidgetCarousel' in 0.0002 seconds. Added 0 classes and 0 folders.
[2018.04.30-23.10.36:294][  0]LogContentBrowser: Native class hierarchy updated for 'AddContentDialog' in 0.0001 seconds. Added 0 classes and 0 folders.
[2018.04.30-23.10.36:335][  0]LogSlate: Took 0.000139 seconds to synchronously load lazily loaded font '../../../Engine/Content/Slate/Fonts/Roboto-Regular.ttf' (155K)
[2018.04.30-23.10.36:338][  0]LogSlate: Took 0.000131 seconds to synchronously load lazily loaded font '../../../Engine/Content/Slate/Fonts/Roboto-Bold.ttf' (160K)
[2018.04.30-23.10.36:395][  0]LogRenderer: Reallocating scene render targets to support 916x524 Format 26 NumSamples 1 (Frame:1).
[2018.04.30-23.10.36:500][  0]LogContentBrowser: Native class hierarchy updated for 'HierarchicalLODOutliner' in 0.0002 seconds. Added 1 classes and 2 folders.
[2018.04.30-23.10.36:500][  0]LogLoad: (Engine Initialization) Total time: 13.74 seconds
[2018.04.30-23.10.36:501][  0]LogLoad: (Engine Initialization) Total Blueprint compile time: 0.00 seconds
[2018.04.30-23.10.36:501][  0]LogExternalProfiler: No external profilers were discovered.  External profiling features will not be available.
[2018.04.30-23.10.36:521][  0]LogWindowsTextInputMethodSystem: Display: IME system now deactivated.
[2018.04.30-23.10.36:528][  0]LogOcInput: OculusInput is initialized
[2018.04.30-23.10.36:545][  0]LogContentStreaming: Texture pool size now 1000 MB
[2018.04.30-23.10.36:569][  1]LogSubstanceLiveLink: Warning: Unable to send data along socket, closing connection
[2018.04.30-23.10.36:576][  1]LogAssetRegistry: Asset discovery search completed in 8.4185 seconds
[2018.04.30-23.10.36:577][  1]LogCollectionManager: Rebuilt the object cache for 0 collections in 0.000000 seconds (found 0 objects)
[2018.04.30-23.10.36:577][  1]LogCollectionManager: Fixed up redirectors for 0 collections in 0.000044 seconds (updated 0 objects)
[2018.04.30-23.10.39:002][289]LogSlate: Took 0.000152 seconds to synchronously load lazily loaded font '../../../Engine/Content/Editor/Slate/Fonts/FontAwesome.ttf' (139K)
[2018.04.30-23.10.39:019][289]LogSlate: Took 0.000106 seconds to synchronously load lazily loaded font '../../../Engine/Content/Slate/Fonts/Roboto-Light.ttf' (159K)
[2018.04.30-23.10.44:183][906]LogSlate: Took 0.000108 seconds to synchronously load lazily loaded font '../../../Engine/Content/Slate/Fonts/Roboto-Light.ttf' (159K)
[2018.04.30-23.10.44:758][906]LogAIModule: Creating AISystem for world Menu
[2018.04.30-23.10.44:782][906]Cmd: MAP LOAD FILE="../../../../../../Users/GameDevClub/Documents/GitHub/SushiShop/SushiShop/Content/SushiShop/Levels/Menu.umap" TEMPLATE=0 SHOWPROGRESS=1 FEATURELEVEL=3
[2018.04.30-23.10.44:782][906]LightingResults: New page: Lighting Build
[2018.04.30-23.10.44:783][906]LoadErrors: New page: Loading map: Menu.umap
[2018.04.30-23.10.44:783][906]MapCheck: New page: Map Check
[2018.04.30-23.10.44:783][906]LightingResults: New page: Lighting Build
[2018.04.30-23.10.44:833][906]LogEditorServer: Finished looking for orphan Actors (0.000 secs)
[2018.04.30-23.10.44:888][906]Cmd: MAP CHECKDEP NOCLEARLOG
[2018.04.30-23.10.44:933][906]MapCheck: Map check complete: 0 Error(s), 0 Warning(s), took 44.231ms to complete.
[2018.04.30-23.10.44:933][906]LogFileHelpers: Loading map 'Menu' took 0.151
[2018.04.30-23.11.27:556][ 18]LogTemp: Repeating last play command: VR Preview
[2018.04.30-23.11.27:615][ 18]LogPlayLevel: PlayLevel: No blueprints needed recompiling
[2018.04.30-23.11.27:615][ 18]LogHMD: Initializing OVRPlugin session
[2018.04.30-23.11.27:641][ 18]PIE: New page: PIE session: Menu (Apr 30, 2018, 9:11:27 AM)
[2018.04.30-23.11.27:641][ 18]LogPlayLevel: Creating play world package: /Game/SushiShop/Levels/UEDPIE_0_Menu
[2018.04.30-23.11.27:643][ 18]LogPlayLevel: PIE: StaticDuplicateObject took: (0.001978s)
[2018.04.30-23.11.27:644][ 18]LogAIModule: Creating AISystem for world Menu
[2018.04.30-23.11.27:644][ 18]LogPlayLevel: PIE: World Init took: (0.000883s)
[2018.04.30-23.11.27:645][ 18]LogPlayLevel: PIE: Created PIE world by copying editor world from /Game/SushiShop/Levels/Menu.Menu to /Game/SushiShop/Levels/UEDPIE_0_Menu.Menu (0.003226s)
[2018.04.30-23.11.27:657][ 18]LogInit: XAudio2 using 'Headphones (Rift Audio)' : 2 channels at 48 kHz using 16 bits per sample (channel mask 0x3)
[2018.04.30-23.11.27:664][ 18]LogInit: FAudioDevice initialized.
[2018.04.30-23.11.27:765][ 18]LogHMD: Allocating Oculus 2720 x 1600 rendertarget swapchain
[2018.04.30-23.11.27:802][ 18]LogUObjectGlobals: Warning: Failed to find object 'Class None.'
[2018.04.30-23.11.27:802][ 18]LogLoad: Game class is 'GameModeBase'
[2018.04.30-23.11.27:805][ 18]LogWorld: Bringing World /Game/SushiShop/Levels/UEDPIE_0_Menu.Menu up for play (max tick rate 0) at 2018.04.30-16.11.27
[2018.04.30-23.11.27:805][ 18]LogWorld: Bringing up level for play took: 0.001735
[2018.04.30-23.11.27:837][ 18]LogContentBrowser: Native class hierarchy updated for 'MovieSceneCapture' in 0.0002 seconds. Added 11 classes and 0 folders.
[2018.04.30-23.11.27:845][ 18]PIE: Play in editor start time for /Game/SushiShop/Levels/UEDPIE_0_Menu 0.078
[2018.04.30-23.11.27:848][ 18]LogRenderer: Reallocating scene render targets to support 2720x1600 Format 26 NumSamples 1 (Frame:1).
[2018.04.30-23.11.27:848][ 18]LogHMD: Allocating Oculus 2720 x 1600 depth rendertarget swapchain
[2018.04.30-23.11.40:746][462]LogBlueprintUserMessages: [MotionControllerPawn_662] R
[2018.04.30-23.11.41:401][521]LogBlueprintUserMessages: [MotionControllerPawn_662] R
[2018.04.30-23.11.45:057][850]LogBlueprintUserMessages: [MotionControllerPawn_662] R
[2018.04.30-23.11.45:246][867]LogNet: Browse: /Game/SushiShop/Levels/Main
[2018.04.30-23.11.45:246][867]LogLoadingSplash: Loading begins
[2018.04.30-23.11.45:256][867]LogHMD: FSplash::OnShow
[2018.04.30-23.11.45:256][867]LogLoad: LoadMap: /Game/SushiShop/Levels/Main
[2018.04.30-23.11.45:585][867]LogLinker: Warning: Can't find file '/Game/SushiShop/Assets/Environment/LIGHTS/Lights1/lambert2'
[2018.04.30-23.11.45:586][867]LogLinker: Warning: Can't find file for asset '/Game/SushiShop/Assets/Environment/LIGHTS/Lights1/lambert2' while loading ../../../../../../Users/GameDevClub/Documents/GitHub/SushiShop/SushiShop/Content/SushiShop/Assets/Environment/LIGHTS/Lights1/LoungeVR_CeilingLightNew_01.uasset.
[2018.04.30-23.11.45:586][867]LoadErrors: Error: /Game/SushiShop/Assets/Environment/LIGHTS/Lights1/LoungeVR_CeilingLightNew_01 : Can't find file for asset. /Game/SushiShop/Assets/Environment/LIGHTS/Lights1/lambert2
[2018.04.30-23.11.45:586][867]LogLinker: Warning: Can't find file '/Game/SushiShop/Assets/Environment/LIGHTS/Lights1/lambert2'
[2018.04.30-23.11.45:586][867]LogLinker: Warning: Can't find file for asset '/Game/SushiShop/Assets/Environment/LIGHTS/Lights1/lambert2' while loading ../../../../../../Users/GameDevClub/Documents/GitHub/SushiShop/SushiShop/Content/SushiShop/Assets/Environment/LIGHTS/Lights1/LoungeVR_CeilingLightNew_01.uasset.
[2018.04.30-23.11.45:783][867]LogLinker: Warning: Can't find file '/Game/SushiShop/Assets/Environment/LIGHTS/Lights1/lambert2'
[2018.04.30-23.11.45:783][867]LoadErrors: Failed to load /Game/SushiShop/Assets/Environment/LIGHTS/Lights1/lambert2.lambert2 Referenced by LoungeVR_CeilingLightNew_01
[2018.04.30-23.11.45:783][867]LogLinker: Warning: Can't find file for asset '/Game/SushiShop/Assets/Environment/LIGHTS/Lights1/lambert2' while loading NULL.
[2018.04.30-23.11.45:783][867]LogLinker: Warning: Can't find file '/Game/SushiShop/Assets/Environment/LIGHTS/Lights1/lambert2'
[2018.04.30-23.11.45:783][867]LogLinker: Warning: Can't find file for asset '/Game/SushiShop/Assets/Environment/LIGHTS/Lights1/lambert2' while loading NULL.
[2018.04.30-23.11.46:805][867]LogAIModule: Creating AISystem for world Main
[2018.04.30-23.11.46:805][867]LogUObjectGlobals: Warning: Failed to find object 'Class None.'
[2018.04.30-23.11.46:805][867]LogLoad: Game class is 'GameModeBase'
[2018.04.30-23.11.46:834][867]PIE: Warning: Attempting to move a fully simulated skeletal mesh SkeletalMeshComponent0. Please use the Teleport flag
[2018.04.30-23.11.46:835][867]PIE: Warning: Attempting to move a fully simulated skeletal mesh SkeletalMeshComponent0. Please use the Teleport flag
[2018.04.30-23.11.46:835][867]PIE: Warning: Attempting to move a fully simulated skeletal mesh SkeletalMeshComponent0. Please use the Teleport flag
[2018.04.30-23.11.46:835][867]PIE: Warning: Attempting to move a fully simulated skeletal mesh SkeletalMeshComponent0. Please use the Teleport flag
[2018.04.30-23.11.46:835][867]PIE: Warning: Attempting to move a fully simulated skeletal mesh SkeletalMeshComponent0. Please use the Teleport flag
[2018.04.30-23.11.46:836][867]PIE: Warning: Attempting to move a fully simulated skeletal mesh SkeletalMeshComponent0. Please use the Teleport flag
[2018.04.30-23.11.46:855][867]LogWorld: Bringing World /Game/SushiShop/Levels/UEDPIE_0_Main.Main up for play (max tick rate 0) at 2018.04.30-16.11.46
[2018.04.30-23.11.46:856][867]LogWorld: Bringing up level for play took: 0.050281
[2018.04.30-23.11.46:856][867]LogGameMode: FindPlayerStart: PATHS NOT DEFINED or NO PLAYERSTART with positive rating
[2018.04.30-23.11.46:858][867]LogLoadingSplash: Loading ends
[2018.04.30-23.11.46:859][867]LogHMD: FSplash::OnHide
[2018.04.30-23.11.46:859][867]LogLoad: Took 1.602977 seconds to LoadMap(/Game/SushiShop/Levels/Main)
[2018.04.30-23.11.47:879][952]LogBlueprintUserMessages: [MotionControllerPawn_1262] R
[2018.04.30-23.11.48:914][ 45]LogBlueprintUserMessages: [MotionControllerPawn_1262] R
[2018.04.30-23.11.58:174][878]LogBlueprintUserMessages: [MotionControllerPawn_1262] R
[2018.04.30-23.11.58:641][920]LogBlueprintUserMessages: [MotionControllerPawn_1262] R
[2018.04.30-23.11.59:652][ 11]LogBlueprintUserMessages: [MotionControllerPawn_1262] R
[2018.04.30-23.11.59:774][ 22]LogNet: Browse: /Game/SushiShop/Levels/Menu
[2018.04.30-23.11.59:774][ 22]LogLoadingSplash: Loading begins
[2018.04.30-23.11.59:784][ 22]LogHMD: FSplash::OnShow
[2018.04.30-23.11.59:784][ 22]LogLoad: LoadMap: /Game/SushiShop/Levels/Menu
[2018.04.30-23.11.59:798][ 22]LogPlayLevel: Creating play world package: /Game/SushiShop/Levels/UEDPIE_0_Menu
[2018.04.30-23.11.59:799][ 22]LogPlayLevel: PIE: StaticDuplicateObject took: (0.001106s)
[2018.04.30-23.11.59:800][ 22]LogAIModule: Creating AISystem for world Menu
[2018.04.30-23.11.59:800][ 22]LogPlayLevel: PIE: World Init took: (0.000487s)
[2018.04.30-23.11.59:800][ 22]LogPlayLevel: PIE: Created PIE world by copying editor world from /Game/SushiShop/Levels/Menu.Menu to /Game/SushiShop/Levels/UEDPIE_0_Menu.Menu (0.001807s)
[2018.04.30-23.11.59:800][ 22]LogUObjectGlobals: Warning: Failed to find object 'Class None.'
[2018.04.30-23.11.59:800][ 22]LogLoad: Game class is 'GameModeBase'
[2018.04.30-23.11.59:801][ 22]LogWorld: Bringing World /Game/SushiShop/Levels/UEDPIE_0_Menu.Menu up for play (max tick rate 0) at 2018.04.30-16.11.59
[2018.04.30-23.11.59:802][ 22]LogWorld: Bringing up level for play took: 0.001105
[2018.04.30-23.11.59:804][ 22]LogLoadingSplash: Loading ends
[2018.04.30-23.11.59:804][ 22]LogHMD: FSplash::OnHide
[2018.04.30-23.11.59:807][ 22]LogLoad: Took 0.022577 seconds to LoadMap(/Game/SushiShop/Levels/UEDPIE_0_Menu)
[2018.04.30-23.12.25:048][732]LogContentBrowser: Native class hierarchy updated for 'BlueprintGraph' in 0.0004 seconds. Added 116 classes and 0 folders.
[2018.04.30-23.12.25:545][732]LogSlate: Took 0.000132 seconds to synchronously load lazily loaded font '../../../Engine/Content/Editor/Slate/Fonts/Roboto-BoldCondensed.ttf' (158K)
[2018.04.30-23.12.26:791][879]LogSlate: Took 0.000124 seconds to synchronously load lazily loaded font '../../../Engine/Content/Editor/Slate/Fonts/Roboto-Italic.ttf' (157K)
[2018.04.30-23.12.36:440][  5]LogSlate: Took 0.000099 seconds to synchronously load lazily loaded font '../../../Engine/Content/Slate/Fonts/Roboto-Light.ttf' (159K)
[2018.04.30-23.12.40:334][470]LogSlate: Took 0.001346 seconds to synchronously load lazily loaded font '../../../Engine/Content/Slate/Fonts/DroidSansFallback.ttf' (3848K)
[2018.04.30-23.13.00:932][933]LogSavePackage: Save=28.60ms
[2018.04.30-23.13.00:932][933]LogSavePackage: Moving '../../../../../../Users/GameDevClub/Documents/GitHub/SushiShop/SushiShop/Saved/W_MainMenu9F2450D440624FF31D1A2E93C812CA2D.tmp' to '../../../../../../Users/GameDevClub/Documents/GitHub/SushiShop/SushiShop/Content/SushiShop/BluePrints/MainMenu/W_MainMenu.uasset'
[2018.04.30-23.13.00:934][933]LogSavePackage: Display: Finished SavePackage ../../../../../../Users/GameDevClub/Documents/GitHub/SushiShop/SushiShop/Content/SushiShop/BluePrints/MainMenu/W_MainMenu.uasset
[2018.04.30-23.13.01:342][982]BlueprintLog: New page: Compile W_MainMenu
[2018.04.30-23.13.04:138][304]LogTemp: Repeating last play command: VR Preview
[2018.04.30-23.13.04:171][304]LogPlayLevel: PlayLevel: No blueprints needed recompiling
[2018.04.30-23.13.04:171][304]LogHMD: Initializing OVRPlugin session
[2018.04.30-23.13.04:190][304]PIE: New page: PIE session: Menu (Apr 30, 2018, 9:13:04 AM)
[2018.04.30-23.13.04:190][304]LogPlayLevel: Creating play world package: /Game/SushiShop/Levels/UEDPIE_0_Menu
[2018.04.30-23.13.04:191][304]LogPlayLevel: PIE: StaticDuplicateObject took: (0.001171s)
[2018.04.30-23.13.04:192][304]LogAIModule: Creating AISystem for world Menu
[2018.04.30-23.13.04:192][304]LogPlayLevel: PIE: World Init took: (0.000528s)
[2018.04.30-23.13.04:192][304]LogPlayLevel: PIE: Created PIE world by copying editor world from /Game/SushiShop/Levels/Menu.Menu to /Game/SushiShop/Levels/UEDPIE_0_Menu.Menu (0.001897s)
[2018.04.30-23.13.04:211][304]LogInit: XAudio2 using 'Headphones (Rift Audio)' : 2 channels at 48 kHz using 16 bits per sample (channel mask 0x3)
[2018.04.30-23.13.04:215][304]LogInit: FAudioDevice initialized.
[2018.04.30-23.13.04:309][304]LogHMD: Allocating Oculus 2720 x 1600 rendertarget swapchain
[2018.04.30-23.13.04:335][304]LogUObjectGlobals: Warning: Failed to find object 'Class None.'
[2018.04.30-23.13.04:335][304]LogLoad: Game class is 'GameModeBase'
[2018.04.30-23.13.04:336][304]LogWorld: Bringing World /Game/SushiShop/Levels/UEDPIE_0_Menu.Menu up for play (max tick rate 0) at 2018.04.30-16.13.04
[2018.04.30-23.13.04:336][304]LogWorld: Bringing up level for play took: 0.001098
[2018.04.30-23.13.04:342][304]PIE: Play in editor start time for /Game/SushiShop/Levels/UEDPIE_0_Menu 0.575
[2018.04.30-23.13.04:344][304]LogRenderer: Releasing previous depth to switch default clear from depth: 0.000000 stencil: 0 to depth: 0.000000 stencil: 0
[2018.04.30-23.13.04:344][304]LogHMD: Allocating Oculus 2720 x 1600 depth rendertarget swapchain
[2018.04.30-23.13.08:217][791]LogBlueprintUserMessages: [MotionControllerPawn_662] R
[2018.04.30-23.13.23:097][130]LogBlueprintUserMessages: [MotionControllerPawn_662] R
[2018.04.30-23.13.25:830][375]LogBlueprintUserMessages: [MotionControllerPawn_662] R
[2018.04.30-23.13.25:931][384]LogNet: Browse: /Game/SushiShop/Levels/Main
[2018.04.30-23.13.25:931][384]LogLoadingSplash: Loading begins
[2018.04.30-23.13.25:940][384]LogHMD: FSplash::OnShow
[2018.04.30-23.13.25:940][384]LogLoad: LoadMap: /Game/SushiShop/Levels/Main
[2018.04.30-23.13.26:410][384]LogLinker: Warning: Can't find file '/Game/SushiShop/Assets/Environment/LIGHTS/Lights1/lambert2'
[2018.04.30-23.13.26:410][384]LogLinker: Warning: Can't find file for asset '/Game/SushiShop/Assets/Environment/LIGHTS/Lights1/lambert2' while loading ../../../../../../Users/GameDevClub/Documents/GitHub/SushiShop/SushiShop/Content/SushiShop/Assets/Environment/LIGHTS/Lights1/LoungeVR_CeilingLightNew_01.uasset.
[2018.04.30-23.13.26:411][384]LogLinker: Warning: Can't find file '/Game/SushiShop/Assets/Environment/LIGHTS/Lights1/lambert2'
[2018.04.30-23.13.26:411][384]LogLinker: Warning: Can't find file for asset '/Game/SushiShop/Assets/Environment/LIGHTS/Lights1/lambert2' while loading ../../../../../../Users/GameDevClub/Documents/GitHub/SushiShop/SushiShop/Content/SushiShop/Assets/Environment/LIGHTS/Lights1/LoungeVR_CeilingLightNew_01.uasset.
[2018.04.30-23.13.56:634][384]LogAIModule: Creating AISystem for world Main
[2018.04.30-23.13.56:634][384]LogUObjectGlobals: Warning: Failed to find object 'Class None.'
[2018.04.30-23.13.56:634][384]LogLoad: Game class is 'GameModeBase'
[2018.04.30-23.13.56:663][384]PIE: Warning: Attempting to move a fully simulated skeletal mesh SkeletalMeshComponent0. Please use the Teleport flag
[2018.04.30-23.13.56:664][384]PIE: Warning: Attempting to move a fully simulated skeletal mesh SkeletalMeshComponent0. Please use the Teleport flag
[2018.04.30-23.13.56:664][384]PIE: Warning: Attempting to move a fully simulated skeletal mesh SkeletalMeshComponent0. Please use the Teleport flag
[2018.04.30-23.13.56:664][384]PIE: Warning: Attempting to move a fully simulated skeletal mesh SkeletalMeshComponent0. Please use the Teleport flag
[2018.04.30-23.13.56:665][384]PIE: Warning: Attempting to move a fully simulated skeletal mesh SkeletalMeshComponent0. Please use the Teleport flag
[2018.04.30-23.13.56:665][384]PIE: Warning: Attempting to move a fully simulated skeletal mesh SkeletalMeshComponent0. Please use the Teleport flag
[2018.04.30-23.13.56:685][384]LogWorld: Bringing World /Game/SushiShop/Levels/UEDPIE_0_Main.Main up for play (max tick rate 0) at 2018.04.30-16.13.56
[2018.04.30-23.13.56:686][384]LogWorld: Bringing up level for play took: 0.050631
[2018.04.30-23.13.56:686][384]LogGameMode: FindPlayerStart: PATHS NOT DEFINED or NO PLAYERSTART with positive rating
[2018.04.30-23.13.56:749][384]LogHMD: Initializing OVRPlugin session
[2018.04.30-23.13.56:800][384]LogHMD: Allocating Oculus 2720 x 1600 rendertarget swapchain
[2018.04.30-23.13.56:827][384]LogRenderer: Releasing previous depth to switch default clear from depth: 0.000000 stencil: 0 to depth: 0.000000 stencil: 0
[2018.04.30-23.13.56:827][384]LogHMD: Allocating Oculus 2720 x 1600 depth rendertarget swapchain
[2018.04.30-23.13.56:827][384]LogLoadingSplash: Loading ends
[2018.04.30-23.13.56:827][384]LogHMD: FSplash::OnHide
[2018.04.30-23.13.56:838][384]LogLoad: Took 30.897358 seconds to LoadMap(/Game/SushiShop/Levels/Main)
[2018.04.30-23.13.59:385][658]LogSavePackage: Save=17.77ms
[2018.04.30-23.13.59:385][658]LogSavePackage: Moving '../../../../../../Users/GameDevClub/Documents/GitHub/SushiShop/SushiShop/Saved/MenuC3D604CE47EF115AC60B26A28D7C5B9A.tmp' to '../../../../../../Users/GameDevClub/Documents/GitHub/SushiShop/SushiShop/Content/SushiShop/Levels/Menu.umap'
[2018.04.30-23.13.59:386][658]LogSavePackage: Display: Finished SavePackage ../../../../../../Users/GameDevClub/Documents/GitHub/SushiShop/SushiShop/Content/SushiShop/Levels/Menu.umap
[2018.04.30-23.13.59:451][658]LogSavePackage: Save=6.73ms
[2018.04.30-23.13.59:451][658]LogSavePackage: Moving '../../../../../../Users/GameDevClub/Documents/GitHub/SushiShop/SushiShop/Saved/Menu_BuiltDataD243A074438D59C3383539890D71207E.tmp' to '../../../../../../Users/GameDevClub/Documents/GitHub/SushiShop/SushiShop/Content/SushiShop/Levels/Menu_BuiltData.uasset'
[2018.04.30-23.13.59:452][658]LogSavePackage: Display: Finished SavePackage ../../../../../../Users/GameDevClub/Documents/GitHub/SushiShop/SushiShop/Content/SushiShop/Levels/Menu_BuiltData.uasset
[2018.04.30-23.14.03:257][ 59]LogLinker: Warning: Can't find file '/Game/SushiShop/Assets/Environment/LIGHTS/Lights1/lambert2'
[2018.04.30-23.14.03:258][ 59]LogLinker: Warning: Can't find file for asset '/Game/SushiShop/Assets/Environment/LIGHTS/Lights1/lambert2' while loading ../../../../../../Users/GameDevClub/Documents/GitHub/SushiShop/SushiShop/Content/SushiShop/Assets/Environment/LIGHTS/Lights1/LoungeVR_CeilingLightNew_01.uasset.
[2018.04.30-23.14.03:258][ 59]LogLinker: Warning: Can't find file '/Game/SushiShop/Assets/Environment/LIGHTS/Lights1/lambert2'
[2018.04.30-23.14.03:258][ 59]LogLinker: Warning: Can't find file for asset '/Game/SushiShop/Assets/Environment/LIGHTS/Lights1/lambert2' while loading ../../../../../../Users/GameDevClub/Documents/GitHub/SushiShop/SushiShop/Content/SushiShop/Assets/Environment/LIGHTS/Lights1/LoungeVR_CeilingLightNew_01.uasset.
[2018.04.30-23.14.03:379][ 59]LogAIModule: Creating AISystem for world Main
[2018.04.30-23.14.03:416][ 59]Cmd: MAP LOAD FILE="../../../../../../Users/GameDevClub/Documents/GitHub/SushiShop/SushiShop/Content/SushiShop/Levels/Main.umap" TEMPLATE=0 SHOWPROGRESS=1 FEATURELEVEL=3
[2018.04.30-23.14.03:416][ 59]LightingResults: New page: Lighting Build
[2018.04.30-23.14.03:416][ 59]LoadErrors: New page: Loading map: Main.umap
[2018.04.30-23.14.03:417][ 59]MapCheck: New page: Map Check
[2018.04.30-23.14.03:417][ 59]LightingResults: New page: Lighting Build
[2018.04.30-23.14.03:429][ 59]LogReferenceChain: Searching referencers for Menu. This may take several minutes.
[2018.04.30-23.14.03:710][ 59]LogReferenceChain: Generating reference graph ...
[2018.04.30-23.14.03:714][ 59]LogReferenceChain: Level 0 has 9 nodes ...
[2018.04.30-23.14.03:721][ 59]LogReferenceChain: Level 1 added 24 nodes ...
[2018.04.30-23.14.03:729][ 59]LogReferenceChain: Level 2 added 52 nodes ...
[2018.04.30-23.14.03:736][ 59]LogReferenceChain: Level 3 added 84 nodes ...
[2018.04.30-23.14.03:744][ 59]LogReferenceChain: Level 4 added 39 nodes ...
[2018.04.30-23.14.03:751][ 59]LogReferenceChain: Level 5 added 18 nodes ...
[2018.04.30-23.14.03:759][ 59]LogReferenceChain: Level 6 added 16 nodes ...
[2018.04.30-23.14.03:767][ 59]LogReferenceChain: Level 7 added 0 nodes ...
[2018.04.30-23.14.03:767][ 59]LogReferenceChain: Generating reference chains ...
[2018.04.30-23.14.03:767][ 59]LogReferenceChain:   
[2018.04.30-23.14.03:767][ 59]LogReferenceChain: External Referencers:
[2018.04.30-23.14.03:767][ 59]LogReferenceChain:   
[2018.04.30-23.14.03:850][ 59]LogReferenceChain: (root) GCObjectReferencer /Engine/Transient.GCObjectReferencer_0->0x00000000FEDC35F0 UE4Editor-CoreUObject.dll!UnknownFunction []
[2018.04.30-23.14.03:850][ 59]LogReferenceChain:   W_Credits_C /Game/SushiShop/Levels/Menu.Menu:REINST_W_MainMenu_C_0.WidgetTree_6.VR_Credits->Outer
[2018.04.30-23.14.03:850][ 59]LogReferenceChain:     WidgetTree /Game/SushiShop/Levels/Menu.Menu:REINST_W_MainMenu_C_0.WidgetTree_6->Outer
[2018.04.30-23.14.03:850][ 59]LogReferenceChain:       (PendingKill) REINST_W_MainMenu_C_7 /Game/SushiShop/Levels/Menu.Menu:REINST_W_MainMenu_C_0->Outer
[2018.04.30-23.14.03:850][ 59]LogReferenceChain:         (target) World /Game/SushiShop/Levels/Menu.Menu
[2018.04.30-23.14.03:954][ 59]LogWindows: Windows GetLastError: The operation completed successfully. (0)
[2018.04.30-23.14.04:261][ 59]LogWindows: Error: === Critical error: ===
[2018.04.30-23.14.04:261][ 59]LogWindows: Error: 
[2018.04.30-23.14.04:261][ 59]LogWindows: Error: Fatal error: [File:D:\Build\++UE4+Release-4.18+Compile\Sync\Engine\Source\Editor\UnrealEd\Private\EditorServer.cpp] [Line: 1929] 
[2018.04.30-23.14.04:261][ 59]LogWindows: Error: /Game/SushiShop/Levels/Menu.Menu still around trying to load ../../../../../../Users/GameDevClub/Documents/GitHub/SushiShop/SushiShop/Content/SushiShop/Levels/Main.umap
[2018.04.30-23.14.04:261][ 59]LogWindows: Error:    (Object is not currently rooted)
[2018.04.30-23.14.04:261][ 59]LogWindows: Error: 
[2018.04.30-23.14.04:261][ 59]LogWindows: Error: 
[2018.04.30-23.14.04:261][ 59]LogWindows: Error: 
[2018.04.30-23.14.04:261][ 59]LogWindows: Error: [Callstack] 0x000000002BB64008 KERNELBASE.dll!UnknownFunction []
[2018.04.30-23.14.04:261][ 59]LogWindows: Error: [Callstack] 0x0000000015D276D4 UE4Editor-ApplicationCore.dll!UnknownFunction []
[2018.04.30-23.14.04:261][ 59]LogWindows: Error: [Callstack] 0x00000000FB87330B UE4Editor-Core.dll!UnknownFunction []
[2018.04.30-23.14.04:261][ 59]LogWindows: Error: [Callstack] 0x00000000FB8047F9 UE4Editor-Core.dll!UnknownFunction []
[2018.04.30-23.14.04:261][ 59]LogWindows: Error: [Callstack] 0x00000000FA36F9E0 UE4Editor-UnrealEd.dll!UnknownFunction []
[2018.04.30-23.14.04:261][ 59]LogWindows: Error: [Callstack] 0x00000000FA3768A4 UE4Editor-UnrealEd.dll!UnknownFunction []
[2018.04.30-23.14.04:261][ 59]LogWindows: Error: [Callstack] 0x00000000FA3A0CCE UE4Editor-UnrealEd.dll!UnknownFunction []
[2018.04.30-23.14.04:261][ 59]LogWindows: Error: [Callstack] 0x00000000FA392F45 UE4Editor-UnrealEd.dll!UnknownFunction []
[2018.04.30-23.14.04:261][ 59]LogWindows: Error: [Callstack] 0x00000000FA377982 UE4Editor-UnrealEd.dll!UnknownFunction []
[2018.04.30-23.14.04:261][ 59]LogWindows: Error: [Callstack] 0x00000000FAC0BAC9 UE4Editor-UnrealEd.dll!UnknownFunction []
[2018.04.30-23.14.04:261][ 59]LogWindows: Error: [Callstack] 0x00000000FA68268B UE4Editor-UnrealEd.dll!UnknownFunction []
[2018.04.30-23.14.04:261][ 59]LogWindows: Error: [Callstack] 0x00000000E7DD1543 UE4Editor-AssetTools.dll!UnknownFunction []
[2018.04.30-23.14.04:261][ 59]LogWindows: Error: [Callstack] 0x00000000FABD59FD UE4Editor-UnrealEd.dll!UnknownFunction []
[2018.04.30-23.14.04:261][ 59]LogWindows: Error: [Callstack] 0x00000000E7D66415 UE4Editor-AssetTools.dll!UnknownFunction []
[2018.04.30-23.14.04:261][ 59]LogWindows: Error: [Callstack] 0x00000000E6C16A18 UE4Editor-ContentBrowser.dll!UnknownFunction []
[2018.04.30-23.14.04:261][ 59]LogWindows: Error: [Callstack] 0x00000000E6BC86E7 UE4Editor-ContentBrowser.dll!UnknownFunction []
[2018.04.30-23.14.04:261][ 59]LogWindows: Error: [Callstack] 0x00000000E6BCFF77 UE4Editor-ContentBrowser.dll!UnknownFunction []
[2018.04.30-23.14.04:261][ 59]LogWindows: Error: [Callstack] 0x00000000E6C20FA9 UE4Editor-ContentBrowser.dll!UnknownFunction []
[2018.04.30-23.14.04:261][ 59]LogWindows: Error: [Callstack] 0x00000000E6BC6C31 UE4Editor-ContentBrowser.dll!UnknownFunction []
[2018.04.30-23.14.04:261][ 59]LogWindows: Error: [Callstack] 0x00000000E6BCED7F UE4Editor-ContentBrowser.dll!UnknownFunction []
[2018.04.30-23.14.04:261][ 59]LogWindows: Error: [Callstack] 0x00000000E6BCCA88 UE4Editor-ContentBrowser.dll!UnknownFunction []
[2018.04.30-23.14.04:261][ 59]LogWindows: Error: [Callstack] 0x00000000E6C2DB90 UE4Editor-ContentBrowser.dll!UnknownFunction []
[2018.04.30-23.14.04:261][ 59]LogWindows: Error: [Callstack] 0x00000000E6C2120A UE4Editor-ContentBrowser.dll!UnknownFunction []
[2018.04.30-23.14.04:261][ 59]LogWindows: Error: [Callstack] 0x00000000FE5D7ADE UE4Editor-Slate.dll!UnknownFunction []
[2018.04.30-23.14.04:261][ 59]LogWindows: Error: [Callstack] 0x00000000FE5A7CEE UE4Editor-Slate.dll!UnknownFunction []
[2018.04.30-23.14.04:261][ 59]LogWindows: Error: [Callstack] 0x00000000FE640B84 UE4Editor-Slate.dll!UnknownFunction []
[2018.04.30-23.14.04:261][ 59]LogWindows: Error: [Callstack] 0x00000000FE62A492 UE4Editor-Slate.dll!UnknownFunction []
[2018.04.30-23.14.04:261][ 59]LogWindows: Error: [Callstack] 0x00000000FE61CEB3 UE4Editor-Slate.dll!UnknownFunction []
[2018.04.30-23.14.04:261][ 59]LogWindows: Error: [Callstack] 0x0000000015D1E4F9 UE4Editor-ApplicationCore.dll!UnknownFunction []
[2018.04.30-23.14.04:261][ 59]LogWindows: Error: [Callstack] 0x0000000015D11A48 UE4Editor-ApplicationCore.dll!UnknownFunction []
[2018.04.30-23.14.04:261][ 59]LogWindows: Error: [Callstack] 0x0000000015D203EC UE4Editor-ApplicationCore.dll!UnknownFunction []
[2018.04.30-23.14.04:261][ 59]LogWindows: Error: [Callstack] 0x0000000015D0D5A9 UE4Editor-ApplicationCore.dll!UnknownFunction []
[2018.04.30-23.14.04:262][ 59]LogWindows: Error: [Callstack] 0x000000002EB7B85D USER32.dll!UnknownFunction []
[2018.04.30-23.14.04:262][ 59]LogWindows: Error: [Callstack] 0x000000002EB7B1EF USER32.dll!UnknownFunction []
[2018.04.30-23.14.04:262][ 59]LogWindows: Error: [Callstack] 0x0000000015D21516 UE4Editor-ApplicationCore.dll!UnknownFunction []
[2018.04.30-23.14.04:262][ 59]LogWindows: Error: [Callstack] 0x00000000C9F650C8 UE4Editor.exe!UnknownFunction []
[2018.04.30-23.14.04:262][ 59]LogWindows: Error: [Callstack] 0x00000000C9F75430 UE4Editor.exe!UnknownFunction []
[2018.04.30-23.14.04:262][ 59]LogWindows: Error: [Callstack] 0x00000000C9F754AA UE4Editor.exe!UnknownFunction []
[2018.04.30-23.14.04:262][ 59]LogWindows: Error: [Callstack] 0x00000000C9F82379 UE4Editor.exe!UnknownFunction []
[2018.04.30-23.14.04:262][ 59]LogWindows: Error: [Callstack] 0x00000000C9F83D57 UE4Editor.exe!UnknownFunction []
[2018.04.30-23.14.04:262][ 59]LogWindows: Error: [Callstack] 0x000000002F141FE4 KERNEL32.DLL!UnknownFunction []
[2018.04.30-23.14.04:262][ 59]LogWindows: Error: [Callstack] 0x000000002F6CF061 ntdll.dll!UnknownFunction []
[2018.04.30-23.14.04:262][ 59]LogWindows: Error: [Callstack] 0x000000002F6CF061 ntdll.dll!UnknownFunction []
[2018.04.30-23.14.04:262][ 59]LogWindows: Error: 
[2018.04.30-23.14.04:272][ 59]LogExit: Executing StaticShutdownAfterError
[2018.04.30-23.14.04:274][ 59]LogWindows: FPlatformMisc::RequestExit(1)
[2018.04.30-23.14.04:274][ 59]Log file closed, 04/30/18 16:14:04
