Log file open, 03/26/18 18:36:11
LogWindows: Failed to load 'aqProf.dll' (GetLastError=126)
LogWindows: File 'aqProf.dll' does not exist
LogWindows: Failed to load 'VtuneApi.dll' (GetLastError=126)
LogWindows: File 'VtuneApi.dll' does not exist
LogWindows: Failed to load 'VtuneApi32e.dll' (GetLastError=126)
LogWindows: File 'VtuneApi32e.dll' does not exist
LogInit: Display: Running engine for game: SushiShop
LogPlatformFile: Not using cached read wrapper
LogInit: Display: RandInit(443989781) SRandInit(443989782).
LogInit: Read version file with build ID '3709383'
LogInit: Overriding engine version to CL 3832480, compatible CL 3709383
LogInit: Registered custom module enumerator with build ID '3709383'
LogTaskGraph: Started task graph with 5 named threads and 20 total threads with 3 sets of task threads.
LogStats: Stats thread started at 0.232440
LogD3D11RHI: Aftermath initialized
LogModuleManager: Display: Found up-to-date module file ../../../Engine/Plugins/2D/Paper2D/Binaries/Win64/UE4Editor-Paper2D.dll (API version 3709383).
LogModuleManager: Display: Found up-to-date module file ../../../Engine/Plugins/2D/Paper2D/Binaries/Win64/UE4Editor-Paper2DEditor.dll (API version 3709383).
LogModuleManager: Display: Found up-to-date module file ../../../Engine/Plugins/2D/Paper2D/Binaries/Win64/UE4Editor-PaperSpriteSheetImporter.dll (API version 3709383).
LogModuleManager: Display: Found up-to-date module file ../../../Engine/Plugins/2D/Paper2D/Binaries/Win64/UE4Editor-PaperTiledImporter.dll (API version 3709383).
LogModuleManager: Display: Found up-to-date module file ../../../Engine/Plugins/2D/Paper2D/Binaries/Win64/UE4Editor-SmartSnapping.dll (API version 3709383).
LogModuleManager: Display: Found up-to-date module file ../../../Engine/Plugins/Blendables/LightPropagationVolume/Binaries/Win64/UE4Editor-LightPropagationVolumeRuntime.dll (API version 3709383).
LogModuleManager: Display: Found up-to-date module file ../../../Engine/Plugins/Blendables/LightPropagationVolume/Binaries/Win64/UE4Editor-LightPropagationVolumeEditor.dll (API version 3709383).
LogModuleManager: Display: Found up-to-date module file ../../../Engine/Plugins/Developer/GitSourceControl/Binaries/Win64/UE4Editor-GitSourceControl.dll (API version 3709383).
LogModuleManager: Display: Found up-to-date module file ../../../Engine/Plugins/Developer/PerforceSourceControl/Binaries/Win64/UE4Editor-PerforceSourceControl.dll (API version 3709383).
LogModuleManager: Display: Found up-to-date module file ../../../Engine/Plugins/Developer/SubversionSourceControl/Binaries/Win64/UE4Editor-SubversionSourceControl.dll (API version 3709383).
LogModuleManager: Display: Found up-to-date module file ../../../Engine/Plugins/Developer/UObjectPlugin/Binaries/Win64/UE4Editor-UObjectPlugin.dll (API version 3709383).
LogModuleManager: Display: Found up-to-date module file ../../../Engine/Plugins/Developer/VisualStudioCodeSourceCodeAccess/Binaries/Win64/UE4Editor-VisualStudioCodeSourceCodeAccess.dll (API version 3709383).
LogModuleManager: Display: Found up-to-date module file ../../../Engine/Plugins/Developer/VisualStudioSourceCodeAccess/Binaries/Win64/UE4Editor-VisualStudioSourceCodeAccess.dll (API version 3709383).
LogModuleManager: Display: Found up-to-date module file ../../../Engine/Plugins/Editor/AssetManagerEditor/Binaries/Win64/UE4Editor-AssetManagerEditor.dll (API version 3709383).
LogModuleManager: Display: Found up-to-date module file ../../../Engine/Plugins/Editor/AudioCapture/Binaries/Win64/UE4Editor-AudioCapture.dll (API version 3709383).
LogModuleManager: Display: Found up-to-date module file ../../../Engine/Plugins/Editor/FacialAnimation/Binaries/Win64/UE4Editor-FacialAnimation.dll (API version 3709383).
LogModuleManager: Display: Found up-to-date module file ../../../Engine/Plugins/Editor/FacialAnimation/Binaries/Win64/UE4Editor-FacialAnimationEditor.dll (API version 3709383).
LogModuleManager: Display: Found up-to-date module file ../../../Engine/Plugins/Editor/GameplayTagsEditor/Binaries/Win64/UE4Editor-GameplayTagsEditor.dll (API version 3709383).
LogModuleManager: Display: Found up-to-date module file ../../../Engine/Plugins/Editor/MobileLauncherProfileWizard/Binaries/Win64/UE4Editor-MobileLauncherProfileWizard.dll (API version 3709383).
LogModuleManager: Display: Found up-to-date module file ../../../Engine/Plugins/Editor/PluginBrowser/Binaries/Win64/UE4Editor-PluginBrowser.dll (API version 3709383).
LogModuleManager: Display: Found up-to-date module file ../../../Engine/Plugins/Editor/SpeedTreeImporter/Binaries/Win64/UE4Editor-SpeedTreeImporter.dll (API version 3709383).
LogModuleManager: Display: Found up-to-date module file ../../../Engine/Plugins/Experimental/AlembicImporter/Binaries/Win64/UE4Editor-AlembicImporter.dll (API version 3709383).
LogModuleManager: Display: Found up-to-date module file ../../../Engine/Plugins/Experimental/AlembicImporter/Binaries/Win64/UE4Editor-AlembicLibrary.dll (API version 3709383).
LogModuleManager: Display: Found up-to-date module file ../../../Engine/Plugins/Experimental/CharacterAI/Binaries/Win64/UE4Editor-CharacterAI.dll (API version 3709383).
LogModuleManager: Display: Found up-to-date module file ../../../Engine/Plugins/Experimental/HTML5Networking/Binaries/Win64/UE4Editor-HTML5Networking.dll (API version 3709383).
LogModuleManager: Display: Found up-to-date module file ../../../Engine/Plugins/Media/AndroidMedia/Binaries/Win64/UE4Editor-AndroidMediaEditor.dll (API version 3709383).
LogModuleManager: Display: Found up-to-date module file ../../../Engine/Plugins/Media/AndroidMedia/Binaries/Win64/UE4Editor-AndroidMediaFactory.dll (API version 3709383).
LogModuleManager: Display: Found up-to-date module file ../../../Engine/Plugins/Media/AvfMedia/Binaries/Win64/UE4Editor-AvfMediaEditor.dll (API version 3709383).
LogModuleManager: Display: Found up-to-date module file ../../../Engine/Plugins/Media/AvfMedia/Binaries/Win64/UE4Editor-AvfMediaFactory.dll (API version 3709383).
LogModuleManager: Display: Found up-to-date module file ../../../Engine/Plugins/Media/AvfMedia/Binaries/Win64/UE4Editor-AvfMediaFactory.dll (API version 3709383).
LogModuleManager: Display: Found up-to-date module file ../../../Engine/Plugins/Media/ImgMedia/Binaries/Win64/UE4Editor-ImgMedia.dll (API version 3709383).
LogModuleManager: Display: Found up-to-date module file ../../../Engine/Plugins/Media/ImgMedia/Binaries/Win64/UE4Editor-ImgMediaEditor.dll (API version 3709383).
LogModuleManager: Display: Found up-to-date module file ../../../Engine/Plugins/Media/ImgMedia/Binaries/Win64/UE4Editor-ImgMediaFactory.dll (API version 3709383).
LogModuleManager: Display: Found up-to-date module file ../../../Engine/Plugins/Media/ImgMedia/Binaries/Win64/UE4Editor-ImgMediaFactory.dll (API version 3709383).
LogModuleManager: Display: Found up-to-date module file ../../../Engine/Plugins/Media/ImgMedia/Binaries/Win64/UE4Editor-OpenExrWrapper.dll (API version 3709383).
LogModuleManager: Display: Found up-to-date module file ../../../Engine/Plugins/Media/MediaCompositing/Binaries/Win64/UE4Editor-MediaCompositing.dll (API version 3709383).
LogModuleManager: Display: Found up-to-date module file ../../../Engine/Plugins/Media/MediaCompositing/Binaries/Win64/UE4Editor-MediaCompositingEditor.dll (API version 3709383).
LogModuleManager: Display: Found up-to-date module file ../../../Engine/Plugins/Media/MediaPlayerEditor/Binaries/Win64/UE4Editor-MediaPlayerEditor.dll (API version 3709383).
LogModuleManager: Display: Found up-to-date module file ../../../Engine/Plugins/Media/WmfMedia/Binaries/Win64/UE4Editor-WmfMedia.dll (API version 3709383).
LogModuleManager: Display: Found up-to-date module file ../../../Engine/Plugins/Media/WmfMedia/Binaries/Win64/UE4Editor-WmfMediaEditor.dll (API version 3709383).
LogModuleManager: Display: Found up-to-date module file ../../../Engine/Plugins/Media/WmfMedia/Binaries/Win64/UE4Editor-WmfMediaFactory.dll (API version 3709383).
LogModuleManager: Display: Found up-to-date module file ../../../Engine/Plugins/Media/WmfMedia/Binaries/Win64/UE4Editor-WmfMediaFactory.dll (API version 3709383).
LogModuleManager: Display: Found up-to-date module file ../../../Engine/Plugins/Messaging/TcpMessaging/Binaries/Win64/UE4Editor-TcpMessaging.dll (API version 3709383).
LogModuleManager: Display: Found up-to-date module file ../../../Engine/Plugins/Messaging/UdpMessaging/Binaries/Win64/UE4Editor-UdpMessaging.dll (API version 3709383).
LogModuleManager: Display: Found up-to-date module file ../../../Engine/Plugins/MovieScene/ActorSequence/Binaries/Win64/UE4Editor-ActorSequence.dll (API version 3709383).
LogModuleManager: Display: Found up-to-date module file ../../../Engine/Plugins/MovieScene/LevelSequenceEditor/Binaries/Win64/UE4Editor-LevelSequenceEditor.dll (API version 3709383).
LogModuleManager: Display: Found up-to-date module file ../../../Engine/Plugins/MovieScene/MatineeToLevelSequence/Binaries/Win64/UE4Editor-MatineeToLevelSequence.dll (API version 3709383).
LogModuleManager: Display: Found up-to-date module file ../../../Engine/Plugins/Online/OnlineSubsystem/Binaries/Win64/UE4Editor-OnlineSubsystem.dll (API version 3709383).
LogModuleManager: Display: Found up-to-date module file ../../../Engine/Plugins/Runtime/AndroidPermission/Binaries/Win64/UE4Editor-AndroidPermission.dll (API version 3709383).
LogModuleManager: Display: Found up-to-date module file ../../../Engine/Plugins/Online/OnlineSubsystemNull/Binaries/Win64/UE4Editor-OnlineSubsystemNull.dll (API version 3709383).
LogModuleManager: Display: Found up-to-date module file ../../../Engine/Plugins/Online/OnlineSubsystemUtils/Binaries/Win64/UE4Editor-OnlineSubsystemUtils.dll (API version 3709383).
LogModuleManager: Display: Found up-to-date module file ../../../Engine/Plugins/Online/OnlineSubsystemUtils/Binaries/Win64/UE4Editor-OnlineBlueprintSupport.dll (API version 3709383).
LogModuleManager: Display: Found up-to-date module file ../../../Engine/Plugins/Runtime/AndroidDeviceProfileSelector/Binaries/Win64/UE4Editor-AndroidDeviceProfileSelector.dll (API version 3709383).
LogModuleManager: Display: Found up-to-date module file ../../../Engine/Plugins/Runtime/AppleARKit/Binaries/Win64/UE4Editor-AppleARKit.dll (API version 3709383).
LogModuleManager: Display: Found up-to-date module file ../../../Engine/Plugins/Runtime/ArchVisCharacter/Binaries/Win64/UE4Editor-ArchVisCharacter.dll (API version 3709383).
LogModuleManager: Display: Found up-to-date module file ../../../Engine/Plugins/Runtime/CableComponent/Binaries/Win64/UE4Editor-CableComponent.dll (API version 3709383).
LogModuleManager: Display: Found up-to-date module file ../../../Engine/Plugins/Runtime/CustomMeshComponent/Binaries/Win64/UE4Editor-CustomMeshComponent.dll (API version 3709383).
LogModuleManager: Display: Found up-to-date module file ../../../Engine/Plugins/Runtime/ExampleDeviceProfileSelector/Binaries/Win64/UE4Editor-ExampleDeviceProfileSelector.dll (API version 3709383).
LogModuleManager: Display: Found up-to-date module file ../../../Engine/Plugins/Runtime/ImmediatePhysics/Binaries/Win64/UE4Editor-ImmediatePhysics.dll (API version 3709383).
LogModuleManager: Display: Found up-to-date module file ../../../Engine/Plugins/Runtime/ImmediatePhysics/Binaries/Win64/UE4Editor-ImmediatePhysicsEditor.dll (API version 3709383).
LogModuleManager: Display: Found up-to-date module file ../../../Engine/Plugins/Runtime/LocationServicesBPLibrary/Binaries/Win64/UE4Editor-LocationServicesBPLibrary.dll (API version 3709383).
LogModuleManager: Display: Found up-to-date module file ../../../Engine/Plugins/Runtime/MobilePatchingUtils/Binaries/Win64/UE4Editor-MobilePatchingUtils.dll (API version 3709383).
LogModuleManager: Display: Found up-to-date module file ../../../Engine/Plugins/Runtime/Oculus/OculusVR/Binaries/Win64/UE4Editor-OculusHMD.dll (API version 3709383).
LogModuleManager: Display: Found up-to-date module file ../../../Engine/Plugins/Runtime/Oculus/OculusVR/Binaries/Win64/UE4Editor-OculusInput.dll (API version 3709383).
LogModuleManager: Display: Found up-to-date module file ../../../Engine/Plugins/Runtime/Oculus/OculusVR/Binaries/Win64/UE4Editor-OculusEditor.dll (API version 3709383).
LogModuleManager: Display: Found up-to-date module file ../../../Engine/Plugins/Runtime/PhysXVehicles/Binaries/Win64/UE4Editor-PhysXVehicles.dll (API version 3709383).
LogModuleManager: Display: Found up-to-date module file ../../../Engine/Plugins/Runtime/PhysXVehicles/Binaries/Win64/UE4Editor-PhysXVehiclesEditor.dll (API version 3709383).
LogModuleManager: Display: Found up-to-date module file ../../../Engine/Plugins/Runtime/ProceduralMeshComponent/Binaries/Win64/UE4Editor-ProceduralMeshComponent.dll (API version 3709383).
LogModuleManager: Display: Found up-to-date module file ../../../Engine/Plugins/Runtime/ProceduralMeshComponent/Binaries/Win64/UE4Editor-ProceduralMeshComponentEditor.dll (API version 3709383).
LogModuleManager: Display: Found up-to-date module file ../../../Engine/Plugins/Runtime/RuntimePhysXCooking/Binaries/Win64/UE4Editor-RuntimePhysXCooking.dll (API version 3709383).
LogModuleManager: Display: Found up-to-date module file ../../../Engine/Plugins/Runtime/Steam/SteamVR/Binaries/Win64/UE4Editor-SteamVR.dll (API version 3709383).
LogModuleManager: Display: Found up-to-date module file ../../../Engine/Plugins/Runtime/Steam/SteamVR/Binaries/Win64/UE4Editor-SteamVRController.dll (API version 3709383).
LogModuleManager: Display: Found up-to-date module file ../../../Engine/Plugins/Runtime/WindowsMoviePlayer/Binaries/Win64/UE4Editor-WindowsMoviePlayer.dll (API version 3709383).
LogPluginManager: Mounting plugin Paper2D
LogPluginManager: Mounting plugin LightPropagationVolume
LogPluginManager: Mounting plugin CodeLiteSourceCodeAccess
LogPluginManager: Mounting plugin GitSourceControl
LogPluginManager: Mounting plugin KDevelopSourceCodeAccess
LogPluginManager: Mounting plugin NullSourceCodeAccess
LogPluginManager: Mounting plugin PerforceSourceControl
LogPluginManager: Mounting plugin SubversionSourceControl
LogPluginManager: Mounting plugin UObjectPlugin
LogPluginManager: Mounting plugin VisualStudioCodeSourceCodeAccess
LogPluginManager: Mounting plugin VisualStudioSourceCodeAccess
LogPluginManager: Mounting plugin XCodeSourceCodeAccess
LogPluginManager: Mounting plugin AssetManagerEditor
LogPluginManager: Mounting plugin AudioCapture
LogPluginManager: Mounting plugin FacialAnimation
LogPluginManager: Mounting plugin GameplayTagsEditor
LogPluginManager: Mounting plugin MobileLauncherProfileWizard
LogPluginManager: Mounting plugin PluginBrowser
LogPluginManager: Mounting plugin SpeedTreeImporter
LogPluginManager: Mounting plugin AlembicImporter
LogPluginManager: Mounting plugin CharacterAI
LogPluginManager: Mounting plugin HTML5Networking
LogPluginManager: Mounting plugin AndroidMedia
LogPluginManager: Mounting plugin AvfMedia
LogPluginManager: Mounting plugin ImgMedia
LogPluginManager: Mounting plugin MediaCompositing
LogPluginManager: Mounting plugin MediaPlayerEditor
LogPluginManager: Mounting plugin WmfMedia
LogPluginManager: Mounting plugin TcpMessaging
LogPluginManager: Mounting plugin UdpMessaging
LogPluginManager: Mounting plugin ActorSequence
LogPluginManager: Mounting plugin LevelSequenceEditor
LogPluginManager: Mounting plugin MatineeToLevelSequence
LogPluginManager: Mounting plugin OnlineSubsystemGooglePlay
LogPluginManager: Mounting plugin OnlineSubsystemIOS
LogPluginManager: Mounting plugin OnlineSubsystem
LogPluginManager: Mounting plugin OnlineSubsystemNull
LogPluginManager: Mounting plugin OnlineSubsystemUtils
LogPluginManager: Mounting plugin AndroidDeviceProfileSelector
LogPluginManager: Mounting plugin AndroidMoviePlayer
LogPluginManager: Mounting plugin AndroidPermission
LogPluginManager: Mounting plugin AppleARKit
LogPluginManager: Mounting plugin AppleMoviePlayer
LogPluginManager: Mounting plugin ArchVisCharacter
LogPluginManager: Mounting plugin CableComponent
LogPluginManager: Mounting plugin CustomMeshComponent
LogPluginManager: Mounting plugin ExampleDeviceProfileSelector
LogPluginManager: Mounting plugin GoogleCloudMessaging
LogPluginManager: Mounting plugin ImmediatePhysics
LogPluginManager: Mounting plugin IOSDeviceProfileSelector
LogPluginManager: Mounting plugin LinuxDeviceProfileSelector
LogPluginManager: Mounting plugin LocationServicesBPLibrary
LogPluginManager: Mounting plugin MobilePatchingUtils
LogPluginManager: Mounting plugin OculusVR
LogPluginManager: Plugin shader directory ../../../Engine/Plugins/Runtime/Oculus/OculusVR/Shaders found
LogPluginManager: Mapping shader source directory ../../../Engine/Plugins/Runtime/Oculus/OculusVR/Shaders to virtual directory /Plugin/OculusVR
LogPluginManager: Mounting plugin PhysXVehicles
LogPluginManager: Mounting plugin ProceduralMeshComponent
LogPluginManager: Mounting plugin RuntimePhysXCooking
LogPluginManager: Mounting plugin SteamVR
LogPluginManager: Mounting plugin WindowsMoviePlayer
LogInit: Using libcurl 7.47.1
LogInit:  - built for x86_64-pc-win32
LogInit:  - supports SSL with OpenSSL/1.0.2g
LogInit:  - supports HTTP deflate (compression) using libz 1.2.8
LogInit:  - other features:
LogInit:      CURL_VERSION_SSL
LogInit:      CURL_VERSION_LIBZ
LogInit:      CURL_VERSION_IPV6
LogInit:      CURL_VERSION_ASYNCHDNS
LogInit:      CURL_VERSION_LARGEFILE
LogInit:      CURL_VERSION_IDN
LogInit:  CurlRequestOptions (configurable via config and command line):
LogInit:  - bVerifyPeer = false  - Libcurl will NOT verify peer certificate
LogInit:  - bUseHttpProxy = false  - Libcurl will NOT use HTTP proxy
LogInit:  - bDontReuseConnections = false  - Libcurl will reuse connections
LogInit:  - CertBundlePath = nullptr  - Libcurl will use whatever was configured at build time.
LogHMD: Failed initializing OVRPlugin 1.19.0
LogInit: Build: ++UE4+Release-4.18-CL-3832480
LogInit: Engine Version: 4.18.3-3832480+++UE4+Release-4.18
LogInit: Compatible Engine Version: 4.18.0-3709383+++UE4+Release-4.18
LogInit: Net CL: 3709383
LogDevObjectVersion: Number of dev versions registered: 16
LogDevObjectVersion:   Dev-Blueprints (B0D832E4-1F89-4F0D-ACCF-7EB736FD4AA2): 10
LogDevObjectVersion:   Dev-Build (E1C64328-A22C-4D53-A36C-8E866417BD8C): 0
LogDevObjectVersion:   Dev-Core (375EC13C-06E4-48FB-B500-84F0262A717E): 2
LogDevObjectVersion:   Dev-Editor (E4B068ED-F494-42E9-A231-DA0B2E46BB41): 20
LogDevObjectVersion:   Dev-Framework (CFFC743F-43B0-4480-9391-14DF171D2073): 30
LogDevObjectVersion:   Dev-Mobile (B02B49B5-BB20-44E9-A304-32B752E40360): 0
LogDevObjectVersion:   Dev-Networking (A4E4105C-59A1-49B5-A7C5-40C4547EDFEE): 0
LogDevObjectVersion:   Dev-Online (39C831C9-5AE6-47DC-9A44-9C173E1C8E7C): 0
LogDevObjectVersion:   Dev-Physics (78F01B33-EBEA-4F98-B9B4-84EACCB95AA2): 0
LogDevObjectVersion:   Dev-Platform (6631380F-2D4D-43E0-8009-CF276956A95A): 0
LogDevObjectVersion:   Dev-Rendering (12F88B9F-8875-4AFC-A67C-D90C383ABD29): 20
LogDevObjectVersion:   Dev-Sequencer (7B5AE74C-D270-4C10-A958-57980B212A5A): 4
LogDevObjectVersion:   Dev-VR (D7296918-1DD6-4BDD-9DE2-64A83CC13884): 0
LogDevObjectVersion:   Dev-LoadTimes (C2A15278-BFE7-4AFE-6C17-90FF531DF755): 1
LogDevObjectVersion:   Private-Geometry (6EACA3D4-40EC-4CC1-B786-8BED09428FC5): 1
LogDevObjectVersion:   Dev-AnimPhys (29E575DD-E0A3-4627-9D10-D276232CDCEA): 12
LogInit: Compiled (64-bit): Jan 12 2018 02:04:55
LogInit: Compiled with Visual C++: 19.00.24215.01
LogInit: Build Configuration: Development
LogInit: Branch Name: ++UE4+Release-4.18
LogInit: Command line:  
LogInit: Base directory: D:/Epic Games/Epic Games/UE_4.18/Engine/Binaries/Win64/
LogInit: Installed Engine Build: 1
LogInit: Presizing for max 8388607 objects, including 0 objects not considered by GC, pre-allocating 0 bytes for permanent pool.
LogInit: Object subsystem initialized
[2018.03.27-01.36.13:599][  0]LogInit: Selected Device Profile: [Windows]
[2018.03.27-01.36.13:599][  0]LogInit: Applying CVar settings loaded from the selected device profile: [Windows]
[2018.03.27-01.36.13:611][  0]LogInit: Computer: CAPTAINARCHER
[2018.03.27-01.36.13:611][  0]LogInit: User: ENDER
[2018.03.27-01.36.13:611][  0]LogInit: CPU Page size=4096, Cores=6
[2018.03.27-01.36.13:611][  0]LogInit: High frequency timer resolution =3.417969 MHz
[2018.03.27-01.36.13:611][  0]LogMemory: Memory total: Physical=15.9GB (16GB approx)
[2018.03.27-01.36.13:611][  0]LogMemory: Platform Memory Stats for Windows
[2018.03.27-01.36.13:611][  0]LogMemory: Process Physical Memory: 281.85 MB used, 281.85 MB peak
[2018.03.27-01.36.13:611][  0]LogMemory: Process Virtual Memory: 282.09 MB used, 282.09 MB peak
[2018.03.27-01.36.13:611][  0]LogMemory: Physical Memory: 4275.52 MB used,  12003.98 MB free, 16279.50 MB total
[2018.03.27-01.36.13:611][  0]LogMemory: Virtual Memory: 740.50 MB used,  12003.98 MB free, 134217728.00 MB total
[2018.03.27-01.36.13:719][  0]LogInit: Using OS detected language (en-US).
[2018.03.27-01.36.13:719][  0]LogInit: Using OS detected locale (en-US).
[2018.03.27-01.36.13:723][  0]LogTextLocalizationManager: No specific localization for 'en-US' exists, so the 'en' localization will be used.
[2018.03.27-01.36.14:112][  0]LogInit: Setting process to per monitor DPI aware
[2018.03.27-01.36.14:491][  0]LogD3D11RHI: D3D11 adapters:
[2018.03.27-01.36.14:509][  0]LogD3D11RHI:    0. 'AMD Radeon (TM) R9 390 Series' (Feature Level 11_0)
[2018.03.27-01.36.14:509][  0]LogD3D11RHI:       8168/0/8139 MB DedicatedVideo/DedicatedSystem/SharedSystem, Outputs:2, VendorId:0x1002
[2018.03.27-01.36.14:511][  0]LogD3D11RHI:    1. 'Microsoft Basic Render Driver' (Feature Level 11_0)
[2018.03.27-01.36.14:511][  0]LogD3D11RHI:       0/0/8139 MB DedicatedVideo/DedicatedSystem/SharedSystem, Outputs:0, VendorId:0x1414
[2018.03.27-01.36.14:511][  0]LogD3D11RHI: Chosen D3D11 Adapter: 0
[2018.03.27-01.36.14:517][  0]LogD3D11RHI: Creating new Direct3DDevice
[2018.03.27-01.36.14:517][  0]LogD3D11RHI:     GPU DeviceId: 0x67b1 (for the marketing name, search the web for "GPU Device Id")
[2018.03.27-01.36.14:517][  0]LogWindows: EnumDisplayDevices:
[2018.03.27-01.36.14:517][  0]LogWindows:    0. 'AMD Radeon (TM) R9 390 Series' (P:1 D:1)
[2018.03.27-01.36.14:517][  0]LogWindows:    1. 'AMD Radeon (TM) R9 390 Series' (P:0 D:1)
[2018.03.27-01.36.14:517][  0]LogWindows:    2. 'AMD Radeon (TM) R9 390 Series' (P:0 D:0)
[2018.03.27-01.36.14:517][  0]LogWindows:    3. 'AMD Radeon (TM) R9 390 Series' (P:0 D:0)
[2018.03.27-01.36.14:517][  0]LogWindows:    4. 'AMD Radeon (TM) R9 390 Series' (P:0 D:0)
[2018.03.27-01.36.14:517][  0]LogWindows:    5. 'AMD Radeon (TM) R9 390 Series' (P:0 D:0)
[2018.03.27-01.36.14:517][  0]LogWindows:    6. 'AMD Radeon (TM) R9 390 Series' (P:0 D:0)
[2018.03.27-01.36.14:518][  0]LogWindows:    7. 'AMD Radeon (TM) R9 390 Series' (P:0 D:0)
[2018.03.27-01.36.14:518][  0]LogWindows:    8. 'AMD Radeon (TM) R9 390 Series' (P:0 D:0)
[2018.03.27-01.36.14:518][  0]LogWindows:    9. 'AMD Radeon (TM) R9 390 Series' (P:0 D:0)
[2018.03.27-01.36.14:518][  0]LogWindows:    10. 'AMD Radeon (TM) R9 390 Series' (P:0 D:0)
[2018.03.27-01.36.14:518][  0]LogWindows:    11. 'AMD Radeon (TM) R9 390 Series' (P:0 D:0)
[2018.03.27-01.36.14:518][  0]LogWindows:    12. 'AMD Radeon (TM) R9 390 Series' (P:0 D:0)
[2018.03.27-01.36.14:518][  0]LogWindows:    13. 'AMD Radeon (TM) R9 390 Series' (P:0 D:0)
[2018.03.27-01.36.14:518][  0]LogWindows:    14. 'AMD Radeon (TM) R9 390 Series' (P:0 D:0)
[2018.03.27-01.36.14:519][  0]LogWindows:    15. 'AMD Radeon (TM) R9 390 Series' (P:0 D:0)
[2018.03.27-01.36.14:519][  0]LogWindows: DebugString: GetVideoDriverDetailsInvalid PrimaryIsNotTheChoosenAdapter GetVideoDriverDetailsInvalid PrimaryIsNotTheChoosenAdapter GetVideoDriverDetailsInvalid PrimaryIsNotTheChoosenAdapter GetVideoDriverDetailsInvalid PrimaryIsNotTheChoosenAdapter GetVideoDriverDetailsInvalid PrimaryIsNotTheChoosenAdapter GetVideoDriverDetailsInvalid PrimaryIsNotTheChoosenAdapter GetVideoDriverDetailsInvalid PrimaryIsNotTheChoosenAdapter GetVideoDriverDetailsInvalid PrimaryIsNotTheChoosenAdapter GetVideoDriverDetailsInvalid PrimaryIsNotTheChoosenAdapter GetVideoDriverDetailsInvalid PrimaryIsNotTheChoosenAdapter GetVideoDriverDetailsInvalid PrimaryIsNotTheChoosenAdapter GetVideoDriverDetailsInvalid PrimaryIsNotTheChoosenAdapter GetVideoDriverDetailsInvalid PrimaryIsNotTheChoosenAdapter GetVideoDriverDetailsInvalid PrimaryIsNotTheChoosenAdapter GetVideoDriverDetailsInvalid PrimaryIsNotTheChoosenAdapter GetVideoDriverDetailsInvalid PrimaryIsNotTheChoosenAdapter FoundDriverCount:0 
[2018.03.27-01.36.14:519][  0]LogD3D11RHI:     Adapter Name: AMD Radeon (TM) R9 390 Series
[2018.03.27-01.36.14:519][  0]LogD3D11RHI:   Driver Version: Unknown (internal:Unknown, unified:Unknown)
[2018.03.27-01.36.14:519][  0]LogD3D11RHI:      Driver Date: Unknown
[2018.03.27-01.36.14:519][  0]LogRHI: Texture pool is 5717 MB (70% of 8168 MB)
[2018.03.27-01.36.14:558][  0]LogD3D11RHI: Async texture creation enabled
[2018.03.27-01.36.14:571][  0]LogD3D11RHI: GPU Timing Frequency: 27.000000 (Debug: 2 1)
[2018.03.27-01.36.14:573][  0]LogShaderCompilers: Guid format shader working directory is -6 characters bigger than the processId version (C:/Users/ENDER/Documents/GitHub/SushiShop/SushiShop/Intermediate/Shaders/WorkingDirectory/20812/).
[2018.03.27-01.36.14:573][  0]LogShaderCompilers: Cleaned the shader compiler working directory 'C:/Users/ENDER/AppData/Local/Temp/UnrealShaderWorkingDir/AE90291A4C092A2D8DB6B4853289FBF2/'.
[2018.03.27-01.36.14:573][  0]LogShaderCompilers: Display: Using Local Shader Compiler.
[2018.03.27-01.36.15:509][  0]LogTemp: Display: Loaded TP AllDesktopTargetPlatform
[2018.03.27-01.36.15:555][  0]LogTemp: Display: Loaded TP MacClientTargetPlatform
[2018.03.27-01.36.15:601][  0]LogTemp: Display: Loaded TP MacNoEditorTargetPlatform
[2018.03.27-01.36.15:647][  0]LogTemp: Display: Loaded TP MacServerTargetPlatform
[2018.03.27-01.36.15:694][  0]LogTemp: Display: Loaded TP MacTargetPlatform
[2018.03.27-01.36.15:740][  0]LogTemp: Display: Loaded TP WindowsClientTargetPlatform
[2018.03.27-01.36.15:786][  0]LogTemp: Display: Loaded TP WindowsNoEditorTargetPlatform
[2018.03.27-01.36.15:832][  0]LogTemp: Display: Loaded TP WindowsServerTargetPlatform
[2018.03.27-01.36.15:872][  0]LogTemp: Display: Loaded TP WindowsTargetPlatform
[2018.03.27-01.36.15:918][  0]LogTemp: Display: Loaded TP Android_ASTCTargetPlatform
[2018.03.27-01.36.15:964][  0]LogTemp: Display: Loaded TP Android_ATCTargetPlatform
[2018.03.27-01.36.16:010][  0]LogTemp: Display: Loaded TP Android_DXTTargetPlatform
[2018.03.27-01.36.16:055][  0]LogTemp: Display: Loaded TP Android_ETC1TargetPlatform
[2018.03.27-01.36.16:100][  0]LogTemp: Display: Loaded TP Android_ETC2TargetPlatform
[2018.03.27-01.36.16:192][  0]LogTemp: Display: Loaded TP Android_MultiTargetPlatform
[2018.03.27-01.36.16:192][  0]LogTemp: Display: Loaded TP Android_PVRTCTargetPlatform
[2018.03.27-01.36.16:239][  0]LogTemp: Display: Loaded TP AndroidTargetPlatform
[2018.03.27-01.36.16:274][  0]LogTemp: Display: Loaded TP HTML5TargetPlatform
[2018.03.27-01.36.16:354][  0]LogTemp: Display: Loaded TP IOSTargetPlatform
[2018.03.27-01.36.16:377][  0]LogTemp: Display: Loaded TP TVOSTargetPlatform
[2018.03.27-01.36.16:421][  0]LogTemp: Display: Loaded TP LinuxClientTargetPlatform
[2018.03.27-01.36.16:466][  0]LogTemp: Display: Loaded TP LinuxNoEditorTargetPlatform
[2018.03.27-01.36.16:512][  0]LogTemp: Display: Loaded TP LinuxServerTargetPlatform
[2018.03.27-01.36.16:558][  0]LogTemp: Display: Loaded TP LinuxTargetPlatform
[2018.03.27-01.36.16:558][  0]LogTargetPlatformManager: Display: Building Assets For Windows
[2018.03.27-01.36.16:930][  0]LogDerivedDataCache: Display: Max Cache Size: 512 MB
[2018.03.27-01.36.17:010][  0]LogDerivedDataCache: Loaded boot cache 0.08s 83MB C:/Users/ENDER/AppData/Local/UnrealEngine/4.18/DerivedDataCache/Boot.ddc.
[2018.03.27-01.36.17:010][  0]LogDerivedDataCache: Display: Loaded Boot cache: C:/Users/ENDER/AppData/Local/UnrealEngine/4.18/DerivedDataCache/Boot.ddc
[2018.03.27-01.36.17:010][  0]LogDerivedDataCache: FDerivedDataBackendGraph:  Pak pak cache file C:/Users/ENDER/Documents/GitHub/SushiShop/SushiShop/DerivedDataCache/DDC.ddp not found, will not use a pak cache.
[2018.03.27-01.36.17:010][  0]LogDerivedDataCache: Unable to find inner node Pak for hierarchical cache Hierarchy.
[2018.03.27-01.36.17:010][  0]LogDerivedDataCache: FDerivedDataBackendGraph:  CompressedPak pak cache file C:/Users/ENDER/Documents/GitHub/SushiShop/SushiShop/DerivedDataCache/Compressed.ddp not found, will not use a pak cache.
[2018.03.27-01.36.17:010][  0]LogDerivedDataCache: Unable to find inner node CompressedPak for hierarchical cache Hierarchy.
[2018.03.27-01.36.17:026][  0]LogDerivedDataCache: Display: Pak cache opened for reading ../../../Engine/DerivedDataCache/Compressed.ddp.
[2018.03.27-01.36.17:037][  0]LogDerivedDataCache: Using Local data cache path C:/Users/ENDER/AppData/Local/UnrealEngine/Common/DerivedDataCache: Writable
[2018.03.27-01.36.17:048][  0]LogMaterial: Verifying Global Shaders for PCD3D_SM5
[2018.03.27-01.36.17:048][  0]LogSlate: Using Freetype 2.6.0
[2018.03.27-01.36.17:049][  0]LogSlate: SlateFontCache - WITH_FREETYPE: 1, WITH_HARFBUZZ: 1
[2018.03.27-01.36.17:049][  0]LogSlate: SlateFontCache - WITH_FREETYPE: 1, WITH_HARFBUZZ: 1
[2018.03.27-01.36.17:424][  0]LogInit: Selected Device Profile: [Windows]
[2018.03.27-01.36.17:720][  0]LogSimplygon: Simplygon DLL not present - disabling.
[2018.03.27-01.36.17:756][  0]LogMeshReduction: Using SimplygonSwarm for distributed automatic mesh merging
[2018.03.27-01.36.17:756][  0]LogMeshReduction: Using QuadricMeshReduction for automatic static mesh reduction
[2018.03.27-01.36.17:756][  0]LogMeshReduction: No automatic skeletal mesh reduction module available
[2018.03.27-01.36.17:756][  0]LogMeshReduction: No automatic mesh merging module available
[2018.03.27-01.36.17:756][  0]LogMeshMerging: No automatic mesh merging module available
[2018.03.27-01.36.17:821][  0]LogNetVersion: SushiShop , NetCL: 3709383, EngineNetVer: 2, GameNetVer: 0 (Checksum: 2343829258)
[2018.03.27-01.36.17:974][  0]LogAssetRegistry: FAssetRegistry took 0.0268 seconds to start up
[2018.03.27-01.36.18:457][  0]LogPackageLocalizationCache: Processed 7 localized package path(s) for 2 prioritized culture(s) in 0.062247 seconds
[2018.03.27-01.36.18:462][  0]LogUObjectArray: 35870 objects as part of root set at end of initial load.
[2018.03.27-01.36.18:462][  0]LogUObjectAllocator: 7363696 out of 0 bytes used by permanent object pool.
[2018.03.27-01.36.18:462][  0]LogUObjectArray: CloseDisregardForGC: 0/0 objects in disregard for GC pool
[2018.03.27-01.36.18:498][  0]LogInit: WinSock: version 1.1 (2.2), MaxSocks=32767, MaxUdp=65467
[2018.03.27-01.36.21:099][  0]LogTcpMessaging: Initializing TcpMessaging bridge
[2018.03.27-01.36.21:141][  0]LogUdpMessaging: Initializing bridge on interface 0.0.0.0:0 to multicast group 230.0.0.1:6666.
[2018.03.27-01.36.21:773][  0]LogMaterial: Missing cached shader map for material BaseColor, compiling. 
[2018.03.27-01.36.21:774][  0]LogMaterial: Warning: D:\Epic Games\Epic Games\UE_4.18\Engine\Content\BufferVisualization\BaseColor.uasset: Failed to compile Material for platform PCD3D_SM5, Default Material will be used in game.
[2018.03.27-01.36.21:774][  0]LogMaterial: 	(Node SceneTexture) GBuffer scene textures not available with forward shading.
[2018.03.27-01.36.21:794][  0]LogMaterial: Uniform references updated for custom material expression Custom.
[2018.03.27-01.36.21:803][  0]LogMaterial: Missing cached shader map for material LightingModel, compiling. 
[2018.03.27-01.36.21:804][  0]LogMaterial: Warning: D:\Epic Games\Epic Games\UE_4.18\Engine\Content\BufferVisualization\LightingModel.uasset: Failed to compile Material for platform PCD3D_SM5, Default Material will be used in game.
[2018.03.27-01.36.21:804][  0]LogMaterial: 	(Node SceneTexture) GBuffer scene textures not available with forward shading.
[2018.03.27-01.36.21:806][  0]LogMaterial: Missing cached shader map for material MaterialAO, compiling. 
[2018.03.27-01.36.21:806][  0]LogMaterial: Warning: D:\Epic Games\Epic Games\UE_4.18\Engine\Content\BufferVisualization\MaterialAO.uasset: Failed to compile Material for platform PCD3D_SM5, Default Material will be used in game.
[2018.03.27-01.36.21:806][  0]LogMaterial: 	(Node SceneTexture) GBuffer scene textures not available with forward shading.
[2018.03.27-01.36.21:809][  0]LogMaterial: Missing cached shader map for material Metallic, compiling. 
[2018.03.27-01.36.21:809][  0]LogMaterial: Warning: D:\Epic Games\Epic Games\UE_4.18\Engine\Content\BufferVisualization\Metallic.uasset: Failed to compile Material for platform PCD3D_SM5, Default Material will be used in game.
[2018.03.27-01.36.21:809][  0]LogMaterial: 	(Node SceneTexture) GBuffer scene textures not available with forward shading.
[2018.03.27-01.36.21:811][  0]LogMaterial: Missing cached shader map for material Opacity, compiling. 
[2018.03.27-01.36.21:812][  0]LogMaterial: Warning: D:\Epic Games\Epic Games\UE_4.18\Engine\Content\BufferVisualization\Opacity.uasset: Failed to compile Material for platform PCD3D_SM5, Default Material will be used in game.
[2018.03.27-01.36.21:812][  0]LogMaterial: 	(Node SceneTexture) GBuffer scene textures not available with forward shading.
[2018.03.27-01.36.21:814][  0]LogMaterial: Missing cached shader map for material Roughness, compiling. 
[2018.03.27-01.36.21:814][  0]LogMaterial: Warning: D:\Epic Games\Epic Games\UE_4.18\Engine\Content\BufferVisualization\Roughness.uasset: Failed to compile Material for platform PCD3D_SM5, Default Material will be used in game.
[2018.03.27-01.36.21:814][  0]LogMaterial: 	(Node SceneTexture) GBuffer scene textures not available with forward shading.
[2018.03.27-01.36.21:831][  0]LogMaterial: Missing cached shader map for material Specular, compiling. 
[2018.03.27-01.36.21:831][  0]LogMaterial: Warning: D:\Epic Games\Epic Games\UE_4.18\Engine\Content\BufferVisualization\Specular.uasset: Failed to compile Material for platform PCD3D_SM5, Default Material will be used in game.
[2018.03.27-01.36.21:831][  0]LogMaterial: 	(Node SceneTexture) GBuffer scene textures not available with forward shading.
[2018.03.27-01.36.21:834][  0]LogMaterial: Missing cached shader map for material SubsurfaceColor, compiling. 
[2018.03.27-01.36.21:834][  0]LogMaterial: Warning: D:\Epic Games\Epic Games\UE_4.18\Engine\Content\BufferVisualization\SubsurfaceColor.uasset: Failed to compile Material for platform PCD3D_SM5, Default Material will be used in game.
[2018.03.27-01.36.21:834][  0]LogMaterial: 	(Node SceneTexture) GBuffer scene textures not available with forward shading.
[2018.03.27-01.36.21:837][  0]LogMaterial: Missing cached shader map for material WorldNormal, compiling. 
[2018.03.27-01.36.21:837][  0]LogMaterial: Warning: D:\Epic Games\Epic Games\UE_4.18\Engine\Content\BufferVisualization\WorldNormal.uasset: Failed to compile Material for platform PCD3D_SM5, Default Material will be used in game.
[2018.03.27-01.36.21:837][  0]LogMaterial: 	(Node SceneTexture) GBuffer scene textures not available with forward shading.
[2018.03.27-01.36.22:193][  0]SourceControl: Source control is disabled
[2018.03.27-01.36.22:193][  0]SourceControl: Source control is disabled
[2018.03.27-01.36.22:247][  0]SourceControl: Source control is disabled
[2018.03.27-01.36.22:299][  0]SourceControl: Source control is disabled
[2018.03.27-01.36.23:098][  0]LogAndroidPermission: UAndroidPermissionCallbackProxy::GetInstance
[2018.03.27-01.36.23:366][  0]LogOcInput: OculusInput pre-init called
[2018.03.27-01.36.23:634][  0]LogEngine: Initializing Engine...
[2018.03.27-01.36.23:636][  0]LogHMD: Failed to initialize OpenVR with code 110
[2018.03.27-01.36.23:876][  0]LogStats: UGameplayTagsManager::ConstructGameplayTagTree: Construct from data asset -  0.000 s
[2018.03.27-01.36.23:876][  0]LogStats: UGameplayTagsManager::ConstructGameplayTagTree: GameplayTagTreeChangedEvent.Broadcast -  0.000 s
[2018.03.27-01.36.23:980][  0]LogAIModule: Creating AISystem for world Untitled
[2018.03.27-01.36.23:988][  0]LogInit: XAudio2 using 'Speakers (Logitech G533 Gaming Headset)' : 6 channels at 48 kHz using 16 bits per sample (channel mask 0x3f)
[2018.03.27-01.36.24:006][  0]LogInit: FAudioDevice initialized.
[2018.03.27-01.36.24:089][  0]LogDerivedDataCache: Saved boot cache 0.08s 83MB C:/Users/ENDER/AppData/Local/UnrealEngine/4.18/DerivedDataCache/Boot.ddc.
[2018.03.27-01.36.24:100][  0]LogInit: Texture streaming: Enabled
[2018.03.27-01.36.24:170][  0]LogEngineSessionManager: EngineSessionManager initialized
[2018.03.27-01.36.24:170][  0]LogEngineSessionManager: EngineSessionManager sent abnormal shutdown report. Type=AbnormalShutdown, SessionId={9523172E-4E91-A1B8-8C4D-02A215A58E93}
[2018.03.27-01.36.24:280][  0]LogInit: Transaction tracking system initialized
[2018.03.27-01.36.24:539][  0]BlueprintLog: New page: Editor Load
[2018.03.27-01.36.25:274][  0]LocalizationService: Localization service is disabled
[2018.03.27-01.36.25:914][  0]LogConsoleResponse: Display: 
[2018.03.27-01.36.26:067][  0]LogCook: Display: Max memory allowance for cook 16384mb min free memory 0mb
[2018.03.27-01.36.26:067][  0]LogCook: Display: Mobile HDR setting 1
[2018.03.27-01.36.26:067][  0]LogGameplayTags: Display: UGameplayTagsManager::DoneAddingNativeTags. DelegateIsBound: 0
[2018.03.27-01.36.27:117][  0]LogFileCache: Scanning file cache for directory 'C:/Users/ENDER/Documents/GitHub/SushiShop/SushiShop/Content/' took 0.02s
[2018.03.27-01.36.27:156][  0]SourceControl: Source control is disabled
[2018.03.27-01.36.27:156][  0]Cmd: MAP LOAD FILE="C:/Users/ENDER/Documents/GitHub/SushiShop/SushiShop/Content/VirtualRealityBP/Maps/StartupMap.umap" TEMPLATE=0 SHOWPROGRESS=1 FEATURELEVEL=3
[2018.03.27-01.36.27:156][  0]LightingResults: New page: Lighting Build
[2018.03.27-01.36.27:191][  0]MapCheck: New page: Map Check
[2018.03.27-01.36.27:191][  0]LightingResults: New page: Lighting Build
[2018.03.27-01.36.27:294][  0]LogAIModule: Creating AISystem for world StartupMap
[2018.03.27-01.36.27:300][  0]LogEditorServer: Finished looking for orphan Actors (0.000 secs)
[2018.03.27-01.36.27:313][  0]Cmd: MAP CHECKDEP NOCLEARLOG
[2018.03.27-01.36.27:373][  0]MapCheck: Map check complete: 0 Error(s), 0 Warning(s), took 60.701ms to complete.
[2018.03.27-01.36.27:374][  0]LogFileHelpers: Loading map 'StartupMap' took 0.217
[2018.03.27-01.36.27:638][  0]LogCollectionManager: Loaded 0 collections in 0.000947 seconds
[2018.03.27-01.36.27:738][  0]LogFileCache: Scanning file cache for directory 'C:/Users/ENDER/Documents/GitHub/SushiShop/SushiShop/Saved/Collections/' took 0.01s
[2018.03.27-01.36.27:738][  0]LogFileCache: Scanning file cache for directory 'C:/Users/ENDER/Documents/GitHub/SushiShop/SushiShop/Content/Developers/ENDER/Collections/' took 0.01s
[2018.03.27-01.36.27:738][  0]LogFileCache: Scanning file cache for directory 'C:/Users/ENDER/Documents/GitHub/SushiShop/SushiShop/Content/Collections/' took 0.01s
[2018.03.27-01.36.27:738][  0]LogCollectionManager: Rebuilt the GUID cache for 0 collections in 0.000001 seconds
[2018.03.27-01.36.27:747][  0]LogContentBrowser: Native class hierarchy populated in 0.0085 seconds. Added 2364 classes and 521 folders.
[2018.03.27-01.36.27:798][  0]LogContentBrowser: Native class hierarchy updated for 'WidgetCarousel' in 0.0002 seconds. Added 0 classes and 0 folders.
[2018.03.27-01.36.27:853][  0]LogContentBrowser: Native class hierarchy updated for 'AddContentDialog' in 0.0002 seconds. Added 0 classes and 0 folders.
[2018.03.27-01.36.27:912][  0]LogSlate: Took 0.000228 seconds to synchronously load lazily loaded font '../../../Engine/Content/Slate/Fonts/Roboto-Regular.ttf' (155K)
[2018.03.27-01.36.27:917][  0]LogSlate: Took 0.000192 seconds to synchronously load lazily loaded font '../../../Engine/Content/Slate/Fonts/Roboto-Bold.ttf' (160K)
[2018.03.27-01.36.27:919][  0]LogSlate: Took 0.000183 seconds to synchronously load lazily loaded font '../../../Engine/Content/Editor/Slate/Fonts/FontAwesome.ttf' (139K)
[2018.03.27-01.36.28:012][  0]LogRenderer: Reallocating scene render targets to support 1328x672 Format 26 NumSamples 1 (Frame:1).
[2018.03.27-01.36.28:184][  0]LogContentBrowser: Native class hierarchy updated for 'HierarchicalLODOutliner' in 0.0003 seconds. Added 1 classes and 2 folders.
[2018.03.27-01.36.28:184][  0]LogLoad: (Engine Initialization) Total time: 17.76 seconds
[2018.03.27-01.36.28:184][  0]LogLoad: (Engine Initialization) Total Blueprint compile time: 0.00 seconds
[2018.03.27-01.36.28:184][  0]LogExternalProfiler: Found external profiler: VSPerf
[2018.03.27-01.36.28:184][  0]LogExternalProfiler: Using external profiler: VSPerf
[2018.03.27-01.36.28:193][  0]LogWindowsTextInputMethodSystem: Display: IME system now deactivated.
[2018.03.27-01.36.28:212][  0]LogContentStreaming: Texture pool size now 1000 MB
[2018.03.27-01.36.28:268][  1]LogAssetRegistry: Asset discovery search completed in 10.3163 seconds
[2018.03.27-01.36.28:270][  1]LogCollectionManager: Rebuilt the object cache for 0 collections in 0.000000 seconds (found 0 objects)
[2018.03.27-01.36.28:270][  1]LogCollectionManager: Fixed up redirectors for 0 collections in 0.000060 seconds (updated 0 objects)
[2018.03.27-01.36.42:938][738]LogLinker: Warning: Can't find file '/Game/KiteDemo/LevelContent/Architecture/M_1Meter_01'
[2018.03.27-01.36.42:938][738]LogLinker: Warning: Can't find file for asset '/Game/KiteDemo/LevelContent/Architecture/M_1Meter_01' while loading C:/Users/ENDER/Documents/GitHub/SushiShop/SushiShop/Content/KiteDemo/LevelContent/Architecture/SM_1Meter_01.uasset.
[2018.03.27-01.36.42:938][738]LoadErrors: Error: /Game/KiteDemo/LevelContent/Architecture/SM_1Meter_01 : Can't find file for asset. /Game/KiteDemo/LevelContent/Architecture/M_1Meter_01
[2018.03.27-01.36.42:938][738]LogLinker: Warning: Can't find file '/Game/KiteDemo/LevelContent/Architecture/M_1Meter_01'
[2018.03.27-01.36.42:938][738]LogLinker: Warning: Can't find file for asset '/Game/KiteDemo/LevelContent/Architecture/M_1Meter_01' while loading C:/Users/ENDER/Documents/GitHub/SushiShop/SushiShop/Content/KiteDemo/LevelContent/Architecture/SM_1Meter_01.uasset.
[2018.03.27-01.36.42:939][738]LogLinker: Warning: Can't find file '/Game/KiteDemo/LevelContent/Architecture/M_1Meter_01'
[2018.03.27-01.36.42:939][738]LoadErrors: Failed to load /Game/KiteDemo/LevelContent/Architecture/M_1Meter_01.M_1Meter_01 Referenced by SM_1Meter_01
[2018.03.27-01.36.42:939][738]LogLinker: Warning: Can't find file for asset '/Game/KiteDemo/LevelContent/Architecture/M_1Meter_01' while loading NULL.
[2018.03.27-01.36.42:955][738]LogLinker: Warning: Can't find file '/Game/KiteDemo/LevelContent/Architecture/M_CycRoom_01'
[2018.03.27-01.36.42:955][738]LogLinker: Warning: Can't find file for asset '/Game/KiteDemo/LevelContent/Architecture/M_CycRoom_01' while loading C:/Users/ENDER/Documents/GitHub/SushiShop/SushiShop/Content/KiteDemo/LevelContent/Architecture/SM_CycRoom_01.uasset.
[2018.03.27-01.36.42:955][738]LoadErrors: Error: /Game/KiteDemo/LevelContent/Architecture/SM_CycRoom_01 : Can't find file for asset. /Game/KiteDemo/LevelContent/Architecture/M_CycRoom_01
[2018.03.27-01.36.42:955][738]LogLinker: Warning: Can't find file '/Game/KiteDemo/LevelContent/Architecture/M_CycRoom_01'
[2018.03.27-01.36.42:955][738]LogLinker: Warning: Can't find file for asset '/Game/KiteDemo/LevelContent/Architecture/M_CycRoom_01' while loading C:/Users/ENDER/Documents/GitHub/SushiShop/SushiShop/Content/KiteDemo/LevelContent/Architecture/SM_CycRoom_01.uasset.
[2018.03.27-01.36.42:956][738]LogLinker: Warning: Can't find file '/Game/KiteDemo/LevelContent/Architecture/M_CycRoom_01'
[2018.03.27-01.36.42:956][738]LoadErrors: Failed to load /Game/KiteDemo/LevelContent/Architecture/M_CycRoom_01.M_CycRoom_01 Referenced by SM_CycRoom_01
[2018.03.27-01.36.42:956][738]LogLinker: Warning: Can't find file for asset '/Game/KiteDemo/LevelContent/Architecture/M_CycRoom_01' while loading NULL.
[2018.03.27-01.36.43:106][738]LogMeshUtilities: Finished distance field build in 0.0s - 11x8x8 distance field, 2198 triangles, Range [0.0, 0.4], SM_1Meter_01
[2018.03.27-01.36.43:285][738]LogSlate: Took 0.000314 seconds to synchronously load lazily loaded font '../../../Engine/Content/Slate/Fonts/Roboto-Light.ttf' (159K)
[2018.03.27-01.36.44:055][738]LogSlate: Took 0.000262 seconds to synchronously load lazily loaded font '../../../Engine/Content/Slate/Fonts/Roboto-Light.ttf' (159K)
[2018.03.27-01.36.47:288][ 32]LogMeshUtilities: Finished distance field build in 4.2s - 64x64x64 distance field, 4098 triangles, Range [-0.0, 0.7], SM_CycRoom_01
[2018.03.27-01.37.01:399][480]LogLinker: Warning: Can't find file '/Game/KiteDemo/Material/M_Photoscan_Master'
[2018.03.27-01.37.01:399][480]LogLinker: Warning: Can't find file for asset '/Game/KiteDemo/Material/M_Photoscan_Master' while loading C:/Users/ENDER/Documents/GitHub/SushiShop/SushiShop/Content/KiteDemo/Environments/Rocks/Scree002/MI_Scree002_NEW.uasset.
[2018.03.27-01.37.01:399][480]LoadErrors: Error: /Game/KiteDemo/Environments/Rocks/Scree002/MI_Scree002_NEW : Can't find file for asset. /Game/KiteDemo/Material/M_Photoscan_Master
[2018.03.27-01.37.01:403][480]LogLinker: Warning: Can't find file '/Game/KiteDemo/Material/M_Photoscan_Master'
[2018.03.27-01.37.01:403][480]LogLinker: Warning: Can't find file for asset '/Game/KiteDemo/Material/M_Photoscan_Master' while loading C:/Users/ENDER/Documents/GitHub/SushiShop/SushiShop/Content/KiteDemo/Environments/Rocks/Scree002/MI_Scree002_NEW.uasset.
[2018.03.27-01.37.01:404][480]LogLinker: Warning: Can't find file '/Game/KiteDemo/Material/M_Photoscan_Master'
[2018.03.27-01.37.01:404][480]LoadErrors: Failed to load /Game/KiteDemo/Material/M_Photoscan_Master.M_Photoscan_Master Referenced by MI_Scree002_NEW
[2018.03.27-01.37.01:404][480]LogLinker: Warning: Can't find file for asset '/Game/KiteDemo/Material/M_Photoscan_Master' while loading NULL.
[2018.03.27-01.37.02:390][480]LogMeshUtilities: Finished distance field build in 0.9s - 63x64x14 distance field, 15425 triangles, Range [-0.1, 1.0], SM_Scree002a
[2018.03.27-01.37.05:338][480]LogTexture: Display: Building textures: T_Scree002_D_R (AutoDXT, 8192X8192)
[2018.03.27-01.37.27:043][480]LogStaticMesh: Building static mesh SM_Scree002a...
[2018.03.27-01.37.27:330][480]LogStaticMesh: Built static mesh [0.29s] /Game/KiteDemo/Environments/Rocks/Scree002/SM_Scree002a.SM_Scree002a
[2018.03.27-01.37.27:380][480]LogStaticMesh: Building static mesh SM_Scree002b...
[2018.03.27-01.37.27:637][480]LogStaticMesh: Built static mesh [0.26s] /Game/KiteDemo/Environments/Rocks/Scree002/SM_Scree002b.SM_Scree002b
[2018.03.27-01.37.27:676][480]LogStaticMesh: Building static mesh SM_Scree002_Bend...
[2018.03.27-01.37.28:075][480]LogStaticMesh: Built static mesh [0.40s] /Game/KiteDemo/Environments/Rocks/Scree002/SM_Scree002_Bend.SM_Scree002_Bend
[2018.03.27-01.37.28:150][480]LogStaticMesh: Building static mesh SM_Scree002_NEW...
[2018.03.27-01.37.28:655][480]LogMeshUtilities: Finished distance field build in 0.8s - 63x64x14 distance field, 15425 triangles, Range [-0.1, 1.0], SM_Scree002a
[2018.03.27-01.37.28:655][480]LogStaticMesh: Built static mesh [0.50s] /Game/KiteDemo/Environments/Rocks/Scree002/SM_Scree002_NEW.SM_Scree002_NEW
[2018.03.27-01.37.29:659][480]LogMeshUtilities: Finished distance field build in 0.9s - 64x64x18 distance field, 27354 triangles, Range [-0.0, 1.0], SM_Scree002_NEW
[2018.03.27-01.37.34:040][589]LogMeshUtilities: Finished distance field build in 1.0s - 64x64x20 distance field, 27354 triangles, Range [-0.1, 1.0], SM_Scree002_Bend
[2018.03.27-01.37.34:733][666]LogMeshUtilities: Finished distance field build in 0.5s - 52x43x12 distance field, 11947 triangles, Range [-0.1, 0.9], SM_Scree002b
[2018.03.27-01.37.40:557][169]LogLinker: Warning: Can't find file '/Game/KiteDemo/Material/M_Photoscan_Master'
[2018.03.27-01.37.40:557][169]LogLinker: Warning: Can't find file for asset '/Game/KiteDemo/Material/M_Photoscan_Master' while loading C:/Users/ENDER/Documents/GitHub/SushiShop/SushiShop/Content/KiteDemo/Environments/Rocks/Scree001/MI_Scree_001_CC.uasset.
[2018.03.27-01.37.40:557][169]LoadErrors: Error: /Game/KiteDemo/Environments/Rocks/Scree001/MI_Scree_001_CC : Can't find file for asset. /Game/KiteDemo/Material/M_Photoscan_Master
[2018.03.27-01.37.40:561][169]LogLinker: Warning: Can't find file '/Game/KiteDemo/Material/M_Photoscan_Master'
[2018.03.27-01.37.40:561][169]LogLinker: Warning: Can't find file for asset '/Game/KiteDemo/Material/M_Photoscan_Master' while loading C:/Users/ENDER/Documents/GitHub/SushiShop/SushiShop/Content/KiteDemo/Environments/Rocks/Scree001/MI_Scree_001_CC.uasset.
[2018.03.27-01.37.40:562][169]LogLinker: Warning: Can't find file '/Game/KiteDemo/Material/M_Photoscan_Master'
[2018.03.27-01.37.40:562][169]LoadErrors: Failed to load /Game/KiteDemo/Material/M_Photoscan_Master.M_Photoscan_Master Referenced by MI_Scree_001_CC
[2018.03.27-01.37.40:562][169]LogLinker: Warning: Can't find file for asset '/Game/KiteDemo/Material/M_Photoscan_Master' while loading NULL.
[2018.03.27-01.37.41:456][169]LogMeshUtilities: Finished distance field build in 0.7s - 64x49x15 distance field, 33855 triangles, Range [-0.1, 0.8], Scree_001
[2018.03.27-01.37.46:172][169]LogTexture: Display: Building textures: T_Scree_001_D_CC (AutoDXT, 8192X8192)
[2018.03.27-01.38.08:286][169]LogStaticMesh: Building static mesh Scree_001_B...
[2018.03.27-01.38.08:715][169]LogStaticMesh: Built static mesh [0.43s] /Game/KiteDemo/Environments/Rocks/Scree001/Scree_001_B.Scree_001_B
[2018.03.27-01.38.08:776][169]LogStaticMesh: Building static mesh Scree_001_A...
[2018.03.27-01.38.09:159][169]LogStaticMesh: Built static mesh [0.38s] /Game/KiteDemo/Environments/Rocks/Scree001/Scree_001_A.Scree_001_A
[2018.03.27-01.38.09:198][169]LogStaticMesh: Building static mesh Scree_001...
[2018.03.27-01.38.09:804][169]LogMeshUtilities: Finished distance field build in 0.5s - 50x46x11 distance field, 20218 triangles, Range [-0.1, 0.9], Scree_001_B
[2018.03.27-01.38.09:804][169]LogStaticMesh: Built static mesh [0.61s] /Game/KiteDemo/Environments/Rocks/Scree001/Scree_001.Scree_001
[2018.03.27-01.38.10:635][169]LogMeshUtilities: Finished distance field build in 0.7s - 64x49x15 distance field, 33855 triangles, Range [-0.1, 0.8], Scree_001
[2018.03.27-01.38.14:152][223]LogMeshUtilities: Finished distance field build in 0.4s - 47x37x11 distance field, 15566 triangles, Range [-0.1, 0.9], Scree_001_A
[2018.03.27-01.38.20:627][770]LogLinker: Warning: Can't find file '/Game/KiteDemo/Material/M_Photoscan_Master'
[2018.03.27-01.38.20:627][770]LogLinker: Warning: Can't find file for asset '/Game/KiteDemo/Material/M_Photoscan_Master' while loading C:/Users/ENDER/Documents/GitHub/SushiShop/SushiShop/Content/KiteDemo/Environments/Rocks/River_Rock_01/MI_River_Rock_01.uasset.
[2018.03.27-01.38.20:627][770]LoadErrors: Error: /Game/KiteDemo/Environments/Rocks/River_Rock_01/MI_River_Rock_01 : Can't find file for asset. /Game/KiteDemo/Material/M_Photoscan_Master
[2018.03.27-01.38.20:630][770]LogLinker: Warning: Can't find file '/Game/KiteDemo/Material/M_Photoscan_Master'
[2018.03.27-01.38.20:630][770]LogLinker: Warning: Can't find file for asset '/Game/KiteDemo/Material/M_Photoscan_Master' while loading C:/Users/ENDER/Documents/GitHub/SushiShop/SushiShop/Content/KiteDemo/Environments/Rocks/River_Rock_01/MI_River_Rock_01.uasset.
[2018.03.27-01.38.20:631][770]LogLinker: Warning: Can't find file '/Game/KiteDemo/Material/M_Photoscan_Master'
[2018.03.27-01.38.20:631][770]LoadErrors: Failed to load /Game/KiteDemo/Material/M_Photoscan_Master.M_Photoscan_Master Referenced by MI_River_Rock_01
[2018.03.27-01.38.20:631][770]LogLinker: Warning: Can't find file for asset '/Game/KiteDemo/Material/M_Photoscan_Master' while loading NULL.
[2018.03.27-01.38.22:164][770]LogStaticMesh: Building static mesh SM_River_Rock_01...
[2018.03.27-01.38.22:184][770]LogStaticMesh: Built static mesh [0.02s] /Game/KiteDemo/Environments/Rocks/River_Rock_01/SM_River_Rock_01.SM_River_Rock_01
[2018.03.27-01.38.22:666][770]LogMeshUtilities: Finished distance field build in 0.0s - 8x8x8 distance field, 2038 triangles, Range [-0.3, 0.9], SM_River_Rock_01
[2018.03.27-01.38.22:666][770]LogTexture: Display: Building textures: T_River_Rock_01_D_CC_R (AutoDXT, 4096X4096)
[2018.03.27-01.38.48:590][391]LogLinker: Warning: Can't find file '/Game/KiteDemo/Material/M_Photoscan_Master'
[2018.03.27-01.38.48:590][391]LogLinker: Warning: Can't find file for asset '/Game/KiteDemo/Material/M_Photoscan_Master' while loading C:/Users/ENDER/Documents/GitHub/SushiShop/SushiShop/Content/KiteDemo/Environments/Rocks/Mountain_RockFace_002/MI_MountainRock.uasset.
[2018.03.27-01.38.48:590][391]LoadErrors: Error: /Game/KiteDemo/Environments/Rocks/Mountain_RockFace_002/MI_MountainRock : Can't find file for asset. /Game/KiteDemo/Material/M_Photoscan_Master
[2018.03.27-01.38.48:593][391]LogLinker: Warning: Can't find file '/Game/KiteDemo/Material/M_Photoscan_Master'
[2018.03.27-01.38.48:594][391]LogLinker: Warning: Can't find file for asset '/Game/KiteDemo/Material/M_Photoscan_Master' while loading C:/Users/ENDER/Documents/GitHub/SushiShop/SushiShop/Content/KiteDemo/Environments/Rocks/Mountain_RockFace_002/MI_MountainRock.uasset.
[2018.03.27-01.38.48:594][391]LogLinker: Warning: Can't find file '/Game/KiteDemo/Material/M_Photoscan_Master'
[2018.03.27-01.38.48:594][391]LoadErrors: Failed to load /Game/KiteDemo/Material/M_Photoscan_Master.M_Photoscan_Master Referenced by MI_MountainRock
[2018.03.27-01.38.48:595][391]LogLinker: Warning: Can't find file for asset '/Game/KiteDemo/Material/M_Photoscan_Master' while loading NULL.
[2018.03.27-01.38.48:598][391]LogLinker: Warning: Can't find file '/Game/KiteDemo/Material/M_Photoscan_Master'
[2018.03.27-01.38.48:598][391]LogLinker: Warning: Can't find file for asset '/Game/KiteDemo/Material/M_Photoscan_Master' while loading C:/Users/ENDER/Documents/GitHub/SushiShop/SushiShop/Content/KiteDemo/Environments/Rocks/Mountain_RockFace_002/MI_MountainRock_Closed.uasset.
[2018.03.27-01.38.48:598][391]LoadErrors: Error: /Game/KiteDemo/Environments/Rocks/Mountain_RockFace_002/MI_MountainRock_Closed : Can't find file for asset. /Game/KiteDemo/Material/M_Photoscan_Master
[2018.03.27-01.38.48:601][391]LogLinker: Warning: Can't find file '/Game/KiteDemo/Material/M_Photoscan_Master'
[2018.03.27-01.38.48:601][391]LogLinker: Warning: Can't find file for asset '/Game/KiteDemo/Material/M_Photoscan_Master' while loading C:/Users/ENDER/Documents/GitHub/SushiShop/SushiShop/Content/KiteDemo/Environments/Rocks/Mountain_RockFace_002/MI_MountainRock_Closed.uasset.
[2018.03.27-01.38.48:603][391]LogLinker: Warning: Can't find file '/Game/KiteDemo/Material/M_Photoscan_Master'
[2018.03.27-01.38.48:603][391]LoadErrors: Failed to load /Game/KiteDemo/Material/M_Photoscan_Master.M_Photoscan_Master Referenced by MI_MountainRock_Closed
[2018.03.27-01.38.48:603][391]LogLinker: Warning: Can't find file for asset '/Game/KiteDemo/Material/M_Photoscan_Master' while loading NULL.
[2018.03.27-01.38.53:741][391]LogStaticMesh: Building static mesh SM_MountainRock_Closed...
[2018.03.27-01.38.54:078][391]LogStaticMesh: Built static mesh [0.34s] /Game/KiteDemo/Environments/Rocks/Mountain_RockFace_002/SM_MountainRock_Closed.SM_MountainRock_Closed
[2018.03.27-01.38.56:244][391]LogTexture: Display: Building textures: T_MountainRock_Closed_D (AutoDXT, 8192X8192)
[2018.03.27-01.39.18:328][391]LogMeshUtilities: Finished distance field build in 10.9s - 71x112x86 distance field, 9088 triangles, Range [-0.4, 1.0], SM_MountainRock
[2018.03.27-01.39.18:388][391]LogStaticMesh: Building static mesh SM_MountainRock...
[2018.03.27-01.39.18:537][391]LogStaticMesh: Built static mesh [0.15s] /Game/KiteDemo/Environments/Rocks/Mountain_RockFace_002/SM_MountainRock.SM_MountainRock
[2018.03.27-01.39.21:030][391]LogTexture: Display: Building textures: T_MountainRock_D (AutoDXT, 8192X8192)
[2018.03.27-01.39.52:281][816]LogMeshUtilities: Finished distance field build in 33.8s - 123x110x115 distance field, 15320 triangles, Range [-0.4, 1.0], SM_MountainRock_Closed
[2018.03.27-01.39.53:687][975]LogLinker: Warning: Can't find file '/Game/KiteDemo/Material/M_Photoscan_Master'
[2018.03.27-01.39.53:688][975]LogLinker: Warning: Can't find file for asset '/Game/KiteDemo/Material/M_Photoscan_Master' while loading C:/Users/ENDER/Documents/GitHub/SushiShop/SushiShop/Content/KiteDemo/Environments/Rocks/Medium_Boulder_002/MI_MediumBoulder_002.uasset.
[2018.03.27-01.39.53:688][975]LoadErrors: Error: /Game/KiteDemo/Environments/Rocks/Medium_Boulder_002/MI_MediumBoulder_002 : Can't find file for asset. /Game/KiteDemo/Material/M_Photoscan_Master
[2018.03.27-01.39.53:688][975]LogLinker: Warning: Can't find file '/Game/KiteDemo/Material/M_Photoscan_Master'
[2018.03.27-01.39.53:688][975]LogLinker: Warning: Can't find file for asset '/Game/KiteDemo/Material/M_Photoscan_Master' while loading C:/Users/ENDER/Documents/GitHub/SushiShop/SushiShop/Content/KiteDemo/Environments/Rocks/Medium_Boulder_002/MI_MediumBoulder_002.uasset.
[2018.03.27-01.39.53:690][975]LogLinker: Warning: Can't find file '/Game/KiteDemo/Material/M_Photoscan_Master'
[2018.03.27-01.39.53:690][975]LoadErrors: Failed to load /Game/KiteDemo/Material/M_Photoscan_Master.M_Photoscan_Master Referenced by MI_MediumBoulder_002
[2018.03.27-01.39.53:690][975]LogLinker: Warning: Can't find file for asset '/Game/KiteDemo/Material/M_Photoscan_Master' while loading NULL.
[2018.03.27-01.39.54:055][975]LogMeshUtilities: Finished distance field build in 0.2s - 19x31x21 distance field, 2712 triangles, Range [-0.3, 0.8], Medium_Boulder_LowPoly
[2018.03.27-01.39.55:064][975]LogStaticMesh: Building static mesh Medium_Boulder_LowPoly...
[2018.03.27-01.39.55:107][975]LogStaticMesh: Built static mesh [0.04s] /Game/KiteDemo/Environments/Rocks/Medium_Boulder_002/Medium_Boulder_LowPoly.Medium_Boulder_LowPoly
[2018.03.27-01.39.55:618][975]LogMeshUtilities: Finished distance field build in 0.2s - 19x31x21 distance field, 2712 triangles, Range [-0.3, 0.8], Medium_Boulder_LowPoly
[2018.03.27-01.39.55:618][975]LogTexture: Display: Building textures: Medium_Boulder_002_D_CC_R (AutoDXT, 4096X4096)
[2018.03.27-01.40.34:583][758]LogLinker: Warning: Can't find file '/Game/KiteDemo/Material/M_Photoscan_Master'
[2018.03.27-01.40.34:584][758]LogLinker: Warning: Can't find file for asset '/Game/KiteDemo/Material/M_Photoscan_Master' while loading C:/Users/ENDER/Documents/GitHub/SushiShop/SushiShop/Content/KiteDemo/Environments/Rocks/Medium_Boulder_001/MI_MediumBoulder_0012.uasset.
[2018.03.27-01.40.34:584][758]LoadErrors: Error: /Game/KiteDemo/Environments/Rocks/Medium_Boulder_001/MI_MediumBoulder_0012 : Can't find file for asset. /Game/KiteDemo/Material/M_Photoscan_Master
[2018.03.27-01.40.34:587][758]LogLinker: Warning: Can't find file '/Game/KiteDemo/Material/M_Photoscan_Master'
[2018.03.27-01.40.34:587][758]LogLinker: Warning: Can't find file for asset '/Game/KiteDemo/Material/M_Photoscan_Master' while loading C:/Users/ENDER/Documents/GitHub/SushiShop/SushiShop/Content/KiteDemo/Environments/Rocks/Medium_Boulder_001/MI_MediumBoulder_0012.uasset.
[2018.03.27-01.40.34:589][758]LogLinker: Warning: Can't find file '/Game/KiteDemo/Material/M_Photoscan_Master'
[2018.03.27-01.40.34:589][758]LoadErrors: Failed to load /Game/KiteDemo/Material/M_Photoscan_Master.M_Photoscan_Master Referenced by MI_MediumBoulder_0012
[2018.03.27-01.40.34:589][758]LogLinker: Warning: Can't find file for asset '/Game/KiteDemo/Material/M_Photoscan_Master' while loading NULL.
[2018.03.27-01.40.34:900][758]LogMeshUtilities: Finished distance field build in 0.2s - 22x26x19 distance field, 4136 triangles, Range [-0.4, 1.0], Medium_Boulder_001
[2018.03.27-01.40.36:473][758]LogTexture: Display: Building textures: Medium_Boulder_001_D_4096CC_R (AutoDXT, 4096X4096)
[2018.03.27-01.40.41:310][758]LogStaticMesh: Building static mesh Medium_Boulder_001...
[2018.03.27-01.40.41:378][758]LogStaticMesh: Built static mesh [0.07s] /Game/KiteDemo/Environments/Rocks/Medium_Boulder_001/Medium_Boulder_001.Medium_Boulder_001
[2018.03.27-01.40.41:662][758]LogMeshUtilities: Finished distance field build in 0.2s - 22x26x19 distance field, 4136 triangles, Range [-0.4, 1.0], Medium_Boulder_001
[2018.03.27-01.41.20:783][630]LogLinker: Warning: Can't find file '/Game/KiteDemo/Material/M_Photoscan_Master'
[2018.03.27-01.41.20:784][630]LogLinker: Warning: Can't find file for asset '/Game/KiteDemo/Material/M_Photoscan_Master' while loading C:/Users/ENDER/Documents/GitHub/SushiShop/SushiShop/Content/KiteDemo/Environments/Rocks/LargePlainsBoulder002/MI_LargePlainsBoulder002.uasset.
[2018.03.27-01.41.20:784][630]LoadErrors: Error: /Game/KiteDemo/Environments/Rocks/LargePlainsBoulder002/MI_LargePlainsBoulder002 : Can't find file for asset. /Game/KiteDemo/Material/M_Photoscan_Master
[2018.03.27-01.41.20:787][630]LogLinker: Warning: Can't find file '/Game/KiteDemo/Material/M_Photoscan_Master'
[2018.03.27-01.41.20:787][630]LogLinker: Warning: Can't find file for asset '/Game/KiteDemo/Material/M_Photoscan_Master' while loading C:/Users/ENDER/Documents/GitHub/SushiShop/SushiShop/Content/KiteDemo/Environments/Rocks/LargePlainsBoulder002/MI_LargePlainsBoulder002.uasset.
[2018.03.27-01.41.20:787][630]LogLinker: Warning: Can't find file '/Game/KiteDemo/Textures/T_CliffRock_03_N'
[2018.03.27-01.41.20:787][630]LogLinker: Warning: Can't find file for asset '/Game/KiteDemo/Textures/T_CliffRock_03_N' while loading C:/Users/ENDER/Documents/GitHub/SushiShop/SushiShop/Content/KiteDemo/Environments/Rocks/LargePlainsBoulder002/MI_LargePlainsBoulder002.uasset.
[2018.03.27-01.41.20:787][630]LoadErrors: Error: /Game/KiteDemo/Environments/Rocks/LargePlainsBoulder002/MI_LargePlainsBoulder002 : Can't find file for asset. /Game/KiteDemo/Textures/T_CliffRock_03_N
[2018.03.27-01.41.20:788][630]LogLinker: Warning: Can't find file '/Game/KiteDemo/Textures/T_CliffRock_03_N'
[2018.03.27-01.41.20:788][630]LogLinker: Warning: Can't find file for asset '/Game/KiteDemo/Textures/T_CliffRock_03_N' while loading C:/Users/ENDER/Documents/GitHub/SushiShop/SushiShop/Content/KiteDemo/Environments/Rocks/LargePlainsBoulder002/MI_LargePlainsBoulder002.uasset.
[2018.03.27-01.41.20:790][630]LogLinker: Warning: Can't find file '/Game/KiteDemo/Material/M_Photoscan_Master'
[2018.03.27-01.41.20:790][630]LoadErrors: Failed to load /Game/KiteDemo/Material/M_Photoscan_Master.M_Photoscan_Master Referenced by MI_LargePlainsBoulder002
[2018.03.27-01.41.20:790][630]LogLinker: Warning: Can't find file for asset '/Game/KiteDemo/Material/M_Photoscan_Master' while loading NULL.
[2018.03.27-01.41.20:790][630]LogLinker: Warning: Can't find file '/Game/KiteDemo/Textures/T_CliffRock_03_N'
[2018.03.27-01.41.20:790][630]LoadErrors: Failed to load /Game/KiteDemo/Textures/T_CliffRock_03_N.T_CliffRock_03_N Referenced by MI_LargePlainsBoulder002
[2018.03.27-01.41.20:791][630]LogLinker: Warning: Can't find file for asset '/Game/KiteDemo/Textures/T_CliffRock_03_N' while loading NULL.
[2018.03.27-01.41.23:567][630]LogStaticMesh: Building static mesh SM_LargePlainsBoulder002...
[2018.03.27-01.41.23:859][630]LogStaticMesh: Built static mesh [0.29s] /Game/KiteDemo/Environments/Rocks/LargePlainsBoulder002/SM_LargePlainsBoulder002.SM_LargePlainsBoulder002
[2018.03.27-01.41.27:036][630]LogTexture: Display: Building textures: T_LargePlainsBoulder002_D_R (AutoDXT, 8192X8192)
[2018.03.27-01.41.59:619][630]LogMeshUtilities: Finished distance field build in 26.9s - 128x128x81 distance field, 13998 triangles, Range [-0.2, 1.0], SM_LargePlainsBoulder002
[2018.03.27-01.42.10:645][248]LogLinker: Warning: Can't find file '/Game/KiteDemo/Material/M_Photoscan_Master'
[2018.03.27-01.42.10:646][248]LogLinker: Warning: Can't find file for asset '/Game/KiteDemo/Material/M_Photoscan_Master' while loading C:/Users/ENDER/Documents/GitHub/SushiShop/SushiShop/Content/KiteDemo/Environments/Rocks/Large_Volcanic_Rock_001/MI_Large_VolcanicRock_002.uasset.
[2018.03.27-01.42.10:646][248]LoadErrors: Error: /Game/KiteDemo/Environments/Rocks/Large_Volcanic_Rock_001/MI_Large_VolcanicRock_002 : Can't find file for asset. /Game/KiteDemo/Material/M_Photoscan_Master
[2018.03.27-01.42.10:651][248]LogLinker: Warning: Can't find file '/Game/KiteDemo/Material/M_Photoscan_Master'
[2018.03.27-01.42.10:651][248]LogLinker: Warning: Can't find file for asset '/Game/KiteDemo/Material/M_Photoscan_Master' while loading C:/Users/ENDER/Documents/GitHub/SushiShop/SushiShop/Content/KiteDemo/Environments/Rocks/Large_Volcanic_Rock_001/MI_Large_VolcanicRock_002.uasset.
[2018.03.27-01.42.10:653][248]LogLinker: Warning: Can't find file '/Game/KiteDemo/Material/M_Photoscan_Master'
[2018.03.27-01.42.10:653][248]LoadErrors: Failed to load /Game/KiteDemo/Material/M_Photoscan_Master.M_Photoscan_Master Referenced by MI_Large_VolcanicRock_002
[2018.03.27-01.42.10:654][248]LogLinker: Warning: Can't find file for asset '/Game/KiteDemo/Material/M_Photoscan_Master' while loading NULL.
[2018.03.27-01.42.14:813][248]LogStaticMesh: Building static mesh LargeVolcanicRock_004...
[2018.03.27-01.42.15:187][248]LogStaticMesh: Built static mesh [0.37s] /Game/KiteDemo/Environments/Rocks/Large_Volcanic_Rock_001/LargeVolcanicRock_004.LargeVolcanicRock_004
[2018.03.27-01.42.15:242][248]LogStaticMesh: Building static mesh LargeVolcanicRock_002...
[2018.03.27-01.42.15:581][248]LogStaticMesh: Built static mesh [0.34s] /Game/KiteDemo/Environments/Rocks/Large_Volcanic_Rock_001/LargeVolcanicRock_002.LargeVolcanicRock_002
[2018.03.27-01.42.15:637][248]LogStaticMesh: Building static mesh LargeVolcanicRock_003...
[2018.03.27-01.42.16:014][248]LogStaticMesh: Built static mesh [0.38s] /Game/KiteDemo/Environments/Rocks/Large_Volcanic_Rock_001/LargeVolcanicRock_003.LargeVolcanicRock_003
[2018.03.27-01.42.19:158][248]LogTexture: Display: Building textures: T_GDC_LargeVolcanicRock_001_D2_R (AutoDXT, 8192X8192)
[2018.03.27-01.42.46:959][248]LogMeshUtilities: Finished distance field build in 24.3s - 128x128x81 distance field, 13998 triangles, Range [-0.2, 1.0], SM_LargePlainsBoulder002
[2018.03.27-01.42.47:018][248]LogStaticMesh: Building static mesh LargeVolcanicRock_001...
[2018.03.27-01.42.47:339][248]LogStaticMesh: Built static mesh [0.32s] /Game/KiteDemo/Environments/Rocks/Large_Volcanic_Rock_001/LargeVolcanicRock_001.LargeVolcanicRock_001
[2018.03.27-01.42.48:317][248]LogMeshUtilities: Finished distance field build in 1.2s - 41x64x26 distance field, 16257 triangles, Range [-0.4, 0.9], LargeVolcanicRock_003
[2018.03.27-01.42.52:322][403]LogMeshUtilities: Finished distance field build in 1.2s - 41x64x26 distance field, 16257 triangles, Range [-0.4, 0.9], LargeVolcanicRock_001
[2018.03.27-01.42.53:686][549]LogMeshUtilities: Finished distance field build in 1.2s - 42x64x29 distance field, 16257 triangles, Range [-0.4, 0.9], LargeVolcanicRock_002
[2018.03.27-01.42.55:273][603]LogMeshUtilities: Finished distance field build in 1.5s - 53x64x25 distance field, 16257 triangles, Range [-0.4, 1.0], LargeVolcanicRock_004
[2018.03.27-01.43.00:857][860]LogLinker: Warning: Can't find file '/Game/KiteDemo/Material/M_Photoscan_Master'
[2018.03.27-01.43.00:857][860]LogLinker: Warning: Can't find file for asset '/Game/KiteDemo/Material/M_Photoscan_Master' while loading C:/Users/ENDER/Documents/GitHub/SushiShop/SushiShop/Content/KiteDemo/Environments/Rocks/GroundRevealRock002/MI_GroundRevealRock002.uasset.
[2018.03.27-01.43.00:858][860]LoadErrors: Error: /Game/KiteDemo/Environments/Rocks/GroundRevealRock002/MI_GroundRevealRock002 : Can't find file for asset. /Game/KiteDemo/Material/M_Photoscan_Master
[2018.03.27-01.43.00:861][860]LogLinker: Warning: Can't find file '/Game/KiteDemo/Material/M_Photoscan_Master'
[2018.03.27-01.43.00:861][860]LogLinker: Warning: Can't find file for asset '/Game/KiteDemo/Material/M_Photoscan_Master' while loading C:/Users/ENDER/Documents/GitHub/SushiShop/SushiShop/Content/KiteDemo/Environments/Rocks/GroundRevealRock002/MI_GroundRevealRock002.uasset.
[2018.03.27-01.43.00:863][860]LogLinker: Warning: Can't find file '/Game/KiteDemo/Material/M_Photoscan_Master'
[2018.03.27-01.43.00:863][860]LoadErrors: Failed to load /Game/KiteDemo/Material/M_Photoscan_Master.M_Photoscan_Master Referenced by MI_GroundRevealRock002
[2018.03.27-01.43.00:863][860]LogLinker: Warning: Can't find file for asset '/Game/KiteDemo/Material/M_Photoscan_Master' while loading NULL.
[2018.03.27-01.43.06:786][860]LogTexture: Display: Building textures: T_GroundRevealRock002_D_CC_R (AutoDXT, 8192X8192)
[2018.03.27-01.43.31:866][860]LogMeshUtilities: Finished distance field build in 17.8s - 106x128x75 distance field, 10589 triangles, Range [-0.3, 0.7], SM_GroundRevealRock002
[2018.03.27-01.43.31:916][860]LogStaticMesh: Building static mesh SM_GroundRevealRock002...
[2018.03.27-01.43.32:091][860]LogStaticMesh: Built static mesh [0.18s] /Game/KiteDemo/Environments/Rocks/GroundRevealRock002/SM_GroundRevealRock002.SM_GroundRevealRock002
[2018.03.27-01.43.48:118][545]LogLinker: Warning: Can't find file '/Game/KiteDemo/Material/M_Photoscan_Master'
[2018.03.27-01.43.48:118][545]LogLinker: Warning: Can't find file for asset '/Game/KiteDemo/Material/M_Photoscan_Master' while loading C:/Users/ENDER/Documents/GitHub/SushiShop/SushiShop/Content/KiteDemo/Environments/Rocks/GroundRevealRock001/MI_GroundRevealRock001a.uasset.
[2018.03.27-01.43.48:118][545]LoadErrors: Error: /Game/KiteDemo/Environments/Rocks/GroundRevealRock001/MI_GroundRevealRock001a : Can't find file for asset. /Game/KiteDemo/Material/M_Photoscan_Master
[2018.03.27-01.43.48:122][545]LogLinker: Warning: Can't find file '/Game/KiteDemo/Material/M_Photoscan_Master'
[2018.03.27-01.43.48:122][545]LogLinker: Warning: Can't find file for asset '/Game/KiteDemo/Material/M_Photoscan_Master' while loading C:/Users/ENDER/Documents/GitHub/SushiShop/SushiShop/Content/KiteDemo/Environments/Rocks/GroundRevealRock001/MI_GroundRevealRock001a.uasset.
[2018.03.27-01.43.48:124][545]LogLinker: Warning: Can't find file '/Game/KiteDemo/Material/M_Photoscan_Master'
[2018.03.27-01.43.48:124][545]LoadErrors: Failed to load /Game/KiteDemo/Material/M_Photoscan_Master.M_Photoscan_Master Referenced by MI_GroundRevealRock001a
[2018.03.27-01.43.48:124][545]LogLinker: Warning: Can't find file for asset '/Game/KiteDemo/Material/M_Photoscan_Master' while loading NULL.
[2018.03.27-01.43.49:800][545]LogMeshUtilities: Finished distance field build in 17.6s - 106x128x75 distance field, 10589 triangles, Range [-0.3, 0.7], SM_GroundRevealRock002
[2018.03.27-01.43.53:113][545]LogStaticMesh: Building static mesh SM_GroundRevealRock001...
[2018.03.27-01.43.53:296][545]LogStaticMesh: Built static mesh [0.18s] /Game/KiteDemo/Environments/Rocks/GroundRevealRock001/SM_GroundRevealRock001.SM_GroundRevealRock001
[2018.03.27-01.43.56:401][545]LogTexture: Display: Building textures: T_GroundRevealRock001a_D_CC_R (AutoDXT, 8192X8192)
[2018.03.27-01.44.19:610][545]LogMeshUtilities: Finished distance field build in 13.0s - 128x128x52 distance field, 13536 triangles, Range [-0.1, 1.0], SM_GroundRevealRock001
[2018.03.27-01.44.42:000][320]LogLinker: Warning: Can't find file '/Game/KiteDemo/Material/M_Photoscan_Master'
[2018.03.27-01.44.42:000][320]LogLinker: Warning: Can't find file for asset '/Game/KiteDemo/Material/M_Photoscan_Master' while loading C:/Users/ENDER/Documents/GitHub/SushiShop/SushiShop/Content/KiteDemo/Environments/Rocks/Boulder_05a/MI_Boulder05a.uasset.
[2018.03.27-01.44.42:000][320]LoadErrors: Error: /Game/KiteDemo/Environments/Rocks/Boulder_05a/MI_Boulder05a : Can't find file for asset. /Game/KiteDemo/Material/M_Photoscan_Master
[2018.03.27-01.44.42:004][320]LogLinker: Warning: Can't find file '/Game/KiteDemo/Material/M_Photoscan_Master'
[2018.03.27-01.44.42:004][320]LogLinker: Warning: Can't find file for asset '/Game/KiteDemo/Material/M_Photoscan_Master' while loading C:/Users/ENDER/Documents/GitHub/SushiShop/SushiShop/Content/KiteDemo/Environments/Rocks/Boulder_05a/MI_Boulder05a.uasset.
[2018.03.27-01.44.42:005][320]LogLinker: Warning: Can't find file '/Game/KiteDemo/Material/M_Photoscan_Master'
[2018.03.27-01.44.42:005][320]LoadErrors: Failed to load /Game/KiteDemo/Material/M_Photoscan_Master.M_Photoscan_Master Referenced by MI_Boulder05a
[2018.03.27-01.44.42:006][320]LogLinker: Warning: Can't find file for asset '/Game/KiteDemo/Material/M_Photoscan_Master' while loading NULL.
[2018.03.27-01.44.44:064][320]LogMeshUtilities: Finished distance field build in 1.2s - 53x54x25 distance field, 2572 triangles, Range [-0.3, 1.0], SM_Boulder05a
[2018.03.27-01.44.44:371][320]LogStaticMesh: Building static mesh SM_Boulder05a...
[2018.03.27-01.44.44:421][320]LogStaticMesh: Built static mesh [0.05s] /Game/KiteDemo/Environments/Rocks/Boulder_05a/SM_Boulder05a.SM_Boulder05a
[2018.03.27-01.44.45:065][320]LogTexture: Display: Building textures: T_Boulder05_D_CC_R (AutoDXT, 4096X4096)
[2018.03.27-01.44.50:546][320]LogMeshUtilities: Finished distance field build in 1.2s - 53x54x25 distance field, 2572 triangles, Range [-0.3, 1.0], SM_Boulder05a
[2018.03.27-01.45.11:008][911]LogSlate: Warning: Prevented a slow task dialog from being summoned while a context menu was open
[2018.03.27-01.45.11:037][911]LogMaterial: Missing cached shader map for material HillTree_01_Billboard_Mat, compiling. 
[2018.03.27-01.45.11:205][911]LogMaterial: Missing cached shader map for material HillTree_01_Fronds_Mat, compiling. 
[2018.03.27-01.45.11:343][911]LogMaterial: Missing cached shader map for material HillTree_01_Leaves_Mat, compiling. 
[2018.03.27-01.45.11:559][911]LogMaterial: Missing cached shader map for material M_CustomDepthBillboard, compiling. 
[2018.03.27-01.45.11:798][911]LogStaticMesh: Building static mesh HillTree_02...
