Log file open, 02/26/18 17:26:36
LogWindows: Failed to load 'aqProf.dll' (GetLastError=126)
LogWindows: File 'aqProf.dll' does not exist
LogWindows: Failed to load 'VSPerf140.dll' (GetLastError=126)
LogWindows: File 'VSPerf140.dll' does not exist
LogWindows: Failed to load 'VtuneApi.dll' (GetLastError=126)
LogWindows: File 'VtuneApi.dll' does not exist
LogWindows: Failed to load 'VtuneApi32e.dll' (GetLastError=126)
LogWindows: File 'VtuneApi32e.dll' does not exist
LogInit: Display: Running engine for game: SushiShop
LogPlatformFile: Not using cached read wrapper
LogInit: Display: RandInit(1059536187) SRandInit(1059536187).
LogInit: Read version file with build ID '3709383'
LogInit: Overriding engine version to CL 3832480, compatible CL 3709383
LogInit: Registered custom module enumerator with build ID '3709383'
LogTaskGraph: Started task graph with 5 named threads and 14 total threads with 3 sets of task threads.
LogStats: Stats thread started at 0.174654
LogD3D11RHI: Aftermath initialized
LogModuleManager: Display: Found up-to-date module file ../../../Engine/Plugins/2D/Paper2D/Binaries/Win64/UE4Editor-Paper2D.dll (API version 3709383).
LogModuleManager: Display: Found up-to-date module file ../../../Engine/Plugins/2D/Paper2D/Binaries/Win64/UE4Editor-Paper2DEditor.dll (API version 3709383).
LogModuleManager: Display: Found up-to-date module file ../../../Engine/Plugins/2D/Paper2D/Binaries/Win64/UE4Editor-PaperSpriteSheetImporter.dll (API version 3709383).
LogModuleManager: Display: Found up-to-date module file ../../../Engine/Plugins/2D/Paper2D/Binaries/Win64/UE4Editor-PaperTiledImporter.dll (API version 3709383).
LogModuleManager: Display: Found up-to-date module file ../../../Engine/Plugins/2D/Paper2D/Binaries/Win64/UE4Editor-SmartSnapping.dll (API version 3709383).
LogModuleManager: Display: Found up-to-date module file ../../../Engine/Plugins/Blendables/LightPropagationVolume/Binaries/Win64/UE4Editor-LightPropagationVolumeRuntime.dll (API version 3709383).
LogModuleManager: Display: Found up-to-date module file ../../../Engine/Plugins/Blendables/LightPropagationVolume/Binaries/Win64/UE4Editor-LightPropagationVolumeEditor.dll (API version 3709383).
LogModuleManager: Display: Found up-to-date module file ../../../Engine/Plugins/Developer/GitSourceControl/Binaries/Win64/UE4Editor-GitSourceControl.dll (API version 3709383).
LogModuleManager: Display: Found up-to-date module file ../../../Engine/Plugins/Developer/PerforceSourceControl/Binaries/Win64/UE4Editor-PerforceSourceControl.dll (API version 3709383).
LogModuleManager: Display: Found up-to-date module file ../../../Engine/Plugins/Developer/SubversionSourceControl/Binaries/Win64/UE4Editor-SubversionSourceControl.dll (API version 3709383).
LogModuleManager: Display: Found up-to-date module file ../../../Engine/Plugins/Developer/UObjectPlugin/Binaries/Win64/UE4Editor-UObjectPlugin.dll (API version 3709383).
LogModuleManager: Display: Found up-to-date module file ../../../Engine/Plugins/Developer/VisualStudioCodeSourceCodeAccess/Binaries/Win64/UE4Editor-VisualStudioCodeSourceCodeAccess.dll (API version 3709383).
LogModuleManager: Display: Found up-to-date module file ../../../Engine/Plugins/Developer/VisualStudioSourceCodeAccess/Binaries/Win64/UE4Editor-VisualStudioSourceCodeAccess.dll (API version 3709383).
LogModuleManager: Display: Found up-to-date module file ../../../Engine/Plugins/Editor/AssetManagerEditor/Binaries/Win64/UE4Editor-AssetManagerEditor.dll (API version 3709383).
LogModuleManager: Display: Found up-to-date module file ../../../Engine/Plugins/Editor/AudioCapture/Binaries/Win64/UE4Editor-AudioCapture.dll (API version 3709383).
LogModuleManager: Display: Found up-to-date module file ../../../Engine/Plugins/Editor/FacialAnimation/Binaries/Win64/UE4Editor-FacialAnimation.dll (API version 3709383).
LogModuleManager: Display: Found up-to-date module file ../../../Engine/Plugins/Editor/FacialAnimation/Binaries/Win64/UE4Editor-FacialAnimationEditor.dll (API version 3709383).
LogModuleManager: Display: Found up-to-date module file ../../../Engine/Plugins/Editor/GameplayTagsEditor/Binaries/Win64/UE4Editor-GameplayTagsEditor.dll (API version 3709383).
LogModuleManager: Display: Found up-to-date module file ../../../Engine/Plugins/Editor/MobileLauncherProfileWizard/Binaries/Win64/UE4Editor-MobileLauncherProfileWizard.dll (API version 3709383).
LogModuleManager: Display: Found up-to-date module file ../../../Engine/Plugins/Editor/PluginBrowser/Binaries/Win64/UE4Editor-PluginBrowser.dll (API version 3709383).
LogModuleManager: Display: Found up-to-date module file ../../../Engine/Plugins/Editor/SpeedTreeImporter/Binaries/Win64/UE4Editor-SpeedTreeImporter.dll (API version 3709383).
LogModuleManager: Display: Found up-to-date module file ../../../Engine/Plugins/Experimental/AlembicImporter/Binaries/Win64/UE4Editor-AlembicImporter.dll (API version 3709383).
LogModuleManager: Display: Found up-to-date module file ../../../Engine/Plugins/Experimental/AlembicImporter/Binaries/Win64/UE4Editor-AlembicLibrary.dll (API version 3709383).
LogModuleManager: Display: Found up-to-date module file ../../../Engine/Plugins/Experimental/CharacterAI/Binaries/Win64/UE4Editor-CharacterAI.dll (API version 3709383).
LogModuleManager: Display: Found up-to-date module file ../../../Engine/Plugins/Experimental/HTML5Networking/Binaries/Win64/UE4Editor-HTML5Networking.dll (API version 3709383).
LogModuleManager: Display: Found up-to-date module file ../../../Engine/Plugins/Media/AndroidMedia/Binaries/Win64/UE4Editor-AndroidMediaEditor.dll (API version 3709383).
LogModuleManager: Display: Found up-to-date module file ../../../Engine/Plugins/Media/AndroidMedia/Binaries/Win64/UE4Editor-AndroidMediaFactory.dll (API version 3709383).
LogModuleManager: Display: Found up-to-date module file ../../../Engine/Plugins/Media/AvfMedia/Binaries/Win64/UE4Editor-AvfMediaEditor.dll (API version 3709383).
LogModuleManager: Display: Found up-to-date module file ../../../Engine/Plugins/Media/AvfMedia/Binaries/Win64/UE4Editor-AvfMediaFactory.dll (API version 3709383).
LogModuleManager: Display: Found up-to-date module file ../../../Engine/Plugins/Media/AvfMedia/Binaries/Win64/UE4Editor-AvfMediaFactory.dll (API version 3709383).
LogModuleManager: Display: Found up-to-date module file ../../../Engine/Plugins/Media/ImgMedia/Binaries/Win64/UE4Editor-ImgMedia.dll (API version 3709383).
LogModuleManager: Display: Found up-to-date module file ../../../Engine/Plugins/Media/ImgMedia/Binaries/Win64/UE4Editor-ImgMediaEditor.dll (API version 3709383).
LogModuleManager: Display: Found up-to-date module file ../../../Engine/Plugins/Media/ImgMedia/Binaries/Win64/UE4Editor-ImgMediaFactory.dll (API version 3709383).
LogModuleManager: Display: Found up-to-date module file ../../../Engine/Plugins/Media/ImgMedia/Binaries/Win64/UE4Editor-ImgMediaFactory.dll (API version 3709383).
LogModuleManager: Display: Found up-to-date module file ../../../Engine/Plugins/Media/ImgMedia/Binaries/Win64/UE4Editor-OpenExrWrapper.dll (API version 3709383).
LogModuleManager: Display: Found up-to-date module file ../../../Engine/Plugins/Media/MediaCompositing/Binaries/Win64/UE4Editor-MediaCompositing.dll (API version 3709383).
LogModuleManager: Display: Found up-to-date module file ../../../Engine/Plugins/Media/MediaCompositing/Binaries/Win64/UE4Editor-MediaCompositingEditor.dll (API version 3709383).
LogModuleManager: Display: Found up-to-date module file ../../../Engine/Plugins/Media/MediaPlayerEditor/Binaries/Win64/UE4Editor-MediaPlayerEditor.dll (API version 3709383).
LogModuleManager: Display: Found up-to-date module file ../../../Engine/Plugins/Media/WmfMedia/Binaries/Win64/UE4Editor-WmfMedia.dll (API version 3709383).
LogModuleManager: Display: Found up-to-date module file ../../../Engine/Plugins/Media/WmfMedia/Binaries/Win64/UE4Editor-WmfMediaEditor.dll (API version 3709383).
LogModuleManager: Display: Found up-to-date module file ../../../Engine/Plugins/Media/WmfMedia/Binaries/Win64/UE4Editor-WmfMediaFactory.dll (API version 3709383).
LogModuleManager: Display: Found up-to-date module file ../../../Engine/Plugins/Media/WmfMedia/Binaries/Win64/UE4Editor-WmfMediaFactory.dll (API version 3709383).
LogModuleManager: Display: Found up-to-date module file ../../../Engine/Plugins/Messaging/TcpMessaging/Binaries/Win64/UE4Editor-TcpMessaging.dll (API version 3709383).
LogModuleManager: Display: Found up-to-date module file ../../../Engine/Plugins/Messaging/UdpMessaging/Binaries/Win64/UE4Editor-UdpMessaging.dll (API version 3709383).
LogModuleManager: Display: Found up-to-date module file ../../../Engine/Plugins/MovieScene/ActorSequence/Binaries/Win64/UE4Editor-ActorSequence.dll (API version 3709383).
LogModuleManager: Display: Found up-to-date module file ../../../Engine/Plugins/MovieScene/LevelSequenceEditor/Binaries/Win64/UE4Editor-LevelSequenceEditor.dll (API version 3709383).
LogModuleManager: Display: Found up-to-date module file ../../../Engine/Plugins/MovieScene/MatineeToLevelSequence/Binaries/Win64/UE4Editor-MatineeToLevelSequence.dll (API version 3709383).
LogModuleManager: Display: Found up-to-date module file ../../../Engine/Plugins/Online/OnlineSubsystem/Binaries/Win64/UE4Editor-OnlineSubsystem.dll (API version 3709383).
LogModuleManager: Display: Found up-to-date module file ../../../Engine/Plugins/Runtime/AndroidPermission/Binaries/Win64/UE4Editor-AndroidPermission.dll (API version 3709383).
LogModuleManager: Display: Found up-to-date module file ../../../Engine/Plugins/Online/OnlineSubsystemNull/Binaries/Win64/UE4Editor-OnlineSubsystemNull.dll (API version 3709383).
LogModuleManager: Display: Found up-to-date module file ../../../Engine/Plugins/Online/OnlineSubsystemUtils/Binaries/Win64/UE4Editor-OnlineSubsystemUtils.dll (API version 3709383).
LogModuleManager: Display: Found up-to-date module file ../../../Engine/Plugins/Online/OnlineSubsystemUtils/Binaries/Win64/UE4Editor-OnlineBlueprintSupport.dll (API version 3709383).
LogModuleManager: Display: Found up-to-date module file ../../../Engine/Plugins/Runtime/AndroidDeviceProfileSelector/Binaries/Win64/UE4Editor-AndroidDeviceProfileSelector.dll (API version 3709383).
LogModuleManager: Display: Found up-to-date module file ../../../Engine/Plugins/Runtime/AppleARKit/Binaries/Win64/UE4Editor-AppleARKit.dll (API version 3709383).
LogModuleManager: Display: Found up-to-date module file ../../../Engine/Plugins/Runtime/ArchVisCharacter/Binaries/Win64/UE4Editor-ArchVisCharacter.dll (API version 3709383).
LogModuleManager: Display: Found up-to-date module file ../../../Engine/Plugins/Runtime/CableComponent/Binaries/Win64/UE4Editor-CableComponent.dll (API version 3709383).
LogModuleManager: Display: Found up-to-date module file ../../../Engine/Plugins/Runtime/CustomMeshComponent/Binaries/Win64/UE4Editor-CustomMeshComponent.dll (API version 3709383).
LogModuleManager: Display: Found up-to-date module file ../../../Engine/Plugins/Runtime/ExampleDeviceProfileSelector/Binaries/Win64/UE4Editor-ExampleDeviceProfileSelector.dll (API version 3709383).
LogModuleManager: Display: Found up-to-date module file ../../../Engine/Plugins/Runtime/ImmediatePhysics/Binaries/Win64/UE4Editor-ImmediatePhysics.dll (API version 3709383).
LogModuleManager: Display: Found up-to-date module file ../../../Engine/Plugins/Runtime/ImmediatePhysics/Binaries/Win64/UE4Editor-ImmediatePhysicsEditor.dll (API version 3709383).
LogModuleManager: Display: Found up-to-date module file ../../../Engine/Plugins/Runtime/LocationServicesBPLibrary/Binaries/Win64/UE4Editor-LocationServicesBPLibrary.dll (API version 3709383).
LogModuleManager: Display: Found up-to-date module file ../../../Engine/Plugins/Runtime/MobilePatchingUtils/Binaries/Win64/UE4Editor-MobilePatchingUtils.dll (API version 3709383).
LogModuleManager: Display: Found up-to-date module file ../../../Engine/Plugins/Runtime/Oculus/OculusVR/Binaries/Win64/UE4Editor-OculusHMD.dll (API version 3709383).
LogModuleManager: Display: Found up-to-date module file ../../../Engine/Plugins/Runtime/Oculus/OculusVR/Binaries/Win64/UE4Editor-OculusInput.dll (API version 3709383).
LogModuleManager: Display: Found up-to-date module file ../../../Engine/Plugins/Runtime/Oculus/OculusVR/Binaries/Win64/UE4Editor-OculusEditor.dll (API version 3709383).
LogModuleManager: Display: Found up-to-date module file ../../../Engine/Plugins/Runtime/PhysXVehicles/Binaries/Win64/UE4Editor-PhysXVehicles.dll (API version 3709383).
LogModuleManager: Display: Found up-to-date module file ../../../Engine/Plugins/Runtime/PhysXVehicles/Binaries/Win64/UE4Editor-PhysXVehiclesEditor.dll (API version 3709383).
LogModuleManager: Display: Found up-to-date module file ../../../Engine/Plugins/Runtime/ProceduralMeshComponent/Binaries/Win64/UE4Editor-ProceduralMeshComponent.dll (API version 3709383).
LogModuleManager: Display: Found up-to-date module file ../../../Engine/Plugins/Runtime/ProceduralMeshComponent/Binaries/Win64/UE4Editor-ProceduralMeshComponentEditor.dll (API version 3709383).
LogModuleManager: Display: Found up-to-date module file ../../../Engine/Plugins/Runtime/RuntimePhysXCooking/Binaries/Win64/UE4Editor-RuntimePhysXCooking.dll (API version 3709383).
LogModuleManager: Display: Found up-to-date module file ../../../Engine/Plugins/Runtime/Steam/SteamVR/Binaries/Win64/UE4Editor-SteamVR.dll (API version 3709383).
LogModuleManager: Display: Found up-to-date module file ../../../Engine/Plugins/Runtime/Steam/SteamVR/Binaries/Win64/UE4Editor-SteamVRController.dll (API version 3709383).
LogModuleManager: Display: Found up-to-date module file ../../../Engine/Plugins/Runtime/WindowsMoviePlayer/Binaries/Win64/UE4Editor-WindowsMoviePlayer.dll (API version 3709383).
LogPluginManager: Mounting plugin Paper2D
LogPluginManager: Mounting plugin LightPropagationVolume
LogPluginManager: Mounting plugin CodeLiteSourceCodeAccess
LogPluginManager: Mounting plugin GitSourceControl
LogPluginManager: Mounting plugin KDevelopSourceCodeAccess
LogPluginManager: Mounting plugin NullSourceCodeAccess
LogPluginManager: Mounting plugin PerforceSourceControl
LogPluginManager: Mounting plugin SubversionSourceControl
LogPluginManager: Mounting plugin UObjectPlugin
LogPluginManager: Mounting plugin VisualStudioCodeSourceCodeAccess
LogPluginManager: Mounting plugin VisualStudioSourceCodeAccess
LogPluginManager: Mounting plugin XCodeSourceCodeAccess
LogPluginManager: Mounting plugin AssetManagerEditor
LogPluginManager: Mounting plugin AudioCapture
LogPluginManager: Mounting plugin FacialAnimation
LogPluginManager: Mounting plugin GameplayTagsEditor
LogPluginManager: Mounting plugin MobileLauncherProfileWizard
LogPluginManager: Mounting plugin PluginBrowser
LogPluginManager: Mounting plugin SpeedTreeImporter
LogPluginManager: Mounting plugin AlembicImporter
LogPluginManager: Mounting plugin CharacterAI
LogPluginManager: Mounting plugin HTML5Networking
LogPluginManager: Mounting plugin AndroidMedia
LogPluginManager: Mounting plugin AvfMedia
LogPluginManager: Mounting plugin ImgMedia
LogPluginManager: Mounting plugin MediaCompositing
LogPluginManager: Mounting plugin MediaPlayerEditor
LogPluginManager: Mounting plugin WmfMedia
LogPluginManager: Mounting plugin TcpMessaging
LogPluginManager: Mounting plugin UdpMessaging
LogPluginManager: Mounting plugin ActorSequence
LogPluginManager: Mounting plugin LevelSequenceEditor
LogPluginManager: Mounting plugin MatineeToLevelSequence
LogPluginManager: Mounting plugin OnlineSubsystemGooglePlay
LogPluginManager: Mounting plugin OnlineSubsystemIOS
LogPluginManager: Mounting plugin OnlineSubsystem
LogPluginManager: Mounting plugin OnlineSubsystemNull
LogPluginManager: Mounting plugin OnlineSubsystemUtils
LogPluginManager: Mounting plugin AndroidDeviceProfileSelector
LogPluginManager: Mounting plugin AndroidMoviePlayer
LogPluginManager: Mounting plugin AndroidPermission
LogPluginManager: Mounting plugin AppleARKit
LogPluginManager: Mounting plugin AppleMoviePlayer
LogPluginManager: Mounting plugin ArchVisCharacter
LogPluginManager: Mounting plugin CableComponent
LogPluginManager: Mounting plugin CustomMeshComponent
LogPluginManager: Mounting plugin ExampleDeviceProfileSelector
LogPluginManager: Mounting plugin GoogleCloudMessaging
LogPluginManager: Mounting plugin ImmediatePhysics
LogPluginManager: Mounting plugin IOSDeviceProfileSelector
LogPluginManager: Mounting plugin LinuxDeviceProfileSelector
LogPluginManager: Mounting plugin LocationServicesBPLibrary
LogPluginManager: Mounting plugin MobilePatchingUtils
LogPluginManager: Mounting plugin OculusVR
LogPluginManager: Plugin shader directory ../../../Engine/Plugins/Runtime/Oculus/OculusVR/Shaders found
LogPluginManager: Mapping shader source directory ../../../Engine/Plugins/Runtime/Oculus/OculusVR/Shaders to virtual directory /Plugin/OculusVR
LogPluginManager: Mounting plugin PhysXVehicles
LogPluginManager: Mounting plugin ProceduralMeshComponent
LogPluginManager: Mounting plugin RuntimePhysXCooking
LogPluginManager: Mounting plugin SteamVR
LogPluginManager: Mounting plugin WindowsMoviePlayer
LogInit: Using libcurl 7.47.1
LogInit:  - built for x86_64-pc-win32
LogInit:  - supports SSL with OpenSSL/1.0.2g
LogInit:  - supports HTTP deflate (compression) using libz 1.2.8
LogInit:  - other features:
LogInit:      CURL_VERSION_SSL
LogInit:      CURL_VERSION_LIBZ
LogInit:      CURL_VERSION_IPV6
LogInit:      CURL_VERSION_ASYNCHDNS
LogInit:      CURL_VERSION_LARGEFILE
LogInit:      CURL_VERSION_IDN
LogInit:  CurlRequestOptions (configurable via config and command line):
LogInit:  - bVerifyPeer = false  - Libcurl will NOT verify peer certificate
LogInit:  - bUseHttpProxy = false  - Libcurl will NOT use HTTP proxy
LogInit:  - bDontReuseConnections = false  - Libcurl will reuse connections
LogInit:  - CertBundlePath = nullptr  - Libcurl will use whatever was configured at build time.
LogInit: Build: ++UE4+Release-4.18-CL-3832480
LogInit: Engine Version: 4.18.3-3832480+++UE4+Release-4.18
LogInit: Compatible Engine Version: 4.18.0-3709383+++UE4+Release-4.18
LogInit: Net CL: 3709383
LogDevObjectVersion: Number of dev versions registered: 16
LogDevObjectVersion:   Dev-Blueprints (B0D832E4-1F89-4F0D-ACCF-7EB736FD4AA2): 10
LogDevObjectVersion:   Dev-Build (E1C64328-A22C-4D53-A36C-8E866417BD8C): 0
LogDevObjectVersion:   Dev-Core (375EC13C-06E4-48FB-B500-84F0262A717E): 2
LogDevObjectVersion:   Dev-Editor (E4B068ED-F494-42E9-A231-DA0B2E46BB41): 20
LogDevObjectVersion:   Dev-Framework (CFFC743F-43B0-4480-9391-14DF171D2073): 30
LogDevObjectVersion:   Dev-Mobile (B02B49B5-BB20-44E9-A304-32B752E40360): 0
LogDevObjectVersion:   Dev-Networking (A4E4105C-59A1-49B5-A7C5-40C4547EDFEE): 0
LogDevObjectVersion:   Dev-Online (39C831C9-5AE6-47DC-9A44-9C173E1C8E7C): 0
LogDevObjectVersion:   Dev-Physics (78F01B33-EBEA-4F98-B9B4-84EACCB95AA2): 0
LogDevObjectVersion:   Dev-Platform (6631380F-2D4D-43E0-8009-CF276956A95A): 0
LogDevObjectVersion:   Dev-Rendering (12F88B9F-8875-4AFC-A67C-D90C383ABD29): 20
LogDevObjectVersion:   Dev-Sequencer (7B5AE74C-D270-4C10-A958-57980B212A5A): 4
LogDevObjectVersion:   Dev-VR (D7296918-1DD6-4BDD-9DE2-64A83CC13884): 0
LogDevObjectVersion:   Dev-LoadTimes (C2A15278-BFE7-4AFE-6C17-90FF531DF755): 1
LogDevObjectVersion:   Private-Geometry (6EACA3D4-40EC-4CC1-B786-8BED09428FC5): 1
LogDevObjectVersion:   Dev-AnimPhys (29E575DD-E0A3-4627-9D10-D276232CDCEA): 12
LogInit: Compiled (64-bit): Jan 12 2018 02:04:55
LogInit: Compiled with Visual C++: 19.00.24215.01
LogInit: Build Configuration: Development
LogInit: Branch Name: ++UE4+Release-4.18
LogInit: Command line: 
LogInit: Base directory: C:/Program Files/Epic Games/UE_4.18/Engine/Binaries/Win64/
LogInit: Installed Engine Build: 1
LogInit: Presizing for max 8388607 objects, including 0 objects not considered by GC, pre-allocating 0 bytes for permanent pool.
LogInit: Object subsystem initialized
[2018.02.27-01.26.37:717][  0]LogInit: Selected Device Profile: [Windows]
[2018.02.27-01.26.37:717][  0]LogInit: Applying CVar settings loaded from the selected device profile: [Windows]
[2018.02.27-01.26.37:740][  0]LogInit: Computer: DESKTOP-2QNA1SC
[2018.02.27-01.26.37:740][  0]LogInit: User: darkm
[2018.02.27-01.26.37:740][  0]LogInit: CPU Page size=4096, Cores=4
[2018.02.27-01.26.37:740][  0]LogInit: High frequency timer resolution =1.945316 MHz
[2018.02.27-01.26.37:741][  0]LogMemory: Memory total: Physical=15.9GB (16GB approx)
[2018.02.27-01.26.37:741][  0]LogMemory: Platform Memory Stats for Windows
[2018.02.27-01.26.37:741][  0]LogMemory: Process Physical Memory: 272.70 MB used, 272.70 MB peak
[2018.02.27-01.26.37:741][  0]LogMemory: Process Virtual Memory: 269.77 MB used, 269.77 MB peak
[2018.02.27-01.26.37:741][  0]LogMemory: Physical Memory: 4954.02 MB used,  11345.58 MB free, 16299.60 MB total
[2018.02.27-01.26.37:741][  0]LogMemory: Virtual Memory: 682.20 MB used,  11345.58 MB free, 134217728.00 MB total
[2018.02.27-01.26.37:867][  0]LogInit: Using OS detected language (en-US).
[2018.02.27-01.26.37:867][  0]LogInit: Using OS detected locale (en-US).
[2018.02.27-01.26.37:869][  0]LogTextLocalizationManager: No specific localization for 'en-US' exists, so the 'en' localization will be used.
[2018.02.27-01.26.38:247][  0]LogInit: Setting process to per monitor DPI aware
[2018.02.27-01.26.39:938][  0]LogD3D11RHI: D3D11 adapters:
[2018.02.27-01.26.41:259][  0]LogD3D11RHI:    0. 'Radeon 500 Series' (Feature Level 11_0)
[2018.02.27-01.26.41:259][  0]LogD3D11RHI:       1995/0/8149 MB DedicatedVideo/DedicatedSystem/SharedSystem, Outputs:1, VendorId:0x1002
[2018.02.27-01.26.41:269][  0]LogD3D11RHI:    1. 'Intel(R) UHD Graphics 620' (Feature Level 11_0)
[2018.02.27-01.26.41:269][  0]LogD3D11RHI:       128/0/8149 MB DedicatedVideo/DedicatedSystem/SharedSystem, Outputs:0, VendorId:0x8086
[2018.02.27-01.26.41:271][  0]LogD3D11RHI:    2. 'Microsoft Basic Render Driver' (Feature Level 11_0)
[2018.02.27-01.26.41:271][  0]LogD3D11RHI:       0/0/8149 MB DedicatedVideo/DedicatedSystem/SharedSystem, Outputs:0, VendorId:0x1414
[2018.02.27-01.26.41:271][  0]LogD3D11RHI: Chosen D3D11 Adapter: 0
[2018.02.27-01.26.41:276][  0]LogD3D11RHI: Creating new Direct3DDevice
[2018.02.27-01.26.41:278][  0]LogD3D11RHI:     GPU DeviceId: 0x699f (for the marketing name, search the web for "GPU Device Id")
[2018.02.27-01.26.41:278][  0]LogWindows: EnumDisplayDevices:
[2018.02.27-01.26.41:278][  0]LogWindows:    0. 'Intel(R) UHD Graphics 620' (P:1 D:1)
[2018.02.27-01.26.41:278][  0]LogWindows:    1. 'Intel(R) UHD Graphics 620' (P:0 D:0)
[2018.02.27-01.26.41:279][  0]LogWindows:    2. 'Intel(R) UHD Graphics 620' (P:0 D:0)
[2018.02.27-01.26.41:279][  0]LogWindows:    3. 'Radeon 500 Series' (P:0 D:0)
[2018.02.27-01.26.41:281][  0]LogWindows:    4. 'Radeon 500 Series' (P:0 D:0)
[2018.02.27-01.26.41:281][  0]LogWindows:    5. 'Radeon 500 Series' (P:0 D:0)
[2018.02.27-01.26.41:282][  0]LogWindows:    6. 'Radeon 500 Series' (P:0 D:0)
[2018.02.27-01.26.41:282][  0]LogWindows:    7. 'Radeon 500 Series' (P:0 D:0)
[2018.02.27-01.26.41:282][  0]LogWindows:    8. 'Radeon 500 Series' (P:0 D:0)
[2018.02.27-01.26.41:283][  0]LogWindows:    9. 'Radeon 500 Series' (P:0 D:0)
[2018.02.27-01.26.41:283][  0]LogWindows:    10. 'Radeon 500 Series' (P:0 D:0)
[2018.02.27-01.26.41:284][  0]LogWindows:    11. 'Radeon 500 Series' (P:0 D:0)
[2018.02.27-01.26.41:284][  0]LogWindows:    12. 'Radeon 500 Series' (P:0 D:0)
[2018.02.27-01.26.41:284][  0]LogWindows:    13. 'Radeon 500 Series' (P:0 D:0)
[2018.02.27-01.26.41:284][  0]LogWindows:    14. 'Radeon 500 Series' (P:0 D:0)
[2018.02.27-01.26.41:285][  0]LogWindows:    15. 'Radeon 500 Series' (P:0 D:0)
[2018.02.27-01.26.41:285][  0]LogWindows:    16. 'Radeon 500 Series' (P:0 D:0)
[2018.02.27-01.26.41:285][  0]LogWindows:    17. 'Radeon 500 Series' (P:0 D:0)
[2018.02.27-01.26.41:285][  0]LogWindows:    18. 'Radeon 500 Series' (P:0 D:0)
[2018.02.27-01.26.41:285][  0]LogWindows: DebugString: GetVideoDriverDetailsInvalid PrimaryIsNotTheChoosenAdapter GetVideoDriverDetailsInvalid PrimaryIsNotTheChoosenAdapter GetVideoDriverDetailsInvalid PrimaryIsNotTheChoosenAdapter GetVideoDriverDetailsInvalid PrimaryIsNotTheChoosenAdapter GetVideoDriverDetailsInvalid PrimaryIsNotTheChoosenAdapter GetVideoDriverDetailsInvalid PrimaryIsNotTheChoosenAdapter GetVideoDriverDetailsInvalid PrimaryIsNotTheChoosenAdapter GetVideoDriverDetailsInvalid PrimaryIsNotTheChoosenAdapter GetVideoDriverDetailsInvalid PrimaryIsNotTheChoosenAdapter GetVideoDriverDetailsInvalid PrimaryIsNotTheChoosenAdapter GetVideoDriverDetailsInvalid PrimaryIsNotTheChoosenAdapter GetVideoDriverDetailsInvalid PrimaryIsNotTheChoosenAdapter GetVideoDriverDetailsInvalid PrimaryIsNotTheChoosenAdapter GetVideoDriverDetailsInvalid PrimaryIsNotTheChoosenAdapter GetVideoDriverDetailsInvalid PrimaryIsNotTheChoosenAdapter GetVideoDriverDetailsInvalid PrimaryIsNotTheChoosenAdapter GetVideoDriverDetailsInvalid PrimaryIsNotTheChoosenAdapter GetVideoDriverDetailsInvalid PrimaryIsNotTheChoosenAdapter GetVideoDriverDetailsInvalid PrimaryIsNotTheChoosenAdapter FoundDriverCount:0 
[2018.02.27-01.26.41:285][  0]LogD3D11RHI:     Adapter Name: Radeon 500 Series
[2018.02.27-01.26.41:285][  0]LogD3D11RHI:   Driver Version: Unknown (internal:Unknown, unified:Unknown)
[2018.02.27-01.26.41:285][  0]LogD3D11RHI:      Driver Date: Unknown
[2018.02.27-01.26.41:285][  0]LogRHI: Texture pool is 1396 MB (70% of 1995 MB)
[2018.02.27-01.26.41:366][  0]LogD3D11RHI: Async texture creation enabled
[2018.02.27-01.26.41:379][  0]LogD3D11RHI: GPU Timing Frequency: 25.000000 (Debug: 2 1)
[2018.02.27-01.26.41:380][  0]LogShaderCompilers: Guid format shader working directory is -21 characters bigger than the processId version (../../../../../../Users/darkm/Documents/GitHub/SushiShop/SushiShop/Intermediate/Shaders/WorkingDirectory/12264/).
[2018.02.27-01.26.41:380][  0]LogShaderCompilers: Cleaned the shader compiler working directory 'C:/Users/darkm/AppData/Local/Temp/UnrealShaderWorkingDir/90FE05E14C216FC1AEA593A272D2B83C/'.
[2018.02.27-01.26.41:380][  0]LogShaderCompilers: Display: Using Local Shader Compiler.
[2018.02.27-01.26.42:836][  0]LogTemp: Display: Loaded TP AllDesktopTargetPlatform
[2018.02.27-01.26.42:882][  0]LogTemp: Display: Loaded TP MacClientTargetPlatform
[2018.02.27-01.26.42:928][  0]LogTemp: Display: Loaded TP MacNoEditorTargetPlatform
[2018.02.27-01.26.42:973][  0]LogTemp: Display: Loaded TP MacServerTargetPlatform
[2018.02.27-01.26.43:025][  0]LogTemp: Display: Loaded TP MacTargetPlatform
[2018.02.27-01.26.43:069][  0]LogTemp: Display: Loaded TP WindowsClientTargetPlatform
[2018.02.27-01.26.43:114][  0]LogTemp: Display: Loaded TP WindowsNoEditorTargetPlatform
[2018.02.27-01.26.43:160][  0]LogTemp: Display: Loaded TP WindowsServerTargetPlatform
[2018.02.27-01.26.43:200][  0]LogTemp: Display: Loaded TP WindowsTargetPlatform
[2018.02.27-01.26.43:246][  0]LogTemp: Display: Loaded TP Android_ASTCTargetPlatform
[2018.02.27-01.26.43:289][  0]LogTemp: Display: Loaded TP Android_ATCTargetPlatform
[2018.02.27-01.26.43:333][  0]LogTemp: Display: Loaded TP Android_DXTTargetPlatform
[2018.02.27-01.26.43:386][  0]LogTemp: Display: Loaded TP Android_ETC1TargetPlatform
[2018.02.27-01.26.43:432][  0]LogTemp: Display: Loaded TP Android_ETC2TargetPlatform
[2018.02.27-01.26.43:531][  0]LogTemp: Display: Loaded TP Android_MultiTargetPlatform
[2018.02.27-01.26.43:532][  0]LogTemp: Display: Loaded TP Android_PVRTCTargetPlatform
[2018.02.27-01.26.43:578][  0]LogTemp: Display: Loaded TP AndroidTargetPlatform
[2018.02.27-01.26.43:614][  0]LogTemp: Display: Loaded TP HTML5TargetPlatform
[2018.02.27-01.26.43:698][  0]LogTemp: Display: Loaded TP IOSTargetPlatform
[2018.02.27-01.26.43:722][  0]LogTemp: Display: Loaded TP TVOSTargetPlatform
[2018.02.27-01.26.43:766][  0]LogTemp: Display: Loaded TP LinuxClientTargetPlatform
[2018.02.27-01.26.43:817][  0]LogTemp: Display: Loaded TP LinuxNoEditorTargetPlatform
[2018.02.27-01.26.43:869][  0]LogTemp: Display: Loaded TP LinuxServerTargetPlatform
[2018.02.27-01.26.43:921][  0]LogTemp: Display: Loaded TP LinuxTargetPlatform
[2018.02.27-01.26.43:921][  0]LogTargetPlatformManager: Display: Building Assets For Windows
[2018.02.27-01.26.44:380][  0]LogDerivedDataCache: Display: Max Cache Size: 512 MB
[2018.02.27-01.26.44:450][  0]LogDerivedDataCache: Loaded boot cache 0.07s 83MB C:/Users/darkm/AppData/Local/UnrealEngine/4.18/DerivedDataCache/Boot.ddc.
[2018.02.27-01.26.44:450][  0]LogDerivedDataCache: Display: Loaded Boot cache: C:/Users/darkm/AppData/Local/UnrealEngine/4.18/DerivedDataCache/Boot.ddc
[2018.02.27-01.26.44:450][  0]LogDerivedDataCache: FDerivedDataBackendGraph:  Pak pak cache file ../../../../../../Users/darkm/Documents/GitHub/SushiShop/SushiShop/DerivedDataCache/DDC.ddp not found, will not use a pak cache.
[2018.02.27-01.26.44:450][  0]LogDerivedDataCache: Unable to find inner node Pak for hierarchical cache Hierarchy.
[2018.02.27-01.26.44:450][  0]LogDerivedDataCache: FDerivedDataBackendGraph:  CompressedPak pak cache file ../../../../../../Users/darkm/Documents/GitHub/SushiShop/SushiShop/DerivedDataCache/Compressed.ddp not found, will not use a pak cache.
[2018.02.27-01.26.44:450][  0]LogDerivedDataCache: Unable to find inner node CompressedPak for hierarchical cache Hierarchy.
[2018.02.27-01.26.44:471][  0]LogDerivedDataCache: Display: Pak cache opened for reading ../../../Engine/DerivedDataCache/Compressed.ddp.
[2018.02.27-01.26.44:484][  0]LogDerivedDataCache: Using Local data cache path C:/Users/darkm/AppData/Local/UnrealEngine/Common/DerivedDataCache: Writable
[2018.02.27-01.26.44:494][  0]LogMaterial: Verifying Global Shaders for PCD3D_SM5
[2018.02.27-01.26.44:495][  0]LogSlate: Using Freetype 2.6.0
[2018.02.27-01.26.44:495][  0]LogSlate: SlateFontCache - WITH_FREETYPE: 1, WITH_HARFBUZZ: 1
[2018.02.27-01.26.44:495][  0]LogSlate: SlateFontCache - WITH_FREETYPE: 1, WITH_HARFBUZZ: 1
[2018.02.27-01.26.44:877][  0]LogInit: Selected Device Profile: [Windows]
[2018.02.27-01.26.45:301][  0]LogSimplygon: Simplygon DLL not present - disabling.
[2018.02.27-01.26.45:343][  0]LogMeshReduction: Using SimplygonSwarm for distributed automatic mesh merging
[2018.02.27-01.26.45:344][  0]LogMeshReduction: Using QuadricMeshReduction for automatic static mesh reduction
[2018.02.27-01.26.45:344][  0]LogMeshReduction: No automatic skeletal mesh reduction module available
[2018.02.27-01.26.45:344][  0]LogMeshReduction: No automatic mesh merging module available
[2018.02.27-01.26.45:344][  0]LogMeshMerging: No automatic mesh merging module available
[2018.02.27-01.26.45:387][  0]LogNetVersion: SushiShop , NetCL: 3709383, EngineNetVer: 2, GameNetVer: 0 (Checksum: 2343829258)
[2018.02.27-01.26.45:711][  0]LogAssetRegistry: FAssetRegistry took 0.0262 seconds to start up
[2018.02.27-01.26.46:655][  0]LogPackageLocalizationCache: Processed 7 localized package path(s) for 2 prioritized culture(s) in 0.114120 seconds
[2018.02.27-01.26.46:670][  0]LogUObjectArray: 35870 objects as part of root set at end of initial load.
[2018.02.27-01.26.46:670][  0]LogUObjectAllocator: 7363696 out of 0 bytes used by permanent object pool.
[2018.02.27-01.26.46:670][  0]LogUObjectArray: CloseDisregardForGC: 0/0 objects in disregard for GC pool
[2018.02.27-01.26.46:753][  0]LogInit: WinSock: version 1.1 (2.2), MaxSocks=32767, MaxUdp=65467
[2018.02.27-01.26.51:250][  0]LogTcpMessaging: Initializing TcpMessaging bridge
[2018.02.27-01.26.51:294][  0]LogUdpMessaging: Initializing bridge on interface 0.0.0.0:0 to multicast group 230.0.0.1:6666.
[2018.02.27-01.26.52:248][  0]LogMaterial: Missing cached shader map for material BaseColor, compiling. 
[2018.02.27-01.26.52:249][  0]LogMaterial: Warning: C:\Program Files\Epic Games\UE_4.18\Engine\Content\BufferVisualization\BaseColor.uasset: Failed to compile Material for platform PCD3D_SM5, Default Material will be used in game.
[2018.02.27-01.26.52:249][  0]LogMaterial: 	(Node SceneTexture) GBuffer scene textures not available with forward shading.
[2018.02.27-01.26.52:307][  0]LogMaterial: Uniform references updated for custom material expression Custom.
[2018.02.27-01.26.52:327][  0]LogMaterial: Missing cached shader map for material LightingModel, compiling. 
[2018.02.27-01.26.52:327][  0]LogMaterial: Warning: C:\Program Files\Epic Games\UE_4.18\Engine\Content\BufferVisualization\LightingModel.uasset: Failed to compile Material for platform PCD3D_SM5, Default Material will be used in game.
[2018.02.27-01.26.52:327][  0]LogMaterial: 	(Node SceneTexture) GBuffer scene textures not available with forward shading.
[2018.02.27-01.26.52:334][  0]LogMaterial: Missing cached shader map for material MaterialAO, compiling. 
[2018.02.27-01.26.52:334][  0]LogMaterial: Warning: C:\Program Files\Epic Games\UE_4.18\Engine\Content\BufferVisualization\MaterialAO.uasset: Failed to compile Material for platform PCD3D_SM5, Default Material will be used in game.
[2018.02.27-01.26.52:334][  0]LogMaterial: 	(Node SceneTexture) GBuffer scene textures not available with forward shading.
[2018.02.27-01.26.52:341][  0]LogMaterial: Missing cached shader map for material Metallic, compiling. 
[2018.02.27-01.26.52:341][  0]LogMaterial: Warning: C:\Program Files\Epic Games\UE_4.18\Engine\Content\BufferVisualization\Metallic.uasset: Failed to compile Material for platform PCD3D_SM5, Default Material will be used in game.
[2018.02.27-01.26.52:341][  0]LogMaterial: 	(Node SceneTexture) GBuffer scene textures not available with forward shading.
[2018.02.27-01.26.52:348][  0]LogMaterial: Missing cached shader map for material Opacity, compiling. 
[2018.02.27-01.26.52:349][  0]LogMaterial: Warning: C:\Program Files\Epic Games\UE_4.18\Engine\Content\BufferVisualization\Opacity.uasset: Failed to compile Material for platform PCD3D_SM5, Default Material will be used in game.
[2018.02.27-01.26.52:349][  0]LogMaterial: 	(Node SceneTexture) GBuffer scene textures not available with forward shading.
[2018.02.27-01.26.52:355][  0]LogMaterial: Missing cached shader map for material Roughness, compiling. 
[2018.02.27-01.26.52:356][  0]LogMaterial: Warning: C:\Program Files\Epic Games\UE_4.18\Engine\Content\BufferVisualization\Roughness.uasset: Failed to compile Material for platform PCD3D_SM5, Default Material will be used in game.
[2018.02.27-01.26.52:356][  0]LogMaterial: 	(Node SceneTexture) GBuffer scene textures not available with forward shading.
[2018.02.27-01.26.52:393][  0]LogMaterial: Missing cached shader map for material Specular, compiling. 
[2018.02.27-01.26.52:393][  0]LogMaterial: Warning: C:\Program Files\Epic Games\UE_4.18\Engine\Content\BufferVisualization\Specular.uasset: Failed to compile Material for platform PCD3D_SM5, Default Material will be used in game.
[2018.02.27-01.26.52:393][  0]LogMaterial: 	(Node SceneTexture) GBuffer scene textures not available with forward shading.
[2018.02.27-01.26.52:400][  0]LogMaterial: Missing cached shader map for material SubsurfaceColor, compiling. 
[2018.02.27-01.26.52:401][  0]LogMaterial: Warning: C:\Program Files\Epic Games\UE_4.18\Engine\Content\BufferVisualization\SubsurfaceColor.uasset: Failed to compile Material for platform PCD3D_SM5, Default Material will be used in game.
[2018.02.27-01.26.52:401][  0]LogMaterial: 	(Node SceneTexture) GBuffer scene textures not available with forward shading.
[2018.02.27-01.26.52:408][  0]LogMaterial: Missing cached shader map for material WorldNormal, compiling. 
[2018.02.27-01.26.52:409][  0]LogMaterial: Warning: C:\Program Files\Epic Games\UE_4.18\Engine\Content\BufferVisualization\WorldNormal.uasset: Failed to compile Material for platform PCD3D_SM5, Default Material will be used in game.
[2018.02.27-01.26.52:409][  0]LogMaterial: 	(Node SceneTexture) GBuffer scene textures not available with forward shading.
[2018.02.27-01.26.52:843][  0]SourceControl: Source control is disabled
[2018.02.27-01.26.52:843][  0]SourceControl: Source control is disabled
[2018.02.27-01.26.52:897][  0]SourceControl: Source control is disabled
[2018.02.27-01.26.52:949][  0]SourceControl: Source control is disabled
[2018.02.27-01.26.53:779][  0]LogAndroidPermission: UAndroidPermissionCallbackProxy::GetInstance
[2018.02.27-01.26.54:030][  0]LogOcInput: OculusInput pre-init called
[2018.02.27-01.26.54:321][  0]LogEngine: Initializing Engine...
[2018.02.27-01.26.54:323][  0]LogHMD: Failed to initialize OpenVR with code 110
[2018.02.27-01.26.54:670][  0]LogStats: UGameplayTagsManager::ConstructGameplayTagTree: Construct from data asset -  0.000 s
[2018.02.27-01.26.54:670][  0]LogStats: UGameplayTagsManager::ConstructGameplayTagTree: GameplayTagTreeChangedEvent.Broadcast -  0.000 s
[2018.02.27-01.26.54:816][  0]LogAIModule: Creating AISystem for world Untitled
[2018.02.27-01.26.54:824][  0]LogInit: XAudio2 using 'Speakers (Realtek High Definition Audio(SST))' : 2 channels at 48 kHz using 32 bits per sample (channel mask 0x3)
[2018.02.27-01.26.55:609][  0]LogInit: FAudioDevice initialized.
[2018.02.27-01.26.55:704][  0]LogDerivedDataCache: Saved boot cache 0.09s 83MB C:/Users/darkm/AppData/Local/UnrealEngine/4.18/DerivedDataCache/Boot.ddc.
[2018.02.27-01.26.55:711][  0]LogInit: Texture streaming: Enabled
[2018.02.27-01.26.55:807][  0]LogEngineSessionManager: EngineSessionManager initialized
[2018.02.27-01.26.55:807][  0]LogEngineSessionManager: EngineSessionManager sent abnormal shutdown report. Type=Crashed, SessionId={08CA2867-4B45-9151-774D-6992D171C8C1}
[2018.02.27-01.26.55:931][  0]LogInit: Transaction tracking system initialized
[2018.02.27-01.26.56:232][  0]BlueprintLog: New page: Editor Load
[2018.02.27-01.26.57:077][  0]LocalizationService: Localization service is disabled
[2018.02.27-01.26.57:853][  0]LogConsoleResponse: Display: 
[2018.02.27-01.26.58:312][  0]LogCook: Display: Max memory allowance for cook 16384mb min free memory 0mb
[2018.02.27-01.26.58:312][  0]LogCook: Display: Mobile HDR setting 1
[2018.02.27-01.26.58:312][  0]LogGameplayTags: Display: UGameplayTagsManager::DoneAddingNativeTags. DelegateIsBound: 0
[2018.02.27-01.26.59:607][  0]LogFileCache: Scanning file cache for directory 'C:/Users/darkm/Documents/GitHub/SushiShop/SushiShop/Content/' took 0.02s
[2018.02.27-01.26.59:658][  0]SourceControl: Source control is disabled
[2018.02.27-01.26.59:658][  0]Cmd: MAP LOAD FILE="../../../../../../Users/darkm/Documents/GitHub/SushiShop/SushiShop/Content/VirtualRealityBP/Maps/StartupMap.umap" TEMPLATE=0 SHOWPROGRESS=1 FEATURELEVEL=3
[2018.02.27-01.26.59:662][  0]LightingResults: New page: Lighting Build
[2018.02.27-01.26.59:705][  0]MapCheck: New page: Map Check
[2018.02.27-01.26.59:705][  0]LightingResults: New page: Lighting Build
[2018.02.27-01.26.59:939][  0]LogAIModule: Creating AISystem for world StartupMap
[2018.02.27-01.26.59:950][  0]LogEditorServer: Finished looking for orphan Actors (0.000 secs)
[2018.02.27-01.26.59:963][  0]Cmd: MAP CHECKDEP NOCLEARLOG
[2018.02.27-01.27.00:019][  0]MapCheck: Map check complete: 0 Error(s), 0 Warning(s), took 56.866ms to complete.
[2018.02.27-01.27.00:019][  0]LogFileHelpers: Loading map 'StartupMap' took 0.361
[2018.02.27-01.27.00:292][  0]LogCollectionManager: Loaded 0 collections in 0.001613 seconds
[2018.02.27-01.27.00:386][  0]LogFileCache: Scanning file cache for directory 'C:/Users/darkm/Documents/GitHub/SushiShop/SushiShop/Saved/Collections/' took 0.01s
[2018.02.27-01.27.00:386][  0]LogFileCache: Scanning file cache for directory 'C:/Users/darkm/Documents/GitHub/SushiShop/SushiShop/Content/Developers/darkm/Collections/' took 0.01s
[2018.02.27-01.27.00:386][  0]LogFileCache: Scanning file cache for directory 'C:/Users/darkm/Documents/GitHub/SushiShop/SushiShop/Content/Collections/' took 0.01s
[2018.02.27-01.27.00:387][  0]LogCollectionManager: Rebuilt the GUID cache for 0 collections in 0.000000 seconds
[2018.02.27-01.27.00:395][  0]LogContentBrowser: Native class hierarchy populated in 0.0087 seconds. Added 2364 classes and 521 folders.
[2018.02.27-01.27.00:481][  0]LogContentBrowser: Native class hierarchy updated for 'WidgetCarousel' in 0.0004 seconds. Added 0 classes and 0 folders.
[2018.02.27-01.27.00:832][  0]LogContentBrowser: Native class hierarchy updated for 'AddContentDialog' in 0.0002 seconds. Added 0 classes and 0 folders.
[2018.02.27-01.27.00:849][  0]LogSlate: Took 0.000160 seconds to synchronously load lazily loaded font '../../../Engine/Content/Slate/Fonts/Roboto-Regular.ttf' (155K)
[2018.02.27-01.27.00:853][  0]LogSlate: Took 0.000218 seconds to synchronously load lazily loaded font '../../../Engine/Content/Slate/Fonts/Roboto-Bold.ttf' (160K)
[2018.02.27-01.27.00:859][  0]LogSlate: Took 0.003881 seconds to synchronously load lazily loaded font '../../../Engine/Content/Editor/Slate/Fonts/FontAwesome.ttf' (139K)
[2018.02.27-01.27.00:988][  0]LogRenderer: Reallocating scene render targets to support 884x392 Format 26 NumSamples 1 (Frame:1).
[2018.02.27-01.27.01:364][  0]LogContentBrowser: Native class hierarchy updated for 'HierarchicalLODOutliner' in 0.0002 seconds. Added 1 classes and 2 folders.
[2018.02.27-01.27.01:364][  0]LogLoad: (Engine Initialization) Total time: 26.29 seconds
[2018.02.27-01.27.01:364][  0]LogLoad: (Engine Initialization) Total Blueprint compile time: 0.00 seconds
[2018.02.27-01.27.01:364][  0]LogExternalProfiler: No external profilers were discovered.  External profiling features will not be available.
[2018.02.27-01.27.01:719][  0]LogAssetRegistry: Asset discovery search completed in 16.0302 seconds
[2018.02.27-01.27.01:721][  0]LogCollectionManager: Rebuilt the object cache for 0 collections in 0.000001 seconds (found 0 objects)
[2018.02.27-01.27.01:722][  0]LogCollectionManager: Fixed up redirectors for 0 collections in 0.000066 seconds (updated 0 objects)
[2018.02.27-01.27.01:725][  0]LogContentStreaming: Texture pool size now 1000 MB
[2018.02.27-01.27.01:772][  0]LogSlate: Took 0.002824 seconds to synchronously load lazily loaded font '../../../Engine/Content/Slate/Fonts/Roboto-Light.ttf' (159K)
[2018.02.27-01.27.02:713][  3]LogSlate: Took 0.000157 seconds to synchronously load lazily loaded font '../../../Engine/Content/Slate/Fonts/Roboto-Light.ttf' (159K)
[2018.02.27-01.28.26:853][666]LogSlate: Took 0.000133 seconds to synchronously load lazily loaded font '../../../Engine/Content/Slate/Fonts/Roboto-Light.ttf' (159K)
[2018.02.27-01.28.27:228][666]LogContentBrowser: Native class hierarchy updated for 'BlueprintGraph' in 0.0005 seconds. Added 116 classes and 0 folders.
[2018.02.27-01.28.27:869][666]LogSlate: Took 0.002870 seconds to synchronously load lazily loaded font '../../../Engine/Content/Editor/Slate/Fonts/Roboto-BoldCondensed.ttf' (158K)
[2018.02.27-01.37.01:605][244]LogFileHelpers: Editor autosave (incl. sublevels) for '/Game/VirtualRealityBP/Maps/StartupMap' took 0.019
[2018.02.27-01.37.01:608][244]OBJ SavePackage: Generating thumbnails for [0] asset(s) in package [/Game/SushiShop/BluePrints/Display_Order] ([1] browsable assets)...
[2018.02.27-01.37.01:608][244]OBJ SavePackage: Finished generating thumbnails for package [/Game/SushiShop/BluePrints/Display_Order]
[2018.02.27-01.37.01:700][244]LogSavePackage: Save=37.96ms
[2018.02.27-01.37.01:700][244]LogSavePackage: Moving '../../../../../../Users/darkm/Documents/GitHub/SushiShop/SushiShop/Saved/Display_Order_Auto1BAFF573E4F70E540A77596B30D3E57D8.tmp' to '../../../../../../Users/darkm/Documents/GitHub/SushiShop/SushiShop/Saved/Autosaves/Game/SushiShop/BluePrints/Display_Order_Auto1.uasset'
[2018.02.27-01.37.01:703][244]LogSavePackage: Display: Finished SavePackage ../../../../../../Users/darkm/Documents/GitHub/SushiShop/SushiShop/Saved/Autosaves/Game/SushiShop/BluePrints/Display_Order_Auto1.uasset
[2018.02.27-01.37.01:703][244]LogFileHelpers: Auto-saving content packages took 0.097
[2018.02.27-01.51.57:748][434]LogSavePackage: Save=38.24ms
[2018.02.27-01.51.57:748][434]LogSavePackage: Moving '../../../../../../Users/darkm/Documents/GitHub/SushiShop/SushiShop/Saved/Display_Order1F9CE49848E54501A9B237ABF933BFE8.tmp' to '../../../../../../Users/darkm/Documents/GitHub/SushiShop/SushiShop/Content/SushiShop/BluePrints/Display_Order.uasset'
[2018.02.27-01.51.57:754][434]LogSavePackage: Display: Finished SavePackage ../../../../../../Users/darkm/Documents/GitHub/SushiShop/SushiShop/Content/SushiShop/BluePrints/Display_Order.uasset
[2018.02.27-01.52.09:509][905]LogAIModule: Creating AISystem for world Shop_Main
[2018.02.27-01.52.09:550][905]LogSlate: Took 0.000195 seconds to synchronously load lazily loaded font '../../../Engine/Content/Slate/Fonts/Roboto-Regular.ttf' (155K)
[2018.02.27-01.52.09:627][905]Cmd: MAP LOAD FILE="../../../../../../Users/darkm/Documents/GitHub/SushiShop/SushiShop/Content/SushiShop/Shop_Main.umap" TEMPLATE=0 SHOWPROGRESS=1 FEATURELEVEL=3
[2018.02.27-01.52.09:627][905]LightingResults: New page: Lighting Build
[2018.02.27-01.52.09:628][905]LoadErrors: New page: Loading map: Shop_Main.umap
[2018.02.27-01.52.09:629][905]MapCheck: New page: Map Check
[2018.02.27-01.52.09:629][905]LightingResults: New page: Lighting Build
[2018.02.27-01.52.09:658][905]LogEditorServer: Finished looking for orphan Actors (0.000 secs)
[2018.02.27-01.52.09:720][905]Cmd: MAP CHECKDEP NOCLEARLOG
[2018.02.27-01.52.09:788][905]MapCheck: Map check complete: 0 Error(s), 0 Warning(s), took 67.093ms to complete.
[2018.02.27-01.52.09:789][905]LogFileHelpers: Loading map 'Shop_Main' took 0.162
[2018.02.27-01.52.10:919][931]LogSavePackage: Save=33.91ms
[2018.02.27-01.52.10:919][931]LogSavePackage: Moving '../../../../../../Users/darkm/Documents/GitHub/SushiShop/SushiShop/Saved/Shop_Main7866A81A4F5B13E9C1797488A33F418C.tmp' to '../../../../../../Users/darkm/Documents/GitHub/SushiShop/SushiShop/Content/SushiShop/Shop_Main.umap'
[2018.02.27-01.52.10:921][931]LogSavePackage: Display: Finished SavePackage ../../../../../../Users/darkm/Documents/GitHub/SushiShop/SushiShop/Content/SushiShop/Shop_Main.umap
[2018.02.27-01.52.10:954][931]Cmd: OBJ SAVEPACKAGE PACKAGE="/Game/SushiShop/Shop_Main_BuiltData" FILE="../../../../../../Users/darkm/Documents/GitHub/SushiShop/SushiShop/Content/SushiShop/Shop_Main_BuiltData.uasset" SILENT=true
[2018.02.27-01.52.11:027][931]LogSavePackage: Save=46.66ms
[2018.02.27-01.52.11:027][931]LogSavePackage: Moving '../../../../../../Users/darkm/Documents/GitHub/SushiShop/SushiShop/Saved/Shop_Main_BuiltData1644BCB2402290D807AB6DB0E351E2EB.tmp' to '../../../../../../Users/darkm/Documents/GitHub/SushiShop/SushiShop/Content/SushiShop/Shop_Main_BuiltData.uasset'
[2018.02.27-01.52.11:029][931]LogSavePackage: Display: Finished SavePackage ../../../../../../Users/darkm/Documents/GitHub/SushiShop/SushiShop/Content/SushiShop/Shop_Main_BuiltData.uasset
[2018.02.27-01.52.12:697][ 27]LogRenderer: Reallocating scene render targets to support 884x396 Format 26 NumSamples 1 (Frame:113).
[2018.02.27-01.52.12:746][ 28]LogRenderer: Reallocating scene render targets to support 884x436 Format 26 NumSamples 1 (Frame:115).
[2018.02.27-01.52.12:791][ 29]LogRenderer: Reallocating scene render targets to support 884x468 Format 26 NumSamples 1 (Frame:117).
[2018.02.27-01.52.12:836][ 30]LogRenderer: Reallocating scene render targets to support 884x488 Format 26 NumSamples 1 (Frame:119).
[2018.02.27-01.52.12:881][ 31]LogRenderer: Reallocating scene render targets to support 884x500 Format 26 NumSamples 1 (Frame:121).
[2018.02.27-01.52.12:915][ 32]LogRenderer: Reallocating scene render targets to support 884x508 Format 26 NumSamples 1 (Frame:123).
[2018.02.27-01.52.12:956][ 33]LogRenderer: Reallocating scene render targets to support 884x512 Format 26 NumSamples 1 (Frame:125).
[2018.02.27-01.52.13:132][ 40]LogRenderer: Reallocating scene render targets to support 884x516 Format 26 NumSamples 1 (Frame:131).
[2018.02.27-01.52.13:165][ 41]LogRenderer: Reallocating scene render targets to support 884x520 Format 26 NumSamples 1 (Frame:133).
[2018.02.27-01.52.13:203][ 42]LogRenderer: Reallocating scene render targets to support 884x524 Format 26 NumSamples 1 (Frame:135).
[2018.02.27-01.52.13:409][ 51]LogRenderer: Reallocating scene render targets to support 884x528 Format 26 NumSamples 1 (Frame:141).
[2018.02.27-01.52.16:831][254]LogRenderer: Reallocating scene render targets to support 896x528 Format 26 NumSamples 1 (Frame:314).
[2018.02.27-01.52.16:865][255]LogRenderer: Reallocating scene render targets to support 908x528 Format 26 NumSamples 1 (Frame:316).
[2018.02.27-01.52.16:907][256]LogRenderer: Reallocating scene render targets to support 928x528 Format 26 NumSamples 1 (Frame:318).
[2018.02.27-01.52.16:940][257]LogRenderer: Reallocating scene render targets to support 952x528 Format 26 NumSamples 1 (Frame:320).
[2018.02.27-01.52.16:980][258]LogRenderer: Reallocating scene render targets to support 964x528 Format 26 NumSamples 1 (Frame:322).
[2018.02.27-01.52.17:027][259]LogRenderer: Reallocating scene render targets to support 980x528 Format 26 NumSamples 1 (Frame:324).
[2018.02.27-01.52.17:061][260]LogRenderer: Reallocating scene render targets to support 988x528 Format 26 NumSamples 1 (Frame:326).
[2018.02.27-01.52.17:099][261]LogRenderer: Reallocating scene render targets to support 992x528 Format 26 NumSamples 1 (Frame:328).
[2018.02.27-01.52.31:955][151]LogEditorViewport: Clicking on Actor (LMB): StaticMeshActor (SushiBar_2-21_GlassDoor6)
[2018.02.27-01.52.32:230][155]Cmd: CAMERA ALIGN ACTIVEVIEWPORTONLY
[2018.02.27-01.52.39:003][560]LogEditorViewport: Clicking on Actor (LMB): StaticMeshActor (SushiBar_2-21_GlassDoor6)
[2018.02.27-01.53.33:155][710]LogContentBrowser: Native class hierarchy updated for 'MaterialEditor' in 0.0003 seconds. Added 1 classes and 0 folders.
[2018.02.27-01.53.33:681][711]LogRenderer: Reallocating scene render targets to support 1112x716 Format 26 NumSamples 1 (Frame:1).
[2018.02.27-01.55.34:405][257]LogEditorViewport: Clicking on Actor (LMB): StaticMeshActor (Water_2)
[2018.02.27-01.56.20:489][986]LogSavePackage: Save=31.77ms
[2018.02.27-01.56.20:489][986]LogSavePackage: Moving '../../../../../../Users/darkm/Documents/GitHub/SushiShop/SushiShop/Saved/Shop_Main8F70F96B466ED2C351233AAB5EE5B3A8.tmp' to '../../../../../../Users/darkm/Documents/GitHub/SushiShop/SushiShop/Content/SushiShop/Shop_Main.umap'
[2018.02.27-01.56.20:490][986]LogSavePackage: Display: Finished SavePackage ../../../../../../Users/darkm/Documents/GitHub/SushiShop/SushiShop/Content/SushiShop/Shop_Main.umap
[2018.02.27-01.56.20:528][986]Cmd: OBJ SAVEPACKAGE PACKAGE="/Game/SushiShop/Shop_Main_BuiltData" FILE="../../../../../../Users/darkm/Documents/GitHub/SushiShop/SushiShop/Content/SushiShop/Shop_Main_BuiltData.uasset" SILENT=true
[2018.02.27-01.56.20:579][986]LogSavePackage: Save=31.81ms
[2018.02.27-01.56.20:579][986]LogSavePackage: Moving '../../../../../../Users/darkm/Documents/GitHub/SushiShop/SushiShop/Saved/Shop_Main_BuiltData1D63D6EE436163D812EAC79DD1DE3A36.tmp' to '../../../../../../Users/darkm/Documents/GitHub/SushiShop/SushiShop/Content/SushiShop/Shop_Main_BuiltData.uasset'
[2018.02.27-01.56.20:582][986]LogSavePackage: Display: Finished SavePackage ../../../../../../Users/darkm/Documents/GitHub/SushiShop/SushiShop/Content/SushiShop/Shop_Main_BuiltData.uasset
[2018.02.27-01.56.37:620][658]LogMaterial: Missing cached shader map for material FDebugViewModeMaterialProxy Water_Inst, compiling. 
[2018.02.27-01.56.38:143][658]TextureStreamingBuild: Display: Compiling optional shaders took 0.530 seconds.
[2018.02.27-01.57.28:075][156]LogSavePackage: Save=33.38ms
[2018.02.27-01.57.28:075][156]LogSavePackage: Moving '../../../../../../Users/darkm/Documents/GitHub/SushiShop/SushiShop/Saved/Display_OrderE6608CCE4F2594F1EAD89C9BB1FE4B6A.tmp' to '../../../../../../Users/darkm/Documents/GitHub/SushiShop/SushiShop/Content/SushiShop/BluePrints/Display_Order.uasset'
[2018.02.27-01.57.28:077][156]LogSavePackage: Display: Finished SavePackage ../../../../../../Users/darkm/Documents/GitHub/SushiShop/SushiShop/Content/SushiShop/BluePrints/Display_Order.uasset
[2018.02.27-02.06.20:818][627]LogFileHelpers: Editor autosave (incl. sublevels) for '/Game/SushiShop/Shop_Main' took 0.018
[2018.02.27-02.06.20:820][627]OBJ SavePackage: Generating thumbnails for [1] asset(s) in package [/Game/SushiShop/Materials/Water_Inst] ([1] browsable assets)...
[2018.02.27-02.06.20:866][627]OBJ SavePackage:     Rendered thumbnail for [MaterialInstanceConstant /Game/SushiShop/Materials/Water_Inst.Water_Inst]
[2018.02.27-02.06.20:866][627]OBJ SavePackage: Finished generating thumbnails for package [/Game/SushiShop/Materials/Water_Inst]
[2018.02.27-02.06.20:909][627]LogSavePackage: Save=20.62ms
[2018.02.27-02.06.20:909][627]LogSavePackage: Moving '../../../../../../Users/darkm/Documents/GitHub/SushiShop/SushiShop/Saved/Water_Inst_Auto237DC33414977D55E3A0D3A86848E554B.tmp' to '../../../../../../Users/darkm/Documents/GitHub/SushiShop/SushiShop/Saved/Autosaves/Game/SushiShop/Materials/Water_Inst_Auto2.uasset'
[2018.02.27-02.06.20:912][627]LogSavePackage: Display: Finished SavePackage ../../../../../../Users/darkm/Documents/GitHub/SushiShop/SushiShop/Saved/Autosaves/Game/SushiShop/Materials/Water_Inst_Auto2.uasset
[2018.02.27-02.06.20:912][627]LogFileHelpers: Auto-saving content packages took 0.093
[2018.02.27-02.16.33:596][726]LogSavePackage: Save=39.61ms
[2018.02.27-02.16.33:596][726]LogSavePackage: Moving '../../../../../../Users/darkm/Documents/GitHub/SushiShop/SushiShop/Saved/Display_OrderE73253BA49F53EF0F5EAF190C526984D.tmp' to '../../../../../../Users/darkm/Documents/GitHub/SushiShop/SushiShop/Content/SushiShop/BluePrints/Display_Order.uasset'
[2018.02.27-02.16.33:601][726]LogSavePackage: Display: Finished SavePackage ../../../../../../Users/darkm/Documents/GitHub/SushiShop/SushiShop/Content/SushiShop/BluePrints/Display_Order.uasset
[2018.02.27-02.17.12:669][200]LogD3D11RHI: Error: Result failed 
 at D:\Build\++UE4+Release-4.18+Compile\Sync\Engine\Source\Runtime\Windows\D3D11RHI\Private\D3D11Viewport.cpp:289 
 with error DXGI_ERROR_DEVICE_REMOVED DXGI_ERROR_DEVICE_HUNG
[2018.02.27-02.17.12:669][200]LogWindows: Windows GetLastError: The operation completed successfully. (0)
[2018.02.27-02.17.13:440][200]LogWindows: Windows GetLastError: The operation completed successfully. (0)
[2018.02.27-02.17.13:440][200]LogWindows: Error: === Critical error: ===
[2018.02.27-02.17.13:440][200]LogWindows: Error: 
[2018.02.27-02.17.13:440][200]LogWindows: Error: Fatal error: [File:D:\Build\++UE4+Release-4.18+Compile\Sync\Engine\Source\Runtime\RenderCore\Private\RenderingThread.cpp] [Line: 813] 
[2018.02.27-02.17.13:440][200]LogWindows: Error: Rendering thread exception:
[2018.02.27-02.17.13:440][200]LogWindows: Error: Fatal error: [File:D:\Build\++UE4+Release-4.18+Compile\Sync\Engine\Source\Runtime\Windows\D3D11RHI\Private\D3D11Util.cpp] [Line: 182] 
[2018.02.27-02.17.13:440][200]LogWindows: Error: Unreal Engine is exiting due to D3D device being lost. (Error: 0x887A0006 - 'HUNG')
[2018.02.27-02.17.13:440][200]LogWindows: Error: 
[2018.02.27-02.17.13:440][200]LogWindows: Error: 
[2018.02.27-02.17.13:440][200]LogWindows: Error: [Callstack] 0x00000000A0EB4008 KERNELBASE.dll!UnknownFunction []
[2018.02.27-02.17.13:440][200]LogWindows: Error: [Callstack] 0x00000000815876D4 UE4Editor-ApplicationCore.dll!UnknownFunction []
[2018.02.27-02.17.13:440][200]LogWindows: Error: [Callstack] 0x00000000632B330B UE4Editor-Core.dll!UnknownFunction []
[2018.02.27-02.17.13:440][200]LogWindows: Error: [Callstack] 0x00000000632447F9 UE4Editor-Core.dll!UnknownFunction []
[2018.02.27-02.17.13:440][200]LogWindows: Error: [Callstack] 0x000000004FA679FF UE4Editor-D3D11RHI.dll!UnknownFunction []
[2018.02.27-02.17.13:440][200]LogWindows: Error: [Callstack] 0x000000004FA6BBC0 UE4Editor-D3D11RHI.dll!UnknownFunction []
[2018.02.27-02.17.13:440][200]LogWindows: Error: [Callstack] 0x000000004FA4B3FA UE4Editor-D3D11RHI.dll!UnknownFunction []
[2018.02.27-02.17.13:440][200]LogWindows: Error: [Callstack] 0x000000004FA4B35E UE4Editor-D3D11RHI.dll!UnknownFunction []
[2018.02.27-02.17.13:440][200]LogWindows: Error: [Callstack] 0x000000004FA583E8 UE4Editor-D3D11RHI.dll!UnknownFunction []
[2018.02.27-02.17.13:440][200]LogWindows: Error: [Callstack] 0x000000007D15E4F7 UE4Editor-RHI.dll!UnknownFunction []
[2018.02.27-02.17.13:440][200]LogWindows: Error: [Callstack] 0x000000004F830B45 UE4Editor-SlateRHIRenderer.dll!UnknownFunction []
[2018.02.27-02.17.13:440][200]LogWindows: Error: [Callstack] 0x000000004F8360A9 UE4Editor-SlateRHIRenderer.dll!UnknownFunction []
[2018.02.27-02.17.13:440][200]LogWindows: Error: [Callstack] 0x0000000063114845 UE4Editor-Core.dll!UnknownFunction []
[2018.02.27-02.17.13:440][200]LogWindows: Error: [Callstack] 0x0000000063114E2A UE4Editor-Core.dll!UnknownFunction []
[2018.02.27-02.17.13:441][200]LogWindows: Error: [Callstack] 0x00000000816022C4 UE4Editor-RenderCore.dll!UnknownFunction []
[2018.02.27-02.17.13:441][200]LogWindows: Error: [Callstack] 0x00000000816032F6 UE4Editor-RenderCore.dll!UnknownFunction []
[2018.02.27-02.17.13:441][200]LogWindows: Error: [Callstack] 0x00000000634B092C UE4Editor-Core.dll!UnknownFunction []
[2018.02.27-02.17.13:441][200]LogWindows: Error: [Callstack] 0x00000000634A2563 UE4Editor-Core.dll!UnknownFunction []
[2018.02.27-02.17.13:441][200]LogWindows: Error: [Callstack] 0x00000000A3141FE4 KERNEL32.DLL!UnknownFunction []
[2018.02.27-02.17.13:441][200]LogWindows: Error: [Callstack] 0x00000000A3D0EFC1 ntdll.dll!UnknownFunction []
[2018.02.27-02.17.13:441][200]LogWindows: Error: [Callstack] 0x00000000A3D0EFC1 ntdll.dll!UnknownFunction []
[2018.02.27-02.17.13:441][200]LogWindows: Error: 
[2018.02.27-02.17.13:441][200]LogWindows: Error: 
[2018.02.27-02.17.13:441][200]LogWindows: Error: 
[2018.02.27-02.17.13:441][200]LogWindows: Error: 
[2018.02.27-02.17.13:477][200]LogExit: Executing StaticShutdownAfterError
[2018.02.27-02.17.13:482][200]LogWindows: FPlatformMisc::RequestExit(1)
[2018.02.27-02.17.13:482][200]Log file closed, 02/26/18 18:17:13
