Log file open, 02/28/18 18:35:25
LogWindows: Failed to load 'aqProf.dll' (GetLastError=126)
LogWindows: File 'aqProf.dll' does not exist
LogWindows: Failed to load 'VSPerf140.dll' (GetLastError=126)
LogWindows: File 'VSPerf140.dll' does not exist
LogWindows: Failed to load 'VtuneApi.dll' (GetLastError=126)
LogWindows: File 'VtuneApi.dll' does not exist
LogWindows: Failed to load 'VtuneApi32e.dll' (GetLastError=126)
LogWindows: File 'VtuneApi32e.dll' does not exist
LogInit: Display: Running engine for game: SushiShop
LogPlatformFile: Not using cached read wrapper
LogInit: Display: RandInit(1209345162) SRandInit(1209345162).
LogInit: Read version file with build ID '3709383'
LogInit: Overriding engine version to CL 3832480, compatible CL 3709383
LogInit: Registered custom module enumerator with build ID '3709383'
LogTaskGraph: Started task graph with 5 named threads and 14 total threads with 3 sets of task threads.
LogStats: Stats thread started at 0.169650
LogD3D11RHI: Aftermath initialized
LogModuleManager: Display: Found up-to-date module file ../../../Engine/Plugins/2D/Paper2D/Binaries/Win64/UE4Editor-Paper2D.dll (API version 3709383).
LogModuleManager: Display: Found up-to-date module file ../../../Engine/Plugins/2D/Paper2D/Binaries/Win64/UE4Editor-Paper2DEditor.dll (API version 3709383).
LogModuleManager: Display: Found up-to-date module file ../../../Engine/Plugins/2D/Paper2D/Binaries/Win64/UE4Editor-PaperSpriteSheetImporter.dll (API version 3709383).
LogModuleManager: Display: Found up-to-date module file ../../../Engine/Plugins/2D/Paper2D/Binaries/Win64/UE4Editor-PaperTiledImporter.dll (API version 3709383).
LogModuleManager: Display: Found up-to-date module file ../../../Engine/Plugins/2D/Paper2D/Binaries/Win64/UE4Editor-SmartSnapping.dll (API version 3709383).
LogModuleManager: Display: Found up-to-date module file ../../../Engine/Plugins/Blendables/LightPropagationVolume/Binaries/Win64/UE4Editor-LightPropagationVolumeRuntime.dll (API version 3709383).
LogModuleManager: Display: Found up-to-date module file ../../../Engine/Plugins/Blendables/LightPropagationVolume/Binaries/Win64/UE4Editor-LightPropagationVolumeEditor.dll (API version 3709383).
LogModuleManager: Display: Found up-to-date module file ../../../Engine/Plugins/Developer/GitSourceControl/Binaries/Win64/UE4Editor-GitSourceControl.dll (API version 3709383).
LogModuleManager: Display: Found up-to-date module file ../../../Engine/Plugins/Developer/PerforceSourceControl/Binaries/Win64/UE4Editor-PerforceSourceControl.dll (API version 3709383).
LogModuleManager: Display: Found up-to-date module file ../../../Engine/Plugins/Developer/SubversionSourceControl/Binaries/Win64/UE4Editor-SubversionSourceControl.dll (API version 3709383).
LogModuleManager: Display: Found up-to-date module file ../../../Engine/Plugins/Developer/UObjectPlugin/Binaries/Win64/UE4Editor-UObjectPlugin.dll (API version 3709383).
LogModuleManager: Display: Found up-to-date module file ../../../Engine/Plugins/Developer/VisualStudioCodeSourceCodeAccess/Binaries/Win64/UE4Editor-VisualStudioCodeSourceCodeAccess.dll (API version 3709383).
LogModuleManager: Display: Found up-to-date module file ../../../Engine/Plugins/Developer/VisualStudioSourceCodeAccess/Binaries/Win64/UE4Editor-VisualStudioSourceCodeAccess.dll (API version 3709383).
LogModuleManager: Display: Found up-to-date module file ../../../Engine/Plugins/Editor/AssetManagerEditor/Binaries/Win64/UE4Editor-AssetManagerEditor.dll (API version 3709383).
LogModuleManager: Display: Found up-to-date module file ../../../Engine/Plugins/Editor/AudioCapture/Binaries/Win64/UE4Editor-AudioCapture.dll (API version 3709383).
LogModuleManager: Display: Found up-to-date module file ../../../Engine/Plugins/Editor/FacialAnimation/Binaries/Win64/UE4Editor-FacialAnimation.dll (API version 3709383).
LogModuleManager: Display: Found up-to-date module file ../../../Engine/Plugins/Editor/FacialAnimation/Binaries/Win64/UE4Editor-FacialAnimationEditor.dll (API version 3709383).
LogModuleManager: Display: Found up-to-date module file ../../../Engine/Plugins/Editor/GameplayTagsEditor/Binaries/Win64/UE4Editor-GameplayTagsEditor.dll (API version 3709383).
LogModuleManager: Display: Found up-to-date module file ../../../Engine/Plugins/Editor/MobileLauncherProfileWizard/Binaries/Win64/UE4Editor-MobileLauncherProfileWizard.dll (API version 3709383).
LogModuleManager: Display: Found up-to-date module file ../../../Engine/Plugins/Editor/PluginBrowser/Binaries/Win64/UE4Editor-PluginBrowser.dll (API version 3709383).
LogModuleManager: Display: Found up-to-date module file ../../../Engine/Plugins/Editor/SpeedTreeImporter/Binaries/Win64/UE4Editor-SpeedTreeImporter.dll (API version 3709383).
LogModuleManager: Display: Found up-to-date module file ../../../Engine/Plugins/Experimental/AlembicImporter/Binaries/Win64/UE4Editor-AlembicImporter.dll (API version 3709383).
LogModuleManager: Display: Found up-to-date module file ../../../Engine/Plugins/Experimental/AlembicImporter/Binaries/Win64/UE4Editor-AlembicLibrary.dll (API version 3709383).
LogModuleManager: Display: Found up-to-date module file ../../../Engine/Plugins/Experimental/CharacterAI/Binaries/Win64/UE4Editor-CharacterAI.dll (API version 3709383).
LogModuleManager: Display: Found up-to-date module file ../../../Engine/Plugins/Experimental/HTML5Networking/Binaries/Win64/UE4Editor-HTML5Networking.dll (API version 3709383).
LogModuleManager: Display: Found up-to-date module file ../../../Engine/Plugins/Media/AndroidMedia/Binaries/Win64/UE4Editor-AndroidMediaEditor.dll (API version 3709383).
LogModuleManager: Display: Found up-to-date module file ../../../Engine/Plugins/Media/AndroidMedia/Binaries/Win64/UE4Editor-AndroidMediaFactory.dll (API version 3709383).
LogModuleManager: Display: Found up-to-date module file ../../../Engine/Plugins/Media/AvfMedia/Binaries/Win64/UE4Editor-AvfMediaEditor.dll (API version 3709383).
LogModuleManager: Display: Found up-to-date module file ../../../Engine/Plugins/Media/AvfMedia/Binaries/Win64/UE4Editor-AvfMediaFactory.dll (API version 3709383).
LogModuleManager: Display: Found up-to-date module file ../../../Engine/Plugins/Media/AvfMedia/Binaries/Win64/UE4Editor-AvfMediaFactory.dll (API version 3709383).
LogModuleManager: Display: Found up-to-date module file ../../../Engine/Plugins/Media/ImgMedia/Binaries/Win64/UE4Editor-ImgMedia.dll (API version 3709383).
LogModuleManager: Display: Found up-to-date module file ../../../Engine/Plugins/Media/ImgMedia/Binaries/Win64/UE4Editor-ImgMediaEditor.dll (API version 3709383).
LogModuleManager: Display: Found up-to-date module file ../../../Engine/Plugins/Media/ImgMedia/Binaries/Win64/UE4Editor-ImgMediaFactory.dll (API version 3709383).
LogModuleManager: Display: Found up-to-date module file ../../../Engine/Plugins/Media/ImgMedia/Binaries/Win64/UE4Editor-ImgMediaFactory.dll (API version 3709383).
LogModuleManager: Display: Found up-to-date module file ../../../Engine/Plugins/Media/ImgMedia/Binaries/Win64/UE4Editor-OpenExrWrapper.dll (API version 3709383).
LogModuleManager: Display: Found up-to-date module file ../../../Engine/Plugins/Media/MediaCompositing/Binaries/Win64/UE4Editor-MediaCompositing.dll (API version 3709383).
LogModuleManager: Display: Found up-to-date module file ../../../Engine/Plugins/Media/MediaCompositing/Binaries/Win64/UE4Editor-MediaCompositingEditor.dll (API version 3709383).
LogModuleManager: Display: Found up-to-date module file ../../../Engine/Plugins/Media/MediaPlayerEditor/Binaries/Win64/UE4Editor-MediaPlayerEditor.dll (API version 3709383).
LogModuleManager: Display: Found up-to-date module file ../../../Engine/Plugins/Media/WmfMedia/Binaries/Win64/UE4Editor-WmfMedia.dll (API version 3709383).
LogModuleManager: Display: Found up-to-date module file ../../../Engine/Plugins/Media/WmfMedia/Binaries/Win64/UE4Editor-WmfMediaEditor.dll (API version 3709383).
LogModuleManager: Display: Found up-to-date module file ../../../Engine/Plugins/Media/WmfMedia/Binaries/Win64/UE4Editor-WmfMediaFactory.dll (API version 3709383).
LogModuleManager: Display: Found up-to-date module file ../../../Engine/Plugins/Media/WmfMedia/Binaries/Win64/UE4Editor-WmfMediaFactory.dll (API version 3709383).
LogModuleManager: Display: Found up-to-date module file ../../../Engine/Plugins/Messaging/TcpMessaging/Binaries/Win64/UE4Editor-TcpMessaging.dll (API version 3709383).
LogModuleManager: Display: Found up-to-date module file ../../../Engine/Plugins/Messaging/UdpMessaging/Binaries/Win64/UE4Editor-UdpMessaging.dll (API version 3709383).
LogModuleManager: Display: Found up-to-date module file ../../../Engine/Plugins/MovieScene/ActorSequence/Binaries/Win64/UE4Editor-ActorSequence.dll (API version 3709383).
LogModuleManager: Display: Found up-to-date module file ../../../Engine/Plugins/MovieScene/LevelSequenceEditor/Binaries/Win64/UE4Editor-LevelSequenceEditor.dll (API version 3709383).
LogModuleManager: Display: Found up-to-date module file ../../../Engine/Plugins/MovieScene/MatineeToLevelSequence/Binaries/Win64/UE4Editor-MatineeToLevelSequence.dll (API version 3709383).
LogModuleManager: Display: Found up-to-date module file ../../../Engine/Plugins/Online/OnlineSubsystem/Binaries/Win64/UE4Editor-OnlineSubsystem.dll (API version 3709383).
LogModuleManager: Display: Found up-to-date module file ../../../Engine/Plugins/Runtime/AndroidPermission/Binaries/Win64/UE4Editor-AndroidPermission.dll (API version 3709383).
LogModuleManager: Display: Found up-to-date module file ../../../Engine/Plugins/Online/OnlineSubsystemNull/Binaries/Win64/UE4Editor-OnlineSubsystemNull.dll (API version 3709383).
LogModuleManager: Display: Found up-to-date module file ../../../Engine/Plugins/Online/OnlineSubsystemUtils/Binaries/Win64/UE4Editor-OnlineSubsystemUtils.dll (API version 3709383).
LogModuleManager: Display: Found up-to-date module file ../../../Engine/Plugins/Online/OnlineSubsystemUtils/Binaries/Win64/UE4Editor-OnlineBlueprintSupport.dll (API version 3709383).
LogModuleManager: Display: Found up-to-date module file ../../../Engine/Plugins/Runtime/AndroidDeviceProfileSelector/Binaries/Win64/UE4Editor-AndroidDeviceProfileSelector.dll (API version 3709383).
LogModuleManager: Display: Found up-to-date module file ../../../Engine/Plugins/Runtime/AppleARKit/Binaries/Win64/UE4Editor-AppleARKit.dll (API version 3709383).
LogModuleManager: Display: Found up-to-date module file ../../../Engine/Plugins/Runtime/ArchVisCharacter/Binaries/Win64/UE4Editor-ArchVisCharacter.dll (API version 3709383).
LogModuleManager: Display: Found up-to-date module file ../../../Engine/Plugins/Runtime/CableComponent/Binaries/Win64/UE4Editor-CableComponent.dll (API version 3709383).
LogModuleManager: Display: Found up-to-date module file ../../../Engine/Plugins/Runtime/CustomMeshComponent/Binaries/Win64/UE4Editor-CustomMeshComponent.dll (API version 3709383).
LogModuleManager: Display: Found up-to-date module file ../../../Engine/Plugins/Runtime/ExampleDeviceProfileSelector/Binaries/Win64/UE4Editor-ExampleDeviceProfileSelector.dll (API version 3709383).
LogModuleManager: Display: Found up-to-date module file ../../../Engine/Plugins/Runtime/ImmediatePhysics/Binaries/Win64/UE4Editor-ImmediatePhysics.dll (API version 3709383).
LogModuleManager: Display: Found up-to-date module file ../../../Engine/Plugins/Runtime/ImmediatePhysics/Binaries/Win64/UE4Editor-ImmediatePhysicsEditor.dll (API version 3709383).
LogModuleManager: Display: Found up-to-date module file ../../../Engine/Plugins/Runtime/LocationServicesBPLibrary/Binaries/Win64/UE4Editor-LocationServicesBPLibrary.dll (API version 3709383).
LogModuleManager: Display: Found up-to-date module file ../../../Engine/Plugins/Runtime/MobilePatchingUtils/Binaries/Win64/UE4Editor-MobilePatchingUtils.dll (API version 3709383).
LogModuleManager: Display: Found up-to-date module file ../../../Engine/Plugins/Runtime/Oculus/OculusVR/Binaries/Win64/UE4Editor-OculusHMD.dll (API version 3709383).
LogModuleManager: Display: Found up-to-date module file ../../../Engine/Plugins/Runtime/Oculus/OculusVR/Binaries/Win64/UE4Editor-OculusInput.dll (API version 3709383).
LogModuleManager: Display: Found up-to-date module file ../../../Engine/Plugins/Runtime/Oculus/OculusVR/Binaries/Win64/UE4Editor-OculusEditor.dll (API version 3709383).
LogModuleManager: Display: Found up-to-date module file ../../../Engine/Plugins/Runtime/PhysXVehicles/Binaries/Win64/UE4Editor-PhysXVehicles.dll (API version 3709383).
LogModuleManager: Display: Found up-to-date module file ../../../Engine/Plugins/Runtime/PhysXVehicles/Binaries/Win64/UE4Editor-PhysXVehiclesEditor.dll (API version 3709383).
LogModuleManager: Display: Found up-to-date module file ../../../Engine/Plugins/Runtime/ProceduralMeshComponent/Binaries/Win64/UE4Editor-ProceduralMeshComponent.dll (API version 3709383).
LogModuleManager: Display: Found up-to-date module file ../../../Engine/Plugins/Runtime/ProceduralMeshComponent/Binaries/Win64/UE4Editor-ProceduralMeshComponentEditor.dll (API version 3709383).
LogModuleManager: Display: Found up-to-date module file ../../../Engine/Plugins/Runtime/RuntimePhysXCooking/Binaries/Win64/UE4Editor-RuntimePhysXCooking.dll (API version 3709383).
LogModuleManager: Display: Found up-to-date module file ../../../Engine/Plugins/Runtime/Steam/SteamVR/Binaries/Win64/UE4Editor-SteamVR.dll (API version 3709383).
LogModuleManager: Display: Found up-to-date module file ../../../Engine/Plugins/Runtime/Steam/SteamVR/Binaries/Win64/UE4Editor-SteamVRController.dll (API version 3709383).
LogModuleManager: Display: Found up-to-date module file ../../../Engine/Plugins/Runtime/WindowsMoviePlayer/Binaries/Win64/UE4Editor-WindowsMoviePlayer.dll (API version 3709383).
LogPluginManager: Mounting plugin Paper2D
LogPluginManager: Mounting plugin LightPropagationVolume
LogPluginManager: Mounting plugin CodeLiteSourceCodeAccess
LogPluginManager: Mounting plugin GitSourceControl
LogPluginManager: Mounting plugin KDevelopSourceCodeAccess
LogPluginManager: Mounting plugin NullSourceCodeAccess
LogPluginManager: Mounting plugin PerforceSourceControl
LogPluginManager: Mounting plugin SubversionSourceControl
LogPluginManager: Mounting plugin UObjectPlugin
LogPluginManager: Mounting plugin VisualStudioCodeSourceCodeAccess
LogPluginManager: Mounting plugin VisualStudioSourceCodeAccess
LogPluginManager: Mounting plugin XCodeSourceCodeAccess
LogPluginManager: Mounting plugin AssetManagerEditor
LogPluginManager: Mounting plugin AudioCapture
LogPluginManager: Mounting plugin FacialAnimation
LogPluginManager: Mounting plugin GameplayTagsEditor
LogPluginManager: Mounting plugin MobileLauncherProfileWizard
LogPluginManager: Mounting plugin PluginBrowser
LogPluginManager: Mounting plugin SpeedTreeImporter
LogPluginManager: Mounting plugin AlembicImporter
LogPluginManager: Mounting plugin CharacterAI
LogPluginManager: Mounting plugin HTML5Networking
LogPluginManager: Mounting plugin AndroidMedia
LogPluginManager: Mounting plugin AvfMedia
LogPluginManager: Mounting plugin ImgMedia
LogPluginManager: Mounting plugin MediaCompositing
LogPluginManager: Mounting plugin MediaPlayerEditor
LogPluginManager: Mounting plugin WmfMedia
LogPluginManager: Mounting plugin TcpMessaging
LogPluginManager: Mounting plugin UdpMessaging
LogPluginManager: Mounting plugin ActorSequence
LogPluginManager: Mounting plugin LevelSequenceEditor
LogPluginManager: Mounting plugin MatineeToLevelSequence
LogPluginManager: Mounting plugin OnlineSubsystemGooglePlay
LogPluginManager: Mounting plugin OnlineSubsystemIOS
LogPluginManager: Mounting plugin OnlineSubsystem
LogPluginManager: Mounting plugin OnlineSubsystemNull
LogPluginManager: Mounting plugin OnlineSubsystemUtils
LogPluginManager: Mounting plugin AndroidDeviceProfileSelector
LogPluginManager: Mounting plugin AndroidMoviePlayer
LogPluginManager: Mounting plugin AndroidPermission
LogPluginManager: Mounting plugin AppleARKit
LogPluginManager: Mounting plugin AppleMoviePlayer
LogPluginManager: Mounting plugin ArchVisCharacter
LogPluginManager: Mounting plugin CableComponent
LogPluginManager: Mounting plugin CustomMeshComponent
LogPluginManager: Mounting plugin ExampleDeviceProfileSelector
LogPluginManager: Mounting plugin GoogleCloudMessaging
LogPluginManager: Mounting plugin ImmediatePhysics
LogPluginManager: Mounting plugin IOSDeviceProfileSelector
LogPluginManager: Mounting plugin LinuxDeviceProfileSelector
LogPluginManager: Mounting plugin LocationServicesBPLibrary
LogPluginManager: Mounting plugin MobilePatchingUtils
LogPluginManager: Mounting plugin OculusVR
LogPluginManager: Plugin shader directory ../../../Engine/Plugins/Runtime/Oculus/OculusVR/Shaders found
LogPluginManager: Mapping shader source directory ../../../Engine/Plugins/Runtime/Oculus/OculusVR/Shaders to virtual directory /Plugin/OculusVR
LogPluginManager: Mounting plugin PhysXVehicles
LogPluginManager: Mounting plugin ProceduralMeshComponent
LogPluginManager: Mounting plugin RuntimePhysXCooking
LogPluginManager: Mounting plugin SteamVR
LogPluginManager: Mounting plugin WindowsMoviePlayer
LogInit: Using libcurl 7.47.1
LogInit:  - built for x86_64-pc-win32
LogInit:  - supports SSL with OpenSSL/1.0.2g
LogInit:  - supports HTTP deflate (compression) using libz 1.2.8
LogInit:  - other features:
LogInit:      CURL_VERSION_SSL
LogInit:      CURL_VERSION_LIBZ
LogInit:      CURL_VERSION_IPV6
LogInit:      CURL_VERSION_ASYNCHDNS
LogInit:      CURL_VERSION_LARGEFILE
LogInit:      CURL_VERSION_IDN
LogInit:  CurlRequestOptions (configurable via config and command line):
LogInit:  - bVerifyPeer = false  - Libcurl will NOT verify peer certificate
LogInit:  - bUseHttpProxy = false  - Libcurl will NOT use HTTP proxy
LogInit:  - bDontReuseConnections = false  - Libcurl will reuse connections
LogInit:  - CertBundlePath = nullptr  - Libcurl will use whatever was configured at build time.
LogInit: Build: ++UE4+Release-4.18-CL-3832480
LogInit: Engine Version: 4.18.3-3832480+++UE4+Release-4.18
LogInit: Compatible Engine Version: 4.18.0-3709383+++UE4+Release-4.18
LogInit: Net CL: 3709383
LogDevObjectVersion: Number of dev versions registered: 16
LogDevObjectVersion:   Dev-Blueprints (B0D832E4-1F89-4F0D-ACCF-7EB736FD4AA2): 10
LogDevObjectVersion:   Dev-Build (E1C64328-A22C-4D53-A36C-8E866417BD8C): 0
LogDevObjectVersion:   Dev-Core (375EC13C-06E4-48FB-B500-84F0262A717E): 2
LogDevObjectVersion:   Dev-Editor (E4B068ED-F494-42E9-A231-DA0B2E46BB41): 20
LogDevObjectVersion:   Dev-Framework (CFFC743F-43B0-4480-9391-14DF171D2073): 30
LogDevObjectVersion:   Dev-Mobile (B02B49B5-BB20-44E9-A304-32B752E40360): 0
LogDevObjectVersion:   Dev-Networking (A4E4105C-59A1-49B5-A7C5-40C4547EDFEE): 0
LogDevObjectVersion:   Dev-Online (39C831C9-5AE6-47DC-9A44-9C173E1C8E7C): 0
LogDevObjectVersion:   Dev-Physics (78F01B33-EBEA-4F98-B9B4-84EACCB95AA2): 0
LogDevObjectVersion:   Dev-Platform (6631380F-2D4D-43E0-8009-CF276956A95A): 0
LogDevObjectVersion:   Dev-Rendering (12F88B9F-8875-4AFC-A67C-D90C383ABD29): 20
LogDevObjectVersion:   Dev-Sequencer (7B5AE74C-D270-4C10-A958-57980B212A5A): 4
LogDevObjectVersion:   Dev-VR (D7296918-1DD6-4BDD-9DE2-64A83CC13884): 0
LogDevObjectVersion:   Dev-LoadTimes (C2A15278-BFE7-4AFE-6C17-90FF531DF755): 1
LogDevObjectVersion:   Private-Geometry (6EACA3D4-40EC-4CC1-B786-8BED09428FC5): 1
LogDevObjectVersion:   Dev-AnimPhys (29E575DD-E0A3-4627-9D10-D276232CDCEA): 12
LogInit: Compiled (64-bit): Jan 12 2018 02:04:55
LogInit: Compiled with Visual C++: 19.00.24215.01
LogInit: Build Configuration: Development
LogInit: Branch Name: ++UE4+Release-4.18
LogInit: Command line: 
LogInit: Base directory: C:/Program Files/Epic Games/UE_4.18/Engine/Binaries/Win64/
LogInit: Installed Engine Build: 1
LogInit: Presizing for max 8388607 objects, including 0 objects not considered by GC, pre-allocating 0 bytes for permanent pool.
LogInit: Object subsystem initialized
[2018.03.01-02.35.26:723][  0]LogInit: Selected Device Profile: [Windows]
[2018.03.01-02.35.26:723][  0]LogInit: Applying CVar settings loaded from the selected device profile: [Windows]
[2018.03.01-02.35.26:741][  0]LogInit: Computer: DESKTOP-2QNA1SC
[2018.03.01-02.35.26:741][  0]LogInit: User: darkm
[2018.03.01-02.35.26:741][  0]LogInit: CPU Page size=4096, Cores=4
[2018.03.01-02.35.26:741][  0]LogInit: High frequency timer resolution =1.945312 MHz
[2018.03.01-02.35.26:741][  0]LogMemory: Memory total: Physical=15.9GB (16GB approx)
[2018.03.01-02.35.26:741][  0]LogMemory: Platform Memory Stats for Windows
[2018.03.01-02.35.26:741][  0]LogMemory: Process Physical Memory: 272.63 MB used, 272.63 MB peak
[2018.03.01-02.35.26:741][  0]LogMemory: Process Virtual Memory: 269.86 MB used, 269.86 MB peak
[2018.03.01-02.35.26:741][  0]LogMemory: Physical Memory: 6012.99 MB used,  10286.61 MB free, 16299.60 MB total
[2018.03.01-02.35.26:741][  0]LogMemory: Virtual Memory: 682.20 MB used,  10286.61 MB free, 134217728.00 MB total
[2018.03.01-02.35.26:950][  0]LogInit: Using OS detected language (en-US).
[2018.03.01-02.35.26:950][  0]LogInit: Using OS detected locale (en-US).
[2018.03.01-02.35.26:954][  0]LogTextLocalizationManager: No specific localization for 'en-US' exists, so the 'en' localization will be used.
[2018.03.01-02.35.27:434][  0]LogInit: Setting process to per monitor DPI aware
[2018.03.01-02.35.27:726][  0]LogD3D11RHI: D3D11 adapters:
[2018.03.01-02.35.28:012][  0]LogD3D11RHI:    0. 'Radeon 500 Series' (Feature Level 11_0)
[2018.03.01-02.35.28:012][  0]LogD3D11RHI:       1995/0/8149 MB DedicatedVideo/DedicatedSystem/SharedSystem, Outputs:1, VendorId:0x1002
[2018.03.01-02.35.28:024][  0]LogD3D11RHI:    1. 'Intel(R) UHD Graphics 620' (Feature Level 11_0)
[2018.03.01-02.35.28:024][  0]LogD3D11RHI:       128/0/8149 MB DedicatedVideo/DedicatedSystem/SharedSystem, Outputs:0, VendorId:0x8086
[2018.03.01-02.35.28:027][  0]LogD3D11RHI:    2. 'Microsoft Basic Render Driver' (Feature Level 11_0)
[2018.03.01-02.35.28:027][  0]LogD3D11RHI:       0/0/8149 MB DedicatedVideo/DedicatedSystem/SharedSystem, Outputs:0, VendorId:0x1414
[2018.03.01-02.35.28:027][  0]LogD3D11RHI: Chosen D3D11 Adapter: 0
[2018.03.01-02.35.28:043][  0]LogD3D11RHI: Creating new Direct3DDevice
[2018.03.01-02.35.28:043][  0]LogD3D11RHI:     GPU DeviceId: 0x699f (for the marketing name, search the web for "GPU Device Id")
[2018.03.01-02.35.28:043][  0]LogWindows: EnumDisplayDevices:
[2018.03.01-02.35.28:043][  0]LogWindows:    0. 'Intel(R) UHD Graphics 620' (P:1 D:1)
[2018.03.01-02.35.28:043][  0]LogWindows:    1. 'Intel(R) UHD Graphics 620' (P:0 D:0)
[2018.03.01-02.35.28:044][  0]LogWindows:    2. 'Intel(R) UHD Graphics 620' (P:0 D:0)
[2018.03.01-02.35.28:044][  0]LogWindows:    3. 'Radeon 500 Series' (P:0 D:0)
[2018.03.01-02.35.28:044][  0]LogWindows:    4. 'Radeon 500 Series' (P:0 D:0)
[2018.03.01-02.35.28:044][  0]LogWindows:    5. 'Radeon 500 Series' (P:0 D:0)
[2018.03.01-02.35.28:045][  0]LogWindows:    6. 'Radeon 500 Series' (P:0 D:0)
[2018.03.01-02.35.28:045][  0]LogWindows:    7. 'Radeon 500 Series' (P:0 D:0)
[2018.03.01-02.35.28:045][  0]LogWindows:    8. 'Radeon 500 Series' (P:0 D:0)
[2018.03.01-02.35.28:045][  0]LogWindows:    9. 'Radeon 500 Series' (P:0 D:0)
[2018.03.01-02.35.28:045][  0]LogWindows:    10. 'Radeon 500 Series' (P:0 D:0)
[2018.03.01-02.35.28:045][  0]LogWindows:    11. 'Radeon 500 Series' (P:0 D:0)
[2018.03.01-02.35.28:045][  0]LogWindows:    12. 'Radeon 500 Series' (P:0 D:0)
[2018.03.01-02.35.28:045][  0]LogWindows:    13. 'Radeon 500 Series' (P:0 D:0)
[2018.03.01-02.35.28:046][  0]LogWindows:    14. 'Radeon 500 Series' (P:0 D:0)
[2018.03.01-02.35.28:046][  0]LogWindows:    15. 'Radeon 500 Series' (P:0 D:0)
[2018.03.01-02.35.28:046][  0]LogWindows:    16. 'Radeon 500 Series' (P:0 D:0)
[2018.03.01-02.35.28:046][  0]LogWindows:    17. 'Radeon 500 Series' (P:0 D:0)
[2018.03.01-02.35.28:046][  0]LogWindows:    18. 'Radeon 500 Series' (P:0 D:0)
[2018.03.01-02.35.28:046][  0]LogWindows: DebugString: GetVideoDriverDetailsInvalid PrimaryIsNotTheChoosenAdapter GetVideoDriverDetailsInvalid PrimaryIsNotTheChoosenAdapter GetVideoDriverDetailsInvalid PrimaryIsNotTheChoosenAdapter GetVideoDriverDetailsInvalid PrimaryIsNotTheChoosenAdapter GetVideoDriverDetailsInvalid PrimaryIsNotTheChoosenAdapter GetVideoDriverDetailsInvalid PrimaryIsNotTheChoosenAdapter GetVideoDriverDetailsInvalid PrimaryIsNotTheChoosenAdapter GetVideoDriverDetailsInvalid PrimaryIsNotTheChoosenAdapter GetVideoDriverDetailsInvalid PrimaryIsNotTheChoosenAdapter GetVideoDriverDetailsInvalid PrimaryIsNotTheChoosenAdapter GetVideoDriverDetailsInvalid PrimaryIsNotTheChoosenAdapter GetVideoDriverDetailsInvalid PrimaryIsNotTheChoosenAdapter GetVideoDriverDetailsInvalid PrimaryIsNotTheChoosenAdapter GetVideoDriverDetailsInvalid PrimaryIsNotTheChoosenAdapter GetVideoDriverDetailsInvalid PrimaryIsNotTheChoosenAdapter GetVideoDriverDetailsInvalid PrimaryIsNotTheChoosenAdapter GetVideoDriverDetailsInvalid PrimaryIsNotTheChoosenAdapter GetVideoDriverDetailsInvalid PrimaryIsNotTheChoosenAdapter GetVideoDriverDetailsInvalid PrimaryIsNotTheChoosenAdapter FoundDriverCount:0 
[2018.03.01-02.35.28:046][  0]LogD3D11RHI:     Adapter Name: Radeon 500 Series
[2018.03.01-02.35.28:046][  0]LogD3D11RHI:   Driver Version: Unknown (internal:Unknown, unified:Unknown)
[2018.03.01-02.35.28:046][  0]LogD3D11RHI:      Driver Date: Unknown
[2018.03.01-02.35.28:046][  0]LogRHI: Texture pool is 1396 MB (70% of 1995 MB)
[2018.03.01-02.35.28:099][  0]LogD3D11RHI: Async texture creation enabled
[2018.03.01-02.35.28:113][  0]LogD3D11RHI: GPU Timing Frequency: 25.000000 (Debug: 2 1)
[2018.03.01-02.35.28:116][  0]LogShaderCompilers: Guid format shader working directory is -20 characters bigger than the processId version (../../../../../../Users/darkm/Documents/GitHub/SushiShop/SushiShop/Intermediate/Shaders/WorkingDirectory/6584/).
[2018.03.01-02.35.28:116][  0]LogShaderCompilers: Cleaned the shader compiler working directory 'C:/Users/darkm/AppData/Local/Temp/UnrealShaderWorkingDir/5B8B84934C2774A95FEF0E89112D0725/'.
[2018.03.01-02.35.28:116][  0]LogShaderCompilers: Display: Using Local Shader Compiler.
[2018.03.01-02.35.29:608][  0]LogTemp: Display: Loaded TP AllDesktopTargetPlatform
[2018.03.01-02.35.29:697][  0]LogTemp: Display: Loaded TP MacClientTargetPlatform
[2018.03.01-02.35.29:801][  0]LogTemp: Display: Loaded TP MacNoEditorTargetPlatform
[2018.03.01-02.35.29:899][  0]LogTemp: Display: Loaded TP MacServerTargetPlatform
[2018.03.01-02.35.29:975][  0]LogTemp: Display: Loaded TP MacTargetPlatform
[2018.03.01-02.35.30:059][  0]LogTemp: Display: Loaded TP WindowsClientTargetPlatform
[2018.03.01-02.35.30:132][  0]LogTemp: Display: Loaded TP WindowsNoEditorTargetPlatform
[2018.03.01-02.35.30:198][  0]LogTemp: Display: Loaded TP WindowsServerTargetPlatform
[2018.03.01-02.35.30:253][  0]LogTemp: Display: Loaded TP WindowsTargetPlatform
[2018.03.01-02.35.30:320][  0]LogTemp: Display: Loaded TP Android_ASTCTargetPlatform
[2018.03.01-02.35.30:378][  0]LogTemp: Display: Loaded TP Android_ATCTargetPlatform
[2018.03.01-02.35.30:441][  0]LogTemp: Display: Loaded TP Android_DXTTargetPlatform
[2018.03.01-02.35.30:507][  0]LogTemp: Display: Loaded TP Android_ETC1TargetPlatform
[2018.03.01-02.35.30:570][  0]LogTemp: Display: Loaded TP Android_ETC2TargetPlatform
[2018.03.01-02.35.30:692][  0]LogTemp: Display: Loaded TP Android_MultiTargetPlatform
[2018.03.01-02.35.30:692][  0]LogTemp: Display: Loaded TP Android_PVRTCTargetPlatform
[2018.03.01-02.35.30:747][  0]LogTemp: Display: Loaded TP AndroidTargetPlatform
[2018.03.01-02.35.30:790][  0]LogTemp: Display: Loaded TP HTML5TargetPlatform
[2018.03.01-02.35.30:888][  0]LogTemp: Display: Loaded TP IOSTargetPlatform
[2018.03.01-02.35.30:917][  0]LogTemp: Display: Loaded TP TVOSTargetPlatform
[2018.03.01-02.35.30:968][  0]LogTemp: Display: Loaded TP LinuxClientTargetPlatform
[2018.03.01-02.35.31:023][  0]LogTemp: Display: Loaded TP LinuxNoEditorTargetPlatform
[2018.03.01-02.35.31:079][  0]LogTemp: Display: Loaded TP LinuxServerTargetPlatform
[2018.03.01-02.35.31:134][  0]LogTemp: Display: Loaded TP LinuxTargetPlatform
[2018.03.01-02.35.31:134][  0]LogTargetPlatformManager: Display: Building Assets For Windows
[2018.03.01-02.35.31:655][  0]LogDerivedDataCache: Display: Max Cache Size: 512 MB
[2018.03.01-02.35.31:726][  0]LogDerivedDataCache: Loaded boot cache 0.07s 83MB C:/Users/darkm/AppData/Local/UnrealEngine/4.18/DerivedDataCache/Boot.ddc.
[2018.03.01-02.35.31:726][  0]LogDerivedDataCache: Display: Loaded Boot cache: C:/Users/darkm/AppData/Local/UnrealEngine/4.18/DerivedDataCache/Boot.ddc
[2018.03.01-02.35.31:726][  0]LogDerivedDataCache: FDerivedDataBackendGraph:  Pak pak cache file ../../../../../../Users/darkm/Documents/GitHub/SushiShop/SushiShop/DerivedDataCache/DDC.ddp not found, will not use a pak cache.
[2018.03.01-02.35.31:726][  0]LogDerivedDataCache: Unable to find inner node Pak for hierarchical cache Hierarchy.
[2018.03.01-02.35.31:726][  0]LogDerivedDataCache: FDerivedDataBackendGraph:  CompressedPak pak cache file ../../../../../../Users/darkm/Documents/GitHub/SushiShop/SushiShop/DerivedDataCache/Compressed.ddp not found, will not use a pak cache.
[2018.03.01-02.35.31:726][  0]LogDerivedDataCache: Unable to find inner node CompressedPak for hierarchical cache Hierarchy.
[2018.03.01-02.35.31:742][  0]LogDerivedDataCache: Display: Pak cache opened for reading ../../../Engine/DerivedDataCache/Compressed.ddp.
[2018.03.01-02.35.31:754][  0]LogDerivedDataCache: Using Local data cache path C:/Users/darkm/AppData/Local/UnrealEngine/Common/DerivedDataCache: Writable
[2018.03.01-02.35.31:764][  0]LogMaterial: Verifying Global Shaders for PCD3D_SM5
[2018.03.01-02.35.31:764][  0]LogSlate: Using Freetype 2.6.0
[2018.03.01-02.35.31:765][  0]LogSlate: SlateFontCache - WITH_FREETYPE: 1, WITH_HARFBUZZ: 1
[2018.03.01-02.35.31:765][  0]LogSlate: SlateFontCache - WITH_FREETYPE: 1, WITH_HARFBUZZ: 1
[2018.03.01-02.35.32:104][  0]LogInit: Selected Device Profile: [Windows]
[2018.03.01-02.35.32:431][  0]LogSimplygon: Simplygon DLL not present - disabling.
[2018.03.01-02.35.32:481][  0]LogMeshReduction: Using SimplygonSwarm for distributed automatic mesh merging
[2018.03.01-02.35.32:481][  0]LogMeshReduction: Using QuadricMeshReduction for automatic static mesh reduction
[2018.03.01-02.35.32:481][  0]LogMeshReduction: No automatic skeletal mesh reduction module available
[2018.03.01-02.35.32:481][  0]LogMeshReduction: No automatic mesh merging module available
[2018.03.01-02.35.32:481][  0]LogMeshMerging: No automatic mesh merging module available
[2018.03.01-02.35.32:519][  0]LogNetVersion: SushiShop , NetCL: 3709383, EngineNetVer: 2, GameNetVer: 0 (Checksum: 2343829258)
[2018.03.01-02.35.32:724][  0]LogAssetRegistry: FAssetRegistry took 0.0269 seconds to start up
[2018.03.01-02.35.33:281][  0]LogPackageLocalizationCache: Processed 7 localized package path(s) for 2 prioritized culture(s) in 0.070829 seconds
[2018.03.01-02.35.33:286][  0]LogUObjectArray: 35870 objects as part of root set at end of initial load.
[2018.03.01-02.35.33:286][  0]LogUObjectAllocator: 7363704 out of 0 bytes used by permanent object pool.
[2018.03.01-02.35.33:286][  0]LogUObjectArray: CloseDisregardForGC: 0/0 objects in disregard for GC pool
[2018.03.01-02.35.33:348][  0]LogInit: WinSock: version 1.1 (2.2), MaxSocks=32767, MaxUdp=65467
[2018.03.01-02.35.36:072][  0]LogTcpMessaging: Initializing TcpMessaging bridge
[2018.03.01-02.35.36:111][  0]LogUdpMessaging: Initializing bridge on interface 0.0.0.0:0 to multicast group 230.0.0.1:6666.
[2018.03.01-02.35.36:719][  0]LogMaterial: Missing cached shader map for material BaseColor, compiling. 
[2018.03.01-02.35.36:720][  0]LogMaterial: Warning: C:\Program Files\Epic Games\UE_4.18\Engine\Content\BufferVisualization\BaseColor.uasset: Failed to compile Material for platform PCD3D_SM5, Default Material will be used in game.
[2018.03.01-02.35.36:720][  0]LogMaterial: 	(Node SceneTexture) GBuffer scene textures not available with forward shading.
[2018.03.01-02.35.36:740][  0]LogMaterial: Uniform references updated for custom material expression Custom.
[2018.03.01-02.35.36:750][  0]LogMaterial: Missing cached shader map for material LightingModel, compiling. 
[2018.03.01-02.35.36:750][  0]LogMaterial: Warning: C:\Program Files\Epic Games\UE_4.18\Engine\Content\BufferVisualization\LightingModel.uasset: Failed to compile Material for platform PCD3D_SM5, Default Material will be used in game.
[2018.03.01-02.35.36:750][  0]LogMaterial: 	(Node SceneTexture) GBuffer scene textures not available with forward shading.
[2018.03.01-02.35.36:753][  0]LogMaterial: Missing cached shader map for material MaterialAO, compiling. 
[2018.03.01-02.35.36:753][  0]LogMaterial: Warning: C:\Program Files\Epic Games\UE_4.18\Engine\Content\BufferVisualization\MaterialAO.uasset: Failed to compile Material for platform PCD3D_SM5, Default Material will be used in game.
[2018.03.01-02.35.36:753][  0]LogMaterial: 	(Node SceneTexture) GBuffer scene textures not available with forward shading.
[2018.03.01-02.35.36:756][  0]LogMaterial: Missing cached shader map for material Metallic, compiling. 
[2018.03.01-02.35.36:756][  0]LogMaterial: Warning: C:\Program Files\Epic Games\UE_4.18\Engine\Content\BufferVisualization\Metallic.uasset: Failed to compile Material for platform PCD3D_SM5, Default Material will be used in game.
[2018.03.01-02.35.36:756][  0]LogMaterial: 	(Node SceneTexture) GBuffer scene textures not available with forward shading.
[2018.03.01-02.35.36:758][  0]LogMaterial: Missing cached shader map for material Opacity, compiling. 
[2018.03.01-02.35.36:759][  0]LogMaterial: Warning: C:\Program Files\Epic Games\UE_4.18\Engine\Content\BufferVisualization\Opacity.uasset: Failed to compile Material for platform PCD3D_SM5, Default Material will be used in game.
[2018.03.01-02.35.36:759][  0]LogMaterial: 	(Node SceneTexture) GBuffer scene textures not available with forward shading.
[2018.03.01-02.35.36:761][  0]LogMaterial: Missing cached shader map for material Roughness, compiling. 
[2018.03.01-02.35.36:761][  0]LogMaterial: Warning: C:\Program Files\Epic Games\UE_4.18\Engine\Content\BufferVisualization\Roughness.uasset: Failed to compile Material for platform PCD3D_SM5, Default Material will be used in game.
[2018.03.01-02.35.36:761][  0]LogMaterial: 	(Node SceneTexture) GBuffer scene textures not available with forward shading.
[2018.03.01-02.35.36:777][  0]LogMaterial: Missing cached shader map for material Specular, compiling. 
[2018.03.01-02.35.36:778][  0]LogMaterial: Warning: C:\Program Files\Epic Games\UE_4.18\Engine\Content\BufferVisualization\Specular.uasset: Failed to compile Material for platform PCD3D_SM5, Default Material will be used in game.
[2018.03.01-02.35.36:778][  0]LogMaterial: 	(Node SceneTexture) GBuffer scene textures not available with forward shading.
[2018.03.01-02.35.36:780][  0]LogMaterial: Missing cached shader map for material SubsurfaceColor, compiling. 
[2018.03.01-02.35.36:780][  0]LogMaterial: Warning: C:\Program Files\Epic Games\UE_4.18\Engine\Content\BufferVisualization\SubsurfaceColor.uasset: Failed to compile Material for platform PCD3D_SM5, Default Material will be used in game.
[2018.03.01-02.35.36:780][  0]LogMaterial: 	(Node SceneTexture) GBuffer scene textures not available with forward shading.
[2018.03.01-02.35.36:782][  0]LogMaterial: Missing cached shader map for material WorldNormal, compiling. 
[2018.03.01-02.35.36:783][  0]LogMaterial: Warning: C:\Program Files\Epic Games\UE_4.18\Engine\Content\BufferVisualization\WorldNormal.uasset: Failed to compile Material for platform PCD3D_SM5, Default Material will be used in game.
[2018.03.01-02.35.36:783][  0]LogMaterial: 	(Node SceneTexture) GBuffer scene textures not available with forward shading.
[2018.03.01-02.35.37:137][  0]SourceControl: Source control is disabled
[2018.03.01-02.35.37:137][  0]SourceControl: Source control is disabled
[2018.03.01-02.35.37:189][  0]SourceControl: Source control is disabled
[2018.03.01-02.35.37:237][  0]SourceControl: Source control is disabled
[2018.03.01-02.35.38:067][  0]LogAndroidPermission: UAndroidPermissionCallbackProxy::GetInstance
[2018.03.01-02.35.38:373][  0]LogOcInput: OculusInput pre-init called
[2018.03.01-02.35.38:686][  0]LogEngine: Initializing Engine...
[2018.03.01-02.35.38:689][  0]LogHMD: Failed to initialize OpenVR with code 110
[2018.03.01-02.35.38:933][  0]LogStats: UGameplayTagsManager::ConstructGameplayTagTree: Construct from data asset -  0.000 s
[2018.03.01-02.35.38:933][  0]LogStats: UGameplayTagsManager::ConstructGameplayTagTree: GameplayTagTreeChangedEvent.Broadcast -  0.000 s
[2018.03.01-02.35.39:077][  0]LogAIModule: Creating AISystem for world Untitled
[2018.03.01-02.35.39:084][  0]LogInit: XAudio2 using 'Speakers (Realtek High Definition Audio(SST))' : 2 channels at 48 kHz using 32 bits per sample (channel mask 0x3)
[2018.03.01-02.35.39:145][  0]LogInit: FAudioDevice initialized.
[2018.03.01-02.35.39:233][  0]LogDerivedDataCache: Saved boot cache 0.09s 83MB C:/Users/darkm/AppData/Local/UnrealEngine/4.18/DerivedDataCache/Boot.ddc.
[2018.03.01-02.35.39:243][  0]LogInit: Texture streaming: Enabled
[2018.03.01-02.35.39:340][  0]LogEngineSessionManager: EngineSessionManager initialized
[2018.03.01-02.35.39:340][  0]LogEngineSessionManager: EngineSessionManager sent abnormal shutdown report. Type=Crashed, SessionId={4DEBAC72-4B5A-CFC2-EA15-E08ABABBF6A2}
[2018.03.01-02.35.39:467][  0]LogInit: Transaction tracking system initialized
[2018.03.01-02.35.39:770][  0]BlueprintLog: New page: Editor Load
[2018.03.01-02.35.40:630][  0]LocalizationService: Localization service is disabled
[2018.03.01-02.35.41:360][  0]LogConsoleResponse: Display: 
[2018.03.01-02.35.41:556][  0]LogCook: Display: Max memory allowance for cook 16384mb min free memory 0mb
[2018.03.01-02.35.41:556][  0]LogCook: Display: Mobile HDR setting 1
[2018.03.01-02.35.41:557][  0]LogGameplayTags: Display: UGameplayTagsManager::DoneAddingNativeTags. DelegateIsBound: 0
[2018.03.01-02.35.42:274][  0]LogFileCache: Scanning file cache for directory 'C:/Users/darkm/Documents/GitHub/SushiShop/SushiShop/Content/' took 0.01s
[2018.03.01-02.35.42:838][  0]SourceControl: Source control is disabled
[2018.03.01-02.35.42:839][  0]Cmd: MAP LOAD FILE="../../../../../../Users/darkm/Documents/GitHub/SushiShop/SushiShop/Content/VirtualRealityBP/Maps/StartupMap.umap" TEMPLATE=0 SHOWPROGRESS=1 FEATURELEVEL=3
[2018.03.01-02.35.42:839][  0]LightingResults: New page: Lighting Build
[2018.03.01-02.35.42:884][  0]MapCheck: New page: Map Check
[2018.03.01-02.35.42:884][  0]LightingResults: New page: Lighting Build
[2018.03.01-02.35.42:993][  0]LogAIModule: Creating AISystem for world StartupMap
[2018.03.01-02.35.42:999][  0]LogEditorServer: Finished looking for orphan Actors (0.000 secs)
[2018.03.01-02.35.43:010][  0]Cmd: MAP CHECKDEP NOCLEARLOG
[2018.03.01-02.35.43:062][  0]MapCheck: Map check complete: 0 Error(s), 0 Warning(s), took 51.308ms to complete.
[2018.03.01-02.35.43:062][  0]LogFileHelpers: Loading map 'StartupMap' took 0.223
[2018.03.01-02.35.43:302][  0]LogCollectionManager: Loaded 0 collections in 0.001535 seconds
[2018.03.01-02.35.43:384][  0]LogFileCache: Scanning file cache for directory 'C:/Users/darkm/Documents/GitHub/SushiShop/SushiShop/Saved/Collections/' took 0.01s
[2018.03.01-02.35.43:384][  0]LogFileCache: Scanning file cache for directory 'C:/Users/darkm/Documents/GitHub/SushiShop/SushiShop/Content/Developers/darkm/Collections/' took 0.01s
[2018.03.01-02.35.43:384][  0]LogFileCache: Scanning file cache for directory 'C:/Users/darkm/Documents/GitHub/SushiShop/SushiShop/Content/Collections/' took 0.01s
[2018.03.01-02.35.43:384][  0]LogCollectionManager: Rebuilt the GUID cache for 0 collections in 0.000001 seconds
[2018.03.01-02.35.43:392][  0]LogContentBrowser: Native class hierarchy populated in 0.0083 seconds. Added 2364 classes and 521 folders.
[2018.03.01-02.35.43:459][  0]LogContentBrowser: Native class hierarchy updated for 'WidgetCarousel' in 0.0002 seconds. Added 0 classes and 0 folders.
[2018.03.01-02.35.43:496][  0]LogContentBrowser: Native class hierarchy updated for 'AddContentDialog' in 0.0002 seconds. Added 0 classes and 0 folders.
[2018.03.01-02.35.43:514][  0]LogSlate: Took 0.000240 seconds to synchronously load lazily loaded font '../../../Engine/Content/Slate/Fonts/Roboto-Regular.ttf' (155K)
[2018.03.01-02.35.43:517][  0]LogSlate: Took 0.000181 seconds to synchronously load lazily loaded font '../../../Engine/Content/Slate/Fonts/Roboto-Bold.ttf' (160K)
[2018.03.01-02.35.43:519][  0]LogSlate: Took 0.000138 seconds to synchronously load lazily loaded font '../../../Engine/Content/Editor/Slate/Fonts/FontAwesome.ttf' (139K)
[2018.03.01-02.35.43:618][  0]LogRenderer: Reallocating scene render targets to support 884x492 Format 26 NumSamples 1 (Frame:1).
[2018.03.01-02.35.44:010][  0]LogContentBrowser: Native class hierarchy updated for 'HierarchicalLODOutliner' in 0.0004 seconds. Added 1 classes and 2 folders.
[2018.03.01-02.35.44:010][  0]LogLoad: (Engine Initialization) Total time: 19.69 seconds
[2018.03.01-02.35.44:010][  0]LogLoad: (Engine Initialization) Total Blueprint compile time: 0.00 seconds
[2018.03.01-02.35.44:010][  0]LogExternalProfiler: No external profilers were discovered.  External profiling features will not be available.
[2018.03.01-02.35.44:368][  0]LogContentStreaming: Texture pool size now 1000 MB
[2018.03.01-02.35.44:410][  0]LogSlate: Took 0.000241 seconds to synchronously load lazily loaded font '../../../Engine/Content/Slate/Fonts/Roboto-Light.ttf' (159K)
[2018.03.01-02.35.44:688][  1]LogAssetRegistry: Asset discovery search completed in 11.9857 seconds
[2018.03.01-02.35.44:690][  1]LogCollectionManager: Rebuilt the object cache for 0 collections in 0.000001 seconds (found 0 objects)
[2018.03.01-02.35.44:690][  1]LogCollectionManager: Fixed up redirectors for 0 collections in 0.000049 seconds (updated 0 objects)
[2018.03.01-02.35.45:352][  3]LogSlate: Took 0.000277 seconds to synchronously load lazily loaded font '../../../Engine/Content/Slate/Fonts/Roboto-Light.ttf' (159K)
[2018.03.01-02.37.28:543][564]LogSlate: Took 0.000153 seconds to synchronously load lazily loaded font '../../../Engine/Content/Slate/Fonts/Roboto-Light.ttf' (159K)
[2018.03.01-02.37.28:610][564]LogContentBrowser: Native class hierarchy updated for 'MaterialEditor' in 0.0003 seconds. Added 1 classes and 0 folders.
[2018.03.01-02.37.28:614][564]LogMaterial: Missing cached shader map for material Glass_Emissive, compiling. 
[2018.03.01-02.37.29:106][564]LogMaterial: Missing cached shader map for material Glass_Emissive, compiling. 
[2018.03.01-02.37.29:204][564]LogMaterial: Missing cached shader map for material Glass_Emissive, compiling. 
[2018.03.01-02.37.29:326][564]LogMaterial: Missing cached shader map for material FMatExpressionPreview MaterialExpressionVectorParameter_3, compiling. 
[2018.03.01-02.37.29:330][564]LogMaterial: Missing cached shader map for material FMatExpressionPreview MaterialExpressionVectorParameter_2, compiling. 
[2018.03.01-02.37.29:335][564]LogMaterial: Missing cached shader map for material FMatExpressionPreview MaterialExpressionTextureSampleParameter2D_0, compiling. 
[2018.03.01-02.37.29:339][564]LogMaterial: Missing cached shader map for material FMatExpressionPreview MaterialExpressionNoise_0, compiling. 
[2018.03.01-02.37.30:210][564]LogContentBrowser: Native class hierarchy updated for 'BlueprintGraph' in 0.0008 seconds. Added 116 classes and 0 folders.
[2018.03.01-02.37.31:340][564]LogMaterial: Missing cached shader map for material SubSurface_Glass, compiling. 
[2018.03.01-02.37.31:415][564]LogMaterial: Missing cached shader map for material SubSurface_Glass, compiling. 
[2018.03.01-02.37.31:673][564]LogMaterial: Missing cached shader map for material SubSurface_Glass, compiling. 
[2018.03.01-02.37.31:712][564]LogMaterial: Missing cached shader map for material SubSurface_Glass, compiling. 
[2018.03.01-02.37.31:797][564]LogSlate: Took 0.000407 seconds to synchronously load lazily loaded font '../../../Engine/Content/Editor/Slate/Fonts/Roboto-BoldCondensed.ttf' (158K)
[2018.03.01-02.37.36:433][684]LogRenderer: Reallocating scene render targets to support 1112x716 Format 26 NumSamples 1 (Frame:29).
[2018.03.01-02.37.57:537][547]MaterialEditorStats: Base pass shader: 578 instructions
[2018.03.01-02.37.57:538][547]MaterialEditorStats: Base pass shader with Surface Lightmap: 593 instructions
[2018.03.01-02.37.57:538][547]MaterialEditorStats: Base pass shader with Volumetric Lightmap: 650 instructions
[2018.03.01-02.37.57:538][547]MaterialEditorStats: Vertex shader: 206 instructions
[2018.03.01-02.37.57:538][547]MaterialEditorStats: Texture samplers: 5/16
[2018.03.01-02.37.57:538][547]MaterialEditorStats: User interpolators: 2/4 Scalars (1/4 Vectors) (TexCoords: 2, Custom: 0)
[2018.03.01-02.38.02:364][677]MaterialEditorStats: Base pass shader: 606 instructions
[2018.03.01-02.38.02:364][677]MaterialEditorStats: Base pass shader with Volumetric Lightmap: 677 instructions
[2018.03.01-02.38.02:364][677]MaterialEditorStats: Vertex shader: 204 instructions
[2018.03.01-02.38.02:364][677]MaterialEditorStats: Texture samplers: 5/16
[2018.03.01-02.38.27:502][744]LogSlate: Took 0.000215 seconds to synchronously load lazily loaded font '../../../Engine/Content/Editor/Slate/Fonts/Roboto-Italic.ttf' (157K)
[2018.03.01-02.38.35:326][177]LogTexture: Display: Building textures: HQ_Lightmap0_2 (AutoDXT, 64X64)
[2018.03.01-02.38.35:326][177]LogTexture: Display: Building textures: LQ_Lightmap_0_2 (DXT1, 64X64)
[2018.03.01-02.38.35:326][177]LogTexture: Display: Building textures: SkyOcclusion0_2 (AutoDXT, 64X32)
[2018.03.01-02.38.35:326][177]LogTexture: Display: Building textures: SkyOcclusion0_1 (AutoDXT, 512X256)
[2018.03.01-02.38.35:326][177]LogTexture: Display: Building textures: LQ_Lightmap_0_1 (DXT1, 512X512)
[2018.03.01-02.38.35:326][177]LogTexture: Display: Building textures: HQ_Lightmap0_1 (AutoDXT, 512X512)
[2018.03.01-02.38.39:116][341]LogAIModule: Creating AISystem for world Shop_Main
[2018.03.01-02.38.39:201][341]Cmd: MAP LOAD FILE="../../../../../../Users/darkm/Documents/GitHub/SushiShop/SushiShop/Content/SushiShop/Shop_Main.umap" TEMPLATE=0 SHOWPROGRESS=1 FEATURELEVEL=3
[2018.03.01-02.38.39:201][341]LightingResults: New page: Lighting Build
[2018.03.01-02.38.39:202][341]LoadErrors: New page: Loading map: Shop_Main.umap
[2018.03.01-02.38.39:203][341]MapCheck: New page: Map Check
[2018.03.01-02.38.39:203][341]LightingResults: New page: Lighting Build
[2018.03.01-02.38.39:238][341]LogEditorServer: Finished looking for orphan Actors (0.000 secs)
[2018.03.01-02.38.39:302][341]Cmd: MAP CHECKDEP NOCLEARLOG
[2018.03.01-02.38.39:378][341]MapCheck: Map check complete: 0 Error(s), 0 Warning(s), took 76.09ms to complete.
[2018.03.01-02.38.39:379][341]LogFileHelpers: Loading map 'Shop_Main' took 0.178
[2018.03.01-02.38.43:292][561]LogEditorViewport: Clicking on Actor (LMB): UI_C (Order_UI)
[2018.03.01-02.38.43:554][575]Cmd: CAMERA ALIGN ACTIVEVIEWPORTONLY
[2018.03.01-02.38.44:660][641]LogEditorViewport: Clicking on Actor (LMB): StaticMeshActor (InvertedBox)
[2018.03.01-02.38.45:422][674]LogTemp: Repeating last play command: Simulate
[2018.03.01-02.38.45:472][674]LogPlayLevel: PlayLevel: No blueprints needed recompiling
[2018.03.01-02.38.45:472][674]PIE: New page: SIE session: Shop_Main (Feb 28, 2018, 10:38:45 AM)
[2018.03.01-02.38.45:472][674]LogPlayLevel: Creating play world package: /Game/SushiShop/UEDPIE_0_Shop_Main
[2018.03.01-02.38.45:476][674]LogPlayLevel: PIE: StaticDuplicateObject took: (0.003650s)
[2018.03.01-02.38.45:477][674]LogAIModule: Creating AISystem for world Shop_Main
[2018.03.01-02.38.45:477][674]LogPlayLevel: PIE: World Init took: (0.000746s)
[2018.03.01-02.38.45:477][674]LogPlayLevel: PIE: Created PIE world by copying editor world from /Game/SushiShop/Shop_Main.Shop_Main to /Game/SushiShop/UEDPIE_0_Shop_Main.Shop_Main (0.004758s)
[2018.03.01-02.38.45:496][674]LogInit: XAudio2 using 'Speakers (Realtek High Definition Audio(SST))' : 2 channels at 48 kHz using 32 bits per sample (channel mask 0x3)
[2018.03.01-02.38.45:508][674]LogInit: FAudioDevice initialized.
[2018.03.01-02.38.45:554][674]LogUObjectGlobals: Warning: Failed to find object 'Class None.'
[2018.03.01-02.38.45:554][674]LogLoad: Game class is 'GameModeBase'
[2018.03.01-02.38.45:557][674]LogWorld: Bringing World /Game/SushiShop/UEDPIE_0_Shop_Main.Shop_Main up for play (max tick rate 60) at 2018.02.28-18.38.45
[2018.03.01-02.38.45:557][674]LogWorld: Bringing up level for play took: 0.002359
[2018.03.01-02.38.45:558][674]LogGameMode: FindPlayerStart: PATHS NOT DEFINED or NO PLAYERSTART with positive rating
[2018.03.01-02.38.45:603][674]LogContentBrowser: Native class hierarchy updated for 'MovieSceneCapture' in 0.0003 seconds. Added 11 classes and 0 folders.
[2018.03.01-02.38.45:606][674]LogBlueprintUserMessages: [BoatTrigger_5] Cast to Widget Class failed
[2018.03.01-02.38.45:606][674]PIE: Play in editor start time for /Game/SushiShop/UEDPIE_0_Shop_Main -0.392
[2018.03.01-02.38.45:697][676]LogBlueprintUserMessages: [Display_Order_C_3] Tuna
[2018.03.01-02.38.45:697][676]LogBlueprintUserMessages: [Display_Order_C_3] Salmon
[2018.03.01-02.38.45:697][676]LogBlueprintUserMessages: [Display_Order_C_3] Unagi
[2018.03.01-02.38.45:697][676]LogBlueprintUserMessages: [Display_Order_C_3] WhiteTuna
[2018.03.01-02.38.45:697][676]LogBlueprintUserMessages: [Display_Order_C_3] First Cast in Completion Status Failed
[2018.03.01-02.38.45:888][685]LogScriptCore: Warning: Script Msg: Attempted to access index 0 from array 'CallFunc_GetAllWidgetsOfClass_FoundWidgets' of length 0 in '/Game/SushiShop/BluePrints/BoatTrigger.BoatTrigger_C:ExecuteUbergraph_BoatTrigger'!
[2018.03.01-02.38.45:888][685]LogScript: Warning: Accessed None trying to read property CallFunc_Array_Get_Item
	BoatTrigger_C /Game/SushiShop/UEDPIE_0_Shop_Main.Shop_Main:PersistentLevel.BoatTrigger_5
	Function /Game/SushiShop/BluePrints/BoatTrigger.BoatTrigger_C:ExecuteUbergraph_BoatTrigger:0315
[2018.03.01-02.38.45:888][685]PIE: Error: Blueprint Runtime Error: Accessed None trying to read property CallFunc_Array_Get_Item from function: 'ExecuteUbergraph_BoatTrigger' from node: Completion Status in graph: EventGraph in object: BoatTrigger with description: Accessed None trying to read property CallFunc_Array_Get_Item
[2018.03.01-02.40.22:463][213]LogTemp: Repeating last play command: Simulate
[2018.03.01-02.40.22:483][213]LogPlayLevel: PlayLevel: No blueprints needed recompiling
[2018.03.01-02.40.22:484][213]PIE: New page: SIE session: Shop_Main (Feb 28, 2018, 10:40:22 AM)
[2018.03.01-02.40.22:484][213]LogPlayLevel: Creating play world package: /Game/SushiShop/UEDPIE_0_Shop_Main
[2018.03.01-02.40.22:486][213]LogPlayLevel: PIE: StaticDuplicateObject took: (0.002518s)
[2018.03.01-02.40.22:486][213]LogAIModule: Creating AISystem for world Shop_Main
[2018.03.01-02.40.22:487][213]LogPlayLevel: PIE: World Init took: (0.000498s)
[2018.03.01-02.40.22:487][213]LogPlayLevel: PIE: Created PIE world by copying editor world from /Game/SushiShop/Shop_Main.Shop_Main to /Game/SushiShop/UEDPIE_0_Shop_Main.Shop_Main (0.003206s)
[2018.03.01-02.40.22:506][213]LogInit: XAudio2 using 'Speakers (Realtek High Definition Audio(SST))' : 2 channels at 48 kHz using 32 bits per sample (channel mask 0x3)
[2018.03.01-02.40.22:519][213]LogInit: FAudioDevice initialized.
[2018.03.01-02.40.22:554][213]LogUObjectGlobals: Warning: Failed to find object 'Class None.'
[2018.03.01-02.40.22:554][213]LogLoad: Game class is 'GameModeBase'
[2018.03.01-02.40.22:556][213]LogWorld: Bringing World /Game/SushiShop/UEDPIE_0_Shop_Main.Shop_Main up for play (max tick rate 60) at 2018.02.28-18.40.22
[2018.03.01-02.40.22:557][213]LogWorld: Bringing up level for play took: 0.001841
[2018.03.01-02.40.22:557][213]LogGameMode: FindPlayerStart: PATHS NOT DEFINED or NO PLAYERSTART with positive rating
[2018.03.01-02.40.22:559][213]LogBlueprintUserMessages: [BoatTrigger_5] Cast to Widget Class failed
[2018.03.01-02.40.22:559][213]PIE: Play in editor start time for /Game/SushiShop/UEDPIE_0_Shop_Main 0.56
[2018.03.01-02.40.22:603][215]LogBlueprintUserMessages: [Display_Order_C_6] Tuna
[2018.03.01-02.40.22:603][215]LogBlueprintUserMessages: [Display_Order_C_6] Salmon
[2018.03.01-02.40.22:603][215]LogBlueprintUserMessages: [Display_Order_C_6] Unagi
[2018.03.01-02.40.22:603][215]LogBlueprintUserMessages: [Display_Order_C_6] WhiteTuna
[2018.03.01-02.40.22:603][215]LogBlueprintUserMessages: [Display_Order_C_6] First Cast in Completion Status Failed
[2018.03.01-02.40.22:786][226]LogScriptCore: Warning: Script Msg: Attempted to access index 0 from array 'CallFunc_GetAllWidgetsOfClass_FoundWidgets' of length 0 in '/Game/SushiShop/BluePrints/BoatTrigger.BoatTrigger_C:ExecuteUbergraph_BoatTrigger'!
[2018.03.01-02.40.22:786][226]LogScript: Warning: Accessed None trying to read property CallFunc_Array_Get_Item
	BoatTrigger_C /Game/SushiShop/UEDPIE_0_Shop_Main.Shop_Main:PersistentLevel.BoatTrigger_5
	Function /Game/SushiShop/BluePrints/BoatTrigger.BoatTrigger_C:ExecuteUbergraph_BoatTrigger:0315
[2018.03.01-02.40.22:786][226]PIE: Error: Blueprint Runtime Error: Accessed None trying to read property CallFunc_Array_Get_Item from function: 'ExecuteUbergraph_BoatTrigger' from node: Completion Status in graph: EventGraph in object: BoatTrigger with description: Accessed None trying to read property CallFunc_Array_Get_Item
[2018.03.01-02.40.36:469][ 42]LogEditorViewport: Clicking on Actor (LMB): StaticMeshActor (Floor2)
[2018.03.01-02.40.43:278][271]LogSavePackage: Save=57.95ms
[2018.03.01-02.40.43:278][271]LogSavePackage: Moving '../../../../../../Users/darkm/Documents/GitHub/SushiShop/SushiShop/Saved/Shop_Main1ACA39E640A4BB1501A60AAED689652F.tmp' to '../../../../../../Users/darkm/Documents/GitHub/SushiShop/SushiShop/Content/SushiShop/Shop_Main.umap'
[2018.03.01-02.40.43:282][271]LogSavePackage: Display: Finished SavePackage ../../../../../../Users/darkm/Documents/GitHub/SushiShop/SushiShop/Content/SushiShop/Shop_Main.umap
[2018.03.01-02.40.43:323][271]LogFileHelpers: Saving map 'Shop_Main' took 0.210
[2018.03.01-02.40.48:723][581]MapCheck: New page: Map Check
[2018.03.01-02.40.48:745][581]Cmd: MAP REBUILD ALLVISIBLE
[2018.03.01-02.40.48:745][581]LogEditorServer: Rebuildmap Clear paths rebuilt
[2018.03.01-02.40.48:788][581]LogMaterial: Missing cached shader map for material FDebugViewModeMaterialProxy MaterialInstanceDynamic_4, compiling. 
[2018.03.01-02.40.48:797][581]LogMaterial: Missing cached shader map for material FDebugViewModeMaterialProxy WorldGridMaterial, compiling. Is special engine material.
[2018.03.01-02.40.48:805][581]LogMaterial: Missing cached shader map for material FDebugViewModeMaterialProxy bamboo_light_Mat, compiling. 
[2018.03.01-02.40.48:814][581]LogMaterial: Missing cached shader map for material FDebugViewModeMaterialProxy glass_m_Inst, compiling. 
[2018.03.01-02.40.48:822][581]LogMaterial: Missing cached shader map for material FDebugViewModeMaterialProxy stainlessSteel_M_Inst, compiling. 
[2018.03.01-02.40.48:833][581]LogMaterial: Missing cached shader map for material FDebugViewModeMaterialProxy Water_Inst, compiling. 
[2018.03.01-02.40.48:844][581]LogMaterial: Missing cached shader map for material FDebugViewModeMaterialProxy lambert1, compiling. 
[2018.03.01-02.40.48:855][581]LogMaterial: Missing cached shader map for material FDebugViewModeMaterialProxy MI_SmallCubes, compiling. 
[2018.03.01-02.40.48:863][581]LogMaterial: Missing cached shader map for material FDebugViewModeMaterialProxy MatineeCam_mat, compiling. 
[2018.03.01-02.40.48:873][581]LogMaterial: Missing cached shader map for material FDebugViewModeMaterialProxy Glass_Emissive_Inst, compiling. 
[2018.03.01-02.40.49:872][581]TextureStreamingBuild: Display: Compiling optional shaders took 1.089 seconds.
[2018.03.01-02.40.49:935][581]LogLevel: Display: Export Material TexCoord Scales took 0.063 seconds.
[2018.03.01-02.40.49:947][581]TextureStreamingBuild: Display: Build Texture Streaming took 0.012 seconds.
[2018.03.01-02.40.49:970][581]LightingResults: New page: Lighting Build - Feb 28, 2018, 10:40:49 AM
[2018.03.01-02.40.50:007][581]LogSwarmInterface: [OpenConnection] Registering TCP channel ...
[2018.03.01-02.40.50:107][581]LogSwarmInterface: [OpenConnection] Connecting to agent ...
[2018.03.01-02.40.50:118][581]LogSwarmInterface: [TryOpenConnection] Testing the Agent
[2018.03.01-02.40.50:624][581]LogSwarmInterface: [TryOpenConnection] Opening Connection to Agent
[2018.03.01-02.40.50:624][581]LogSwarmInterface: [TryOpenConnection] Local Process ID is 6584
[2018.03.01-02.40.52:824][581]LogStaticLightingSystem: Running Lightmass w/ ImmediateImport mode ENABLED
[2018.03.01-02.40.52:824][581]LogStaticLightingSystem: Running Lightmass w/ ImmediateProcess mode ENABLED
[2018.03.01-02.40.52:824][581]LogStaticLightingSystem: Running Lightmass w/ Sorting mode ENABLED
[2018.03.01-02.40.52:824][581]LogStaticLightingSystem: Running Lightmass w/ Mapping paddings ENABLED
[2018.03.01-02.40.52:824][581]LogStaticLightingSystem: Running Lightmass w/ Mapping debug paddings DISABLED
[2018.03.01-02.40.52:971][581]Cmd: MAP CHECK DONTDISPLAYDIALOG
[2018.03.01-02.40.52:971][581]MapCheck: New page: Shop_Main - Feb 28, 2018, 10:40:52 AM
[2018.03.01-02.40.53:028][581]MapCheck: Map check complete: 0 Error(s), 0 Warning(s), took 57.495ms to complete.
[2018.03.01-02.40.53:051][581]LogEditorBuildUtils: Build time 0:04
[2018.03.01-02.40.54:773][642]LightingResults: Warning: SushiBar_2-21_GlassDoor5 Object has overlapping UVs.
[2018.03.01-02.40.54:773][642]LightingResults: SushiBar_2-21_GlassDoor5 Lightmap UV are overlapping by 50.1%. Please adjust content - Enable Error Coloring to visualize.
[2018.03.01-02.40.55:056][656]LightingResults: Warning: SushiBar_2-21_GlassDoor6 Object has overlapping UVs.
[2018.03.01-02.40.55:056][656]LightingResults: SushiBar_2-21_GlassDoor6 Lightmap UV are overlapping by 49.7%. Please adjust content - Enable Error Coloring to visualize.
[2018.03.01-02.40.55:277][667]LightingResults: Warning: SushiBar_2-21_GlassDoor3 Object has overlapping UVs.
[2018.03.01-02.40.55:277][667]LightingResults: SushiBar_2-21_GlassDoor3 Lightmap UV are overlapping by 50.0%. Please adjust content - Enable Error Coloring to visualize.
[2018.03.01-02.40.55:621][684]LightingResults: Warning: SushiBar_2-21_GlassDoor1 Object has overlapping UVs.
[2018.03.01-02.40.55:621][684]LightingResults: SushiBar_2-21_GlassDoor1 Lightmap UV are overlapping by 49.7%. Please adjust content - Enable Error Coloring to visualize.
[2018.03.01-02.40.55:682][687]LightingResults: Warning: BlossomSingle_polySurface5 Object has overlapping UVs.
[2018.03.01-02.40.55:682][687]LightingResults: BlossomSingle_polySurface5 Lightmap UV are overlapping by 31.0%. Please adjust content - Enable Error Coloring to visualize.
[2018.03.01-02.40.55:804][693]LightingResults: Warning: InvertedBox Object has overlapping UVs.
[2018.03.01-02.40.55:804][693]LightingResults: InvertedBox Lightmap UV are overlapping by 50.0%. Please adjust content - Enable Error Coloring to visualize.
[2018.03.01-02.40.55:905][698]LightingResults: Warning: SushiBar_2-21_GlassDoor2 Object has overlapping UVs.
[2018.03.01-02.40.55:905][698]LightingResults: SushiBar_2-21_GlassDoor2 Lightmap UV are overlapping by 49.9%. Please adjust content - Enable Error Coloring to visualize.
[2018.03.01-02.40.56:057][705]LightingResults: Warning: SushiBar_2-21_GlassDoor4 Object has overlapping UVs.
[2018.03.01-02.40.56:057][705]LightingResults: SushiBar_2-21_GlassDoor4 Lightmap UV are overlapping by 50.0%. Please adjust content - Enable Error Coloring to visualize.
[2018.03.01-02.40.56:154][710]Job is a success!
[2018.03.01-02.40.56:381][711]LogVolumetricLightmapImport: Imported Volumetric Lightmap in 0.012s
[2018.03.01-02.40.56:381][711]LogVolumetricLightmapImport:      Indirection Texture 16x16x16 = 0.0Mb
[2018.03.01-02.40.56:381][711]LogVolumetricLightmapImport:      BrickData 100x5x5 = 0.1Mb
[2018.03.01-02.40.56:381][711]LogVolumetricLightmapImport:      Bricks at Level
[2018.03.01-02.40.56:381][711]LogVolumetricLightmapImport:          0: 5.0% covering 100.0% of volume
[2018.03.01-02.40.56:381][711]LogVolumetricLightmapImport:          1: 5.0% covering 1.6% of volume
[2018.03.01-02.40.56:381][711]LogVolumetricLightmapImport:          2: 90.0% covering 0.4% of volume
[2018.03.01-02.40.56:800][711]LogTexture: Display: Building textures: SkyOcclusion1_1 (AutoDXT, 512X256)
[2018.03.01-02.40.56:800][711]LogTexture: Display: Building textures: HQ_Lightmap1_1 (AutoDXT, 512X512)
[2018.03.01-02.40.56:800][711]LogTexture: Display: Building textures: LQ_Lightmap_1_1 (DXT1, 512X512)
[2018.03.01-02.40.56:800][711]LogTexture: Display: Building textures: SkyOcclusion1_2 (AutoDXT, 64X32)
[2018.03.01-02.40.56:800][711]LogTexture: Display: Building textures: HQ_Lightmap1_2 (AutoDXT, 64X64)
[2018.03.01-02.40.56:800][711]LogTexture: Display: Building textures: LQ_Lightmap_1_2 (DXT1, 64X64)
[2018.03.01-02.40.56:856][711]LogTexture: Display: Building textures: ShadowMapTexture2D_1 (G8, 32X32)
[2018.03.01-02.40.56:857][711]LogTexture: Display: Building textures: ShadowMapTexture2D_0 (G8, 1024X128)
[2018.03.01-02.40.56:901][711]Lightmass on DESKTOP-2QNA1SC: 3.09 sec total, 150 ms importing, 28 ms setup, 523 ms photons, 2.38 sec processing, 0 ms extra exporting [33/33 mappings]. Threads: 16.5 sec total, 8.00 sec processing.
[2018.03.01-02.40.57:007][711]LogStaticLightingSystem: Illumination: 6.91 sec (337 ms encoding lightmaps, 32 ms encoding shadowmaps)
[2018.03.01-02.40.57:007][711]LogStaticLightingSystem: Lightmap texture memory:  0.7 MB (0.7 MB streaming, 0.0 MB non-streaming), 4 textures
[2018.03.01-02.40.57:007][711]LogStaticLightingSystem: Shadowmap texture memory: 0.2 MB (0.2 MB streaming, 0.0 MB non-streaming), 2 textures
[2018.03.01-02.41.01:829][711]DumpUnbuiltLightIteractions
[2018.03.01-02.41.01:829][711]Lights with unbuilt interactions: 0
[2018.03.01-02.41.01:829][711]
[2018.03.01-02.41.01:829][711]Primitives with unbuilt interactions: 0
[2018.03.01-02.41.01:844][712]Cmd: MAP CHECK NOTIFYRESULTS
[2018.03.01-02.41.01:844][712]MapCheck: New page: Shop_Main - Feb 28, 2018, 10:41:01 AM
[2018.03.01-02.41.01:900][712]MapCheck: Map check complete: 0 Error(s), 0 Warning(s), took 56.34ms to complete.
[2018.03.01-02.41.14:220][442]LogEditorViewport: Clicking on Actor (LMB): UI_C (Order_UI)
[2018.03.01-02.41.14:600][463]Cmd: CAMERA ALIGN ACTIVEVIEWPORTONLY
[2018.03.01-02.41.22:171][916]LogTemp: Repeating last play command: Simulate
[2018.03.01-02.41.22:191][916]LogPlayLevel: PlayLevel: No blueprints needed recompiling
[2018.03.01-02.41.22:191][916]PIE: New page: SIE session: Shop_Main (Feb 28, 2018, 10:41:22 AM)
[2018.03.01-02.41.22:191][916]LogPlayLevel: Creating play world package: /Game/SushiShop/UEDPIE_0_Shop_Main
[2018.03.01-02.41.22:195][916]LogPlayLevel: PIE: StaticDuplicateObject took: (0.003728s)
[2018.03.01-02.41.22:195][916]LogAIModule: Creating AISystem for world Shop_Main
[2018.03.01-02.41.22:196][916]LogPlayLevel: PIE: World Init took: (0.000726s)
[2018.03.01-02.41.22:196][916]LogPlayLevel: PIE: Created PIE world by copying editor world from /Game/SushiShop/Shop_Main.Shop_Main to /Game/SushiShop/UEDPIE_0_Shop_Main.Shop_Main (0.004751s)
[2018.03.01-02.41.22:213][916]LogInit: XAudio2 using 'Speakers (Realtek High Definition Audio(SST))' : 2 channels at 48 kHz using 32 bits per sample (channel mask 0x3)
[2018.03.01-02.41.22:226][916]LogInit: FAudioDevice initialized.
[2018.03.01-02.41.22:260][916]LogUObjectGlobals: Warning: Failed to find object 'Class None.'
[2018.03.01-02.41.22:261][916]LogLoad: Game class is 'GameModeBase'
[2018.03.01-02.41.22:263][916]LogWorld: Bringing World /Game/SushiShop/UEDPIE_0_Shop_Main.Shop_Main up for play (max tick rate 60) at 2018.02.28-18.41.22
[2018.03.01-02.41.22:263][916]LogWorld: Bringing up level for play took: 0.001911
[2018.03.01-02.41.22:264][916]LogGameMode: FindPlayerStart: PATHS NOT DEFINED or NO PLAYERSTART with positive rating
[2018.03.01-02.41.22:266][916]LogBlueprintUserMessages: [BoatTrigger_5] Cast to Widget Class failed
[2018.03.01-02.41.22:266][916]PIE: Play in editor start time for /Game/SushiShop/UEDPIE_0_Shop_Main 0.267
[2018.03.01-02.41.22:295][917]LogBlueprintUserMessages: [Display_Order_C_13] Tuna
[2018.03.01-02.41.22:295][917]LogBlueprintUserMessages: [Display_Order_C_13] Salmon
[2018.03.01-02.41.22:295][917]LogBlueprintUserMessages: [Display_Order_C_13] Unagi
[2018.03.01-02.41.22:295][917]LogBlueprintUserMessages: [Display_Order_C_13] WhiteTuna
[2018.03.01-02.41.22:295][917]LogBlueprintUserMessages: [Display_Order_C_13] First Cast in Completion Status Failed
[2018.03.01-02.41.22:510][930]LogScriptCore: Warning: Script Msg: Attempted to access index 0 from array 'CallFunc_GetAllWidgetsOfClass_FoundWidgets' of length 0 in '/Game/SushiShop/BluePrints/BoatTrigger.BoatTrigger_C:ExecuteUbergraph_BoatTrigger'!
[2018.03.01-02.41.22:510][930]LogScript: Warning: Accessed None trying to read property CallFunc_Array_Get_Item
	BoatTrigger_C /Game/SushiShop/UEDPIE_0_Shop_Main.Shop_Main:PersistentLevel.BoatTrigger_5
	Function /Game/SushiShop/BluePrints/BoatTrigger.BoatTrigger_C:ExecuteUbergraph_BoatTrigger:0315
[2018.03.01-02.41.22:510][930]PIE: Error: Blueprint Runtime Error: Accessed None trying to read property CallFunc_Array_Get_Item from function: 'ExecuteUbergraph_BoatTrigger' from node: Completion Status in graph: EventGraph in object: BoatTrigger with description: Accessed None trying to read property CallFunc_Array_Get_Item
[2018.03.01-02.41.57:668][410]LogEditorViewport: Clicking on Actor (LMB): UI_C (Order_UI)
[2018.03.01-02.41.59:150][497]LogEditorViewport: Clicking on Actor (LMB): StaticMeshActor (InvertedBox)
[2018.03.01-02.42.21:248][819]LogEditorViewport: Clicking on Actor (LMB): UI_C (Order_UI)
[2018.03.01-02.42.23:621][959]LogEditorViewport: Clicking on Actor (LMB): StaticMeshActor (InvertedBox)
[2018.03.01-02.42.24:712][ 21]LogEditorViewport: Clicking on Actor (LMB): UI_C (Order_UI)
[2018.03.01-02.42.28:238][226]LogEditorViewport: Clicking on Actor (LMB): StaticMeshActor (InvertedBox)
[2018.03.01-02.42.33:737][550]LogTemp: Repeating last play command: Simulate
[2018.03.01-02.42.33:760][550]LogPlayLevel: PlayLevel: No blueprints needed recompiling
[2018.03.01-02.42.33:761][550]PIE: New page: SIE session: Shop_Main (Feb 28, 2018, 10:42:33 AM)
[2018.03.01-02.42.33:761][550]LogPlayLevel: Creating play world package: /Game/SushiShop/UEDPIE_0_Shop_Main
[2018.03.01-02.42.33:764][550]LogPlayLevel: PIE: StaticDuplicateObject took: (0.003385s)
[2018.03.01-02.42.33:765][550]LogAIModule: Creating AISystem for world Shop_Main
[2018.03.01-02.42.33:765][550]LogPlayLevel: PIE: World Init took: (0.000616s)
[2018.03.01-02.42.33:765][550]LogPlayLevel: PIE: Created PIE world by copying editor world from /Game/SushiShop/Shop_Main.Shop_Main to /Game/SushiShop/UEDPIE_0_Shop_Main.Shop_Main (0.004246s)
[2018.03.01-02.42.33:785][550]LogInit: XAudio2 using 'Speakers (Realtek High Definition Audio(SST))' : 2 channels at 48 kHz using 32 bits per sample (channel mask 0x3)
[2018.03.01-02.42.33:800][550]LogInit: FAudioDevice initialized.
[2018.03.01-02.42.33:843][550]LogUObjectGlobals: Warning: Failed to find object 'Class None.'
[2018.03.01-02.42.33:843][550]LogLoad: Game class is 'GameModeBase'
[2018.03.01-02.42.33:846][550]LogWorld: Bringing World /Game/SushiShop/UEDPIE_0_Shop_Main.Shop_Main up for play (max tick rate 60) at 2018.02.28-18.42.33
[2018.03.01-02.42.33:846][550]LogWorld: Bringing up level for play took: 0.002403
[2018.03.01-02.42.33:847][550]LogGameMode: FindPlayerStart: PATHS NOT DEFINED or NO PLAYERSTART with positive rating
[2018.03.01-02.42.33:850][550]LogBlueprintUserMessages: [BoatTrigger_5] Cast to Widget Class failed
[2018.03.01-02.42.33:850][550]PIE: Play in editor start time for /Game/SushiShop/UEDPIE_0_Shop_Main -0.149
[2018.03.01-02.42.33:914][552]LogBlueprintUserMessages: [Display_Order_C_16] Tuna
[2018.03.01-02.42.33:914][552]LogBlueprintUserMessages: [Display_Order_C_16] Salmon
[2018.03.01-02.42.33:914][552]LogBlueprintUserMessages: [Display_Order_C_16] Unagi
[2018.03.01-02.42.33:914][552]LogBlueprintUserMessages: [Display_Order_C_16] WhiteTuna
[2018.03.01-02.42.33:914][552]LogBlueprintUserMessages: [Display_Order_C_16] First Cast in Completion Status Failed
[2018.03.01-02.42.34:109][563]LogScriptCore: Warning: Script Msg: Attempted to access index 0 from array 'CallFunc_GetAllWidgetsOfClass_FoundWidgets' of length 0 in '/Game/SushiShop/BluePrints/BoatTrigger.BoatTrigger_C:ExecuteUbergraph_BoatTrigger'!
[2018.03.01-02.42.34:109][563]LogScript: Warning: Accessed None trying to read property CallFunc_Array_Get_Item
	BoatTrigger_C /Game/SushiShop/UEDPIE_0_Shop_Main.Shop_Main:PersistentLevel.BoatTrigger_5
	Function /Game/SushiShop/BluePrints/BoatTrigger.BoatTrigger_C:ExecuteUbergraph_BoatTrigger:0315
[2018.03.01-02.42.34:110][563]PIE: Error: Blueprint Runtime Error: Accessed None trying to read property CallFunc_Array_Get_Item from function: 'ExecuteUbergraph_BoatTrigger' from node: Completion Status in graph: EventGraph in object: BoatTrigger with description: Accessed None trying to read property CallFunc_Array_Get_Item
[2018.03.01-02.42.36:072][676]MapCheck: New page: Map Check
[2018.03.01-02.42.36:088][676]Cmd: MAP REBUILD ALLVISIBLE
[2018.03.01-02.42.36:088][676]LogEditorServer: Rebuildmap Clear paths rebuilt
[2018.03.01-02.42.36:244][676]LogMaterial: Missing cached shader map for material FDebugViewModeMaterialProxy MaterialInstanceDynamic_9, compiling. 
[2018.03.01-02.42.36:253][676]LogMaterial: Missing cached shader map for material FDebugViewModeMaterialProxy WorldGridMaterial, compiling. Is special engine material.
[2018.03.01-02.42.36:260][676]LogMaterial: Missing cached shader map for material FDebugViewModeMaterialProxy bamboo_light_Mat, compiling. 
[2018.03.01-02.42.36:268][676]LogMaterial: Missing cached shader map for material FDebugViewModeMaterialProxy glass_m_Inst, compiling. 
[2018.03.01-02.42.36:276][676]LogMaterial: Missing cached shader map for material FDebugViewModeMaterialProxy stainlessSteel_M_Inst, compiling. 
[2018.03.01-02.42.36:286][676]LogMaterial: Missing cached shader map for material FDebugViewModeMaterialProxy Water_Inst, compiling. 
[2018.03.01-02.42.36:296][676]LogMaterial: Missing cached shader map for material FDebugViewModeMaterialProxy lambert1, compiling. 
[2018.03.01-02.42.36:305][676]LogMaterial: Missing cached shader map for material FDebugViewModeMaterialProxy MI_SmallCubes, compiling. 
[2018.03.01-02.42.36:315][676]LogMaterial: Missing cached shader map for material FDebugViewModeMaterialProxy MatineeCam_mat, compiling. 
[2018.03.01-02.42.36:326][676]LogMaterial: Missing cached shader map for material FDebugViewModeMaterialProxy Glass_Emissive_Inst, compiling. 
[2018.03.01-02.42.37:476][676]TextureStreamingBuild: Display: Compiling optional shaders took 1.234 seconds.
[2018.03.01-02.42.37:586][676]LogLevel: Display: Export Material TexCoord Scales took 0.111 seconds.
[2018.03.01-02.42.37:861][676]TextureStreamingBuild: Display: Build Texture Streaming took 0.269 seconds.
[2018.03.01-02.42.37:887][676]LightingResults: New page: Lighting Build - Feb 28, 2018, 10:42:37 AM
[2018.03.01-02.42.37:911][676]LogSwarmInterface: [OpenConnection] Registering TCP channel ...
[2018.03.01-02.42.37:915][676]LogSwarmInterface: [OpenConnection] Connecting to agent ...
[2018.03.01-02.42.37:915][676]LogSwarmInterface: [TryOpenConnection] Testing the Agent
[2018.03.01-02.42.37:916][676]LogSwarmInterface: [TryOpenConnection] Opening Connection to Agent
[2018.03.01-02.42.37:916][676]LogSwarmInterface: [TryOpenConnection] Local Process ID is 6584
[2018.03.01-02.42.42:434][676]LogStaticLightingSystem: Running Lightmass w/ ImmediateImport mode ENABLED
[2018.03.01-02.42.42:434][676]LogStaticLightingSystem: Running Lightmass w/ ImmediateProcess mode ENABLED
[2018.03.01-02.42.42:434][676]LogStaticLightingSystem: Running Lightmass w/ Sorting mode ENABLED
[2018.03.01-02.42.42:434][676]LogStaticLightingSystem: Running Lightmass w/ Mapping paddings ENABLED
[2018.03.01-02.42.42:434][676]LogStaticLightingSystem: Running Lightmass w/ Mapping debug paddings DISABLED
[2018.03.01-02.42.42:552][676]Cmd: MAP CHECK DONTDISPLAYDIALOG
[2018.03.01-02.42.42:552][676]MapCheck: New page: Shop_Main - Feb 28, 2018, 10:42:42 AM
[2018.03.01-02.42.42:607][676]MapCheck: Map check complete: 0 Error(s), 0 Warning(s), took 54.905ms to complete.
[2018.03.01-02.42.42:630][676]LogEditorBuildUtils: Build time 0:06
[2018.03.01-02.42.44:202][722]LightingResults: Warning: SushiBar_2-21_GlassDoor5 Object has overlapping UVs.
[2018.03.01-02.42.44:202][722]LightingResults: SushiBar_2-21_GlassDoor5 Lightmap UV are overlapping by 50.1%. Please adjust content - Enable Error Coloring to visualize.
[2018.03.01-02.42.44:454][729]LightingResults: Warning: SushiBar_2-21_GlassDoor6 Object has overlapping UVs.
[2018.03.01-02.42.44:455][729]LightingResults: SushiBar_2-21_GlassDoor6 Lightmap UV are overlapping by 49.7%. Please adjust content - Enable Error Coloring to visualize.
[2018.03.01-02.42.44:687][735]LightingResults: Warning: SushiBar_2-21_GlassDoor3 Object has overlapping UVs.
[2018.03.01-02.42.44:687][735]LightingResults: SushiBar_2-21_GlassDoor3 Lightmap UV are overlapping by 50.0%. Please adjust content - Enable Error Coloring to visualize.
[2018.03.01-02.42.45:032][743]LightingResults: Warning: SushiBar_2-21_GlassDoor1 Object has overlapping UVs.
[2018.03.01-02.42.45:032][743]LightingResults: SushiBar_2-21_GlassDoor1 Lightmap UV are overlapping by 49.7%. Please adjust content - Enable Error Coloring to visualize.
[2018.03.01-02.42.45:082][744]LightingResults: Warning: BlossomSingle_polySurface5 Object has overlapping UVs.
[2018.03.01-02.42.45:082][744]LightingResults: BlossomSingle_polySurface5 Lightmap UV are overlapping by 31.0%. Please adjust content - Enable Error Coloring to visualize.
[2018.03.01-02.42.45:204][747]LightingResults: Warning: InvertedBox Object has overlapping UVs.
[2018.03.01-02.42.45:204][747]LightingResults: InvertedBox Lightmap UV are overlapping by 50.0%. Please adjust content - Enable Error Coloring to visualize.
[2018.03.01-02.42.45:295][749]LightingResults: Warning: SushiBar_2-21_GlassDoor2 Object has overlapping UVs.
[2018.03.01-02.42.45:295][749]LightingResults: SushiBar_2-21_GlassDoor2 Lightmap UV are overlapping by 49.9%. Please adjust content - Enable Error Coloring to visualize.
[2018.03.01-02.42.45:407][752]LightingResults: Warning: SushiBar_2-21_GlassDoor4 Object has overlapping UVs.
[2018.03.01-02.42.45:407][752]LightingResults: SushiBar_2-21_GlassDoor4 Lightmap UV are overlapping by 50.0%. Please adjust content - Enable Error Coloring to visualize.
[2018.03.01-02.42.45:500][755]Job is a success!
[2018.03.01-02.42.45:659][757]LogVolumetricLightmapImport: Imported Volumetric Lightmap in 0.006s
[2018.03.01-02.42.45:659][757]LogVolumetricLightmapImport:      Indirection Texture 16x16x16 = 0.0Mb
[2018.03.01-02.42.45:659][757]LogVolumetricLightmapImport:      BrickData 100x5x5 = 0.1Mb
[2018.03.01-02.42.45:659][757]LogVolumetricLightmapImport:      Bricks at Level
[2018.03.01-02.42.45:659][757]LogVolumetricLightmapImport:          0: 5.0% covering 100.0% of volume
[2018.03.01-02.42.45:659][757]LogVolumetricLightmapImport:          1: 5.0% covering 1.6% of volume
[2018.03.01-02.42.45:659][757]LogVolumetricLightmapImport:          2: 90.0% covering 0.4% of volume
[2018.03.01-02.42.46:040][757]LogTexture: Display: Building textures: SkyOcclusion0_1 (AutoDXT, 512X256)
[2018.03.01-02.42.46:040][757]LogTexture: Display: Building textures: HQ_Lightmap0_1 (AutoDXT, 512X512)
[2018.03.01-02.42.46:040][757]LogTexture: Display: Building textures: SkyOcclusion0_2 (AutoDXT, 64X32)
[2018.03.01-02.42.46:040][757]LogTexture: Display: Building textures: HQ_Lightmap0_2 (AutoDXT, 64X64)
[2018.03.01-02.42.46:040][757]LogTexture: Display: Building textures: LQ_Lightmap_0_2 (DXT1, 64X64)
[2018.03.01-02.42.46:040][757]LogTexture: Display: Building textures: LQ_Lightmap_0_1 (DXT1, 512X512)
[2018.03.01-02.42.46:105][757]LogTexture: Display: Building textures: ShadowMapTexture2D_3 (G8, 32X32)
[2018.03.01-02.42.46:105][757]LogTexture: Display: Building textures: ShadowMapTexture2D_2 (G8, 1024X128)
[2018.03.01-02.42.46:136][757]Lightmass on DESKTOP-2QNA1SC: 2.91 sec total, 148 ms importing, 29 ms setup, 530 ms photons, 2.18 sec processing, 0 ms extra exporting [33/33 mappings]. Threads: 15.1 sec total, 7.59 sec processing.
[2018.03.01-02.42.46:225][757]LogStaticLightingSystem: Illumination: 8.25 sec (350 ms encoding lightmaps, 29 ms encoding shadowmaps)
[2018.03.01-02.42.46:225][757]LogStaticLightingSystem: Lightmap texture memory:  0.7 MB (0.7 MB streaming, 0.0 MB non-streaming), 4 textures
[2018.03.01-02.42.46:225][757]LogStaticLightingSystem: Shadowmap texture memory: 0.2 MB (0.2 MB streaming, 0.0 MB non-streaming), 2 textures
[2018.03.01-02.42.46:431][757]DumpUnbuiltLightIteractions
[2018.03.01-02.42.46:431][757]Lights with unbuilt interactions: 0
[2018.03.01-02.42.46:431][757]
[2018.03.01-02.42.46:431][757]Primitives with unbuilt interactions: 0
[2018.03.01-02.42.46:440][758]Cmd: MAP CHECK NOTIFYRESULTS
[2018.03.01-02.42.46:440][758]MapCheck: New page: Shop_Main - Feb 28, 2018, 10:42:46 AM
[2018.03.01-02.42.46:498][758]MapCheck: Map check complete: 0 Error(s), 0 Warning(s), took 58.213ms to complete.
[2018.03.01-02.43.28:561][817]LogEditorViewport: Clicking on Actor (LMB): UI_C (Order_UI)
[2018.03.01-02.43.28:866][833]Cmd: CAMERA ALIGN ACTIVEVIEWPORTONLY
[2018.03.01-02.43.34:974][  5]LogSavePackage: Save=66.39ms
[2018.03.01-02.43.34:974][  5]LogSavePackage: Moving '../../../../../../Users/darkm/Documents/GitHub/SushiShop/SushiShop/Saved/Shop_Main9D47C6754934FF02705B999D53CDA274.tmp' to '../../../../../../Users/darkm/Documents/GitHub/SushiShop/SushiShop/Content/SushiShop/Shop_Main.umap'
[2018.03.01-02.43.34:976][  5]LogSavePackage: Display: Finished SavePackage ../../../../../../Users/darkm/Documents/GitHub/SushiShop/SushiShop/Content/SushiShop/Shop_Main.umap
[2018.03.01-02.43.35:024][  5]LogFileHelpers: Saving map 'Shop_Main' took 0.227
[2018.03.01-02.43.35:027][  5]Cmd: OBJ SAVEPACKAGE PACKAGE="/Game/SushiShop/Shop_Main_BuiltData" FILE="../../../../../../Users/darkm/Documents/GitHub/SushiShop/SushiShop/Content/SushiShop/Shop_Main_BuiltData.uasset" SILENT=true
[2018.03.01-02.43.35:140][  5]LogSavePackage: Save=76.26ms
[2018.03.01-02.43.35:140][  5]LogSavePackage: Moving '../../../../../../Users/darkm/Documents/GitHub/SushiShop/SushiShop/Saved/Shop_Main_BuiltData81FD5F85424BA456E6A223877F9E5A27.tmp' to '../../../../../../Users/darkm/Documents/GitHub/SushiShop/SushiShop/Content/SushiShop/Shop_Main_BuiltData.uasset'
[2018.03.01-02.43.35:143][  5]LogSavePackage: Display: Finished SavePackage ../../../../../../Users/darkm/Documents/GitHub/SushiShop/SushiShop/Content/SushiShop/Shop_Main_BuiltData.uasset
[2018.03.01-02.43.35:912][ 19]LogSavePackage: Save=71.43ms
[2018.03.01-02.43.35:912][ 19]LogSavePackage: Moving '../../../../../../Users/darkm/Documents/GitHub/SushiShop/SushiShop/Saved/Shop_Main2DBBD59F4E0A1584A260BBA44878C952.tmp' to '../../../../../../Users/darkm/Documents/GitHub/SushiShop/SushiShop/Content/SushiShop/Shop_Main.umap'
[2018.03.01-02.43.35:915][ 19]LogSavePackage: Display: Finished SavePackage ../../../../../../Users/darkm/Documents/GitHub/SushiShop/SushiShop/Content/SushiShop/Shop_Main.umap
[2018.03.01-02.43.35:954][ 19]Cmd: OBJ SAVEPACKAGE PACKAGE="/Game/SushiShop/Shop_Main_BuiltData" FILE="../../../../../../Users/darkm/Documents/GitHub/SushiShop/SushiShop/Content/SushiShop/Shop_Main_BuiltData.uasset" SILENT=true
[2018.03.01-02.43.36:059][ 19]LogSavePackage: Save=73.73ms
[2018.03.01-02.43.36:059][ 19]LogSavePackage: Moving '../../../../../../Users/darkm/Documents/GitHub/SushiShop/SushiShop/Saved/Shop_Main_BuiltDataED07C3CB42031A628A83AF9FD073B872.tmp' to '../../../../../../Users/darkm/Documents/GitHub/SushiShop/SushiShop/Content/SushiShop/Shop_Main_BuiltData.uasset'
[2018.03.01-02.43.36:061][ 19]LogSavePackage: Display: Finished SavePackage ../../../../../../Users/darkm/Documents/GitHub/SushiShop/SushiShop/Content/SushiShop/Shop_Main_BuiltData.uasset
[2018.03.01-02.43.41:074][180]LogD3D11RHI: Error: Result failed 
 at D:\Build\++UE4+Release-4.18+Compile\Sync\Engine\Source\Runtime\Windows\D3D11RHI\Private\D3D11Viewport.cpp:289 
 with error DXGI_ERROR_DEVICE_REMOVED DXGI_ERROR_DEVICE_HUNG
[2018.03.01-02.43.41:074][180]LogWindows: Windows GetLastError: The operation completed successfully. (0)
[2018.03.01-02.43.42:035][180]LogWindows: Windows GetLastError: The operation completed successfully. (0)
[2018.03.01-02.43.42:035][180]LogWindows: Error: === Critical error: ===
[2018.03.01-02.43.42:035][180]LogWindows: Error: 
[2018.03.01-02.43.42:035][180]LogWindows: Error: Fatal error: [File:D:\Build\++UE4+Release-4.18+Compile\Sync\Engine\Source\Runtime\RenderCore\Private\RenderingThread.cpp] [Line: 813] 
[2018.03.01-02.43.42:035][180]LogWindows: Error: Rendering thread exception:
[2018.03.01-02.43.42:035][180]LogWindows: Error: Fatal error: [File:D:\Build\++UE4+Release-4.18+Compile\Sync\Engine\Source\Runtime\Windows\D3D11RHI\Private\D3D11Util.cpp] [Line: 182] 
[2018.03.01-02.43.42:035][180]LogWindows: Error: Unreal Engine is exiting due to D3D device being lost. (Error: 0x887A0006 - 'HUNG')
[2018.03.01-02.43.42:035][180]LogWindows: Error: 
[2018.03.01-02.43.42:035][180]LogWindows: Error: 
[2018.03.01-02.43.42:035][180]LogWindows: Error: [Callstack] 0x0000000063024008 KERNELBASE.dll!UnknownFunction []
[2018.03.01-02.43.42:035][180]LogWindows: Error: [Callstack] 0x000000004CD976D4 UE4Editor-ApplicationCore.dll!UnknownFunction []
[2018.03.01-02.43.42:035][180]LogWindows: Error: [Callstack] 0x000000002FF8330B UE4Editor-Core.dll!UnknownFunction []
[2018.03.01-02.43.42:035][180]LogWindows: Error: [Callstack] 0x000000002FF147F9 UE4Editor-Core.dll!UnknownFunction []
[2018.03.01-02.43.42:035][180]LogWindows: Error: [Callstack] 0x00000000065179FF UE4Editor-D3D11RHI.dll!UnknownFunction []
[2018.03.01-02.43.42:035][180]LogWindows: Error: [Callstack] 0x000000000651BBC0 UE4Editor-D3D11RHI.dll!UnknownFunction []
[2018.03.01-02.43.42:036][180]LogWindows: Error: [Callstack] 0x00000000064FB3FA UE4Editor-D3D11RHI.dll!UnknownFunction []
[2018.03.01-02.43.42:036][180]LogWindows: Error: [Callstack] 0x00000000064FB35E UE4Editor-D3D11RHI.dll!UnknownFunction []
[2018.03.01-02.43.42:036][180]LogWindows: Error: [Callstack] 0x00000000065083E8 UE4Editor-D3D11RHI.dll!UnknownFunction []
[2018.03.01-02.43.42:036][180]LogWindows: Error: [Callstack] 0x0000000044D4E4F7 UE4Editor-RHI.dll!UnknownFunction []
[2018.03.01-02.43.42:036][180]LogWindows: Error: [Callstack] 0x00000000062E0B45 UE4Editor-SlateRHIRenderer.dll!UnknownFunction []
[2018.03.01-02.43.42:036][180]LogWindows: Error: [Callstack] 0x00000000062E60A9 UE4Editor-SlateRHIRenderer.dll!UnknownFunction []
[2018.03.01-02.43.42:036][180]LogWindows: Error: [Callstack] 0x000000002FDE4845 UE4Editor-Core.dll!UnknownFunction []
[2018.03.01-02.43.42:036][180]LogWindows: Error: [Callstack] 0x000000002FDE4E2A UE4Editor-Core.dll!UnknownFunction []
[2018.03.01-02.43.42:036][180]LogWindows: Error: [Callstack] 0x00000000515A22C4 UE4Editor-RenderCore.dll!UnknownFunction []
[2018.03.01-02.43.42:036][180]LogWindows: Error: [Callstack] 0x00000000515A32F6 UE4Editor-RenderCore.dll!UnknownFunction []
[2018.03.01-02.43.42:036][180]LogWindows: Error: [Callstack] 0x000000003018092C UE4Editor-Core.dll!UnknownFunction []
[2018.03.01-02.43.42:036][180]LogWindows: Error: [Callstack] 0x0000000030172563 UE4Editor-Core.dll!UnknownFunction []
[2018.03.01-02.43.42:036][180]LogWindows: Error: [Callstack] 0x0000000066591FE4 KERNEL32.DLL!UnknownFunction []
[2018.03.01-02.43.42:036][180]LogWindows: Error: [Callstack] 0x000000006686EFC1 ntdll.dll!UnknownFunction []
[2018.03.01-02.43.42:036][180]LogWindows: Error: [Callstack] 0x000000006686EFC1 ntdll.dll!UnknownFunction []
[2018.03.01-02.43.42:036][180]LogWindows: Error: 
[2018.03.01-02.43.42:036][180]LogWindows: Error: 
[2018.03.01-02.43.42:036][180]LogWindows: Error: 
[2018.03.01-02.43.42:036][180]LogWindows: Error: 
[2018.03.01-02.43.42:065][180]LogExit: Executing StaticShutdownAfterError
[2018.03.01-02.43.42:071][180]LogWindows: FPlatformMisc::RequestExit(1)
[2018.03.01-02.43.42:071][180]Log file closed, 02/28/18 18:43:42
