Log file open, 04/04/18 20:55:46
LogWindows: Failed to load 'aqProf.dll' (GetLastError=126)
LogWindows: File 'aqProf.dll' does not exist
LogWindows: Failed to load 'VSPerf140.dll' (GetLastError=126)
LogWindows: File 'VSPerf140.dll' does not exist
LogWindows: Failed to load 'VtuneApi.dll' (GetLastError=126)
LogWindows: File 'VtuneApi.dll' does not exist
LogWindows: Failed to load 'VtuneApi32e.dll' (GetLastError=126)
LogWindows: File 'VtuneApi32e.dll' does not exist
LogInit: Display: Running engine for game: SushiShop
LogPlatformFile: Not using cached read wrapper
LogInit: Display: RandInit(1592972815) SRandInit(1592972815).
LogInit: Read version file with build ID '3709383'
LogInit: Overriding engine version to CL 3832480, compatible CL 3709383
LogInit: Registered custom module enumerator with build ID '3709383'
LogTaskGraph: Started task graph with 5 named threads and 14 total threads with 3 sets of task threads.
LogStats: Stats thread started at 0.148889
LogD3D11RHI: Aftermath initialized
LogModuleManager: Display: Found up-to-date module file ../../../Engine/Plugins/2D/Paper2D/Binaries/Win64/UE4Editor-Paper2D.dll (API version 3709383).
LogModuleManager: Display: Found up-to-date module file ../../../Engine/Plugins/2D/Paper2D/Binaries/Win64/UE4Editor-Paper2DEditor.dll (API version 3709383).
LogModuleManager: Display: Found up-to-date module file ../../../Engine/Plugins/2D/Paper2D/Binaries/Win64/UE4Editor-PaperSpriteSheetImporter.dll (API version 3709383).
LogModuleManager: Display: Found up-to-date module file ../../../Engine/Plugins/2D/Paper2D/Binaries/Win64/UE4Editor-PaperTiledImporter.dll (API version 3709383).
LogModuleManager: Display: Found up-to-date module file ../../../Engine/Plugins/2D/Paper2D/Binaries/Win64/UE4Editor-SmartSnapping.dll (API version 3709383).
LogModuleManager: Display: Found up-to-date module file ../../../Engine/Plugins/Blendables/LightPropagationVolume/Binaries/Win64/UE4Editor-LightPropagationVolumeRuntime.dll (API version 3709383).
LogModuleManager: Display: Found up-to-date module file ../../../Engine/Plugins/Blendables/LightPropagationVolume/Binaries/Win64/UE4Editor-LightPropagationVolumeEditor.dll (API version 3709383).
LogModuleManager: Display: Found up-to-date module file ../../../Engine/Plugins/Developer/GitSourceControl/Binaries/Win64/UE4Editor-GitSourceControl.dll (API version 3709383).
LogModuleManager: Display: Found up-to-date module file ../../../Engine/Plugins/Developer/PerforceSourceControl/Binaries/Win64/UE4Editor-PerforceSourceControl.dll (API version 3709383).
LogModuleManager: Display: Found up-to-date module file ../../../Engine/Plugins/Developer/SubversionSourceControl/Binaries/Win64/UE4Editor-SubversionSourceControl.dll (API version 3709383).
LogModuleManager: Display: Found up-to-date module file ../../../Engine/Plugins/Developer/UObjectPlugin/Binaries/Win64/UE4Editor-UObjectPlugin.dll (API version 3709383).
LogModuleManager: Display: Found up-to-date module file ../../../Engine/Plugins/Developer/VisualStudioCodeSourceCodeAccess/Binaries/Win64/UE4Editor-VisualStudioCodeSourceCodeAccess.dll (API version 3709383).
LogModuleManager: Display: Found up-to-date module file ../../../Engine/Plugins/Developer/VisualStudioSourceCodeAccess/Binaries/Win64/UE4Editor-VisualStudioSourceCodeAccess.dll (API version 3709383).
LogModuleManager: Display: Found up-to-date module file ../../../Engine/Plugins/Editor/AssetManagerEditor/Binaries/Win64/UE4Editor-AssetManagerEditor.dll (API version 3709383).
LogModuleManager: Display: Found up-to-date module file ../../../Engine/Plugins/Editor/AudioCapture/Binaries/Win64/UE4Editor-AudioCapture.dll (API version 3709383).
LogModuleManager: Display: Found up-to-date module file ../../../Engine/Plugins/Editor/FacialAnimation/Binaries/Win64/UE4Editor-FacialAnimation.dll (API version 3709383).
LogModuleManager: Display: Found up-to-date module file ../../../Engine/Plugins/Editor/FacialAnimation/Binaries/Win64/UE4Editor-FacialAnimationEditor.dll (API version 3709383).
LogModuleManager: Display: Found up-to-date module file ../../../Engine/Plugins/Editor/GameplayTagsEditor/Binaries/Win64/UE4Editor-GameplayTagsEditor.dll (API version 3709383).
LogModuleManager: Display: Found up-to-date module file ../../../Engine/Plugins/Editor/MobileLauncherProfileWizard/Binaries/Win64/UE4Editor-MobileLauncherProfileWizard.dll (API version 3709383).
LogModuleManager: Display: Found up-to-date module file ../../../Engine/Plugins/Editor/PluginBrowser/Binaries/Win64/UE4Editor-PluginBrowser.dll (API version 3709383).
LogModuleManager: Display: Found up-to-date module file ../../../Engine/Plugins/Editor/SpeedTreeImporter/Binaries/Win64/UE4Editor-SpeedTreeImporter.dll (API version 3709383).
LogModuleManager: Display: Found up-to-date module file ../../../Engine/Plugins/Experimental/AlembicImporter/Binaries/Win64/UE4Editor-AlembicImporter.dll (API version 3709383).
LogModuleManager: Display: Found up-to-date module file ../../../Engine/Plugins/Experimental/AlembicImporter/Binaries/Win64/UE4Editor-AlembicLibrary.dll (API version 3709383).
LogModuleManager: Display: Found up-to-date module file ../../../Engine/Plugins/Experimental/CharacterAI/Binaries/Win64/UE4Editor-CharacterAI.dll (API version 3709383).
LogModuleManager: Display: Found up-to-date module file ../../../Engine/Plugins/Experimental/HTML5Networking/Binaries/Win64/UE4Editor-HTML5Networking.dll (API version 3709383).
LogModuleManager: Display: Found up-to-date module file ../../../Engine/Plugins/Media/AndroidMedia/Binaries/Win64/UE4Editor-AndroidMediaEditor.dll (API version 3709383).
LogModuleManager: Display: Found up-to-date module file ../../../Engine/Plugins/Media/AndroidMedia/Binaries/Win64/UE4Editor-AndroidMediaFactory.dll (API version 3709383).
LogModuleManager: Display: Found up-to-date module file ../../../Engine/Plugins/Media/AvfMedia/Binaries/Win64/UE4Editor-AvfMediaEditor.dll (API version 3709383).
LogModuleManager: Display: Found up-to-date module file ../../../Engine/Plugins/Media/AvfMedia/Binaries/Win64/UE4Editor-AvfMediaFactory.dll (API version 3709383).
LogModuleManager: Display: Found up-to-date module file ../../../Engine/Plugins/Media/AvfMedia/Binaries/Win64/UE4Editor-AvfMediaFactory.dll (API version 3709383).
LogModuleManager: Display: Found up-to-date module file ../../../Engine/Plugins/Media/ImgMedia/Binaries/Win64/UE4Editor-ImgMedia.dll (API version 3709383).
LogModuleManager: Display: Found up-to-date module file ../../../Engine/Plugins/Media/ImgMedia/Binaries/Win64/UE4Editor-ImgMediaEditor.dll (API version 3709383).
LogModuleManager: Display: Found up-to-date module file ../../../Engine/Plugins/Media/ImgMedia/Binaries/Win64/UE4Editor-ImgMediaFactory.dll (API version 3709383).
LogModuleManager: Display: Found up-to-date module file ../../../Engine/Plugins/Media/ImgMedia/Binaries/Win64/UE4Editor-ImgMediaFactory.dll (API version 3709383).
LogModuleManager: Display: Found up-to-date module file ../../../Engine/Plugins/Media/ImgMedia/Binaries/Win64/UE4Editor-OpenExrWrapper.dll (API version 3709383).
LogModuleManager: Display: Found up-to-date module file ../../../Engine/Plugins/Media/MediaCompositing/Binaries/Win64/UE4Editor-MediaCompositing.dll (API version 3709383).
LogModuleManager: Display: Found up-to-date module file ../../../Engine/Plugins/Media/MediaCompositing/Binaries/Win64/UE4Editor-MediaCompositingEditor.dll (API version 3709383).
LogModuleManager: Display: Found up-to-date module file ../../../Engine/Plugins/Media/MediaPlayerEditor/Binaries/Win64/UE4Editor-MediaPlayerEditor.dll (API version 3709383).
LogModuleManager: Display: Found up-to-date module file ../../../Engine/Plugins/Media/WmfMedia/Binaries/Win64/UE4Editor-WmfMedia.dll (API version 3709383).
LogModuleManager: Display: Found up-to-date module file ../../../Engine/Plugins/Media/WmfMedia/Binaries/Win64/UE4Editor-WmfMediaEditor.dll (API version 3709383).
LogModuleManager: Display: Found up-to-date module file ../../../Engine/Plugins/Media/WmfMedia/Binaries/Win64/UE4Editor-WmfMediaFactory.dll (API version 3709383).
LogModuleManager: Display: Found up-to-date module file ../../../Engine/Plugins/Media/WmfMedia/Binaries/Win64/UE4Editor-WmfMediaFactory.dll (API version 3709383).
LogModuleManager: Display: Found up-to-date module file ../../../Engine/Plugins/Messaging/TcpMessaging/Binaries/Win64/UE4Editor-TcpMessaging.dll (API version 3709383).
LogModuleManager: Display: Found up-to-date module file ../../../Engine/Plugins/Messaging/UdpMessaging/Binaries/Win64/UE4Editor-UdpMessaging.dll (API version 3709383).
LogModuleManager: Display: Found up-to-date module file ../../../Engine/Plugins/MovieScene/ActorSequence/Binaries/Win64/UE4Editor-ActorSequence.dll (API version 3709383).
LogModuleManager: Display: Found up-to-date module file ../../../Engine/Plugins/MovieScene/LevelSequenceEditor/Binaries/Win64/UE4Editor-LevelSequenceEditor.dll (API version 3709383).
LogModuleManager: Display: Found up-to-date module file ../../../Engine/Plugins/MovieScene/MatineeToLevelSequence/Binaries/Win64/UE4Editor-MatineeToLevelSequence.dll (API version 3709383).
LogModuleManager: Display: Found up-to-date module file ../../../Engine/Plugins/Online/OnlineSubsystem/Binaries/Win64/UE4Editor-OnlineSubsystem.dll (API version 3709383).
LogModuleManager: Display: Found up-to-date module file ../../../Engine/Plugins/Runtime/AndroidPermission/Binaries/Win64/UE4Editor-AndroidPermission.dll (API version 3709383).
LogModuleManager: Display: Found up-to-date module file ../../../Engine/Plugins/Online/OnlineSubsystemNull/Binaries/Win64/UE4Editor-OnlineSubsystemNull.dll (API version 3709383).
LogModuleManager: Display: Found up-to-date module file ../../../Engine/Plugins/Online/OnlineSubsystemUtils/Binaries/Win64/UE4Editor-OnlineSubsystemUtils.dll (API version 3709383).
LogModuleManager: Display: Found up-to-date module file ../../../Engine/Plugins/Online/OnlineSubsystemUtils/Binaries/Win64/UE4Editor-OnlineBlueprintSupport.dll (API version 3709383).
LogModuleManager: Display: Found up-to-date module file ../../../Engine/Plugins/Runtime/AndroidDeviceProfileSelector/Binaries/Win64/UE4Editor-AndroidDeviceProfileSelector.dll (API version 3709383).
LogModuleManager: Display: Found up-to-date module file ../../../Engine/Plugins/Runtime/AppleARKit/Binaries/Win64/UE4Editor-AppleARKit.dll (API version 3709383).
LogModuleManager: Display: Found up-to-date module file ../../../Engine/Plugins/Runtime/ArchVisCharacter/Binaries/Win64/UE4Editor-ArchVisCharacter.dll (API version 3709383).
LogModuleManager: Display: Found up-to-date module file ../../../Engine/Plugins/Runtime/CableComponent/Binaries/Win64/UE4Editor-CableComponent.dll (API version 3709383).
LogModuleManager: Display: Found up-to-date module file ../../../Engine/Plugins/Runtime/CustomMeshComponent/Binaries/Win64/UE4Editor-CustomMeshComponent.dll (API version 3709383).
LogModuleManager: Display: Found up-to-date module file ../../../Engine/Plugins/Runtime/ExampleDeviceProfileSelector/Binaries/Win64/UE4Editor-ExampleDeviceProfileSelector.dll (API version 3709383).
LogModuleManager: Display: Found up-to-date module file ../../../Engine/Plugins/Runtime/ImmediatePhysics/Binaries/Win64/UE4Editor-ImmediatePhysics.dll (API version 3709383).
LogModuleManager: Display: Found up-to-date module file ../../../Engine/Plugins/Runtime/ImmediatePhysics/Binaries/Win64/UE4Editor-ImmediatePhysicsEditor.dll (API version 3709383).
LogModuleManager: Display: Found up-to-date module file ../../../Engine/Plugins/Runtime/LocationServicesBPLibrary/Binaries/Win64/UE4Editor-LocationServicesBPLibrary.dll (API version 3709383).
LogModuleManager: Display: Found up-to-date module file ../../../Engine/Plugins/Runtime/MobilePatchingUtils/Binaries/Win64/UE4Editor-MobilePatchingUtils.dll (API version 3709383).
LogModuleManager: Display: Found up-to-date module file ../../../Engine/Plugins/Runtime/Oculus/OculusVR/Binaries/Win64/UE4Editor-OculusHMD.dll (API version 3709383).
LogModuleManager: Display: Found up-to-date module file ../../../Engine/Plugins/Runtime/Oculus/OculusVR/Binaries/Win64/UE4Editor-OculusInput.dll (API version 3709383).
LogModuleManager: Display: Found up-to-date module file ../../../Engine/Plugins/Runtime/Oculus/OculusVR/Binaries/Win64/UE4Editor-OculusEditor.dll (API version 3709383).
LogModuleManager: Display: Found up-to-date module file ../../../Engine/Plugins/Runtime/PhysXVehicles/Binaries/Win64/UE4Editor-PhysXVehicles.dll (API version 3709383).
LogModuleManager: Display: Found up-to-date module file ../../../Engine/Plugins/Runtime/PhysXVehicles/Binaries/Win64/UE4Editor-PhysXVehiclesEditor.dll (API version 3709383).
LogModuleManager: Display: Found up-to-date module file ../../../Engine/Plugins/Runtime/ProceduralMeshComponent/Binaries/Win64/UE4Editor-ProceduralMeshComponent.dll (API version 3709383).
LogModuleManager: Display: Found up-to-date module file ../../../Engine/Plugins/Runtime/ProceduralMeshComponent/Binaries/Win64/UE4Editor-ProceduralMeshComponentEditor.dll (API version 3709383).
LogModuleManager: Display: Found up-to-date module file ../../../Engine/Plugins/Runtime/RuntimePhysXCooking/Binaries/Win64/UE4Editor-RuntimePhysXCooking.dll (API version 3709383).
LogModuleManager: Display: Found up-to-date module file ../../../Engine/Plugins/Runtime/Steam/SteamVR/Binaries/Win64/UE4Editor-SteamVR.dll (API version 3709383).
LogModuleManager: Display: Found up-to-date module file ../../../Engine/Plugins/Runtime/Steam/SteamVR/Binaries/Win64/UE4Editor-SteamVRController.dll (API version 3709383).
LogModuleManager: Display: Found up-to-date module file ../../../Engine/Plugins/Runtime/WindowsMoviePlayer/Binaries/Win64/UE4Editor-WindowsMoviePlayer.dll (API version 3709383).
LogPluginManager: Mounting plugin Paper2D
LogPluginManager: Mounting plugin LightPropagationVolume
LogPluginManager: Mounting plugin CodeLiteSourceCodeAccess
LogPluginManager: Mounting plugin GitSourceControl
LogPluginManager: Mounting plugin KDevelopSourceCodeAccess
LogPluginManager: Mounting plugin NullSourceCodeAccess
LogPluginManager: Mounting plugin PerforceSourceControl
LogPluginManager: Mounting plugin SubversionSourceControl
LogPluginManager: Mounting plugin UObjectPlugin
LogPluginManager: Mounting plugin VisualStudioCodeSourceCodeAccess
LogPluginManager: Mounting plugin VisualStudioSourceCodeAccess
LogPluginManager: Mounting plugin XCodeSourceCodeAccess
LogPluginManager: Mounting plugin AssetManagerEditor
LogPluginManager: Mounting plugin AudioCapture
LogPluginManager: Mounting plugin FacialAnimation
LogPluginManager: Mounting plugin GameplayTagsEditor
LogPluginManager: Mounting plugin MobileLauncherProfileWizard
LogPluginManager: Mounting plugin PluginBrowser
LogPluginManager: Mounting plugin SpeedTreeImporter
LogPluginManager: Mounting plugin AlembicImporter
LogPluginManager: Mounting plugin CharacterAI
LogPluginManager: Mounting plugin HTML5Networking
LogPluginManager: Mounting plugin AndroidMedia
LogPluginManager: Mounting plugin AvfMedia
LogPluginManager: Mounting plugin ImgMedia
LogPluginManager: Mounting plugin MediaCompositing
LogPluginManager: Mounting plugin MediaPlayerEditor
LogPluginManager: Mounting plugin WmfMedia
LogPluginManager: Mounting plugin TcpMessaging
LogPluginManager: Mounting plugin UdpMessaging
LogPluginManager: Mounting plugin ActorSequence
LogPluginManager: Mounting plugin LevelSequenceEditor
LogPluginManager: Mounting plugin MatineeToLevelSequence
LogPluginManager: Mounting plugin OnlineSubsystemGooglePlay
LogPluginManager: Mounting plugin OnlineSubsystemIOS
LogPluginManager: Mounting plugin OnlineSubsystem
LogPluginManager: Mounting plugin OnlineSubsystemNull
LogPluginManager: Mounting plugin OnlineSubsystemUtils
LogPluginManager: Mounting plugin AndroidDeviceProfileSelector
LogPluginManager: Mounting plugin AndroidMoviePlayer
LogPluginManager: Mounting plugin AndroidPermission
LogPluginManager: Mounting plugin AppleARKit
LogPluginManager: Mounting plugin AppleMoviePlayer
LogPluginManager: Mounting plugin ArchVisCharacter
LogPluginManager: Mounting plugin CableComponent
LogPluginManager: Mounting plugin CustomMeshComponent
LogPluginManager: Mounting plugin ExampleDeviceProfileSelector
LogPluginManager: Mounting plugin GoogleCloudMessaging
LogPluginManager: Mounting plugin ImmediatePhysics
LogPluginManager: Mounting plugin IOSDeviceProfileSelector
LogPluginManager: Mounting plugin LinuxDeviceProfileSelector
LogPluginManager: Mounting plugin LocationServicesBPLibrary
LogPluginManager: Mounting plugin MobilePatchingUtils
LogPluginManager: Mounting plugin OculusVR
LogPluginManager: Plugin shader directory ../../../Engine/Plugins/Runtime/Oculus/OculusVR/Shaders found
LogPluginManager: Mapping shader source directory ../../../Engine/Plugins/Runtime/Oculus/OculusVR/Shaders to virtual directory /Plugin/OculusVR
LogPluginManager: Mounting plugin PhysXVehicles
LogPluginManager: Mounting plugin ProceduralMeshComponent
LogPluginManager: Mounting plugin RuntimePhysXCooking
LogPluginManager: Mounting plugin SteamVR
LogPluginManager: Mounting plugin WindowsMoviePlayer
LogInit: Using libcurl 7.47.1
LogInit:  - built for x86_64-pc-win32
LogInit:  - supports SSL with OpenSSL/1.0.2g
LogInit:  - supports HTTP deflate (compression) using libz 1.2.8
LogInit:  - other features:
LogInit:      CURL_VERSION_SSL
LogInit:      CURL_VERSION_LIBZ
LogInit:      CURL_VERSION_IPV6
LogInit:      CURL_VERSION_ASYNCHDNS
LogInit:      CURL_VERSION_LARGEFILE
LogInit:      CURL_VERSION_IDN
LogInit:  CurlRequestOptions (configurable via config and command line):
LogInit:  - bVerifyPeer = false  - Libcurl will NOT verify peer certificate
LogInit:  - bUseHttpProxy = false  - Libcurl will NOT use HTTP proxy
LogInit:  - bDontReuseConnections = false  - Libcurl will reuse connections
LogInit:  - CertBundlePath = nullptr  - Libcurl will use whatever was configured at build time.
LogInit: Build: ++UE4+Release-4.18-CL-3832480
LogInit: Engine Version: 4.18.3-3832480+++UE4+Release-4.18
LogInit: Compatible Engine Version: 4.18.0-3709383+++UE4+Release-4.18
LogInit: Net CL: 3709383
LogDevObjectVersion: Number of dev versions registered: 16
LogDevObjectVersion:   Dev-Blueprints (B0D832E4-1F89-4F0D-ACCF-7EB736FD4AA2): 10
LogDevObjectVersion:   Dev-Build (E1C64328-A22C-4D53-A36C-8E866417BD8C): 0
LogDevObjectVersion:   Dev-Core (375EC13C-06E4-48FB-B500-84F0262A717E): 2
LogDevObjectVersion:   Dev-Editor (E4B068ED-F494-42E9-A231-DA0B2E46BB41): 20
LogDevObjectVersion:   Dev-Framework (CFFC743F-43B0-4480-9391-14DF171D2073): 30
LogDevObjectVersion:   Dev-Mobile (B02B49B5-BB20-44E9-A304-32B752E40360): 0
LogDevObjectVersion:   Dev-Networking (A4E4105C-59A1-49B5-A7C5-40C4547EDFEE): 0
LogDevObjectVersion:   Dev-Online (39C831C9-5AE6-47DC-9A44-9C173E1C8E7C): 0
LogDevObjectVersion:   Dev-Physics (78F01B33-EBEA-4F98-B9B4-84EACCB95AA2): 0
LogDevObjectVersion:   Dev-Platform (6631380F-2D4D-43E0-8009-CF276956A95A): 0
LogDevObjectVersion:   Dev-Rendering (12F88B9F-8875-4AFC-A67C-D90C383ABD29): 20
LogDevObjectVersion:   Dev-Sequencer (7B5AE74C-D270-4C10-A958-57980B212A5A): 4
LogDevObjectVersion:   Dev-VR (D7296918-1DD6-4BDD-9DE2-64A83CC13884): 0
LogDevObjectVersion:   Dev-LoadTimes (C2A15278-BFE7-4AFE-6C17-90FF531DF755): 1
LogDevObjectVersion:   Private-Geometry (6EACA3D4-40EC-4CC1-B786-8BED09428FC5): 1
LogDevObjectVersion:   Dev-AnimPhys (29E575DD-E0A3-4627-9D10-D276232CDCEA): 12
LogInit: Compiled (64-bit): Jan 12 2018 02:04:55
LogInit: Compiled with Visual C++: 19.00.24215.01
LogInit: Build Configuration: Development
LogInit: Branch Name: ++UE4+Release-4.18
LogInit: Command line: 
LogInit: Base directory: C:/Program Files/Epic Games/UE_4.18/Engine/Binaries/Win64/
LogInit: Installed Engine Build: 1
LogInit: Presizing for max 8388607 objects, including 0 objects not considered by GC, pre-allocating 0 bytes for permanent pool.
LogInit: Object subsystem initialized
[2018.04.05-03.55.47:269][  0]LogInit: Selected Device Profile: [Windows]
[2018.04.05-03.55.47:269][  0]LogInit: Applying CVar settings loaded from the selected device profile: [Windows]
[2018.04.05-03.55.47:278][  0]LogInit: Computer: DESKTOP-TMTLRPJ
[2018.04.05-03.55.47:278][  0]LogInit: User: GameDevClub
[2018.04.05-03.55.47:278][  0]LogInit: CPU Page size=4096, Cores=4
[2018.04.05-03.55.47:278][  0]LogInit: High frequency timer resolution =4.101573 MHz
[2018.04.05-03.55.47:278][  0]LogMemory: Memory total: Physical=16.0GB (16GB approx)
[2018.04.05-03.55.47:278][  0]LogMemory: Platform Memory Stats for Windows
[2018.04.05-03.55.47:278][  0]LogMemory: Process Physical Memory: 280.41 MB used, 280.41 MB peak
[2018.04.05-03.55.47:278][  0]LogMemory: Process Virtual Memory: 280.27 MB used, 280.27 MB peak
[2018.04.05-03.55.47:278][  0]LogMemory: Physical Memory: 4433.54 MB used,  11913.59 MB free, 16347.13 MB total
[2018.04.05-03.55.47:278][  0]LogMemory: Virtual Memory: 744.75 MB used,  11913.59 MB free, 134217728.00 MB total
[2018.04.05-03.55.47:378][  0]LogInit: Using OS detected language (en-US).
[2018.04.05-03.55.47:378][  0]LogInit: Using OS detected locale (en-US).
[2018.04.05-03.55.47:379][  0]LogTextLocalizationManager: No specific localization for 'en-US' exists, so the 'en' localization will be used.
[2018.04.05-03.55.47:660][  0]LogInit: Setting process to per monitor DPI aware
[2018.04.05-03.55.47:836][  0]LogD3D11RHI: D3D11 adapters:
[2018.04.05-03.55.47:863][  0]LogD3D11RHI:    0. 'NVIDIA GeForce GTX 1080 Ti' (Feature Level 11_0)
[2018.04.05-03.55.47:863][  0]LogD3D11RHI:       11127/0/8173 MB DedicatedVideo/DedicatedSystem/SharedSystem, Outputs:3, VendorId:0x10de
[2018.04.05-03.55.47:864][  0]LogD3D11RHI:    1. 'Microsoft Basic Render Driver' (Feature Level 11_0)
[2018.04.05-03.55.47:864][  0]LogD3D11RHI:       0/0/8173 MB DedicatedVideo/DedicatedSystem/SharedSystem, Outputs:0, VendorId:0x1414
[2018.04.05-03.55.47:864][  0]LogD3D11RHI: Chosen D3D11 Adapter: 0
[2018.04.05-03.55.47:871][  0]LogD3D11RHI: Creating new Direct3DDevice
[2018.04.05-03.55.47:871][  0]LogD3D11RHI:     GPU DeviceId: 0x1b06 (for the marketing name, search the web for "GPU Device Id")
[2018.04.05-03.55.47:871][  0]LogWindows: EnumDisplayDevices:
[2018.04.05-03.55.47:871][  0]LogWindows:    0. 'NVIDIA GeForce GTX 1080 Ti' (P:1 D:1)
[2018.04.05-03.55.47:871][  0]LogWindows:    1. 'NVIDIA GeForce GTX 1080 Ti' (P:0 D:1)
[2018.04.05-03.55.47:871][  0]LogWindows:    2. 'NVIDIA GeForce GTX 1080 Ti' (P:0 D:1)
[2018.04.05-03.55.47:871][  0]LogWindows:    3. 'NVIDIA GeForce GTX 1080 Ti' (P:0 D:0)
[2018.04.05-03.55.47:871][  0]LogWindows: DebugString: GetVideoDriverDetailsInvalid PrimaryIsNotTheChoosenAdapter GetVideoDriverDetailsInvalid PrimaryIsNotTheChoosenAdapter GetVideoDriverDetailsInvalid PrimaryIsNotTheChoosenAdapter GetVideoDriverDetailsInvalid PrimaryIsNotTheChoosenAdapter FoundDriverCount:0 
[2018.04.05-03.55.47:871][  0]LogD3D11RHI:     Adapter Name: NVIDIA GeForce GTX 1080 Ti
[2018.04.05-03.55.47:871][  0]LogD3D11RHI:   Driver Version: Unknown (internal:Unknown, unified:Unknown)
[2018.04.05-03.55.47:871][  0]LogD3D11RHI:      Driver Date: Unknown
[2018.04.05-03.55.47:871][  0]LogRHI: Texture pool is 7788 MB (70% of 11127 MB)
[2018.04.05-03.55.47:888][  0]LogD3D11RHI: Async texture creation enabled
[2018.04.05-03.55.47:935][  0]LogD3D11RHI: GPU Timing Frequency: 1000.000000 (Debug: 2 2)
[2018.04.05-03.55.48:031][  0]LogShaderCompilers: Guid format shader working directory is -20 characters bigger than the processId version (../../../../../../Users/GameDevClub/Documents/GitHub/SushiShop/SushiShop/Intermediate/Shaders/WorkingDirectory/7524/).
[2018.04.05-03.55.48:031][  0]LogShaderCompilers: Cleaned the shader compiler working directory 'C:/Users/GameDevClub/AppData/Local/Temp/UnrealShaderWorkingDir/E97E85074523C18AB7CAC497F2652D0D/'.
[2018.04.05-03.55.48:031][  0]LogShaderCompilers: Display: Using Local Shader Compiler.
[2018.04.05-03.55.48:665][  0]LogTemp: Display: Loaded TP AllDesktopTargetPlatform
[2018.04.05-03.55.48:702][  0]LogTemp: Display: Loaded TP MacClientTargetPlatform
[2018.04.05-03.55.48:737][  0]LogTemp: Display: Loaded TP MacNoEditorTargetPlatform
[2018.04.05-03.55.48:774][  0]LogTemp: Display: Loaded TP MacServerTargetPlatform
[2018.04.05-03.55.48:809][  0]LogTemp: Display: Loaded TP MacTargetPlatform
[2018.04.05-03.55.48:845][  0]LogTemp: Display: Loaded TP WindowsClientTargetPlatform
[2018.04.05-03.55.48:881][  0]LogTemp: Display: Loaded TP WindowsNoEditorTargetPlatform
[2018.04.05-03.55.48:916][  0]LogTemp: Display: Loaded TP WindowsServerTargetPlatform
[2018.04.05-03.55.48:947][  0]LogTemp: Display: Loaded TP WindowsTargetPlatform
[2018.04.05-03.55.48:982][  0]LogTemp: Display: Loaded TP Android_ASTCTargetPlatform
[2018.04.05-03.55.49:017][  0]LogTemp: Display: Loaded TP Android_ATCTargetPlatform
[2018.04.05-03.55.49:052][  0]LogTemp: Display: Loaded TP Android_DXTTargetPlatform
[2018.04.05-03.55.49:086][  0]LogTemp: Display: Loaded TP Android_ETC1TargetPlatform
[2018.04.05-03.55.49:121][  0]LogTemp: Display: Loaded TP Android_ETC2TargetPlatform
[2018.04.05-03.55.49:192][  0]LogTemp: Display: Loaded TP Android_MultiTargetPlatform
[2018.04.05-03.55.49:192][  0]LogTemp: Display: Loaded TP Android_PVRTCTargetPlatform
[2018.04.05-03.55.49:227][  0]LogTemp: Display: Loaded TP AndroidTargetPlatform
[2018.04.05-03.55.49:254][  0]LogTemp: Display: Loaded TP HTML5TargetPlatform
[2018.04.05-03.55.49:322][  0]LogTemp: Display: Loaded TP IOSTargetPlatform
[2018.04.05-03.55.49:341][  0]LogTemp: Display: Loaded TP TVOSTargetPlatform
[2018.04.05-03.55.49:376][  0]LogTemp: Display: Loaded TP LinuxClientTargetPlatform
[2018.04.05-03.55.49:411][  0]LogTemp: Display: Loaded TP LinuxNoEditorTargetPlatform
[2018.04.05-03.55.49:446][  0]LogTemp: Display: Loaded TP LinuxServerTargetPlatform
[2018.04.05-03.55.49:481][  0]LogTemp: Display: Loaded TP LinuxTargetPlatform
[2018.04.05-03.55.49:481][  0]LogTargetPlatformManager: Display: Building Assets For Windows
[2018.04.05-03.55.49:799][  0]LogDerivedDataCache: Display: Max Cache Size: 512 MB
[2018.04.05-03.55.49:847][  0]LogDerivedDataCache: Loaded boot cache 0.05s 83MB C:/Users/GameDevClub/AppData/Local/UnrealEngine/4.18/DerivedDataCache/Boot.ddc.
[2018.04.05-03.55.49:848][  0]LogDerivedDataCache: Display: Loaded Boot cache: C:/Users/GameDevClub/AppData/Local/UnrealEngine/4.18/DerivedDataCache/Boot.ddc
[2018.04.05-03.55.49:848][  0]LogDerivedDataCache: FDerivedDataBackendGraph:  Pak pak cache file ../../../../../../Users/GameDevClub/Documents/GitHub/SushiShop/SushiShop/DerivedDataCache/DDC.ddp not found, will not use a pak cache.
[2018.04.05-03.55.49:848][  0]LogDerivedDataCache: Unable to find inner node Pak for hierarchical cache Hierarchy.
[2018.04.05-03.55.49:848][  0]LogDerivedDataCache: FDerivedDataBackendGraph:  CompressedPak pak cache file ../../../../../../Users/GameDevClub/Documents/GitHub/SushiShop/SushiShop/DerivedDataCache/Compressed.ddp not found, will not use a pak cache.
[2018.04.05-03.55.49:848][  0]LogDerivedDataCache: Unable to find inner node CompressedPak for hierarchical cache Hierarchy.
[2018.04.05-03.55.49:858][  0]LogDerivedDataCache: Display: Pak cache opened for reading ../../../Engine/DerivedDataCache/Compressed.ddp.
[2018.04.05-03.55.49:870][  0]LogDerivedDataCache: Using Local data cache path C:/Users/GameDevClub/AppData/Local/UnrealEngine/Common/DerivedDataCache: Writable
[2018.04.05-03.55.49:877][  0]LogMaterial: Verifying Global Shaders for PCD3D_SM5
[2018.04.05-03.55.49:877][  0]LogSlate: Using Freetype 2.6.0
[2018.04.05-03.55.49:877][  0]LogSlate: SlateFontCache - WITH_FREETYPE: 1, WITH_HARFBUZZ: 1
[2018.04.05-03.55.49:877][  0]LogSlate: SlateFontCache - WITH_FREETYPE: 1, WITH_HARFBUZZ: 1
[2018.04.05-03.55.50:123][  0]LogInit: Selected Device Profile: [Windows]
[2018.04.05-03.55.50:352][  0]LogSimplygon: Simplygon DLL not present - disabling.
[2018.04.05-03.55.50:380][  0]LogMeshReduction: Using SimplygonSwarm for distributed automatic mesh merging
[2018.04.05-03.55.50:380][  0]LogMeshReduction: Using QuadricMeshReduction for automatic static mesh reduction
[2018.04.05-03.55.50:380][  0]LogMeshReduction: No automatic skeletal mesh reduction module available
[2018.04.05-03.55.50:380][  0]LogMeshReduction: No automatic mesh merging module available
[2018.04.05-03.55.50:380][  0]LogMeshMerging: No automatic mesh merging module available
[2018.04.05-03.55.50:406][  0]LogNetVersion: SushiShop , NetCL: 3709383, EngineNetVer: 2, GameNetVer: 0 (Checksum: 2343829258)
[2018.04.05-03.55.50:523][  0]LogAssetRegistry: FAssetRegistry took 0.0245 seconds to start up
[2018.04.05-03.55.50:863][  0]LogPackageLocalizationCache: Processed 7 localized package path(s) for 2 prioritized culture(s) in 0.044827 seconds
[2018.04.05-03.55.50:867][  0]LogUObjectArray: 35870 objects as part of root set at end of initial load.
[2018.04.05-03.55.50:867][  0]LogUObjectAllocator: 7363696 out of 0 bytes used by permanent object pool.
[2018.04.05-03.55.50:867][  0]LogUObjectArray: CloseDisregardForGC: 0/0 objects in disregard for GC pool
[2018.04.05-03.55.50:903][  0]LogInit: WinSock: version 1.1 (2.2), MaxSocks=32767, MaxUdp=65467
[2018.04.05-03.55.52:734][  0]LogTcpMessaging: Initializing TcpMessaging bridge
[2018.04.05-03.55.52:767][  0]LogUdpMessaging: Initializing bridge on interface 0.0.0.0:0 to multicast group 230.0.0.1:6666.
[2018.04.05-03.55.53:237][  0]LogMaterial: Missing cached shader map for material BaseColor, compiling. 
[2018.04.05-03.55.53:238][  0]LogMaterial: Warning: C:\Program Files\Epic Games\UE_4.18\Engine\Content\BufferVisualization\BaseColor.uasset: Failed to compile Material for platform PCD3D_SM5, Default Material will be used in game.
[2018.04.05-03.55.53:238][  0]LogMaterial: 	(Node SceneTexture) GBuffer scene textures not available with forward shading.
[2018.04.05-03.55.53:253][  0]LogMaterial: Uniform references updated for custom material expression Custom.
[2018.04.05-03.55.53:260][  0]LogMaterial: Missing cached shader map for material LightingModel, compiling. 
[2018.04.05-03.55.53:260][  0]LogMaterial: Warning: C:\Program Files\Epic Games\UE_4.18\Engine\Content\BufferVisualization\LightingModel.uasset: Failed to compile Material for platform PCD3D_SM5, Default Material will be used in game.
[2018.04.05-03.55.53:260][  0]LogMaterial: 	(Node SceneTexture) GBuffer scene textures not available with forward shading.
[2018.04.05-03.55.53:262][  0]LogMaterial: Missing cached shader map for material MaterialAO, compiling. 
[2018.04.05-03.55.53:262][  0]LogMaterial: Warning: C:\Program Files\Epic Games\UE_4.18\Engine\Content\BufferVisualization\MaterialAO.uasset: Failed to compile Material for platform PCD3D_SM5, Default Material will be used in game.
[2018.04.05-03.55.53:262][  0]LogMaterial: 	(Node SceneTexture) GBuffer scene textures not available with forward shading.
[2018.04.05-03.55.53:263][  0]LogMaterial: Missing cached shader map for material Metallic, compiling. 
[2018.04.05-03.55.53:264][  0]LogMaterial: Warning: C:\Program Files\Epic Games\UE_4.18\Engine\Content\BufferVisualization\Metallic.uasset: Failed to compile Material for platform PCD3D_SM5, Default Material will be used in game.
[2018.04.05-03.55.53:264][  0]LogMaterial: 	(Node SceneTexture) GBuffer scene textures not available with forward shading.
[2018.04.05-03.55.53:266][  0]LogMaterial: Missing cached shader map for material Opacity, compiling. 
[2018.04.05-03.55.53:266][  0]LogMaterial: Warning: C:\Program Files\Epic Games\UE_4.18\Engine\Content\BufferVisualization\Opacity.uasset: Failed to compile Material for platform PCD3D_SM5, Default Material will be used in game.
[2018.04.05-03.55.53:266][  0]LogMaterial: 	(Node SceneTexture) GBuffer scene textures not available with forward shading.
[2018.04.05-03.55.53:268][  0]LogMaterial: Missing cached shader map for material Roughness, compiling. 
[2018.04.05-03.55.53:268][  0]LogMaterial: Warning: C:\Program Files\Epic Games\UE_4.18\Engine\Content\BufferVisualization\Roughness.uasset: Failed to compile Material for platform PCD3D_SM5, Default Material will be used in game.
[2018.04.05-03.55.53:268][  0]LogMaterial: 	(Node SceneTexture) GBuffer scene textures not available with forward shading.
[2018.04.05-03.55.53:280][  0]LogMaterial: Missing cached shader map for material Specular, compiling. 
[2018.04.05-03.55.53:280][  0]LogMaterial: Warning: C:\Program Files\Epic Games\UE_4.18\Engine\Content\BufferVisualization\Specular.uasset: Failed to compile Material for platform PCD3D_SM5, Default Material will be used in game.
[2018.04.05-03.55.53:280][  0]LogMaterial: 	(Node SceneTexture) GBuffer scene textures not available with forward shading.
[2018.04.05-03.55.53:282][  0]LogMaterial: Missing cached shader map for material SubsurfaceColor, compiling. 
[2018.04.05-03.55.53:282][  0]LogMaterial: Warning: C:\Program Files\Epic Games\UE_4.18\Engine\Content\BufferVisualization\SubsurfaceColor.uasset: Failed to compile Material for platform PCD3D_SM5, Default Material will be used in game.
[2018.04.05-03.55.53:282][  0]LogMaterial: 	(Node SceneTexture) GBuffer scene textures not available with forward shading.
[2018.04.05-03.55.53:284][  0]LogMaterial: Missing cached shader map for material WorldNormal, compiling. 
[2018.04.05-03.55.53:284][  0]LogMaterial: Warning: C:\Program Files\Epic Games\UE_4.18\Engine\Content\BufferVisualization\WorldNormal.uasset: Failed to compile Material for platform PCD3D_SM5, Default Material will be used in game.
[2018.04.05-03.55.53:284][  0]LogMaterial: 	(Node SceneTexture) GBuffer scene textures not available with forward shading.
[2018.04.05-03.55.53:545][  0]SourceControl: Source control is disabled
[2018.04.05-03.55.53:545][  0]SourceControl: Source control is disabled
[2018.04.05-03.55.53:581][  0]SourceControl: Source control is disabled
[2018.04.05-03.55.53:618][  0]SourceControl: Source control is disabled
[2018.04.05-03.55.54:182][  0]LogAndroidPermission: UAndroidPermissionCallbackProxy::GetInstance
[2018.04.05-03.55.54:371][  0]LogOcInput: OculusInput pre-init called
[2018.04.05-03.55.54:573][  0]LogEngine: Initializing Engine...
[2018.04.05-03.55.54:574][  0]LogHMD: Oculus plugin initialized. Version: 4.18.3-3832480+++UE4+Release-4.18, OVRPlugin: 1.19.0
[2018.04.05-03.55.54:718][  0]LogStats: UGameplayTagsManager::ConstructGameplayTagTree: Construct from data asset -  0.000 s
[2018.04.05-03.55.54:718][  0]LogStats: UGameplayTagsManager::ConstructGameplayTagTree: GameplayTagTreeChangedEvent.Broadcast -  0.000 s
[2018.04.05-03.55.54:806][  0]LogAIModule: Creating AISystem for world Untitled
[2018.04.05-03.55.54:813][  0]LogInit: XAudio2 using 'Headphones (Rift Audio)' : 2 channels at 48 kHz using 16 bits per sample (channel mask 0x3)
[2018.04.05-03.55.54:820][  0]LogInit: FAudioDevice initialized.
[2018.04.05-03.55.54:863][  0]LogDerivedDataCache: Saved boot cache 0.04s 83MB C:/Users/GameDevClub/AppData/Local/UnrealEngine/4.18/DerivedDataCache/Boot.ddc.
[2018.04.05-03.55.54:868][  0]LogInit: Texture streaming: Enabled
[2018.04.05-03.55.54:935][  0]LogEngineSessionManager: EngineSessionManager initialized
[2018.04.05-03.55.54:935][  0]LogEngineSessionManager: EngineSessionManager sent abnormal shutdown report. Type=Crashed, SessionId={4F13A4D9-4711-64C2-FA3A-31B0590448C1}
[2018.04.05-03.55.55:022][  0]LogInit: Transaction tracking system initialized
[2018.04.05-03.55.55:234][  0]BlueprintLog: New page: Editor Load
[2018.04.05-03.55.55:833][  0]LocalizationService: Localization service is disabled
[2018.04.05-03.55.56:334][  0]LogConsoleResponse: Display: 
[2018.04.05-03.55.56:457][  0]LogCook: Display: Max memory allowance for cook 16384mb min free memory 0mb
[2018.04.05-03.55.56:457][  0]LogCook: Display: Mobile HDR setting 1
[2018.04.05-03.55.56:457][  0]LogGameplayTags: Display: UGameplayTagsManager::DoneAddingNativeTags. DelegateIsBound: 0
[2018.04.05-03.55.56:820][  0]LogFileCache: Scanning file cache for directory 'C:/Users/GameDevClub/Documents/GitHub/SushiShop/SushiShop/Content/' took 0.02s
[2018.04.05-03.55.57:278][  0]SourceControl: Source control is disabled
[2018.04.05-03.55.57:278][  0]Cmd: MAP LOAD FILE="../../../../../../Users/GameDevClub/Documents/GitHub/SushiShop/SushiShop/Content/VirtualRealityBP/Maps/StartupMap.umap" TEMPLATE=0 SHOWPROGRESS=1 FEATURELEVEL=3
[2018.04.05-03.55.57:278][  0]LightingResults: New page: Lighting Build
[2018.04.05-03.55.57:306][  0]MapCheck: New page: Map Check
[2018.04.05-03.55.57:306][  0]LightingResults: New page: Lighting Build
[2018.04.05-03.55.57:378][  0]LogAIModule: Creating AISystem for world StartupMap
[2018.04.05-03.55.57:382][  0]LogEditorServer: Finished looking for orphan Actors (0.000 secs)
[2018.04.05-03.55.57:389][  0]Cmd: MAP CHECKDEP NOCLEARLOG
[2018.04.05-03.55.57:421][  0]MapCheck: Map check complete: 0 Error(s), 0 Warning(s), took 31.542ms to complete.
[2018.04.05-03.55.57:421][  0]LogFileHelpers: Loading map 'StartupMap' took 0.143
[2018.04.05-03.55.57:567][  0]LogCollectionManager: Loaded 0 collections in 0.001216 seconds
[2018.04.05-03.55.57:638][  0]LogFileCache: Scanning file cache for directory 'C:/Users/GameDevClub/Documents/GitHub/SushiShop/SushiShop/Saved/Collections/' took 0.01s
[2018.04.05-03.55.57:638][  0]LogFileCache: Scanning file cache for directory 'C:/Users/GameDevClub/Documents/GitHub/SushiShop/SushiShop/Content/Developers/GameDevClub/Collections/' took 0.01s
[2018.04.05-03.55.57:638][  0]LogFileCache: Scanning file cache for directory 'C:/Users/GameDevClub/Documents/GitHub/SushiShop/SushiShop/Content/Collections/' took 0.01s
[2018.04.05-03.55.57:638][  0]LogCollectionManager: Rebuilt the GUID cache for 0 collections in 0.000000 seconds
[2018.04.05-03.55.57:643][  0]LogContentBrowser: Native class hierarchy populated in 0.0055 seconds. Added 2364 classes and 521 folders.
[2018.04.05-03.55.57:689][  0]LogContentBrowser: Native class hierarchy updated for 'WidgetCarousel' in 0.0002 seconds. Added 0 classes and 0 folders.
[2018.04.05-03.55.57:716][  0]LogContentBrowser: Native class hierarchy updated for 'AddContentDialog' in 0.0002 seconds. Added 0 classes and 0 folders.
[2018.04.05-03.55.57:756][  0]LogSlate: Took 0.000173 seconds to synchronously load lazily loaded font '../../../Engine/Content/Slate/Fonts/Roboto-Regular.ttf' (155K)
[2018.04.05-03.55.57:760][  0]LogSlate: Took 0.000143 seconds to synchronously load lazily loaded font '../../../Engine/Content/Slate/Fonts/Roboto-Bold.ttf' (160K)
[2018.04.05-03.55.57:825][  0]LogRenderer: Reallocating scene render targets to support 916x504 Format 26 NumSamples 1 (Frame:1).
[2018.04.05-03.55.57:929][  0]LogContentBrowser: Native class hierarchy updated for 'HierarchicalLODOutliner' in 0.0002 seconds. Added 1 classes and 2 folders.
[2018.04.05-03.55.57:929][  0]LogLoad: (Engine Initialization) Total time: 12.36 seconds
[2018.04.05-03.55.57:929][  0]LogLoad: (Engine Initialization) Total Blueprint compile time: 0.00 seconds
[2018.04.05-03.55.57:929][  0]LogExternalProfiler: No external profilers were discovered.  External profiling features will not be available.
[2018.04.05-03.55.57:938][  0]LogWindowsTextInputMethodSystem: Display: IME system now deactivated.
[2018.04.05-03.55.57:943][  0]LogOcInput: OculusInput is initialized
[2018.04.05-03.55.57:959][  0]LogAssetRegistry: Asset discovery search completed in 7.4584 seconds
[2018.04.05-03.55.57:961][  0]LogCollectionManager: Rebuilt the object cache for 0 collections in 0.000000 seconds (found 0 objects)
[2018.04.05-03.55.57:961][  0]LogCollectionManager: Fixed up redirectors for 0 collections in 0.000041 seconds (updated 0 objects)
[2018.04.05-03.55.57:963][  0]LogContentStreaming: Texture pool size now 1000 MB
[2018.04.05-03.55.58:959][113]LogSlate: Took 0.000134 seconds to synchronously load lazily loaded font '../../../Engine/Content/Slate/Fonts/Roboto-Light.ttf' (159K)
[2018.04.05-03.56.24:921][200]LogSlate: Took 0.000095 seconds to synchronously load lazily loaded font '../../../Engine/Content/Slate/Fonts/Roboto-Light.ttf' (159K)
[2018.04.05-03.56.25:143][200]LogContentBrowser: Native class hierarchy updated for 'BlueprintGraph' in 0.0004 seconds. Added 116 classes and 0 folders.
[2018.04.05-03.56.25:601][200]LogSlate: Took 0.000167 seconds to synchronously load lazily loaded font '../../../Engine/Content/Editor/Slate/Fonts/FontAwesome.ttf' (139K)
[2018.04.05-03.56.30:913][795]LogSlate: Took 0.000101 seconds to synchronously load lazily loaded font '../../../Engine/Content/Slate/Fonts/Roboto-Light.ttf' (159K)
[2018.04.05-03.56.37:656][542]LogAIModule: Creating AISystem for world Shop_Main_1
[2018.04.05-03.56.37:714][542]Cmd: MAP LOAD FILE="../../../../../../Users/GameDevClub/Documents/GitHub/SushiShop/SushiShop/Content/SushiShop/Levels/Shop_Main_1.umap" TEMPLATE=0 SHOWPROGRESS=1 FEATURELEVEL=3
[2018.04.05-03.56.37:714][542]LightingResults: New page: Lighting Build
[2018.04.05-03.56.37:715][542]LoadErrors: New page: Loading map: Shop_Main_1.umap
[2018.04.05-03.56.37:716][542]MapCheck: New page: Map Check
[2018.04.05-03.56.37:716][542]LightingResults: New page: Lighting Build
[2018.04.05-03.56.37:779][542]LogEditorServer: Finished looking for orphan Actors (0.000 secs)
[2018.04.05-03.56.37:820][542]Cmd: MAP CHECKDEP NOCLEARLOG
[2018.04.05-03.56.37:870][542]MapCheck: Map check complete: 0 Error(s), 0 Warning(s), took 49.269ms to complete.
[2018.04.05-03.56.37:870][542]LogFileHelpers: Loading map 'Shop_Main_1' took 0.156
[2018.04.05-03.56.38:432][599]LogRenderer: Reallocating scene render targets to support 952x568 Format 26 NumSamples 1 (Frame:1).
[2018.04.05-03.56.45:108][393]LogEditorViewport: Clicking on Actor (LMB): StaticMeshActor (SushiBar_2-26_Water)
[2018.04.05-03.56.45:576][445]LogEditorViewport: Clicking on Actor (LMB): BP_Boat_C (BP_Boat)
[2018.04.05-03.56.50:546][ 30]LogSlate: Took 0.000197 seconds to synchronously load lazily loaded font '../../../Engine/Content/Editor/Slate/Fonts/Roboto-Italic.ttf' (157K)
[2018.04.05-03.56.52:504][251]Cmd: TRANSACTION UNDO
[2018.04.05-03.56.52:505][251]LogEditorTransaction: Undo Move Actors
[2018.04.05-03.56.54:268][446]Cmd: CAMERA ALIGN ACTIVEVIEWPORTONLY
[2018.04.05-03.57.09:694][248]Cmd: TRANSACTION UNDO
[2018.04.05-03.57.09:694][248]LogEditorTransaction: Undo Move Components
[2018.04.05-03.57.11:571][455]LogTemp: Repeating last play command: Simulate
[2018.04.05-03.57.11:615][455]LogPlayLevel: PlayLevel: No blueprints needed recompiling
[2018.04.05-03.57.11:615][455]PIE: New page: SIE session: Shop_Main_1 (Apr 4, 2018, 1:57:11 PM)
[2018.04.05-03.57.11:615][455]LogPlayLevel: Creating play world package: /Game/SushiShop/Levels/UEDPIE_0_Shop_Main_1
[2018.04.05-03.57.11:621][455]LogPlayLevel: PIE: StaticDuplicateObject took: (0.005587s)
[2018.04.05-03.57.11:621][455]LogAIModule: Creating AISystem for world Shop_Main_1
[2018.04.05-03.57.11:621][455]LogPlayLevel: PIE: World Init took: (0.000410s)
[2018.04.05-03.57.11:621][455]LogPlayLevel: PIE: Created PIE world by copying editor world from /Game/SushiShop/Levels/Shop_Main_1.Shop_Main_1 to /Game/SushiShop/Levels/UEDPIE_0_Shop_Main_1.Shop_Main_1 (0.006212s)
[2018.04.05-03.57.11:637][455]LogInit: XAudio2 using 'Headphones (Rift Audio)' : 2 channels at 48 kHz using 16 bits per sample (channel mask 0x3)
[2018.04.05-03.57.11:642][455]LogInit: FAudioDevice initialized.
[2018.04.05-03.57.11:683][455]LogUObjectGlobals: Warning: Failed to find object 'Class None.'
[2018.04.05-03.57.11:683][455]LogLoad: Game class is 'GameModeBase'
[2018.04.05-03.57.11:687][455]LogWorld: Bringing World /Game/SushiShop/Levels/UEDPIE_0_Shop_Main_1.Shop_Main_1 up for play (max tick rate 0) at 2018.04.04-20.57.11
[2018.04.05-03.57.11:687][455]LogWorld: Bringing up level for play took: 0.003131
[2018.04.05-03.57.11:688][455]LogGameMode: FindPlayerStart: PATHS NOT DEFINED or NO PLAYERSTART with positive rating
[2018.04.05-03.57.11:717][455]LogContentBrowser: Native class hierarchy updated for 'MovieSceneCapture' in 0.0002 seconds. Added 11 classes and 0 folders.
[2018.04.05-03.57.11:720][455]PIE: Play in editor start time for /Game/SushiShop/Levels/UEDPIE_0_Shop_Main_1 0.12
[2018.04.05-03.57.13:952][686]Cmd: TRANSACTION UNDO
[2018.04.05-03.57.13:952][686]LogEditorTransaction: Undo Move Components
[2018.04.05-03.57.14:866][791]LogEditorViewport: Clicking on Actor (LMB): BP_Boat_C (BP_Boat)
[2018.04.05-03.58.02:404][417]LogSlate: Took 0.000161 seconds to synchronously load lazily loaded font '../../../Engine/Content/Editor/Slate/Fonts/Roboto-BoldCondensed.ttf' (158K)
[2018.04.05-03.58.29:795][651]LogSavePackage: Save=30.48ms
[2018.04.05-03.58.29:795][651]LogSavePackage: Moving '../../../../../../Users/GameDevClub/Documents/GitHub/SushiShop/SushiShop/Saved/SplineAnimationActor1336EAA941AD83B47915E8939C8C6C9B.tmp' to '../../../../../../Users/GameDevClub/Documents/GitHub/SushiShop/SushiShop/Content/SushiShop/BluePrints/SplineAnimationActor.uasset'
[2018.04.05-03.58.29:797][651]LogSavePackage: Display: Finished SavePackage ../../../../../../Users/GameDevClub/Documents/GitHub/SushiShop/SushiShop/Content/SushiShop/BluePrints/SplineAnimationActor.uasset
[2018.04.05-03.58.43:976][345]LogSavePackage: Save=29.44ms
[2018.04.05-03.58.43:976][345]LogSavePackage: Moving '../../../../../../Users/GameDevClub/Documents/GitHub/SushiShop/SushiShop/Saved/SplineAnimationActorE168F3EC4504922152F9A1A0B6D8AAC0.tmp' to '../../../../../../Users/GameDevClub/Documents/GitHub/SushiShop/SushiShop/Content/SushiShop/BluePrints/SplineAnimationActor.uasset'
[2018.04.05-03.58.43:978][345]LogSavePackage: Display: Finished SavePackage ../../../../../../Users/GameDevClub/Documents/GitHub/SushiShop/SushiShop/Content/SushiShop/BluePrints/SplineAnimationActor.uasset
[2018.04.05-03.58.47:753][765]LogSavePackage: Save=132.99ms
[2018.04.05-03.58.47:753][765]LogSavePackage: Moving '../../../../../../Users/GameDevClub/Documents/GitHub/SushiShop/SushiShop/Saved/Shop_Main_15F97295A492DE7F07B79B893AC9BF688.tmp' to '../../../../../../Users/GameDevClub/Documents/GitHub/SushiShop/SushiShop/Content/SushiShop/Levels/Shop_Main_1.umap'
[2018.04.05-03.58.47:756][765]LogSavePackage: Display: Finished SavePackage ../../../../../../Users/GameDevClub/Documents/GitHub/SushiShop/SushiShop/Content/SushiShop/Levels/Shop_Main_1.umap
[2018.04.05-03.58.48:024][765]LogSavePackage: Save=221.54ms
[2018.04.05-03.58.48:024][765]LogSavePackage: Moving '../../../../../../Users/GameDevClub/Documents/GitHub/SushiShop/SushiShop/Saved/Shop_Main_1_BuiltDataEFCF6B2E4C535A94D9F3A3B755F80E84.tmp' to '../../../../../../Users/GameDevClub/Documents/GitHub/SushiShop/SushiShop/Content/SushiShop/Levels/Shop_Main_1_BuiltData.uasset'
[2018.04.05-03.58.48:026][765]LogSavePackage: Display: Finished SavePackage ../../../../../../Users/GameDevClub/Documents/GitHub/SushiShop/SushiShop/Content/SushiShop/Levels/Shop_Main_1_BuiltData.uasset
[2018.04.05-03.58.53:687][376]LogTemp: Repeating last play command: Simulate
[2018.04.05-03.58.53:706][376]BlueprintLog: New page: Pre-Play auto-recompile
[2018.04.05-03.58.53:709][376]LogPlayLevel: [PlayLevel] Compiling SplineAnimationActor before play...
[2018.04.05-03.58.53:918][376]LogPlayLevel: PlayLevel: Blueprint regeneration took 211 ms (1 blueprints)
[2018.04.05-03.58.53:918][376]PIE: New page: SIE session: Shop_Main_1 (Apr 4, 2018, 1:58:53 PM)
[2018.04.05-03.58.53:918][376]LogPlayLevel: Creating play world package: /Game/SushiShop/Levels/UEDPIE_0_Shop_Main_1
[2018.04.05-03.58.53:924][376]LogPlayLevel: PIE: StaticDuplicateObject took: (0.006071s)
[2018.04.05-03.58.53:924][376]LogAIModule: Creating AISystem for world Shop_Main_1
[2018.04.05-03.58.53:924][376]LogPlayLevel: PIE: World Init took: (0.000490s)
[2018.04.05-03.58.53:925][376]LogPlayLevel: PIE: Created PIE world by copying editor world from /Game/SushiShop/Levels/Shop_Main_1.Shop_Main_1 to /Game/SushiShop/Levels/UEDPIE_0_Shop_Main_1.Shop_Main_1 (0.006850s)
[2018.04.05-03.58.53:940][376]LogInit: XAudio2 using 'Headphones (Rift Audio)' : 2 channels at 48 kHz using 16 bits per sample (channel mask 0x3)
[2018.04.05-03.58.53:945][376]LogInit: FAudioDevice initialized.
[2018.04.05-03.58.53:976][376]LogUObjectGlobals: Warning: Failed to find object 'Class None.'
[2018.04.05-03.58.53:976][376]LogLoad: Game class is 'GameModeBase'
[2018.04.05-03.58.53:980][376]LogWorld: Bringing World /Game/SushiShop/Levels/UEDPIE_0_Shop_Main_1.Shop_Main_1 up for play (max tick rate 0) at 2018.04.04-20.58.53
[2018.04.05-03.58.53:980][376]LogWorld: Bringing up level for play took: 0.003072
[2018.04.05-03.58.53:980][376]LogGameMode: FindPlayerStart: PATHS NOT DEFINED or NO PLAYERSTART with positive rating
[2018.04.05-03.58.53:982][376]PIE: Play in editor start time for /Game/SushiShop/Levels/UEDPIE_0_Shop_Main_1 0.383
[2018.04.05-03.58.56:618][645]LogEditorViewport: Clicking on Actor (LMB): SplineAnimationActor_C (SplineAnimationActor)
[2018.04.05-03.59.05:818][687]LogSavePackage: Save=143.11ms
[2018.04.05-03.59.05:818][687]LogSavePackage: Moving '../../../../../../Users/GameDevClub/Documents/GitHub/SushiShop/SushiShop/Saved/Shop_Main_190AE8C184EF9F33341A7688DF6AC4BDC.tmp' to '../../../../../../Users/GameDevClub/Documents/GitHub/SushiShop/SushiShop/Content/SushiShop/Levels/Shop_Main_1.umap'
[2018.04.05-03.59.05:821][687]LogSavePackage: Display: Finished SavePackage ../../../../../../Users/GameDevClub/Documents/GitHub/SushiShop/SushiShop/Content/SushiShop/Levels/Shop_Main_1.umap
[2018.04.05-03.59.06:026][687]LogSavePackage: Save=165.39ms
[2018.04.05-03.59.06:026][687]LogSavePackage: Moving '../../../../../../Users/GameDevClub/Documents/GitHub/SushiShop/SushiShop/Saved/Shop_Main_1_BuiltDataBE4C80624A901B58FBA6E6AB9B1988FE.tmp' to '../../../../../../Users/GameDevClub/Documents/GitHub/SushiShop/SushiShop/Content/SushiShop/Levels/Shop_Main_1_BuiltData.uasset'
[2018.04.05-03.59.06:027][687]LogSavePackage: Display: Finished SavePackage ../../../../../../Users/GameDevClub/Documents/GitHub/SushiShop/SushiShop/Content/SushiShop/Levels/Shop_Main_1_BuiltData.uasset
[2018.04.05-03.59.06:500][743]LogTemp: Repeating last play command: Simulate
[2018.04.05-03.59.06:517][743]LogPlayLevel: PlayLevel: No blueprints needed recompiling
[2018.04.05-03.59.06:517][743]PIE: New page: SIE session: Shop_Main_1 (Apr 4, 2018, 1:59:06 PM)
[2018.04.05-03.59.06:517][743]LogPlayLevel: Creating play world package: /Game/SushiShop/Levels/UEDPIE_0_Shop_Main_1
[2018.04.05-03.59.06:524][743]LogPlayLevel: PIE: StaticDuplicateObject took: (0.006319s)
[2018.04.05-03.59.06:524][743]LogAIModule: Creating AISystem for world Shop_Main_1
[2018.04.05-03.59.06:524][743]LogPlayLevel: PIE: World Init took: (0.000540s)
[2018.04.05-03.59.06:525][743]LogPlayLevel: PIE: Created PIE world by copying editor world from /Game/SushiShop/Levels/Shop_Main_1.Shop_Main_1 to /Game/SushiShop/Levels/UEDPIE_0_Shop_Main_1.Shop_Main_1 (0.007142s)
[2018.04.05-03.59.06:542][743]LogInit: XAudio2 using 'Headphones (Rift Audio)' : 2 channels at 48 kHz using 16 bits per sample (channel mask 0x3)
[2018.04.05-03.59.06:547][743]LogInit: FAudioDevice initialized.
[2018.04.05-03.59.06:579][743]LogUObjectGlobals: Warning: Failed to find object 'Class None.'
[2018.04.05-03.59.06:579][743]LogLoad: Game class is 'GameModeBase'
[2018.04.05-03.59.06:582][743]LogWorld: Bringing World /Game/SushiShop/Levels/UEDPIE_0_Shop_Main_1.Shop_Main_1 up for play (max tick rate 0) at 2018.04.04-20.59.06
[2018.04.05-03.59.06:582][743]LogWorld: Bringing up level for play took: 0.002850
[2018.04.05-03.59.06:582][743]LogGameMode: FindPlayerStart: PATHS NOT DEFINED or NO PLAYERSTART with positive rating
[2018.04.05-03.59.06:585][743]PIE: Play in editor start time for /Game/SushiShop/Levels/UEDPIE_0_Shop_Main_1 0.985
[2018.04.05-03.59.09:272][ 35]LogEditorViewport: Clicking on Actor (LMB): SplineAnimationActor_C (SplineAnimationActor)
[2018.04.05-03.59.21:245][442]EditorErrors: New page: Actor attachment
[2018.04.05-03.59.45:259][219]Cmd: TRANSACTION UNDO
[2018.04.05-03.59.45:259][219]LogEditorTransaction: Undo Move Actors
[2018.04.05-03.59.53:603][190]LogTemp: Repeating last play command: Simulate
[2018.04.05-03.59.53:620][190]LogPlayLevel: PlayLevel: No blueprints needed recompiling
[2018.04.05-03.59.53:621][190]PIE: New page: SIE session: Shop_Main_1 (Apr 4, 2018, 1:59:53 PM)
[2018.04.05-03.59.53:621][190]LogPlayLevel: Creating play world package: /Game/SushiShop/Levels/UEDPIE_0_Shop_Main_1
[2018.04.05-03.59.53:628][190]LogPlayLevel: PIE: StaticDuplicateObject took: (0.006908s)
[2018.04.05-03.59.53:628][190]LogAIModule: Creating AISystem for world Shop_Main_1
[2018.04.05-03.59.53:628][190]LogPlayLevel: PIE: World Init took: (0.000407s)
[2018.04.05-03.59.53:628][190]LogPlayLevel: PIE: Created PIE world by copying editor world from /Game/SushiShop/Levels/Shop_Main_1.Shop_Main_1 to /Game/SushiShop/Levels/UEDPIE_0_Shop_Main_1.Shop_Main_1 (0.007546s)
[2018.04.05-03.59.53:647][190]LogInit: XAudio2 using 'Headphones (Rift Audio)' : 2 channels at 48 kHz using 16 bits per sample (channel mask 0x3)
[2018.04.05-03.59.53:652][190]LogInit: FAudioDevice initialized.
[2018.04.05-03.59.53:681][190]LogUObjectGlobals: Warning: Failed to find object 'Class None.'
[2018.04.05-03.59.53:682][190]LogLoad: Game class is 'GameModeBase'
[2018.04.05-03.59.53:685][190]LogWorld: Bringing World /Game/SushiShop/Levels/UEDPIE_0_Shop_Main_1.Shop_Main_1 up for play (max tick rate 0) at 2018.04.04-20.59.53
[2018.04.05-03.59.53:686][190]LogWorld: Bringing up level for play took: 0.003306
[2018.04.05-03.59.53:686][190]LogGameMode: FindPlayerStart: PATHS NOT DEFINED or NO PLAYERSTART with positive rating
[2018.04.05-03.59.53:688][190]PIE: Play in editor start time for /Game/SushiShop/Levels/UEDPIE_0_Shop_Main_1 0.088
[2018.04.05-04.00.40:175][710]LogSavePackage: Save=143.74ms
[2018.04.05-04.00.40:175][710]LogSavePackage: Moving '../../../../../../Users/GameDevClub/Documents/GitHub/SushiShop/SushiShop/Saved/Shop_Main_18EED4D2C458BA38680BE9EA055201A6C.tmp' to '../../../../../../Users/GameDevClub/Documents/GitHub/SushiShop/SushiShop/Content/SushiShop/Levels/Shop_Main_1.umap'
[2018.04.05-04.00.40:177][710]LogSavePackage: Display: Finished SavePackage ../../../../../../Users/GameDevClub/Documents/GitHub/SushiShop/SushiShop/Content/SushiShop/Levels/Shop_Main_1.umap
[2018.04.05-04.00.40:387][710]LogSavePackage: Save=167.25ms
[2018.04.05-04.00.40:387][710]LogSavePackage: Moving '../../../../../../Users/GameDevClub/Documents/GitHub/SushiShop/SushiShop/Saved/Shop_Main_1_BuiltDataDF6E81CD49E52842E748A2A668BA7809.tmp' to '../../../../../../Users/GameDevClub/Documents/GitHub/SushiShop/SushiShop/Content/SushiShop/Levels/Shop_Main_1_BuiltData.uasset'
[2018.04.05-04.00.40:389][710]LogSavePackage: Display: Finished SavePackage ../../../../../../Users/GameDevClub/Documents/GitHub/SushiShop/SushiShop/Content/SushiShop/Levels/Shop_Main_1_BuiltData.uasset
[2018.04.05-04.00.41:085][793]LogEditorViewport: Clicking on Actor (LMB): SplineAnimationActor_C (SplineAnimationActor)
[2018.04.05-04.00.53:629][247]LogTemp: Repeating last play command: Simulate
[2018.04.05-04.00.53:647][247]BlueprintLog: New page: Pre-Play auto-recompile
[2018.04.05-04.00.53:650][247]LogPlayLevel: [PlayLevel] Compiling SplineAnimationActor before play...
[2018.04.05-04.00.53:859][247]LogPlayLevel: PlayLevel: Blueprint regeneration took 212 ms (1 blueprints)
[2018.04.05-04.00.53:859][247]PIE: New page: SIE session: Shop_Main_1 (Apr 4, 2018, 2:00:53 PM)
[2018.04.05-04.00.53:859][247]LogPlayLevel: Creating play world package: /Game/SushiShop/Levels/UEDPIE_0_Shop_Main_1
[2018.04.05-04.00.53:865][247]LogPlayLevel: PIE: StaticDuplicateObject took: (0.006385s)
[2018.04.05-04.00.53:866][247]LogAIModule: Creating AISystem for world Shop_Main_1
[2018.04.05-04.00.53:866][247]LogPlayLevel: PIE: World Init took: (0.000459s)
[2018.04.05-04.00.53:866][247]LogPlayLevel: PIE: Created PIE world by copying editor world from /Game/SushiShop/Levels/Shop_Main_1.Shop_Main_1 to /Game/SushiShop/Levels/UEDPIE_0_Shop_Main_1.Shop_Main_1 (0.007062s)
[2018.04.05-04.00.53:882][247]LogInit: XAudio2 using 'Headphones (Rift Audio)' : 2 channels at 48 kHz using 16 bits per sample (channel mask 0x3)
[2018.04.05-04.00.53:887][247]LogInit: FAudioDevice initialized.
[2018.04.05-04.00.53:922][247]LogUObjectGlobals: Warning: Failed to find object 'Class None.'
[2018.04.05-04.00.53:922][247]LogLoad: Game class is 'GameModeBase'
[2018.04.05-04.00.53:926][247]LogWorld: Bringing World /Game/SushiShop/Levels/UEDPIE_0_Shop_Main_1.Shop_Main_1 up for play (max tick rate 0) at 2018.04.04-21.00.53
[2018.04.05-04.00.53:926][247]LogWorld: Bringing up level for play took: 0.003646
[2018.04.05-04.00.53:927][247]LogGameMode: FindPlayerStart: PATHS NOT DEFINED or NO PLAYERSTART with positive rating
[2018.04.05-04.00.53:929][247]PIE: Play in editor start time for /Game/SushiShop/Levels/UEDPIE_0_Shop_Main_1 0.329
[2018.04.05-04.01.21:019][473]LogEditorViewport: Clicking on Actor (LMB): SplineAnimationActor_C (SplineAnimationActor)
[2018.04.05-04.03.25:457][302]LogTemp: Repeating last play command: Simulate
[2018.04.05-04.03.25:476][302]BlueprintLog: New page: Pre-Play auto-recompile
[2018.04.05-04.03.25:480][302]LogPlayLevel: [PlayLevel] Compiling SplineAnimationActor before play...
[2018.04.05-04.03.25:696][302]LogPlayLevel: PlayLevel: Blueprint regeneration took 219 ms (1 blueprints)
[2018.04.05-04.03.25:696][302]PIE: New page: SIE session: Shop_Main_1 (Apr 4, 2018, 2:03:25 PM)
[2018.04.05-04.03.25:696][302]LogPlayLevel: Creating play world package: /Game/SushiShop/Levels/UEDPIE_0_Shop_Main_1
[2018.04.05-04.03.25:703][302]LogPlayLevel: PIE: StaticDuplicateObject took: (0.006104s)
[2018.04.05-04.03.25:703][302]LogAIModule: Creating AISystem for world Shop_Main_1
[2018.04.05-04.03.25:703][302]LogPlayLevel: PIE: World Init took: (0.000516s)
[2018.04.05-04.03.25:703][302]LogPlayLevel: PIE: Created PIE world by copying editor world from /Game/SushiShop/Levels/Shop_Main_1.Shop_Main_1 to /Game/SushiShop/Levels/UEDPIE_0_Shop_Main_1.Shop_Main_1 (0.006823s)
[2018.04.05-04.03.25:719][302]LogInit: XAudio2 using 'Headphones (Rift Audio)' : 2 channels at 48 kHz using 16 bits per sample (channel mask 0x3)
[2018.04.05-04.03.25:724][302]LogInit: FAudioDevice initialized.
[2018.04.05-04.03.25:756][302]LogUObjectGlobals: Warning: Failed to find object 'Class None.'
[2018.04.05-04.03.25:756][302]LogLoad: Game class is 'GameModeBase'
[2018.04.05-04.03.25:759][302]LogWorld: Bringing World /Game/SushiShop/Levels/UEDPIE_0_Shop_Main_1.Shop_Main_1 up for play (max tick rate 0) at 2018.04.04-21.03.25
[2018.04.05-04.03.25:760][302]LogWorld: Bringing up level for play took: 0.003043
[2018.04.05-04.03.25:760][302]LogGameMode: FindPlayerStart: PATHS NOT DEFINED or NO PLAYERSTART with positive rating
[2018.04.05-04.03.25:762][302]PIE: Play in editor start time for /Game/SushiShop/Levels/UEDPIE_0_Shop_Main_1 0.163
[2018.04.05-04.03.53:682][636]LogEditorViewport: Clicking on Actor (LMB): SplineAnimationActor_C (SplineAnimationActor)
[2018.04.05-04.04.01:650][584]LogEditorActor: Deleted Actor: SplineAnimationActor_C
[2018.04.05-04.04.01:662][584]LogEditorActor: Deleted 1 Actors (0.015 secs)
[2018.04.05-04.04.04:435][894]LogSavePackage: Save=132.64ms
[2018.04.05-04.04.04:435][894]LogSavePackage: Moving '../../../../../../Users/GameDevClub/Documents/GitHub/SushiShop/SushiShop/Saved/Shop_Main_1E7111A9848381DAA6429EFB25DA89315.tmp' to '../../../../../../Users/GameDevClub/Documents/GitHub/SushiShop/SushiShop/Content/SushiShop/Levels/Shop_Main_1.umap'
[2018.04.05-04.04.04:438][894]LogSavePackage: Display: Finished SavePackage ../../../../../../Users/GameDevClub/Documents/GitHub/SushiShop/SushiShop/Content/SushiShop/Levels/Shop_Main_1.umap
[2018.04.05-04.04.04:646][894]LogSavePackage: Save=163.04ms
[2018.04.05-04.04.04:646][894]LogSavePackage: Moving '../../../../../../Users/GameDevClub/Documents/GitHub/SushiShop/SushiShop/Saved/Shop_Main_1_BuiltData0CF2F9AE43136C41C42640BD2C364168.tmp' to '../../../../../../Users/GameDevClub/Documents/GitHub/SushiShop/SushiShop/Content/SushiShop/Levels/Shop_Main_1_BuiltData.uasset'
[2018.04.05-04.04.04:648][894]LogSavePackage: Display: Finished SavePackage ../../../../../../Users/GameDevClub/Documents/GitHub/SushiShop/SushiShop/Content/SushiShop/Levels/Shop_Main_1_BuiltData.uasset
[2018.04.05-04.04.08:617][367]Cmd: EDIT COPY
[2018.04.05-04.04.10:936][644]Cmd: EDIT PASTE
[2018.04.05-04.04.10:947][644]LogWindows: Windows GetLastError: The operation completed successfully. (0)
[2018.04.05-04.04.11:213][644]LogWindows: Error: === Critical error: ===
[2018.04.05-04.04.11:213][644]LogWindows: Error: 
[2018.04.05-04.04.11:213][644]LogWindows: Error: Assertion failed: Index>=0 && Index + Count <= Num() [File:D:\Build\++UE4+Release-4.18+Compile\Sync\Engine\Source\Runtime\CoreUObject\Public\UObject/UnrealType.h] [Line: 2827] 
[2018.04.05-04.04.11:213][644]LogWindows: Error: 
[2018.04.05-04.04.11:213][644]LogWindows: Error: 
[2018.04.05-04.04.11:213][644]LogWindows: Error: 
[2018.04.05-04.04.11:213][644]LogWindows: Error: [Callstack] 0x0000000011A54008 KERNELBASE.dll!UnknownFunction []
[2018.04.05-04.04.11:213][644]LogWindows: Error: [Callstack] 0x00000000F07F76D4 UE4Editor-ApplicationCore.dll!UnknownFunction []
[2018.04.05-04.04.11:213][644]LogWindows: Error: [Callstack] 0x00000000DC9F330B UE4Editor-Core.dll!UnknownFunction []
[2018.04.05-04.04.11:213][644]LogWindows: Error: [Callstack] 0x00000000DC9847F9 UE4Editor-Core.dll!UnknownFunction []
[2018.04.05-04.04.11:213][644]LogWindows: Error: [Callstack] 0x00000000DC46E93F UE4Editor-CoreUObject.dll!UnknownFunction []
[2018.04.05-04.04.11:213][644]LogWindows: Error: [Callstack] 0x00000000DC458804 UE4Editor-CoreUObject.dll!UnknownFunction []
[2018.04.05-04.04.11:213][644]LogWindows: Error: [Callstack] 0x00000000D7F49436 UE4Editor-UnrealEd.dll!UnknownFunction []
[2018.04.05-04.04.11:213][644]LogWindows: Error: [Callstack] 0x00000000D7F47C6B UE4Editor-UnrealEd.dll!UnknownFunction []
[2018.04.05-04.04.11:213][644]LogWindows: Error: [Callstack] 0x00000000D7F47E4B UE4Editor-UnrealEd.dll!UnknownFunction []
[2018.04.05-04.04.11:213][644]LogWindows: Error: [Callstack] 0x00000000D7F48AC5 UE4Editor-UnrealEd.dll!UnknownFunction []
[2018.04.05-04.04.11:213][644]LogWindows: Error: [Callstack] 0x00000000D7F47C6B UE4Editor-UnrealEd.dll!UnknownFunction []
[2018.04.05-04.04.11:213][644]LogWindows: Error: [Callstack] 0x00000000D7F47E4B UE4Editor-UnrealEd.dll!UnknownFunction []
[2018.04.05-04.04.11:213][644]LogWindows: Error: [Callstack] 0x00000000D80203EF UE4Editor-UnrealEd.dll!UnknownFunction []
[2018.04.05-04.04.11:213][644]LogWindows: Error: [Callstack] 0x00000000D7E96318 UE4Editor-UnrealEd.dll!UnknownFunction []
[2018.04.05-04.04.11:213][644]LogWindows: Error: [Callstack] 0x00000000D7F5AA3F UE4Editor-UnrealEd.dll!UnknownFunction []
[2018.04.05-04.04.11:213][644]LogWindows: Error: [Callstack] 0x00000000D87C2E61 UE4Editor-UnrealEd.dll!UnknownFunction []
[2018.04.05-04.04.11:213][644]LogWindows: Error: [Callstack] 0x00000000D87BBCA9 UE4Editor-UnrealEd.dll!UnknownFunction []
[2018.04.05-04.04.11:213][644]LogWindows: Error: [Callstack] 0x00000000D2487805 UE4Editor-LevelEditor.dll!UnknownFunction []
[2018.04.05-04.04.11:213][644]LogWindows: Error: [Callstack] 0x00000000D2488E7E UE4Editor-LevelEditor.dll!UnknownFunction []
[2018.04.05-04.04.11:213][644]LogWindows: Error: [Callstack] 0x00000000D9229636 UE4Editor-Slate.dll!UnknownFunction []
[2018.04.05-04.04.11:213][644]LogWindows: Error: [Callstack] 0x00000000D92683A0 UE4Editor-Slate.dll!UnknownFunction []
[2018.04.05-04.04.11:213][644]LogWindows: Error: [Callstack] 0x00000000D25B4FAD UE4Editor-LevelEditor.dll!UnknownFunction []
[2018.04.05-04.04.11:213][644]LogWindows: Error: [Callstack] 0x00000000D92163A1 UE4Editor-Slate.dll!UnknownFunction []
[2018.04.05-04.04.11:213][644]LogWindows: Error: [Callstack] 0x00000000D91E700E UE4Editor-Slate.dll!UnknownFunction []
[2018.04.05-04.04.11:213][644]LogWindows: Error: [Callstack] 0x00000000D91E8C16 UE4Editor-Slate.dll!UnknownFunction []
[2018.04.05-04.04.11:213][644]LogWindows: Error: [Callstack] 0x00000000D926988C UE4Editor-Slate.dll!UnknownFunction []
[2018.04.05-04.04.11:213][644]LogWindows: Error: [Callstack] 0x00000000D925BEE8 UE4Editor-Slate.dll!UnknownFunction []
[2018.04.05-04.04.11:213][644]LogWindows: Error: [Callstack] 0x00000000F07EE28A UE4Editor-ApplicationCore.dll!UnknownFunction []
[2018.04.05-04.04.11:213][644]LogWindows: Error: [Callstack] 0x00000000F07E1A48 UE4Editor-ApplicationCore.dll!UnknownFunction []
[2018.04.05-04.04.11:213][644]LogWindows: Error: [Callstack] 0x00000000F07F03EC UE4Editor-ApplicationCore.dll!UnknownFunction []
[2018.04.05-04.04.11:213][644]LogWindows: Error: [Callstack] 0x00000000F07DD5A9 UE4Editor-ApplicationCore.dll!UnknownFunction []
[2018.04.05-04.04.11:213][644]LogWindows: Error: [Callstack] 0x00000000148EB85D USER32.dll!UnknownFunction []
[2018.04.05-04.04.11:213][644]LogWindows: Error: [Callstack] 0x00000000148EB1EF USER32.dll!UnknownFunction []
[2018.04.05-04.04.11:213][644]LogWindows: Error: [Callstack] 0x00000000F07F1516 UE4Editor-ApplicationCore.dll!UnknownFunction []
[2018.04.05-04.04.11:213][644]LogWindows: Error: [Callstack] 0x00000000C65E50C8 UE4Editor.exe!UnknownFunction []
[2018.04.05-04.04.11:213][644]LogWindows: Error: [Callstack] 0x00000000C65F5430 UE4Editor.exe!UnknownFunction []
[2018.04.05-04.04.11:213][644]LogWindows: Error: [Callstack] 0x00000000C65F54AA UE4Editor.exe!UnknownFunction []
[2018.04.05-04.04.11:213][644]LogWindows: Error: [Callstack] 0x00000000C6602379 UE4Editor.exe!UnknownFunction []
[2018.04.05-04.04.11:213][644]LogWindows: Error: [Callstack] 0x00000000C6603D57 UE4Editor.exe!UnknownFunction []
[2018.04.05-04.04.11:213][644]LogWindows: Error: [Callstack] 0x0000000012A91FE4 KERNEL32.DLL!UnknownFunction []
[2018.04.05-04.04.11:213][644]LogWindows: Error: [Callstack] 0x000000001555EFC1 ntdll.dll!UnknownFunction []
[2018.04.05-04.04.11:213][644]LogWindows: Error: [Callstack] 0x000000001555EFC1 ntdll.dll!UnknownFunction []
[2018.04.05-04.04.11:213][644]LogWindows: Error: 
[2018.04.05-04.04.11:220][644]LogExit: Executing StaticShutdownAfterError
[2018.04.05-04.04.11:223][644]LogWindows: FPlatformMisc::RequestExit(1)
[2018.04.05-04.04.11:223][644]Log file closed, 04/04/18 21:04:11
