Log file open, 04/30/18 18:29:26
LogWindows: Failed to load 'aqProf.dll' (GetLastError=126)
LogWindows: File 'aqProf.dll' does not exist
LogWindows: Failed to load 'VSPerf140.dll' (GetLastError=126)
LogWindows: File 'VSPerf140.dll' does not exist
LogWindows: Failed to load 'VtuneApi.dll' (GetLastError=126)
LogWindows: File 'VtuneApi.dll' does not exist
LogWindows: Failed to load 'VtuneApi32e.dll' (GetLastError=126)
LogWindows: File 'VtuneApi32e.dll' does not exist
LogInit: Display: Running engine for game: SushiShop
LogPlatformFile: Not using cached read wrapper
LogInit: Display: RandInit(-815538703) SRandInit(-815538703).
LogInit: Read version file with build ID '3709383'
LogInit: Overriding engine version to CL 3832480, compatible CL 3709383
LogInit: Registered custom module enumerator with build ID '3709383'
LogTaskGraph: Started task graph with 5 named threads and 14 total threads with 3 sets of task threads.
LogStats: Stats thread started at 0.151842
LogD3D11RHI: Aftermath initialized
LogModuleManager: Display: Found up-to-date module file ../../../Engine/Plugins/Marketplace/Substance/Binaries/Win64/UE4Editor-SubstanceCore.dll (API version 3709383).
LogModuleManager: Display: Found up-to-date module file ../../../Engine/Plugins/Marketplace/Substance/Binaries/Win64/UE4Editor-SubstanceEditor.dll (API version 3709383).
LogModuleManager: Display: Found up-to-date module file ../../../Engine/Plugins/Marketplace/Substance/Binaries/Win64/UE4Editor-SubstanceSource.dll (API version 3709383).
LogModuleManager: Display: Found up-to-date module file ../../../Engine/Plugins/Marketplace/Substance/Binaries/Win64/UE4Editor-SubstanceLiveLink.dll (API version 3709383).
LogModuleManager: Display: Found up-to-date module file ../../../Engine/Plugins/Runtime/ApexDestruction/Binaries/Win64/UE4Editor-ApexDestruction.dll (API version 3709383).
LogModuleManager: Display: Found up-to-date module file ../../../Engine/Plugins/Runtime/ApexDestruction/Binaries/Win64/UE4Editor-ApexDestructionEditor.dll (API version 3709383).
LogModuleManager: Display: Found up-to-date module file ../../../Engine/Plugins/Experimental/BlueprintStats/Binaries/Win64/UE4Editor-BlueprintStats.dll (API version 3709383).
LogModuleManager: Display: Found up-to-date module file ../../../Engine/Plugins/Runtime/Oculus/OculusAudio/Binaries/Win64/UE4Editor-OculusAudio.dll (API version 3709383).
LogModuleManager: Display: Found up-to-date module file ../../../Engine/Plugins/Runtime/SoundVisualizations/Binaries/Win64/UE4Editor-SoundVisualizations.dll (API version 3709383).
LogModuleManager: Display: Found up-to-date module file ../../../Engine/Plugins/2D/Paper2D/Binaries/Win64/UE4Editor-Paper2D.dll (API version 3709383).
LogModuleManager: Display: Found up-to-date module file ../../../Engine/Plugins/2D/Paper2D/Binaries/Win64/UE4Editor-Paper2DEditor.dll (API version 3709383).
LogModuleManager: Display: Found up-to-date module file ../../../Engine/Plugins/2D/Paper2D/Binaries/Win64/UE4Editor-PaperSpriteSheetImporter.dll (API version 3709383).
LogModuleManager: Display: Found up-to-date module file ../../../Engine/Plugins/2D/Paper2D/Binaries/Win64/UE4Editor-PaperTiledImporter.dll (API version 3709383).
LogModuleManager: Display: Found up-to-date module file ../../../Engine/Plugins/2D/Paper2D/Binaries/Win64/UE4Editor-SmartSnapping.dll (API version 3709383).
LogModuleManager: Display: Found up-to-date module file ../../../Engine/Plugins/Blendables/LightPropagationVolume/Binaries/Win64/UE4Editor-LightPropagationVolumeRuntime.dll (API version 3709383).
LogModuleManager: Display: Found up-to-date module file ../../../Engine/Plugins/Blendables/LightPropagationVolume/Binaries/Win64/UE4Editor-LightPropagationVolumeEditor.dll (API version 3709383).
LogModuleManager: Display: Found up-to-date module file ../../../Engine/Plugins/Developer/GitSourceControl/Binaries/Win64/UE4Editor-GitSourceControl.dll (API version 3709383).
LogModuleManager: Display: Found up-to-date module file ../../../Engine/Plugins/Developer/PerforceSourceControl/Binaries/Win64/UE4Editor-PerforceSourceControl.dll (API version 3709383).
LogModuleManager: Display: Found up-to-date module file ../../../Engine/Plugins/Developer/SubversionSourceControl/Binaries/Win64/UE4Editor-SubversionSourceControl.dll (API version 3709383).
LogModuleManager: Display: Found up-to-date module file ../../../Engine/Plugins/Developer/UObjectPlugin/Binaries/Win64/UE4Editor-UObjectPlugin.dll (API version 3709383).
LogModuleManager: Display: Found up-to-date module file ../../../Engine/Plugins/Developer/VisualStudioCodeSourceCodeAccess/Binaries/Win64/UE4Editor-VisualStudioCodeSourceCodeAccess.dll (API version 3709383).
LogModuleManager: Display: Found up-to-date module file ../../../Engine/Plugins/Developer/VisualStudioSourceCodeAccess/Binaries/Win64/UE4Editor-VisualStudioSourceCodeAccess.dll (API version 3709383).
LogModuleManager: Display: Found up-to-date module file ../../../Engine/Plugins/Editor/AssetManagerEditor/Binaries/Win64/UE4Editor-AssetManagerEditor.dll (API version 3709383).
LogModuleManager: Display: Found up-to-date module file ../../../Engine/Plugins/Editor/AudioCapture/Binaries/Win64/UE4Editor-AudioCapture.dll (API version 3709383).
LogModuleManager: Display: Found up-to-date module file ../../../Engine/Plugins/Editor/FacialAnimation/Binaries/Win64/UE4Editor-FacialAnimation.dll (API version 3709383).
LogModuleManager: Display: Found up-to-date module file ../../../Engine/Plugins/Editor/FacialAnimation/Binaries/Win64/UE4Editor-FacialAnimationEditor.dll (API version 3709383).
LogModuleManager: Display: Found up-to-date module file ../../../Engine/Plugins/Editor/GameplayTagsEditor/Binaries/Win64/UE4Editor-GameplayTagsEditor.dll (API version 3709383).
LogModuleManager: Display: Found up-to-date module file ../../../Engine/Plugins/Editor/MobileLauncherProfileWizard/Binaries/Win64/UE4Editor-MobileLauncherProfileWizard.dll (API version 3709383).
LogModuleManager: Display: Found up-to-date module file ../../../Engine/Plugins/Editor/PluginBrowser/Binaries/Win64/UE4Editor-PluginBrowser.dll (API version 3709383).
LogModuleManager: Display: Found up-to-date module file ../../../Engine/Plugins/Editor/SpeedTreeImporter/Binaries/Win64/UE4Editor-SpeedTreeImporter.dll (API version 3709383).
LogModuleManager: Display: Found up-to-date module file ../../../Engine/Plugins/Experimental/AlembicImporter/Binaries/Win64/UE4Editor-AlembicImporter.dll (API version 3709383).
LogModuleManager: Display: Found up-to-date module file ../../../Engine/Plugins/Experimental/AlembicImporter/Binaries/Win64/UE4Editor-AlembicLibrary.dll (API version 3709383).
LogModuleManager: Display: Found up-to-date module file ../../../Engine/Plugins/Experimental/CharacterAI/Binaries/Win64/UE4Editor-CharacterAI.dll (API version 3709383).
LogModuleManager: Display: Found up-to-date module file ../../../Engine/Plugins/Experimental/HTML5Networking/Binaries/Win64/UE4Editor-HTML5Networking.dll (API version 3709383).
LogModuleManager: Display: Found up-to-date module file ../../../Engine/Plugins/Media/AndroidMedia/Binaries/Win64/UE4Editor-AndroidMediaEditor.dll (API version 3709383).
LogModuleManager: Display: Found up-to-date module file ../../../Engine/Plugins/Media/AndroidMedia/Binaries/Win64/UE4Editor-AndroidMediaFactory.dll (API version 3709383).
LogModuleManager: Display: Found up-to-date module file ../../../Engine/Plugins/Media/AvfMedia/Binaries/Win64/UE4Editor-AvfMediaEditor.dll (API version 3709383).
LogModuleManager: Display: Found up-to-date module file ../../../Engine/Plugins/Media/AvfMedia/Binaries/Win64/UE4Editor-AvfMediaFactory.dll (API version 3709383).
LogModuleManager: Display: Found up-to-date module file ../../../Engine/Plugins/Media/AvfMedia/Binaries/Win64/UE4Editor-AvfMediaFactory.dll (API version 3709383).
LogModuleManager: Display: Found up-to-date module file ../../../Engine/Plugins/Media/ImgMedia/Binaries/Win64/UE4Editor-ImgMedia.dll (API version 3709383).
LogModuleManager: Display: Found up-to-date module file ../../../Engine/Plugins/Media/ImgMedia/Binaries/Win64/UE4Editor-ImgMediaEditor.dll (API version 3709383).
LogModuleManager: Display: Found up-to-date module file ../../../Engine/Plugins/Media/ImgMedia/Binaries/Win64/UE4Editor-ImgMediaFactory.dll (API version 3709383).
LogModuleManager: Display: Found up-to-date module file ../../../Engine/Plugins/Media/ImgMedia/Binaries/Win64/UE4Editor-ImgMediaFactory.dll (API version 3709383).
LogModuleManager: Display: Found up-to-date module file ../../../Engine/Plugins/Media/ImgMedia/Binaries/Win64/UE4Editor-OpenExrWrapper.dll (API version 3709383).
LogModuleManager: Display: Found up-to-date module file ../../../Engine/Plugins/Media/MediaCompositing/Binaries/Win64/UE4Editor-MediaCompositing.dll (API version 3709383).
LogModuleManager: Display: Found up-to-date module file ../../../Engine/Plugins/Media/MediaCompositing/Binaries/Win64/UE4Editor-MediaCompositingEditor.dll (API version 3709383).
LogModuleManager: Display: Found up-to-date module file ../../../Engine/Plugins/Media/MediaPlayerEditor/Binaries/Win64/UE4Editor-MediaPlayerEditor.dll (API version 3709383).
LogModuleManager: Display: Found up-to-date module file ../../../Engine/Plugins/Media/WmfMedia/Binaries/Win64/UE4Editor-WmfMedia.dll (API version 3709383).
LogModuleManager: Display: Found up-to-date module file ../../../Engine/Plugins/Media/WmfMedia/Binaries/Win64/UE4Editor-WmfMediaEditor.dll (API version 3709383).
LogModuleManager: Display: Found up-to-date module file ../../../Engine/Plugins/Media/WmfMedia/Binaries/Win64/UE4Editor-WmfMediaFactory.dll (API version 3709383).
LogModuleManager: Display: Found up-to-date module file ../../../Engine/Plugins/Media/WmfMedia/Binaries/Win64/UE4Editor-WmfMediaFactory.dll (API version 3709383).
LogModuleManager: Display: Found up-to-date module file ../../../Engine/Plugins/Messaging/TcpMessaging/Binaries/Win64/UE4Editor-TcpMessaging.dll (API version 3709383).
LogModuleManager: Display: Found up-to-date module file ../../../Engine/Plugins/Messaging/UdpMessaging/Binaries/Win64/UE4Editor-UdpMessaging.dll (API version 3709383).
LogModuleManager: Display: Found up-to-date module file ../../../Engine/Plugins/MovieScene/ActorSequence/Binaries/Win64/UE4Editor-ActorSequence.dll (API version 3709383).
LogModuleManager: Display: Found up-to-date module file ../../../Engine/Plugins/MovieScene/LevelSequenceEditor/Binaries/Win64/UE4Editor-LevelSequenceEditor.dll (API version 3709383).
LogModuleManager: Display: Found up-to-date module file ../../../Engine/Plugins/MovieScene/MatineeToLevelSequence/Binaries/Win64/UE4Editor-MatineeToLevelSequence.dll (API version 3709383).
LogModuleManager: Display: Found up-to-date module file ../../../Engine/Plugins/Online/OnlineSubsystem/Binaries/Win64/UE4Editor-OnlineSubsystem.dll (API version 3709383).
LogModuleManager: Display: Found up-to-date module file ../../../Engine/Plugins/Runtime/AndroidPermission/Binaries/Win64/UE4Editor-AndroidPermission.dll (API version 3709383).
LogModuleManager: Display: Found up-to-date module file ../../../Engine/Plugins/Online/OnlineSubsystemNull/Binaries/Win64/UE4Editor-OnlineSubsystemNull.dll (API version 3709383).
LogModuleManager: Display: Found up-to-date module file ../../../Engine/Plugins/Online/OnlineSubsystemUtils/Binaries/Win64/UE4Editor-OnlineSubsystemUtils.dll (API version 3709383).
LogModuleManager: Display: Found up-to-date module file ../../../Engine/Plugins/Online/OnlineSubsystemUtils/Binaries/Win64/UE4Editor-OnlineBlueprintSupport.dll (API version 3709383).
LogModuleManager: Display: Found up-to-date module file ../../../Engine/Plugins/Runtime/AndroidDeviceProfileSelector/Binaries/Win64/UE4Editor-AndroidDeviceProfileSelector.dll (API version 3709383).
LogModuleManager: Display: Found up-to-date module file ../../../Engine/Plugins/Runtime/AppleARKit/Binaries/Win64/UE4Editor-AppleARKit.dll (API version 3709383).
LogModuleManager: Display: Found up-to-date module file ../../../Engine/Plugins/Runtime/ArchVisCharacter/Binaries/Win64/UE4Editor-ArchVisCharacter.dll (API version 3709383).
LogModuleManager: Display: Found up-to-date module file ../../../Engine/Plugins/Runtime/CableComponent/Binaries/Win64/UE4Editor-CableComponent.dll (API version 3709383).
LogModuleManager: Display: Found up-to-date module file ../../../Engine/Plugins/Runtime/CustomMeshComponent/Binaries/Win64/UE4Editor-CustomMeshComponent.dll (API version 3709383).
LogModuleManager: Display: Found up-to-date module file ../../../Engine/Plugins/Runtime/ExampleDeviceProfileSelector/Binaries/Win64/UE4Editor-ExampleDeviceProfileSelector.dll (API version 3709383).
LogModuleManager: Display: Found up-to-date module file ../../../Engine/Plugins/Runtime/ImmediatePhysics/Binaries/Win64/UE4Editor-ImmediatePhysics.dll (API version 3709383).
LogModuleManager: Display: Found up-to-date module file ../../../Engine/Plugins/Runtime/ImmediatePhysics/Binaries/Win64/UE4Editor-ImmediatePhysicsEditor.dll (API version 3709383).
LogModuleManager: Display: Found up-to-date module file ../../../Engine/Plugins/Runtime/LocationServicesBPLibrary/Binaries/Win64/UE4Editor-LocationServicesBPLibrary.dll (API version 3709383).
LogModuleManager: Display: Found up-to-date module file ../../../Engine/Plugins/Runtime/MobilePatchingUtils/Binaries/Win64/UE4Editor-MobilePatchingUtils.dll (API version 3709383).
LogModuleManager: Display: Found up-to-date module file ../../../Engine/Plugins/Runtime/Oculus/OculusVR/Binaries/Win64/UE4Editor-OculusHMD.dll (API version 3709383).
LogModuleManager: Display: Found up-to-date module file ../../../Engine/Plugins/Runtime/Oculus/OculusVR/Binaries/Win64/UE4Editor-OculusInput.dll (API version 3709383).
LogModuleManager: Display: Found up-to-date module file ../../../Engine/Plugins/Runtime/Oculus/OculusVR/Binaries/Win64/UE4Editor-OculusEditor.dll (API version 3709383).
LogModuleManager: Display: Found up-to-date module file ../../../Engine/Plugins/Runtime/PhysXVehicles/Binaries/Win64/UE4Editor-PhysXVehicles.dll (API version 3709383).
LogModuleManager: Display: Found up-to-date module file ../../../Engine/Plugins/Runtime/PhysXVehicles/Binaries/Win64/UE4Editor-PhysXVehiclesEditor.dll (API version 3709383).
LogModuleManager: Display: Found up-to-date module file ../../../Engine/Plugins/Runtime/ProceduralMeshComponent/Binaries/Win64/UE4Editor-ProceduralMeshComponent.dll (API version 3709383).
LogModuleManager: Display: Found up-to-date module file ../../../Engine/Plugins/Runtime/ProceduralMeshComponent/Binaries/Win64/UE4Editor-ProceduralMeshComponentEditor.dll (API version 3709383).
LogModuleManager: Display: Found up-to-date module file ../../../Engine/Plugins/Runtime/RuntimePhysXCooking/Binaries/Win64/UE4Editor-RuntimePhysXCooking.dll (API version 3709383).
LogModuleManager: Display: Found up-to-date module file ../../../Engine/Plugins/Runtime/Steam/SteamVR/Binaries/Win64/UE4Editor-SteamVR.dll (API version 3709383).
LogModuleManager: Display: Found up-to-date module file ../../../Engine/Plugins/Runtime/Steam/SteamVR/Binaries/Win64/UE4Editor-SteamVRController.dll (API version 3709383).
LogModuleManager: Display: Found up-to-date module file ../../../Engine/Plugins/Runtime/WindowsMoviePlayer/Binaries/Win64/UE4Editor-WindowsMoviePlayer.dll (API version 3709383).
LogPluginManager: Mounting plugin Paper2D
LogPluginManager: Mounting plugin LightPropagationVolume
LogPluginManager: Mounting plugin CodeLiteSourceCodeAccess
LogPluginManager: Mounting plugin GitSourceControl
LogPluginManager: Mounting plugin KDevelopSourceCodeAccess
LogPluginManager: Mounting plugin NullSourceCodeAccess
LogPluginManager: Mounting plugin PerforceSourceControl
LogPluginManager: Mounting plugin SubversionSourceControl
LogPluginManager: Mounting plugin UObjectPlugin
LogPluginManager: Mounting plugin VisualStudioCodeSourceCodeAccess
LogPluginManager: Mounting plugin VisualStudioSourceCodeAccess
LogPluginManager: Mounting plugin XCodeSourceCodeAccess
LogPluginManager: Mounting plugin AssetManagerEditor
LogPluginManager: Mounting plugin AudioCapture
LogPluginManager: Mounting plugin FacialAnimation
LogPluginManager: Mounting plugin GameplayTagsEditor
LogPluginManager: Mounting plugin MobileLauncherProfileWizard
LogPluginManager: Mounting plugin PluginBrowser
LogPluginManager: Mounting plugin SpeedTreeImporter
LogPluginManager: Mounting plugin AlembicImporter
LogPluginManager: Mounting plugin BlueprintStats
LogPluginManager: Mounting plugin CharacterAI
LogPluginManager: Mounting plugin HTML5Networking
LogPluginManager: Mounting plugin Substance
LogPluginManager: Mounting plugin AndroidMedia
LogPluginManager: Mounting plugin AvfMedia
LogPluginManager: Mounting plugin ImgMedia
LogPluginManager: Mounting plugin MediaCompositing
LogPluginManager: Mounting plugin MediaPlayerEditor
LogPluginManager: Mounting plugin WmfMedia
LogPluginManager: Mounting plugin TcpMessaging
LogPluginManager: Mounting plugin UdpMessaging
LogPluginManager: Mounting plugin ActorSequence
LogPluginManager: Mounting plugin LevelSequenceEditor
LogPluginManager: Mounting plugin MatineeToLevelSequence
LogPluginManager: Mounting plugin OnlineSubsystemGooglePlay
LogPluginManager: Mounting plugin OnlineSubsystemIOS
LogPluginManager: Mounting plugin OnlineSubsystem
LogPluginManager: Mounting plugin OnlineSubsystemNull
LogPluginManager: Mounting plugin OnlineSubsystemUtils
LogPluginManager: Mounting plugin AndroidDeviceProfileSelector
LogPluginManager: Mounting plugin AndroidMoviePlayer
LogPluginManager: Mounting plugin AndroidPermission
LogPluginManager: Mounting plugin ApexDestruction
LogPluginManager: Mounting plugin AppleARKit
LogPluginManager: Mounting plugin AppleMoviePlayer
LogPluginManager: Mounting plugin ArchVisCharacter
LogPluginManager: Mounting plugin CableComponent
LogPluginManager: Mounting plugin CustomMeshComponent
LogPluginManager: Mounting plugin ExampleDeviceProfileSelector
LogPluginManager: Mounting plugin GoogleCloudMessaging
LogPluginManager: Mounting plugin ImmediatePhysics
LogPluginManager: Mounting plugin IOSDeviceProfileSelector
LogPluginManager: Mounting plugin LinuxDeviceProfileSelector
LogPluginManager: Mounting plugin LocationServicesBPLibrary
LogPluginManager: Mounting plugin MobilePatchingUtils
LogPluginManager: Mounting plugin OculusAudio
LogPluginManager: Mounting plugin OculusVR
LogPluginManager: Plugin shader directory ../../../Engine/Plugins/Runtime/Oculus/OculusVR/Shaders found
LogPluginManager: Mapping shader source directory ../../../Engine/Plugins/Runtime/Oculus/OculusVR/Shaders to virtual directory /Plugin/OculusVR
LogPluginManager: Mounting plugin PhysXVehicles
LogPluginManager: Mounting plugin ProceduralMeshComponent
LogPluginManager: Mounting plugin RuntimePhysXCooking
LogPluginManager: Mounting plugin SoundVisualizations
LogPluginManager: Mounting plugin SteamVR
LogPluginManager: Mounting plugin WindowsMoviePlayer
LogInit: Using libcurl 7.47.1
LogInit:  - built for x86_64-pc-win32
LogInit:  - supports SSL with OpenSSL/1.0.2g
LogInit:  - supports HTTP deflate (compression) using libz 1.2.8
LogInit:  - other features:
LogInit:      CURL_VERSION_SSL
LogInit:      CURL_VERSION_LIBZ
LogInit:      CURL_VERSION_IPV6
LogInit:      CURL_VERSION_ASYNCHDNS
LogInit:      CURL_VERSION_LARGEFILE
LogInit:      CURL_VERSION_IDN
LogInit:  CurlRequestOptions (configurable via config and command line):
LogInit:  - bVerifyPeer = false  - Libcurl will NOT verify peer certificate
LogInit:  - bUseHttpProxy = false  - Libcurl will NOT use HTTP proxy
LogInit:  - bDontReuseConnections = false  - Libcurl will reuse connections
LogInit:  - CertBundlePath = nullptr  - Libcurl will use whatever was configured at build time.
LogInit: Build: ++UE4+Release-4.18-CL-3832480
LogInit: Engine Version: 4.18.3-3832480+++UE4+Release-4.18
LogInit: Compatible Engine Version: 4.18.0-3709383+++UE4+Release-4.18
LogInit: Net CL: 3709383
LogDevObjectVersion: Number of dev versions registered: 16
LogDevObjectVersion:   Dev-Blueprints (B0D832E4-1F89-4F0D-ACCF-7EB736FD4AA2): 10
LogDevObjectVersion:   Dev-Build (E1C64328-A22C-4D53-A36C-8E866417BD8C): 0
LogDevObjectVersion:   Dev-Core (375EC13C-06E4-48FB-B500-84F0262A717E): 2
LogDevObjectVersion:   Dev-Editor (E4B068ED-F494-42E9-A231-DA0B2E46BB41): 20
LogDevObjectVersion:   Dev-Framework (CFFC743F-43B0-4480-9391-14DF171D2073): 30
LogDevObjectVersion:   Dev-Mobile (B02B49B5-BB20-44E9-A304-32B752E40360): 0
LogDevObjectVersion:   Dev-Networking (A4E4105C-59A1-49B5-A7C5-40C4547EDFEE): 0
LogDevObjectVersion:   Dev-Online (39C831C9-5AE6-47DC-9A44-9C173E1C8E7C): 0
LogDevObjectVersion:   Dev-Physics (78F01B33-EBEA-4F98-B9B4-84EACCB95AA2): 0
LogDevObjectVersion:   Dev-Platform (6631380F-2D4D-43E0-8009-CF276956A95A): 0
LogDevObjectVersion:   Dev-Rendering (12F88B9F-8875-4AFC-A67C-D90C383ABD29): 20
LogDevObjectVersion:   Dev-Sequencer (7B5AE74C-D270-4C10-A958-57980B212A5A): 4
LogDevObjectVersion:   Dev-VR (D7296918-1DD6-4BDD-9DE2-64A83CC13884): 0
LogDevObjectVersion:   Dev-LoadTimes (C2A15278-BFE7-4AFE-6C17-90FF531DF755): 1
LogDevObjectVersion:   Private-Geometry (6EACA3D4-40EC-4CC1-B786-8BED09428FC5): 1
LogDevObjectVersion:   Dev-AnimPhys (29E575DD-E0A3-4627-9D10-D276232CDCEA): 12
LogInit: Compiled (64-bit): Jan 12 2018 02:04:55
LogInit: Compiled with Visual C++: 19.00.24215.01
LogInit: Build Configuration: Development
LogInit: Branch Name: ++UE4+Release-4.18
LogInit: Command line:  
LogInit: Base directory: C:/Program Files/Epic Games/UE_4.18/Engine/Binaries/Win64/
LogInit: Installed Engine Build: 1
LogInit: Presizing for max 8388607 objects, including 0 objects not considered by GC, pre-allocating 0 bytes for permanent pool.
LogInit: Object subsystem initialized
[2018.05.01-01.29.27:861][  0]LogInit: Selected Device Profile: [Windows]
[2018.05.01-01.29.27:861][  0]LogInit: Applying CVar settings loaded from the selected device profile: [Windows]
[2018.05.01-01.29.27:870][  0]LogInit: Computer: DESKTOP-TMTLRPJ
[2018.05.01-01.29.27:870][  0]LogInit: User: GameDevClub
[2018.05.01-01.29.27:870][  0]LogInit: CPU Page size=4096, Cores=4
[2018.05.01-01.29.27:870][  0]LogInit: High frequency timer resolution =4.101559 MHz
[2018.05.01-01.29.27:870][  0]LogMemory: Memory total: Physical=16.0GB (16GB approx)
[2018.05.01-01.29.27:870][  0]LogMemory: Platform Memory Stats for Windows
[2018.05.01-01.29.27:870][  0]LogMemory: Process Physical Memory: 281.32 MB used, 281.32 MB peak
[2018.05.01-01.29.27:870][  0]LogMemory: Process Virtual Memory: 288.53 MB used, 288.53 MB peak
[2018.05.01-01.29.27:870][  0]LogMemory: Physical Memory: 4693.34 MB used,  11653.79 MB free, 16347.13 MB total
[2018.05.01-01.29.27:870][  0]LogMemory: Virtual Memory: 753.88 MB used,  11653.79 MB free, 134217728.00 MB total
[2018.05.01-01.29.27:974][  0]LogInit: Using OS detected language (en-US).
[2018.05.01-01.29.27:974][  0]LogInit: Using OS detected locale (en-US).
[2018.05.01-01.29.27:976][  0]LogTextLocalizationManager: No specific localization for 'en-US' exists, so the 'en' localization will be used.
[2018.05.01-01.29.28:255][  0]LogInit: Setting process to per monitor DPI aware
[2018.05.01-01.29.28:422][  0]LogD3D11RHI: D3D11 adapters:
[2018.05.01-01.29.28:445][  0]LogD3D11RHI:    0. 'NVIDIA GeForce GTX 1080 Ti' (Feature Level 11_0)
[2018.05.01-01.29.28:445][  0]LogD3D11RHI:       11127/0/8173 MB DedicatedVideo/DedicatedSystem/SharedSystem, Outputs:1, VendorId:0x10de
[2018.05.01-01.29.28:447][  0]LogD3D11RHI:    1. 'Microsoft Basic Render Driver' (Feature Level 11_0)
[2018.05.01-01.29.28:447][  0]LogD3D11RHI:       0/0/8173 MB DedicatedVideo/DedicatedSystem/SharedSystem, Outputs:0, VendorId:0x1414
[2018.05.01-01.29.28:447][  0]LogD3D11RHI: Chosen D3D11 Adapter: 0
[2018.05.01-01.29.28:452][  0]LogD3D11RHI: Creating new Direct3DDevice
[2018.05.01-01.29.28:452][  0]LogD3D11RHI:     GPU DeviceId: 0x1b06 (for the marketing name, search the web for "GPU Device Id")
[2018.05.01-01.29.28:452][  0]LogWindows: EnumDisplayDevices:
[2018.05.01-01.29.28:452][  0]LogWindows:    0. 'NVIDIA GeForce GTX 1080 Ti' (P:1 D:1)
[2018.05.01-01.29.28:452][  0]LogWindows:    1. 'NVIDIA GeForce GTX 1080 Ti' (P:0 D:0)
[2018.05.01-01.29.28:452][  0]LogWindows:    2. 'NVIDIA GeForce GTX 1080 Ti' (P:0 D:0)
[2018.05.01-01.29.28:452][  0]LogWindows:    3. 'NVIDIA GeForce GTX 1080 Ti' (P:0 D:0)
[2018.05.01-01.29.28:452][  0]LogWindows: DebugString: GetVideoDriverDetailsInvalid PrimaryIsNotTheChoosenAdapter GetVideoDriverDetailsInvalid PrimaryIsNotTheChoosenAdapter GetVideoDriverDetailsInvalid PrimaryIsNotTheChoosenAdapter GetVideoDriverDetailsInvalid PrimaryIsNotTheChoosenAdapter FoundDriverCount:0 
[2018.05.01-01.29.28:452][  0]LogD3D11RHI:     Adapter Name: NVIDIA GeForce GTX 1080 Ti
[2018.05.01-01.29.28:452][  0]LogD3D11RHI:   Driver Version: Unknown (internal:Unknown, unified:Unknown)
[2018.05.01-01.29.28:452][  0]LogD3D11RHI:      Driver Date: Unknown
[2018.05.01-01.29.28:452][  0]LogRHI: Texture pool is 7788 MB (70% of 11127 MB)
[2018.05.01-01.29.28:470][  0]LogD3D11RHI: Async texture creation enabled
[2018.05.01-01.29.28:517][  0]LogD3D11RHI: GPU Timing Frequency: 1000.000000 (Debug: 2 2)
[2018.05.01-01.29.28:564][  0]LogShaderCompilers: Guid format shader working directory is -21 characters bigger than the processId version (../../../../../../Users/GameDevClub/Documents/GitHub/SushiShop/SushiShop/Intermediate/Shaders/WorkingDirectory/11568/).
[2018.05.01-01.29.28:564][  0]LogShaderCompilers: Cleaned the shader compiler working directory 'C:/Users/GameDevClub/AppData/Local/Temp/UnrealShaderWorkingDir/83EC432A46032D934DD9DA94D188105A/'.
[2018.05.01-01.29.28:564][  0]LogShaderCompilers: Display: Using Local Shader Compiler.
[2018.05.01-01.29.29:191][  0]LogTemp: Display: Loaded TP AllDesktopTargetPlatform
[2018.05.01-01.29.29:231][  0]LogTemp: Display: Loaded TP MacClientTargetPlatform
[2018.05.01-01.29.29:271][  0]LogTemp: Display: Loaded TP MacNoEditorTargetPlatform
[2018.05.01-01.29.29:311][  0]LogTemp: Display: Loaded TP MacServerTargetPlatform
[2018.05.01-01.29.29:352][  0]LogTemp: Display: Loaded TP MacTargetPlatform
[2018.05.01-01.29.29:392][  0]LogTemp: Display: Loaded TP WindowsClientTargetPlatform
[2018.05.01-01.29.29:432][  0]LogTemp: Display: Loaded TP WindowsNoEditorTargetPlatform
[2018.05.01-01.29.29:471][  0]LogTemp: Display: Loaded TP WindowsServerTargetPlatform
[2018.05.01-01.29.29:507][  0]LogTemp: Display: Loaded TP WindowsTargetPlatform
[2018.05.01-01.29.29:547][  0]LogTemp: Display: Loaded TP Android_ASTCTargetPlatform
[2018.05.01-01.29.29:586][  0]LogTemp: Display: Loaded TP Android_ATCTargetPlatform
[2018.05.01-01.29.29:624][  0]LogTemp: Display: Loaded TP Android_DXTTargetPlatform
[2018.05.01-01.29.29:662][  0]LogTemp: Display: Loaded TP Android_ETC1TargetPlatform
[2018.05.01-01.29.29:701][  0]LogTemp: Display: Loaded TP Android_ETC2TargetPlatform
[2018.05.01-01.29.29:779][  0]LogTemp: Display: Loaded TP Android_MultiTargetPlatform
[2018.05.01-01.29.29:779][  0]LogTemp: Display: Loaded TP Android_PVRTCTargetPlatform
[2018.05.01-01.29.29:819][  0]LogTemp: Display: Loaded TP AndroidTargetPlatform
[2018.05.01-01.29.29:849][  0]LogTemp: Display: Loaded TP HTML5TargetPlatform
[2018.05.01-01.29.29:924][  0]LogTemp: Display: Loaded TP IOSTargetPlatform
[2018.05.01-01.29.29:945][  0]LogTemp: Display: Loaded TP TVOSTargetPlatform
[2018.05.01-01.29.29:984][  0]LogTemp: Display: Loaded TP LinuxClientTargetPlatform
[2018.05.01-01.29.30:021][  0]LogTemp: Display: Loaded TP LinuxNoEditorTargetPlatform
[2018.05.01-01.29.30:060][  0]LogTemp: Display: Loaded TP LinuxServerTargetPlatform
[2018.05.01-01.29.30:099][  0]LogTemp: Display: Loaded TP LinuxTargetPlatform
[2018.05.01-01.29.30:099][  0]LogTargetPlatformManager: Display: Building Assets For Windows
[2018.05.01-01.29.30:437][  0]LogDerivedDataCache: Display: Max Cache Size: 512 MB
[2018.05.01-01.29.30:487][  0]LogDerivedDataCache: Loaded boot cache 0.05s 80MB C:/Users/GameDevClub/AppData/Local/UnrealEngine/4.18/DerivedDataCache/Boot.ddc.
[2018.05.01-01.29.30:488][  0]LogDerivedDataCache: Display: Loaded Boot cache: C:/Users/GameDevClub/AppData/Local/UnrealEngine/4.18/DerivedDataCache/Boot.ddc
[2018.05.01-01.29.30:488][  0]LogDerivedDataCache: FDerivedDataBackendGraph:  Pak pak cache file ../../../../../../Users/GameDevClub/Documents/GitHub/SushiShop/SushiShop/DerivedDataCache/DDC.ddp not found, will not use a pak cache.
[2018.05.01-01.29.30:488][  0]LogDerivedDataCache: Unable to find inner node Pak for hierarchical cache Hierarchy.
[2018.05.01-01.29.30:488][  0]LogDerivedDataCache: FDerivedDataBackendGraph:  CompressedPak pak cache file ../../../../../../Users/GameDevClub/Documents/GitHub/SushiShop/SushiShop/DerivedDataCache/Compressed.ddp not found, will not use a pak cache.
[2018.05.01-01.29.30:488][  0]LogDerivedDataCache: Unable to find inner node CompressedPak for hierarchical cache Hierarchy.
[2018.05.01-01.29.30:500][  0]LogDerivedDataCache: Display: Pak cache opened for reading ../../../Engine/DerivedDataCache/Compressed.ddp.
[2018.05.01-01.29.30:511][  0]LogDerivedDataCache: Using Local data cache path C:/Users/GameDevClub/AppData/Local/UnrealEngine/Common/DerivedDataCache: Writable
[2018.05.01-01.29.30:519][  0]LogMaterial: Verifying Global Shaders for PCD3D_SM5
[2018.05.01-01.29.30:519][  0]LogSlate: Using Freetype 2.6.0
[2018.05.01-01.29.30:520][  0]LogSlate: SlateFontCache - WITH_FREETYPE: 1, WITH_HARFBUZZ: 1
[2018.05.01-01.29.30:520][  0]LogSlate: SlateFontCache - WITH_FREETYPE: 1, WITH_HARFBUZZ: 1
[2018.05.01-01.29.30:775][  0]LogInit: Selected Device Profile: [Windows]
[2018.05.01-01.29.31:012][  0]LogSimplygon: Simplygon DLL not present - disabling.
[2018.05.01-01.29.31:042][  0]LogMeshReduction: Using SimplygonSwarm for distributed automatic mesh merging
[2018.05.01-01.29.31:042][  0]LogMeshReduction: Using QuadricMeshReduction for automatic static mesh reduction
[2018.05.01-01.29.31:042][  0]LogMeshReduction: No automatic skeletal mesh reduction module available
[2018.05.01-01.29.31:042][  0]LogMeshReduction: No automatic mesh merging module available
[2018.05.01-01.29.31:042][  0]LogMeshMerging: No automatic mesh merging module available
[2018.05.01-01.29.31:063][  0]LogNetVersion: SushiShop , NetCL: 3709383, EngineNetVer: 2, GameNetVer: 0 (Checksum: 2343829258)
[2018.05.01-01.29.31:186][  0]LogAssetRegistry: FAssetRegistry took 0.0247 seconds to start up
[2018.05.01-01.29.31:530][  0]LogPackageLocalizationCache: Processed 7 localized package path(s) for 2 prioritized culture(s) in 0.045553 seconds
[2018.05.01-01.29.31:534][  0]LogUObjectArray: 35870 objects as part of root set at end of initial load.
[2018.05.01-01.29.31:534][  0]LogUObjectAllocator: 7363696 out of 0 bytes used by permanent object pool.
[2018.05.01-01.29.31:534][  0]LogUObjectArray: CloseDisregardForGC: 0/0 objects in disregard for GC pool
[2018.05.01-01.29.31:571][  0]LogInit: WinSock: version 1.1 (2.2), MaxSocks=32767, MaxUdp=65467
[2018.05.01-01.29.33:494][  0]LogSubstanceCoreModule: Substance [CPU] Engine Loaded, Max Texture Size = 2048
[2018.05.01-01.29.33:519][  0]LogTcpMessaging: Initializing TcpMessaging bridge
[2018.05.01-01.29.33:554][  0]LogUdpMessaging: Initializing bridge on interface 0.0.0.0:0 to multicast group 230.0.0.1:6666.
[2018.05.01-01.29.34:144][  0]LogMaterial: Uniform references updated for custom material expression Custom.
[2018.05.01-01.29.34:451][  0]SourceControl: Source control is disabled
[2018.05.01-01.29.34:451][  0]SourceControl: Source control is disabled
[2018.05.01-01.29.34:491][  0]SourceControl: Source control is disabled
[2018.05.01-01.29.34:530][  0]SourceControl: Source control is disabled
[2018.05.01-01.29.35:169][  0]LogAndroidPermission: UAndroidPermissionCallbackProxy::GetInstance
[2018.05.01-01.29.35:368][  0]LogOcInput: OculusInput pre-init called
[2018.05.01-01.29.35:787][  0]LogEngine: Initializing Engine...
[2018.05.01-01.29.35:788][  0]LogHMD: Oculus plugin initialized. Version: 4.18.3-3832480+++UE4+Release-4.18, OVRPlugin: 1.19.0
[2018.05.01-01.29.35:931][  0]LogStats: UGameplayTagsManager::ConstructGameplayTagTree: Construct from data asset -  0.000 s
[2018.05.01-01.29.35:931][  0]LogStats: UGameplayTagsManager::ConstructGameplayTagTree: GameplayTagTreeChangedEvent.Broadcast -  0.000 s
[2018.05.01-01.29.36:023][  0]LogAIModule: Creating AISystem for world Untitled
[2018.05.01-01.29.36:028][  0]LogInit: XAudio2 using 'Headphones (2- Rift Audio)' : 2 channels at 48 kHz using 16 bits per sample (channel mask 0x3)
[2018.05.01-01.29.36:035][  0]LogInit: FAudioDevice initialized.
[2018.05.01-01.29.36:075][  0]LogDerivedDataCache: Saved boot cache 0.04s 80MB C:/Users/GameDevClub/AppData/Local/UnrealEngine/4.18/DerivedDataCache/Boot.ddc.
[2018.05.01-01.29.36:083][  0]LogInit: Texture streaming: Enabled
[2018.05.01-01.29.36:153][  0]LogEngineSessionManager: EngineSessionManager initialized
[2018.05.01-01.29.36:246][  0]LogInit: Transaction tracking system initialized
[2018.05.01-01.29.36:473][  0]BlueprintLog: New page: Editor Load
[2018.05.01-01.29.37:109][  0]LocalizationService: Localization service is disabled
[2018.05.01-01.29.37:645][  0]LogConsoleResponse: Display: 
[2018.05.01-01.29.37:770][  0]LogCook: Display: Max memory allowance for cook 16384mb min free memory 0mb
[2018.05.01-01.29.37:770][  0]LogCook: Display: Mobile HDR setting 1
[2018.05.01-01.29.37:770][  0]LogGameplayTags: Display: UGameplayTagsManager::DoneAddingNativeTags. DelegateIsBound: 0
[2018.05.01-01.29.37:886][  0]LogFileCache: Scanning file cache for directory 'C:/Users/GameDevClub/Documents/GitHub/SushiShop/SushiShop/Content/' took 0.02s
[2018.05.01-01.29.38:646][  0]SourceControl: Source control is disabled
[2018.05.01-01.29.38:646][  0]Cmd: MAP LOAD FILE="../../../../../../Users/GameDevClub/Documents/GitHub/SushiShop/SushiShop/Content/VirtualRealityBP/Maps/StartupMap.umap" TEMPLATE=0 SHOWPROGRESS=1 FEATURELEVEL=3
[2018.05.01-01.29.38:647][  0]LightingResults: New page: Lighting Build
[2018.05.01-01.29.38:676][  0]MapCheck: New page: Map Check
[2018.05.01-01.29.38:676][  0]LightingResults: New page: Lighting Build
[2018.05.01-01.29.38:746][  0]LogAIModule: Creating AISystem for world StartupMap
[2018.05.01-01.29.38:751][  0]LogEditorServer: Finished looking for orphan Actors (0.000 secs)
[2018.05.01-01.29.38:757][  0]Cmd: MAP CHECKDEP NOCLEARLOG
[2018.05.01-01.29.38:791][  0]MapCheck: Map check complete: 0 Error(s), 0 Warning(s), took 33.626ms to complete.
[2018.05.01-01.29.38:791][  0]LogFileHelpers: Loading map 'StartupMap' took 0.145
[2018.05.01-01.29.38:934][  0]LogCollectionManager: Loaded 0 collections in 0.001228 seconds
[2018.05.01-01.29.38:999][  0]LogFileCache: Scanning file cache for directory 'C:/Users/GameDevClub/Documents/GitHub/SushiShop/SushiShop/Saved/Collections/' took 0.01s
[2018.05.01-01.29.38:999][  0]LogFileCache: Scanning file cache for directory 'C:/Users/GameDevClub/Documents/GitHub/SushiShop/SushiShop/Content/Developers/GameDevClub/Collections/' took 0.01s
[2018.05.01-01.29.38:999][  0]LogFileCache: Scanning file cache for directory 'C:/Users/GameDevClub/Documents/GitHub/SushiShop/SushiShop/Content/Collections/' took 0.01s
[2018.05.01-01.29.38:999][  0]LogCollectionManager: Rebuilt the GUID cache for 0 collections in 0.000000 seconds
[2018.05.01-01.29.39:005][  0]LogContentBrowser: Native class hierarchy populated in 0.0061 seconds. Added 2388 classes and 535 folders.
[2018.05.01-01.29.39:053][  0]LogContentBrowser: Native class hierarchy updated for 'WidgetCarousel' in 0.0001 seconds. Added 0 classes and 0 folders.
[2018.05.01-01.29.39:082][  0]LogContentBrowser: Native class hierarchy updated for 'AddContentDialog' in 0.0001 seconds. Added 0 classes and 0 folders.
[2018.05.01-01.29.39:122][  0]LogSlate: Took 0.000156 seconds to synchronously load lazily loaded font '../../../Engine/Content/Slate/Fonts/Roboto-Regular.ttf' (155K)
[2018.05.01-01.29.39:125][  0]LogSlate: Took 0.000114 seconds to synchronously load lazily loaded font '../../../Engine/Content/Slate/Fonts/Roboto-Bold.ttf' (160K)
[2018.05.01-01.29.39:127][  0]LogSlate: Took 0.000091 seconds to synchronously load lazily loaded font '../../../Engine/Content/Editor/Slate/Fonts/FontAwesome.ttf' (139K)
[2018.05.01-01.29.39:183][  0]LogRenderer: Reallocating scene render targets to support 1136x568 Format 26 NumSamples 1 (Frame:1).
[2018.05.01-01.29.39:305][  0]LogContentBrowser: Native class hierarchy updated for 'HierarchicalLODOutliner' in 0.0002 seconds. Added 1 classes and 2 folders.
[2018.05.01-01.29.39:305][  0]LogLoad: (Engine Initialization) Total time: 13.41 seconds
[2018.05.01-01.29.39:305][  0]LogLoad: (Engine Initialization) Total Blueprint compile time: 0.00 seconds
[2018.05.01-01.29.39:305][  0]LogExternalProfiler: No external profilers were discovered.  External profiling features will not be available.
[2018.05.01-01.29.39:314][  0]LogWindowsTextInputMethodSystem: Display: IME system now deactivated.
[2018.05.01-01.29.39:320][  0]LogOcInput: OculusInput is initialized
[2018.05.01-01.29.39:338][  0]LogContentStreaming: Texture pool size now 1000 MB
[2018.05.01-01.29.39:390][  0]LogSlate: Took 0.000109 seconds to synchronously load lazily loaded font '../../../Engine/Content/Slate/Fonts/Roboto-Light.ttf' (159K)
[2018.05.01-01.29.39:393][  1]LogSubstanceLiveLink: Warning: Unable to send data along socket, closing connection
[2018.05.01-01.29.39:397][  1]LogAssetRegistry: Asset discovery search completed in 8.2334 seconds
[2018.05.01-01.29.39:399][  1]LogCollectionManager: Rebuilt the object cache for 0 collections in 0.000000 seconds (found 0 objects)
[2018.05.01-01.29.39:399][  1]LogCollectionManager: Fixed up redirectors for 0 collections in 0.000073 seconds (updated 0 objects)
[2018.05.01-01.29.49:362][193]LogSlate: Took 0.000093 seconds to synchronously load lazily loaded font '../../../Engine/Content/Slate/Fonts/Roboto-Light.ttf' (159K)
[2018.05.01-01.29.49:943][193]LogAIModule: Creating AISystem for world Menu
[2018.05.01-01.29.49:969][193]Cmd: MAP LOAD FILE="../../../../../../Users/GameDevClub/Documents/GitHub/SushiShop/SushiShop/Content/SushiShop/Levels/Menu.umap" TEMPLATE=0 SHOWPROGRESS=1 FEATURELEVEL=3
[2018.05.01-01.29.49:969][193]LightingResults: New page: Lighting Build
[2018.05.01-01.29.49:970][193]LoadErrors: New page: Loading map: Menu.umap
[2018.05.01-01.29.49:970][193]MapCheck: New page: Map Check
[2018.05.01-01.29.49:970][193]LightingResults: New page: Lighting Build
[2018.05.01-01.29.50:017][193]LogEditorServer: Finished looking for orphan Actors (0.000 secs)
[2018.05.01-01.29.50:073][193]Cmd: MAP CHECKDEP NOCLEARLOG
[2018.05.01-01.29.50:120][193]MapCheck: Map check complete: 0 Error(s), 0 Warning(s), took 46.226ms to complete.
[2018.05.01-01.29.50:120][193]LogFileHelpers: Loading map 'Menu' took 0.151
[2018.05.01-01.29.53:262][569]LogTemp: Repeating last play command: VR Preview
[2018.05.01-01.29.53:318][569]LogPlayLevel: PlayLevel: No blueprints needed recompiling
[2018.05.01-01.29.53:319][569]LogHMD: Initializing OVRPlugin session
[2018.05.01-01.29.53:340][569]PIE: New page: PIE session: Menu (Apr 30, 2018, 11:29:53 AM)
[2018.05.01-01.29.53:340][569]LogPlayLevel: Creating play world package: /Game/SushiShop/Levels/UEDPIE_0_Menu
[2018.05.01-01.29.53:342][569]LogPlayLevel: PIE: StaticDuplicateObject took: (0.001356s)
[2018.05.01-01.29.53:342][569]LogAIModule: Creating AISystem for world Menu
[2018.05.01-01.29.53:342][569]LogPlayLevel: PIE: World Init took: (0.000563s)
[2018.05.01-01.29.53:343][569]LogPlayLevel: PIE: Created PIE world by copying editor world from /Game/SushiShop/Levels/Menu.Menu to /Game/SushiShop/Levels/UEDPIE_0_Menu.Menu (0.002195s)
[2018.05.01-01.29.53:356][569]LogInit: XAudio2 using 'Headphones (2- Rift Audio)' : 2 channels at 48 kHz using 16 bits per sample (channel mask 0x3)
[2018.05.01-01.29.53:361][569]LogInit: FAudioDevice initialized.
[2018.05.01-01.29.53:435][569]LogHMD: Allocating Oculus 2720 x 1600 rendertarget swapchain
[2018.05.01-01.29.53:471][569]LogUObjectGlobals: Warning: Failed to find object 'Class None.'
[2018.05.01-01.29.53:471][569]LogLoad: Game class is 'GameModeBase'
[2018.05.01-01.29.53:473][569]LogWorld: Bringing World /Game/SushiShop/Levels/UEDPIE_0_Menu.Menu up for play (max tick rate 0) at 2018.04.30-18.29.53
[2018.05.01-01.29.53:474][569]LogWorld: Bringing up level for play took: 0.001185
[2018.05.01-01.29.53:503][569]LogContentBrowser: Native class hierarchy updated for 'MovieSceneCapture' in 0.0002 seconds. Added 11 classes and 0 folders.
[2018.05.01-01.29.53:509][569]PIE: Play in editor start time for /Game/SushiShop/Levels/UEDPIE_0_Menu 0.191
[2018.05.01-01.29.53:512][569]LogRenderer: Reallocating scene render targets to support 2720x1600 Format 26 NumSamples 1 (Frame:1).
[2018.05.01-01.29.53:513][569]LogHMD: Allocating Oculus 2720 x 1600 depth rendertarget swapchain
[2018.05.01-01.31.36:877][789]LogNet: Browse: /Game/SushiShop/Levels/Main
[2018.05.01-01.31.36:877][789]LogLoadingSplash: Loading begins
[2018.05.01-01.31.36:888][789]LogHMD: FSplash::OnShow
[2018.05.01-01.31.36:888][789]LogLoad: LoadMap: /Game/SushiShop/Levels/Main
[2018.05.01-01.31.37:211][789]LogLinker: Warning: Can't find file '/Game/SushiShop/Assets/Environment/LIGHTS/Lights1/lambert2'
[2018.05.01-01.31.37:211][789]LogLinker: Warning: Can't find file for asset '/Game/SushiShop/Assets/Environment/LIGHTS/Lights1/lambert2' while loading ../../../../../../Users/GameDevClub/Documents/GitHub/SushiShop/SushiShop/Content/SushiShop/Assets/Environment/LIGHTS/Lights1/LoungeVR_CeilingLightNew_01.uasset.
[2018.05.01-01.31.37:211][789]LoadErrors: Error: /Game/SushiShop/Assets/Environment/LIGHTS/Lights1/LoungeVR_CeilingLightNew_01 : Can't find file for asset. /Game/SushiShop/Assets/Environment/LIGHTS/Lights1/lambert2
[2018.05.01-01.31.37:211][789]LogLinker: Warning: Can't find file '/Game/SushiShop/Assets/Environment/LIGHTS/Lights1/lambert2'
[2018.05.01-01.31.37:211][789]LogLinker: Warning: Can't find file for asset '/Game/SushiShop/Assets/Environment/LIGHTS/Lights1/lambert2' while loading ../../../../../../Users/GameDevClub/Documents/GitHub/SushiShop/SushiShop/Content/SushiShop/Assets/Environment/LIGHTS/Lights1/LoungeVR_CeilingLightNew_01.uasset.
[2018.05.01-01.31.37:366][789]LogLinker: Warning: Can't find file '/Game/SushiShop/Assets/Environment/LIGHTS/Lights1/lambert2'
[2018.05.01-01.31.37:366][789]LoadErrors: Failed to load /Game/SushiShop/Assets/Environment/LIGHTS/Lights1/lambert2.lambert2 Referenced by LoungeVR_CeilingLightNew_01
[2018.05.01-01.31.37:366][789]LogLinker: Warning: Can't find file for asset '/Game/SushiShop/Assets/Environment/LIGHTS/Lights1/lambert2' while loading NULL.
[2018.05.01-01.31.37:366][789]LogLinker: Warning: Can't find file '/Game/SushiShop/Assets/Environment/LIGHTS/Lights1/lambert2'
[2018.05.01-01.31.37:366][789]LogLinker: Warning: Can't find file for asset '/Game/SushiShop/Assets/Environment/LIGHTS/Lights1/lambert2' while loading NULL.
[2018.05.01-01.31.38:388][789]LogAIModule: Creating AISystem for world Main
[2018.05.01-01.31.38:388][789]LogUObjectGlobals: Warning: Failed to find object 'Class None.'
[2018.05.01-01.31.38:388][789]LogLoad: Game class is 'GameModeBase'
[2018.05.01-01.31.38:432][789]PIE: Warning: Attempting to move a fully simulated skeletal mesh SkeletalMeshComponent0. Please use the Teleport flag
[2018.05.01-01.31.38:432][789]PIE: Warning: Attempting to move a fully simulated skeletal mesh SkeletalMeshComponent0. Please use the Teleport flag
[2018.05.01-01.31.38:432][789]PIE: Warning: Attempting to move a fully simulated skeletal mesh SkeletalMeshComponent0. Please use the Teleport flag
[2018.05.01-01.31.38:433][789]PIE: Warning: Attempting to move a fully simulated skeletal mesh SkeletalMeshComponent0. Please use the Teleport flag
[2018.05.01-01.31.38:433][789]PIE: Warning: Attempting to move a fully simulated skeletal mesh SkeletalMeshComponent0. Please use the Teleport flag
[2018.05.01-01.31.38:433][789]PIE: Warning: Attempting to move a fully simulated skeletal mesh SkeletalMeshComponent0. Please use the Teleport flag
[2018.05.01-01.31.38:453][789]LogWorld: Bringing World /Game/SushiShop/Levels/UEDPIE_0_Main.Main up for play (max tick rate 0) at 2018.04.30-18.31.38
[2018.05.01-01.31.38:454][789]LogWorld: Bringing up level for play took: 0.065029
[2018.05.01-01.31.38:454][789]LogGameMode: FindPlayerStart: PATHS NOT DEFINED or NO PLAYERSTART with positive rating
[2018.05.01-01.31.38:456][789]LogLoadingSplash: Loading ends
[2018.05.01-01.31.38:456][789]LogHMD: FSplash::OnHide
[2018.05.01-01.31.38:460][789]LogLoad: Took 1.572238 seconds to LoadMap(/Game/SushiShop/Levels/Main)
[2018.05.01-01.32.31:952][595]PIE: Warning: Attempting to move a fully simulated skeletal mesh SkeletalMeshComponent0. Please use the Teleport flag
[2018.05.01-01.32.36:397][995]PIE: Warning: Attempting to move a fully simulated skeletal mesh SkeletalMeshComponent0. Please use the Teleport flag
[2018.05.01-01.32.41:641][467]PIE: Warning: Attempting to move a fully simulated skeletal mesh SkeletalMeshComponent0. Please use the Teleport flag
[2018.05.01-01.32.42:163][514]PIE: Warning: Attempting to move a fully simulated skeletal mesh SkeletalMeshComponent0. Please use the Teleport flag
[2018.05.01-01.32.43:874][668]PIE: Warning: Attempting to move a fully simulated skeletal mesh SkeletalMeshComponent0. Please use the Teleport flag
[2018.05.01-01.32.52:520][446]PIE: Warning: Attempting to move a fully simulated skeletal mesh SkeletalMeshComponent0. Please use the Teleport flag
[2018.05.01-01.32.59:820][103]PIE: Warning: Attempting to move a fully simulated skeletal mesh SkeletalMeshComponent0. Please use the Teleport flag
[2018.05.01-01.33.02:564][350]PIE: Warning: Attempting to move a fully simulated skeletal mesh SkeletalMeshComponent0. Please use the Teleport flag
[2018.05.01-01.33.03:309][417]PIE: Warning: Attempting to move a fully simulated skeletal mesh SkeletalMeshComponent0. Please use the Teleport flag
[2018.05.01-01.33.05:821][643]PIE: Warning: Attempting to move a fully simulated skeletal mesh SkeletalMeshComponent0. Please use the Teleport flag
[2018.05.01-01.33.06:575][711]PIE: Warning: Attempting to move a fully simulated skeletal mesh SkeletalMeshComponent0. Please use the Teleport flag
[2018.05.01-01.33.12:943][284]PIE: Warning: Attempting to move a fully simulated skeletal mesh SkeletalMeshComponent0. Please use the Teleport flag
[2018.05.01-01.33.14:821][453]PIE: Warning: Attempting to move a fully simulated skeletal mesh SkeletalMeshComponent0. Please use the Teleport flag
[2018.05.01-01.33.28:233][660]PIE: Warning: Attempting to move a fully simulated skeletal mesh SkeletalMeshComponent0. Please use the Teleport flag
[2018.05.01-01.33.53:932][803]PIE: Warning: Attempting to move a fully simulated skeletal mesh SkeletalMeshComponent0. Please use the Teleport flag
[2018.05.01-01.33.56:043][898]PIE: Warning: Attempting to move a fully simulated skeletal mesh SkeletalMeshComponent0. Please use the Teleport flag
[2018.05.01-01.34.02:590][456]PIE: Warning: Attempting to move a fully simulated skeletal mesh SkeletalMeshComponent0. Please use the Teleport flag
[2018.05.01-01.34.03:890][573]PIE: Warning: Attempting to move a fully simulated skeletal mesh SkeletalMeshComponent0. Please use the Teleport flag
[2018.05.01-01.34.07:157][867]PIE: Warning: Attempting to move a fully simulated skeletal mesh SkeletalMeshComponent0. Please use the Teleport flag
[2018.05.01-01.34.08:957][ 29]PIE: Warning: Attempting to move a fully simulated skeletal mesh SkeletalMeshComponent0. Please use the Teleport flag
[2018.05.01-01.34.10:868][201]PIE: Warning: Attempting to move a fully simulated skeletal mesh SkeletalMeshComponent0. Please use the Teleport flag
[2018.05.01-01.34.12:646][361]PIE: Warning: Attempting to move a fully simulated skeletal mesh SkeletalMeshComponent0. Please use the Teleport flag
[2018.05.01-01.34.30:548][746]PIE: Warning: Attempting to move a fully simulated skeletal mesh SkeletalMeshComponent0. Please use the Teleport flag
[2018.05.01-01.34.31:404][823]PIE: Warning: Attempting to move a fully simulated skeletal mesh SkeletalMeshComponent0. Please use the Teleport flag
[2018.05.01-01.34.32:237][898]PIE: Warning: Attempting to move a fully simulated skeletal mesh SkeletalMeshComponent0. Please use the Teleport flag
[2018.05.01-01.34.33:037][970]PIE: Warning: Attempting to move a fully simulated skeletal mesh SkeletalMeshComponent0. Please use the Teleport flag
[2018.05.01-01.34.33:904][ 48]PIE: Warning: Attempting to move a fully simulated skeletal mesh SkeletalMeshComponent0. Please use the Teleport flag
[2018.05.01-01.34.48:993][403]PIE: Warning: Attempting to move a fully simulated skeletal mesh SkeletalMeshComponent0. Please use the Teleport flag
[2018.05.01-01.34.50:061][499]PIE: Warning: Attempting to move a fully simulated skeletal mesh SkeletalMeshComponent0. Please use the Teleport flag
[2018.05.01-01.34.51:383][618]PIE: Warning: Attempting to move a fully simulated skeletal mesh SkeletalMeshComponent0. Please use the Teleport flag
[2018.05.01-01.35.01:727][549]PIE: Warning: Attempting to move a fully simulated skeletal mesh SkeletalMeshComponent0. Please use the Teleport flag
[2018.05.01-01.35.15:806][809]PIE: Warning: Attempting to move a fully simulated skeletal mesh SkeletalMeshComponent0. Please use the Teleport flag
[2018.05.01-01.35.23:128][468]PIE: Warning: Attempting to move a fully simulated skeletal mesh SkeletalMeshComponent0. Please use the Teleport flag
[2018.05.01-01.35.25:751][704]PIE: Warning: Attempting to move a fully simulated skeletal mesh SkeletalMeshComponent0. Please use the Teleport flag
[2018.05.01-01.35.27:517][863]PIE: Warning: Attempting to move a fully simulated skeletal mesh SkeletalMeshComponent0. Please use the Teleport flag
[2018.05.01-01.35.29:095][  5]PIE: Warning: Attempting to move a fully simulated skeletal mesh SkeletalMeshComponent0. Please use the Teleport flag
[2018.05.01-01.35.30:428][125]PIE: Warning: Attempting to move a fully simulated skeletal mesh SkeletalMeshComponent0. Please use the Teleport flag
[2018.05.01-01.35.31:795][248]PIE: Warning: Attempting to move a fully simulated skeletal mesh SkeletalMeshComponent0. Please use the Teleport flag
[2018.05.01-01.35.33:273][381]PIE: Warning: Attempting to move a fully simulated skeletal mesh SkeletalMeshComponent0. Please use the Teleport flag
[2018.05.01-01.35.35:984][625]PIE: Warning: Attempting to move a fully simulated skeletal mesh SkeletalMeshComponent0. Please use the Teleport flag
[2018.05.01-01.35.36:451][667]PIE: Warning: Attempting to move a fully simulated skeletal mesh SkeletalMeshComponent0. Please use the Teleport flag
[2018.05.01-01.35.39:896][973]PIE: Warning: Attempting to move a fully simulated skeletal mesh SkeletalMeshComponent0. Please use the Teleport flag
[2018.05.01-01.35.45:894][377]PIE: Warning: Attempting to move a fully simulated skeletal mesh SkeletalMeshComponent0. Please use the Teleport flag
[2018.05.01-01.35.47:374][475]PIE: Warning: Attempting to move a fully simulated skeletal mesh SkeletalMeshComponent0. Please use the Teleport flag
[2018.05.01-01.35.48:752][599]PIE: Warning: Attempting to move a fully simulated skeletal mesh SkeletalMeshComponent0. Please use the Teleport flag
[2018.05.01-01.35.50:307][739]PIE: Warning: Attempting to move a fully simulated skeletal mesh SkeletalMeshComponent0. Please use the Teleport flag
[2018.05.01-01.35.58:607][485]PIE: Warning: Attempting to move a fully simulated skeletal mesh SkeletalMeshComponent0. Please use the Teleport flag
[2018.05.01-01.36.27:277][ 64]PIE: Warning: Attempting to move a fully simulated skeletal mesh SkeletalMeshComponent0. Please use the Teleport flag
[2018.05.01-01.36.27:888][119]PIE: Warning: Attempting to move a fully simulated skeletal mesh SkeletalMeshComponent0. Please use the Teleport flag
[2018.05.01-01.36.28:611][184]PIE: Warning: Attempting to move a fully simulated skeletal mesh SkeletalMeshComponent0. Please use the Teleport flag
[2018.05.01-01.36.29:310][247]PIE: Warning: Attempting to move a fully simulated skeletal mesh SkeletalMeshComponent0. Please use the Teleport flag
[2018.05.01-01.36.30:111][319]PIE: Warning: Attempting to move a fully simulated skeletal mesh SkeletalMeshComponent0. Please use the Teleport flag
[2018.05.01-01.36.40:543][151]PIE: Warning: Attempting to move a fully simulated skeletal mesh SkeletalMeshComponent0. Please use the Teleport flag
[2018.05.01-01.37.11:846][175]PIE: Warning: Attempting to move a fully simulated skeletal mesh SkeletalMeshComponent0. Please use the Teleport flag
[2018.05.01-01.37.12:824][263]PIE: Warning: Attempting to move a fully simulated skeletal mesh SkeletalMeshComponent0. Please use the Teleport flag
[2018.05.01-01.37.13:757][347]PIE: Warning: Attempting to move a fully simulated skeletal mesh SkeletalMeshComponent0. Please use the Teleport flag
[2018.05.01-01.37.14:757][437]PIE: Warning: Attempting to move a fully simulated skeletal mesh SkeletalMeshComponent0. Please use the Teleport flag
[2018.05.01-01.37.15:757][527]PIE: Warning: Attempting to move a fully simulated skeletal mesh SkeletalMeshComponent0. Please use the Teleport flag
[2018.05.01-01.37.16:791][620]PIE: Warning: Attempting to move a fully simulated skeletal mesh SkeletalMeshComponent0. Please use the Teleport flag
[2018.05.01-01.37.17:823][713]PIE: Warning: Attempting to move a fully simulated skeletal mesh SkeletalMeshComponent0. Please use the Teleport flag
[2018.05.01-01.37.19:845][894]PIE: Warning: Attempting to move a fully simulated skeletal mesh SkeletalMeshComponent0. Please use the Teleport flag
[2018.05.01-01.37.20:980][993]PIE: Warning: Attempting to move a fully simulated skeletal mesh SkeletalMeshComponent0. Please use the Teleport flag
[2018.05.01-01.37.22:736][151]PIE: Warning: Attempting to move a fully simulated skeletal mesh SkeletalMeshComponent0. Please use the Teleport flag
[2018.05.01-01.37.26:658][485]PIE: Warning: Attempting to move a fully simulated skeletal mesh SkeletalMeshComponent0. Please use the Teleport flag
[2018.05.01-01.37.46:145][509]PIE: Warning: Attempting to move a fully simulated skeletal mesh SkeletalMeshComponent0. Please use the Teleport flag
[2018.05.01-01.37.49:070][767]PIE: Warning: Attempting to move a fully simulated skeletal mesh SkeletalMeshComponent0. Please use the Teleport flag
[2018.05.01-01.38.11:950][825]PIE: Warning: Attempting to move a fully simulated skeletal mesh SkeletalMeshComponent0. Please use the Teleport flag
[2018.05.01-01.38.13:772][989]PIE: Warning: Attempting to move a fully simulated skeletal mesh SkeletalMeshComponent0. Please use the Teleport flag
[2018.05.01-01.38.15:095][108]PIE: Warning: Attempting to move a fully simulated skeletal mesh SkeletalMeshComponent0. Please use the Teleport flag
[2018.05.01-01.38.20:107][559]PIE: Warning: Attempting to move a fully simulated skeletal mesh SkeletalMeshComponent0. Please use the Teleport flag
[2018.05.01-01.38.23:762][887]PIE: Warning: Attempting to move a fully simulated skeletal mesh SkeletalMeshComponent0. Please use the Teleport flag
[2018.05.01-01.38.24:050][913]PIE: Warning: Attempting to move a fully simulated skeletal mesh SkeletalMeshComponent0. Please use the Teleport flag
[2018.05.01-01.38.25:328][ 28]PIE: Warning: Attempting to move a fully simulated skeletal mesh SkeletalMeshComponent0. Please use the Teleport flag
[2018.05.01-01.38.25:329][ 28]PIE: Warning: Attempting to move a fully simulated skeletal mesh SkeletalMeshComponent0. Please use the Teleport flag
[2018.05.01-01.38.27:462][220]PIE: Warning: Attempting to move a fully simulated skeletal mesh SkeletalMeshComponent0. Please use the Teleport flag
[2018.05.01-01.38.27:484][222]PIE: Warning: Attempting to move a fully simulated skeletal mesh SkeletalMeshComponent0. Please use the Teleport flag
[2018.05.01-01.38.31:140][551]PIE: Warning: Attempting to move a fully simulated skeletal mesh SkeletalMeshComponent0. Please use the Teleport flag
[2018.05.01-01.38.37:228][985]PIE: Warning: Attempting to move a fully simulated skeletal mesh SkeletalMeshComponent0. Please use the Teleport flag
[2018.05.01-01.38.39:808][217]PIE: Warning: Attempting to move a fully simulated skeletal mesh SkeletalMeshComponent0. Please use the Teleport flag
[2018.05.01-01.38.42:051][419]PIE: Warning: Attempting to move a fully simulated skeletal mesh SkeletalMeshComponent0. Please use the Teleport flag
[2018.05.01-01.38.43:829][579]PIE: Warning: Attempting to move a fully simulated skeletal mesh SkeletalMeshComponent0. Please use the Teleport flag
[2018.05.01-01.38.45:708][748]PIE: Warning: Attempting to move a fully simulated skeletal mesh SkeletalMeshComponent0. Please use the Teleport flag
[2018.05.01-01.38.47:618][920]PIE: Warning: Attempting to move a fully simulated skeletal mesh SkeletalMeshComponent0. Please use the Teleport flag
[2018.05.01-01.38.59:261][833]PIE: Warning: Attempting to move a fully simulated skeletal mesh SkeletalMeshComponent0. Please use the Teleport flag
[2018.05.01-01.39.00:750][900]PIE: Warning: Attempting to move a fully simulated skeletal mesh SkeletalMeshComponent0. Please use the Teleport flag
[2018.05.01-01.39.29:121][402]PIE: Warning: Attempting to move a fully simulated skeletal mesh SkeletalMeshComponent0. Please use the Teleport flag
[2018.05.01-01.40.32:081][910]PIE: Warning: Attempting to move a fully simulated skeletal mesh SkeletalMeshComponent0. Please use the Teleport flag
[2018.05.01-01.40.39:370][501]PIE: Warning: Attempting to move a fully simulated skeletal mesh SkeletalMeshComponent0. Please use the Teleport flag
[2018.05.01-01.40.43:214][747]PIE: Warning: Attempting to move a fully simulated skeletal mesh SkeletalMeshComponent0. Please use the Teleport flag
[2018.05.01-01.41.34:785][168]LogNet: Browse: /Game/SushiShop/Levels/Menu
[2018.05.01-01.41.34:785][168]LogLoadingSplash: Loading begins
[2018.05.01-01.41.34:795][168]LogHMD: FSplash::OnShow
[2018.05.01-01.41.34:795][168]LogLoad: LoadMap: /Game/SushiShop/Levels/Menu
[2018.05.01-01.41.34:824][168]LogPlayLevel: Creating play world package: /Game/SushiShop/Levels/UEDPIE_0_Menu
[2018.05.01-01.41.34:825][168]LogPlayLevel: PIE: StaticDuplicateObject took: (0.001173s)
[2018.05.01-01.41.34:825][168]LogAIModule: Creating AISystem for world Menu
[2018.05.01-01.41.34:825][168]LogPlayLevel: PIE: World Init took: (0.000560s)
[2018.05.01-01.41.34:826][168]LogPlayLevel: PIE: Created PIE world by copying editor world from /Game/SushiShop/Levels/Menu.Menu to /Game/SushiShop/Levels/UEDPIE_0_Menu.Menu (0.001965s)
[2018.05.01-01.41.34:826][168]LogUObjectGlobals: Warning: Failed to find object 'Class None.'
[2018.05.01-01.41.34:826][168]LogLoad: Game class is 'GameModeBase'
[2018.05.01-01.41.34:827][168]LogWorld: Bringing World /Game/SushiShop/Levels/UEDPIE_0_Menu.Menu up for play (max tick rate 0) at 2018.04.30-18.41.34
[2018.05.01-01.41.34:827][168]LogWorld: Bringing up level for play took: 0.001138
[2018.05.01-01.41.34:829][168]LogLoadingSplash: Loading ends
[2018.05.01-01.41.34:829][168]LogHMD: FSplash::OnHide
[2018.05.01-01.41.34:830][168]LogLoad: Took 0.034105 seconds to LoadMap(/Game/SushiShop/Levels/UEDPIE_0_Menu)
[2018.05.01-01.42.52:021][114]LogNet: Browse: /Game/SushiShop/Levels/Main
[2018.05.01-01.42.52:021][114]LogLoadingSplash: Loading begins
[2018.05.01-01.42.52:031][114]LogHMD: FSplash::OnShow
[2018.05.01-01.42.52:031][114]LogLoad: LoadMap: /Game/SushiShop/Levels/Main
[2018.05.01-01.42.52:499][114]LogLinker: Warning: Can't find file '/Game/SushiShop/Assets/Environment/LIGHTS/Lights1/lambert2'
[2018.05.01-01.42.52:499][114]LogLinker: Warning: Can't find file for asset '/Game/SushiShop/Assets/Environment/LIGHTS/Lights1/lambert2' while loading ../../../../../../Users/GameDevClub/Documents/GitHub/SushiShop/SushiShop/Content/SushiShop/Assets/Environment/LIGHTS/Lights1/LoungeVR_CeilingLightNew_01.uasset.
[2018.05.01-01.42.52:499][114]LogLinker: Warning: Can't find file '/Game/SushiShop/Assets/Environment/LIGHTS/Lights1/lambert2'
[2018.05.01-01.42.52:499][114]LogLinker: Warning: Can't find file for asset '/Game/SushiShop/Assets/Environment/LIGHTS/Lights1/lambert2' while loading ../../../../../../Users/GameDevClub/Documents/GitHub/SushiShop/SushiShop/Content/SushiShop/Assets/Environment/LIGHTS/Lights1/LoungeVR_CeilingLightNew_01.uasset.
[2018.05.01-01.42.52:706][114]LogAIModule: Creating AISystem for world Main
[2018.05.01-01.42.52:706][114]LogUObjectGlobals: Warning: Failed to find object 'Class None.'
[2018.05.01-01.42.52:706][114]LogLoad: Game class is 'GameModeBase'
[2018.05.01-01.42.52:748][114]PIE: Warning: Attempting to move a fully simulated skeletal mesh SkeletalMeshComponent0. Please use the Teleport flag
[2018.05.01-01.42.52:748][114]PIE: Warning: Attempting to move a fully simulated skeletal mesh SkeletalMeshComponent0. Please use the Teleport flag
[2018.05.01-01.42.52:748][114]PIE: Warning: Attempting to move a fully simulated skeletal mesh SkeletalMeshComponent0. Please use the Teleport flag
[2018.05.01-01.42.52:748][114]PIE: Warning: Attempting to move a fully simulated skeletal mesh SkeletalMeshComponent0. Please use the Teleport flag
[2018.05.01-01.42.52:749][114]PIE: Warning: Attempting to move a fully simulated skeletal mesh SkeletalMeshComponent0. Please use the Teleport flag
[2018.05.01-01.42.52:749][114]PIE: Warning: Attempting to move a fully simulated skeletal mesh SkeletalMeshComponent0. Please use the Teleport flag
[2018.05.01-01.42.52:768][114]LogWorld: Bringing World /Game/SushiShop/Levels/UEDPIE_0_Main.Main up for play (max tick rate 0) at 2018.04.30-18.42.52
[2018.05.01-01.42.52:768][114]LogWorld: Bringing up level for play took: 0.062229
[2018.05.01-01.42.52:770][114]LogGameMode: FindPlayerStart: PATHS NOT DEFINED or NO PLAYERSTART with positive rating
[2018.05.01-01.42.52:772][114]LogLoadingSplash: Loading ends
[2018.05.01-01.42.52:772][114]LogHMD: FSplash::OnHide
[2018.05.01-01.42.52:778][114]LogLoad: Took 0.746847 seconds to LoadMap(/Game/SushiShop/Levels/Main)
[2018.05.01-01.43.09:571][620]PIE: Warning: Attempting to move a fully simulated skeletal mesh SkeletalMeshComponent0. Please use the Teleport flag
[2018.05.01-01.43.18:272][403]PIE: Warning: Attempting to move a fully simulated skeletal mesh SkeletalMeshComponent0. Please use the Teleport flag
[2018.05.01-01.43.24:038][922]PIE: Warning: Attempting to move a fully simulated skeletal mesh SkeletalMeshComponent0. Please use the Teleport flag
[2018.05.01-01.43.29:361][401]PIE: Warning: Attempting to move a fully simulated skeletal mesh SkeletalMeshComponent0. Please use the Teleport flag
[2018.05.01-01.43.45:394][844]PIE: Warning: Attempting to move a fully simulated skeletal mesh SkeletalMeshComponent0. Please use the Teleport flag
[2018.05.01-01.43.47:794][ 60]PIE: Warning: Attempting to move a fully simulated skeletal mesh SkeletalMeshComponent0. Please use the Teleport flag
[2018.05.01-01.43.50:294][285]PIE: Warning: Attempting to move a fully simulated skeletal mesh SkeletalMeshComponent0. Please use the Teleport flag
[2018.05.01-01.43.50:772][328]PIE: Warning: Attempting to move a fully simulated skeletal mesh SkeletalMeshComponent0. Please use the Teleport flag
[2018.05.01-01.43.53:561][579]PIE: Warning: Attempting to move a fully simulated skeletal mesh SkeletalMeshComponent0. Please use the Teleport flag
[2018.05.01-01.43.54:072][625]PIE: Warning: Attempting to move a fully simulated skeletal mesh SkeletalMeshComponent0. Please use the Teleport flag
[2018.05.01-01.44.07:762][696]PIE: Warning: Attempting to move a fully simulated skeletal mesh SkeletalMeshComponent0. Please use the Teleport flag
[2018.05.01-01.44.13:340][197]PIE: Warning: Attempting to move a fully simulated skeletal mesh SkeletalMeshComponent0. Please use the Teleport flag
[2018.05.01-01.44.17:696][587]PIE: Warning: Attempting to move a fully simulated skeletal mesh SkeletalMeshComponent0. Please use the Teleport flag
[2018.05.01-01.44.26:486][368]PIE: Warning: Attempting to move a fully simulated skeletal mesh SkeletalMeshComponent0. Please use the Teleport flag
[2018.05.01-01.44.27:164][429]PIE: Warning: Attempting to move a fully simulated skeletal mesh SkeletalMeshComponent0. Please use the Teleport flag
[2018.05.01-01.44.30:053][689]PIE: Warning: Attempting to move a fully simulated skeletal mesh SkeletalMeshComponent0. Please use the Teleport flag
[2018.05.01-01.44.30:109][694]PIE: Warning: Attempting to move a fully simulated skeletal mesh SkeletalMeshComponent0. Please use the Teleport flag
[2018.05.01-01.44.33:008][955]PIE: Warning: Attempting to move a fully simulated skeletal mesh SkeletalMeshComponent0. Please use the Teleport flag
[2018.05.01-01.44.33:053][959]PIE: Warning: Attempting to move a fully simulated skeletal mesh SkeletalMeshComponent0. Please use the Teleport flag
[2018.05.01-01.44.59:632][339]PIE: Warning: Attempting to move a fully simulated skeletal mesh SkeletalMeshComponent0. Please use the Teleport flag
[2018.05.01-01.45.04:287][758]PIE: Warning: Attempting to move a fully simulated skeletal mesh SkeletalMeshComponent0. Please use the Teleport flag
[2018.05.01-01.45.20:978][ 50]PIE: Warning: Attempting to move a fully simulated skeletal mesh SkeletalMeshComponent0. Please use the Teleport flag
[2018.05.01-01.45.23:578][284]PIE: Warning: Attempting to move a fully simulated skeletal mesh SkeletalMeshComponent0. Please use the Teleport flag
[2018.05.01-01.45.41:945][937]PIE: Warning: Attempting to move a fully simulated skeletal mesh SkeletalMeshComponent0. Please use the Teleport flag
[2018.05.01-01.45.44:256][145]PIE: Warning: Attempting to move a fully simulated skeletal mesh SkeletalMeshComponent0. Please use the Teleport flag
[2018.05.01-01.45.55:247][133]PIE: Warning: Attempting to move a fully simulated skeletal mesh SkeletalMeshComponent0. Please use the Teleport flag
[2018.05.01-01.45.57:046][295]PIE: Warning: Attempting to move a fully simulated skeletal mesh SkeletalMeshComponent0. Please use the Teleport flag
[2018.05.01-01.46.05:325][ 40]PIE: Warning: Attempting to move a fully simulated skeletal mesh SkeletalMeshComponent0. Please use the Teleport flag
[2018.05.01-01.46.07:791][262]PIE: Warning: Attempting to move a fully simulated skeletal mesh SkeletalMeshComponent0. Please use the Teleport flag
[2018.05.01-01.46.28:515][126]PIE: Warning: Attempting to move a fully simulated skeletal mesh SkeletalMeshComponent0. Please use the Teleport flag
[2018.05.01-01.46.30:660][319]PIE: Warning: Attempting to move a fully simulated skeletal mesh SkeletalMeshComponent0. Please use the Teleport flag
[2018.05.01-01.46.33:049][534]PIE: Warning: Attempting to move a fully simulated skeletal mesh SkeletalMeshComponent0. Please use the Teleport flag
[2018.05.01-01.46.36:015][801]PIE: Warning: Attempting to move a fully simulated skeletal mesh SkeletalMeshComponent0. Please use the Teleport flag
[2018.05.01-01.46.38:393][ 14]PIE: Warning: Attempting to move a fully simulated skeletal mesh SkeletalMeshComponent0. Please use the Teleport flag
[2018.05.01-01.46.42:261][362]PIE: Warning: Attempting to move a fully simulated skeletal mesh SkeletalMeshComponent0. Please use the Teleport flag
[2018.05.01-01.46.45:093][617]PIE: Warning: Attempting to move a fully simulated skeletal mesh SkeletalMeshComponent0. Please use the Teleport flag
[2018.05.01-01.46.47:649][847]PIE: Warning: Attempting to move a fully simulated skeletal mesh SkeletalMeshComponent0. Please use the Teleport flag
[2018.05.01-01.48.26:689][318]PIE: Warning: Attempting to move a fully simulated skeletal mesh SkeletalMeshComponent0. Please use the Teleport flag
[2018.05.01-01.48.28:734][502]PIE: Warning: Attempting to move a fully simulated skeletal mesh SkeletalMeshComponent0. Please use the Teleport flag
[2018.05.01-01.48.34:091][984]PIE: Warning: Attempting to move a fully simulated skeletal mesh SkeletalMeshComponent0. Please use the Teleport flag
[2018.05.01-01.48.38:657][395]PIE: Warning: Attempting to move a fully simulated skeletal mesh SkeletalMeshComponent0. Please use the Teleport flag
[2018.05.01-01.48.57:724][ 91]PIE: Warning: Attempting to move a fully simulated skeletal mesh SkeletalMeshComponent0. Please use the Teleport flag
[2018.05.01-01.49.03:925][641]PIE: Warning: Attempting to move a fully simulated skeletal mesh SkeletalMeshComponent0. Please use the Teleport flag
[2018.05.01-01.49.05:337][768]PIE: Warning: Attempting to move a fully simulated skeletal mesh SkeletalMeshComponent0. Please use the Teleport flag
[2018.05.01-01.49.16:072][425]LogInit: XAudio2 using 'Headphones (2- Rift Audio)' : 2 channels at 48 kHz using 16 bits per sample (channel mask 0x3)
[2018.05.01-01.49.16:084][425]LogInit: XAudio2 using 'Headphones (2- Rift Audio)' : 2 channels at 48 kHz using 16 bits per sample (channel mask 0x3)
