Log file open, 02/21/18 17:03:47
LogWindows: Failed to load 'aqProf.dll' (GetLastError=126)
LogWindows: File 'aqProf.dll' does not exist
LogWindows: Failed to load 'VSPerf140.dll' (GetLastError=126)
LogWindows: File 'VSPerf140.dll' does not exist
LogWindows: Failed to load 'VtuneApi.dll' (GetLastError=126)
LogWindows: File 'VtuneApi.dll' does not exist
LogWindows: Failed to load 'VtuneApi32e.dll' (GetLastError=126)
LogWindows: File 'VtuneApi32e.dll' does not exist
LogInit: Display: Running engine for game: SushiShop
LogPlatformFile: Not using cached read wrapper
LogInit: Display: RandInit(-1625462111) SRandInit(-1625462111).
LogInit: Read version file with build ID '3709383'
LogInit: Overriding engine version to CL 3832480, compatible CL 3709383
LogInit: Registered custom module enumerator with build ID '3709383'
LogTaskGraph: Started task graph with 5 named threads and 14 total threads with 3 sets of task threads.
LogStats: Stats thread started at 0.167892
LogD3D11RHI: Aftermath initialized
LogModuleManager: Display: Found up-to-date module file ../../../Engine/Plugins/2D/Paper2D/Binaries/Win64/UE4Editor-Paper2D.dll (API version 3709383).
LogModuleManager: Display: Found up-to-date module file ../../../Engine/Plugins/2D/Paper2D/Binaries/Win64/UE4Editor-Paper2DEditor.dll (API version 3709383).
LogModuleManager: Display: Found up-to-date module file ../../../Engine/Plugins/2D/Paper2D/Binaries/Win64/UE4Editor-PaperSpriteSheetImporter.dll (API version 3709383).
LogModuleManager: Display: Found up-to-date module file ../../../Engine/Plugins/2D/Paper2D/Binaries/Win64/UE4Editor-PaperTiledImporter.dll (API version 3709383).
LogModuleManager: Display: Found up-to-date module file ../../../Engine/Plugins/2D/Paper2D/Binaries/Win64/UE4Editor-SmartSnapping.dll (API version 3709383).
LogModuleManager: Display: Found up-to-date module file ../../../Engine/Plugins/Blendables/LightPropagationVolume/Binaries/Win64/UE4Editor-LightPropagationVolumeRuntime.dll (API version 3709383).
LogModuleManager: Display: Found up-to-date module file ../../../Engine/Plugins/Blendables/LightPropagationVolume/Binaries/Win64/UE4Editor-LightPropagationVolumeEditor.dll (API version 3709383).
LogModuleManager: Display: Found up-to-date module file ../../../Engine/Plugins/Developer/GitSourceControl/Binaries/Win64/UE4Editor-GitSourceControl.dll (API version 3709383).
LogModuleManager: Display: Found up-to-date module file ../../../Engine/Plugins/Developer/PerforceSourceControl/Binaries/Win64/UE4Editor-PerforceSourceControl.dll (API version 3709383).
LogModuleManager: Display: Found up-to-date module file ../../../Engine/Plugins/Developer/SubversionSourceControl/Binaries/Win64/UE4Editor-SubversionSourceControl.dll (API version 3709383).
LogModuleManager: Display: Found up-to-date module file ../../../Engine/Plugins/Developer/UObjectPlugin/Binaries/Win64/UE4Editor-UObjectPlugin.dll (API version 3709383).
LogModuleManager: Display: Found up-to-date module file ../../../Engine/Plugins/Developer/VisualStudioCodeSourceCodeAccess/Binaries/Win64/UE4Editor-VisualStudioCodeSourceCodeAccess.dll (API version 3709383).
LogModuleManager: Display: Found up-to-date module file ../../../Engine/Plugins/Developer/VisualStudioSourceCodeAccess/Binaries/Win64/UE4Editor-VisualStudioSourceCodeAccess.dll (API version 3709383).
LogModuleManager: Display: Found up-to-date module file ../../../Engine/Plugins/Editor/AssetManagerEditor/Binaries/Win64/UE4Editor-AssetManagerEditor.dll (API version 3709383).
LogModuleManager: Display: Found up-to-date module file ../../../Engine/Plugins/Editor/AudioCapture/Binaries/Win64/UE4Editor-AudioCapture.dll (API version 3709383).
LogModuleManager: Display: Found up-to-date module file ../../../Engine/Plugins/Editor/FacialAnimation/Binaries/Win64/UE4Editor-FacialAnimation.dll (API version 3709383).
LogModuleManager: Display: Found up-to-date module file ../../../Engine/Plugins/Editor/FacialAnimation/Binaries/Win64/UE4Editor-FacialAnimationEditor.dll (API version 3709383).
LogModuleManager: Display: Found up-to-date module file ../../../Engine/Plugins/Editor/GameplayTagsEditor/Binaries/Win64/UE4Editor-GameplayTagsEditor.dll (API version 3709383).
LogModuleManager: Display: Found up-to-date module file ../../../Engine/Plugins/Editor/MobileLauncherProfileWizard/Binaries/Win64/UE4Editor-MobileLauncherProfileWizard.dll (API version 3709383).
LogModuleManager: Display: Found up-to-date module file ../../../Engine/Plugins/Editor/PluginBrowser/Binaries/Win64/UE4Editor-PluginBrowser.dll (API version 3709383).
LogModuleManager: Display: Found up-to-date module file ../../../Engine/Plugins/Editor/SpeedTreeImporter/Binaries/Win64/UE4Editor-SpeedTreeImporter.dll (API version 3709383).
LogModuleManager: Display: Found up-to-date module file ../../../Engine/Plugins/Experimental/AlembicImporter/Binaries/Win64/UE4Editor-AlembicImporter.dll (API version 3709383).
LogModuleManager: Display: Found up-to-date module file ../../../Engine/Plugins/Experimental/AlembicImporter/Binaries/Win64/UE4Editor-AlembicLibrary.dll (API version 3709383).
LogModuleManager: Display: Found up-to-date module file ../../../Engine/Plugins/Experimental/CharacterAI/Binaries/Win64/UE4Editor-CharacterAI.dll (API version 3709383).
LogModuleManager: Display: Found up-to-date module file ../../../Engine/Plugins/Experimental/HTML5Networking/Binaries/Win64/UE4Editor-HTML5Networking.dll (API version 3709383).
LogModuleManager: Display: Found up-to-date module file ../../../Engine/Plugins/Media/AndroidMedia/Binaries/Win64/UE4Editor-AndroidMediaEditor.dll (API version 3709383).
LogModuleManager: Display: Found up-to-date module file ../../../Engine/Plugins/Media/AndroidMedia/Binaries/Win64/UE4Editor-AndroidMediaFactory.dll (API version 3709383).
LogModuleManager: Display: Found up-to-date module file ../../../Engine/Plugins/Media/AvfMedia/Binaries/Win64/UE4Editor-AvfMediaEditor.dll (API version 3709383).
LogModuleManager: Display: Found up-to-date module file ../../../Engine/Plugins/Media/AvfMedia/Binaries/Win64/UE4Editor-AvfMediaFactory.dll (API version 3709383).
LogModuleManager: Display: Found up-to-date module file ../../../Engine/Plugins/Media/AvfMedia/Binaries/Win64/UE4Editor-AvfMediaFactory.dll (API version 3709383).
LogModuleManager: Display: Found up-to-date module file ../../../Engine/Plugins/Media/ImgMedia/Binaries/Win64/UE4Editor-ImgMedia.dll (API version 3709383).
LogModuleManager: Display: Found up-to-date module file ../../../Engine/Plugins/Media/ImgMedia/Binaries/Win64/UE4Editor-ImgMediaEditor.dll (API version 3709383).
LogModuleManager: Display: Found up-to-date module file ../../../Engine/Plugins/Media/ImgMedia/Binaries/Win64/UE4Editor-ImgMediaFactory.dll (API version 3709383).
LogModuleManager: Display: Found up-to-date module file ../../../Engine/Plugins/Media/ImgMedia/Binaries/Win64/UE4Editor-ImgMediaFactory.dll (API version 3709383).
LogModuleManager: Display: Found up-to-date module file ../../../Engine/Plugins/Media/ImgMedia/Binaries/Win64/UE4Editor-OpenExrWrapper.dll (API version 3709383).
LogModuleManager: Display: Found up-to-date module file ../../../Engine/Plugins/Media/MediaCompositing/Binaries/Win64/UE4Editor-MediaCompositing.dll (API version 3709383).
LogModuleManager: Display: Found up-to-date module file ../../../Engine/Plugins/Media/MediaCompositing/Binaries/Win64/UE4Editor-MediaCompositingEditor.dll (API version 3709383).
LogModuleManager: Display: Found up-to-date module file ../../../Engine/Plugins/Media/MediaPlayerEditor/Binaries/Win64/UE4Editor-MediaPlayerEditor.dll (API version 3709383).
LogModuleManager: Display: Found up-to-date module file ../../../Engine/Plugins/Media/WmfMedia/Binaries/Win64/UE4Editor-WmfMedia.dll (API version 3709383).
LogModuleManager: Display: Found up-to-date module file ../../../Engine/Plugins/Media/WmfMedia/Binaries/Win64/UE4Editor-WmfMediaEditor.dll (API version 3709383).
LogModuleManager: Display: Found up-to-date module file ../../../Engine/Plugins/Media/WmfMedia/Binaries/Win64/UE4Editor-WmfMediaFactory.dll (API version 3709383).
LogModuleManager: Display: Found up-to-date module file ../../../Engine/Plugins/Media/WmfMedia/Binaries/Win64/UE4Editor-WmfMediaFactory.dll (API version 3709383).
LogModuleManager: Display: Found up-to-date module file ../../../Engine/Plugins/Messaging/TcpMessaging/Binaries/Win64/UE4Editor-TcpMessaging.dll (API version 3709383).
LogModuleManager: Display: Found up-to-date module file ../../../Engine/Plugins/Messaging/UdpMessaging/Binaries/Win64/UE4Editor-UdpMessaging.dll (API version 3709383).
LogModuleManager: Display: Found up-to-date module file ../../../Engine/Plugins/MovieScene/ActorSequence/Binaries/Win64/UE4Editor-ActorSequence.dll (API version 3709383).
LogModuleManager: Display: Found up-to-date module file ../../../Engine/Plugins/MovieScene/LevelSequenceEditor/Binaries/Win64/UE4Editor-LevelSequenceEditor.dll (API version 3709383).
LogModuleManager: Display: Found up-to-date module file ../../../Engine/Plugins/MovieScene/MatineeToLevelSequence/Binaries/Win64/UE4Editor-MatineeToLevelSequence.dll (API version 3709383).
LogModuleManager: Display: Found up-to-date module file ../../../Engine/Plugins/Online/OnlineSubsystem/Binaries/Win64/UE4Editor-OnlineSubsystem.dll (API version 3709383).
LogModuleManager: Display: Found up-to-date module file ../../../Engine/Plugins/Runtime/AndroidPermission/Binaries/Win64/UE4Editor-AndroidPermission.dll (API version 3709383).
LogModuleManager: Display: Found up-to-date module file ../../../Engine/Plugins/Online/OnlineSubsystemNull/Binaries/Win64/UE4Editor-OnlineSubsystemNull.dll (API version 3709383).
LogModuleManager: Display: Found up-to-date module file ../../../Engine/Plugins/Online/OnlineSubsystemUtils/Binaries/Win64/UE4Editor-OnlineSubsystemUtils.dll (API version 3709383).
LogModuleManager: Display: Found up-to-date module file ../../../Engine/Plugins/Online/OnlineSubsystemUtils/Binaries/Win64/UE4Editor-OnlineBlueprintSupport.dll (API version 3709383).
LogModuleManager: Display: Found up-to-date module file ../../../Engine/Plugins/Runtime/AndroidDeviceProfileSelector/Binaries/Win64/UE4Editor-AndroidDeviceProfileSelector.dll (API version 3709383).
LogModuleManager: Display: Found up-to-date module file ../../../Engine/Plugins/Runtime/AppleARKit/Binaries/Win64/UE4Editor-AppleARKit.dll (API version 3709383).
LogModuleManager: Display: Found up-to-date module file ../../../Engine/Plugins/Runtime/ArchVisCharacter/Binaries/Win64/UE4Editor-ArchVisCharacter.dll (API version 3709383).
LogModuleManager: Display: Found up-to-date module file ../../../Engine/Plugins/Runtime/CableComponent/Binaries/Win64/UE4Editor-CableComponent.dll (API version 3709383).
LogModuleManager: Display: Found up-to-date module file ../../../Engine/Plugins/Runtime/CustomMeshComponent/Binaries/Win64/UE4Editor-CustomMeshComponent.dll (API version 3709383).
LogModuleManager: Display: Found up-to-date module file ../../../Engine/Plugins/Runtime/ExampleDeviceProfileSelector/Binaries/Win64/UE4Editor-ExampleDeviceProfileSelector.dll (API version 3709383).
LogModuleManager: Display: Found up-to-date module file ../../../Engine/Plugins/Runtime/ImmediatePhysics/Binaries/Win64/UE4Editor-ImmediatePhysics.dll (API version 3709383).
LogModuleManager: Display: Found up-to-date module file ../../../Engine/Plugins/Runtime/ImmediatePhysics/Binaries/Win64/UE4Editor-ImmediatePhysicsEditor.dll (API version 3709383).
LogModuleManager: Display: Found up-to-date module file ../../../Engine/Plugins/Runtime/LocationServicesBPLibrary/Binaries/Win64/UE4Editor-LocationServicesBPLibrary.dll (API version 3709383).
LogModuleManager: Display: Found up-to-date module file ../../../Engine/Plugins/Runtime/MobilePatchingUtils/Binaries/Win64/UE4Editor-MobilePatchingUtils.dll (API version 3709383).
LogModuleManager: Display: Found up-to-date module file ../../../Engine/Plugins/Runtime/Oculus/OculusVR/Binaries/Win64/UE4Editor-OculusHMD.dll (API version 3709383).
LogModuleManager: Display: Found up-to-date module file ../../../Engine/Plugins/Runtime/Oculus/OculusVR/Binaries/Win64/UE4Editor-OculusInput.dll (API version 3709383).
LogModuleManager: Display: Found up-to-date module file ../../../Engine/Plugins/Runtime/Oculus/OculusVR/Binaries/Win64/UE4Editor-OculusEditor.dll (API version 3709383).
LogModuleManager: Display: Found up-to-date module file ../../../Engine/Plugins/Runtime/PhysXVehicles/Binaries/Win64/UE4Editor-PhysXVehicles.dll (API version 3709383).
LogModuleManager: Display: Found up-to-date module file ../../../Engine/Plugins/Runtime/PhysXVehicles/Binaries/Win64/UE4Editor-PhysXVehiclesEditor.dll (API version 3709383).
LogModuleManager: Display: Found up-to-date module file ../../../Engine/Plugins/Runtime/ProceduralMeshComponent/Binaries/Win64/UE4Editor-ProceduralMeshComponent.dll (API version 3709383).
LogModuleManager: Display: Found up-to-date module file ../../../Engine/Plugins/Runtime/ProceduralMeshComponent/Binaries/Win64/UE4Editor-ProceduralMeshComponentEditor.dll (API version 3709383).
LogModuleManager: Display: Found up-to-date module file ../../../Engine/Plugins/Runtime/RuntimePhysXCooking/Binaries/Win64/UE4Editor-RuntimePhysXCooking.dll (API version 3709383).
LogModuleManager: Display: Found up-to-date module file ../../../Engine/Plugins/Runtime/Steam/SteamVR/Binaries/Win64/UE4Editor-SteamVR.dll (API version 3709383).
LogModuleManager: Display: Found up-to-date module file ../../../Engine/Plugins/Runtime/Steam/SteamVR/Binaries/Win64/UE4Editor-SteamVRController.dll (API version 3709383).
LogModuleManager: Display: Found up-to-date module file ../../../Engine/Plugins/Runtime/WindowsMoviePlayer/Binaries/Win64/UE4Editor-WindowsMoviePlayer.dll (API version 3709383).
LogPluginManager: Mounting plugin Paper2D
LogPluginManager: Mounting plugin LightPropagationVolume
LogPluginManager: Mounting plugin CodeLiteSourceCodeAccess
LogPluginManager: Mounting plugin GitSourceControl
LogPluginManager: Mounting plugin KDevelopSourceCodeAccess
LogPluginManager: Mounting plugin NullSourceCodeAccess
LogPluginManager: Mounting plugin PerforceSourceControl
LogPluginManager: Mounting plugin SubversionSourceControl
LogPluginManager: Mounting plugin UObjectPlugin
LogPluginManager: Mounting plugin VisualStudioCodeSourceCodeAccess
LogPluginManager: Mounting plugin VisualStudioSourceCodeAccess
LogPluginManager: Mounting plugin XCodeSourceCodeAccess
LogPluginManager: Mounting plugin AssetManagerEditor
LogPluginManager: Mounting plugin AudioCapture
LogPluginManager: Mounting plugin FacialAnimation
LogPluginManager: Mounting plugin GameplayTagsEditor
LogPluginManager: Mounting plugin MobileLauncherProfileWizard
LogPluginManager: Mounting plugin PluginBrowser
LogPluginManager: Mounting plugin SpeedTreeImporter
LogPluginManager: Mounting plugin AlembicImporter
LogPluginManager: Mounting plugin CharacterAI
LogPluginManager: Mounting plugin HTML5Networking
LogPluginManager: Mounting plugin AndroidMedia
LogPluginManager: Mounting plugin AvfMedia
LogPluginManager: Mounting plugin ImgMedia
LogPluginManager: Mounting plugin MediaCompositing
LogPluginManager: Mounting plugin MediaPlayerEditor
LogPluginManager: Mounting plugin WmfMedia
LogPluginManager: Mounting plugin TcpMessaging
LogPluginManager: Mounting plugin UdpMessaging
LogPluginManager: Mounting plugin ActorSequence
LogPluginManager: Mounting plugin LevelSequenceEditor
LogPluginManager: Mounting plugin MatineeToLevelSequence
LogPluginManager: Mounting plugin OnlineSubsystemGooglePlay
LogPluginManager: Mounting plugin OnlineSubsystemIOS
LogPluginManager: Mounting plugin OnlineSubsystem
LogPluginManager: Mounting plugin OnlineSubsystemNull
LogPluginManager: Mounting plugin OnlineSubsystemUtils
LogPluginManager: Mounting plugin AndroidDeviceProfileSelector
LogPluginManager: Mounting plugin AndroidMoviePlayer
LogPluginManager: Mounting plugin AndroidPermission
LogPluginManager: Mounting plugin AppleARKit
LogPluginManager: Mounting plugin AppleMoviePlayer
LogPluginManager: Mounting plugin ArchVisCharacter
LogPluginManager: Mounting plugin CableComponent
LogPluginManager: Mounting plugin CustomMeshComponent
LogPluginManager: Mounting plugin ExampleDeviceProfileSelector
LogPluginManager: Mounting plugin GoogleCloudMessaging
LogPluginManager: Mounting plugin ImmediatePhysics
LogPluginManager: Mounting plugin IOSDeviceProfileSelector
LogPluginManager: Mounting plugin LinuxDeviceProfileSelector
LogPluginManager: Mounting plugin LocationServicesBPLibrary
LogPluginManager: Mounting plugin MobilePatchingUtils
LogPluginManager: Mounting plugin OculusVR
LogPluginManager: Plugin shader directory ../../../Engine/Plugins/Runtime/Oculus/OculusVR/Shaders found
LogPluginManager: Mapping shader source directory ../../../Engine/Plugins/Runtime/Oculus/OculusVR/Shaders to virtual directory /Plugin/OculusVR
LogPluginManager: Mounting plugin PhysXVehicles
LogPluginManager: Mounting plugin ProceduralMeshComponent
LogPluginManager: Mounting plugin RuntimePhysXCooking
LogPluginManager: Mounting plugin SteamVR
LogPluginManager: Mounting plugin WindowsMoviePlayer
LogInit: Using libcurl 7.47.1
LogInit:  - built for x86_64-pc-win32
LogInit:  - supports SSL with OpenSSL/1.0.2g
LogInit:  - supports HTTP deflate (compression) using libz 1.2.8
LogInit:  - other features:
LogInit:      CURL_VERSION_SSL
LogInit:      CURL_VERSION_LIBZ
LogInit:      CURL_VERSION_IPV6
LogInit:      CURL_VERSION_ASYNCHDNS
LogInit:      CURL_VERSION_LARGEFILE
LogInit:      CURL_VERSION_IDN
LogInit:  CurlRequestOptions (configurable via config and command line):
LogInit:  - bVerifyPeer = false  - Libcurl will NOT verify peer certificate
LogInit:  - bUseHttpProxy = false  - Libcurl will NOT use HTTP proxy
LogInit:  - bDontReuseConnections = false  - Libcurl will reuse connections
LogInit:  - CertBundlePath = nullptr  - Libcurl will use whatever was configured at build time.
LogInit: Build: ++UE4+Release-4.18-CL-3832480
LogInit: Engine Version: 4.18.3-3832480+++UE4+Release-4.18
LogInit: Compatible Engine Version: 4.18.0-3709383+++UE4+Release-4.18
LogInit: Net CL: 3709383
LogDevObjectVersion: Number of dev versions registered: 16
LogDevObjectVersion:   Dev-Blueprints (B0D832E4-1F89-4F0D-ACCF-7EB736FD4AA2): 10
LogDevObjectVersion:   Dev-Build (E1C64328-A22C-4D53-A36C-8E866417BD8C): 0
LogDevObjectVersion:   Dev-Core (375EC13C-06E4-48FB-B500-84F0262A717E): 2
LogDevObjectVersion:   Dev-Editor (E4B068ED-F494-42E9-A231-DA0B2E46BB41): 20
LogDevObjectVersion:   Dev-Framework (CFFC743F-43B0-4480-9391-14DF171D2073): 30
LogDevObjectVersion:   Dev-Mobile (B02B49B5-BB20-44E9-A304-32B752E40360): 0
LogDevObjectVersion:   Dev-Networking (A4E4105C-59A1-49B5-A7C5-40C4547EDFEE): 0
LogDevObjectVersion:   Dev-Online (39C831C9-5AE6-47DC-9A44-9C173E1C8E7C): 0
LogDevObjectVersion:   Dev-Physics (78F01B33-EBEA-4F98-B9B4-84EACCB95AA2): 0
LogDevObjectVersion:   Dev-Platform (6631380F-2D4D-43E0-8009-CF276956A95A): 0
LogDevObjectVersion:   Dev-Rendering (12F88B9F-8875-4AFC-A67C-D90C383ABD29): 20
LogDevObjectVersion:   Dev-Sequencer (7B5AE74C-D270-4C10-A958-57980B212A5A): 4
LogDevObjectVersion:   Dev-VR (D7296918-1DD6-4BDD-9DE2-64A83CC13884): 0
LogDevObjectVersion:   Dev-LoadTimes (C2A15278-BFE7-4AFE-6C17-90FF531DF755): 1
LogDevObjectVersion:   Private-Geometry (6EACA3D4-40EC-4CC1-B786-8BED09428FC5): 1
LogDevObjectVersion:   Dev-AnimPhys (29E575DD-E0A3-4627-9D10-D276232CDCEA): 12
LogInit: Compiled (64-bit): Jan 12 2018 02:04:55
LogInit: Compiled with Visual C++: 19.00.24215.01
LogInit: Build Configuration: Development
LogInit: Branch Name: ++UE4+Release-4.18
LogInit: Command line: 
LogInit: Base directory: C:/Program Files/Epic Games/UE_4.18/Engine/Binaries/Win64/
LogInit: Installed Engine Build: 1
LogInit: Presizing for max 8388607 objects, including 0 objects not considered by GC, pre-allocating 0 bytes for permanent pool.
LogInit: Object subsystem initialized
[2018.02.22-01.03.48:411][  0]LogInit: Selected Device Profile: [Windows]
[2018.02.22-01.03.48:411][  0]LogInit: Applying CVar settings loaded from the selected device profile: [Windows]
[2018.02.22-01.03.48:421][  0]LogInit: Computer: DESKTOP-2QNA1SC
[2018.02.22-01.03.48:421][  0]LogInit: User: darkm
[2018.02.22-01.03.48:421][  0]LogInit: CPU Page size=4096, Cores=4
[2018.02.22-01.03.48:421][  0]LogInit: High frequency timer resolution =1.945309 MHz
[2018.02.22-01.03.48:422][  0]LogMemory: Memory total: Physical=15.9GB (16GB approx)
[2018.02.22-01.03.48:422][  0]LogMemory: Platform Memory Stats for Windows
[2018.02.22-01.03.48:422][  0]LogMemory: Process Physical Memory: 272.21 MB used, 272.21 MB peak
[2018.02.22-01.03.48:422][  0]LogMemory: Process Virtual Memory: 269.80 MB used, 269.80 MB peak
[2018.02.22-01.03.48:422][  0]LogMemory: Physical Memory: 6677.31 MB used,  9622.29 MB free, 16299.60 MB total
[2018.02.22-01.03.48:422][  0]LogMemory: Virtual Memory: 682.20 MB used,  9622.29 MB free, 134217728.00 MB total
[2018.02.22-01.03.48:543][  0]LogInit: Using OS detected language (en-US).
[2018.02.22-01.03.48:543][  0]LogInit: Using OS detected locale (en-US).
[2018.02.22-01.03.48:545][  0]LogTextLocalizationManager: No specific localization for 'en-US' exists, so the 'en' localization will be used.
[2018.02.22-01.03.48:878][  0]LogInit: Setting process to per monitor DPI aware
[2018.02.22-01.03.49:100][  0]LogD3D11RHI: D3D11 adapters:
[2018.02.22-01.03.49:111][  0]LogD3D11RHI:    0. 'Intel(R) UHD Graphics 620' (Feature Level 11_0)
[2018.02.22-01.03.49:111][  0]LogD3D11RHI:       128/0/8149 MB DedicatedVideo/DedicatedSystem/SharedSystem, Outputs:1, VendorId:0x8086
[2018.02.22-01.03.49:138][  0]LogD3D11RHI:    1. 'Radeon 500 Series' (Feature Level 11_0)
[2018.02.22-01.03.49:138][  0]LogD3D11RHI:       1995/0/8149 MB DedicatedVideo/DedicatedSystem/SharedSystem, Outputs:0, VendorId:0x1002
[2018.02.22-01.03.49:140][  0]LogD3D11RHI:    2. 'Microsoft Basic Render Driver' (Feature Level 11_0)
[2018.02.22-01.03.49:140][  0]LogD3D11RHI:       0/0/8149 MB DedicatedVideo/DedicatedSystem/SharedSystem, Outputs:0, VendorId:0x1414
[2018.02.22-01.03.49:140][  0]LogD3D11RHI: Chosen D3D11 Adapter: 1
[2018.02.22-01.03.49:147][  0]LogD3D11RHI: Creating new Direct3DDevice
[2018.02.22-01.03.49:147][  0]LogD3D11RHI:     GPU DeviceId: 0x699f (for the marketing name, search the web for "GPU Device Id")
[2018.02.22-01.03.49:147][  0]LogWindows: EnumDisplayDevices:
[2018.02.22-01.03.49:148][  0]LogWindows:    0. 'Intel(R) UHD Graphics 620' (P:1 D:1)
[2018.02.22-01.03.49:148][  0]LogWindows:    1. 'Intel(R) UHD Graphics 620' (P:0 D:0)
[2018.02.22-01.03.49:148][  0]LogWindows:    2. 'Intel(R) UHD Graphics 620' (P:0 D:0)
[2018.02.22-01.03.49:148][  0]LogWindows:    3. 'Radeon 500 Series' (P:0 D:0)
[2018.02.22-01.03.49:148][  0]LogWindows:    4. 'Radeon 500 Series' (P:0 D:0)
[2018.02.22-01.03.49:148][  0]LogWindows:    5. 'Radeon 500 Series' (P:0 D:0)
[2018.02.22-01.03.49:149][  0]LogWindows:    6. 'Radeon 500 Series' (P:0 D:0)
[2018.02.22-01.03.49:149][  0]LogWindows:    7. 'Radeon 500 Series' (P:0 D:0)
[2018.02.22-01.03.49:149][  0]LogWindows:    8. 'Radeon 500 Series' (P:0 D:0)
[2018.02.22-01.03.49:149][  0]LogWindows:    9. 'Radeon 500 Series' (P:0 D:0)
[2018.02.22-01.03.49:149][  0]LogWindows:    10. 'Radeon 500 Series' (P:0 D:0)
[2018.02.22-01.03.49:149][  0]LogWindows:    11. 'Radeon 500 Series' (P:0 D:0)
[2018.02.22-01.03.49:149][  0]LogWindows:    12. 'Radeon 500 Series' (P:0 D:0)
[2018.02.22-01.03.49:149][  0]LogWindows:    13. 'Radeon 500 Series' (P:0 D:0)
[2018.02.22-01.03.49:150][  0]LogWindows:    14. 'Radeon 500 Series' (P:0 D:0)
[2018.02.22-01.03.49:150][  0]LogWindows:    15. 'Radeon 500 Series' (P:0 D:0)
[2018.02.22-01.03.49:150][  0]LogWindows:    16. 'Radeon 500 Series' (P:0 D:0)
[2018.02.22-01.03.49:150][  0]LogWindows:    17. 'Radeon 500 Series' (P:0 D:0)
[2018.02.22-01.03.49:150][  0]LogWindows:    18. 'Radeon 500 Series' (P:0 D:0)
[2018.02.22-01.03.49:150][  0]LogWindows: DebugString: GetVideoDriverDetailsInvalid PrimaryIsNotTheChoosenAdapter GetVideoDriverDetailsInvalid PrimaryIsNotTheChoosenAdapter GetVideoDriverDetailsInvalid PrimaryIsNotTheChoosenAdapter GetVideoDriverDetailsInvalid PrimaryIsNotTheChoosenAdapter GetVideoDriverDetailsInvalid PrimaryIsNotTheChoosenAdapter GetVideoDriverDetailsInvalid PrimaryIsNotTheChoosenAdapter GetVideoDriverDetailsInvalid PrimaryIsNotTheChoosenAdapter GetVideoDriverDetailsInvalid PrimaryIsNotTheChoosenAdapter GetVideoDriverDetailsInvalid PrimaryIsNotTheChoosenAdapter GetVideoDriverDetailsInvalid PrimaryIsNotTheChoosenAdapter GetVideoDriverDetailsInvalid PrimaryIsNotTheChoosenAdapter GetVideoDriverDetailsInvalid PrimaryIsNotTheChoosenAdapter GetVideoDriverDetailsInvalid PrimaryIsNotTheChoosenAdapter GetVideoDriverDetailsInvalid PrimaryIsNotTheChoosenAdapter GetVideoDriverDetailsInvalid PrimaryIsNotTheChoosenAdapter GetVideoDriverDetailsInvalid PrimaryIsNotTheChoosenAdapter GetVideoDriverDetailsInvalid PrimaryIsNotTheChoosenAdapter GetVideoDriverDetailsInvalid PrimaryIsNotTheChoosenAdapter GetVideoDriverDetailsInvalid PrimaryIsNotTheChoosenAdapter FoundDriverCount:0 
[2018.02.22-01.03.49:150][  0]LogD3D11RHI:     Adapter Name: Radeon 500 Series
[2018.02.22-01.03.49:150][  0]LogD3D11RHI:   Driver Version: Unknown (internal:Unknown, unified:Unknown)
[2018.02.22-01.03.49:150][  0]LogD3D11RHI:      Driver Date: Unknown
[2018.02.22-01.03.49:150][  0]LogRHI: Texture pool is 1396 MB (70% of 1995 MB)
[2018.02.22-01.03.49:185][  0]LogD3D11RHI: Async texture creation enabled
[2018.02.22-01.03.49:198][  0]LogD3D11RHI: GPU Timing Frequency: 25.000000 (Debug: 2 1)
[2018.02.22-01.03.49:199][  0]LogShaderCompilers: Guid format shader working directory is -20 characters bigger than the processId version (../../../../../../Users/darkm/Documents/GitHub/SushiShop/SushiShop/Intermediate/Shaders/WorkingDirectory/2180/).
[2018.02.22-01.03.49:199][  0]LogShaderCompilers: Cleaned the shader compiler working directory 'C:/Users/darkm/AppData/Local/Temp/UnrealShaderWorkingDir/A287B7EB429BBE41EC732BA5F88AE812/'.
[2018.02.22-01.03.49:199][  0]LogShaderCompilers: Display: Using Local Shader Compiler.
[2018.02.22-01.03.50:028][  0]LogTemp: Display: Loaded TP AllDesktopTargetPlatform
[2018.02.22-01.03.50:076][  0]LogTemp: Display: Loaded TP MacClientTargetPlatform
[2018.02.22-01.03.50:122][  0]LogTemp: Display: Loaded TP MacNoEditorTargetPlatform
[2018.02.22-01.03.50:168][  0]LogTemp: Display: Loaded TP MacServerTargetPlatform
[2018.02.22-01.03.50:215][  0]LogTemp: Display: Loaded TP MacTargetPlatform
[2018.02.22-01.03.50:262][  0]LogTemp: Display: Loaded TP WindowsClientTargetPlatform
[2018.02.22-01.03.50:310][  0]LogTemp: Display: Loaded TP WindowsNoEditorTargetPlatform
[2018.02.22-01.03.50:355][  0]LogTemp: Display: Loaded TP WindowsServerTargetPlatform
[2018.02.22-01.03.50:397][  0]LogTemp: Display: Loaded TP WindowsTargetPlatform
[2018.02.22-01.03.50:444][  0]LogTemp: Display: Loaded TP Android_ASTCTargetPlatform
[2018.02.22-01.03.50:490][  0]LogTemp: Display: Loaded TP Android_ATCTargetPlatform
[2018.02.22-01.03.50:534][  0]LogTemp: Display: Loaded TP Android_DXTTargetPlatform
[2018.02.22-01.03.50:581][  0]LogTemp: Display: Loaded TP Android_ETC1TargetPlatform
[2018.02.22-01.03.50:624][  0]LogTemp: Display: Loaded TP Android_ETC2TargetPlatform
[2018.02.22-01.03.50:712][  0]LogTemp: Display: Loaded TP Android_MultiTargetPlatform
[2018.02.22-01.03.50:712][  0]LogTemp: Display: Loaded TP Android_PVRTCTargetPlatform
[2018.02.22-01.03.50:758][  0]LogTemp: Display: Loaded TP AndroidTargetPlatform
[2018.02.22-01.03.50:793][  0]LogTemp: Display: Loaded TP HTML5TargetPlatform
[2018.02.22-01.03.50:875][  0]LogTemp: Display: Loaded TP IOSTargetPlatform
[2018.02.22-01.03.50:899][  0]LogTemp: Display: Loaded TP TVOSTargetPlatform
[2018.02.22-01.03.50:941][  0]LogTemp: Display: Loaded TP LinuxClientTargetPlatform
[2018.02.22-01.03.50:987][  0]LogTemp: Display: Loaded TP LinuxNoEditorTargetPlatform
[2018.02.22-01.03.51:036][  0]LogTemp: Display: Loaded TP LinuxServerTargetPlatform
[2018.02.22-01.03.51:083][  0]LogTemp: Display: Loaded TP LinuxTargetPlatform
[2018.02.22-01.03.51:083][  0]LogTargetPlatformManager: Display: Building Assets For Windows
[2018.02.22-01.03.51:494][  0]LogDerivedDataCache: Display: Max Cache Size: 512 MB
[2018.02.22-01.03.51:553][  0]LogDerivedDataCache: Loaded boot cache 0.06s 82MB C:/Users/darkm/AppData/Local/UnrealEngine/4.18/DerivedDataCache/Boot.ddc.
[2018.02.22-01.03.51:553][  0]LogDerivedDataCache: Display: Loaded Boot cache: C:/Users/darkm/AppData/Local/UnrealEngine/4.18/DerivedDataCache/Boot.ddc
[2018.02.22-01.03.51:553][  0]LogDerivedDataCache: FDerivedDataBackendGraph:  Pak pak cache file ../../../../../../Users/darkm/Documents/GitHub/SushiShop/SushiShop/DerivedDataCache/DDC.ddp not found, will not use a pak cache.
[2018.02.22-01.03.51:553][  0]LogDerivedDataCache: Unable to find inner node Pak for hierarchical cache Hierarchy.
[2018.02.22-01.03.51:553][  0]LogDerivedDataCache: FDerivedDataBackendGraph:  CompressedPak pak cache file ../../../../../../Users/darkm/Documents/GitHub/SushiShop/SushiShop/DerivedDataCache/Compressed.ddp not found, will not use a pak cache.
[2018.02.22-01.03.51:553][  0]LogDerivedDataCache: Unable to find inner node CompressedPak for hierarchical cache Hierarchy.
[2018.02.22-01.03.51:567][  0]LogDerivedDataCache: Display: Pak cache opened for reading ../../../Engine/DerivedDataCache/Compressed.ddp.
[2018.02.22-01.03.51:579][  0]LogDerivedDataCache: Using Local data cache path C:/Users/darkm/AppData/Local/UnrealEngine/Common/DerivedDataCache: Writable
[2018.02.22-01.03.51:588][  0]LogMaterial: Verifying Global Shaders for PCD3D_SM5
[2018.02.22-01.03.51:589][  0]LogSlate: Using Freetype 2.6.0
[2018.02.22-01.03.51:589][  0]LogSlate: SlateFontCache - WITH_FREETYPE: 1, WITH_HARFBUZZ: 1
[2018.02.22-01.03.51:589][  0]LogSlate: SlateFontCache - WITH_FREETYPE: 1, WITH_HARFBUZZ: 1
[2018.02.22-01.03.51:949][  0]LogInit: Selected Device Profile: [Windows]
[2018.02.22-01.03.52:233][  0]LogSimplygon: Simplygon DLL not present - disabling.
[2018.02.22-01.03.52:268][  0]LogMeshReduction: Using SimplygonSwarm for distributed automatic mesh merging
[2018.02.22-01.03.52:268][  0]LogMeshReduction: Using QuadricMeshReduction for automatic static mesh reduction
[2018.02.22-01.03.52:268][  0]LogMeshReduction: No automatic skeletal mesh reduction module available
[2018.02.22-01.03.52:268][  0]LogMeshReduction: No automatic mesh merging module available
[2018.02.22-01.03.52:268][  0]LogMeshMerging: No automatic mesh merging module available
[2018.02.22-01.03.52:291][  0]LogNetVersion: SushiShop , NetCL: 3709383, EngineNetVer: 2, GameNetVer: 0 (Checksum: 2343829258)
[2018.02.22-01.03.52:435][  0]LogAssetRegistry: FAssetRegistry took 0.0253 seconds to start up
[2018.02.22-01.03.52:871][  0]LogPackageLocalizationCache: Processed 7 localized package path(s) for 2 prioritized culture(s) in 0.064784 seconds
[2018.02.22-01.03.52:876][  0]LogUObjectArray: 35870 objects as part of root set at end of initial load.
[2018.02.22-01.03.52:876][  0]LogUObjectAllocator: 7363704 out of 0 bytes used by permanent object pool.
[2018.02.22-01.03.52:876][  0]LogUObjectArray: CloseDisregardForGC: 0/0 objects in disregard for GC pool
[2018.02.22-01.03.52:925][  0]LogInit: WinSock: version 1.1 (2.2), MaxSocks=32767, MaxUdp=65467
[2018.02.22-01.03.55:438][  0]LogTcpMessaging: Initializing TcpMessaging bridge
[2018.02.22-01.03.55:483][  0]LogUdpMessaging: Initializing bridge on interface 0.0.0.0:0 to multicast group 230.0.0.1:6666.
[2018.02.22-01.03.56:042][  0]LogMaterial: Missing cached shader map for material BaseColor, compiling. 
[2018.02.22-01.03.56:042][  0]LogMaterial: Warning: C:\Program Files\Epic Games\UE_4.18\Engine\Content\BufferVisualization\BaseColor.uasset: Failed to compile Material for platform PCD3D_SM5, Default Material will be used in game.
[2018.02.22-01.03.56:042][  0]LogMaterial: 	(Node SceneTexture) GBuffer scene textures not available with forward shading.
[2018.02.22-01.03.56:062][  0]LogMaterial: Uniform references updated for custom material expression Custom.
[2018.02.22-01.03.56:071][  0]LogMaterial: Missing cached shader map for material LightingModel, compiling. 
[2018.02.22-01.03.56:071][  0]LogMaterial: Warning: C:\Program Files\Epic Games\UE_4.18\Engine\Content\BufferVisualization\LightingModel.uasset: Failed to compile Material for platform PCD3D_SM5, Default Material will be used in game.
[2018.02.22-01.03.56:071][  0]LogMaterial: 	(Node SceneTexture) GBuffer scene textures not available with forward shading.
[2018.02.22-01.03.56:073][  0]LogMaterial: Missing cached shader map for material MaterialAO, compiling. 
[2018.02.22-01.03.56:074][  0]LogMaterial: Warning: C:\Program Files\Epic Games\UE_4.18\Engine\Content\BufferVisualization\MaterialAO.uasset: Failed to compile Material for platform PCD3D_SM5, Default Material will be used in game.
[2018.02.22-01.03.56:074][  0]LogMaterial: 	(Node SceneTexture) GBuffer scene textures not available with forward shading.
[2018.02.22-01.03.56:076][  0]LogMaterial: Missing cached shader map for material Metallic, compiling. 
[2018.02.22-01.03.56:076][  0]LogMaterial: Warning: C:\Program Files\Epic Games\UE_4.18\Engine\Content\BufferVisualization\Metallic.uasset: Failed to compile Material for platform PCD3D_SM5, Default Material will be used in game.
[2018.02.22-01.03.56:076][  0]LogMaterial: 	(Node SceneTexture) GBuffer scene textures not available with forward shading.
[2018.02.22-01.03.56:078][  0]LogMaterial: Missing cached shader map for material Opacity, compiling. 
[2018.02.22-01.03.56:079][  0]LogMaterial: Warning: C:\Program Files\Epic Games\UE_4.18\Engine\Content\BufferVisualization\Opacity.uasset: Failed to compile Material for platform PCD3D_SM5, Default Material will be used in game.
[2018.02.22-01.03.56:079][  0]LogMaterial: 	(Node SceneTexture) GBuffer scene textures not available with forward shading.
[2018.02.22-01.03.56:081][  0]LogMaterial: Missing cached shader map for material Roughness, compiling. 
[2018.02.22-01.03.56:082][  0]LogMaterial: Warning: C:\Program Files\Epic Games\UE_4.18\Engine\Content\BufferVisualization\Roughness.uasset: Failed to compile Material for platform PCD3D_SM5, Default Material will be used in game.
[2018.02.22-01.03.56:082][  0]LogMaterial: 	(Node SceneTexture) GBuffer scene textures not available with forward shading.
[2018.02.22-01.03.56:097][  0]LogMaterial: Missing cached shader map for material Specular, compiling. 
[2018.02.22-01.03.56:097][  0]LogMaterial: Warning: C:\Program Files\Epic Games\UE_4.18\Engine\Content\BufferVisualization\Specular.uasset: Failed to compile Material for platform PCD3D_SM5, Default Material will be used in game.
[2018.02.22-01.03.56:097][  0]LogMaterial: 	(Node SceneTexture) GBuffer scene textures not available with forward shading.
[2018.02.22-01.03.56:099][  0]LogMaterial: Missing cached shader map for material SubsurfaceColor, compiling. 
[2018.02.22-01.03.56:100][  0]LogMaterial: Warning: C:\Program Files\Epic Games\UE_4.18\Engine\Content\BufferVisualization\SubsurfaceColor.uasset: Failed to compile Material for platform PCD3D_SM5, Default Material will be used in game.
[2018.02.22-01.03.56:100][  0]LogMaterial: 	(Node SceneTexture) GBuffer scene textures not available with forward shading.
[2018.02.22-01.03.56:102][  0]LogMaterial: Missing cached shader map for material WorldNormal, compiling. 
[2018.02.22-01.03.56:102][  0]LogMaterial: Warning: C:\Program Files\Epic Games\UE_4.18\Engine\Content\BufferVisualization\WorldNormal.uasset: Failed to compile Material for platform PCD3D_SM5, Default Material will be used in game.
[2018.02.22-01.03.56:102][  0]LogMaterial: 	(Node SceneTexture) GBuffer scene textures not available with forward shading.
[2018.02.22-01.03.56:420][  0]SourceControl: Source control is disabled
[2018.02.22-01.03.56:421][  0]SourceControl: Source control is disabled
[2018.02.22-01.03.56:464][  0]SourceControl: Source control is disabled
[2018.02.22-01.03.56:508][  0]SourceControl: Source control is disabled
[2018.02.22-01.03.57:172][  0]LogAndroidPermission: UAndroidPermissionCallbackProxy::GetInstance
[2018.02.22-01.03.57:394][  0]LogOcInput: OculusInput pre-init called
[2018.02.22-01.03.57:636][  0]LogEngine: Initializing Engine...
[2018.02.22-01.03.57:638][  0]LogHMD: Failed to initialize OpenVR with code 110
[2018.02.22-01.03.57:819][  0]LogStats: UGameplayTagsManager::ConstructGameplayTagTree: Construct from data asset -  0.000 s
[2018.02.22-01.03.57:819][  0]LogStats: UGameplayTagsManager::ConstructGameplayTagTree: GameplayTagTreeChangedEvent.Broadcast -  0.000 s
[2018.02.22-01.03.57:929][  0]LogAIModule: Creating AISystem for world Untitled
[2018.02.22-01.03.57:938][  0]LogInit: XAudio2 using 'Headphones (TaoTronics TT-BH07 Stereo)' : 2 channels at 44.1 kHz using 16 bits per sample (channel mask 0x3)
[2018.02.22-01.03.57:947][  0]LogInit: FAudioDevice initialized.
[2018.02.22-01.03.58:034][  0]LogDerivedDataCache: Saved boot cache 0.09s 82MB C:/Users/darkm/AppData/Local/UnrealEngine/4.18/DerivedDataCache/Boot.ddc.
[2018.02.22-01.03.58:042][  0]LogInit: Texture streaming: Enabled
[2018.02.22-01.03.58:122][  0]LogEngineSessionManager: EngineSessionManager initialized
[2018.02.22-01.03.58:122][  0]LogEngineSessionManager: EngineSessionManager sent abnormal shutdown report. Type=Crashed, SessionId={83E23C5A-42A6-F06A-9312-82B6DCA245AA}
[2018.02.22-01.03.58:233][  0]LogInit: Transaction tracking system initialized
[2018.02.22-01.03.58:497][  0]BlueprintLog: New page: Editor Load
[2018.02.22-01.03.59:239][  0]LocalizationService: Localization service is disabled
[2018.02.22-01.03.59:844][  0]LogConsoleResponse: Display: 
[2018.02.22-01.04.00:006][  0]LogCook: Display: Max memory allowance for cook 16384mb min free memory 0mb
[2018.02.22-01.04.00:006][  0]LogCook: Display: Mobile HDR setting 1
[2018.02.22-01.04.00:006][  0]LogGameplayTags: Display: UGameplayTagsManager::DoneAddingNativeTags. DelegateIsBound: 0
[2018.02.22-01.04.00:512][  0]LogFileCache: Scanning file cache for directory 'C:/Users/darkm/Documents/GitHub/SushiShop/SushiShop/Content/' took 0.01s
[2018.02.22-01.04.01:062][  0]SourceControl: Source control is disabled
[2018.02.22-01.04.01:062][  0]Cmd: MAP LOAD FILE="../../../../../../Users/darkm/Documents/GitHub/SushiShop/SushiShop/Content/VirtualRealityBP/Maps/StartupMap.umap" TEMPLATE=0 SHOWPROGRESS=1 FEATURELEVEL=3
[2018.02.22-01.04.01:062][  0]LightingResults: New page: Lighting Build
[2018.02.22-01.04.01:098][  0]MapCheck: New page: Map Check
[2018.02.22-01.04.01:098][  0]LightingResults: New page: Lighting Build
[2018.02.22-01.04.01:188][  0]LogAIModule: Creating AISystem for world StartupMap
[2018.02.22-01.04.01:195][  0]LogEditorServer: Finished looking for orphan Actors (0.000 secs)
[2018.02.22-01.04.01:203][  0]Cmd: MAP CHECKDEP NOCLEARLOG
[2018.02.22-01.04.01:245][  0]MapCheck: Map check complete: 0 Error(s), 0 Warning(s), took 40.935ms to complete.
[2018.02.22-01.04.01:245][  0]LogFileHelpers: Loading map 'StartupMap' took 0.183
[2018.02.22-01.04.01:332][  0]LogWindowsTextInputMethodSystem: Display: IME system now deactivated.
[2018.02.22-01.04.01:332][  0]LogWindowsTextInputMethodSystem: Display: IME system now deactivated.
[2018.02.22-01.04.01:423][  0]LogCollectionManager: Loaded 0 collections in 0.001545 seconds
[2018.02.22-01.04.01:503][  0]LogFileCache: Scanning file cache for directory 'C:/Users/darkm/Documents/GitHub/SushiShop/SushiShop/Saved/Collections/' took 0.01s
[2018.02.22-01.04.01:503][  0]LogFileCache: Scanning file cache for directory 'C:/Users/darkm/Documents/GitHub/SushiShop/SushiShop/Content/Developers/darkm/Collections/' took 0.01s
[2018.02.22-01.04.01:503][  0]LogFileCache: Scanning file cache for directory 'C:/Users/darkm/Documents/GitHub/SushiShop/SushiShop/Content/Collections/' took 0.01s
[2018.02.22-01.04.01:503][  0]LogCollectionManager: Rebuilt the GUID cache for 0 collections in 0.000001 seconds
[2018.02.22-01.04.01:512][  0]LogContentBrowser: Native class hierarchy populated in 0.0081 seconds. Added 2363 classes and 519 folders.
[2018.02.22-01.04.01:575][  0]LogContentBrowser: Native class hierarchy updated for 'WidgetCarousel' in 0.0002 seconds. Added 0 classes and 0 folders.
[2018.02.22-01.04.01:608][  0]LogContentBrowser: Native class hierarchy updated for 'AddContentDialog' in 0.0002 seconds. Added 0 classes and 0 folders.
[2018.02.22-01.04.01:648][  0]LogContentBrowser: Native class hierarchy updated for 'SceneOutliner' in 0.0002 seconds. Added 1 classes and 2 folders.
[2018.02.22-01.04.01:663][  0]LogSlate: Took 0.000153 seconds to synchronously load lazily loaded font '../../../Engine/Content/Slate/Fonts/Roboto-Regular.ttf' (155K)
[2018.02.22-01.04.01:665][  0]LogSlate: Took 0.000175 seconds to synchronously load lazily loaded font '../../../Engine/Content/Slate/Fonts/Roboto-Bold.ttf' (160K)
[2018.02.22-01.04.01:669][  0]LogSlate: Took 0.000159 seconds to synchronously load lazily loaded font '../../../Engine/Content/Editor/Slate/Fonts/FontAwesome.ttf' (139K)
[2018.02.22-01.04.01:752][  0]LogRenderer: Reallocating scene render targets to support 964x440 Format 26 NumSamples 1 (Frame:1).
[2018.02.22-01.04.02:100][  0]LogContentBrowser: Native class hierarchy updated for 'HierarchicalLODOutliner' in 0.0002 seconds. Added 1 classes and 2 folders.
[2018.02.22-01.04.02:100][  0]LogLoad: (Engine Initialization) Total time: 15.54 seconds
[2018.02.22-01.04.02:100][  0]LogLoad: (Engine Initialization) Total Blueprint compile time: 0.00 seconds
[2018.02.22-01.04.02:100][  0]LogExternalProfiler: No external profilers were discovered.  External profiling features will not be available.
[2018.02.22-01.04.02:137][  0]LogAssetRegistry: Asset discovery search completed in 9.7241 seconds
[2018.02.22-01.04.02:139][  0]LogCollectionManager: Rebuilt the object cache for 0 collections in 0.000001 seconds (found 0 objects)
[2018.02.22-01.04.02:139][  0]LogCollectionManager: Fixed up redirectors for 0 collections in 0.000044 seconds (updated 0 objects)
[2018.02.22-01.04.02:142][  0]LogContentStreaming: Texture pool size now 1000 MB
[2018.02.22-01.04.02:187][  0]LogSlate: Took 0.000164 seconds to synchronously load lazily loaded font '../../../Engine/Content/Slate/Fonts/Roboto-Light.ttf' (159K)
[2018.02.22-01.04.03:140][ 46]LogSlate: Took 0.000186 seconds to synchronously load lazily loaded font '../../../Engine/Content/Slate/Fonts/Roboto-Light.ttf' (159K)
[2018.02.22-01.04.11:558][260]LogSlate: Took 0.000150 seconds to synchronously load lazily loaded font '../../../Engine/Content/Slate/Fonts/Roboto-Light.ttf' (159K)
[2018.02.22-01.04.11:824][260]LogLinker: Warning: Can't find file '/Game/SushiShop/Assets/EntireSushiBar_Bar'
[2018.02.22-01.04.11:824][260]LogLinker: Warning: Can't find file for asset '/Game/SushiShop/Assets/EntireSushiBar_Bar' while loading ../../../../../../Users/darkm/Documents/GitHub/SushiShop/SushiShop/Content/SushiShop/Shop_Main.umap.
[2018.02.22-01.04.11:824][260]LoadErrors: Error: /Game/SushiShop/Shop_Main : Can't find file for asset. /Game/SushiShop/Assets/EntireSushiBar_Bar
[2018.02.22-01.04.11:824][260]LogLinker: Warning: Can't find file '/Game/SushiShop/Assets/EntireSushiBar_DoorHandle'
[2018.02.22-01.04.11:825][260]LogLinker: Warning: Can't find file for asset '/Game/SushiShop/Assets/EntireSushiBar_DoorHandle' while loading ../../../../../../Users/darkm/Documents/GitHub/SushiShop/SushiShop/Content/SushiShop/Shop_Main.umap.
[2018.02.22-01.04.11:825][260]LoadErrors: Error: /Game/SushiShop/Shop_Main : Can't find file for asset. /Game/SushiShop/Assets/EntireSushiBar_DoorHandle
[2018.02.22-01.04.11:825][260]LogLinker: Warning: Can't find file '/Game/SushiShop/Assets/EntireSushiBar_DoorHandle1'
[2018.02.22-01.04.11:825][260]LogLinker: Warning: Can't find file for asset '/Game/SushiShop/Assets/EntireSushiBar_DoorHandle1' while loading ../../../../../../Users/darkm/Documents/GitHub/SushiShop/SushiShop/Content/SushiShop/Shop_Main.umap.
[2018.02.22-01.04.11:825][260]LoadErrors: Error: /Game/SushiShop/Shop_Main : Can't find file for asset. /Game/SushiShop/Assets/EntireSushiBar_DoorHandle1
[2018.02.22-01.04.11:825][260]LogLinker: Warning: Can't find file '/Game/SushiShop/Assets/EntireSushiBar_DoorHandle2'
[2018.02.22-01.04.11:825][260]LogLinker: Warning: Can't find file for asset '/Game/SushiShop/Assets/EntireSushiBar_DoorHandle2' while loading ../../../../../../Users/darkm/Documents/GitHub/SushiShop/SushiShop/Content/SushiShop/Shop_Main.umap.
[2018.02.22-01.04.11:825][260]LoadErrors: Error: /Game/SushiShop/Shop_Main : Can't find file for asset. /Game/SushiShop/Assets/EntireSushiBar_DoorHandle2
[2018.02.22-01.04.11:825][260]LogLinker: Warning: Can't find file '/Game/SushiShop/Assets/EntireSushiBar_DoorHandle3'
[2018.02.22-01.04.11:825][260]LogLinker: Warning: Can't find file for asset '/Game/SushiShop/Assets/EntireSushiBar_DoorHandle3' while loading ../../../../../../Users/darkm/Documents/GitHub/SushiShop/SushiShop/Content/SushiShop/Shop_Main.umap.
[2018.02.22-01.04.11:825][260]LoadErrors: Error: /Game/SushiShop/Shop_Main : Can't find file for asset. /Game/SushiShop/Assets/EntireSushiBar_DoorHandle3
[2018.02.22-01.04.11:825][260]LogLinker: Warning: Can't find file '/Game/SushiShop/Assets/EntireSushiBar_DoorHandle4'
[2018.02.22-01.04.11:825][260]LogLinker: Warning: Can't find file for asset '/Game/SushiShop/Assets/EntireSushiBar_DoorHandle4' while loading ../../../../../../Users/darkm/Documents/GitHub/SushiShop/SushiShop/Content/SushiShop/Shop_Main.umap.
[2018.02.22-01.04.11:825][260]LoadErrors: Error: /Game/SushiShop/Shop_Main : Can't find file for asset. /Game/SushiShop/Assets/EntireSushiBar_DoorHandle4
[2018.02.22-01.04.11:825][260]LogLinker: Warning: Can't find file '/Game/SushiShop/Assets/EntireSushiBar_DoorHandle5'
[2018.02.22-01.04.11:826][260]LogLinker: Warning: Can't find file for asset '/Game/SushiShop/Assets/EntireSushiBar_DoorHandle5' while loading ../../../../../../Users/darkm/Documents/GitHub/SushiShop/SushiShop/Content/SushiShop/Shop_Main.umap.
[2018.02.22-01.04.11:826][260]LoadErrors: Error: /Game/SushiShop/Shop_Main : Can't find file for asset. /Game/SushiShop/Assets/EntireSushiBar_DoorHandle5
[2018.02.22-01.04.11:826][260]LogLinker: Warning: Can't find file '/Game/SushiShop/Assets/EntireSushiBar_GlassOuter'
[2018.02.22-01.04.11:826][260]LogLinker: Warning: Can't find file for asset '/Game/SushiShop/Assets/EntireSushiBar_GlassOuter' while loading ../../../../../../Users/darkm/Documents/GitHub/SushiShop/SushiShop/Content/SushiShop/Shop_Main.umap.
[2018.02.22-01.04.11:826][260]LoadErrors: Error: /Game/SushiShop/Shop_Main : Can't find file for asset. /Game/SushiShop/Assets/EntireSushiBar_GlassOuter
[2018.02.22-01.04.11:826][260]LogLinker: Warning: Can't find file '/Game/SushiShop/Assets/EntireSushiBar_polySurface10'
[2018.02.22-01.04.11:826][260]LogLinker: Warning: Can't find file for asset '/Game/SushiShop/Assets/EntireSushiBar_polySurface10' while loading ../../../../../../Users/darkm/Documents/GitHub/SushiShop/SushiShop/Content/SushiShop/Shop_Main.umap.
[2018.02.22-01.04.11:826][260]LoadErrors: Error: /Game/SushiShop/Shop_Main : Can't find file for asset. /Game/SushiShop/Assets/EntireSushiBar_polySurface10
[2018.02.22-01.04.11:826][260]LogLinker: Warning: Can't find file '/Game/SushiShop/Assets/EntireSushiBar_polySurface11'
[2018.02.22-01.04.11:826][260]LogLinker: Warning: Can't find file for asset '/Game/SushiShop/Assets/EntireSushiBar_polySurface11' while loading ../../../../../../Users/darkm/Documents/GitHub/SushiShop/SushiShop/Content/SushiShop/Shop_Main.umap.
[2018.02.22-01.04.11:826][260]LoadErrors: Error: /Game/SushiShop/Shop_Main : Can't find file for asset. /Game/SushiShop/Assets/EntireSushiBar_polySurface11
[2018.02.22-01.04.11:826][260]LogLinker: Warning: Can't find file '/Game/SushiShop/Assets/EntireSushiBar_polySurface12'
[2018.02.22-01.04.11:827][260]LogLinker: Warning: Can't find file for asset '/Game/SushiShop/Assets/EntireSushiBar_polySurface12' while loading ../../../../../../Users/darkm/Documents/GitHub/SushiShop/SushiShop/Content/SushiShop/Shop_Main.umap.
[2018.02.22-01.04.11:827][260]LoadErrors: Error: /Game/SushiShop/Shop_Main : Can't find file for asset. /Game/SushiShop/Assets/EntireSushiBar_polySurface12
[2018.02.22-01.04.11:827][260]LogLinker: Warning: Can't find file '/Game/SushiShop/Assets/EntireSushiBar_polySurface14'
[2018.02.22-01.04.11:827][260]LogLinker: Warning: Can't find file for asset '/Game/SushiShop/Assets/EntireSushiBar_polySurface14' while loading ../../../../../../Users/darkm/Documents/GitHub/SushiShop/SushiShop/Content/SushiShop/Shop_Main.umap.
[2018.02.22-01.04.11:827][260]LoadErrors: Error: /Game/SushiShop/Shop_Main : Can't find file for asset. /Game/SushiShop/Assets/EntireSushiBar_polySurface14
[2018.02.22-01.04.11:827][260]LogLinker: Warning: Can't find file '/Game/SushiShop/Assets/EntireSushiBar_polySurface15'
[2018.02.22-01.04.11:827][260]LogLinker: Warning: Can't find file for asset '/Game/SushiShop/Assets/EntireSushiBar_polySurface15' while loading ../../../../../../Users/darkm/Documents/GitHub/SushiShop/SushiShop/Content/SushiShop/Shop_Main.umap.
[2018.02.22-01.04.11:827][260]LoadErrors: Error: /Game/SushiShop/Shop_Main : Can't find file for asset. /Game/SushiShop/Assets/EntireSushiBar_polySurface15
[2018.02.22-01.04.11:827][260]LogLinker: Warning: Can't find file '/Game/SushiShop/Assets/EntireSushiBar_polySurface17'
[2018.02.22-01.04.11:827][260]LogLinker: Warning: Can't find file for asset '/Game/SushiShop/Assets/EntireSushiBar_polySurface17' while loading ../../../../../../Users/darkm/Documents/GitHub/SushiShop/SushiShop/Content/SushiShop/Shop_Main.umap.
[2018.02.22-01.04.11:827][260]LoadErrors: Error: /Game/SushiShop/Shop_Main : Can't find file for asset. /Game/SushiShop/Assets/EntireSushiBar_polySurface17
[2018.02.22-01.04.11:827][260]LogLinker: Warning: Can't find file '/Game/SushiShop/Assets/EntireSushiBar_Refrigerator'
[2018.02.22-01.04.11:827][260]LogLinker: Warning: Can't find file for asset '/Game/SushiShop/Assets/EntireSushiBar_Refrigerator' while loading ../../../../../../Users/darkm/Documents/GitHub/SushiShop/SushiShop/Content/SushiShop/Shop_Main.umap.
[2018.02.22-01.04.11:828][260]LoadErrors: Error: /Game/SushiShop/Shop_Main : Can't find file for asset. /Game/SushiShop/Assets/EntireSushiBar_Refrigerator
[2018.02.22-01.04.11:837][260]LogLinker: Warning: Can't find file '/Game/SushiShop/Assets/EntireSushiBar_Bar'
[2018.02.22-01.04.11:837][260]LogLinker: Warning: Can't find file for asset '/Game/SushiShop/Assets/EntireSushiBar_Bar' while loading ../../../../../../Users/darkm/Documents/GitHub/SushiShop/SushiShop/Content/SushiShop/Shop_Main.umap.
[2018.02.22-01.04.11:837][260]LogLinker: Warning: Can't find file '/Game/SushiShop/Assets/EntireSushiBar_DoorHandle'
[2018.02.22-01.04.11:837][260]LogLinker: Warning: Can't find file for asset '/Game/SushiShop/Assets/EntireSushiBar_DoorHandle' while loading ../../../../../../Users/darkm/Documents/GitHub/SushiShop/SushiShop/Content/SushiShop/Shop_Main.umap.
[2018.02.22-01.04.11:837][260]LogLinker: Warning: Can't find file '/Game/SushiShop/Assets/EntireSushiBar_DoorHandle1'
[2018.02.22-01.04.11:838][260]LogLinker: Warning: Can't find file for asset '/Game/SushiShop/Assets/EntireSushiBar_DoorHandle1' while loading ../../../../../../Users/darkm/Documents/GitHub/SushiShop/SushiShop/Content/SushiShop/Shop_Main.umap.
[2018.02.22-01.04.11:838][260]LogLinker: Warning: Can't find file '/Game/SushiShop/Assets/EntireSushiBar_DoorHandle2'
[2018.02.22-01.04.11:838][260]LogLinker: Warning: Can't find file for asset '/Game/SushiShop/Assets/EntireSushiBar_DoorHandle2' while loading ../../../../../../Users/darkm/Documents/GitHub/SushiShop/SushiShop/Content/SushiShop/Shop_Main.umap.
[2018.02.22-01.04.11:838][260]LogLinker: Warning: Can't find file '/Game/SushiShop/Assets/EntireSushiBar_DoorHandle3'
[2018.02.22-01.04.11:838][260]LogLinker: Warning: Can't find file for asset '/Game/SushiShop/Assets/EntireSushiBar_DoorHandle3' while loading ../../../../../../Users/darkm/Documents/GitHub/SushiShop/SushiShop/Content/SushiShop/Shop_Main.umap.
[2018.02.22-01.04.11:838][260]LogLinker: Warning: Can't find file '/Game/SushiShop/Assets/EntireSushiBar_DoorHandle4'
[2018.02.22-01.04.11:838][260]LogLinker: Warning: Can't find file for asset '/Game/SushiShop/Assets/EntireSushiBar_DoorHandle4' while loading ../../../../../../Users/darkm/Documents/GitHub/SushiShop/SushiShop/Content/SushiShop/Shop_Main.umap.
[2018.02.22-01.04.11:838][260]LogLinker: Warning: Can't find file '/Game/SushiShop/Assets/EntireSushiBar_DoorHandle5'
[2018.02.22-01.04.11:838][260]LogLinker: Warning: Can't find file for asset '/Game/SushiShop/Assets/EntireSushiBar_DoorHandle5' while loading ../../../../../../Users/darkm/Documents/GitHub/SushiShop/SushiShop/Content/SushiShop/Shop_Main.umap.
[2018.02.22-01.04.11:838][260]LogLinker: Warning: Can't find file '/Game/SushiShop/Assets/EntireSushiBar_GlassOuter'
[2018.02.22-01.04.11:838][260]LogLinker: Warning: Can't find file for asset '/Game/SushiShop/Assets/EntireSushiBar_GlassOuter' while loading ../../../../../../Users/darkm/Documents/GitHub/SushiShop/SushiShop/Content/SushiShop/Shop_Main.umap.
[2018.02.22-01.04.11:839][260]LogLinker: Warning: Can't find file '/Game/SushiShop/Assets/EntireSushiBar_polySurface10'
[2018.02.22-01.04.11:839][260]LogLinker: Warning: Can't find file for asset '/Game/SushiShop/Assets/EntireSushiBar_polySurface10' while loading ../../../../../../Users/darkm/Documents/GitHub/SushiShop/SushiShop/Content/SushiShop/Shop_Main.umap.
[2018.02.22-01.04.11:839][260]LogLinker: Warning: Can't find file '/Game/SushiShop/Assets/EntireSushiBar_polySurface11'
[2018.02.22-01.04.11:839][260]LogLinker: Warning: Can't find file for asset '/Game/SushiShop/Assets/EntireSushiBar_polySurface11' while loading ../../../../../../Users/darkm/Documents/GitHub/SushiShop/SushiShop/Content/SushiShop/Shop_Main.umap.
[2018.02.22-01.04.11:839][260]LogLinker: Warning: Can't find file '/Game/SushiShop/Assets/EntireSushiBar_polySurface12'
[2018.02.22-01.04.11:839][260]LogLinker: Warning: Can't find file for asset '/Game/SushiShop/Assets/EntireSushiBar_polySurface12' while loading ../../../../../../Users/darkm/Documents/GitHub/SushiShop/SushiShop/Content/SushiShop/Shop_Main.umap.
[2018.02.22-01.04.11:839][260]LogLinker: Warning: Can't find file '/Game/SushiShop/Assets/EntireSushiBar_polySurface14'
[2018.02.22-01.04.11:839][260]LogLinker: Warning: Can't find file for asset '/Game/SushiShop/Assets/EntireSushiBar_polySurface14' while loading ../../../../../../Users/darkm/Documents/GitHub/SushiShop/SushiShop/Content/SushiShop/Shop_Main.umap.
[2018.02.22-01.04.11:839][260]LogLinker: Warning: Can't find file '/Game/SushiShop/Assets/EntireSushiBar_polySurface15'
[2018.02.22-01.04.11:839][260]LogLinker: Warning: Can't find file for asset '/Game/SushiShop/Assets/EntireSushiBar_polySurface15' while loading ../../../../../../Users/darkm/Documents/GitHub/SushiShop/SushiShop/Content/SushiShop/Shop_Main.umap.
[2018.02.22-01.04.11:840][260]LogLinker: Warning: Can't find file '/Game/SushiShop/Assets/EntireSushiBar_polySurface17'
[2018.02.22-01.04.11:840][260]LogLinker: Warning: Can't find file for asset '/Game/SushiShop/Assets/EntireSushiBar_polySurface17' while loading ../../../../../../Users/darkm/Documents/GitHub/SushiShop/SushiShop/Content/SushiShop/Shop_Main.umap.
[2018.02.22-01.04.11:840][260]LogLinker: Warning: Can't find file '/Game/SushiShop/Assets/EntireSushiBar_Refrigerator'
[2018.02.22-01.04.11:840][260]LogLinker: Warning: Can't find file for asset '/Game/SushiShop/Assets/EntireSushiBar_Refrigerator' while loading ../../../../../../Users/darkm/Documents/GitHub/SushiShop/SushiShop/Content/SushiShop/Shop_Main.umap.
[2018.02.22-01.04.11:848][260]LogLinker: Warning: Can't find file '/Game/SushiShop/Assets/EntireSushiBar_Bar'
[2018.02.22-01.04.11:848][260]LoadErrors: Failed to load /Game/SushiShop/Assets/EntireSushiBar_Bar.EntireSushiBar_Bar Referenced by EntireSushiBar_Bar_58
[2018.02.22-01.04.11:848][260]LogLinker: Warning: Can't find file for asset '/Game/SushiShop/Assets/EntireSushiBar_Bar' while loading NULL.
[2018.02.22-01.04.11:848][260]LogLinker: Warning: Can't find file '/Game/SushiShop/Assets/EntireSushiBar_DoorHandle1'
[2018.02.22-01.04.11:848][260]LoadErrors: Failed to load /Game/SushiShop/Assets/EntireSushiBar_DoorHandle1.EntireSushiBar_DoorHandle1 Referenced by EntireSushiBar_DoorHandle1_62
[2018.02.22-01.04.11:848][260]LogLinker: Warning: Can't find file for asset '/Game/SushiShop/Assets/EntireSushiBar_DoorHandle1' while loading NULL.
[2018.02.22-01.04.11:848][260]LogLinker: Warning: Can't find file '/Game/SushiShop/Assets/EntireSushiBar_DoorHandle2'
[2018.02.22-01.04.11:848][260]LoadErrors: Failed to load /Game/SushiShop/Assets/EntireSushiBar_DoorHandle2.EntireSushiBar_DoorHandle2 Referenced by EntireSushiBar_DoorHandle2_64
[2018.02.22-01.04.11:848][260]LogLinker: Warning: Can't find file for asset '/Game/SushiShop/Assets/EntireSushiBar_DoorHandle2' while loading NULL.
[2018.02.22-01.04.11:848][260]LogLinker: Warning: Can't find file '/Game/SushiShop/Assets/EntireSushiBar_DoorHandle3'
[2018.02.22-01.04.11:848][260]LoadErrors: Failed to load /Game/SushiShop/Assets/EntireSushiBar_DoorHandle3.EntireSushiBar_DoorHandle3 Referenced by EntireSushiBar_DoorHandle3_66
[2018.02.22-01.04.11:849][260]LogLinker: Warning: Can't find file for asset '/Game/SushiShop/Assets/EntireSushiBar_DoorHandle3' while loading NULL.
[2018.02.22-01.04.11:849][260]LogLinker: Warning: Can't find file '/Game/SushiShop/Assets/EntireSushiBar_DoorHandle4'
[2018.02.22-01.04.11:849][260]LoadErrors: Failed to load /Game/SushiShop/Assets/EntireSushiBar_DoorHandle4.EntireSushiBar_DoorHandle4 Referenced by EntireSushiBar_DoorHandle4_68
[2018.02.22-01.04.11:849][260]LogLinker: Warning: Can't find file for asset '/Game/SushiShop/Assets/EntireSushiBar_DoorHandle4' while loading NULL.
[2018.02.22-01.04.11:849][260]LogLinker: Warning: Can't find file '/Game/SushiShop/Assets/EntireSushiBar_DoorHandle5'
[2018.02.22-01.04.11:849][260]LoadErrors: Failed to load /Game/SushiShop/Assets/EntireSushiBar_DoorHandle5.EntireSushiBar_DoorHandle5 Referenced by EntireSushiBar_DoorHandle5_70
[2018.02.22-01.04.11:849][260]LogLinker: Warning: Can't find file for asset '/Game/SushiShop/Assets/EntireSushiBar_DoorHandle5' while loading NULL.
[2018.02.22-01.04.11:849][260]LogLinker: Warning: Can't find file '/Game/SushiShop/Assets/EntireSushiBar_DoorHandle'
[2018.02.22-01.04.11:849][260]LoadErrors: Failed to load /Game/SushiShop/Assets/EntireSushiBar_DoorHandle.EntireSushiBar_DoorHandle Referenced by EntireSushiBar_DoorHandle_60
[2018.02.22-01.04.11:849][260]LogLinker: Warning: Can't find file for asset '/Game/SushiShop/Assets/EntireSushiBar_DoorHandle' while loading NULL.
[2018.02.22-01.04.11:850][260]LogLinker: Warning: Can't find file '/Game/SushiShop/Assets/EntireSushiBar_GlassOuter'
[2018.02.22-01.04.11:850][260]LoadErrors: Failed to load /Game/SushiShop/Assets/EntireSushiBar_GlassOuter.EntireSushiBar_GlassOuter Referenced by EntireSushiBar_GlassOuter_72
[2018.02.22-01.04.11:850][260]LogLinker: Warning: Can't find file for asset '/Game/SushiShop/Assets/EntireSushiBar_GlassOuter' while loading NULL.
[2018.02.22-01.04.11:850][260]LogLinker: Warning: Can't find file '/Game/SushiShop/Assets/EntireSushiBar_polySurface10'
[2018.02.22-01.04.11:850][260]LoadErrors: Failed to load /Game/SushiShop/Assets/EntireSushiBar_polySurface10.EntireSushiBar_polySurface10 Referenced by EntireSushiBar_polySurface10_74
[2018.02.22-01.04.11:850][260]LogLinker: Warning: Can't find file for asset '/Game/SushiShop/Assets/EntireSushiBar_polySurface10' while loading NULL.
[2018.02.22-01.04.11:850][260]LogLinker: Warning: Can't find file '/Game/SushiShop/Assets/EntireSushiBar_polySurface11'
[2018.02.22-01.04.11:850][260]LoadErrors: Failed to load /Game/SushiShop/Assets/EntireSushiBar_polySurface11.EntireSushiBar_polySurface11 Referenced by EntireSushiBar_polySurface11_76
[2018.02.22-01.04.11:850][260]LogLinker: Warning: Can't find file for asset '/Game/SushiShop/Assets/EntireSushiBar_polySurface11' while loading NULL.
[2018.02.22-01.04.11:850][260]LogLinker: Warning: Can't find file '/Game/SushiShop/Assets/EntireSushiBar_polySurface12'
[2018.02.22-01.04.11:851][260]LoadErrors: Failed to load /Game/SushiShop/Assets/EntireSushiBar_polySurface12.EntireSushiBar_polySurface12 Referenced by EntireSushiBar_polySurface12_78
[2018.02.22-01.04.11:851][260]LogLinker: Warning: Can't find file for asset '/Game/SushiShop/Assets/EntireSushiBar_polySurface12' while loading NULL.
[2018.02.22-01.04.11:851][260]LogLinker: Warning: Can't find file '/Game/SushiShop/Assets/EntireSushiBar_polySurface14'
[2018.02.22-01.04.11:851][260]LoadErrors: Failed to load /Game/SushiShop/Assets/EntireSushiBar_polySurface14.EntireSushiBar_polySurface14 Referenced by EntireSushiBar_polySurface14_80
[2018.02.22-01.04.11:851][260]LogLinker: Warning: Can't find file for asset '/Game/SushiShop/Assets/EntireSushiBar_polySurface14' while loading NULL.
[2018.02.22-01.04.11:851][260]LogLinker: Warning: Can't find file '/Game/SushiShop/Assets/EntireSushiBar_polySurface15'
[2018.02.22-01.04.11:851][260]LoadErrors: Failed to load /Game/SushiShop/Assets/EntireSushiBar_polySurface15.EntireSushiBar_polySurface15 Referenced by EntireSushiBar_polySurface15_82
[2018.02.22-01.04.11:851][260]LogLinker: Warning: Can't find file for asset '/Game/SushiShop/Assets/EntireSushiBar_polySurface15' while loading NULL.
[2018.02.22-01.04.11:851][260]LogLinker: Warning: Can't find file '/Game/SushiShop/Assets/EntireSushiBar_polySurface17'
[2018.02.22-01.04.11:852][260]LoadErrors: Failed to load /Game/SushiShop/Assets/EntireSushiBar_polySurface17.EntireSushiBar_polySurface17 Referenced by EntireSushiBar_polySurface17_84
[2018.02.22-01.04.11:852][260]LogLinker: Warning: Can't find file for asset '/Game/SushiShop/Assets/EntireSushiBar_polySurface17' while loading NULL.
[2018.02.22-01.04.11:852][260]LogLinker: Warning: Can't find file '/Game/SushiShop/Assets/EntireSushiBar_Refrigerator'
[2018.02.22-01.04.11:852][260]LoadErrors: Failed to load /Game/SushiShop/Assets/EntireSushiBar_Refrigerator.EntireSushiBar_Refrigerator Referenced by EntireSushiBar_Refrigerator_86
[2018.02.22-01.04.11:852][260]LogLinker: Warning: Can't find file for asset '/Game/SushiShop/Assets/EntireSushiBar_Refrigerator' while loading NULL.
[2018.02.22-01.04.11:874][260]LogTexture: Display: Building textures: HQ_Lightmap0_2 (AutoDXT, 64X64)
[2018.02.22-01.04.11:874][260]LogTexture: Display: Building textures: LQ_Lightmap_0_2 (DXT1, 64X64)
[2018.02.22-01.04.11:874][260]LogTexture: Display: Building textures: SkyOcclusion0_2 (AutoDXT, 64X32)
[2018.02.22-01.04.11:874][260]LogTexture: Display: Building textures: SkyOcclusion0_1 (AutoDXT, 512X256)
[2018.02.22-01.04.11:874][260]LogTexture: Display: Building textures: LQ_Lightmap_0_1 (DXT1, 512X512)
[2018.02.22-01.04.11:874][260]LogTexture: Display: Building textures: HQ_Lightmap0_1 (AutoDXT, 512X512)
[2018.02.22-01.04.12:165][260]LogAIModule: Creating AISystem for world Shop_Main
[2018.02.22-01.04.12:209][260]Cmd: MAP LOAD FILE="../../../../../../Users/darkm/Documents/GitHub/SushiShop/SushiShop/Content/SushiShop/Shop_Main.umap" TEMPLATE=0 SHOWPROGRESS=1 FEATURELEVEL=3
[2018.02.22-01.04.12:209][260]LightingResults: New page: Lighting Build
[2018.02.22-01.04.12:209][260]LoadErrors: New page: Loading map: Shop_Main.umap
[2018.02.22-01.04.12:210][260]MapCheck: New page: Map Check
[2018.02.22-01.04.12:210][260]LightingResults: New page: Lighting Build
[2018.02.22-01.04.12:231][260]LogEditorServer: Finished looking for orphan Actors (0.000 secs)
[2018.02.22-01.04.12:285][260]Cmd: MAP CHECKDEP NOCLEARLOG
[2018.02.22-01.04.12:340][260]MapCheck: Map check complete: 0 Error(s), 0 Warning(s), took 55.718ms to complete.
[2018.02.22-01.04.12:340][260]LogFileHelpers: Loading map 'Shop_Main' took 0.133
[2018.02.22-01.04.17:042][510]LogEditorViewport: Clicking on Actor (LMB): StaticMeshActor (Water2)
[2018.02.22-01.04.17:389][513]Cmd: CAMERA ALIGN ACTIVEVIEWPORTONLY
[2018.02.22-01.04.18:404][556]LogContentBrowser: Native class hierarchy updated for 'MaterialEditor' in 0.0003 seconds. Added 1 classes and 0 folders.
[2018.02.22-01.04.18:407][556]LogMaterial: Missing cached shader map for material bamboo_light_Mat, compiling. 
[2018.02.22-01.04.18:884][556]LogMaterial: Missing cached shader map for material bamboo_light_Mat, compiling. 
[2018.02.22-01.04.18:904][556]LogMaterial: Missing cached shader map for material bamboo_light_Mat, compiling. 
[2018.02.22-01.04.18:957][556]LogMaterial: Missing cached shader map for material FMatExpressionPreview MaterialExpressionTextureSample_0, compiling. 
[2018.02.22-01.04.18:979][556]LogSlate: Took 0.000199 seconds to synchronously load lazily loaded font '../../../Engine/Content/Editor/Slate/Fonts/Roboto-BoldCondensed.ttf' (158K)
[2018.02.22-01.04.25:562][826]MaterialEditorStats: Base pass shader: 610 instructions
[2018.02.22-01.04.25:562][826]MaterialEditorStats: Base pass shader with Surface Lightmap: 624 instructions
[2018.02.22-01.04.25:562][826]MaterialEditorStats: Base pass shader with Volumetric Lightmap: 679 instructions
[2018.02.22-01.04.25:563][826]MaterialEditorStats: Vertex shader: 206 instructions
[2018.02.22-01.04.25:563][826]MaterialEditorStats: Texture samplers: 7/16
[2018.02.22-01.04.25:563][826]MaterialEditorStats: User interpolators: 2/4 Scalars (1/4 Vectors) (TexCoords: 2, Custom: 0)
[2018.02.22-01.04.32:832][238]Cmd: CAMERA ALIGN ACTIVEVIEWPORTONLY
[2018.02.22-01.05.10:111][708]LogD3D11RHI: Error: Result failed 
 at D:\Build\++UE4+Release-4.18+Compile\Sync\Engine\Source\Runtime\Windows\D3D11RHI\Private\D3D11Viewport.cpp:289 
 with error DXGI_ERROR_DEVICE_REMOVED DXGI_ERROR_DEVICE_HUNG
[2018.02.22-01.05.10:111][708]LogWindows: Windows GetLastError: The operation completed successfully. (0)
[2018.02.22-01.05.10:807][708]LogWindows: Windows GetLastError: The operation completed successfully. (0)
[2018.02.22-01.05.10:807][708]LogWindows: Error: === Critical error: ===
[2018.02.22-01.05.10:807][708]LogWindows: Error: 
[2018.02.22-01.05.10:807][708]LogWindows: Error: Fatal error: [File:D:\Build\++UE4+Release-4.18+Compile\Sync\Engine\Source\Runtime\RenderCore\Private\RenderingThread.cpp] [Line: 813] 
[2018.02.22-01.05.10:807][708]LogWindows: Error: Rendering thread exception:
[2018.02.22-01.05.10:807][708]LogWindows: Error: Fatal error: [File:D:\Build\++UE4+Release-4.18+Compile\Sync\Engine\Source\Runtime\Windows\D3D11RHI\Private\D3D11Util.cpp] [Line: 182] 
[2018.02.22-01.05.10:807][708]LogWindows: Error: Unreal Engine is exiting due to D3D device being lost. (Error: 0x887A0006 - 'HUNG')
[2018.02.22-01.05.10:807][708]LogWindows: Error: 
[2018.02.22-01.05.10:807][708]LogWindows: Error: 
[2018.02.22-01.05.10:807][708]LogWindows: Error: [Callstack] 0x00000000DA5B4008 KERNELBASE.dll!UnknownFunction []
[2018.02.22-01.05.10:807][708]LogWindows: Error: [Callstack] 0x00000000C21376D4 UE4Editor-ApplicationCore.dll!UnknownFunction []
[2018.02.22-01.05.10:807][708]LogWindows: Error: [Callstack] 0x000000009878330B UE4Editor-Core.dll!UnknownFunction []
[2018.02.22-01.05.10:807][708]LogWindows: Error: [Callstack] 0x00000000987147F9 UE4Editor-Core.dll!UnknownFunction []
[2018.02.22-01.05.10:807][708]LogWindows: Error: [Callstack] 0x0000000078E279FF UE4Editor-D3D11RHI.dll!UnknownFunction []
[2018.02.22-01.05.10:807][708]LogWindows: Error: [Callstack] 0x0000000078E2BBC0 UE4Editor-D3D11RHI.dll!UnknownFunction []
[2018.02.22-01.05.10:807][708]LogWindows: Error: [Callstack] 0x0000000078E0B3FA UE4Editor-D3D11RHI.dll!UnknownFunction []
[2018.02.22-01.05.10:807][708]LogWindows: Error: [Callstack] 0x0000000078E0B35E UE4Editor-D3D11RHI.dll!UnknownFunction []
[2018.02.22-01.05.10:807][708]LogWindows: Error: [Callstack] 0x0000000078E183E8 UE4Editor-D3D11RHI.dll!UnknownFunction []
[2018.02.22-01.05.10:807][708]LogWindows: Error: [Callstack] 0x00000000BD52E4F7 UE4Editor-RHI.dll!UnknownFunction []
[2018.02.22-01.05.10:807][708]LogWindows: Error: [Callstack] 0x0000000078990B45 UE4Editor-SlateRHIRenderer.dll!UnknownFunction []
[2018.02.22-01.05.10:807][708]LogWindows: Error: [Callstack] 0x00000000789960A9 UE4Editor-SlateRHIRenderer.dll!UnknownFunction []
[2018.02.22-01.05.10:807][708]LogWindows: Error: [Callstack] 0x00000000985E4845 UE4Editor-Core.dll!UnknownFunction []
[2018.02.22-01.05.10:807][708]LogWindows: Error: [Callstack] 0x00000000985E4E2A UE4Editor-Core.dll!UnknownFunction []
[2018.02.22-01.05.10:807][708]LogWindows: Error: [Callstack] 0x00000000C2F322C4 UE4Editor-RenderCore.dll!UnknownFunction []
[2018.02.22-01.05.10:807][708]LogWindows: Error: [Callstack] 0x00000000C2F332F6 UE4Editor-RenderCore.dll!UnknownFunction []
[2018.02.22-01.05.10:807][708]LogWindows: Error: [Callstack] 0x000000009898092C UE4Editor-Core.dll!UnknownFunction []
[2018.02.22-01.05.10:807][708]LogWindows: Error: [Callstack] 0x0000000098972563 UE4Editor-Core.dll!UnknownFunction []
[2018.02.22-01.05.10:807][708]LogWindows: Error: [Callstack] 0x00000000DD6E1FE4 KERNEL32.DLL!UnknownFunction []
[2018.02.22-01.05.10:807][708]LogWindows: Error: [Callstack] 0x00000000DD93EFC1 ntdll.dll!UnknownFunction []
[2018.02.22-01.05.10:807][708]LogWindows: Error: [Callstack] 0x00000000DD93EFC1 ntdll.dll!UnknownFunction []
[2018.02.22-01.05.10:807][708]LogWindows: Error: 
[2018.02.22-01.05.10:807][708]LogWindows: Error: 
[2018.02.22-01.05.10:807][708]LogWindows: Error: 
[2018.02.22-01.05.10:807][708]LogWindows: Error: 
[2018.02.22-01.05.10:816][708]LogExit: Executing StaticShutdownAfterError
[2018.02.22-01.05.10:818][708]LogWindows: FPlatformMisc::RequestExit(1)
[2018.02.22-01.05.10:818][708]Log file closed, 02/21/18 17:05:10
